0.3951227832668963
0.10997441671870886
0.13358986383327504
0.14042577344729715
0.1509286161948539
0.49016078888338543	0.14145526978877265	148.09536161319082
0.1024039813799706
0.31797573765342896	0.15866286030804233	143.35036375553315
0.15821245651733443
0.13109369108219468
0.42570708694719306	0.16452934616209197	142.72350089017786
0.31174930252488736	0.12904810246616233	151.70187795570143
0.15708853968729586
0.1454091116742695
0.21142753109687537
0.29348002343485957	0.12026784366518647	143.2996088924132
0.34011789817249205	0.12198727352149238	144.8713579634332
1.0646020732555095	0.09185055336951309	132.74468392329996
1.6315182404906694	0.1436680470394842	134.2133120547194
1.4816101964274877	0.1277136813560093	134.52378881530538
1.2053790318009792	0.1201772950057683	132.84432681443124
1.5366589319486235	0.1549734343345257	136.3539848189983
0.5461036222127453	0.1486709478593693	123.49232969481893
0.423869744210184	0.14337831323319175	125.71583670790626
2.8388817304818974	0.09537671734667118	138.3563084402504
0.1384500159613354
0.3013332051620055	0.10656385610707622	120.73871987112882
4.354551962970275	0.2520986708686686	0.13396401149707723	0.15732207877952237	147.58632981695553	121.66886506368405	98.18899075125336
1.6895974122861452	0.1398846769761345	140.93655957149474
0.5884224602614269	1.5995339693132293	0.1275755834441048	150.0658689096647	135.54642666844725
0.8845867348454585	0.3344574490983387	0.1306624289135336	140.3561525050194	117.50663337257555
1.4516583942622239	0.1868722569831426	139.75591667583282
5.276486545633473	0.11155078951618012	135.36508246157322
1.9327471619565162	0.1313759173205853	138.58362358884278
2.6645629698817097	0.13161213581195574	140.8837237262665
4.328314471278436	0.18309810424939937	141.04046994515346
3.6446227748086413	0.09109500825239303	135.49988800751453
3.4490473943445568	0.11197248394556826	135.1889988118644
0.7206420553762947	0.1264562378146428	133.88213549330894
1.76934940131202	0.3652622680127775	0.07970671867491604	133.4081718413138	123.62805795601845
1.5500526979260785	0.09825598332422283	131.6454659503942
0.7853298755974825	0.18713116881525535	131.56195361827014
1.6269318763416316	0.17072059690553362	0.14079719889903616	132.1479012404757	118.09052657004473
3.7253474637734594	0.12821949049819967	136.21472173296146
3.894557634260337	0.16043425435351172	136.99972306470482
1.1117493136347552	0.10025032451025508	139.0696462416665
2.4769675599823797	0.21749362840009948	0.07913909583676645	0.16562338615815336	137.64942347380557	120.81959889797129	67.1589565571487
1.4462270735302278	0.15313953851047332	134.48544233226778
0.5683090260287162	0.11551130945325964	132.3128550636905
1.4108382143162188	0.18509665006296258	132.61930792357646
1.338183751439202	0.1121201539602835	134.06545334161206
0.8203234624860195	0.13293090351934383	132.04518721787946
0.7363571546216071	0.10228572937464514	133.03894871610157
1.0133569110903258	0.13956112715592586	141.57238534574876
1.2227289765144762	0.11625282805056596	143.47931739934617
1.9111084963332539	0.1350560375506155	138.53119915058588
1.7169691794734065	2.3330703619138276	0.10985892832826097	149.55477371456254	139.06103053618617
2.1867433616640826	0.14218157513720472	146.64550159762626
0.7317946620752328	0.1655669727436234	133.47474725052632
1.2148108335465757	0.14204900570929874	141.47793829712373
2.012925507971912	0.18454090920591634	142.1285736531999
0.11102952614681619	0.12210156779281803	135.63194778183174
0.17877836675990824
0.36157144443187694	0.08066038259835523	0.09073395400494891	122.59431674632573	86.71423739847036
0.1603521254169567
0.6591335090453188	0.13452802906225578	138.40454770838227
0.1626147539271835
0.1460206322462054
0.10850307195157897
0.11814767313938099
0.1864535235017593
0.5453960522140531	0.15061275926697024	139.07146383368453
1.6055754247085487	0.12279995061046574	141.9826440307436
1.7156260173668956	0.10326019161575331	144.98703214629384
0.2820686062745965	0.03045055534419559	0.08835835708259217	123.07765214339267	86.33927944734322
0.1079543179581267
0.2780944846970779	0.15720439580229645	130.71354735974626
0.5733142530344651	0.16963641612752542	126.42719302878578
0.1932333473989316	0.28495575814944435	146.3080295286703
0.14353959497022317
0.16317782280527834
0.19295274105338767
0.14031323548376945
0.1433222155201997
0.40850527727495584	0.011365861452134344	0.07725048918864401	121.80423898030206	105.52978980192688
0.3713495878877062	0.009286246736629955	0.10808825590483839	122.34900975010814	104.07267113064547
0.4234037402514424	0.018488179156897464	0.17073718620595035	122.32702308596944	99.10750563630693
3.265227456154507	0.20338241490768677	0.19276890075106393	151.83176244786344	107.78570168257654
1.2350130706658984	0.13887090233167218	145.76658546234893
3.5931480750092715	0.11896630011971959	141.83501730586946
2.1874480853447795	0.07464877358900518	0.12756686965562042	138.59016676298654	129.8962510774673
2.3154868233718777	0.1392200694944103	140.69539372465292
0.6344514094703539	0.07578859753397012	130.65145382847956
0.3859865130804689	0.11676389128016974	127.13415862502386
0.13688993981387346
0.45493774592990827	0.46004931590081355	0.09385238167074184	138.75563560811364	123.07924497237616
1.0715521080948114	0.10957319071082393	133.85895451154565
2.22885164779502	0.13625743168955326	132.97997835714665
2.7725485480515375	0.10199439515105693	133.54728366999893
2.095641677296401	0.13415515985684712	134.24874141056182
4.752304340249074	2.3661618082369174	0.09576797091368335	142.7309624555516	133.86354148373044
3.0679785014446854	0.09724929622053634	134.4766510654051
4.08668837360733	0.11632006366620526	134.14466477969964
1.5045673824640886	0.34167589937033915	0.0953057761539873	132.70060865763426	122.97447530941356
2.635363437108067	0.1710525492084831	134.91131200596257
3.7419661945288305	0.11619160374027578	134.53583684729173
0.580115616977163	0.09372065876365639	134.32878252926926
3.878070531384505	0.1672126879596208	134.62797178350738
2.8313848837806472	0.10481587222873627	134.26791351388403
2.1689658488052284	0.15289888123490145	134.46678613427594
1.260987326506127	0.13451822876550693	132.83877676968171
2.679889382101555	0.3779280506532219	0.07657690422204529	136.0741351225616	131.38477206728592
2.535505614749665	0.14772035887284313	134.90292978013724
1.5474828437569574	0.15774535644270926	133.37048906311125
1.7375400296019885	0.14774172572356428	134.16833214448164
1.9214502579326318	0.12440964655121894	136.6830089741949
2.2685386807970245	0.12667369243389717	134.3870656645473
0.5439171116372673	1.771121778789588	0.11271963734501216	139.68611750723855	134.020719724391
2.040844376797213	0.16768288549647953	131.9257018614498
2.323237964412004	0.13632080559737758	133.7980463047798
1.35990906605324	0.1158590313996392	134.7848525166987
3.0823985222977006	0.1301436348859969	134.22558342557113
0.9888757094753139	0.13107179101261487	133.69541659352143
2.0192619863576273	0.1380594593035473	134.52408462270458
1.8122576577689504	0.15481734999787006	134.63407339516488
1.0065099447826564	0.11932446163131503	135.41789842333586
0.4290718656789283	0.09088375835847871	120.4179149077996
1.9200661960540326	0.11067971267945372	143.27778677969053
0.15277403652024507
0.5291538530443947	0.08703943377087159	122.89526389996757
2.5069059841129775	0.13500835204935693	133.27816474024604
0.40152035618984255	0.07857958454522536	122.33237193287422
1.5860268753635378	0.17692502012020028	146.59924359581726
2.145049390493139	0.1210883232388357	141.08088333312057
0.42973268117221136	0.08220490297251061	119.54927240103609
0.14840908616769233
0.29379183394228675	0.11385303349422365	122.50078183159005
2.295748431155667	0.1790058296350378	140.98764745718745
1.4614836476371715	0.11220204774920296	133.85423494857991
0.9539248464265258	0.14580842679341938	136.69075127877463
2.2347768593994757	0.12157926435369286	142.86150141029745
2.8838896469037105	0.10922898611374576	141.38011681682897
1.9054097418091527	0.3460379828481704	0.0970486281612337	135.30724925910965	118.57139148011777
1.187190572912662	0.175966132968418	137.7205240318475
1.1184747174898135	0.25221852076651313	0.1464411351087379	146.37107598505003	138.17840265176773
2.0655850865184147	0.13183136827867833	139.14057289760572
1.170702267325302	0.14078684718276444	134.05396522574043
1.826116160733873	0.09883151636714194	134.31045994631754
5.6021627974486705	0.11139536934774603	135.73478636343717
1.158033707455418	0.1724516018625915	134.66043616830888
0.6000188777392496	0.1192270180655777	134.18681658590293
0.16857039690914502
2.599627419397292	0.2086195762745089	136.52651737351658
0.5027994210661801	0.09405461705631363	121.51180291259773
1.0063535848104301	0.12958364266829742	146.019416272587
1.4813819220185882	0.2586891047086326	0.14427215196960896	145.22511130398962	139.07515292872563
2.816372867025263	0.17750783357908895	146.12110955345926
0.6330505147954006	0.1593598147778094	147.6693945744229
1.460229957192218	0.1104948195130647	0.21038572558708182	133.41439019334518	66.30696590077241
1.9984618597689325	0.153732571428149	136.05637672481143
3.6906094281168333	0.1563329594390974	137.19698203352948
2.839551506985778	0.11695856770655533	0.04601343456861988	138.70121203678696	75.52357355522764
2.244744396785136	0.12190288036798928	139.72893173354745
0.2805973547031411	0.09026144892368794	121.47708504796911
0.8318348861275041	0.165554911925964	133.70275398934058
0.9447900972150206	0.10887464099718	133.8063992296509
0.15932970615875997
0.6543946298469916	0.18441392059972958	135.01446404391032
1.420511073838284	0.15806811196380668	146.37059387197903
1.8451410805985797	1.0632620578285032	0.1264253214252256	141.138321369548	135.91193668864554
2.698384463568856	0.18745586212233495	145.3318525183546
5.248472029844124	0.1861676952667292	0.09101659194245001	137.2235136424518	120.63855529853512
2.4380620707603065	0.20873818110964407	143.73991050523483
2.2318176808606056	0.1235390228180882	146.37974544387913
3.924323555402502	0.13182088649773357	138.88358103955542
2.4787693558712407	0.14735296791399477	137.36183720115363
1.6715955807680867	0.11900867499102812	132.57700057195933
1.4579884533903777	0.15253298606620602	134.0621129355554
2.812016173919565	0.13643000510643313	132.57107623191328
1.5377719283950033	0.16772143303046372	139.65003819242406
7.672623611492795	0.15911056764890252	143.47890091960457
5.203925574757683	0.19320005031665421	144.29668739748197
2.339068403124505	0.16024116057080698	143.36506804932264
1.434119300410984	0.14476718706498556	132.88893641135732
1.5015705820964613	0.15100104092396793	133.28529102247094
2.2132377144541775	0.41023050765550606	1.4148383258560795	0.10244925325717069	152.95282461866037	151.44387524377083	132.04256486663513
0.8924462134642073	0.08581954168734664	132.00085716435214
0.3759386769002634	0.3487128844089701	0.11194966828575642	142.2235014877195	131.91045988271082
1.5871468867830545	0.1391100170884602	133.76045634847344
1.684781630427864	0.11656648169157185	136.12496805911437
1.719381829998762	0.10639630036514508	137.99771377661077
0.745127043747486	0.16535633563578972	0.18728171187275985	131.90260148276064	88.27160991752444
0.4494365920745459	0.1631350155477036	132.75636175744958
2.837530667427284	1.2522128949964715	0.3082267757205168	0.11657357618982239	142.7479201509528	135.3108025787003	130.17333747449428
1.5201512369781205	0.17124538330540282	0.0592328949667113	0.11108320867959799	133.93403025109893	125.86259762380033	103.7009778333091
1.0237256341509748	0.16131032393774386	133.17745936081792
3.660361324387606	0.12382203564728467	138.80296854342825
1.227955789865567	0.1130660489421845	136.95858554992637
2.015093554838445	0.1364254898436139	138.35344206218613
2.007938970152901	0.7032600974902435	0.18156696891672836	137.0518302287692	133.21542231984955
2.8074224902059597	0.2956279345781875	0.15118205075437163	134.04470312704728	122.97050529075005
0.565070821080884	0.11087849152925786	132.2207409995322
0.529954116680112	0.12212868921163854	131.09251075571478
1.7477843806886748	0.10590943181167911	132.90720271149934
2.87555818972688	0.15511374288246244	134.13399643964428
3.1819236607012042	0.14123730048099675	133.32767301224646
0.6372328951406917	0.14096128079651843	137.8846091805587
0.4952096868905084	0.15190801547396376	140.26703914666365
0.18469620660760627
1.0208386479745015	0.11669940734476732	132.13573305459235
1.9118683462432013	0.15837013538808603	133.28130933882895
1.4999491853080196	0.20065917777294037	132.76967916518768
1.4251012751730476	0.09904433650018347	132.49073423928195
1.5411318491640127	0.11890448303939014	132.66734720874223
3.5083427926210873	0.18985365424848777	134.43687217819263
1.74449662760268	0.1355010815470151	145.0226439051262
3.559034108904094	0.17076839076439768	134.15255205644203
1.1358007599678936	0.1380377923163302	133.47930640411653
0.6471475293468876	0.1496136984633	132.49746123503297
1.7389856052828006	0.11031064587885532	0.1026491913077104	132.40458579337198	80.90700641613248
4.583644024871528	0.1336692319756098	133.70795505592133
0.8222132329180017	0.09613831054469649	0.10196403071766447	132.89785415623038	88.343168670048
2.0866422501958057	0.15180384280224835	134.32297164097704
3.74246525864239	0.13375451124467497	133.75566176000157
0.7441536298617566	0.11263029934352943	134.4582577662384
1.1814579460508656	0.09463594689396333	130.4032920197398
1.1066777006165465	0.164202828716844	133.08380687983572
0.152162644365445
0.28215784561001733	0.12714565591326607	134.87677476287078
0.8408683115139438	0.09923723090766237	130.20587151826362
0.3023171693830967	0.1590884228972731	123.03583963509004
0.6204883949259805	0.0863534111089271	121.23653147033203
0.13565222640073155	0.09673921612059945	74.4521719172191
0.5447405845584367	0.13368943746787282	149.4510681409626
0.11437449470736878
1.286517939425129	0.132919181128109	132.59788703587947
0.34557075855032926	0.11934359257954416	129.0424504516114
1.5692442700486844	0.1536010682322998	135.86752238906115
2.175877802345982	0.1154226412513163	134.90914533944843
0.7878211948292122	1.732277617014431	0.1074746811195476	151.17526900854898	135.6302635445771
1.3217096907415697	0.1260424861691425	136.89133089056295
3.4337995620841197	0.18064839371104394	135.12987224192184
2.5947831360926887	0.11987865608329336	137.37408045302175
2.0309205635227183	0.22202975583761142	0.14211658904066088	138.16107707727573	122.55144709964172
6.479474164469725	0.30573241361257447	0.11663537373758887	134.69319472272642	132.09445150786087
1.9450316568329096	0.1580172005724173	133.82948795630895
3.984613503441175	0.13155780557621413	135.33761950124295
4.603671691266434	0.14248848911196163	136.59640100136787
2.476551351940828	0.14246259553069066	137.11870230902528
0.15710035855772914
2.2550144012624025	0.13363308069161467	133.8633961460493
1.6946857991577395	0.20931001817186975	135.77579847035545
0.8797198573402518	0.1754892322380384	133.88042768126735
1.63215550473992	0.13583455000769232	139.72612232836946
1.8617566425733243	0.13840071442268354	143.78118890335608
4.247903098563557	0.3489619147933611	0.15030738435727353	146.09824205679985	143.25966928765965
1.6867768148686633	0.13727150564120236	140.2389415200849
0.39582542966897954	0.16887741331001443	124.675062843197
0.3730388890276135	0.14778382351428707	123.90504040557941
3.093669270932569	0.29735993501418845	0.1300542860698577	143.66518787259605	122.3670733340524
2.3742794985352633	0.11803595008348268	134.27003134421454
0.7124910102702134	0.12465347689878847	136.93371886439456
1.4970807043229337	0.11768710320882309	140.28003003385967
0.45735132956046387	0.13369339765819385	141.15307942393704
0.6123815172706332	0.17385198563243343	145.16505495683313
5.780354403370759	0.1520941961887952	144.44879723354242
2.00362058556944	0.12499339215523694	132.63154599396887
2.473419122560322	0.12715387924423313	0.1172993210978287	132.43136065806752	79.49310404381488
3.416301838021104	1.820906835373424	0.06691404620775082	0.40224539487901584	0.09863128058372797	147.26826792628015	132.43019573596052	126.6451095130116	121.71152273371305
0.8138965162185973	0.1733693409721503	0.13326591091855253	134.35577216696595	118.48978206006154
2.076044895687654	0.5292726240476341	0.1086663305509371	134.49147587607547	122.96586670770249
3.255343180681339	0.15878616225590506	145.61106815279737
1.7173331287147686	0.4916496079568448	0.1541315039514337	0.1352227001085772	141.62318543126622	128.57774560572867	94.10237829692613
1.6845408049569024	0.151145639263864	136.52750747393517
2.748631172116534	0.1278198673493406	136.3616145328474
2.0390245773720066	0.1449621989893032	135.11298219415664
2.2099060402250923	0.13766270639685296	133.73203906804255
2.8096068158246235	0.0986177567294961	0.11622188204134018	135.3428942716359	89.19894019162734
1.2560200998664377	0.15441061460454708	136.97629298651162
2.047699809876521	0.1370747123003999	139.09601319162581
1.2257858897149474	0.14368332781081078	136.66524581712986
1.2451462960937756	0.12025238636581172	0.15614375410283088	133.65287222036332	70.25275540211219
2.5905772817449333	0.14700226318736356	135.11101575096498
1.1817312403907994	0.09465875971858523	132.82742948142496
2.8765239573310164	0.11580393252099114	133.5684742146416
4.9842261165571715	0.15173831972092383	134.16317982816244
1.3152407471330698	0.09857164970411061	134.07679890612783
1.0938391624599721	0.2648195064743544	0.07617758486927052	133.36989275389345	112.18414114392229
0.9584593567894073	0.1683122097225011	132.85062971295662
0.7901827465167496	0.14174230127068105	129.11779072497194
0.7717711434337231	0.1363856446341868	134.21017068215275
1.182523577906848	0.15471372800640187	134.374731772745
0.6874170566384368	0.10940758532958024	133.58682903436332
0.3644257368159866	0.06082385208884173	0.10325921403987061	124.28904178021708	90.88093016759203
0.5460935190398449	0.1281681954372763	146.68802500659953
0.3488311088391755	0.09866663327934411	123.25055560122271
0.9409017963279669	0.24463438388400652	0.06514027938833003	134.94878169316607	124.37706466023926
1.21743166039948	0.07541512728450497	133.89449609341816
1.1102182928276805	1.7883049269779194	0.15403001515068765	151.17022192162312	134.66230455377004
1.5710001444874138	0.110507391028159	135.78526283212378
1.4258725334237867	0.17112386818391095	148.48395806983254
1.0688918944004275	0.1592960930070525	135.76981624812183
2.5212411601236044	0.13601677742978868	136.13906013640366
1.9339539793325573	0.13442605137366903	134.43761695875932
1.1230831807654682	0.1105126939883948	134.04570836830098
0.5905793602733544	0.11450422676117049	132.13080403115663
2.3959563102358064	0.14027945137820585	134.1351092194443
1.0569198971188325	0.12126613309936568	132.84246836857122
0.7029461424669264	0.11225438290199855	132.25977839381108
0.7204473506888516	0.1202016144376989	130.30098383044745
2.1796785737571063	0.12320844439154632	134.088730073955
1.3215761578239962	0.18014542763546584	134.25127926922573
0.9897672730580989	0.11821180872394096	132.49955933600708
1.1884993195964668	0.13068151872052336	133.286686653995
0.9537559516718713	0.14415738865607874	132.32975952632415
1.6290179093542594	0.14523754651418766	133.78649703523757
2.0726379425782446	0.12124640074660958	134.3660871158561
1.8561896216204543	0.11075481112533792	134.30594691694208
1.2145880481094502	0.11162815473125019	133.36308275611216
1.8475791084348931	0.1316204220638758	134.07898375565088
2.955223566708006	0.13495731684593673	134.88521275870332
2.6406664154692234	0.12763047796903573	134.73762754916044
0.16786953853204192
0.14621723090309854
0.12108954247887592
0.13291601205575607
0.9065563110659065	1.6175157108955285	0.10263458916762273	150.3048795815608	132.2825686953825
0.41794813942896525	0.09523821114302665	120.57644511442581
0.5141543413366011	0.14209305120715282	141.52967687688638
0.1375522475629747	0.16915109729388178	78.35573178554567
0.5117889218278753	0.34377917767384536	0.1722721561422205	124.70455834173553	121.21059754171134
2.741101739505078	0.11732049558703134	134.64962655399435
4.021276992281272	0.1693860347087967	142.0040945204826
3.4579701403288663	0.1086545645608036	142.28531131421877
0.6755890692435513	0.15266296440070481	145.0659113653867
0.3471486255458545	0.1802999914576119	148.39625048517163
0.9448630208152162	0.07220141112685599	132.0316436736434
0.7570131839200197	0.1919563421891204	0.13135117589648596	136.1056599697994	67.85500326660076
0.7438217310427304	0.14328828648386038	131.88526947858972
0.938613009555385	0.09987699443734972	0.11496459326133637	133.1680785725128	127.78467943484668
1.915499905414337	0.15330747714393292	132.7671130584485
0.6813060160312783	0.17311868532644822	134.62282187102605
1.1106467625973562	0.1319591052377309	133.12279697133116
1.1576411012715253	0.11702109916049136	134.01976753957976
1.1960063304847817	0.12397052515746504	135.21298738089658
2.8058736413856376	0.08227282712628005	134.2597765362026
2.7405247802996913	0.09970391852858737	137.48295087962512
2.1577185009296755	0.17390011289860513	139.3269720352099
2.5518347135883026	0.9515321319448883	0.10116028922852223	152.98625379131525	137.53554957677486
0.5454219333347222	0.13622519932194713	140.1023693341693
0.6366207562676508	0.18913310596129335	0.1490811476705916	138.95840672815132	106.62577310435015
0.1444269700017108
0.38227683312936117	0.040148493910140214	0.1921877248000307	123.00646718118907	96.97372806710179
0.3798958536016885	0.1125828078694705	128.23790615879759
1.27592976948926	0.09035558966984872	132.32137835555443
0.7709673247415879	1.3302846094508602	0.09627137363343212	149.56833411583298	131.67115199113758
0.7547630196485213	0.11463599613635296	132.11309152295536
0.9537613206515262	0.13981898632869919	137.2281382517976
0.1751601195424355
0.15182073233343457	0.25259956830743663	77.11123732869882
0.5251816463619733	0.17736795070527694	0.04807801435137082	0.17233115077925307	128.65467583640586	122.84036373213381	108.23895101925878
2.69822841333932	0.17044091053689242	144.56484750802434
0.90863893472898	0.13894677941041858	138.15825366212994
0.44876398156278285	0.1414893777286529	0.08767576099759264	124.1433252195253	74.61264011131937
0.8743449113441678	0.1324701097460345	141.04893997877699
1.2410136640976972	0.14162912817275713	132.90901357618694
2.937615378357635	0.10954573548327919	134.62584112941153
3.7050659636218612	0.11092830833633978	142.68644326472594
2.012543951481522	0.14699868470604532	143.5203038696646
1.1312286799886906	0.14210683605790533	148.9113350251908
0.8359302962890816	0.18023502650125903	132.9970393279447
0.7846472560652991	0.16530004649337432	145.22715042018066
0.15984133600430525
0.43100418532303725	1.980542261318979	0.9135953888043643	0.10326616742945453	143.53366878760525	138.1225511818044	135.52678414947314
1.3462611402555653	0.3977107620790994	0.13068609879254314	136.87751598078336	121.02893337221504
3.7382971812790586	0.15050992860867046	133.07232596905058
1.5500870306477315	0.15439508287579626	133.57803003706184
2.063134451343105	0.16126439738772905	135.73330352974324
1.5549789391709434	0.15805422524511145	142.09396072432116
0.5276058637678752	0.17335017384864593	134.4920576441485
4.891300832510443	0.09611397219744874	134.7595750663263
2.3193912293860395	0.10689908760591409	132.60501395019466
1.1668777183786407	0.1055860244348	131.59662721859905
1.66000051022534	0.13599235764061776	136.30280146370467
3.419865416344959	0.6803712206856549	0.13970925429515718	143.64580986293728	134.7786751610085
3.5970150044719515	0.12983247615448137	135.42888316413337
2.0092964709896335	0.1492060540161423	136.2936162653178
0.32275371250100615	0.09856122596168625	0.15261844119990262	130.5299809043466	75.4639516436363
1.7322302764813886	0.1402306823505109	132.46060902027426
2.839784395532937	0.15501067249582615	135.57669113190758
2.300952553732644	1.604887366720274	0.16823425143963594	143.35241308953246	141.0485916060739
0.16444127145348628
0.14611637440585235	0.1627241748870053	66.16278870719162
0.16837283057242566
0.19503970130261292
0.1490657859237403
0.15525029213395444
0.17879523743993841
0.21335673836370136	0.031702724214394074	0.11673001036209714	122.529339782775	88.61682144680815
0.16556467049815493
0.6757211476042104	0.18156480034007413	132.93088588762407
0.1423335058943315
0.23236323279574772	0.13884757034111805	117.17957457669395
0.672117024212298	0.15406618862621102	137.96761787227373
1.079979833431322	0.16102872011779795	144.3112647067868
2.735573437780141	0.1765266507032998	141.59552016048258
2.7519556413192707	0.07198463458229136	0.16213126065940728	144.4438881668589	136.379367329679
2.9814124730521514	0.13465495332696953	147.9277553582444
3.8519859546364295	0.12361523122603336	135.94074847724872
1.2783560772591858	0.1315196212894884	133.64758619800318
2.169177564057729	0.1749280951961192	134.43771995610047
0.8224491847641187	2.5309276286419577	0.1294981592185999	135.0328690520607	133.1534989763054
1.5367621218235532	0.1478841533740521	135.99798734457323
3.712470113382243	1.5127772465686125	0.14024852690974132	0.07700785666408247	147.21068964258893	132.7950158708339	72.57730837780558
2.4735149958179368	0.08005434140551035	135.45808461292464
1.716430905042337	0.12776645374819431	133.34138741938474
1.7763815707387427	0.13238589101148843	135.93250787452314
2.3255063273522807	0.14061736874389147	133.99049529866895
2.7180086078619192	0.14416513410872722	137.22178471621885
0.6900170699609185	0.15143238167170348	133.18634244442543
1.0320634621453493	0.11769052329206464	133.4877234135576
1.735995841814082	0.12046141448730578	134.5112029306649
1.539372151294549	0.23079196555787249	0.10093273449397233	133.8448368301035	122.82845368167037
0.8713175033141557	0.10765798773380857	134.86579892290507
0.6900101345098011	0.1088820795896545	134.83769392064812
0.9422267721807817	0.1492004025905919	140.73917227641886
0.33905257929572197	0.11830761281969704	152.59338819029335
0.14524862581171866
0.31292530357418	0.14789523234021285	117.50896038574265
1.4886619050451784	0.1482665021573531	133.2884775198119
1.7079483302813097	0.16892733650173153	134.2071584697815
2.2067371164160305	0.19329926831393052	0.17021673153792452	133.92282060295614	106.00244522816226
2.7044594317773942	0.2539476175968527	0.09654690820873295	138.26137051534786	114.49861400805972
4.369372210327988	0.13907493689967074	146.52742659277712
2.2514924882269063	0.1431327344263881	0.11448981655046776	147.10729878457872	84.11967882943372
0.4512246124264901	0.07684015644565309	122.61572914311071
1.8554470753131327	0.15416361929379846	0.1087728206418404	137.08726888964418	113.0103987602828
3.8725353796064854	0.11294003743210324	134.3264984143588
1.5324577061295455	0.11050015069349074	133.85274864442226
3.6494288003380975	0.09734288563934392	134.28615728201328
1.8872436963196675	0.08989821676896569	135.77722834587348
2.5902643123041997	0.10919075552077706	134.17253612059307
2.288984877393361	0.14560063827190403	133.97592607456556
4.106416752762651	1.878286882997064	0.15185032036365595	136.21477513618797	134.67989759010206
1.9395061119635255	0.13473327939720495	133.57464261688267
3.543504473842066	0.31192512269776146	0.13746948190785432	134.5258726740704	126.77050343116842
0.6780798890882331	0.09893097106279836	132.9604704939717
1.5078876382748279	0.11641003336225478	135.76516683784334
1.0275508832900053	0.09816266751967487	133.21239841046372
0.7243469920884954	0.13050949256666208	133.03440084748394
2.3829918901999774	0.116020676805343	136.60005226397638
2.580247822815468	0.13942400667272134	136.39198406990155
1.0165462301678025	2.6343551526929976	0.10590756253425335	144.57965847539606	133.3967850829431
1.0499443179497585	0.17199792380089798	133.76089304073267
1.0063674220524959	0.11822100238605143	133.2438268323131
1.4435653903269288	0.09890658412026948	133.1326473554469
3.2669357771681153	0.293466123266082	0.10903473697579338	149.87222132258444	129.37757519686164
5.487637809378902	0.15615871958972094	140.57284367943043
0.7236692689769445	0.15385941740532155	133.83364597163637
2.7959621961691665	0.09127730335675674	0.18075748912035286	133.22822725901673	86.87953847395909
0.6407250547833646	0.12848131326293633	141.62858696616303
1.3028530763114337	0.13137034773981915	144.89351472099534
1.2080975407938062	0.7178412177316315	0.09920652911845401	149.92659198982855	145.98735202553766
0.8327952084796861	0.13979911726708807	147.93744053984122
0.13674821329820616
0.1477825393194021
0.19363982891616718
0.1715008859677164
0.6087578850884875	0.0763934224618946	122.7987472217017
1.1569189878807526	0.3147212849363274	0.10910801597862749	148.16254780403477	121.975362503358
1.1027322088335247	0.1232217689506493	0.3424689298925814	149.261479894667	67.26454215296759
0.6186503968297766	0.1185169317317546	148.07735558961122
0.15285584806884892
0.31813482219698214	0.15143605893002837	0.11289273790211661	130.01614341612748	122.1243534475433
1.4479824060888782	0.24267117279329084	0.10411884961295471	148.60322187453775	123.7044763594152
1.2854363185775042	0.16975472858630358	131.9507625916783
2.0981744743317057	0.12071273663930367	135.65436535500285
1.5367561395458458	0.17221622656417235	133.44944633501848
2.838969527470071	0.1758970113658762	136.03521132631866
3.788492788973662	0.1020482289274553	140.39590764367784
3.8617571043247247	0.15321196863744624	146.5316385260486
2.3846740609988544	0.15900554893475757	150.3100880825231
3.6301843419893927	0.22154430608282935	0.14732608359385474	147.57195485762855	133.3322561161866
1.2144751200277966	0.22929017305514593	0.1333067576077489	142.27457106914335	103.1382529911109
1.0353346677309898	0.09965908490611503	137.1553407778255
0.7254165484277697	0.16467900110540118	135.84938180122649
0.4269365785220899	0.11364617370367543	120.03736805235066
2.026296682324132	0.40890613012245053	0.15030671559861694	134.86133324649833	121.71356812507803
1.7154739008055564	0.12193733379433067	135.08275670448757
3.4926757064845066	0.22527853467678782	0.12718345334240086	135.26836913510562	129.353107245581
0.7567751085124128	0.7026058339661259	0.12748369993340503	141.21824824448112	137.71884383850892
2.0417509352659655	0.11485690263727333	133.41439169055215
2.2957142087895908	0.132508397798714	135.96219612779922
1.9644173405081513	0.17444157314152467	143.97345972624504
1.5732163153528202	0.05881743770595601	0.11518849156840724	152.57916711815184	148.35361940869146
1.0934481919564982	0.12033666093624813	146.6279310640219
0.6535214777238892	0.152998568087465	148.19959487494992
0.4202638657482934	0.13432058938398234	137.6044119638605
0.13594707914825482
1.4714703321433191	0.11031900600479426	136.47331195331498
0.949206585996338	0.3342905776438722	0.12704252450503606	134.0477797471516	123.63234948586017
0.49659888522012346	0.08810006674186928	131.48938935618892
0.4770469101505462	0.10345545696885458	133.70749283154677
2.786984480261364	0.24936846546522232	0.10801499141811037	138.37374023068617	123.91039195712462
2.600935909470957	0.16982433465020105	140.66426249762736
2.8921831707047674	0.7197333976327263	1.0463046664247821	0.2461865138918053	0.08972798215898427	150.90195748008156	149.71013935084835	138.8468636100973	119.5453810761013
2.239840113161244	0.15169977002290122	0.046114753518301986	0.14912123582464473	136.96121996134073	121.56071262517978	88.32306012088519
1.056880282631321	0.17605944429408174	146.0356005913059
3.723799103725768	0.16525511639422472	145.5787998716472
2.6757223125533267	0.18452225648509124	0.12969399998690093	148.63645486809344	144.78501298192268
1.3859666173270961	0.17588931738747537	143.1278111308512
2.3659131617219873	0.1339512131144854	142.49566149391111
5.110885607300992	0.17352777953113102	142.8026994796833
1.3994368607674157	0.2767719106157196	0.11889489727765068	140.2574981136269	123.08145239262083
2.3175095542626836	0.16499363816888932	147.11299761331276
3.6425918990922037	1.9023096814474694	0.16977827741211227	151.80610786844318	147.98216020906824
1.7526592818362374	0.13966000097650424	137.88672054399854
1.3096512073842483	0.173451632863865	137.34260494686967
4.171853437882126	0.389604541916783	0.01466035212786472	0.16311231509081578	133.8607388011437	121.79379330235334	102.37670660749968
2.011329910186123	0.16150683236581032	0.00870890096458327	0.12945464144940494	137.2990650335566	122.3028450360547	103.91553941598973
2.058007900838142	0.21870906488376043	0.009084605266577244	0.1299236192075113	135.65075840280332	122.6751412997187	111.61331346994226
0.6766499352832279	0.3705857388393841	0.002347411948150702	0.13812575847682265	130.81014618730907	122.40554690132383	109.81551941225602
0.2727233980940706	0.0023327589274579497	0.09630597725971893	122.38863541939793	109.84518562076433
0.3673206246370623	0.0026169017147731487	0.13749736325966788	124.04128555106269	110.87455378901872
0.20111443542025487	0.8817839137357226	0.0016562902423305419	0.07362823042220012	124.68880855958103	123.49117769183957	116.41937307328615
1.568406696990514	0.34857630981503634	0.0016416771277696922	0.10330184825881335	136.76426763253312	122.22228982072704	110.30692675162219
5.262523770646834	0.24312297548391834	0.0005618596451584228	0.08141135440330688	146.5589314250946	121.88771855674477	114.37942924517318
3.4204972377772584	0.3458547189639162	0.00024891516422024737	0.11102646868633037	141.44468840886498	120.91767022911934	105.90090319595897
2.7096104311755034	0.20418423973305805	0.0015860978976523744	0.1013020642785596	145.07300854736033	119.84256739080155	103.09353850629994
2.845946845362011	0.12064880114599899	0.01294881335631795	0.1083700683764135	147.63811584846755	122.33363922663587	98.96876414482101
0.5833015844262163	0.08400697955051309	123.15367843704459
0.3468220758860732	0.09032346572969925	120.96840337759936
0.5376791477048366	0.14542525005212031	138.75194118752864
2.4569188823958292	0.1819530628048728	134.94355266821765
2.903664989358515	0.1841658404818732	0.1094044778826019	136.22052245876623	121.3076435669125
3.7840912590108977	0.15337124622157336	140.16367492397322
1.3894162028983492	0.16675862368246555	134.78591031876078
2.5303808221433877	0.14113207252521276	134.67314425043938
2.3356915894449886	0.17125639788898459	134.2851567924882
2.0734758934421396	0.36380780069088975	0.1328419959583559	134.2948679586886	122.73916659730033
3.584260371135753	0.11223548265160206	132.9267213909558
2.037077790625003	0.11136324452888159	133.94195162094212
2.9241565304431365	0.17121606569919232	136.8212537804788
1.9973952242837818	0.1085789640220106	133.86286753247484
2.6905098209623963	0.17469401692809225	135.2794959190357
2.24058949187114	0.12330212783122282	136.1230065034751
2.197041761078631	0.20484060978551463	135.64006770299966
3.435343771511023	0.8840502992024594	0.10231053252047634	142.93309804880684	134.25881155366633
1.575238813355514	0.1189978580015777	136.5790383339096
1.2400605730404262	0.10201360000497137	133.6137402004848
1.0292409817086163	0.3366880699801455	0.11492533784538547	0.18653380912821502	134.44064480217523	121.9690273007153	70.49880028181178
0.8465893352631684	0.42657491085340105	0.16281380559005987	134.98020160115883	118.50458890851168
0.11507777400278255	0.1442888530205205	105.16526192501202
0.4924845354102665	0.12323766218296145	132.94250982844687
0.10829846738436039
0.47898494686267806	0.1357675341963439	141.97864708950218
0.13410296019176707
0.1098290418802155
0.39882000867199124	0.11163886701268204	123.71416246972971
0.35159203947022183	0.043670295138839	0.14273805016130406	122.92577258535981	117.7126978739038
1.0420609695005218	0.19880944849565732	133.95876411548343
1.7467313230907302	0.355485334996536	0.12128969835446007	137.3165304593279	126.4339374070406
1.3613785805267609	0.133349889729896	134.58249181334273
1.2388994990206244	0.1450622687231651	139.10437878096513
0.3218358611415001	0.08469076631122881	125.60207714388517
0.3712293421070955	0.10485622850683722	119.65471923557313
0.18409611000668644
0.8787456204799329	0.12682141718095358	153.64411843851417
0.9383024169981653	0.14030680353586636	146.51611268085455
0.2152978206073199	0.0874836172409067	114.0342221977885
1.7549635527379333	0.16060236323504262	135.26441107091281
1.5117464843843031	0.08337997872627156	132.76172692420832
1.997202235365993	0.11308318153562817	133.07437805643386
2.481912563732757	0.1406197854552939	137.63923610267497
2.113595657894814	0.2757389272815382	0.1583935973708997	140.3194327205066	121.52812800559994
4.041049600473707	0.16249162334481898	135.27819932535598
2.16759989686568	0.15052451954184592	140.42659847886702
0.5858660155943416	0.13462935882135543	129.50312806425947
2.18734553998308	0.14000371524709188	132.85854167261968
3.1882179018310817	0.13422304903504112	140.16919349256924
2.1932016370398566	0.12477064135156943	132.06310223164994
2.43349430497323	0.1883537693412882	134.71946967942569
1.1559240765827923	0.14119710519825898	133.98194309462008
4.398774383892922	0.19381253630412856	134.21194649113988
2.8820433881238268	0.1276135345989833	134.19063240481867
1.501587079741565	0.09153402885586619	133.80168193311457
0.96742963462385	0.234293296889243	0.15827031229935432	130.63348257146998	121.20662754874057
1.125061024080661	0.16882293518848793	132.0674463334849
1.915777357397785	0.9082821118690514	0.16865306257950377	147.3993320658695	133.11428792400952
1.8776184547333385	0.08937398765142938	132.83070903237822
1.813328161366162	0.12500532997737301	132.97690680310552
0.6833517939163645	0.0796728382345899	126.69124612917838
0.46513809343673423	0.067375958709076	125.32492794794993
0.32914920201189496	0.148185523164331	123.19570211019561
0.6257925504963443	0.17502718224589886	123.68327953014064
0.35304752681054274	1.65307583310964	0.07262601851511631	124.95523147707658	123.77887741031786
0.4478513009969122	0.14263287857657703	122.35957686781211
0.5819243667004146	0.4655594935851018	0.08247072522028634	136.87268160170572	118.50241768447229
2.312800551471531	0.1575663821175964	136.3284840015242
0.5981926454042464	0.134753567392241	132.75930466513782
0.1582949282665934
0.4844050565112838	0.16113515156722494	0.033112249780722754	129.94045936670327	73.87004469684027
0.4815199350960161	0.10403930606776224	122.55960301274933
0.29712402237850233	0.09313362896126696	120.86779867700639
2.1737870397506804	0.10388003281964342	145.7827312313215
1.1710012117678412	0.16341776307150838	136.9270437843819
1.009800900677707	0.30604562059201	0.4302019592172704	0.11309133392804324	133.66414755869528	131.44229455275558	122.47095905722213
2.3771196671078583	0.12460742735945952	133.3613492216869
1.2058947861950324	0.38884113710539886	0.1399749585312754	134.6579351038332	121.97002785616243
0.19134664366768053	0.5589136061300043	0.1276148531185274	143.49574465715637	132.67617346845987
0.6822933414243009	0.08682443969457618	122.22342206598819
1.3232881570733757	0.1545385550323304	132.86863512868638
0.2521860375546156	0.12043112106482261	106.09878316291608
0.9838533192378083	0.1270261259306423	142.04756747469685
0.10884947899991766
0.47065716444220745	0.07978126734173877	0.13113473521671473	122.52612716567182	92.16047952109541
1.3031416532212992	0.39834531109002985	0.14297744639007645	147.96777315351116	122.86311133702208
0.24063627424225356	0.10651796266075297	121.817779424243
0.38392097851817586	0.14674200906400559	123.94388615409136
1.2816302968938837	0.10163446941914576	134.00012020928716
1.0138708021985994	0.1306686324996253	134.27684585810454
1.065900735782743	0.1560116840745341	135.2301609365967
1.3753431749922165	0.14151238104213956	134.4040204461023
0.765811193624232	0.1288277487883952	132.7019534088638
0.500429218322117	0.15792357065429524	143.47005908726982
0.393099237559541	0.11199372798149423	141.60613926389496
0.7430019520387713	0.11556230346689857	143.03607265585424
0.13829176920957262
0.1722004701350588
0.15990170303825127
0.377352338348221	0.09591219837168731	124.09224887336872
1.5092133321669088	0.2054768989999801	143.0986034487641
0.28801506549376926	0.10979732112732829	149.35563657697762
0.22309841690707363	0.06417311700964409	0.12802034337504997	121.82941998821113	86.98700232835542
1.057537519021399	0.13797889478196468	147.4943394449034
0.4691277894653221	0.1435269933064229	134.24220073303636
0.1541781436330003
0.12267046429738784
1.2739854491903768	0.09631708216925747	148.36732835023386
1.3118917902231293	0.10870521452754676	0.1458920076919619	147.71487358237124	78.26808802279238
1.5602396669688772	0.14512416754555713	144.7521281692498
0.10645194633795271
0.3243479295522875	0.11899253783746883	122.82590779411322
0.4876237075768627	0.11888676731794942	122.90013744541695
0.19208362429272216	0.1661481628909683	132.06100455958847
0.12170338612913487
1.144538470147212	0.10542857657745654	134.62001162617287
1.1476522361327373	0.11142443865566079	0.1526997750900706	138.42024560687057	103.84517229353229
1.052896444107689	0.09221142225635143	133.2516431627533
4.4216155731042495	0.13405259100372058	134.15492085770092
2.5110278735487097	0.09509635030538521	134.44621435544718
3.8046914642514644	0.09545959088662014	133.99409318011422
2.814780987983368	0.12085067365227695	134.32156382601704
1.4421163832120754	0.11264867788554461	133.10817933143434
1.6647511017500989	0.425030107142335	0.13022814986125675	134.95454024777663	124.13200084123882
1.472846741386472	0.3802811945867232	0.15665956258059333	135.76797315417343	124.41013122761798
2.721976346304414	0.16211669498568748	135.74077884562203
5.641658744497087	0.12959850022368982	135.01063057304148
0.42389053555146405	0.12390731464105627	130.9009903373488
0.1974807791265822
0.2902650647723513	0.183351064694869	151.55026498108015
0.14624601363548845
0.1109249561032377
0.4416041679175645	0.08417602696748201	122.39115389007662
0.5988616635366869	0.11777610671167814	129.00099032169405
1.4074792119147526	1.164797500174523	0.24252569446917902	0.12153156661715803	141.61727582860524	137.40125556948632	113.83676486892556
3.61834110141438	0.12186102667791095	135.20500390066005
4.631363821824985	0.12224496813443222	134.73111539915521
4.458960842263806	0.1373022129679888	134.29352056931708
2.8708592326750617	0.11808890327411208	134.09722624074865
1.1795307272918656	0.14491986088048697	138.69252408833478
0.8264334955137999	0.27137018926504564	0.10647305182586955	139.61366290651944	121.47306651565042
0.65602513370928	0.29018953311463125	0.06334997577077876	151.79317025606497	121.87799625168914
0.4015989719264636	0.11514299082736854	121.52567025859781
1.7460352619335993	0.41194611163126127	0.05796716837075055	139.3617025147059	123.10139044388322
0.4031125502293606	0.18953129323988985	124.04469297664295
1.2512418943361703	0.17182979683564475	0.13437254459307538	132.6444941170499	97.50531237523778
2.423564709478277	0.16689445418546064	138.5753795858273
1.2737705544852982	0.17721175274648707	141.8252194352472
0.6624764658400807	0.0864657397223229	136.05956786836862
3.569278930116288	0.12328038085928465	137.5564974675683
1.3515076496332274	2.1034372325793913	0.11053380453649375	148.1413533274781	136.00648508119443
4.165969789816036	0.16017174880233678	134.1788585707719
1.2534704789777829	0.1437820363981519	132.7128297222603
1.4305059806673612	0.1567323360597846	139.65144291214537
2.6707364265622853	0.12767867127849128	138.7142126780379
3.839327872117741	0.4026158317488303	0.12213910308224164	0.1373025276990683	148.28060377943183	135.31528311120763	79.72142492538083
2.5615497685104267	0.1551905848600687	145.64705900847846
1.7643714271782138	0.11307562536908988	145.19873598656122
1.0073925194672073	0.11474004929264456	144.35079601775095
0.5584667387475243	0.11651279472483353	124.97056693100608
0.4312886111062483	0.10465292000491304	123.25279833462186
0.5834687539041364	0.027831006083032194	0.1984614871479538	122.98997720648578	89.41874183590411
0.3664590396130533	0.02121987331473299	0.12495686071230395	122.98936632157319	92.78512597063224
0.1455153204750913
0.9839283229381874	0.16018833936474758	0.14860656254170712	136.9371697511766	128.56317044787994
1.1928448395327267	0.12836865033760683	0.09166831560444928	136.13842630090167	79.33712473456721
1.4231332798126237	0.15391426785938844	133.45420520594462
0.77835303276317	0.14549833121280625	137.94153223937164
1.6910235547768258	0.12767872794226154	142.8730710595971
0.2901037641890045	0.19426227828035106	131.33658679709782
0.16512681879835395
0.879323787588341	0.20005900725065437	0.1461942183352687	151.8394681345058	125.6565712782284
1.0528373956325694	0.12194721430595112	2.177478428760652	0.17108392984185616	0.10156773321606677	152.91066700602354	150.96204229054177	140.69235737008228	122.36198166535573
0.11955972901178587
0.40850740473504826	0.03257927927487694	0.1498414882279823	121.99310727046071	99.0738513496848
1.0935013864745944	0.16209315577147138	133.89609151768363
5.128133369690663	0.5127002489578495	0.14235871150857896	153.07753520384546	131.61766519697565
1.7413822191384905	0.12370672311232692	132.4585204093466
2.5903189025151616	0.08112714012050436	134.26077605547172
1.398651808615122	2.2732806192729367	0.12957683262032438	143.5700367396403	132.78923256759495
1.772337428244206	0.1627690224935784	133.92739550289477
0.5591885307799427	0.1752812996031768	133.18672272306486
0.20839600924378823
0.7880352807574242	0.25643873466214423	0.13089173057771852	132.1592715591192	130.88774759530446
1.4176377138551093	1.1399618074742683	0.10957625675037672	143.84409166271269	134.2829606096626
2.5685886615441182	0.13282475981644798	134.4660922190303
1.3224250522394612	0.1330014068004048	133.161585628644
1.7345576053985763	1.989611067628579	0.13930933274568938	141.01250653897773	132.51996495439934
0.6211638793196532	1.987175001497432	0.13223901842417374	0.10458346466745057	152.65096532737078	133.1711996393124	91.2045929264053
0.7126214342649695	0.16878018700278183	136.80661528590593
1.1687735760541826	0.14658627392116844	135.9794986897735
1.828789605256538	0.14161479239229094	135.29105920191765
0.2870211692760669	0.11206782341659015	119.30375098926444
0.5534840916282664	0.021228946624616378	0.2347619385399545	122.60025803549603	91.15661039412194
0.5161657562894584	0.00703995202959834	0.1364644219866763	123.45555433746148	97.63771508089415
1.1491694500977696	0.4507829688460354	0.003752610557543785	0.1927781941147691	145.08890121935784	122.46603079583114	100.72622647864672
0.34644452576966156	0.08972566939756889	123.50970370025489
0.16384074750268995	0.1591521142728619	127.10988465194329
0.4722765285308345	0.09783061251884784	132.7510516986643
1.1878230399714513	0.46433755566667395	0.10832345489599442	133.6847165693634	122.72814688672604
2.4480630640241174	0.3126478376060498	0.08568656304847534	135.58574167506714	124.14694469520768
1.1053566475405903	0.11096457184033272	133.90835669458886
1.8256279193575842	0.15053034844176374	133.5327026787464
1.5882162788217309	0.26708520415259546	0.12162230510310282	135.55620501319018	123.24184394626698
0.10498937291352137
0.961416692470243	0.11051729953656218	137.78205905984257
0.6440885659752462	0.12825297563357965	130.6708833352208
1.936121201466032	0.3747385916076794	0.13229299078754708	134.2117682357017	126.48276461793193
1.5609714264811767	0.09744948931890635	132.94357637114098
2.507928818756482	0.11464928715601795	135.98895279486723
1.780095887763616	1.70762042281998	0.16032755931801185	142.68143251170045	140.8117635622519
1.8985775823896427	0.10862932568809507	0.14862567091414372	136.0433845460855	99.71089872130227
1.4899192875829586	0.12661832697637287	134.83911820678898
2.460047415910537	0.20910676530528066	0.10353617756089367	132.64650611282758	75.01454012971476
1.6592313957688147	0.12566298098921413	134.09881139554994
1.5434885514157846	0.12889244539703845	132.9223838980364
0.22026730429434602	0.134805100942783	152.4493449004662
0.4257594710959638	0.14629739747241913	146.74822473663963
0.9804630545887545	0.2630098569615339	0.38364583639394895	0.1275171357918258	147.03375046584011	129.5099795143595	122.53295866543938
0.8270656081533824	0.425784592737581	0.09245571694561687	147.76718155258365	123.49838736082212
0.12728929632924846
0.7739178085768383	0.11179349701098869	132.63626306282055
1.1910178988594848	0.09494153692834935	133.39601779460227
1.307705350841286	0.1514486759773843	133.50591461326076
0.7780807556419066	0.4391282789085331	0.12239762967326429	139.17153787752295	132.31111534761075
0.10278203298079734
1.1926708254744458	0.12383504368420557	146.32832332097834
3.63324919884674	0.10318623482318746	140.0803134307426
1.6853737914630964	0.18311402480327907	138.61341481843905
3.4382844341759395	0.11605145789003081	140.52903787109022
4.5404760893919835	0.08751004914941075	138.14584278311833
1.3826340953882643	0.17681150634980355	134.08745832718117
2.1672708255703212	0.12611150531027004	133.99950215792768
1.4416017077844294	0.1261512539674977	135.5706161600827
1.2682732878171878	0.1730126647625547	143.3738865026075
2.1415119809992906	0.12408774770571368	133.11614842995849
1.9314734413782126	0.13754673789959956	133.30386026358894
2.4198446299931256	0.1912981663130975	133.87932126487237
0.9430037638289698	0.14755278938909142	131.9848576576456
1.1525628312610752	0.07227933466457874	0.1523969487333401	132.7684564236924	70.80562128430641
0.6711180117859624	0.1328610600469185	131.23292486911652
0.8475181537560236	0.15383100949579312	132.39149761893486
0.4405380995363732	0.1737985399258078	132.58774217831532
2.2926525164530567	0.13269211276044526	133.32941228512217
2.1770495414074236	0.11654693920836869	132.92048946210878
1.3394156101238868	0.11602987711222175	139.5152433188085
0.16312536295180402
0.17440835578209699
0.13167614888813584
0.39823733296353614	0.26622129806788897	0.13254209412857879	140.42437264447162	129.62345196629724
0.1317026980459341
0.42152126573599075	0.10333196257974338	117.1801390507954
0.1893450545954714
0.28593034772198644	0.038836383952187394	0.17096975088566593	120.55203005729481	113.1569086803005
1.292369222174447	0.1070765828948421	131.15175036650322
1.3096085468405072	0.15520181457262133	134.56496257763953
1.064449909035506	0.14423804461837875	131.2900998750354
3.0935107437232494	0.1824541487851516	134.74399435647365
3.21323940553232	0.43700699553410083	0.08219754537275036	145.3230541071022	121.89260180102458
0.9747527741349153	0.3425681363489	0.1194224418666643	131.90455638743285	121.6049883567123
1.856965763500732	0.1637793389128744	132.4477314228481
2.8643596086969683	0.20119151387739603	133.01000026513225
1.4841816312961258	0.12363782989217345	133.70261892031215
1.7638045036852195	0.1063233214715866	0.17775432321526885	132.7049015024745	69.34430337365681
2.7710946257931974	1.1535558605071239	0.09854121357977343	137.28765874275086	134.02246430822714
1.643067622574894	0.12449526796454351	132.48258382505722
2.3994530027230785	0.14086346544666045	133.99344008984386
1.1688290673403514	0.17329303099881535	135.0444375776034
1.3279176476790604	0.10779268932105843	133.5913200757294
0.955132923893682	0.1084555699606878	133.38524310004365
0.15517687831347415
0.3951765068593114	0.15387623804546352	123.41542789974106
0.37441828873609556	0.1450484666654081	120.2988678735138
0.4233872556189731	0.09262117059917911	122.60546353835889
0.4890484515078424	0.1171577301771293	0.10907594277809664	121.1806416765207	109.31812380478479
0.35148175889552347	0.17329128570055335	122.24664144307393
0.6745134802526535	0.14800900166048575	132.08059995487616
0.2858563185424565	0.10378117238754885	119.37296148034817
0.9846037597565785	0.11647676380371284	145.80749726366386
0.5794887918748135	0.08715975027462086	122.25712543261105
0.8591664414021758	0.2584089589206282	0.1333855805334724	143.860296597522	120.0829106550175
0.43783694187327127	0.09993998296092049	123.12988364291989
0.4963559586730183	0.10800102545706156	121.29972903368521
0.4403068727402144	0.06000882647718133	0.07168361525946523	0.12858154344683936	122.94121379622003	120.42482508899795	97.47039006247869
0.7516859926675394	0.08680317634240944	134.67609204377632
0.6364961504641632	0.133880365905678	132.5948480290825
0.1879307643588746
0.5331262702276574	0.10180640897495474	122.60604705918884
0.47265392444415355	0.1138091062898467	122.92362144860408
0.11124819619541548
0.1493487205688938
0.16301682779493673
0.4701051156465783	0.09405001585596766	122.75082684788035
0.45993123211378306	0.08831899596939607	123.40735056299404
2.0710531930529927	0.20112497433875698	0.10923818646315563	143.0532545280243	133.0612004897351
1.6803921056108284	0.6504439092933084	0.14188739385626217	151.6544928965373	140.3942081195096
1.8971174581648342	0.11589613213270003	137.83042010324485
1.1462609139959334	0.14558148323575573	145.99386861229937
0.7975958229724038	0.13399900123998582	145.99783264935283
1.3561849151861813	0.08655069137451621	141.2863276196357
0.970489915672689	0.10546599292439247	135.8282025332763
1.9155265934286543	0.09860678659255466	135.642023577338
4.422822339341829	0.10289228101325444	134.6954240511782
1.349176454052247	0.1661157829597466	134.49741283795703
1.7656485646698943	0.5780015270492691	0.12069664093450683	148.18976410665812	134.5908489818554
0.5740077849922129	0.1422647158584048	132.82770070511793
2.012343672457226	0.13975015747241998	132.76751344855296
0.8300583275960376	0.11504275882496431	133.2383501551425
0.6297885377604222	0.13141102489099138	131.63464843216875
1.1561239094177924	0.12499426471574279	132.82771745929102
1.3012788458022126	0.1011963998587084	135.13296377079732
1.3361585745344955	0.09944241623092576	134.3243884759167
5.31874326014591	0.1568372066681563	134.55842084810817
2.566199028292096	0.15230316126723914	137.94159440024987
3.6124247083058387	0.13138006384385184	137.19864823478125
4.8204699763732535	0.13605271464781296	134.27134490786335
1.9705766677549044	0.18392347152568328	139.47714905273838
3.5700156249754547	0.11026354347633537	136.92329942528605
1.952141439610332	0.2063191054590525	0.13054542884950046	135.3469550436509	112.4819372081355
1.7088408123826975	0.16471600853138976	136.34367241344302
0.6642939893757914	0.1375305664313838	141.01076315438596
2.6350765444620885	0.2883299880312981	0.13582400260032296	140.8904136009482	116.59865125975477
1.5919218511932005	0.406943712584533	0.2057678230509186	147.49314702218024	122.1399711403823
3.825509824640276	0.1240818102471357	140.7811806088978
1.916948020323488	0.14363809836655142	142.78446959331052
2.0666745942730724	0.15915450138628254	140.85701447391054
1.4610455889627467	1.0671162892576718	0.13016434843380525	147.07654594402345	136.83302272028058
0.7890188943605088	1.5089539175369657	0.12678636501253088	140.24434146445745	138.59906125810156
0.7696599114855929	0.14468168910417806	134.053657822848
1.8806200214308562	0.15084715713305458	139.43122100821446
1.0243458051072662	0.32178296612786855	0.12075471992817537	147.21823694487958	116.96413460417146
1.4428992098856843	0.376991952291632	0.11639817750548971	151.41264963249844	122.18726754744355
0.4132362807476532	0.12190230059270381	131.77527922286583
0.14936833565960794
0.5728676568216197	0.13592509463406566	121.84231524721997
0.3530581111950282	0.1339806180843943	130.28687838545804
0.9762717378657548	0.13700727932925214	0.16767004171434208	134.85490042523043	106.73394106921634
2.7630634328821917	0.154319745393701	147.10862275043417
4.638817017715368	0.16953660154469882	147.320731502001
1.0845693245478876	0.2932013611505061	0.08856629255635347	143.01067794700674	132.7049270854125
1.2352878085009071	0.46435724716114474	0.17463496769133974	0.11359524156703621	136.34487042637508	122.25791391489453	70.78799285966878
2.915681053107319	0.1260789916001466	138.26610451358837
3.4554363264352324	0.08226165019597888	142.25160952620942
1.6953856727420344	0.09833639361775558	142.64687900895515
1.8464607294830608	0.1397351535377172	147.3507973835137
2.1325112619610787	0.13930087877893618	142.66899494732195
5.491933653133467	0.11757514728498843	142.3736648588503
2.587980027481141	0.11742509077017635	145.89645589387808
1.3961057378048176	0.12720993748285925	147.04545544115607
2.117741259673425	0.1453867477308653	146.09119707728934
1.2227664155270817	0.12800044679507624	134.61296995370918
2.3423679409036122	0.11736549323980136	132.92448320859347
1.1831112295568031	0.13379400533143881	136.6704559609948
1.0311440265706626	0.12090332783949317	142.69033111482494
1.5894432920137225	0.17813357455916476	142.28121542370164
0.2450685187860436	0.06793500029165774	0.1081141893725332	122.0888153857356	89.75901179910795
0.19914845971192613
0.12238379617091089	0.12839394649998218	76.73940120599879
0.44480670924576277	0.19793004798822691	141.66569094821077
3.5725512539319526	0.07606683872134197	135.37106871529488
1.219706036802171	0.13791200273611312	134.02390366247622
0.9733486587688714	0.16037720054731855	129.20277167772574
0.11256270097377336
0.265141991464761	0.15715521522416845	115.64212079818984
0.3177430027366779	0.11899335013645031	137.49964593518595
0.2048956854638924	0.1061137155159207	117.3038180280616
0.10843094315830475
0.21695284401936002	0.0973351092138171	139.15246709510248
0.1458647290062396
0.13313752638746748
0.18128085697441754	0.13185236399344494	143.4973115145823
0.3548959436857852	0.15109816438260912	0.0916427634215046	122.04888482355571	93.94343700954194
0.5323039915515526	0.029673334389583653	0.13940869427096758	121.49804806681338	88.27575225105143
0.3579216288919195	0.01454242405431589	0.6276139508407758	0.1311544094305631	121.77561926067479	86.95554845941419	84.10901717849934
0.44701982838743537	0.019258383445465696	0.1347667125080065	120.95062788095126	88.87437764392021
0.4936536448633443	0.06975511158325705	0.11788642421858073	121.06806065187669	73.12546213107254
0.11716457937481203
0.8789379305587522	0.1473909663700635	132.57293971149306
3.804758058825905	0.12730702103390149	134.35020316966586
1.2843482735299339	0.15637636583830225	133.94601617579946
2.1768312694052216	0.10013616852250136	135.34722406625036
5.785183229642621	0.1718895351032425	137.4902729065342
1.2887298858274365	0.1402537324760398	133.0221479290095
1.268850856448932	0.1317206146529967	132.71254806993235
0.769355608681699	0.1472440332187251	131.29339598068728
1.3330012132493043	0.1422031612098708	133.3311569559238
1.6136979341979076	0.10782752083883008	134.35858919084427
2.802013258918743	0.5493270716806773	0.11513589306888647	148.08459328523176	128.37575650154542
0.7317049353358681	0.13685892538765784	146.652420733164
0.17240238064738855
0.13416764353667382
0.21672688063548032
0.14784916539973914
0.7352086534292008	0.1559824779149407	145.6915589813799
3.6476221539866636	0.3651287587473234	0.13355490346472063	146.3518475540905	122.74218116553854
0.36722652367951725	0.13198897698325082	120.90373726188264
0.14946819075235032
1.2039326822798155	0.2857766308019027	0.07745833480918546	0.11587419127350371	134.2865266883228	119.61433775333101	75.22549359483213
2.7318360977917555	0.11326542157415936	132.966708996102
3.010948185105965	0.1470725417870795	134.21827067146668
2.1004760793707926	0.2542369827618348	0.07281367889533538	0.12211880874828987	136.1214177923958	123.30889924345229	77.62160614309138
1.5613523697009841	0.16721036127386182	146.42121913304473
2.377388933943524	0.1833405308342025	148.73355532314497
0.9722414221150938	0.1095831146236019	0.09340973356773753	150.19697667123089	121.27099373802223
2.3107556112961944	0.1418440012569088	148.97708847908007
5.363938432568669	0.15901924823742852	142.74383980105907
3.8155840957151375	0.10885111018638056	138.37505150928592
5.078518954807302	1.107166854006901	0.14604395433576386	144.69888405017795	136.46293053575909
0.3606550520425884	0.12960609976683246	132.36708626569163
0.15682270313259616
0.7816649280272122	0.2724011429217241	0.10934005406963657	132.60774023736613	124.95339021185511
0.1825761109553488
0.6685252143540633	0.13671098964093545	145.1527774083932
0.10794286229873461
0.15433297584504052
0.13778656777368575
0.2644832574153646	0.06623040882741167	112.8104632806008
0.09275020448907172
1.262365510450106	0.07461954924399809	137.9901356122289
2.31499579896725	1.847690024993869	0.1038694561679735	136.80497536598813	133.61869471378492
2.176934839440521	0.141063632581396	0.218735093891005	134.43280651300154	90.80923308290849
2.1332381058024557	0.16785939023179275	139.1822497019945
3.7897059340309642	0.14646277476093772	134.83800993402613
0.8415334711873004	0.11432247174091663	132.87874579209662
1.2772061952074467	0.13559724266409753	132.50146909992648
2.256393053377989	0.12495917498452924	137.9820765267308
2.746570072332825	0.15732658599556082	137.02674601323753
1.4077762892114003	0.13652847193601003	0.121103066243679	137.87235419865206	133.23110653592477
0.9964544395578337	0.4799729123393857	0.09537283831039539	135.27444530141167	123.02144537661215
1.6564412312475179	0.1446783031350376	136.2409020276539
4.2213671569312545	0.44921085046348336	0.16240731392759047	149.46490749331295	134.59357059268316
1.0457470865817546	0.09886199581636593	134.54171652062615
3.091371984818896	0.11445792707843347	135.47243825250578
1.6373406915197661	0.12424475976197569	136.0209528139151
0.17199270780754702
0.1497478495782354
1.4720913333102326	0.16290254839126583	0.13048587629374872	135.46391110901266	124.83782816673936
0.9709225648672553	0.14495529091566473	128.85983492757802
3.6388351094000653	0.6136654240707511	0.09453821454700544	142.00477492173826	132.5912532022677
1.9991969651563952	0.15114080689584275	133.10953899702238
1.91647455987387	0.6814105878352826	0.7491276851339985	0.20676261648984512	148.52161545052107	137.28360335974264	132.8583031399573
1.412606320999232	0.14307687318385517	135.25757934399294
1.265778623103716	0.11393052822419172	135.44291860412451
4.365254665721859	0.111738550377148	143.05449115627314
1.7039294047060947	0.16524372100310808	142.36775434877958
0.7115901091179541	0.1446261318256819	137.9245436562544
0.9331879956016497	1.2777596793591743	0.13689933402679572	135.38205406618047	132.257512514237
1.4421577798364735	0.12180566091793155	133.89624705930225
0.2341312060655466	0.16741194985561914	133.48861513844156
2.2043967241530873	0.13240661207865387	133.78450460400555
1.0491674422417285	0.13918740837259033	132.41785981544442
3.308363782377871	0.1251934803421751	135.3996873100485
1.6220336042621357	0.13228499906731545	0.14723472665193899	136.2105892070339	130.27568870518257
1.2681026788705072	0.15624716477484837	141.57275780045504
2.184514025004864	0.11406502753202724	141.08597964235867
2.162326409505172	0.13000817406725268	146.10700544412643
2.527798138385629	0.15260099709809147	143.68445997590626
1.8655333257456492	0.12570611526473682	145.22778161271836
1.0701889099356217	0.17670064062946925	146.38081625579994
0.7542626563070857	0.11261907064320217	147.25628699351628
1.6504285880859422	0.15091087882225238	137.1602211861283
0.3476205267278672	0.10004128662140058	116.907241266866
1.5476422783670747	0.12159796373400965	139.2219050928437
3.936005757174834	0.4378188730954629	0.10995419193417055	141.53736686958104	132.03857188358617
2.126849562179814	0.12577204720238352	144.99651338634544
0.8226126517164726	0.12131287649844273	138.56302353516855
2.0812454073441518	1.459063637011438	0.2637368730800208	0.13646803872669924	144.59004638193008	139.62152857198984	121.79091599031682
0.9487501329903978	0.12930637070375617	134.2334143928307
2.1119060890097603	0.18394557794795854	133.14999172168453
