0.5443873988267163
0.17194874797022858
0.0969739274563651	0.14223262008657644	81.60689926346465
0.11392388531705687
0.1700637425322539
0.09929786477330502
0.13384526702942914	1.7933216677740458	66.43157662994089
0.1364200936563791	1.6773484663585703	66.4418397054426
0.13114911166148507	1.9001703609759146	66.31692910580682
0.11037502174226112	1.8608509244528761	66.12080598718616
0.23822650108939802	0.11643938727344555	1.819725531103355	141.969382582544	66.2079423989719
0.09039937627175926	4.420050927433352	66.4452285568287
0.10451345967668484	1.3866461404411823	66.39357936454928
0.1247029010367023	1.1676335081717892	66.91595964355336
0.19461424771060676	0.9306304145448897	66.15574821218581
0.2720746791410505	0.0817448081083484	0.5109292888827798	121.72523618077777	67.48575319408035
1.293553434169082	0.08491360915916542	0.8993866016334576	139.4144531951725	67.30404996628967
1.8962983868453802	0.1879198826761619	1.2916749916698602	143.81810398637754	66.92183356613603
0.8477447056321045	0.16067708821296944	136.190279495361
3.287086618509861	0.14057628629719243	135.99309987358026
1.1796259307299377	0.15178094210585846	0.11194104457280299	142.33202155921646	96.05275294309455
2.3984807291268746	0.13936530142739156	138.86555758277024
2.5359009356129802	0.12389139658273626	147.81843694741355
1.1626387766851263	0.15738145053657127	146.76267357406985
2.9888315978828106	0.13430773490751774	0.24671636828311258	141.01741374599894	75.20390396469861
1.4295543500181935	0.09440477480131758	0.1765152485831258	142.3629397912562	90.18201846303108
0.9700360572065708	0.14343646600624008	0.41333189778897134	143.2799216267631	66.77228826202682
2.506778812584662	0.47474494893176716	0.12543790011463182	2.012330488498547	151.30196166212107	144.316388302877	66.47835469311453
2.3841871330874387	0.08263140249179643	4.746851395035039	146.0924057896261	67.14483849254518
0.5574003215077288	0.14994477172751097	0.10357749814404622	2.6660608871691953	145.3409757973373	120.76927823170766	66.72541674928276
0.7826681873402792	0.1465668143300645	0.6676882735478238	146.2245472738048	66.09393227565275
4.211421087542321	0.18188056675480574	1.604101382748323	142.86912386970587	66.12701755256934
2.863398838257443	0.3837419376756227	0.1226575281374212	1.1368806698620644	139.70412333328977	138.26211912506983	66.53997828994562
1.685927644818097	0.11155582285931527	1.2721360784759124	146.88628610335618	66.42726708659974
4.867792934348229	0.07614332416119542	0.26647920424873556	148.166354116108	77.31948320386893
2.4237947152636283	0.08043403905348921	147.77654715211162
1.769724053266486	0.11645220910628655	146.63927555777917
1.5227233867864698	0.12287748567149326	142.219996200818
1.633031148696617	0.10868183414649449	0.14232394367361284	142.2094853869409	80.66851338180535
0.49132556091255497	1.3583149164441484	0.12716623271895036	150.28792862780463	135.14614039048337
3.165134675061197	0.1619860237234296	140.06798053229207
0.830610480037967	0.1131853361284554	1.538800158450838	135.38836682097485	66.49830161451459
4.039948119720659	0.11599129522706236	1.6945626475320026	139.3133362452459	66.24701508564301
4.429425544517777	0.09088955545361992	1.310395714913143	143.62964829564928	66.34414307691208
4.764048314787737	0.08464556084716118	1.2995779966711751	147.13426695210103	66.50402754755727
1.8858255050023585	0.10583962152890958	1.662249868067358	144.76783519415824	66.38487193324987
1.4916262923921808	0.09629073866579294	1.565482554948357	145.5023459668607	66.55167618216234
2.5446582819983576	0.7417978922886386	0.12372808624690135	1.5153965685792612	150.21685253596672	144.849444336334	66.36978628853976
1.77603773202661	0.11315740811596488	1.8110048991015144	148.1101102524974	66.16554027014965
0.7434661377425654	0.11707204208259915	2.0264717659837133	147.4896834089433	66.54051773707467
1.1440161991129132	0.12296376126148148	2.2290581544115295	143.6680626116137	66.29513902896701
1.7655999915114766	0.11722585145938849	1.203677779435491	145.39086603694108	66.11915619057393
2.0367769561517948	0.06857387974208255	0.5387281544881665	146.29483524578922	68.81078006835838
1.069052776021393	1.221969782296093	0.19169390881798046	0.3750937332741673	144.95063149829394	139.684407335845	67.84225599743242
2.922460061691214	0.11181198477271205	138.4648135340072
2.0464630140589724	0.1523426807185554	145.2810657035741
1.4019308878901016	0.10497319079521195	0.13516211854122084	147.5747693799982	82.04629952134252
1.6599701010997132	0.13981591554687606	144.10769757613394
1.421713037181031	0.1027519117683897	0.29650049428424474	140.9368632457067	77.72811927989432
1.6653383119439795	0.178352852964728	146.7805553168813
0.17050676802048892	0.15239196007831166	110.54378200270044
0.1473198051145012
0.12645621871483542
0.16529817269650723
0.13714009073060887	0.44823894094495	68.72367009081317
0.08685782256847745	0.3023413842454177	77.69026151328089
0.2059855574492991
0.3228417382812961	0.11614464216292648	118.0004572580476
0.13950258871500898
0.2689565417362561	0.16240026369272326	141.0008941447989
0.33891425243414025	0.11297691415685972	119.80825813653612
0.19900296877186302
0.11884631457966793
0.13106742050845868	0.8968316471769521	67.61932438135783
0.1596774080839886	0.4977822590349979	66.75656797573541
0.16499785032036943
0.09357806350654128	0.23361827395959345	67.46244425453393
0.14822724011558744
0.1101296378882114	0.20329019574820759	74.27282188329501
0.1587731366816492
0.28505534526323606	0.11315618741584642	139.9757075984042
0.17872592259542128	0.14923891927764454	108.79405543930503
0.2819261677758855	0.1036315301702149	122.07882887336513
1.3642594771225107	0.7895332043427479	0.09395184756700173	144.4618114420531	138.52540520559248
0.6497074593744182	0.09408053947315652	0.2890919892791963	138.61433958498642	75.48020055810133
0.10433818748075718	0.16575062930777365	78.74574831700731
0.143645238071313	0.13632394339925594	69.86530237468715
2.723869223920798	0.18012967174626238	146.84671191407728
0.7737362085307226	0.16125388881173175	149.3356605428706
1.1166311500787143	0.07168237656588933	0.40012379495171535	147.61478321844518	75.64064027805948
2.9846063909064995	0.09531397412075944	140.99070228236172
1.1117573931158018	0.0941619498084225	0.47384493376452225	142.95533351561804	74.69870843379118
0.10877531435132982
0.12327813716402194	0.15784421882821026	71.70243447769795
0.1527784069828446
0.1863092819173006
0.10849551256684972	0.3721753967086337	75.2151024654694
0.11161843016591952
1.244351248158233	0.09057878641633456	0.09538132897721853	142.66745850850614	124.63547187701656
1.2908976818394862	0.13427971876366063	136.3048457909544
4.342844181490926	0.16137124730496982	0.5676536931895588	135.91310220198332	68.83216928449667
2.477563153753041	0.13896845797845056	135.11114790651064
3.134539717416431	0.08388147429979317	136.3955949034426
1.6052366900750992	0.16831747539112402	137.99603913615317
1.4709179692867906	0.1367396704938961	137.3887100980744
2.407302613106659	0.12145235786432344	136.02613986081568
5.3824607639667015	0.15008295389626508	138.8860634445763
1.377242072411557	0.1200865590060443	0.25665209569660585	141.43641343004188	76.3300542561397
1.9106056576627517	0.16966656710109493	143.4693260824912
1.2709889455989347	0.09015650257049602	1.1461914338837593	143.72413269109765	68.48959224245331
2.432436882095604	0.10573759473943772	1.921584027931336	145.76736912243314	66.56543127466962
2.507886466470126	0.14313031155562544	1.2533380794604332	139.95041111988192	66.1867608876339
0.7727529950293756	0.14979735117538726	3.3360982201791125	144.2879731620571	66.16338583894803
3.0183673479927964	0.14867755062362478	1.2751827727372755	146.42112137689878	67.15048579831513
1.3386727282980417	0.10735557528479323	0.42285754771152767	148.26512771717296	66.26333035390732
1.9605573208912825	0.14738338640660237	137.9751684785214
2.2558535756382128	0.08441330468612103	0.1702686632364124	0.500111965314745	135.57924634861038	78.4241240706161	67.61972780351007
4.541968589738009	0.18839432792689742	135.51551837865685
6.402561074326559	0.10285436761680518	137.69161015002135
1.3183075881429083	0.13903763715714043	142.0623974602669
1.4858543319787556	0.17239951557822192	0.29297050703235616	140.5094684079349	74.89464296193393
5.3249995653490005	0.17653103030735348	147.71736312018467
1.4051142426780392	0.09969875257916692	147.72462318196102
1.6934038128018185	0.12504544314292856	143.24862138602407
2.2257049648266296	0.14959387867556478	142.0012423896379
0.9662119597702424	0.11223474106931682	140.21531357607014
6.122743299597236	0.1788228170199771	143.985860400805
3.0493635115744895	0.11564129279834365	144.5314712358187
1.8462172948131792	0.13509427869482568	136.94468384159273
1.2876548779692225	0.1275204798628825	137.0997659485695
2.3535440463776762	0.10451926776921341	135.7141586402198
2.443455573275039	0.11205531734208708	0.33912277436281085	136.62935096173268	66.41714423963016
1.1654474919123545	0.09719092564721708	1.6400823444719064	139.82627695158604	66.34066846782919
0.3030161255563893	2.8046486332341076	0.09026844327654199	1.4593134264229877	150.38056021116748	145.63049658302566	66.35968951150483
0.5329966595714941	0.14204925825795234	0.7211382043210846	145.3912249634014	69.18344553033417
0.9999867064273182	0.19904470160229282	1.8133665891110147	138.33520870733133	66.49195328076922
0.8611526688973451	0.12075335581123724	0.6419924956044725	135.5661198185425	66.76144065349392
0.14992573422867594	1.414322596905259	66.58688090990485
0.12675840116391554	0.45359977423657155	69.26405199533048
0.17352912504575307
0.15440389847912825	0.27951202948057247	74.88854515544871
0.11589519409599737	0.24289116879129846	70.676740634615
0.15349349830218356
0.174971150166454
0.16064391854331778
0.150857932913541
0.1604948469485592	0.831628506579127	66.19148184628816
0.14850811661730295
0.892456381592155	0.07398186412943208	0.13282038025952955	0.32310576696314236	146.09742140690366	107.41742999446484	75.78015601858533
1.027001924261023	0.2503446606124908	0.11979203673589205	0.07715163353946242	0.280216823619054	136.4386251714273	134.79032478172948	90.38597885889125	76.34608999198177
0.49414465303289345	0.09191863787188592	138.83225770502227
0.5983931665744067	0.16139833587810862	144.62143101833107
0.4725661017142593	0.15858501802595018	139.21649157663626
2.0916969494368995	0.16699804283571917	1.3579761432588275	135.96963678147966	66.27576280464163
3.6005555705019323	0.14994250353115088	1.5329409349986853	139.45548972950525	66.3187720763884
3.747360078038367	0.15290497921523477	1.3131551718604584	143.9505665555218	66.60051792680898
3.674462523970324	0.13655867957857337	1.1481731633937777	137.92746517692322	66.29782674177038
2.175977674800769	0.1343787617998251	2.7207120560428892	138.11918202167186	66.77417551196304
1.9283630907508515	0.1345328937179982	1.3117949342599586	134.79508853179144	66.19367128719176
1.896232887950941	0.13723729774433463	1.584554243817024	135.79240468691572	67.09207249194529
1.4079905932938137	0.16958855214087926	1.3392407857691968	140.92729568771043	66.25204812338883
3.2212113437321817	0.11777930011934372	0.5222854574842791	141.80776474106838	67.01956327692339
1.8432115415891581	0.13631006195095416	139.6028957584987
0.4686918703770514	0.11332952280604905	147.8486339413047
2.474783473175298	0.16347746517120096	144.38613318773153
0.17491201681548435
0.14523577208769875	0.2104266479216166	152.20807849924643
0.15617380957620833
0.09270450441949966	0.685699323891913	67.78350893140609
0.16159520191440316
1.916554664094542	0.165115720991387	147.8870309632407
3.103822293655091	0.10547802653910388	0.28848836088934987	144.1328369876725	76.30114399098832
2.0840049615880183	0.2650840231915201	140.41605661357673
3.821513002261717	0.11712058896250306	143.10673957031358
1.7211115397808765	0.14260417841476067	148.902766120136
1.0369090786758006	0.1160143016259569	0.27005627387225667	148.93612248868024	78.66662165368909
0.9968136304549474	0.14957423927336333	0.24843530963007504	139.401952361578	69.67718695781971
3.012050896262418	0.1345218794672843	137.47154007504065
1.0852633309533357	0.1545825251608951	137.07424628303386
1.692834738625797	0.18923386200218031	138.8835545116689
2.4181354144614864	0.16308532679630586	140.5566165803875
2.4519207436313453	0.14749448903247672	145.48442463293748
3.0708518152920994	2.09091953766247	0.13635370356521923	0.42486980029042815	142.80110388304013	138.27080145162864	75.43989917354652
2.500967797448428	0.11994221762233363	142.26265836852593
1.5602947426985032	0.14940042343693793	138.70293233041485
1.5087395511085036	0.09770652310763585	1.3828066927474296	139.2087711964734	66.63251735019422
1.2698404351254027	0.1207537221098345	0.9835449973226337	141.79075566623035	68.90238901007547
0.7313314272588022	0.12132232551735736	139.18836458712948
3.129266972377345	0.13280728054394503	145.21401129265283
1.9045409054181555	1.377194293585466	0.15214905025690126	150.03893361207744	146.9803076383944
3.62659461264016	0.08021322234120569	0.36135472307543887	0.29942670029356677	137.18743969920155	76.6683856481451	68.78177202833949
0.35064798773123673	1.6995654631729544	0.18862827678786762	151.56560702991362	137.7349541989878
6.057773508736346	0.5578530035983028	0.145420594592274	144.51963602373587	141.11462224255413
0.5590413844352881	0.12516602770698557	0.10355887803129356	134.88273649021994	98.6158585169569
0.9361214211173722	0.1334047583232206	142.67421734973533
2.32893846919402	0.06626724197666768	0.20838636147345438	136.95569493471376	76.12090633915867
1.6013380814894986	0.11630654379981002	139.49089060611075
7.438069189114966	0.13930748450977778	0.4157513514122923	138.68009564363388	77.4112465880001
1.0555902740715715	0.1611373878759899	138.76977175822458
1.0388305947315828	0.0987125626963467	134.86977820715316
0.1684060900792353
0.11784080720682541
0.13252871870652433
0.12417328023670408
1.0568372458938802	0.18715263055195344	139.44213549813907
0.7553695348852386	0.11093862323838703	146.50370199248533
1.6774990611338787	0.20638485253503236	146.2970447533628
2.0460149674658257	0.0745970998811805	147.22935630214596
1.3093213565819872	1.7515689000462145	0.12917166851354348	144.77541693813	142.91942175993339
1.5995476918286988	0.12657661073068274	141.2600041312329
1.8669890471544401	0.16219130660195982	137.83827449474956
2.233829532428929	0.11541656334681442	0.31076574124568257	143.01169425622385	66.49019000780247
2.476296887933453	0.11896048302190894	143.2832066397051
4.523826004526006	0.11840431511384064	147.5133743526628
3.050246096507898	0.16503163252034997	144.95983445537507
4.89932086666021	0.11795996466619556	148.09927359491795
1.1167560345948404	0.12243073353046557	144.9246563705168
0.14903442674241	0.1627861054138847	68.09882062375397
0.12443828752707069
0.5898925950497355	0.08613686421643103	0.21684096365145303	145.35331488047984	79.36728333355457
0.5295087140889702	0.09216720155788619	0.6054814075979232	139.99597984711176	69.25345819449214
0.9120536111589275	0.19798400032698313	0.12196059711169882	1.4271125747194955	143.27900913797274	119.2524161282563	66.37183078670061
1.3272381066006216	0.15206866900236052	145.85582377024494
0.8137410718016851	0.1409767359453589	145.59663214091384
1.8244996141534424	0.12030080083407818	148.34929109851285
1.556106528369906	0.15521599122787735	152.40783093025283
1.618683851718191	0.1322273006668944	146.25677736499338
1.0845748478530328	0.1287526111189033	0.2591430197883641	145.49976574014056	76.90378959252737
0.11586705683229039	0.16160592053145442	70.40301487491172
0.8338254809303679	0.2654785489744691	0.06382659838190333	0.25740476348952956	145.66933917778158	121.39584298742174	77.34002339208621
0.15221167943774414
0.12621882781154303
0.19482540672878346	0.6984730395920582	66.78362916947691
0.100911274235232
0.1290676382487838
0.11446493244711191	0.49583829997338685	66.16702476257082
0.19007030732054475
0.9612712617800471	0.12072436709972113	1.244172595559673	135.09880944909153	66.77045648418623
1.1582942670385379	0.12279292643087285	0.27994133594819887	139.52519584159614	67.05393884532415
3.1226617987304737	0.13347624122561683	141.02553578065485
1.536363860515743	0.1580663023922546	142.10720825736576
2.423695727782595	0.14226265488029347	136.08978698156818
2.172596253148787	0.1637314207851287	142.75975330606875
1.4737458439851219	0.12671119975216735	139.21281272507156
1.4635541886779169	0.15880600120186644	137.17452337430902
1.0210506176075844	0.23351122675334604	138.9646122873776
1.3824975422898167	0.07449658434705868	0.34115844594498507	141.08902764425417	76.66444317208547
1.1987149457799848	0.12126420310143	137.0483237188632
2.2514164511967016	0.14818092471210093	145.3709882741969
1.3725055770922718	0.1724437377718951	141.69158397153473
1.7363869605204791	0.12935210662499705	140.52785673858105
0.9567183111787828	0.125673144241062	0.8550526317908292	144.0555648576486	66.46477277263863
0.1620662214776249	1.3517197655365203	66.2621521908736
0.5212458883093071	0.12767579070501658	0.8337910068202801	136.7249405671701	68.47783218150077
1.9960569127254708	0.14184673090119698	1.036560901292293	136.26330040887117	66.72954508450547
2.105584407818603	0.14178002670468154	2.3765640336242697	135.89686774448228	66.26470307378327
0.7137000669778012	0.14941413661937772	1.6720318484411796	139.2634301770285	66.59973786662552
1.23890496398674	0.10656534478776332	0.28156852718540504	136.52330894443674	68.91784578950958
4.199616899117848	0.1307277146715626	135.9661977359778
2.650598317456457	0.16658040559159992	139.6207791172233
0.9625390666567384	0.12443087442512038	137.16590624304303
1.2877831172439649	0.2190711888030739	139.48888795384374
3.0307635045340056	0.16598273678726755	0.7316970229527535	141.14701300496682	66.86282395493308
1.6185028029518842	0.1705096703022226	144.46111017364038
3.022355925263193	0.1851881454994035	0.02783090451433716	0.32674751054347606	143.05901590105708	121.30627650968223	75.56261965555899
1.1798083892661113	0.3283459773056187	0.0643712077633106	0.18001447354525557	134.69509063602877	118.19097860910136	77.19253185122153
1.1487356826913782	0.11383019458650914	0.016274291911268703	0.11770376282696354	138.10309618277287	121.32479640570531	101.68292238084426
4.300726780051485	0.273482483733918	0.008727889672781767	0.18493471528645464	135.72185657409142	116.71445267498471	99.21788704227028
3.384446834567053	0.3380586439457089	0.01267001314780917	0.08651053993556397	135.1431410277379	122.06279581295362	102.89776297158548
1.9251622908553272	0.368358947057376	0.08746159497325014	0.3844441945879536	139.49100818385742	122.25529080364029	68.58631261081179
0.8171650268184442	0.24355465922903083	0.047610648576392176	0.09334251388263806	1.0134632044997882	147.10625746122838	120.356404342831	78.66342336324223	66.6003407180787
0.645252360590314	0.13447753090456635	0.5518858768245294	139.7494830024979	67.89835779370081
0.3613299721835094	0.12489148913330107	0.1794408688153917	132.27777229830107	86.8948792993642
0.11614008770598522	0.5681619316916461	67.24118303268776
0.1348478466596157	0.5081124201743061	66.26907786471955
0.7442863407353422	0.11206176470312049	0.2501727015210373	141.0508510702415	74.92275206436099
2.2012202046492093	0.16198422260085762	147.6833733267797
1.2660988886089983	0.16035724826772277	0.19402102196728216	145.79549184343634	67.96318413519597
2.3326655318027294	0.14322986747065916	144.33948147386215
1.5716987306210906	0.09231175459261168	144.08890981674062
3.153555556627787	0.12956865399341536	142.00877248209676
1.4203220277431843	2.445524839741378	0.13063759930564758	0.41864099065659865	147.82910184948585	146.43170880280286	69.63628254218973
1.8642228715437317	0.1272508883622358	0.26115293663820405	0.11341101900627645	147.9008314250283	144.13996310086415	121.38534464322713
1.9793982832593682	0.09310015235689179	0.7436356907270664	145.9506714125093	68.14614888268825
4.4458264304324295	0.11998563425450268	0.06079272858087923	1.0125031983142745	143.11952091789615	68.12143334606432	66.98365777491806
2.732656815685926	0.1424688445234273	1.30291054279851	146.60667157681527	67.2411726787871
3.0495766643260334	0.13200157509435295	1.7401765337167865	146.2553692651313	66.2893526818979
1.46941217529416	0.1421607793165711	3.5068035281630068	144.43674463951163	66.45281721590102
0.911879205486722	0.12628201043490128	2.576516511052162	136.22509623311913	66.63709156430534
0.12139251840756415	1.6786326675923864	67.708733128832
0.1202058191765826	1.4579610749762015	66.67945613885179
0.12529931326944038	1.3192319156444174	67.90147327789037
1.459562729559886	0.11271305480334035	1.6658212366124108	151.06055494349815	66.43227844037821
1.21449520293645	0.12452430159807192	1.0160237934826697	144.40631231427042	69.51049230786788
1.1433274965766538	0.09302506002637347	0.8917802635565425	145.55684729481874	67.6655482570693
1.3523259795274085	0.5016426033153277	0.14612574063341108	2.4899102947812555	148.74145722139366	146.83425186845932	67.00932297044376
0.3389330660542945	0.07540117201710464	1.9490187008448325	146.82552438422806	66.79397151048184
0.8748627814533425	1.3454050282623702	0.37771989937968886	0.11371697501837646	2.358033915866558	145.22666563588612	142.50965650911016	133.75068686578243	66.14235716100997
2.2630221663687333	0.14185472500720453	2.362682650816246	135.93825414197755	66.33475399914444
2.3024574805158973	0.13653559900819925	1.6513827745505625	136.61746241688164	66.50415543013112
2.3993231421476704	0.1447972895482211	3.1351244643895697	137.6164944629929	66.33850690000084
0.727218568110392	0.1375117203278132	2.211374751528489	137.04299737064267	66.94901917328428
1.1973055536994792	0.12594239839885482	4.027991238708559	136.574083259635	66.50857916648675
4.017755161805468	0.09560951758732837	3.105207595246545	139.58469757387854	66.55877390118901
2.6673669496203254	0.10710763820546305	0.42543861171959835	137.16813419329682	66.43958733614396
0.34238361075274276	0.09531018020819405	143.68194897109782
0.5555446126771837	0.13751810342685236	142.14081386915947
0.1419166664893008	0.08901564083072623	108.44232554440813
0.14426853153990646
0.9442133476482857	0.10916411035322841	141.82391036853838
0.8470736312940144	0.1541460782891402	145.10820929422738
3.504419676264148	0.1424567348067487	0.13050319312430617	1.2336705170690088	151.63432784436577	94.8036262802556	66.41845931721593
2.7600550883961046	0.14446274470258844	0.6683369993194029	143.90706683282306	68.40385184563854
1.3073566370605436	0.10966453206026584	0.9752654989923156	146.581458937083	66.48590112971645
2.564102732888823	0.11880745374202564	1.3961498085960768	142.67198528159147	66.58417630375828
1.4532136288021527	0.1055982885458366	3.6411510370452134	135.37768672987212	66.3046149302506
1.8305312763888104	0.09256746325355683	2.709191985422081	139.20394775864932	66.43946901622668
2.2302838743735873	0.13864524084481772	2.534273620367358	142.12083940389562	66.78997085373689
2.32539244416141	0.1142971968597265	0.7868058545902091	146.82186037194072	66.87927350411783
0.9230311777996432	0.13245902300932885	139.26696557841544
0.6537655165171554	0.12817977278163736	0.294176615116098	147.79783480381678	76.98823077837959
0.9606617874358077	0.13001745813668045	0.3794493076555616	148.20863647462707	66.76010375028672
0.6053089817188615	0.1518885659643968	151.0244268397275
0.16642337826161693	0.23489059760057962	75.21876299985635
0.13628575863147332
0.48131362045933074	0.15401781127608904	151.8924723543927
0.154788334325404
0.4895413880102923	0.19672369243230248	142.2888976344909
0.2100822117361053
0.23821372161977244	0.15750686548938828	114.33829277461736
0.12183399718968589
0.16073771029942222
0.3417900818810717	0.14625084357075663	0.19261016421152877	130.72370055128954	78.60048559786826
0.16715827181125814
0.5228471380845701	0.18208262223534025	147.74862538711062
0.11515638910833903	0.5595800288864048	66.64560698801333
0.180024042699301
0.19778945858624963	0.16191181078570954	128.89594667696892
0.13644216813620963
1.2596578510986576	0.1510018589624879	144.80071077929097
1.8854367063196003	0.13732562450395364	147.98529575142163
0.19458729080230605
0.13246646558151298
0.5236673935724641	0.11562632603833899	142.86275109078247
0.47850071349139417	0.07823415639803391	0.4261471311490671	148.1346917403366	68.13139699653239
1.4732403892499926	0.13324157902169834	148.15243558877285
1.6309972278115805	0.1273518117537111	146.51947336760895
2.6257852735949454	0.0982835076920662	141.8928844942613
2.3946454968657283	0.13819467414565328	144.78910006009212
1.5014498651970134	0.1502611330860944	146.47735244093275
0.7096614129049117	0.15225559565878555	138.33639871629438
2.1036132486868913	0.22358964343168086	139.45765220004833
1.3733967075958045	0.18396819813195706	140.48015377409874
2.0151594288417547	0.15680509144969837	137.3226592643257
1.5238551949348274	0.13204127153665368	140.21636833983854
1.0492640755587852	0.12239535290374302	138.76575265875812
1.3184605778972571	0.11703179352180235	0.13489274144436553	138.9505871165417	119.47075038801543
1.4417758865044497	0.11209177948500715	138.77182626859064
0.8244109060583338	0.1335388807034388	149.56166471827223
1.7319177129782604	0.0972072958548317	0.7747473542768027	142.98225980147203	67.00763078502762
2.0406366024208706	0.14146339760994675	1.2101454050455793	138.41476475384545	66.27903937839892
1.4990647115006703	0.11910363691950135	1.0286274917027496	137.44671307124366	66.6690177601581
3.47051337681024	0.14060208637970814	0.6694224861299558	139.1359165405534	69.00148769800676
0.9812965470422169	0.21264059560296647	0.12194101759532099	136.63534411415796	115.42416979675548
0.5152833300144316	0.5427134258740227	0.201627335273743	0.12449226607625298	0.38435617049407317	144.97974898645754	135.18180884809212	119.26888731552462	72.5286063073581
0.16171061270890655
0.12417787852974674	0.5455236761404529	67.11813847147302
0.16131720394663515
2.5469862300865134	0.13986611341384594	0.28738456590081385	140.38480540213217	67.20572313200967
1.1624836395316807	0.16108215395251724	147.10845531806942
0.23291686073527415	0.07157844618555413	0.23549333779848575	119.22975345826916	76.71806638413848
0.7148313949751887	0.11934777136509624	144.91881430840468
0.7464665120935223	0.16762288124004684	146.99026994805283
0.7514430066952512	0.1625493151816055	146.27889981132185
1.6487698074590278	0.10870831682653707	0.2435446003566474	144.14868875205798	77.10522980051022
2.570199432733474	0.1812755630933912	0.034644100423154696	0.11773134433488133	0.2388199669343308	141.12239176843886	115.1802284658855	109.22827439582754	89.72488146247835
2.388290412119475	1.1172204480859564	0.15429554248274113	144.79672138186075	138.58975367461298
1.369594966055683	0.13218512702395407	141.40327955158182
1.2455224181378732	0.1105996078660372	0.8298836284823802	146.05613990600366	66.9027213618328
5.1200670911011334	0.12049199910398181	1.4976967521483115	141.84711310953443	66.21890847813677
3.980150172203457	0.16022202046110712	2.9537716021780236	139.91315715460715	66.08028147906431
2.254801039769799	0.14445175435640195	0.930899525102422	134.2246388830003	67.12957765916539
0.7944069123125542	0.2110418250651023	1.699915866487107	137.7658194784333	66.667894369757
1.1114960011608324	0.12828221170029555	1.3865094722212332	141.74779261835474	66.47365331336806
1.8030498045750778	0.15009689090231618	138.3934182507125
1.7345095698364148	0.15210684045415532	0.18388592089739728	136.0782932965975	102.48180021258065
0.9000457561380271	0.11560738141619695	139.44412449774651
0.7565953715437597	0.12694518486268347	0.7662242198185123	137.68578523617157	66.4828297667592
0.13959394244025705	1.6536812115392425	66.3718261681102
0.13797570627030348	2.0613396079216257	66.10091289797808
0.14462880390668512	2.5481994257786726	66.55055425746734
0.2513946227589917	0.3086142463885777	0.10872608192807147	1.2991169460101697	148.7618294572559	121.23216441353046	66.48351670238665
0.13665765674434788	1.4139578117068188	67.03284683477658
0.1366113487498146	2.202871797253361	66.58289927660756
0.10256464740472784	1.5232393923134886	66.3786355570192
0.09446761345186458	2.3184978637686275	66.13324032293451
0.1676060093858219	1.7597123671852584	66.57570987761446
0.16042650346670692	1.9945658286510133	66.18690429641897
0.11694952959608353	0.7517667751341015	67.49115334725505
0.19342627683134464	0.1147762076205563	1.2262842305789792	97.35933923130962	67.44820387387372
0.15772582038992983
0.11500860748665831
0.3019619372200035	0.1342351220116552	148.4504740134544
0.16772961286597987
0.10684295442426653	0.13909922871215188	89.00975929237889
3.7551781825933865	0.1018343058545204	0.22589659787129165	145.53366460774222	78.0152827773262
3.342496761481782	0.1586299141139346	144.83969214088438
2.623773436146327	0.16311270622032004	0.06326835076418973	141.73250263015217	124.10408901483875
1.4266994230099115	0.1247006363148553	142.4969411359612
1.4401176470635764	0.11181726181110863	0.41079225877301584	144.66139355725184	68.15689828285667
1.9745286791214214	0.13799247913120155	0.3178407511417628	149.04997540487986	67.75953672645026
1.6628317549237552	0.14349145299729282	146.77558018285873
1.6607563272484045	0.09273041427203495	0.6845338689590099	147.3163638121982	66.95201077541131
0.7632334873196042	0.10288050917647645	0.21042075809222277	144.9952866308397	67.81835116189681
0.9622452502004015	1.1764329918133083	0.1672151709895181	150.46814214317075	142.40004831833457
2.5982090788157683	0.09543013965163773	146.8055128455388
0.6322077762373053	0.1896121415647277	139.7144410005904
4.1221421619330165	0.14416285522814049	137.55367382749378
0.9072630671271917	0.1308028008939624	137.58390753096077
2.120295384238482	0.1410966562196563	136.93702091568295
3.002699418524675	0.1273144207867233	0.7349750444104226	143.00209460980716	68.92637344240109
0.8342801858747182	0.13959430892708927	0.6997012207038978	143.41370850006828	67.12986157925398
3.467705102470072	0.13802353972742412	1.7601042695882905	148.15462210437713	66.21563020844675
1.845972425234688	0.1836236332879299	2.053597644645695	145.440310307256	66.7404360299992
3.083800057737259	0.11942549645404246	0.08857951217031326	1.6788869246356084	143.54222870343594	134.06145952565123	66.49887392920958
0.9260275504596662	0.14119315470423507	3.4288530967144997	143.7991873030529	66.76189087194489
0.6484854659537536	0.14222027500543946	0.9390972212050052	143.4435206979187	67.98457318830177
1.4419158624361261	0.11118788088006888	0.5939614722947462	140.57465848953433	66.06715021736785
1.7122277632963339	0.10799973456400042	1.2754143117891787	147.61075969642	66.8934851063892
2.252525866934383	0.0957023750003393	1.002577079736387	149.02993180086756	66.71940348119847
2.195356506241674	0.13220789325665977	0.789640576990196	146.17090351340357	66.78839891690511
2.7229540775331693	0.13097544920913845	0.6073932159691029	148.11489694082977	69.14222498086626
4.426551400186742	0.16573844725314835	0.11939688047773962	0.7733718805712808	143.44014503509308	140.93289935766347	66.52125097003369
1.9742582539968552	0.09693819418445299	0.7633233764557285	138.8534495597969	67.81895744028796
3.1272763449166185	0.21409942421925987	0.16369834032377278	1.1102983470830683	142.7684876263295	115.48359850816722	66.15084318195403
2.8782248611377774	0.1414632713877982	3.0090137404449915	145.69848437410653	66.18674451298541
1.5829682179339621	0.10427405854879501	1.851440942282599	146.84271271360302	66.6133567251362
2.642507689037578	0.12001100267552094	1.0687765469333008	145.2551677687169	66.76377321269281
1.133097359786078	0.11443411898598119	1.6705882981302964	140.1696110928503	66.72246931642454
1.484872707905471	0.14063378268151763	0.7879180845550091	138.48858810919344	66.96315592564896
0.7496628733102965	2.430580205177664	0.12048362687984333	1.6306452218593888	148.45220328315386	142.78633701179027	66.42140668059858
1.4288185996579004	0.10120752041103138	1.2238239500641017	141.3078295529222	67.10843033179559
0.49608689812132234	0.0908952286395995	1.3227798017765167	139.31760372288173	67.17044798660068
0.16321511850354953	1.853427240776957	66.7457611248211
0.15621906805574687	0.1550582261557674	2.2701861001887766	120.62847955104789	66.09418120391814
0.12431534200996815	1.4686156154168928	66.50240524286436
0.7096952018126442	0.12658877501830712	2.2310470868046237	147.2558205827565	66.31381802890988
0.47182576015464545	0.09406991431218402	0.5525044746491693	142.7383831218291	67.36346364242944
0.833867106447586	0.1282119288400615	2.871179474738001	139.3765650160215	66.17424407636177
1.327264731809794	0.13366387595023937	1.3898745061188165	141.63769323826608	67.05842286036405
0.6582785158410063	0.07519275149351404	2.3527820421834935	145.32633870428984	66.60773528531331
0.08224112260368728	1.02133938347357	66.96512098101454
0.1744459663445525	0.6725164193528618	66.99097128411918
0.15795943539353927	2.644267213507832	66.48728659808182
0.14694869490872758	0.7976260150493563	66.72491784959507
0.29466151530750834	0.11882126262376504	1.0890575909325069	136.25963944247803	66.56311400712096
0.8803566418789026	0.1427618499118525	1.8693513545523437	142.91531564498808	66.81714852342178
1.787109715674584	0.12190411492308535	3.5938699532508234	147.69383934033448	66.4861808518585
1.1569400755136543	5.118386850027037	0.1269257164209795	1.2975231415261317	149.46521890814867	140.53469204582328	66.65988340024256
3.6843522614322026	0.1280010512957946	1.5847362524232131	138.54026498389504	66.85693066453989
0.7092025891196669	0.18462991120380984	0.8321946079216348	137.0454517547468	66.05881957355652
0.41286423352759866	0.14095672943883147	1.7337082493567122	141.81620607125637	66.26413903986867
0.2660920946849898	0.13533500393367662	2.0141106801386037	121.23826057437536	66.61544851233967
0.14267902656053785	2.2258739894613244	66.21455742039542
0.12618988715046736	0.6216212656704895	67.56976511954453
0.1212886505162531	0.2871401442602448	71.84105459324353
0.17878702921820197
0.08496462775833429	0.3062903265205726	72.87882835086543
0.42286027401807247	0.09258954200261663	120.21598392359245
0.2372871658756497	0.09749849909536105	0.1774885862242096	139.58074253471972	74.44967579101316
0.12605424117776992
0.1729170980824891
0.735359618739282	0.20093226591512783	143.8456558839591
2.1514880811863772	0.11138707002689346	137.92614471140487
1.8193461133880688	0.10341939692932946	135.32502031245141
2.9688480062484266	0.14327973424934992	137.53420740425906
2.582664722465415	1.5021247331201895	0.12430217094861017	144.64343093570076	138.76303816209267
1.2197819331054167	0.15202184808764801	142.7279468386204
0.4105849654032136	0.11844805924030387	121.86800380774056
0.4673297309236984	0.03186879818005016	0.14087667002793153	142.4900108706021	133.4304933621726
5.236119788038416	0.10373136919064418	145.87539125048556
1.282343483088278	0.3292037062181892	0.15063423026369477	150.13288451407695	142.32966153505234
0.1666702152134167
0.07994576749770212	0.13399132372148714	81.8682159012988
5.195036213356631	0.14596279963695336	147.10381928989676
2.0513545960003143	0.16951482700023887	146.04170569220207
0.7433487705398549	0.10995601188822043	137.91300529615467
2.8704324536967767	0.15257617362053508	136.246308905845
2.123378646037215	0.1252514117353401	0.9892943507150413	141.29957083315352	67.70045126388474
2.817457586645576	0.10387772409269302	0.7227278816467566	144.37955839220533	68.30525620060753
2.4930365021302787	0.11830771621769234	145.8084699748151
2.188098689596538	0.1481211684377913	146.24755470440363
1.0867174600160958	0.1515493292374303	133.25556496914464
0.6264844033644785	0.1400209325740287	0.20488199938310572	152.69252998129056	75.6344928582845
1.5461555161373475	0.1019587800197785	0.7912440651873459	144.82894893089417	66.64564049161086
3.3622544759529416	0.09575566314443844	2.0988697081943757	138.61334219312954	66.75341475112731
1.539648690975251	0.10241424744484745	1.5012320397877406	140.17853418543635	66.76580296634455
1.277089475179178	0.10359151475872364	0.9111582593218568	144.89145573094785	67.17041797149069
1.7439991115789313	0.10588144052927081	1.1540718448883982	142.38552977005435	66.85488833446026
0.8467624396278277	0.10680037668900666	0.47114626248465186	141.69408944743924	68.94081090030566
0.8430682645480343	0.12710921544357137	0.7630413579406933	136.07259371327984	66.94340678805246
0.4902653493332675	0.09364738522430778	1.8652945618363637	128.694292996645	66.917331790961
0.15831643770205672	4.139828982393596	66.15985419785827
0.8857772686734927	0.36347227954755446	0.07366514700313603	0.7043536534390095	0.11279494099743065	2.1803376746155183	134.0060794918843	122.23539137299548	74.88090173533227	73.61371192218219	66.25031870175212
0.6718932360653317	0.1055795828563324	2.209738603647782	138.83862552139342	66.52560058630162
3.89593784064681	0.14507056512205363	2.1345482443827026	140.3934356312274	66.76511403693219
2.2281223449408003	0.07088415526085742	0.18590649953531108	145.7221301062967	75.59646188474028
1.1007047263806344	0.10422033782994908	0.24481873479340932	148.44807571034198	76.8527285192265
1.172978571784638	2.4040707266494135	0.13641397154349139	147.15144223921473	146.0966671818867
1.4136818173871923	0.10766256591835108	0.22712547247163287	145.1933045434514	77.38613492008176
4.294026553944133	0.15498960160522568	147.97321715291355
2.248343951875579	0.15494997011837996	0.3317733997022861	141.1979963377077	68.83142305486491
1.4861493873143508	0.1476248058487911	142.31906784295128
1.5416967479471606	0.12863611176358472	137.37449691760858
1.1125015077025002	0.13297114815517544	1.0944291880777661	140.59593246871066	68.56453679911965
3.3733346730155414	0.12685904156415626	141.78516081029744
0.8401176683387899	0.15194337225924143	145.15261468259968
0.6052466318325904	0.1705346787647016	142.3913964367679
2.585270861030199	0.15349070328521255	0.6800965489141477	134.92918292476935	66.85611383498495
1.4963157734480086	0.1290066179287019	0.8356182843104011	136.2542727707926	67.27576032031274
1.5503463123006895	0.09898670598940343	148.0162675490188
2.5658677533381566	0.12497349566826692	146.58662303940952
3.1958962899440397	0.12267443907624123	142.40089938346443
2.0418727332944657	0.11809263551656023	144.81765955605735
0.6797963896330542	0.12129078189928452	146.48095498768626
0.48045014054879476	0.10901842967236879	0.5343293220939712	147.68560607056915	74.7362826200247
2.2617355000356656	0.11090306195745599	0.04413412380624895	0.2031495175646851	141.40951928625572	116.35958321816598	77.02501267256262
1.545550276854895	0.16034389863317644	139.80376339277905
1.207554925829891	0.1030099500452645	146.83017992862798
1.0997377873575793	0.13208946078475678	145.61814740714937
1.9596348743725152	0.1549030600162525	147.74343351783259
1.5593859691325855	0.6288935412527564	0.16581168230481982	146.6370355966985	131.17826932880712
0.8884877726669337	0.12177801310001	137.88691355044728
2.307937957064564	0.12393901677116816	137.0042918757507
3.3934330464163955	0.16775979325442214	0.4538591278819423	140.1500260524246	69.005731297056
1.0603438124901696	0.14447532802868496	141.8157897339064
1.8622798684926973	0.13591875455348207	136.98724116123236
1.936397422557104	0.10444213853440279	140.97317345069328
1.3331025142804127	0.13552223224599363	144.7756928265954
1.2695238875446249	0.13981030441125053	145.75115825533223
3.3715977306197766	0.11883966077996479	146.18968002104663
3.3701778220740946	0.17059193468224598	0.1519898786554911	145.0136691352188	120.54675369641427
4.887666712122139	0.14951779223334571	0.10220927924165442	0.4679411673708849	140.65124585093986	121.1634888623402	66.55684058721148
2.0841529589854484	0.09115886147951498	135.81499376996214
0.7135906393809911	1.0125082264442704	0.12014375672906945	145.28126118810135	135.01444845598422
0.1288970379858501
0.134238861055346
0.11481945796820277
0.13487152526783205	0.5053480318406925	68.86095071531058
0.1424000009757317	0.057759581663086326	0.2036821835639622	111.16787960477654	76.18584905467658
0.17168435505215282
0.19237599307813585	0.09215562850507927	117.35755653327801
0.1378668492898523
0.15144873316468108
0.3892494629634264	0.13767009884427445	136.39647309089528
0.1044424681318392	0.3326618687906075	79.06592381206345
0.2580716867106463	0.13079315370054068	122.23425724786767
0.7734037131805126	0.12087415388716366	146.01315415693517
0.17314643464963866
0.1338062667299228	0.10532825388978492	92.178450761192
0.10443954810427136
0.16094274194751287
0.1516252446542856	0.4604099838098937	69.54130845521394
0.3827323541114327	0.14794418816136745	152.96707704186048
0.12727294415114326
0.1477334750857754
0.14702481328671388
0.15103972789189116	0.13608525380036032	102.46513066090446
0.14698306636770475
0.2117905229468976
0.10223093601917152
0.20737719964942788	0.027603066976260866	0.1896078172924443	105.06752742475213	82.56064818763188
0.2645594508270844	0.09996549469707922	120.38320688522025
0.18517256630427947	0.2893869708223342	69.65157405344661
1.185227815881072	0.13499188601954587	137.97929950580485
2.125302599562267	0.12921879807917383	139.13939909679652
1.6795969861192361	0.15402946956613053	147.27003713294636
3.823410623055917	0.15448929671446993	0.28240448472252694	139.19159480309023	66.3952902328268
1.990569878242013	0.1620608846246886	136.68736903519948
3.5130702412350643	0.11730201492672977	139.22421783785643
2.76960418542844	0.1612098341493021	134.2268017538714
1.262765180217154	0.16782792208078343	135.25584826605498
1.7001033227823492	0.1269218232040915	140.3141936992456
0.7538590533196905	0.126510909238558	140.21114189068945
1.795411345790364	0.10175073826372434	148.6883217549472
2.269935306020284	0.12486668870951541	0.6454454315257274	144.9632206134761	66.59137876038135
0.8448451448084429	0.16278552841362848	147.3125160351636
1.100443224763887	0.1194756890137597	0.3997610443794012	136.11120522652124	70.23889339855788
2.710844087453709	0.1420287528643593	145.06336384688342
0.2638637417708088	0.120537299056848	129.16571476217976
0.7106427215773246	0.1164365779950558	0.17805849777713204	142.7148558360749	115.73611984113293
1.1668797764877044	0.08511511249281076	0.402688754793868	139.58477586593338	77.46082163843053
0.2947959490440437	0.09382079227086457	0.23245382665891676	122.17620301586082	75.37076016918357
0.2733763510991532	0.24273401327001629	0.1848037863493914	1.387372050289653	150.78851897335764	109.84786395906487	67.45884581406004
0.13590094173541384	1.2942400147545656	66.58271444439856
0.9641508364706413	0.0896013599762062	1.7146613309782803	146.2289648753909	66.2991479078239
2.161753899543068	0.10317265571107148	1.7264554310390243	145.88632672328254	66.64994921883742
2.234600582337233	0.23185606972509404	0.10044058411868571	145.67566506790305	138.88867768970908
1.0233780620060509	0.18262247041974286	0.11302262013693172	147.16045763843846	110.82710235357273
0.1309240981822823
0.22041811273814602
0.7546684463238946	0.17331350320705594	146.41768420685347
2.5509523190010417	0.16760214949428343	138.807750232094
4.685336347701321	0.1496550011213055	138.50063687175935
2.933942808310793	0.13706814900685563	136.2132772669573
1.0778662815735474	0.09300637565818291	134.6593776346271
4.7437017460372095	0.15345070935688682	136.32179619300072
1.7248657676149945	0.11254814730844291	0.7424917426753299	137.59917665197653	68.88767979615393
0.7746538066153822	2.5376732965011985	0.13890552460639943	141.93454117745046	136.22717848476577
0.5910118442267688	0.10762246353525133	0.25845416560950046	137.88060115524337	77.96276477228974
0.16274801794526575
0.5761437500775193	0.11292921343266854	0.6133110990714571	137.18933473254384	67.18893169283477
3.0869977730758653	0.14436508810589857	1.1918828787522324	137.89414691482662	67.18513923529733
2.522265030688562	0.12195074494317142	0.9130599542388507	139.87441615718046	66.2704905766119
1.712053243915283	0.06895352057079239	1.0500802470103456	137.6379094906668	66.73345818446957
1.8702072521205975	0.1161045496821385	2.2561802035461422	141.23564026630098	66.5363480126045
1.754343975856876	0.11291789507752391	0.9779805959086085	141.9606992638954	67.35595882211585
0.8201619351902879	0.16628607690086578	2.7988903167531216	136.8502399320402	66.19837646677752
0.8059149078817309	0.20813509541868563	0.1393156517809163	3.2842732009314357	137.17527597639443	106.98135479831052	66.48069004835565
1.324667392114183	0.09814371538584205	3.026999724219006	144.92708412515495	66.8075221669919
1.9508398679923389	0.17492348166716182	1.1211294883907919	145.02589957036204	66.20375410981877
1.5615539950964135	0.14712978888539846	1.5121927193674238	144.7053417282621	66.50236688354097
3.9510347725778487	0.10114672415555528	2.75181323245827	144.2813944367385	66.27334799614972
0.5712882502664928	0.06774448975767867	1.9455907985767373	145.1788832610666	66.06449718577909
0.1933665347720403	0.558601938396841	67.13295640536758
0.1887538411300995	2.255994778087556	66.69334897363298
0.15782792100197401
0.6030935629309323	0.12459473106528833	141.0960713295859
1.5467847794187708	0.16606579697875085	148.9622661475187
2.353727782318514	0.10359350914231152	142.69654141905488
0.1825888591618202
0.15783166503300872
0.8768704159575941	0.19609405504948813	145.1021271479355
1.5192983368019246	0.10103896715993878	147.5691889290416
2.1646620481464787	0.11648367745090052	145.06592932834076
2.2225116913559813	0.13517749016063857	0.25978809859671015	144.80584825054794	76.96098625985736
4.213774019451087	0.1393427761646224	142.73476264468042
3.1761095807651785	0.14105647746329605	0.16348732945483768	145.12660757284726	95.75118884587158
4.51142978475819	0.12911512146911766	144.63921504194155
0.5298449934602361	0.13310670695998741	145.85300764103025
0.135347576785757
0.19063038584231606	0.07795586430646155	120.92913856361722
0.3778243125992459	0.1505039452452795	138.9240879160485
0.19620718133284457
1.0178807478428875	0.17655539750385477	0.5210163119155425	151.54098194718205	68.31587640044313
0.17314845584332642
0.5398491416758817	0.08882516522060452	143.96504373372588
2.309032454164006	0.14045212465445384	148.28345041043133
0.36034807132906144	2.948225445548069	0.13944099093515816	150.58787822026056	143.73205849194088
0.8659556411720175	0.12526747420766374	141.49263413040586
1.5960296402540726	0.14298941592437336	137.90640944797738
1.2724277154956631	0.13787722177538028	0.9722420503258412	138.69396293706353	66.23710149843107
1.4724616113556552	0.11764307351889748	0.4401955702898471	138.29881439479846	67.25916097011878
3.110788912248654	0.14868194710703939	139.7365364586827
0.6393199129238453	0.16443749195257756	141.79145723408308
2.1940791700195454	0.09011044107822624	0.20356683527505803	0.5212791323245098	143.59314745195184	88.50235988645251	70.62540012585426
4.6930973683932935	0.1174804870599438	1.8795806054250472	146.03341840892514	66.43005812007755
4.567942164158487	0.052711103080288736	0.11857368412609252	1.7081422645208884	146.52847728880903	140.96276885264618	66.08557531865587
3.015122812055654	0.12928642512214744	2.477828775855109	149.4367400410666	67.05685985678201
0.12270145320714275	2.4764612580127117	66.35481984314784
0.18177307563767825	0.7663980652274619	69.14912512778751
0.11696022805092025	0.4549328159463931	69.76400528772825
0.12983432611373133	0.9367748108535175	66.0900754426097
0.9308657743683993	0.6942584076071123	0.12258286449378333	0.871499717980915	145.00609921934588	143.21269188608184	66.4001784022869
0.2843440993397643	0.11863926491504186	0.6896772025242579	120.45083645980564	66.59141152036464
1.4884464725785531	0.223576306680209	0.09080173936823367	0.6510225491285929	141.13260989096517	119.12539334367793	66.1061106846848
3.075202554690473	0.10565308107375379	0.7332129565555832	134.98038445020188	66.36524671438146
5.186850896505279	0.09393148479897688	1.2120090702099322	138.1222634766479	66.92600708918265
2.9143459066977906	2.062576566419495	0.16530607630519994	0.05281367184304964	0.32161165790577284	141.77409028009737	136.96269054469826	118.56224250602281	76.51827664545196
1.7093610737721925	0.17189647399359276	140.66046408186827
0.47359342618258354	0.7216821223197238	0.13947071956024248	150.78814363319387	144.55705265533388
0.4296627257870565	0.10975633461185526	148.17340496225884
0.17945761509635333
0.9202054430166805	0.14405136432703206	132.41773473719408
0.12677498418737645
2.03091908355321	0.8975409819296915	0.12375959037546037	143.25242406024284	135.0211957336385
1.0371840118512066	0.1262583896719262	134.36279460586957
3.4085327115171133	0.10227195567703415	0.2347206018084434	0.442473833516508	139.57952215137595	73.0049743624729	71.86544613054559
0.5623492553890952	0.1266979221836218	1.2660454414081905	141.19083324074725	66.29820358224096
2.9084562033384036	0.18181246146517968	0.15608589779391996	2.047028848059715	146.627993337103	141.87875906476182	66.74975368836127
2.828868762121133	0.14285778293522136	1.214645187258315	145.2245949972703	67.19350613613665
4.194622448068531	0.1205207961386115	2.453139933745267	138.42714139911237	66.25634074638423
1.6958718381571463	0.09373350689497625	0.7013642899050282	138.71533312909307	67.13605760753252
1.9994689630180613	0.15791510437231993	138.6298180970395
1.2803079549635974	0.15846706770195942	140.6431931901837
2.252733652508817	0.12740067949363099	140.42953118358716
1.554009870877525	0.17851289542537466	0.14357531616493538	0.5889163384575301	142.26457418650938	97.79258370286749	66.69453958757056
1.807195869026886	0.08132143805704699	1.5750123805329965	141.40551351553705	66.36402700552425
2.638406762778514	0.26969813402843246	0.1561179628790924	3.6960789526938536	147.01304213183303	118.51100268076476	66.27842849593576
2.661550782391064	0.12528504384565065	3.1603269552698445	135.21473524467166	66.40379841367317
2.2763440055540496	0.11730700418963885	1.6190305018080622	138.09747895025248	66.28415271608387
0.7628912128971563	0.1331752011085258	0.18076567512539815	1.424757544319363	138.41296624833245	101.96121778157115	66.27535526167475
1.0356481721250272	0.14358855860465203	1.3324630557976982	151.24850333597968	66.99040614245217
0.10233925010642375	0.33409507662178506	68.52451645000545
0.09149437470467865	0.5197762454654234	66.95897759396982
0.6829877722452515	0.09391235840623723	1.714560910957952	142.9759235697428	66.08484556688062
0.1450650301562343	2.135551575674449	66.33785270547321
2.7560827460279125	0.11285737032074862	1.2182544139583056	143.82134612305202	66.13439038572223
1.8144942175047376	0.12289887145638417	1.883237981393652	143.04895584847003	66.7014103900169
2.440542204275127	0.11619555117480093	0.752831395946483	144.0498030831713	66.44178418096736
3.1646208300973035	0.13558613245482407	145.2078032201681
1.5713065996312572	0.1023114985961003	0.3851288247347958	144.7215115623379	75.58216187651983
1.3431793718494256	0.1832108133705097	0.11685154880505158	146.2799208622988	110.70862285217405
3.2213678935312546	0.19749666454428655	150.95763476932146
0.17654812411368115
0.12597985221816793
0.4053364651770308	0.12482952160123204	0.16958722697352596	128.03377769460633	73.01140570742618
0.9165424067055101	0.11580302114808369	144.48742189727852
0.8491792039697041	0.10315944828790949	146.95275814409393
0.554063099749007	0.15346366425659924	145.6122931136977
0.6859152195858436	0.14884701304245243	0.4667075125386214	141.06891539397168	69.20901697449875
1.9622423999797944	0.12352753254737482	0.9553822803394708	147.44838733637513	67.44208756225342
0.7324137024808182	0.10782636822089739	2.0810166243583317	135.068319749444	66.37082133156697
2.075824707765753	0.18221897536795767	1.1536303146407314	138.08653637412644	66.88608717978941
2.843623815841891	0.1679870927432414	0.9303869945452853	148.23999757305086	66.58238247267418
0.20325237682214042
1.7381716999081087	0.15614964783937677	147.6799986475497
1.5384017962634713	0.3315791692003192	0.1390786021528021	148.44943177761752	144.13393578127372
2.5358473540266027	0.15382815007282802	147.96140504308852
7.321597161695932	0.1694974579665324	0.059646575804674355	0.19119680053904833	141.54311394660604	109.09706275849047	78.22325857660297
5.331784548512412	0.21335974252874632	0.1931401374826935	0.5268953788330244	139.03106035381037	130.87763235849732	66.35137779448701
2.485249609923514	0.11940890406561198	1.6583565372747013	145.0335726577037	66.79924489030196
1.373564424094652	0.14428756935816206	0.9381535569410477	144.17412609270687	66.33081613441136
0.6981904575642902	0.029222106297068222	0.11931687186839222	0.7268287018383311	150.2343726306636	144.4361212921746	66.44501277378582
0.5740742062961847	0.11921113963304082	0.6752187941066781	146.15537366675315	66.1399457504035
1.439519613376596	0.1501695503873484	1.2821042640250762	147.8374250797237	66.9106815460458
1.8934899079855927	0.13660187360666762	1.4787068212633512	137.69693944819716	66.85117223876702
1.3507322079622	1.3081806102803302	0.2116928989714713	2.0715557519354366	146.770901271361	136.42214112233978	66.12836396018301
0.6552461842090361	1.727739297121303	0.09515919152752164	2.328948234840958	152.4144844296813	135.74529647324403	66.28593983246537
1.2471837114192366	0.09668401030627363	0.7729835980595997	136.18172614850715	66.55139942648196
5.3194570980025775	0.14697885892678886	0.6781801862799918	137.1457456749569	66.32522257242796
6.06453929761797	0.14512200660872765	2.7241440153638963	140.3354573027239	66.47567994906434
4.2109270721236625	0.12099606810854985	1.823315162094734	135.89551007919675	66.84566082195698
1.0956859209427392	0.3154806618685563	0.1441059352422948	2.4435488134638836	141.52901816203806	138.5072671602992	66.2843862226325
1.5794494785408293	0.15908276316773298	0.06369411952402143	1.4338991793027065	140.62345200278187	131.11795252512186	66.60227007667095
2.1735025702043997	0.07000459450399288	0.6930239030505447	140.99988380112964	66.30103638878114
3.2753842268793925	0.1241172029473168	147.62491121635642
1.786292022571582	0.12814545910274547	138.30816038789374
1.8973878232059787	0.13398174773145868	143.31370368628808
1.3454560481419688	0.13030662396125703	142.64155676706815
0.561831852329201	0.10779154502632037	0.06057624027423799	0.8278339067796455	139.1244735979079	72.3342938370059	68.40766685261325
1.3654245137959926	0.10700419864138404	0.17512181966690993	134.25229982019874	75.9639393809793
2.761213908404034	0.09545077390736625	0.4028840643192912	136.62240947339768	68.08393562005921
4.047983918712551	0.11220885268267447	0.5663650323326759	136.80664200403905	69.65919403361818
2.409796786727078	0.11765566415840042	0.8900814991340913	135.38718679907066	67.24618276656562
3.3513258099230754	0.11635975986796249	0.10311056402464529	0.9955441761852127	140.91221084821746	81.88795031419929	66.39294704884095
2.5560670795552447	0.12385637237208563	0.6900228454710473	140.89082425237166	67.23714092056072
3.956477014200531	0.12189471713579603	3.2609098715944014	143.9434464238763	66.4501127560275
0.7271370369015588	0.11111901923380055	1.8478489129371911	138.53955055487273	66.84231110988436
3.4513724973172426	0.14087606650350243	139.8626365912862
2.2705552012052213	0.2105863322112783	0.8134897702391299	140.35909396200464	67.52700629297358
1.1504964078934743	0.1247571741058366	1.1501292339684417	137.60588047813272	66.49092428989859
4.3643195581084555	0.1343954778002296	138.18280429318153
4.413467034128798	0.15240727266891907	136.1943504599185
3.0020159522802974	0.12098288377026192	141.38570224334177
0.5225109466184826	0.09314811720037197	140.16819931394747
1.1784726268864993	0.1300569857702973	140.7044911886369
1.552550391621735	0.11051639801405382	0.19551640222896	143.11430002827797	82.77964529202967
0.9007959742288295	0.2718654301796258	0.12064717778755397	145.10623900715999	137.37469821595354
0.17811630487145289
4.825314651155559	0.7404045906723241	0.12166432442785591	0.25082742900501936	148.4300261062113	137.41334788068855	67.31127259482072
4.130084463746543	0.15622917235151756	142.43058995476636
2.1034362874336616	0.13717739611496407	0.21762298698181912	1.0116762721680528	138.33754754010386	67.61499153062753	66.44171547652162
1.6935359336184674	0.16249114323062133	140.244100344932
1.4370480899584308	0.08148503270927683	4.753435282896973	142.13982796717997	66.17533105167972
2.8130396673003775	0.6199157850289084	0.15933126598177774	4.558878139446784	138.94621507649416	135.493300310085	66.82522737481968
2.057351840897709	0.17492275754111672	0.12194635841961232	1.7365928717130894	137.82042100074628	127.1325517009873	66.77317072580244
6.27731575146462	0.1240522944112831	0.7664059810030653	139.96814617878988	67.2367272278757
4.182037405469566	0.09356874157530994	2.314315349553484	143.32283599115087	66.99933902809558
5.402134798609865	0.08918764423446118	1.560755347788501	145.23038190179344	67.06061197547774
2.3040743138365545	0.12263174605188401	1.0027030698960975	137.58121862103084	67.02277917933654
1.2364397013458603	0.11818250858727594	6.318524408732267	134.0138694097268	66.14363643222975
1.1985957705765	0.14385754476287907	1.6722329886528802	137.4487564346413	66.89226821560945
1.1634517116655765	0.12191661772682559	1.155738023187333	146.65213417753827	66.69298947506445
1.2825381339855795	0.23313224239277444	0.19416071346256367	0.9941866963455853	150.34386078241275	90.07654526778344	67.30417099619827
2.6738677858907423	0.09772044664072756	1.4968895821844221	150.0051057057013	66.20053269416896
1.3405315465484429	0.155858995126224	0.9450903959236403	149.29253271745495	66.11291785449177
1.203806991027487	0.1550465300323407	2.444455419978508	144.23664302134847	66.2760653837535
0.8803251745952343	0.08951525282967229	0.25019140052536376	0.9247337163784259	141.18921769461113	75.3416869955463	67.0158499320845
1.724585696914865	0.14731972823043404	1.6179868115943774	145.26032202278503	66.11261382003813
0.13058001300698852	1.7939023326601966	66.29609614348674
0.15322276796347922	2.267292871912844	66.16786230313278
2.4399300616261965	0.17313902508377998	0.10536114213595166	4.062831785769982	145.0123685703894	117.11479242422824	66.44213560678917
3.1138233099002406	0.07478287650654956	1.910880659890799	141.35138872625984	66.77235261252926
0.915657914741591	0.12920011895203287	0.6239762544009517	136.1929042713519	67.12325130125434
1.549184387218833	0.11981174470113005	1.5602101719219479	139.9655159058876	66.50870917109533
2.2546027139987297	0.7720975708105311	0.1725993733258069	139.17494594667136	132.03191528603782
1.0130530392459671	0.1758373391276483	143.90559816309226
1.3656587165430425	0.13609583872685185	143.7537268865358
0.664845844883118	0.1780134159045068	136.30014953381405
2.3385157587604226	0.16033725891770348	139.65889262622994
3.282763512503315	0.14494138294414774	137.08237177569856
0.7808147478312486	0.15284865376293535	0.7456444582527517	138.38970512428833	66.2200731179176
1.720325086331411	0.07786064077065785	141.99945929100502
1.988526010915514	0.12031743648111058	145.09479302160057
2.1327202986510114	0.17518277483490843	147.99334920025262
1.4490796862348645	0.1469464798769844	145.810353592976
3.4777565870131997	0.14927040063964822	143.38080864942333
1.2336021505066734	0.08218318430482704	0.3692832624420601	136.93178728387616	77.47628807992942
1.9132194693623243	0.09208881961137703	139.78250105111522
1.4895976661331132	0.13511663728717843	0.251301268209315	140.57471871680096	76.58911606669992
0.8376420792182528	0.13070928360902814	147.1124252230113
0.19041210536365802
0.3219673686113691	0.2053124217055333	152.85847254518964
0.21340459393367425	0.04088989235454694	0.211962128688421	119.5793704593709	75.7116148255451
0.4089627016988595	0.0669049980354835	0.07723104508716395	0.3315010886850072	121.19274511583562	105.8984180286986	74.65383486302774
1.9050310137435815	0.30449216099536985	0.03490219576049596	0.03684199824569199	0.22452601978345524	141.2876904969889	119.20149132978264	93.14279495096741	76.94661403312153
0.4464178953369641	0.038591697851213524	0.1642780100174126	119.11402682038893	84.80539919606791
0.34911359122824337	0.03713506815989775	0.22254970676163588	116.42945969180018	77.03378659219395
0.4094255714434165	0.025600309749390426	0.30674636609474837	120.44445289563191	75.51149761909976
0.3883052840734724	0.0513212922243169	0.0613393134548606	0.18722280653271886	120.66686951849115	113.81383471330413	76.40694796957509
0.5193292969973584	0.06891831902779398	0.36467423915579883	121.51843548257474	75.53409400690131
4.753791267173772	0.13640038934204282	137.13803259848623
1.5461877099339976	0.13978495085570047	140.51403294063553
1.1173885054735442	0.0999046358847038	0.5337832112443611	140.52522264087187	69.18220037984486
0.16056068834230747	0.1098541191094297	130.98395884348525
0.15238888200592582
0.19686813880092432
1.3862897636895537	0.16297658804920215	146.84313792107642
2.468000985217071	0.14191299189035603	139.40947804689293
0.18059073925795707
0.12644554382037668	0.4614128621105802	68.87596489411827
0.09920519522629485	0.8648358615830335	66.74120407467417
0.13323761950880342	1.222405393102988	67.66837556075694
0.24514576716549857	0.1302369242342671	2.6429906930951366	148.3492998706269	66.38255178975002
0.12467410683292067	0.10236405816188841	1.441545782787932	105.36433306781159	66.6489394765621
0.14610697311181453	2.689563139097241	66.18985734564754
0.16218474465910246	0.09350781358776025	3.185579329442603	120.4152399301661	66.17183395160234
0.1552918637652221	0.7598734546762459	66.20487526147195
0.17712692479970374	1.3107813450830335	66.55196019974055
0.08268143203107618	0.49030460977188123	69.25746043698437
2.1743712620780644	0.19122010748621074	0.053821825249378535	0.16268258859964466	143.68555924895978	121.46384511273475	75.2459253315022
5.377241338878182	0.06883604595380263	0.197440252836728	147.7391586790514	75.53013231562485
1.5003033536286001	0.08212821861752818	0.8542049617490142	147.58990020076456	66.28842562580944
3.1510122663410063	0.13822483946803138	1.5104667650962509	145.42663130545793	66.31825333382146
2.5358062285374423	0.11462614974657315	0.973656536882124	148.17542481291292	66.94443343728858
0.7800175635088477	0.09207923475685806	0.21185123294488767	140.49018726760994	68.75767689661758
0.8883450666165369	0.10294948362676494	0.31004473283953676	143.2451823432859	67.22360713670194
1.815767570710465	0.12473768574289561	137.55441394848356
3.3164163480725577	0.12574868901679517	134.39070618457626
1.6732633470741196	0.14147266078144585	138.2052563525393
2.0755434084347395	0.14097519613111376	0.365172550892574	135.60825929107315	75.56346238910092
3.3539174653403436	0.14319973327613938	0.2515244197293379	138.53563389642514	72.86515098476667
4.1308381318592975	0.1937262522369665	136.21373412862255
1.2910506613911195	0.09903957793127116	0.29217345347072404	144.35140745566707	83.0751235032796
1.6440775634174323	0.10822726294969222	143.52293616001342
1.5871796263536073	0.18633515173542786	144.92443342376657
2.7778979401482022	0.11267315089986618	0.17329349594791854	140.25697702913305	78.49514983394573
1.0586054341080107	0.1279692361999438	143.80275322998716
1.6017519927266686	0.16736544240552617	145.5419636041573
2.0626888101659064	0.15417814367627486	139.64033153425157
1.0950010850038217	0.09899848855814719	0.30873403245104364	141.42516998278873	76.92522076323606
0.3514374541133167	0.14521294564173423	138.5564337653562
1.0726185860194828	0.16199650185967301	145.4395120199119
2.3641876498582275	0.1343629856989856	141.8492117481661
0.6152799243801448	0.10439742031933329	149.426638386585
1.6081924969217238	0.11807155835650981	140.03063482635253
1.6447924159957372	0.1913049814101971	140.21171471026457
2.492306338794432	0.1517147590086698	140.90682818201887
3.387604838648781	0.13688211959420427	139.81867447372113
2.377059929657151	0.12373105056958807	138.42059910732124
2.664599797315447	0.11701050283993371	140.10725860337448
2.2647916239346495	0.16813289762642694	135.02323862992802
1.456802587560355	0.13921838305066675	0.20785894090473414	144.49894007699288	80.73535100379836
1.8980704602968568	0.14902601797630638	144.41280653991538
1.3327415362672907	0.14982774901283466	137.84650562042054
1.0153423559455874	0.14073999218489788	141.31060208973886
2.3265913231427917	0.3084827017000705	0.09655490909734889	0.154398353462963	135.4360549322757	115.31241207585323	82.03546352761543
3.1725273365387228	0.14976794078438604	0.8148265050174549	141.79466490383552	66.86917946349035
3.1829776385832615	0.13546693094665824	0.8947583672716162	136.205699712321	66.58487301365464
1.2908828812830477	0.15499931645015355	0.5054059795642855	134.80029885152632	71.2919380374304
0.899062517415796	0.12800460084465698	134.31251569706754
2.546642789075632	0.10327224652600298	0.21847052957948251	139.27092567398537	84.6202408908994
2.0135381920229225	0.13420826663176405	0.7821620520618785	143.33102999749644	67.11671348353853
3.922772297497903	0.1050731430898854	1.8519638547617816	138.57303051669135	66.42757206242159
1.639324856692496	0.14403127758840148	1.3781937023631463	145.74847171360264	66.10812435172258
4.035888422300077	0.13391522061477887	0.7070667108853497	140.87178277995923	66.57205275588579
0.8509712078871677	0.0892877203739301	1.9850565425736018	138.77209493263496	66.85361142681677
1.1385387815666494	0.09332602697512457	0.6389108033307939	146.60871703382813	66.71434544560148
2.9625184294560305	0.1731628756658361	146.96718341817737
1.4721395037168967	0.14610630381897996	139.77583817103957
1.3845496867580693	0.1543324033803794	0.072705493236893	138.1432291643776	111.7059376369357
5.60658534252732	0.1362266195847402	0.48839025732104485	145.74348833391835	67.73835940985573
3.730082770490259	0.14027460581782394	147.24778729330293
1.9932585026049647	0.8074679578792731	0.13756728764863155	1.7959993511204546	149.42332219624467	145.3411238030971	67.10608024876898
2.44300795967145	0.17168969690815147	0.045447933310204136	0.6571029882492713	146.64769167314932	74.07395218244153	66.47294603041593
1.6244468975445174	0.1699848320190823	0.6598107981360768	151.7059877982287	66.65409554286387
0.1900935617073647
0.2646995442745792	0.18567780567577294	122.28193566555032
0.13225700806031482
0.14161405755177484
0.1657273088659306
0.08645015278484662	0.33030205156722386	75.75459584960511
0.07066733323170539	0.33538474560198406	75.65467452497886
0.12323794777297914	0.27683569232184846	75.8882261687676
0.1832234852997775
0.2495544484672166	0.13665559709118055	140.7247636774179
0.15249024325876112
0.1464616390266307
0.041042523959118955	0.170205581077366	124.64385248839848
1.7574560848347196	0.1181727814573011	138.25445900163035
4.348821653639246	0.17575649828072362	136.7326962109553
1.1931360758210368	0.3270455832696845	0.07055863924832843	0.31424853823442644	137.59798225156885	119.07619797076767	78.90369148260783
1.3911642669103288	0.5702641131148808	0.0795125553788486	0.21121640576582318	144.72440968650088	120.15982547653664	74.8899940916353
0.39658150759389504	0.03531959559809796	0.3803497535299396	122.70257446063322	76.14849548586186
0.291249143827467	0.059104794511899296	0.2183127091137937	118.59477935990208	75.80757673573743
1.2278975494957372	0.15374655393202583	152.42587113910992
1.104009851619873	0.16188364665509036	146.7439685498384
1.2906778224541828	0.12421988651798573	148.67425686104244
0.17146175687448947
1.495136402158653	0.25568939047163564	0.14155786598728934	136.11746518192416	114.55598303962556
0.6696882309534015	0.10944504507088855	142.80015773493994
1.2248746430809991	0.16821636084442584	140.1629168495646
4.378146818778887	0.1516937958751433	140.80299686175144
1.8954766088999013	0.2117068275345075	137.59431515099314
2.778324924341206	0.18696798105829873	139.43084274463183
1.46030996528364	0.12257123894203682	138.02602404176767
1.1403863412494188	0.12072512202001602	140.51091257752057
0.32573578492075583	0.13080122473680866	0.1936072968069211	146.10137211822172	77.7798016863421
0.6826554609273974	0.1440418250298719	139.16321096963694
0.8566899711072951	0.11769746036270223	0.3502972482235817	147.8987721985057	76.2492622823745
1.3774618843111377	0.10739953992951536	148.00840374190562
0.15310241240636666
0.13032583998040806
0.15739939922256954	0.11250495077217504	118.98630289817692
2.4392959450252243	0.12010674306425585	1.0962348790020975	152.24746495678374	66.20184730775063
2.0380493167108753	0.10680234118055074	1.7901951532967473	151.7142037287359	66.94568679749497
3.3452951014967316	0.07896094939062955	1.7026771725762406	143.83018616609613	67.2208215034211
1.2182800690827673	0.12052320618926839	1.1821706058578976	141.0117351645589	66.5159515716787
2.121526257915697	0.14744167328655025	0.7111747415348446	143.20184241502508	66.44102574119306
3.5528786540387385	0.12829594846386147	0.9544678961234272	138.32331494032076	66.47119875396717
1.140045511385879	0.19539874226170836	2.0375010257277837	140.92259333404408	66.22617986820448
2.246071840836858	0.10418895677094604	4.0532260198678625	146.01941625188488	66.52667250952064
0.7840677068195685	0.10970802481163099	4.3648653364773295	145.30317778624857	66.2413502310231
0.35205870585189525	0.12339891145647144	151.03819217180916
0.10124844924509666
0.6756485008134607	0.1049621190421798	149.77172283373628
1.6448874811709244	0.15650135693915387	141.83949112498746
2.174980013084588	0.1264414315928354	147.9534591762186
3.1166088563897905	0.15247902812571396	146.38499219110872
4.933022870866759	0.15205781882407365	142.8053092871417
2.182505441337445	0.1420598915831754	146.7949135914398
1.1749394804233055	0.05293624221539122	0.23321981264692643	143.64726917216402	77.66375617948235
0.10240667155592975	0.4785558896921724	68.17954882085564
0.09674299187983959
0.15062937391910647	0.09563499052890696	147.447840779803
0.4889859542415834	0.1279317091037493	147.09786818109703
2.529659912725532	0.12107090488136123	145.5263533230681
1.251298143348346	0.15704693748906154	137.8496434111796
1.567344492725375	0.08615657930389432	137.01756615405694
1.4676273783283227	0.16998885096303729	0.3966334701001709	147.10149444034894	77.2389035157171
2.7577059158974486	0.18753629084901788	152.4763424395306
0.9072562583229283	0.15896619186497482	147.42383180202702
2.0548493402675927	0.10857135976192085	143.55536969611484
1.478088742719377	0.15505327745971428	141.8149502301676
1.6504355430605864	0.1377533804261916	144.51912104245383
1.3628070440176134	0.11676581425347184	136.6621803571399
1.495892930944778	0.18056797243972877	0.3365428060135154	138.97938828207202	66.54748552393227
1.570113753047162	0.16412377889520424	136.90760755073302
1.0819709186959106	0.1075864544292371	0.15725515638745613	139.8474090126907	78.25820633173183
0.3750675892670993	0.12209537024137349	120.3239961450574
0.14883405905505537
1.0756941961380413	0.097611451764891	146.45280751035912
2.545570850012992	0.11704871000610197	145.73877113911965
0.7208870407756509	0.14892701282020873	144.54365353722767
2.933277432560331	0.15955973058123726	148.05811364586802
3.1921894521643455	0.11992340905928348	0.2838815317533346	141.3350526142729	75.56345296718796
3.97484273594434	0.22253850578422682	137.04715281098768
2.703469359066222	0.09624689899177297	137.50296055415401
2.2209759854250617	0.08897521769476714	0.64559835399659	144.56881595207665	67.07104526988283
2.5976898157940496	0.09488001890440538	2.8457865736699453	145.39617992119793	66.46718084801175
2.1523479388875106	0.13353592715940857	1.636030201489729	142.3146935256947	67.5046640381637
3.285407340372595	0.12914828920833718	2.0135277229677264	143.69228182308166	66.27622422185992
5.347296167817066	0.6613332297116545	0.3071716983865589	0.26931754975437994	0.152688957492687	0.612187778696895	147.83005436222166	146.69349679607416	128.68204916079364	122.93759212034874	66.69867778477116
0.49104316706702034	0.10282688448593642	135.68456337713786
0.16796389998281558	0.0582934564240095	0.9795737464252416	76.38545252605518	67.0130880510298
1.215316105127547	0.11547704051474579	1.1248935417981045	140.4281806314798	66.59029007493903
5.217815423857242	0.10900583261161237	1.2124759805685377	147.49988868844605	67.63854950171437
1.1749053011007957	0.179762351351307	1.8323560329191606	146.5309884046786	67.12398577729412
0.36755265242120283	0.10314036045623381	1.3620263226081815	118.48260609474723	67.00824487253281
0.26183485008212604	0.10636390015318786	0.7617611469335099	120.85087236859117	66.62640942537944
0.0858768924269381	0.08020827002524375	2.049931627810713	70.1165546330666	66.2261893577965
2.177757147253871	0.12149414419778934	1.1117659861302034	144.77834278328064	66.17009957766952
1.1024227057431917	0.1208611511920247	1.2730766868043748	140.69563813311865	67.05882179982608
0.14310124263246363	1.9634066194188347	66.35882059437407
1.4934323921583188	0.08523959698870834	1.532256500885499	141.83460631897773	66.21733514160896
0.7603388846159523	0.09967717001585388	1.8596749460836417	147.54992423545616	66.99585722437193
2.8238776877254796	0.11510165073409202	1.0120854288112189	141.78352800954102	66.32531100132184
0.6435399052065982	0.1497951710057033	137.08025971698584
2.973500345294927	0.18232956320795274	152.91673022363622
3.057997492371777	0.16444418043553605	145.11460519050425
0.489437929256318	0.16125138528469185	138.2431831711544
0.35474980751852875	0.0456234790693598	0.3842588122235746	112.56094563216196	75.28145329993124
0.177916758319042
0.14826433582522858
0.19463818517067846
0.14092939041110736
0.7613477882803664	0.07677651556306606	0.3032042563952927	149.79299797854966	75.47539825125347
1.2616459609427542	0.0898719982913817	0.28042672904553245	148.31419243598543	75.80264464142661
5.729530551627149	0.14085382690643808	1.0446169568550114	142.0046533567518	67.73595002738264
