0.19251483683231474
0.14101601493291308	0.060756649975508406	0.2635078691059448	109.84770383816144	72.02378277524673
0.07852153827126149	0.16998759355638923	0.5729813526526737	73.14659265445037	67.10667472339651
0.08492520401151568	0.1615151660588822	0.6110658825812479	72.71299385068372	66.9643837953727
0.08333797964826599	0.19498833989811837	0.5830838498146553	72.5232038422787	66.70991149704581
0.07546923753346713	0.2503411186789084	0.6257953455033488	72.65609016120855	67.32285497689804
0.37907613252572997	0.06909572218478617	0.22040590693325496	0.6281880428419521	150.41044753123936	72.58879067999372	67.13732655877071
0.08460806255299652	0.20870221371080896	0.8227871671162686	74.61175297785796	66.99665382980241
0.07367675587807947	0.18832508084810878	0.7361868472371856	74.4317246602809	66.93594662346118
0.06818407048418285	0.18376769471689916	0.6791620758311654	74.57078913264682	66.83872237594386
0.09088798277171575	0.3332998756671298	0.1357100427587788	0.8692662726392664	72.62581960356556	67.88188334363562	66.57811753104612
0.07387969885930001	0.2210174107557524	1.0712672337207398	72.92836815925462	66.60534046946631
0.11861313908815406	0.07478266693282407	0.2459333061409625	1.1120147656391253	120.97351127910625	72.92836815925462	66.60534046946631
0.08889217845589205	0.05755073817902066	0.2387683566688276	0.9265924748167071	107.72880899579108	72.86985567297745	66.7313517277788
0.08211566382811164	0.21162013124166207	1.1042628867025748	73.00501944945599	66.75299855960769
0.08206955518017738	0.07532524847282816	0.2679295876326584	1.867878066396147	114.06808554121015	73.20500595429911	66.39322982877826
0.08345556827189306	0.06688636831724937	0.2617625208874259	1.9284579772365362	145.9361386471165	73.50846356291093	66.29230519757972
0.13716856626653587	0.07494739930756492	0.26209952848169216	2.6792739673181094	115.23265081597053	73.91359194756265	66.29230519757972
0.07605865690487618	0.2260301279124044	2.33123129986561	72.99460067351734	66.37343817321103
0.07563337010438509	0.26548138413630723	3.600056272637475	73.20135803890302	66.37343817321103
0.07340180769991918	0.0925720462451737	0.23936593348072152	2.8846730561915357	83.2316208404067	72.53671015654254	66.37343817321103
0.3579681786750682	0.07638920180445435	0.22423296361557096	2.8361468092581528	152.26666180531367	73.32123233137115	66.37259202472266
0.10819131442941514	0.06792770576346978	0.21367952975614632	1.9403302484333897	96.9587914870711	73.8983737746736	66.43833964428846
0.07655110224569137	0.2346016054870979	2.6197832478318532	74.08738710203079	66.45057747873184
0.06860696165931832	0.246927815348134	2.5165884560897602	74.08738710203079	66.45057747873184
0.06821770588250212	0.07238252790499489	0.09372672062466861	0.24809561516745013	2.766546761683859	77.50437466143089	75.80622907932026	73.6140419359201	66.45133887542384
0.07477245214085196	0.2080544310555628	3.9824198178135792	73.40568310443251	66.36468633490195
0.07489696506977199	0.2449537786326749	2.830368518545817	72.53320724507124	66.36468633490195
0.07928672004903037	0.2795579952377523	3.5468267929566704	72.71098635766398	66.36468633490195
0.0757819340317613	0.3068662921774365	3.5915638073506058	72.82362861186715	66.36468633490195
0.07626367545050151	0.20707771161921348	3.125535969112636	72.77843431971192	66.35882858434606
0.06617013628429713	0.2698237277813039	3.9305635702016177	72.77843431971192	66.35882858434606
0.0886258474827193	0.2135338778539371	4.671227570760786	72.77843431971192	66.35882858434606
0.0684536716433544	0.25810996535582065	2.63221881782583	72.77843431971192	66.35882858434606
0.073807822341513	0.2465151302171249	2.9707124976741293	72.77843431971192	66.35882858434606
0.08153720385666494	0.23520708840272014	3.5166600531638204	72.99507055406016	66.3429065836921
0.05905946096237597	0.23358300866990583	2.9621479596449682	72.99507055406016	66.3429065836921
0.06591423257240704	0.20987659572218798	1.991129710913869	72.99507055406016	66.3429065836921
0.08687872274397115	0.2628123065605341	3.439950292256935	72.50868401462108	66.34782716833097
0.08732356354568654	0.25110832105815256	2.717256351880734	72.97685273349038	66.35777916277426
0.07345972835904031	0.24718999480232878	2.9304644077165904	73.08967561919172	66.35262930522548
0.07615246400826631	0.2415124476734787	2.627864909339248	73.22142547453898	66.35262930522548
0.08398705846979566	0.07039005028784924	0.2539015182760792	3.054480536619806	87.47754895801974	73.43017559282508	66.35262930522548
0.07726978935376272	0.20393878661122908	2.155381895175574	73.36530337033047	66.35262930522548
0.05856191773314429	0.24691460661815137	2.904651439875912	73.29862206277203	66.35262930522548
0.08432241403435353	0.24969822167244765	3.6772913105411913	73.06796318360392	66.3854392031198
0.06919185165802186	0.2543250387933783	3.0921203272507105	72.66349709632674	66.3854392031198
0.06471123980509733	0.25396056125608363	4.158504751822544	72.6582756996007	66.37427135149333
0.06660180512716384	0.21778543387666388	2.9786331991017803	72.66298512698683	66.37427135149333
0.0720459543295964	0.21939565034755296	3.6176497684982944	72.57791102732618	66.41808424168126
0.06676135477377663	0.18766093042784363	1.9007642344323727	72.4678921431969	66.43099320236692
0.07074452410315625	0.2629544480013335	2.1662641694816576	73.13804940458365	66.43099320236692
0.07145315999913124	0.1885258079426423	2.4480927286496024	72.7927793951055	66.43470635499489
0.07397742226185336	0.2917957238191974	2.329794461257508	72.7927793951055	66.43470635499489
0.07072755954257534	0.32132613378218955	2.972421510097582	72.7927793951055	66.43470635499489
0.1300390973136997	0.0713420145775329	0.21613074422015022	3.4352492534370676	115.1175045067759	73.11946202702418	66.43470635499489
0.06569482603076358	0.2764417612171657	3.7428908571426374	72.66209458175405	66.46840459082746
0.09655634910166273	0.10356199141381604	0.058542658362266034	0.23689517098885168	3.43913371393282	147.54491044073913	117.00244468272892	73.40676364451268	66.34269419016852
0.06114364071869812	0.23421902996669475	4.777997528408018	72.50791980938364	66.23626711813861
0.06869956059336887	0.21438110722481377	6.2497656499281655	73.88349216716419	66.15838550677051
0.07478879418552042	0.26143690097349337	3.956707397634587	73.83305987333502	66.15838550677051
0.05850100722397615	0.200064170660383	4.699353806999225	73.89110305935321	66.17793227366093
0.07616100746323609	0.25974573704541754	5.099538650173811	73.1720699290542	66.18357858858485
0.06975582139253587	0.2151248159242855	0.2893363578679732	6.557945273034659	73.56221044708222	69.70651124232035	66.18357858858485
0.07139976952562681	0.2198589788733215	3.869003216886891	73.64352397319232	66.18357858858485
0.09014970295061947	0.21098685391850924	5.055883028427474	73.9922069669152	66.17306447369086
0.06766810820278557	0.22935186880206032	4.7352512990940445	73.31809416494345	66.1536824418098
0.06969206486291256	0.25534681566333317	5.963943180534867	73.19995969752054	66.1536824418098
0.07888837591504275	0.22355867540404104	6.86277747202225	73.51671834407232	66.12154826149711
0.06366870636886217	0.1783477558273934	6.252585243757907	73.70180358976451	66.12154826149711
0.07835525655003335	0.19443500670034078	7.864912321898588	73.70356674733563	66.11781590335896
0.07135673383784907	0.23057291142826242	6.141514525188327	73.22121169296791	66.11781590335896
0.05603746400163643	0.2527490884640957	7.0065174222411954	73.34856103683951	66.11781590335896
0.06155287815426406	0.1968308732061131	8.352866387829716	73.41337147716592	66.11781590335896
0.06753003092401097	0.23771143517903584	5.33720324824282	73.20717452434907	66.11781590335896
0.06661207052445431	0.2493619702114672	6.168170688234002	72.90763338423369	66.11781590335896
0.07196114700200394	0.2617533899397601	9.926188792607423	73.33260902208204	66.11781590335896
0.06475099758416372	0.22166730144571734	5.859356340382501	73.6065112485533	66.11781590335896
0.05876597290257602	0.2249084835191535	11.666447302770104	73.3972426092311	66.11781590335896
0.060523361854053645	0.21700860870770963	6.120115227261335	73.36994349741927	66.11781590335896
0.0538817072374753	0.22545050236941455	6.058795168140489	73.66789071897156	66.11727932658017
0.063900186193507	0.25182477250247703	5.067222194086926	72.81673764375303	66.10486156402347
0.06442226970249913	0.08324125327508052	0.2266514749234496	8.458866064638562	77.7753755946586	73.43812767569653	66.10486156402347
0.059802012754794805	0.20692497596784068	6.717032219278269	73.75883936279583	66.10486156402347
0.06618526943433815	0.22264831019499062	4.331657906236871	74.22326692031508	66.10486156402347
0.06683364261236723	0.20346884691640374	5.686128887774277	74.1414987479777	66.10486156402347
0.06714123796401496	0.18496735732022512	7.444324640383975	74.23058289944491	66.11453825269632
0.06407848084777486	0.22688321855235144	6.605823636073866	73.21969872606003	66.11453825269632
0.057288138049484565	0.22744133058555313	10.720116888378374	72.85989585481306	66.11453825269632
0.07283016589130202	0.2546406684901934	7.79986570969968	72.56179370097237	66.11453825269632
0.08236739115765677	0.3040950146741491	9.156710314561776	72.49651114684265	66.11453825269632
0.06752356826613447	0.24435626187795273	8.302588080270684	72.44800579998001	66.11453825269632
0.07555785537782463	0.19167672653353743	8.437697088563539	73.01541944004387	66.11453825269632
0.07450796819407289	0.28251216271360013	6.462689309671039	72.23560109526224	66.11093563081411
0.07444552374397564	0.26740997367592945	5.5847827854436565	72.49992543331992	66.11093563081411
0.06913373399593774	0.24001373366706164	3.798178813536237	73.24970511856625	66.12046386090876
0.07846121100562355	0.2566816480969443	6.477004199406362	73.23568892335636	66.12046386090876
0.06851534628738805	0.2168984908749996	9.168342388958335	73.00499932500665	66.12046386090876
0.05659039827517311	0.18886658751969013	7.923023563600063	73.00499932500665	66.12046386090876
0.06636493408220129	0.18746572727685115	6.7129659665137	73.04675273453613	66.12046386090876
0.0721941335935699	0.1867541201302172	3.792191508077619	74.70798358336516	66.12046386090876
0.0792208670996124	0.18866578175275342	9.259157771971092	73.28539593635371	66.12046386090876
0.07588626618244036	0.20266092998924273	5.1841980317584735	73.22420737200052	66.12046386090876
0.09018662464989266	0.2463651210052543	4.40055814515443	72.96700135581325	66.13700033918646
0.07312697146550427	0.2156665201184696	7.8659395760649335	73.19409986471236	66.11049465426083
0.07139231283355908	0.20788344005946438	7.11768187240573	73.99933968333485	66.11049465426083
0.07483234077482337	0.20965996567523604	5.359448371026493	73.31606213279336	66.11049465426083
0.08704298695247702	0.22868047661512708	8.999083644470447	73.44127865322055	66.11049465426083
0.06828156124839174	0.28997225410421773	9.405273893966468	73.32794939350315	66.11049465426083
0.06453624186902497	0.20453083851820025	6.64519126044845	74.04789439976409	66.11049465426083
0.06309258230745178	0.22712183992667445	9.287779839744685	74.57869398282509	66.11049465426083
0.0777012383889412	0.18493131748843591	6.248035601368201	74.62270558426228	66.11049465426083
0.08135494345983729	0.169042395287484	8.789100510655597	71.94146057448864	66.11049465426083
0.0698699149293811	0.2540156284552076	9.513413748682929	72.1569183447858	66.11049465426083
0.08380877391164955	0.3134015603034141	5.475743781960856	72.25904026544491	66.11049465426083
0.08004118873963934	0.06833211731337083	0.3007630848198975	6.824003346655113	110.6489756711656	72.08748446142737	66.11049465426083
0.0730127626664496	0.25916966146054343	12.286725986015616	72.7533069562827	66.11049465426083
0.07141428342577864	0.25558353804535594	11.017416292993119	73.13561653733943	66.11049465426083
0.07412231249387656	0.2507949478872333	8.838419228603865	73.2720623247514	66.11049465426083
0.07324697311234056	0.2508084347530293	6.222490757605826	73.2357374171293	66.11049465426083
0.06993200463010538	0.2647512730445708	7.80544689140327	73.38093711693391	66.12138423925609
0.0659142964635479	0.26616087485495954	6.81318764545141	73.44845412632439	66.12138423925609
0.06464030179337216	0.16647143128322256	6.706368571897068	75.30278113369897	66.12563334232097
0.06405501262053342	0.21623317582892856	5.28356858107642	74.57619463319493	66.12563334232097
0.0747086436374418	0.24882264328985595	4.970938296234423	74.57619463319493	66.12563334232097
0.06126009639194616	0.2574224166408159	0.341355333969373	4.998670018036177	72.18996495853273	68.08356622345563	66.12563334232097
0.08182684397222502	0.24177968737385516	9.122548782676319	72.53966955230572	66.12563334232097
0.08329141640670787	0.23847162072977102	5.025936397756	72.44525911596685	66.12563334232097
0.07421443821613496	0.20977360801389822	8.401342919498516	72.85487663572835	66.12563334232097
0.0702891528319333	0.28617883552140955	8.140071888268066	72.67003517432687	66.12563334232097
0.07981049863814253	0.2407476909577428	7.796081655344611	72.67003517432687	66.12563334232097
0.08169417377990765	0.20886063746292086	8.25663827713147	72.41209456984176	66.12563334232097
0.0729778990498104	0.2541901023934253	7.477986691213383	72.76580941082801	66.12348179661775
0.07066203011861355	0.22447882011362405	10.042993730549808	73.13550808487422	66.12348179661775
0.06178333314724392	0.26396562542595703	7.250673971569603	73.13550808487422	66.12348179661775
0.0568612357172511	0.19077607991850365	6.067335626662494	73.16365470778896	66.12348179661775
0.05906161393209881	0.21924212010321228	4.6932352855346	73.39905101046718	66.12348179661775
0.07867869414804474	0.2128966598706998	8.930734555991172	73.00404535827096	66.12348179661775
0.07261550924336671	0.24187655355182305	8.17995153769884	72.55894691292772	66.12348179661775
0.07479392290651654	0.192215131630587	8.067352986858843	72.99917001431412	66.12348179661775
0.08973494897563199	0.08043132500867049	0.27262080040266295	4.6299623112064205	85.63563771087442	71.83711107198735	66.16647752160044
0.07125223377107022	0.21608679981068074	5.6852751571973625	73.09682750411598	66.16647752160044
0.06580350966094403	0.2167622433494397	4.849004821185566	73.18414076990311	66.13890245016701
0.07375452260764843	0.2165913709200777	8.806854994022784	73.18414076990311	66.13890245016701
0.06831865729019822	0.2296078170208426	7.576689864921792	73.34948232374576	66.13890245016701
0.05770941267935393	0.23314189685492018	7.126444222995081	73.95923306628718	66.13890245016701
0.06939295623612765	0.22424264093633678	5.773838047365533	73.8683539979567	66.13890245016701
0.06573547543913827	0.22686857146570438	5.597751312086767	73.97433254048408	66.13890245016701
0.08447012257904739	0.07370037239020166	0.2339278120006869	6.0323977645741715	148.57035008037386	72.9179346926432	66.14192879489366
0.06572050067756395	0.2892264412257597	7.32196098692539	72.89369670568841	66.14192879489366
0.07137295619308957	0.2107187305050271	7.112909003445795	72.82803361477717	66.14654702221745
0.06628002228438555	0.23326359152925116	7.663220398289985	72.89267467167758	66.1349428692234
0.08296634309559435	0.21340210835044443	4.853478553503046	73.13328308893188	66.14548315055062
0.06616366524045844	0.2299597556767242	4.832135859483188	73.51448469197219	66.17395196197275
0.07552404253545136	0.2885780234740762	7.288795792608406	72.27270699488317	66.1844109434012
0.07085997697096572	0.23845574867786262	4.476929835278082	72.96991361530583	66.1844109434012
0.07507150695921037	0.2689264047202927	3.5661021698404394	72.6295409681024	66.1844109434012
0.07540352309136437	0.22130783464016823	4.074040418173079	72.86328078108369	66.1844109434012
0.05588417093137388	0.10501782273673953	0.28408626930581493	4.727435870202263	78.0578773240028	72.6341189704905	66.18343503665979
0.07143739251458335	0.23315619775845128	5.406675688042407	72.3884697107845	66.18434342320003
0.08020204625792304	0.25585093335678866	3.908281416026182	72.10508163407518	66.18434342320003
0.08252613868082741	0.3178744762200951	3.628593836078786	72.0292351945811	66.17048155890204
0.08714283799122206	0.2568047723333136	5.736924392697229	72.4935178759854	66.20401896924697
0.04666865694104765	0.0829122694055172	0.255907832948559	4.416342626211517	101.74722315643126	72.73139959223151	66.20401896924697
0.06598176965991827	0.2805949247031278	4.196235502579853	72.30742841817235	66.20401896924697
0.07388500045249821	0.24336756597436807	4.088054796509677	73.07777705792579	66.20401896924697
0.08326359369836493	0.04176727454695961	0.24887603429645144	4.083503464404506	74.94027309538228	73.07777705792579	66.20401896924697
0.060862818122087894	0.23333893105059686	6.524139316176777	73.20852235001085	66.20205118920936
0.048432635554102696	0.08942631596788121	0.06956561203649059	0.2575149798098038	5.378490937095881	128.27985592317876	109.73655072051112	73.26983423677939	66.19574245248364
0.05954936735077683	0.20679813346810064	3.399443170741953	72.89250994305617	66.19406803476376
0.06739353866837441	0.25268015658116794	5.0599392912863905	72.56851767383553	66.23842573225424
0.07351821246190035	0.22175454847185902	3.948492721446264	73.13544574999939	66.23842573225424
0.062058791361745566	0.20048337721656442	4.035123011388089	73.73812674218269	66.24850960702466
0.07404346151994712	0.20902669817751487	4.413543355391927	73.73935846082654	66.24706910796098
0.07540325907802564	0.2605373767565907	5.096123685529541	72.88159326049157	66.18852085666386
0.07743052922105084	0.2587390003685818	5.201962797636391	72.67148401387071	66.18852085666386
0.07944587120991606	0.24418150970982466	3.389051894542423	72.32342081775849	66.19875826809663
0.08472478136048896	0.2033484810055381	6.0960003024232465	72.12597134716543	66.19875826809663
0.07152763869349232	0.20093123582936737	4.586574618532001	72.56796924401186	66.19875826809663
0.07633490931311421	0.2775271669724082	0.2215008766520592	5.446026020925939	72.99589635846263	71.98965479627286	66.1768462701997
0.06645770612230707	0.24534570131193778	4.104584340790797	73.31423483862974	66.1768462701997
0.06453254317629031	0.2197934990558853	3.3873945674710955	73.77997789640581	66.1768462701997
0.07678089954035208	0.21960391249981728	4.076135028184008	74.13536747686585	66.1768462701997
0.061787228695424204	0.18218323860095864	4.1779056955054985	74.4169429177371	66.1768462701997
0.06686925071533759	0.2477072813450883	7.086251351655691	74.35063665033933	66.1768462701997
0.07290670241832489	0.19963446158296366	7.318105271305948	73.46779991583031	66.1768462701997
0.0668178274481545	0.23979110252971217	4.773864761065858	73.46150147927541	66.18051991364072
0.07264748759233788	0.23080156419704465	4.756315875707344	73.33305056585301	66.17429956542667
0.06476899003649668	0.2640951923535231	4.054928908475498	73.1802789596588	66.17429956542667
0.0631917682556132	0.2592380545826947	6.765898395694757	73.40200606058131	66.21415728951736
0.07594117461006	0.1993444706085763	4.527649096490683	73.99918339501646	66.21415728951736
0.09186733909146921	0.21950204260014583	4.259656973840043	74.11840506409344	66.2109677339673
0.0709935524316545	0.23860430558047271	6.866001534256713	74.11840506409344	66.2109677339673
0.0822810332196877	0.21911139611434824	7.319015568445124	73.61264388729455	66.21534932094842
0.08904278390512944	0.268727110740756	4.044538042130866	73.17973515127528	66.21534932094842
0.07916235311739209	0.20210194580670565	5.904741577022459	73.83789119966058	66.22032689263939
0.07821936568470353	0.23223161818114182	5.390797332167872	73.76579106016017	66.1504931590794
0.06326579295379198	0.22704383357474717	3.8997371817155853	72.78808036817526	66.12067846717336
0.07167960478073097	0.1912065858211975	7.0325647235057245	73.31538411173383	66.12067846717336
0.06513207294415141	0.21600774693757158	6.551786445248716	72.50119352020631	66.11828416001096
0.07794399726967638	0.1976085258595208	5.748104914073224	72.99712054271859	66.12168548850329
0.12924493778199125	0.05153338032630057	0.21948985954877726	3.6248304044694986	121.90508168796977	73.08005239120948	66.1463717383709
0.07235386497086589	0.254059147210637	3.3650601955538284	73.43157554693056	66.14643865417402
0.0692222444950624	0.21873779093914678	4.059996071309997	72.7387051456546	66.15612060996513
0.08152215457109557	0.22078410172062057	4.273822063348464	72.7387051456546	66.15612060996513
0.0706633402301373	0.20006314953839094	7.2733736498913935	72.61319974352038	66.15612060996513
0.09011674613671926	0.20490202490661572	6.19250752354855	72.66176127988807	66.15612060996513
0.06854594148133691	0.2339369897268093	3.2713318636273674	72.56995074532772	66.15612060996513
0.07780312739202738	0.2529412607783883	4.415604253852779	72.37010058256949	66.15612060996513
0.06796542724021366	0.22558984030486368	6.6739907238063925	72.65568090090984	66.15612060996513
0.07233080923853179	0.2793629079116207	4.117627872689898	72.65568090090984	66.15612060996513
0.08463577738282978	0.2717643264695158	9.403055042994453	72.13598496426886	66.15612060996513
0.07403614575972137	0.2737513979162611	5.160347113150645	72.6419317602875	66.15612060996513
0.07564870223571164	0.23367331202088049	4.365591310832172	72.94866776166295	66.15612060996513
0.07520337890566645	0.2584415880208487	5.3773143732946895	72.94721928088572	66.15612060996513
0.07925997155336771	0.23285268409786097	5.914128914468679	72.96555061076764	66.15612060996513
0.06620554755419984	0.2511605974990548	5.912403770288768	72.96555061076764	66.15612060996513
0.0763059057037897	0.18665643795295753	6.315840192424496	73.38593370231119	66.15612060996513
0.08873740505306636	0.1952957170385202	6.197002292136442	74.21261030261067	66.15612060996513
0.060937070901794614	0.288115498278073	5.788049044981717	72.94897176671967	66.15710384327295
0.06656795236574525	0.30263016917146207	4.853088183602215	72.81127259451131	66.15668769905247
0.06880477152980316	0.20633585662639897	6.146069004451452	73.08983193543524	66.15668769905247
0.06919107491939157	0.20700088113741327	4.733431369322207	73.71764100818507	66.16162741777981
0.07633558287681094	0.22694012176426553	4.266857547028051	73.32836157638624	66.17005329912041
0.05817698843063397	0.25720399469402316	5.376338316718886	72.37569494304459	66.17254297639205
0.07798202812564675	0.26794450009825316	6.57965925484031	72.22368308354542	66.17254297639205
0.07399426183917591	0.32324134723548903	3.567142173658813	72.40670880835414	66.17301916368538
0.08657777280391375	0.2712465938772161	4.325976039437709	72.43885044988575	66.17301916368538
0.07332787083259204	0.29275466330258276	3.1264531719885964	72.6643535538287	66.17301916368538
0.06544969698399992	0.26238345611100083	4.121351050376765	73.14629457361539	66.15623041037291
0.08040155874053685	0.265093212390421	5.343411495592422	72.20714859822843	66.15623041037291
0.0746103785215024	0.28458095675637374	4.412770718777443	72.39793151951518	66.16551382682228
0.07387734547323774	0.2385086182981486	5.738621572976209	73.21404999658903	66.16551382682228
0.07396329839548507	0.2482246184122292	4.804234466746372	73.22725982738562	66.16435887432586
0.0640654653800958	0.19483475155511767	5.0760491900294324	74.16367524149449	66.16861991661008
0.07925105133903032	0.2014669244735799	4.281875445838878	73.89257324755086	66.16861991661008
0.07013632975470457	0.22607645081740954	4.252888615258769	74.25626837758435	66.16861991661008
0.06875386220697645	0.23134471201603854	6.683210377253949	73.57545216822378	66.16861991661008
0.07203416099927618	0.24560995310402217	4.432067160105103	73.16824949023508	66.16861991661008
0.07427783298382015	0.2212805148049429	7.06175014092657	73.33750330176848	66.16861991661008
0.07016388154622868	0.22447557810281113	6.080024353985651	73.46195693232632	66.16861991661008
0.0812610696168629	0.23622042144322308	5.22181897348854	73.24568984092541	66.16861991661008
0.07644285844013832	0.2373637000125872	4.1959253758855	72.62612339920248	66.13367842406048
0.07158393614788985	0.27184564031625275	7.112789292409583	72.63350437481066	66.13367842406048
0.08541840638460292	0.18913070007626226	6.294946421337448	73.15321747436269	66.17798292085092
0.07700941541981159	0.1788041291323376	2.565460279845909	73.28072327260628	66.3472716316592
0.0903630318243063	0.22464920873239372	3.387923589076795	73.71770654310905	66.3472716316592
0.07137426306749832	0.19308438089450766	3.479836545520787	73.74950505601527	66.3472716316592
0.07983395591880793	0.1915471891401911	3.1445293982088534	73.2910883226667	66.26979029873357
0.07936098931656058	0.22057364464881465	3.030281877857016	73.15253305132097	66.31914247441999
0.07493473560266918	0.18546174643418048	2.915005799088045	73.36484567849021	66.30002297973472
0.07135538214951515	0.24632606750924835	3.719184484204851	72.89359664302152	66.26002982458735
0.07727082063906485	0.19293695162336164	4.548904145704391	73.32720735868227	66.27827106481931
0.07055264569452441	0.20266487602177985	4.999141910811997	73.22086999157679	66.24386847420014
0.09415564895354664	0.2532690000336739	4.541183235221394	73.1859885137554	66.22571286048746
0.08000735920838317	0.24136302271107843	6.422679274419944	73.34739400674154	66.20666028712675
0.07037789465540259	0.20559050039354992	6.492993787161405	73.51044952001078	66.20666028712675
0.07572783666755531	0.20592698641036686	4.996993520418979	73.62788408248821	66.20666028712675
0.07209805653548569	0.21225998649044628	5.535061233718943	73.36703406220816	66.19058736858369
0.07281499544418472	0.2171542176253732	4.664222423375738	73.51160108182037	66.19058736858369
0.07010046312094892	0.25482879456802987	5.336698816271177	73.43604926657488	66.19058736858369
0.08550096324228663	0.21299357908310387	6.383519719615525	73.43604926657488	66.19058736858369
0.057890921167121495	0.22097377394448667	5.2458228056251945	73.26192687979498	66.19257542875953
0.07231963785418581	0.23306283498352837	4.68135363222449	73.43488914941197	66.19689238600492
0.07636880277016563	0.24036566146645919	5.767793725488315	73.46494991306943	66.19689238600492
0.08264808355940102	0.2473680710810665	5.729219581167847	73.46494991306943	66.19689238600492
0.07493566191639672	0.2428828036163719	3.5531861339796906	73.32482108156988	66.19689238600492
0.07429332267356384	0.19955310296754766	4.76018924298386	73.36807381761594	66.1909024905091
0.07817056238556545	0.23247065340953385	5.084242450636444	73.36807381761594	66.1909024905091
0.07701594256396103	0.26519961121841606	3.334856284845828	72.95924956158468	66.1909024905091
0.06562319457237656	0.2680269486446168	2.730137215439125	72.95924956158468	66.1909024905091
0.0785928376552895	0.20609353602421224	6.034200324189748	72.95924956158468	66.1909024905091
0.07818406367384852	0.25967824060993366	4.355717490413671	72.95924956158468	66.1909024905091
0.06809479434252273	0.27285055831089966	4.020360574152704	72.50083270679116	66.1909024905091
0.11970507763834914	0.07679025777080695	0.2234454558097198	6.07742330537135	120.06830646401318	72.91129288641444	66.1909024905091
0.07192592576322847	0.2815380910095844	4.7577408113189605	73.2550496019396	66.1909024905091
0.0629825184750537	0.22366613492034162	6.36101399727053	73.45017189706246	66.1909024905091
0.07404517145774443	0.23897032776449972	3.9683355898270345	73.33434266701734	66.1909024905091
0.12978503055431068	0.0829570153196974	0.17069701587527492	7.967092461647683	152.15231574263447	72.88775857715008	66.19134731768821
0.05926426331092302	0.1813172050233725	5.086381853710113	73.23349644572649	66.19134731768821
0.07646478987499365	0.19082857577905782	4.35974605468104	73.72380479575408	66.19134731768821
0.06961621214740475	0.24186090374201213	5.657831726887936	73.49704958406534	66.18362689192286
0.07033759426551027	0.22437832188770787	6.829526955966071	72.9944776493909	66.18362689192286
0.08952384768374289	0.17631327176194433	5.885551745220554	72.61220234420615	66.18362689192286
0.06624984533003256	0.23478939094246137	5.288871840645415	74.02846747141376	66.15602471907718
0.07631097926830858	0.2012227838509993	3.907908218986622	74.013518373857	66.16935085476102
0.07811486963582771	0.24927563089417804	5.8033698151282875	73.90493535011909	66.16935085476102
0.060905509205386364	0.25240854647359046	6.821665158050114	73.39037195102031	66.16935085476102
0.07864215425373125	0.25853926420367945	3.4484519502917546	73.51419359507673	66.18260854992427
0.08355531109296899	0.2040416045859878	5.580269742077888	72.87471822031353	66.18260854992427
0.07892943268200114	0.23565552409769433	4.901701957566389	73.48087177798439	66.18912398537582
0.07193389277704836	0.24814903379553926	5.2469726558048055	73.37935824866244	66.14250285258437
0.07214663011569757	0.22040062440059977	9.031794405248789	73.83927812545313	66.15479338358033
0.06806443164542193	0.21682834015183797	5.790738286899917	74.10756641726333	66.15479338358033
0.093478529655876	0.06148184275235522	0.19509635660855276	7.6328309042586575	114.00826460108784	74.08396915798713	66.15479338358033
0.0673067017528316	0.2247882873044139	5.021127308430742	73.67474846581986	66.15479338358033
0.0773124249256925	0.24881727759199193	5.180866745931073	73.67474846581986	66.15479338358033
0.08434714823626903	0.22278294367783893	6.745236107934029	73.67474846581986	66.15479338358033
0.07504630421681094	0.30070322469710764	4.154719619561516	73.24059688118305	66.15479338358033
0.06958209093986631	0.22167810115091954	5.3673862994565065	73.18120195486406	66.15479338358033
0.08193983344256076	0.22835561897178303	5.06567468696285	73.18120195486406	66.15479338358033
0.08044383298933662	0.21045280830148586	7.632003519006763	73.18120195486406	66.15479338358033
0.06788477117703459	0.24660576949412538	7.802064755866061	73.18120195486406	66.15479338358033
0.058497369057213006	0.24547915873014706	6.747327826118875	73.18120195486406	66.15479338358033
0.06369415170801701	0.22714181788214813	7.72410755844386	72.78631051621097	66.15479338358033
0.06545074641559649	0.25444208017831654	7.565559425048056	72.78631051621097	66.15479338358033
0.0863727177853186	0.2931409699803742	6.69638021313115	72.78631051621097	66.15479338358033
0.06690322435992588	0.22153571091371058	5.204194711372561	72.78631051621097	66.15479338358033
0.07476230187250273	0.30045511694742905	5.840439940311069	72.66267753265382	66.15479338358033
0.07468073186574616	0.26287912855733264	5.968771310271478	72.66267753265382	66.15479338358033
0.08875163879313426	0.1855992077088657	4.841047238681331	72.66267753265382	66.15479338358033
0.07015306438702455	0.25961701927692343	4.8955521655768	72.48427662023927	66.15479338358033
0.06599242985563776	0.24210628576831053	8.619439413899455	73.19268547554692	66.15479338358033
0.0694725929673384	0.2664723178454887	5.76383077708217	72.69695777404488	66.15259617436112
0.06416159972571142	0.2410561129069812	6.969377181207793	73.22433612763898	66.15259617436112
0.08488107851379073	0.25282508813279253	4.246067326582543	73.22433612763898	66.15259617436112
0.07214712310260578	0.2302238681031039	4.959945040940137	73.00489339063112	66.15259617436112
0.08135351889095654	0.1948757969995067	3.753171541961778	73.3274152923074	66.15259617436112
0.08042448816785357	0.25364808789099863	6.215380055211113	72.91593541745765	66.15259617436112
0.07536366977653108	0.25881686169625046	6.956564745383752	72.77304918354972	66.15259617436112
0.07405927264572164	0.22633996245091753	6.713496866371743	72.74991941979408	66.1390037003744
0.08348934285679908	0.2519359485055703	8.559655302318637	72.33965934129931	66.1390037003744
0.06538612889148959	0.2739147859848736	6.470419361866261	72.5621307717183	66.1390037003744
0.07299656891057546	0.26047388955434225	5.950134419217258	72.5621307717183	66.1390037003744
0.07351986256955696	0.255345240091456	7.709936587209752	72.66715267414718	66.1390037003744
0.06907003291576896	0.2560437578590302	5.66274138289949	72.66715267414718	66.1390037003744
0.27837122696548666	0.07492969746964986	0.24178379933443564	6.258634488360025	151.67078170389675	72.66715267414718	66.1390037003744
0.06684516192937338	0.2662929413142471	5.570150877965701	73.02055915587539	66.1390037003744
0.07835616969002542	0.2670886632941145	7.922420935990973	72.78672267986352	66.1390037003744
0.09547839173653833	0.1922579234723651	9.802182384678023	72.3106503056947	66.1390037003744
0.06565992571833039	0.2568622245010302	7.393295971881697	73.36430496947308	66.1390037003744
0.07007829721578103	0.21526255139217093	6.456795036134695	73.58013506580963	66.1390037003744
0.090356754860318	0.22538027746643027	5.915399408016236	73.61971791293261	66.12727264768847
0.07378348424716863	0.21572514730020367	6.952439104311362	73.61971791293261	66.12727264768847
0.07449493019675359	0.20504769409274587	3.156435181857146	73.80345829889521	66.12727264768847
0.06809382657210317	0.2058956592367581	5.615320842629531	73.46136652347029	66.12727264768847
0.08095139959020722	0.20459580030890823	5.31871028850557	73.32752240691663	66.12727264768847
0.06981047413310977	0.24809657269181015	3.767517988311356	72.84867980372528	66.12727264768847
0.07779481393810933	0.22008412528574128	5.610836397453483	72.94797466439556	66.12727264768847
0.07031632599804667	0.25262049102758544	5.075704349558543	72.57090847991766	66.12727264768847
0.0765674341533104	0.2707815253134646	4.223606882935768	72.69755929467847	66.17276354218187
0.06684871283307116	0.27852469910115957	3.80332412795868	72.69755929467847	66.17276354218187
0.07813055170726865	0.22851848675528155	12.975970716364024	72.90225011266314	66.12853262696159
0.08143871318798991	0.20646894207979385	7.686629374370169	72.58697152164204	66.12853262696159
0.07920720055007378	0.27024478171587296	6.3061203220611395	72.98553822004658	66.12853262696159
0.24352119420173757	0.06879749066812225	0.24358348549157566	4.81659695946591	149.3469898989455	73.03867455384002	66.12853262696159
0.06896679298387255	0.22376001422297578	6.0281120178580005	73.41168824368549	66.13532338908526
0.0625582462934107	0.2283725700005121	5.82292052280084	73.35521509025261	66.13532338908526
0.0696898158861015	0.26012359492250703	5.514021967630059	72.57503394211604	66.13532338908526
0.07538678900988362	0.20722958886451548	7.488658391662988	73.42919447281803	66.13532338908526
0.07160620661488597	0.18869730368522164	7.389508900398612	73.42919447281803	66.13532338908526
0.11371941291028412	0.0710824234413866	0.3011561844716035	7.534498311743622	114.36035346667684	73.44782049366796	66.12705781277151
0.07782216788618126	0.058505760893695614	0.2839315102245196	8.844980314335611	94.19446592364513	73.04774637873358	66.12705781277151
0.06736917949817459	0.27261171581276034	8.551729149110901	72.9891821204945	66.12705781277151
0.07503088143211704	0.24510954290978104	7.749887374337091	73.23659108158436	66.12887255587967
0.07221582734748715	0.2168955354601898	5.552486786001926	73.08167311631985	66.12887255587967
0.07045076178767974	0.2617638982222014	8.29404556161477	72.95539981322865	66.12434501748686
0.08514702951119976	0.28454497620159813	7.2681523392795935	72.51947342734303	66.12434501748686
0.08151791339708296	0.29354523371862257	7.0034010080539435	72.22800379601388	66.12434501748686
0.0874382556067556	0.23557679201226803	4.165923700864667	72.84443962079258	66.13480657676736
0.0810477092175526	0.23106046719974446	4.176202240725816	72.68133417439282	66.13169140050708
0.07571754521284141	0.24394942051354576	4.328255225408894	73.39337504039601	66.12932088541064
0.08068752571473042	0.20804702162821678	5.828693015373898	73.96100515565503	66.12932088541064
0.0697867228594731	0.2650347786029259	6.263352150414214	73.24747207206032	66.11932341711294
0.06045097173819675	0.237023396911829	7.973170059260758	73.10679790662773	66.11932341711294
0.0711575033198375	0.2863992891355819	5.610809167589753	73.54230612091993	66.11932341711294
0.08193161151332076	0.2745528612034879	4.950041810455	72.98160672115553	66.11932341711294
0.06238631768405745	0.2704877710782051	6.154196800631755	72.68248297021688	66.11932341711294
0.06991702527767568	0.30110308279409953	10.257493459776363	72.71476862847464	66.11932341711294
0.06613605836388813	0.2585786513264188	9.033242992889937	72.48962418946051	66.11932341711294
0.06909068059256535	0.2730129665130565	6.759030724349853	72.70060686791061	66.11932341711294
0.06658731148167192	0.31895203588062326	7.1606914623289475	72.42298298034517	66.12163226048081
0.06908181567398348	0.22527388124370626	7.3324477152472305	72.65445336924974	66.12163226048081
0.09899151427919659	0.08500699738005513	0.29659801119746193	6.479313436146015	147.65473410881876	72.66680999986397	66.12163226048081
0.07369385903632826	0.2444086361179879	5.95202777110589	72.95598818394755	66.12163226048081
0.07677067779422375	0.2759442565502525	7.9946224556895045	72.15310344271319	66.12163226048081
0.08324402110025395	0.20564650118534067	6.465739541974502	73.04280478691716	66.12163226048081
0.06034935687566437	0.1865234654618402	7.903659413545013	73.53506862226403	66.12163226048081
0.10063520582557299	0.08101910034287568	0.21934969638502425	9.877102280160514	151.34696484983468	72.77733541833136	66.12163226048081
0.08476797849520441	0.22571518014880124	6.943420833746455	72.97178652217859	66.1229259767689
0.08209058415481767	0.21747602442152456	7.664434455546737	73.86091826931192	66.12238434992267
0.07686348572421542	0.24791284121901416	8.176122153852104	73.18582416098567	66.12238434992267
0.07469699724519456	0.2315289804079677	8.01656892291214	73.64238527947563	66.12238434992267
0.08324144638965694	0.27309930492703555	4.336448121773879	73.17522411018463	66.12238434992267
0.058421979196833305	0.2740941486329238	5.194703045065379	73.63055253443977	66.12238434992267
0.0800584022757896	0.2407427528961431	5.703951078105844	73.172421069635	66.12238434992267
0.07341601887397603	0.2038867260779611	6.8426348855115515	73.172421069635	66.12238434992267
0.07602136807516126	0.2308911350267178	4.932486098178047	72.97505135038548	66.12238434992267
0.07837714734404913	0.21509837016497582	6.7097778877184515	72.83005923077239	66.12238434992267
0.07904204662816032	0.2629733465672696	6.346859694757178	73.41844263861776	66.12238434992267
0.07850114147301955	0.24689698216299166	4.910728002020253	73.30495337413629	66.12238434992267
0.0695413593402126	0.2338093162489222	7.882558471393995	73.13998748878264	66.12029124250242
0.07442520858472264	0.24588370921915953	8.676201908708329	73.13998748878264	66.12029124250242
0.0934945188547751	0.09023598502494391	0.20505332610100588	10.901378961863514	115.6933886363654	73.47332364010623	66.10550970146267
0.10607150950007461	0.07780403790412627	0.2333635911105846	6.7245589595574105	133.92630705426376	72.86977713811919	66.10550970146267
0.07765384271153229	0.22826712417799241	6.162829909917541	72.83128762016517	66.10550970146267
0.07440343636308404	0.1761167150530283	6.397721313729275	73.3940071982296	66.10550970146267
0.08011404016018296	0.19409254611665439	5.377992701762296	73.7440805022077	66.10934770686278
0.07822116438744695	0.20798378045342322	3.8245214557886595	73.28828893474007	66.12535173602033
0.07347948398178952	0.26199090288475096	6.455475323138269	72.93873393585393	66.11406002783488
0.07038499584318059	0.21309964741899123	15.214842069054821	72.57499693733678	66.11406002783488
0.07494827118460796	0.22353143350985846	8.417649510250214	72.95469817478019	66.11200995270296
0.07313859047330082	0.2639710658095094	8.71231134560037	72.98142469151175	66.11200995270296
0.07336993993863312	0.20722690983673087	3.9444506429960016	73.98127530615874	66.11200995270296
0.07308610096406162	0.18544643795308655	8.541366487151157	73.25587806881713	66.11323518681453
0.0731952980953111	0.2384244191638999	8.029941741032918	73.25587806881713	66.11323518681453
0.0927137089111162	0.2690266206719275	6.253709347146638	73.2638207932312	66.11323518681453
0.06413892613063589	0.15688722443947534	6.772541797104804	73.2638207932312	66.11323518681453
0.07149375067637383	0.2515997679805635	5.847457882206015	73.75398614170636	66.11323518681453
0.09035612074992802	0.24457489251032277	8.33324733344858	73.23498417878955	66.10095991153837
0.08089672208941481	0.259538570899419	10.367791754633835	72.73338646457591	66.10095991153837
0.07002311446111334	0.18633029943657234	9.202533592455111	72.89242186650797	66.10095991153837
0.1834544618214737	0.07039179777443524	0.253095859424502	4.55642395649962	143.15443291700836	72.80396392673116	66.10095991153837
0.08241344892169357	0.22476995647911324	5.980805369825329	73.12902887747765	66.10245694696022
0.07274735202583318	0.24364924227165943	7.879798299299315	73.12902887747765	66.10245694696022
0.0725899594588539	0.19909667378016008	8.595675767479017	72.83458481737786	66.10245694696022
0.09191727855966357	0.23028189950945543	9.398694956505983	72.55299848301867	66.09856115521883
0.07017242799360707	0.2783027613712653	8.225051690808302	73.02162394215469	66.09856115521883
0.07662130524345405	0.23119535458948196	6.827556212052918	72.98765150996589	66.11335146052339
0.08120288798814118	0.24373083279191032	7.290885937371645	72.98765150996589	66.11335146052339
0.07762273911031058	0.2178817970093569	6.460469914788603	72.98765150996589	66.11335146052339
0.07520861807864404	0.22281595665567047	5.870074767438217	73.37456872424679	66.11335146052339
0.0980951173915433	0.244154490598912	5.0058804053438815	73.20158457500246	66.11650102040701
0.08154502011162022	0.20895271248162386	5.835104003067048	73.49775789981051	66.14525021456765
0.08551395904341143	0.21140847781289912	6.914675727604676	73.49775789981051	66.14525021456765
0.06609275821008262	0.23819253998723824	4.638314806822306	73.42729098261117	66.14525021456765
0.07367465134379197	0.3041391510158143	5.854698234869057	72.60648136956365	66.14525021456765
0.07613038615819845	0.3105240862257164	5.236194205132747	72.60648136956365	66.14525021456765
0.07183327219489848	0.2763896849038353	4.393943287562554	73.08674647624254	66.14525021456765
0.07410141648491556	0.2601268355724856	4.690244211116458	73.40880497962932	66.14525021456765
0.07015957909730192	0.24013105577882113	8.864348949927816	73.40880497962932	66.14525021456765
0.07694725132676547	0.2677509683742728	5.558484818889449	73.48701882213513	66.14525021456765
0.08317917635024683	0.2583017907042318	5.321767687266046	73.10713565875861	66.14525021456765
0.0655140868045702	0.2651669932015251	8.170017356015821	73.10713565875861	66.14525021456765
0.07840969545078937	0.24543493557529092	3.68296997489762	73.03568703045565	66.14525021456765
0.0646058072394238	0.2733056146507244	3.3846821320533342	73.30050955476493	66.14525021456765
0.08300617659179459	0.23346281583072176	8.577807229215365	73.30050955476493	66.14525021456765
0.07206541776671611	0.25932787659606493	6.845068423271767	73.2172322799328	66.14525021456765
0.08619828060425745	0.197788049201037	7.621801969141844	73.47439568692248	66.14525021456765
0.0822091493364169	0.2423889459697112	4.272951415400001	73.11711720984928	66.14525021456765
0.06736975676070132	0.24576849904066686	4.26768119635121	73.0104666875892	66.14525021456765
0.06769875186865879	0.25260486782940106	5.2003159182824295	73.20757184418963	66.14525021456765
0.0829293667798738	0.2643765601775464	4.402949661855884	73.5970983505869	66.14525021456765
0.06587858505272445	0.19340269016824257	5.686542985362412	74.12369249999868	66.14525021456765
0.06846438204382078	0.24146929486055912	4.926607963520588	73.90639431282791	66.1576779215588
0.06975851966268691	0.20617641444078316	5.7803653439890095	73.93246254956819	66.1576779215588
0.08194319809305098	0.22658560376456102	4.017574329940186	73.28727780530106	66.1576779215588
0.06321189517445308	0.22168502556361963	3.73087851209403	73.18775835574795	66.23118673527637
0.06861048001152519	0.2277914872073182	4.247542329254631	73.18775835574795	66.23118673527637
0.08136248794937825	0.07018338463642403	0.2302793345803188	3.4589484469774474	120.17936069128267	73.37069173449484	66.23118673527637
0.06942316010139725	0.1966750824609898	3.272391817363568	73.31830150172526	66.23118673527637
0.07103409733855333	0.1986607732780681	4.606947735383691	73.80522010598092	66.23118673527637
0.07271569466827736	0.22566564761783336	5.251951995193902	73.81231535877573	66.23118673527637
0.06931961908379614	0.17019829107919907	0.06192670425489833	0.16508885279398777	3.382538026685295	123.29511444088543	118.15979604596708	73.71066947098319	66.23118673527637
0.0820951077151349	0.2183964841319679	4.848736811983757	72.76441388960593	66.23118673527637
0.07365434664934303	0.23388103735136498	5.744284505234774	72.48993828809003	66.23118673527637
0.07313804369366386	0.245210758355296	4.7695023786486495	72.37333793480364	66.23118673527637
0.0807029173568585	0.24147683632772973	3.871576917284362	72.51044912938227	66.23118673527637
0.06357360944595274	0.25995207769257206	5.481782678399529	72.40331929063665	66.23118673527637
0.08286587342055377	0.24272613138446786	5.427481283773564	73.22802406982369	66.23118673527637
0.08571253207478605	0.2334072382046188	5.42604876269119	72.88386783379151	66.20468793387519
0.06495906226318295	0.2716685221272725	4.180315436763626	72.65219658292104	66.19578779170207
0.08651796374513698	0.26445322162582274	0.29004948751203885	5.884720747724657	73.02889917594935	67.489665208907	66.19578779170207
0.07719149596896749	0.2738210086510429	5.94015292355321	73.27069896615806	66.19398013918432
0.06914972560063981	0.21370533508116382	8.915306407189686	73.11886382241889	66.19398013918432
0.059214434805099914	0.19836343828113734	6.7240350576076535	73.53094670975939	66.19398013918432
0.052905717244624555	0.20575214884048057	3.016696389626106	73.77072307780124	66.20861077608423
0.06916729224510677	0.24797890862908814	5.148787371174754	73.7006203024944	66.21644494419414
0.06977382902425107	0.2422072394830463	4.628904122904064	73.83216103195683	66.21644494419414
0.05719177810011404	0.2412468621258991	3.153879459626269	73.83216103195683	66.21644494419414
0.07254434009078989	0.2913797767964229	4.002343537413097	73.3376833174914	66.21644494419414
0.06300725316841033	0.26545552353512275	5.028429327051696	72.74246281275049	66.19083132182453
0.0604999476522126	0.25792850890639873	3.819270446520919	72.60308468934652	66.18032159875925
0.07776903627754407	0.26487763124983627	4.794815880316838	72.26393737831837	66.18032159875925
0.07331161498827497	0.24799858224870117	5.4867788677582245	73.0715453028139	66.18032159875925
0.07549580308656714	0.26253935654386845	7.265374585608722	72.8230620546981	66.18032159875925
0.07221866334900051	0.07264152838715847	0.24760269461534554	8.639419253520776	142.9047583689168	72.78322932627539	66.18032159875925
0.07394695887309173	0.21210710976927188	5.538618626536364	73.12714357243912	66.18032159875925
0.06918368079653968	0.23353024319766238	6.833169526018951	73.12714357243912	66.18032159875925
0.07885066772396915	0.2135645933842471	4.328246621239467	72.79950295563904	66.18032159875925
0.05936327703214802	0.2299023583013118	5.957572464727524	73.32487991711443	66.18032159875925
0.0684509852677932	0.20662121461923583	6.9784891897956145	73.42165103364589	66.18032159875925
0.08584013172028254	0.24150171105677706	4.947315051988857	72.87615909205051	66.19537541222999
0.0694481735013027	0.2785527989595019	5.626106400423457	72.59425496947281	66.19537541222999
0.0762780506751751	0.2495904838045064	3.5469817386405675	72.88271248144524	66.16691923533145
0.07887608901190458	0.2677880055257402	4.639880958847945	72.67313151492742	66.16691923533145
0.08364143993755743	0.2823207452792389	5.578971396715292	73.20188271276659	66.16691923533145
0.064410461915546	0.30296085601073075	6.105516564873872	72.7158190374642	66.16390030835356
0.0699149769840883	0.33105202791816213	7.274435290533907	72.26896860273628	66.1520295631267
0.06989386706711642	0.22226739781615415	5.255636884365812	72.97092856502255	66.13899449557842
0.06546989787064235	0.22557346444057974	6.36171763665255	72.95569506232422	66.13899449557842
0.07435724104845057	0.19708421658876543	10.998206658770084	72.92153283697458	66.1200055796373
0.07705415328972653	0.2777400041255632	5.036811642818216	72.962208432626	66.12792175428976
0.06182022089162154	0.25246492862560926	5.445373567028937	72.76620773687586	66.12792175428976
0.07445834811647069	0.28878425418687126	5.948090748133241	72.82043586950647	66.12792175428976
0.06327301546013236	0.3356862804660071	5.734713105967063	72.65264872157633	66.12792175428976
0.07761004091882882	0.24135424746812603	8.123212566487599	72.63019277646795	66.13087638827226
0.08159268417651323	0.2258260697006598	5.54001890667982	72.3705991879022	66.12922405511165
0.09050994510657132	0.21646693078333076	10.090697790287342	72.8042316126627	66.12922405511165
0.0696685929816094	0.29167543249230155	10.312867612765684	72.70090798280945	66.12922405511165
0.0736138580874375	0.25362016867759457	5.826401227663925	73.37532779237868	66.12922405511165
0.06300946637285577	0.2256295342708788	7.20245590275262	73.39435552317788	66.12922405511165
0.06683674480075015	0.19750127750179297	6.607688290256052	74.27969889266782	66.12922405511165
0.07267660290169385	0.20242088845008377	5.0754656703713055	74.07047519451756	66.12922405511165
0.07335864349104886	0.24307353068230245	5.126689664167173	73.28990031316793	66.14675825823338
0.07015848673351367	0.2602064989743224	5.63441619261675	73.04540355707925	66.16579999742295
0.06462142069644373	0.21240696562477318	6.482025895675662	72.91334027445008	66.1522910764773
0.06008608457357438	0.19727259751392365	5.949406907984769	73.88061368059726	66.1522910764773
0.06287992089980797	0.23115393869958234	3.705509074955797	73.90716231282846	66.1522910764773
0.07232466427090427	0.21392770329460925	0.3897321668627001	4.532300696578949	72.61014048876396	67.27142289763106	66.15040998614946
0.07811435560990754	0.24475543849159223	7.600513304183296	72.6601656060538	66.15040998614946
0.07802005962028169	0.2506063005172611	7.465960689098681	72.74375425556813	66.15040998614946
0.08337625062167914	0.26137695691607127	4.561880969258938	72.11499117355746	66.13790141383495
1.0728916651523372	0.0871940929909011	0.22289833128816414	5.216882765246651	151.6971730242833	72.7404787330352	66.12737451929097
1.1302294288495003	0.07159273950813874	0.21424847926332344	7.866158950929965	152.47600248863313	73.44332727746905	66.12296129026225
0.6027560997796675	0.06124018645388192	0.20865875271806045	6.042706133725379	151.89152600686313	73.91455643518768	66.12095122149984
0.9563386702659284	0.06664399337658322	0.2417757640255578	8.667277469542716	152.57482029728806	73.44605272112642	66.11947257914785
1.5493032855211044	0.06459003320209643	0.2645417287454646	3.8110739586768543	151.7639925506286	73.11084003428218	66.13089652233313
0.6146638069942606	0.07736792362566504	0.2415181299163093	9.590514021114345	149.8227282151643	72.66088613413908	66.11919599006927
1.017834441194157	0.07134151876632275	0.22531531000851043	8.685262441945541	150.31115208622907	73.01747729640641	66.11919599006927
0.26008810731254633	0.06829556171248356	0.12066252217595973	0.21352443254070547	7.059032156736819	151.02728380531	77.79051424727312	73.75827011075702	66.11919599006927
0.06623320808085385	0.22560363498458574	4.055622898710705	73.46674140210057	66.11919599006927
0.0799439793510256	0.23644552305407646	6.577313754697353	73.35841174255978	66.12747224641018
0.07327665445617684	0.2085177941544258	5.620158118928072	73.54272106186023	66.13050597018848
0.07100694995184105	0.2954508834582271	8.623496592938892	72.93225414539174	66.13050597018848
0.07097228890630805	0.27792412142745826	8.014415386176301	72.79048069012389	66.13050597018848
0.06764261360717212	0.27399928735033385	9.761526669074529	72.65494905123211	66.13050597018848
0.08174194022932313	0.2246735062074266	7.406884138094926	72.91889380647089	66.13050597018848
0.06826975616499334	0.26337713478917657	4.315971560846762	72.81261369309291	66.13050597018848
0.07032086230525171	0.2111222743732928	7.808333107168494	73.36332377403085	66.11748059411838
0.06315489005865653	0.27381248858932133	6.823695304916561	73.44767606784542	66.11748059411838
0.07734894262196897	0.24279595301065693	6.257187432961706	73.35635947747737	66.11748059411838
0.060881569847542755	0.22173491282667532	5.8435892713271445	73.19713393307376	66.11748059411838
0.07668396417236417	0.22091488653464228	7.264326907999052	73.03834030407582	66.11748059411838
0.07890222525280036	0.2448372154207848	4.108343366624183	72.66418091192831	66.11748059411838
0.06388520621059703	0.25909120209579733	7.993125698481443	72.57395400504927	66.11748059411838
0.08195294306570838	0.2447658983840254	6.833260450041157	72.65032238798635	66.11748059411838
0.0655307975388609	0.07705609064332988	0.217166701305131	5.940097092369315	129.0443245852332	72.80878996334958	66.11748059411838
0.0771870150653826	0.23101818129652815	3.262328623166383	72.80878996334958	66.11748059411838
0.07644413954105023	0.3101401688207331	4.199495484786555	72.80878996334958	66.11748059411838
0.06593109222527824	0.2587390561287533	5.783061560452746	73.15522518898412	66.11748059411838
0.07402493827127779	0.1908782400232582	8.290342128605609	73.08091443697957	66.11748059411838
0.3826144358635212	0.07287503490985356	0.2240627146892236	6.053476234871754	145.94781167497638	71.71506676381311	66.11812134426562
0.08045480054965194	0.251698097041293	4.510271646946647	72.62732213068787	66.1253629612971
0.07476684798074706	0.15565433942666632	5.992242011261023	73.76019938510935	66.1231207030592
0.0805151202281151	0.18602933341299577	9.166718495001724	72.77301376699758	66.1231207030592
0.06709334479379366	0.20817031421352206	9.477038133259674	72.92877109665379	66.1231207030592
0.08136399563598125	0.2540993897873717	9.699360367285214	72.92877109665379	66.1231207030592
0.06517952061384412	0.20237960564406865	6.204058521615693	73.4499100042167	66.1231207030592
0.08400674787880574	0.22476024353089638	6.495644063575874	73.20238912756429	66.15210582861856
0.07664014979220139	0.22721993972811164	4.393603863382383	72.71068548457701	66.15210582861856
0.0753525181807857	0.20685340941789152	4.207403361159634	72.7281136180181	66.15210582861856
0.09110000472574005	0.3128923687470645	6.794671905779599	72.78335280203179	66.15210582861856
0.0680684665554278	0.22283352149739896	6.420977326898151	73.01858537116141	66.15210582861856
0.08405044408760251	0.2598079092643498	4.848572988654353	72.27467053467804	66.15210582861856
0.08743252612113804	0.1914049660507069	4.288381324807235	72.70967272884305	66.15283175065481
0.06343335435891292	0.2586348277588797	4.358891819118164	73.95269788791836	66.18052467251076
0.08248721523283503	0.22847772127170365	6.776727467675165	73.5326124353018	66.16180149187386
0.06988871119465548	0.2482886657405003	5.815468864794079	73.60282929604921	66.16180149187386
0.06739160123923556	0.23436354729066755	6.113470635737014	73.7240330557236	66.16205092561384
0.07219322753501671	0.16395491743650586	5.3490879467925	72.75934192936217	66.15421135097218
0.07920079257262651	0.16469900415761246	7.416017855816805	73.55954569531981	66.15728542732747
0.07493223783850482	0.23486255894136424	7.443284553456765	72.62092557202286	66.16858901829389
0.07351795502811066	0.2339241110503352	5.351050020766722	73.72552117051877	66.14860013143917
0.06413733371507672	0.25016835856851183	4.309346542706393	73.65527397842988	66.14860013143917
0.07841981312626198	0.23574305844484827	4.5544338149779	73.16130798006786	66.14860013143917
0.07746467973509714	0.2524513838702235	5.645789464146714	72.64171754930052	66.14860013143917
0.07448245032931583	0.23075929084514998	3.582079347979378	72.39295567068574	66.14860013143917
0.07756646561039976	0.26419453479505123	7.222057992259423	72.39295567068574	66.14860013143917
0.07667326592055582	0.18317931924007513	8.659877027171689	73.27881106962127	66.14860013143917
0.07117874222763727	0.24963907943581998	6.765102098927581	73.2038481015697	66.14860013143917
0.0732622642493201	0.2525556773823083	7.613040785846327	73.7654822561129	66.14860013143917
0.08072516560093534	0.21310818011772714	4.071249963417585	73.18200886402684	66.14860013143917
0.07029674683030225	0.23410845499246874	5.335405043087876	73.18200886402684	66.14860013143917
0.07995294106966183	0.24491841118453753	5.359504936950598	72.6073669788222	66.14860013143917
0.08120192839276137	0.20555354615663982	6.705394034904539	72.6635266574984	66.14860013143917
0.06331815359809541	0.21251548277999627	8.375946096923565	72.69038965568164	66.14860013143917
0.07768538077218316	0.21810806738722835	5.502329680890139	72.85476090971358	66.14860013143917
0.07154463789399836	0.2637623975550872	8.970909583035079	73.10013320417323	66.14860013143917
0.08265515274913744	0.22731450008408802	5.043534182664801	73.3499246823846	66.19890703995331
0.08284167365017774	0.23874141993778372	3.2961002172429956	72.85999268440034	66.19890703995331
0.06868939718052867	0.20360178780392532	4.280786224265023	73.89246943666254	66.19890703995331
0.05858608738685485	0.2262158500374557	3.60595578596534	73.50992420869281	66.19890703995331
0.07571861397912685	0.22910386338051392	4.007652274828149	73.1399050078084	66.19890703995331
0.07229986282241986	0.20945502318666648	4.47748463350884	72.99946811693879	66.19890703995331
0.06105700211686667	0.25230863475639154	4.883326457863479	73.28533158383749	66.21151417349785
0.07697322021411754	0.25933555880066156	4.423678368802399	73.17650001490509	66.21151417349785
0.07058867714786958	0.2209292375917394	7.516013755696929	73.11958829480409	66.18872249661693
0.07468336287346039	0.22530622788524593	7.384368356841114	72.79659208705019	66.18872249661693
0.08775693465948485	0.07447558418825077	0.2601647358914177	4.6482567399260555	100.80058599457135	72.17018522547694	66.18737722344757
0.21114912074923303	0.07657122175645587	0.25412530441377046	5.046631791833042	141.8975856981608	72.27593268225054	66.18723878941307
0.07455160598938836	0.26073241103268485	4.498677815216112	72.46780589765861	66.18723878941307
0.06953685347787615	0.25928401025042674	6.290567824217295	72.50430956644374	66.18912072734554
0.06453698148466809	0.27981568484001446	5.244264733892494	73.43305885305742	66.18978557021022
0.07661880020627912	0.22571372572632675	7.779667639933098	73.13844389504725	66.15256345617988
0.06591671280681724	0.2543611550286405	5.2724241100014995	73.40648824982178	66.14860459312838
0.08121296499283233	0.2065255469440403	9.775263445386136	73.34420353365655	66.14860459312838
0.06987503513904177	0.20425982345462226	6.904939169682151	73.24918693584544	66.14860459312838
0.06371900310040293	0.19772581920539414	6.059246477216261	73.24918693584544	66.14860459312838
0.06886539965734881	0.17052179742969897	8.193399762873458	73.47764411491357	66.14860459312838
0.07855480127015046	0.20941204605966968	7.616446229842466	74.06566612598161	66.14860459312838
0.0652812640645314	0.1733259425888918	8.222685140350748	73.50595421725149	66.14860459312838
0.0751353734713005	0.23973303920284714	5.952544584688711	73.91646143237642	66.14860459312838
0.07720118628758901	0.20664013134884437	6.779839729188776	73.82354713798065	66.14860459312838
0.022439454321468533	0.07942072265854111	0.1913312279673455	7.469601440461652	131.85745435059127	73.22516276434358	66.14860459312838
0.0730044294176739	0.2611210960185212	5.6779070808891134	73.22516276434358	66.14860459312838
0.07567557897887268	0.17861730740677634	5.869299893382418	73.47731452681592	66.14860459312838
0.0826280282364746	0.2151286324488092	6.088404445063965	73.03389900888602	66.14860459312838
0.07764655062628474	0.25581772501492345	6.462013217325537	73.03389900888602	66.14860459312838
0.07955778336641425	0.2592505083066112	4.23254282150675	72.63114926160846	66.15145266897709
0.07187667260272568	0.22185431708299458	6.146358744927478	72.46659871010124	66.14845731402256
0.0697723667565879	0.26785375247428606	7.124332832219816	72.38367904292546	66.14845731402256
0.06911091649124676	0.22214999478380335	6.6615626747230365	72.44232417820157	66.14845731402256
0.06952637066494856	0.26394845027993347	6.408402369821467	72.79151298068183	66.14845731402256
0.08277001297073681	0.2300278008826706	8.179402412642338	72.46645597944843	66.14845731402256
0.07452105087111541	0.26104861491712394	5.110873843175228	72.71350783308615	66.14785672084885
0.08700003438720016	0.246924810883988	3.851861983392775	72.30070003428227	66.14785672084885
0.5199970195807896	0.076189515564243	0.20909392676731753	4.692870783012724	150.7776279880084	72.46117105413963	66.11711983059845
0.9509444703008733	0.07066350079161628	0.2538277195308106	6.488863414910295	151.4201451410226	73.17300743863413	66.15346161368811
0.3135356618358705	0.07695607558880227	0.2448598959801682	6.086469722962019	151.85183983226523	72.93749877598543	66.15346161368811
0.07001380360613305	0.24303519074172975	4.339548820815186	72.45007993576328	66.15346161368811
0.08606202002177611	0.21573845917478807	6.115603818103844	73.16280738353706	66.15346161368811
0.07414445244335498	0.230106166262137	5.702918687322445	72.66366587939106	66.11507088635865
0.08247161279306035	0.18394823741548014	7.046699903746989	73.11613399383786	66.11507088635865
0.0740825826856475	0.3253449851483637	7.237014925780498	72.7566896852376	66.11507088635865
0.06101272016048494	0.24697772525934533	4.659278807966572	72.78502362446388	66.12710371934996
0.07849065402299964	0.24946718196442866	5.312921445362188	73.09533652853351	66.12710371934996
0.06669175547225356	0.20295767268567788	5.266606541848205	72.81612480124578	66.12710371934996
0.08427309721375437	0.2443001574655012	8.790283197872183	72.7887739144897	66.12847711217219
0.07471342671596808	0.21859320812569447	7.5452912829626975	72.63764530745529	66.12847711217219
0.07267789691938194	0.2080277900535075	7.939932019473333	74.10235008847145	66.13253591564563
0.06684681119325932	0.1969397306826872	6.354433974154699	73.54258056511858	66.13253591564563
0.07605353045086187	0.2354600187425258	4.2962178785892755	73.23095291446035	66.13253591564563
0.08983340000059215	0.23459971667942084	7.028140597553217	72.3808763276073	66.11719328253476
0.07040747023208227	0.35960137865161546	5.995058036774423	72.38602782872968	66.11719328253476
0.08314126769325753	0.2755585352164022	11.07633704905962	72.58664898927208	66.11719328253476
0.08346513985878486	0.21118278534257603	8.580723367578342	72.88503707599064	66.11719328253476
0.07525876591815472	0.24703691198268296	5.213413439709205	73.0570511622506	66.12484131358269
0.07129630370426765	0.27405710468342104	6.9132484690100595	73.28305120704866	66.12484131358269
0.07389047219525391	0.21623235044127156	5.854183879376812	72.82792256400715	66.12484131358269
0.07380607818593751	0.19359913851764726	6.047801322979766	72.700198374741	66.12484131358269
0.06752285670633683	0.29892596181801895	5.5658876878517995	72.41660237422862	66.12484131358269
0.09450521055219464	0.22889714145567108	5.205741235117292	72.50584659534377	66.13207376353436
0.0692755262569287	0.24720223505039388	7.360245559656427	72.94280292923887	66.13207376353436
0.06324567189607679	0.21916208184180735	5.582352425798025	73.32800957840497	66.13207376353436
0.0808184875397103	0.265153606776646	7.926117800176354	73.22494129351456	66.13207376353436
0.06700610926399052	0.20816083572697394	10.880407035314546	72.96868120894361	66.13207376353436
0.06854923028569707	0.24894019945605594	6.634387751767809	73.01514429489998	66.13207376353436
0.06807884495837582	0.2491659723955951	5.073837891011179	73.0849184850056	66.13207376353436
0.07559617725075438	0.26780139488903476	5.171546361084582	72.62498793474228	66.13207376353436
0.083444881063897	0.23609941753259092	4.841499773822981	72.78951489456732	66.13207376353436
0.07752869447438644	0.23886274682205516	4.273217638759367	72.86762951207895	66.13207376353436
0.07063588017712082	0.19702422758739369	4.708903346962266	73.82774352538586	66.15126082359822
0.08019079370892661	0.22638656286212577	3.7970291984556503	73.85087902180166	66.15126082359822
0.0898102326846521	0.20053747445043255	5.617965832267691	73.43159682201303	66.15126082359822
0.07702398056744296	0.22456697106067228	5.163584027290416	74.32519700800322	66.14982631232425
0.09353785564286637	0.17902536214357206	4.146443630508423	74.39747967723554	66.14982631232425
0.08434471257694605	0.2581369326497269	8.67153391002824	72.72019431666837	66.14982631232425
0.08838796818685263	0.24255501041006944	3.113018326936395	73.14350691912841	66.14982631232425
0.08322209625987945	0.2093974454430519	4.078190531315948	73.14350691912841	66.14982631232425
0.06941307128467937	0.24027308124421104	4.460773583688928	73.18283342637119	66.14982631232425
0.0818124939542039	0.2578942467388017	4.565833492764511	72.26318630455548	66.14982631232425
0.09261174115507936	0.28457632030774005	5.4601099111069695	72.26318630455548	66.14982631232425
0.0661691086508577	0.24382414373717712	6.317231523657575	72.26318630455548	66.14982631232425
0.2379589409704373	0.06685550097115683	0.2773420425456256	4.630543515542358	145.87842883012812	72.26318630455548	66.14982631232425
0.07049261918254197	0.2839500492649235	4.2706960520854285	72.58635093110337	66.14982631232425
0.07699280571816403	0.2254827811221794	6.591477348542071	72.58635093110337	66.14982631232425
0.07928339154221511	0.26678485754941145	7.081266401882043	73.02040205192024	66.14982631232425
0.07286847107419334	0.2520127828765297	7.662568823360906	72.93990253692688	66.14982631232425
0.07511215118225233	0.22670169059728837	7.907991333905423	72.93990253692688	66.14982631232425
0.07263591690913829	0.2548332395774868	5.040934506191816	72.84509648061355	66.14982631232425
0.08052262151720653	0.3183815191084965	4.255985673500036	72.50392666274809	66.14982631232425
0.07737154158004574	0.2290845320983596	3.9083200386696935	73.11109299531114	66.14982631232425
0.0747362261502112	0.2945305935688654	7.820635741746802	72.58467107056877	66.14982631232425
0.07425977395771598	0.2646679231540178	3.6598097077715486	72.58467107056877	66.14982631232425
0.03167252868154804	0.08331296869571035	0.22137717135947033	5.221373655901535	126.17174641391836	72.54832936891812	66.14982631232425
0.07458761105394876	0.24936821816245883	6.047426056737543	72.71289455474	66.14982631232425
0.07604691460363985	0.2793651555035798	4.655574505275947	72.71289455474	66.14982631232425
0.07678057127353964	0.2546738599328551	4.906429727973095	72.65416801114668	66.17055686737481
0.07597393961040676	0.2446303016292188	6.365677543848432	72.2033513577112	66.17055686737481
0.07958593665243942	0.21730277972643722	4.730565896579491	72.21197140679638	66.17055686737481
0.07830141070892062	0.21899296154299164	4.183562430555596	72.18251231695831	66.17055686737481
0.06659865075769186	0.20775029737453024	5.554231777381036	72.40122412159604	66.17055686737481
0.06968336347689234	0.26388589793802425	4.071388630454557	72.20463220449375	66.17055686737481
0.0773965439923605	0.32621570890058793	4.563150554237408	72.21073452310702	66.17055686737481
0.0774530507855017	0.2803098387502423	4.78871880803032	72.85070140902863	66.17055686737481
0.06883048509921381	0.2655148031285677	5.957834821039066	72.85070140902863	66.17055686737481
0.06410301063742803	0.2505976993725747	5.556063798464016	73.11640569651699	66.17055686737481
0.06554406482188192	0.23564732201780406	4.61424424644912	73.11640569651699	66.17055686737481
0.07890857807378371	0.22552071917582284	7.527671507780185	73.40287555280698	66.17055686737481
0.08431163688375659	0.16083921332788492	6.284383800799652	73.34537000891908	66.17055686737481
0.08372361881130945	0.23959275503694863	4.75980223743595	73.22974603116239	66.17055686737481
0.06562984548423009	0.27419444596328807	5.345692940751102	73.34657763667157	66.1748454623685
0.0814189894798302	0.18616145824510413	5.852006872258747	73.0857784434479	66.1748454623685
0.06724416849075449	0.22496074467858088	3.498533881717721	72.93692658319267	66.09933220631832
0.07430869660951299	0.24500296463927157	6.554701905369231	72.93692658319267	66.09933220631832
0.07419031162466737	0.26196898405937413	4.442696775513824	72.8629967238179	66.09933220631832
0.08127445768513988	0.20199226198720283	3.746960981659999	72.6779356555865	66.09933220631832
0.07556899232118902	0.21252640323338945	6.694162743428822	72.38580099903561	66.09933220631832
0.07735949145015389	0.2317201927703303	10.463451158798206	73.2581626337484	66.09933220631832
0.06975992184426627	0.2516488154123893	8.169695197844705	73.92589217860962	66.09933220631832
0.06925048112264112	0.07951038804280611	0.20138656176093744	10.798905407278632	140.19455260175923	73.92589217860962	66.09933220631832
0.0815778762461794	0.25071739728474907	8.411123506187767	73.60258946022485	66.09933220631832
0.07604359292869982	0.20982345481580578	4.686016012179342	74.01441102913574	66.09933220631832
0.07207960612063265	0.212688918959556	5.053135283896489	73.83283072694988	66.09933220631832
0.06796915451019257	0.17530676384792665	3.8614167634397893	74.46023579921014	66.15223499470268
0.0714434369570268	0.2561624613656067	6.508686348129143	73.85910398658072	66.15223499470268
0.06708362383145036	0.2041124358164371	5.682568038423477	73.86352793661496	66.15223499470268
0.07640560570978434	0.2077307821458448	5.33930893041464	73.43705586495278	66.15223499470268
0.18383613661974604	0.06830463946819876	0.18689288639065368	5.346286074060772	152.8211967901095	73.43705586495278	66.15223499470268
0.07082274942130656	0.25237727622850314	4.022683177638338	73.41570280543242	66.15223499470268
0.07488265869678075	0.27378397283639844	4.580382840399518	72.7545477954665	66.15223499470268
0.07381638214547719	0.2207714933453017	4.829710568577135	72.62165816773795	66.15223499470268
0.06696994386498234	0.2537049377134865	3.474017721072017	72.8648881357791	66.17223324760553
0.0634018789288171	0.17735949961726488	5.670489458317781	73.73231474095739	66.17223324760553
0.07770205583907978	0.19562414083939	6.823122728985788	73.73231474095739	66.17223324760553
0.08752444325471238	0.21423233079452664	5.167850976680938	73.73231474095739	66.17223324760553
0.07522431511185826	0.2172506939505298	4.456768357164533	73.31886777135671	66.17223324760553
0.08131469010751984	0.21404200937423648	6.328681930913073	73.31886777135671	66.17223324760553
0.08005670675162796	0.23052268482762436	5.759935619452466	73.28258396014733	66.17223324760553
0.06921568889961636	0.20829384041884855	3.7783552250035726	73.28258396014733	66.17223324760553
0.068133464819099	0.20966589404465347	5.837699503433822	73.28258396014733	66.17223324760553
0.062197317076689795	0.19984330131465475	3.3371460100719017	73.57975036629847	66.17223324760553
0.07431092760340283	0.2624849642317021	2.90586015896896	72.92409089743235	66.17223324760553
0.06596117710734321	0.23702279927577014	7.11282668625656	72.92409089743235	66.17223324760553
0.0742494559610354	0.2905444268955647	7.215317027756709	72.87040009305464	66.17223324760553
0.0856090303057257	0.24797499783793694	4.971506427880942	73.35871100654212	66.15919208042646
0.0781887937396898	0.2684839843663936	4.465213569772218	72.80418490153124	66.15908744025165
0.0718322453538873	0.26585450122614185	5.4524855818495634	72.84153206156981	66.15908744025165
0.06408636885510689	0.21518480232641526	6.497677043863012	72.91141857855776	66.15242385970707
0.06230933516845988	0.19905880868430173	5.468767054312716	72.66092836035347	66.1648464884201
0.06583842992239924	0.2537952745823286	3.8890371278107354	72.49806520583087	66.15868982917154
0.06967024150857874	0.24329500968270684	4.746588808747627	72.11767332690911	66.12870135751707
0.07928757583612385	0.23181034278406765	5.6039457479098855	72.70251909206107	66.08988350409133
0.07029133864089292	0.24030011125857323	6.51796807794144	72.68160636183828	66.08988350409133
0.0748703238016373	0.2402873132499062	8.939884407208277	72.73860728417968	66.08988350409133
0.08561195722919406	0.2592889574871607	11.496648700644469	72.21855930282568	66.08988350409133
0.06969746931554559	0.28113754735621677	11.00863055724243	72.98487860729381	66.08988350409133
0.08079681305723495	0.24454333459980124	7.668144402888985	72.56739129420782	66.08988350409133
0.079156639570875	0.24632331778463598	6.21101569078008	72.91172503066849	66.08988350409133
0.07212952325479753	0.2314242851392244	6.834870240886719	72.72301730634305	66.08988350409133
0.08832547298216299	0.2400753226558203	7.023082179177891	73.09626754838078	66.08988350409133
0.07792221959593496	0.23998693666399953	6.542387285053823	73.13188475941831	66.08988350409133
0.061201803882690725	0.27706692805061295	6.004437969147592	72.46156399804087	66.08496868188728
0.07245713888117761	0.24260475376752763	7.118712200840702	73.09028443237882	66.07891998642243
0.07262175604654796	0.2594015768751072	6.157524735742813	73.0277510176634	66.07151057897389
0.06453141414990404	0.23924677629361918	7.083774276307197	73.13004689790456	66.07688729238781
0.07946884109727222	0.1782516164588858	6.506752847777592	73.23471016385554	66.07688729238781
0.08115359947822477	0.27871300785929254	6.489691482567236	72.79108042411794	66.07688729238781
0.0674377597675682	0.24177490044726874	8.142222929331544	73.15338608578656	66.07688729238781
0.054809774919538465	0.22695482225316094	7.129630025649114	73.23401616429959	66.07688729238781
0.06665674178349909	0.22355111661165972	6.040250465458415	74.07503865525837	66.08268806889203
0.05961430011866056	0.17589823544294175	7.7541090150461045	74.76720557853537	66.08268806889203
0.07821111594014968	0.20726800642874726	6.833959456790354	72.48724006671287	66.08268806889203
0.06212765566212066	0.17799696994602116	7.184311002961512	77.09308886803173	66.08268806889203
0.08303291661126583	0.29341346814356445	7.098621805280183	71.4496139734299	66.08268806889203
0.08427441870121244	0.2644516334270639	9.939135949083354	71.32206981847656	66.08268806889203
0.08610812725391895	0.23376326836284356	6.36684911913728	70.97122551937682	66.08268806889203
0.037341920679726526	0.07812156946735901	0.25665077530524943	14.230945487011164	147.93272111703135	71.50859172574387	66.08268806889203
0.07849792506978791	0.27720959279387014	10.74097192745512	73.50127909694993	66.08268806889203
0.06331383972024625	0.2995382246982028	6.751206876412832	73.18206385714468	66.07442540626253
0.07623430693129642	0.24403754722224716	5.372230397443296	73.16464643212903	66.07442540626253
0.08127371680184382	0.20017526646404338	5.2205681010978715	73.35769058654668	66.07442540626253
0.08032176800073712	0.23224521096989664	6.519556576093816	73.07022841815969	66.07442540626253
0.067116511506384	0.23503067572855194	6.98549035249741	73.26373078980599	66.07442540626253
0.07359429068244894	0.2108081707184706	4.309907087660696	72.98537659296429	66.07442540626253
0.08788275776881944	0.2868285503839664	11.886127552180945	72.15333912676523	66.07442540626253
0.07253949814079408	0.2238031394989352	6.043302744504976	72.65982507068468	66.07442540626253
0.07321712900653145	0.26687185042083017	7.356791434066014	73.03028843400254	66.07442540626253
0.07275365330358355	0.24021459250618535	6.051109361276181	73.03028843400254	66.07442540626253
0.07247796302326046	0.3037134641348994	6.349819216686017	72.43445772561358	66.07442540626253
0.08894930010608977	0.25321902663975154	7.151410450795557	72.7803434422544	66.07953573978953
0.06984132771421277	0.24585062618289538	7.527095801138422	73.33922162713036	66.07953573978953
0.0688801623313897	0.21447339188443545	8.486623068314328	73.5737099928206	66.07953573978953
0.07172737095611041	0.20571620539094895	7.41392441527856	73.24777921876425	66.07953573978953
0.06439114432734179	0.21816240077043014	10.969962168428944	73.1859704974446	66.07953573978953
0.08011919305088053	0.22963023064150398	6.675841304997137	72.9259039598241	66.07953573978953
0.06997969868277511	0.20479256482415575	5.9269832128196995	73.30018723074991	66.07953573978953
0.07217164387375166	0.21146595512280272	9.017890780429617	73.32857195305816	66.07953573978953
0.07316814797228413	0.2393231766578937	4.854950315423719	73.35881297431148	66.07953573978953
0.07405532519525612	0.16847573453005663	8.083054176866217	73.39470855433568	66.07953573978953
0.08296308373094928	0.21262377213131806	6.976829044016944	73.05733254531518	66.07953573978953
0.07525188382383596	0.23844440986276427	8.114180157944276	72.93080105045993	66.07953573978953
0.0722397224900444	0.24286969241165424	9.355262606255378	73.1014767893038	66.07953573978953
0.06221379154986554	0.07359656983057032	0.26428705114308365	9.198986459030301	101.45974356070923	73.07973154287976	66.07953573978953
0.07925251972010798	0.2770953761660678	8.85309450180344	73.07973154287976	66.07953573978953
0.08615252668529332	0.21325627159548227	7.446614859024813	73.39058159757735	66.07953573978953
0.07475284443367247	0.24107032518182658	5.636023882202742	73.23470384273338	66.07953573978953
0.06477924516529125	0.24358212377003474	11.055156014720305	73.17018023063898	66.07953573978953
0.06707577211318878	0.24640850988504082	5.345730485059608	73.6203939386146	66.07953573978953
0.06880754382893459	0.26247546740856637	6.737196149715111	73.27561327458116	66.07953573978953
0.06256388055710041	0.22800448538894133	9.241609790324722	73.37931878755431	66.07953573978953
0.07284105157916493	0.25682206836428034	8.716808320511682	73.00120023479076	66.07953573978953
0.07621833934854876	0.21774947601388178	8.563060772044786	72.71174903305054	66.07953573978953
0.08309520817703976	0.22949130791410158	5.7422144476760995	73.03960131299836	66.07472434065268
0.0724500784115789	0.22351213924815233	5.516886552609884	72.81294005814229	66.07472434065268
0.07932007508841606	0.24506261563822862	6.515289910885477	72.81908979156391	66.07472434065268
0.07577035732491932	0.2683435567243862	7.481935063269905	72.92754828726682	66.07472434065268
0.0690887864270864	0.2693122269701607	7.566365311257477	72.91411304410305	66.07472434065268
0.07767447462783925	0.24623973540730382	5.581747737361745	73.09432286245499	66.07472434065268
0.07508566554464027	0.2006261979139002	8.038907152693952	73.09432286245499	66.07472434065268
0.07961904930240575	0.19779408553993935	7.806920955183754	74.2366337538606	66.07472434065268
0.06339299977738265	0.23727497740873643	6.06615788154433	73.97005076768728	66.07472434065268
0.08490930714714379	0.06117430425996853	0.19477799727799486	6.633835555221955	107.07899147273365	73.97005076768728	66.07472434065268
0.05959974136800428	0.2232940273850314	7.816570449299607	74.14283699777205	66.07472434065268
0.07106945405701821	0.2283700241326269	7.580861022573411	73.71317205819206	66.08320634875852
0.07779514677865039	0.2718420442277105	6.710607498064789	73.29674193908643	66.08320634875852
0.07000937901518879	0.2896608970878101	6.04824360847012	72.80764993342486	66.08320634875852
0.07126709974978776	0.20632533849661225	7.597586350630712	73.6411966483446	66.08320634875852
0.07544283571842653	0.2788710923059127	8.7429358314866	73.14503247070951	66.08320634875852
0.06634138322979663	0.2530917819166695	7.898379065660266	73.2502516835914	66.08320634875852
0.06749803021766948	0.25892588165350955	6.442786552952216	73.2502516835914	66.08320634875852
0.06518852288756777	0.23108995628987808	5.93398859433003	73.1642298533386	66.09324270416947
0.06463494716676267	0.2156482543184315	6.185188395115511	73.59834706378784	66.08741430616983
0.05777378241308738	0.22364992439806455	6.928741264178261	73.04857705982876	66.08741430616983
0.07318079161168355	0.25490321387464204	8.249259233103682	73.0398243058091	66.08676346486322
0.1532629353954154	0.07383258589309694	0.24676477014533196	8.165764137114586	149.77823784616456	72.96864539418124	66.08676346486322
0.17087463180332998	0.08273787599173416	0.2643694319026008	8.28900049522121	149.49456572837727	73.08555933097055	66.08676346486322
0.07786489139835169	0.24171290336021284	10.043895327804558	73.16479382980633	66.08676346486322
0.07358392239907752	0.22352131728177993	11.781938511246368	73.3897547037878	66.08676346486322
0.0667399699044395	0.24116399756114662	5.5141422164226634	72.31083893084711	66.08676346486322
0.055977268160323834	0.16987067054409613	0.06341533346090096	0.23304727826855642	7.278248516073828	137.91506614757958	116.93565180609205	73.3683586752152	66.08676346486322
0.071672663893368	0.22068741972112874	9.57452673493889	73.05600571257328	66.08266176194604
0.08426320760026174	0.23240311310961131	10.283245395251448	73.93480627636278	66.08009497182864
0.08108586587603543	0.2283688569932464	6.969932955177427	73.94480972246902	66.08009497182864
0.05602313220738354	0.2496435836828618	7.777903393011736	72.75922742067289	66.08009497182864
0.08504404996101271	0.2752833904409269	7.278807959123667	72.20290533089566	66.0861921430914
0.08340164372872688	0.21178782330945797	7.391514013758126	72.38181939697412	66.09623233498334
0.06331063537076201	0.252253272594523	6.523564113360924	72.82864509782748	66.09623233498334
0.06518595223369333	0.22938800055466274	7.784424412132242	73.09317478154168	66.09623233498334
0.07258919208447287	0.20390146696957864	8.336976051505033	73.39287402591025	66.09623233498334
0.06832938472751311	0.2191132177998965	9.002888637782972	73.33514239808515	66.07653757546387
0.07079716088023368	0.22532306121350412	7.218851580285485	73.2807525448175	66.07653757546387
0.06763129961625076	0.21128106060897373	7.688453637569215	73.06292052751317	66.07653757546387
0.08095818919445723	0.23189926191332702	9.93567708997139	73.1193640028423	66.07653757546387
0.05969306733857746	0.2199602639084189	10.293942556921095	74.32887395544508	66.07653757546387
0.07417869644717082	0.2704811500585837	11.631621412614699	72.77894615618119	66.07653757546387
0.07396773709324574	0.22436209122669634	10.794002229131044	72.83489599331755	66.07653757546387
0.05260372900431437	0.28586006642114153	5.3295283471611095	72.83489599331755	66.07653757546387
0.07085930639819742	0.2225468118722055	5.714101930319761	72.83489599331755	66.07653757546387
0.0709878468743425	0.330580412575892	7.425087227079462	72.83489599331755	66.07653757546387
0.07790642769232822	0.262336478028013	11.899419138299805	72.89542205198185	66.07653757546387
0.07573267884979348	0.22238751882135743	6.014815892318193	72.9246077049045	66.07653757546387
0.06783980636989215	0.28535065037978347	10.422089107082542	72.84947478961811	66.07653757546387
0.07199881354497811	0.2221716624649417	11.363651959333119	73.2593480786746	66.07653757546387
0.08642031989977264	0.20566989315153694	9.387579523598772	73.30461126394952	66.0757804577575
0.07925124253395122	0.21571180899382092	5.563663023601663	73.12721966830964	66.0757804577575
0.07451706038234969	0.2723529975970594	9.465190280366095	72.84735216800297	66.0757804577575
0.07072760794414047	0.2397866993796179	9.329080362764822	73.08099050721727	66.06395723191058
0.06852280960241838	0.24996221176319963	10.637610516267847	73.08099050721727	66.06395723191058
0.06952720183066574	0.2206075102705703	6.79871947794115	73.78999992039658	66.06395723191058
0.07361962757877	0.16784527200956495	5.929501481682477	73.38369834962009	66.06395723191058
0.06492818486960715	0.23815370067940783	8.518691068210602	73.38369834962009	66.06395723191058
0.07896455083845694	0.22691204350055003	11.241781221279908	73.07499625327655	66.06395723191058
0.08540991070184707	0.26810824038087416	5.462814776887013	72.65754452944172	66.06395723191058
0.07337740312889753	0.28311685786668633	6.600885468050097	72.5656860614965	66.07109921252302
0.07667853308830809	0.22886197691097998	9.157789435819497	72.77422797076595	66.07109921252302
0.06571376299065061	0.26266529416352824	6.834162658891324	72.58175323303726	66.07109921252302
0.06673939355740788	0.26364269463788986	8.09406667876891	72.93141422227964	66.07109921252302
0.06905728623788855	0.2052826113844605	8.101017096775644	73.29199486224665	66.07109921252302
0.08359526229831005	0.22230968727951975	5.062043498031961	73.83117744237977	66.07109921252302
0.06348348316903392	0.2033621660663712	8.018498767551819	73.74973026225538	66.07109921252302
0.079008021671315	0.22029196841771884	7.09551684783958	73.40333967363001	66.07109921252302
0.07769059462339645	0.2985169490890055	6.874379838960696	72.36335936539366	66.09980943041306
0.0950188120524478	0.06323374100788941	0.21216613526575095	7.618535826587755	94.17693651507496	73.25626381234265	66.08136738265512
0.07277401641062234	0.237236884382792	6.641252290671414	73.57281393928555	66.08136738265512
0.067249165532161	0.20374863516774705	5.8550900406598725	73.26956053610967	66.08136738265512
0.07627805393268146	0.2827665247296727	9.503352945037916	73.60103424663205	66.08136738265512
0.0962800057700042	0.2569147228482669	5.863200144508019	72.8884789447223	66.08136738265512
0.07485030136902628	0.23511399150713475	9.682702669567968	73.0939430246103	66.08136738265512
0.0788349713187162	0.25287620660043303	7.040083307489783	73.0939430246103	66.08136738265512
0.07385343709677993	0.2077138308418997	7.122343606874185	73.0939430246103	66.08136738265512
0.06873508661736202	0.27014640415932234	5.541655195580254	73.12553610681863	66.08136738265512
0.0764056411533134	0.19972392561912328	5.857039331142702	72.97442188941642	66.08136738265512
0.05861503715880049	0.2447914612023614	5.164600388313236	73.21002004410964	66.08136738265512
0.07405243810771894	0.2250949973085352	9.374790100684036	72.35667810478948	66.08136738265512
0.06265610328680267	0.23881837533517994	5.34347917710422	72.08486161841354	66.10007011121186
0.06559997702306058	0.19506544869939507	4.663630422687674	73.16380732390279	66.10007011121186
0.07192472510747722	0.22066808132709437	4.827852786095186	72.94806864005767	66.10007011121186
0.07902140191446094	0.22246182545700416	5.76228462293609	72.61422502040683	66.11886370417908
0.08739977553767707	0.2861184352179505	5.639630590568458	72.85938277008336	66.12194626835303
0.07652398444030988	0.2574833405157525	7.498090696958559	72.70205634902683	66.12194626835303
0.08759012021051188	0.19834489159362673	6.257877122615704	73.20857053369411	66.11193864509974
0.06993287462912903	0.23979176351456924	5.974311865949206	73.06921487082819	66.11193864509974
0.0739546749795502	0.23921180000216624	7.866058404624201	73.00383577681767	66.11193864509974
0.08005630344435795	0.22797734081362991	9.870524658550512	72.70534397160768	66.11193864509974
0.07450990397086019	0.2794103046754817	4.697107981939978	72.70534397160768	66.11193864509974
0.07193563642992673	0.22339321345483698	8.285749480377108	73.06179681623843	66.11193864509974
0.08346023744023316	0.23272061760254856	7.2658253295920785	72.88576228070652	66.11193864509974
0.07759296093000358	0.2166294606989445	7.160791580385969	72.72945630692776	66.11220266389883
0.07278111495285906	0.22681665048440028	4.687699208933162	72.68383929902036	66.11185740763945
0.0723464881836525	0.24378160737050172	5.439315652344459	73.09837551102413	66.12899495038026
0.07897093336679369	0.25587307300164314	4.854962887311408	72.96047732665998	66.12899495038026
0.08118444614235633	0.19400833107306265	7.289456105776027	73.3166486609069	66.12141776126698
0.06837049508752915	0.20326274676341416	8.51955423447947	73.54380844376492	66.09404602966514
0.0650180567703759	0.21089539242141053	9.785630384191913	73.58664567880092	66.09404602966514
0.07122238597019623	0.2269751691496336	11.890078161911353	73.37561076272468	66.08669901507521
0.08078978585789057	0.26148493789527777	8.373931552350113	73.01246815300365	66.08631997796894
0.07560802855882927	0.217324248161842	8.866737379642258	73.01854920519702	66.08631997796894
0.06962012940813504	0.22368348939942667	9.729639190895679	73.37585033950919	66.0896657306055
0.07982040782074043	0.2310752854120201	11.6170133281633	73.33757046841906	66.0896657306055
0.07700237068899496	0.2477659134554086	6.166864801096316	73.66308095743297	66.0896657306055
0.0628084189995083	0.23664651746397175	4.729135908336866	73.90387936496599	66.0896657306055
0.06603018212195752	0.2356408116942828	6.880088199724257	73.90387936496599	66.0896657306055
0.0735160865031196	0.23281806887621243	11.469599355845132	73.90387936496599	66.0896657306055
0.07945585679430274	0.2620472889452503	8.80226771168833	72.79453145494735	66.0896657306055
0.07146700245302505	0.2702041428498536	7.715221229665146	72.78037730274777	66.0896657306055
0.07680450660467367	0.20837535331107176	8.680192236520517	72.90614012294026	66.0896657306055
0.06912569696931098	0.24948608881856327	6.719763845738281	73.19480838261376	66.0896657306055
0.09410359595321711	0.07657873628637521	0.2674025659112869	9.537233177809153	136.53600398033032	73.23085170828408	66.0896657306055
0.06808694512481543	0.2203001027112322	8.844183821510423	73.41633953831278	66.0896657306055
0.07093789315109077	0.24738538569038598	10.549518716993619	72.59236332472187	66.0896657306055
0.06993216613719629	0.3071463613150792	6.898839803932783	72.77721190158216	66.0896657306055
0.06716564289613637	0.23017219934256167	6.55316432276328	72.93233913280395	66.0896657306055
0.06974936980731487	0.2875694428947681	5.52424368866554	72.80073585929243	66.0896657306055
0.08623248512781397	0.2936810761358685	6.773107052149859	72.03419212388307	66.0896657306055
0.0849355662450918	0.2512306468842747	7.300657265395424	72.66747846394018	66.1286304534244
0.06511156392570759	0.22964469355602096	8.171271156403511	72.60991960089318	66.10359387517414
0.0717079815826766	0.2669855200878419	7.493656449145451	72.68524691555731	66.10359387517414
0.07184223906049016	0.20716572010924317	7.491511624550533	73.2541611284131	66.10359387517414
0.07334163162064065	0.18643761348580468	7.649985018029589	73.59062145244289	66.10359387517414
0.08385237547506502	0.23769630339818879	7.572942924225252	73.69444010268906	66.10359387517414
0.06968021859965456	0.3005098522208869	6.296643456088751	73.3112306959581	66.10359387517414
0.07164343077945869	0.2721504614594187	6.341350272142399	73.98186304882331	66.10359387517414
0.07849246725956371	0.21520407094642308	8.192910249998793	73.52412811900463	66.10359387517414
0.0626056125418376	0.1900507658546698	12.38931195289407	74.00037125115736	66.10359387517414
0.0813403122385968	0.219858772955244	10.007087536933433	73.25301239742831	66.10370955860138
0.11659424649014603	0.06910372591676008	0.27091005315042593	9.178993892169458	116.07504043687064	72.35926434902592	66.10370955860138
0.0742714307917677	0.3150189885750676	6.712642721893842	72.52355467085135	66.10370955860138
0.09618993350738604	0.24006210118102528	6.8132026926061044	73.0650988497188	66.10370955860138
0.0819121677450417	0.23532074896895322	8.621416899025451	73.19269181030454	66.10370955860138
0.07719579054979075	0.25128504405467683	6.511166607160942	73.26891192340754	66.10370955860138
0.06716353026881405	0.25422614502330626	6.543546529002533	73.09553075574951	66.10370955860138
0.07335107497667454	0.26129929006912195	5.633211742312025	72.5743113575718	66.10370955860138
0.08342268314581064	0.19820131971468855	10.493854868049826	73.91562188009222	66.10370955860138
0.0801090735795531	0.22925474476488247	5.347522325362038	73.50563736627446	66.09653426673725
0.07554320137365682	0.29420448484350437	6.484663230370853	73.0102990862022	66.09653426673725
0.06984223391510186	0.24779706161379417	2.7994542592028786	72.49331653903435	66.09653426673725
0.0747449717536642	0.23873177334358436	7.865711856038753	72.99718810353576	66.09653426673725
0.08797730408618483	0.21550016907145814	9.196303819637127	73.5545872846977	66.09653426673725
0.07383289213966629	0.24149968117923304	7.045609964089104	73.5545872846977	66.09653426673725
0.070308809895114	0.27865388411143993	9.439381487931476	73.64198850037988	66.09653426673725
0.06420281613680237	0.28512915163046354	9.985535396818314	73.05656442470956	66.09653426673725
0.06854923467684156	0.2602843460417148	7.125187602824674	72.73143829743827	66.09631284624561
0.07153137026865461	0.2973456177130916	9.103296893547721	73.1090295655747	66.09163019672239
0.12340629696071001	0.06001359170630066	0.2401728662944566	11.207424154221457	110.28032463042615	72.61411275836018	66.09163019672239
0.06617763479177918	0.3356479938544943	6.4724790893522615	72.97022108210209	66.09163019672239
0.07817641606206534	0.24566443501655214	8.023652644384008	73.40265485581428	66.09163019672239
0.06493183232032973	0.25457639518565767	13.648015457135301	73.18069367969743	66.09163019672239
0.06957321222618262	0.2678195614731679	8.03200585979969	73.3433734833453	66.09163019672239
0.07770010557276265	0.3050768431449154	5.78958722938514	73.02854158717797	66.09163019672239
0.06917474404722136	0.24692757031713522	8.329562080550978	74.07284160808223	66.09163019672239
0.07453461899450523	0.19797227905009773	0.1382819392423696	5.820001548126206	74.09631566153126	67.74952275943629	66.09163019672239
0.06329294166012898	0.21800163073775558	8.043854846353186	74.09631566153126	66.09163019672239
0.11638198594865765	0.06946781381965807	0.25853781092294115	6.310374625415341	123.71768629728066	74.09631566153126	66.09163019672239
0.0716719983519876	0.17757687347787063	4.885911617414226	73.356637421955	66.0923434915584
0.07757113952411833	0.07583686335734077	0.18063065804489145	7.73681570819917	140.11267835145875	73.93112009000396	66.0923434915584
0.07998447911914008	0.21028228762651102	6.08039103532451	73.45151626154102	66.0923434915584
0.19048662587500148	0.06986980466340986	0.20614459526343307	6.534117241637033	151.96784328861816	73.2501744509299	66.0923434915584
0.07048229965761803	0.2931357962306772	5.318931072683756	73.10506163144467	66.0923434915584
0.0862164536928441	0.22567698394081703	4.529466392375285	72.20719574652125	66.0923434915584
0.05965302438748989	0.23993342551820157	4.387313983119678	72.86473666744021	66.0923434915584
0.06607052864637471	0.23348665153945558	6.587031177368089	73.41193517259774	66.0923434915584
0.06953768386689546	0.21619041302627118	11.276892799759779	73.23657713791879	66.0923434915584
0.0632068470327497	0.1891698180570062	12.15392690623099	73.14104852141713	66.0923434915584
0.08427125398793657	0.17667892802690463	8.728342523795286	73.59700848831798	66.0923434915584
0.08217659457666773	0.20107074685826906	9.271308541221396	73.26227174300332	66.08705705721053
0.07065293671689556	0.27068358519665675	10.743007976311034	72.93562055243585	66.08705705721053
0.06557180875723939	0.2880375225835548	6.163162000678719	73.03230464582828	66.08705705721053
0.07471603239556222	0.2488789398496035	7.192328337135777	73.21090946083804	66.09859598061605
0.07138792364588384	0.2710055130399723	8.849866356233223	73.34341618618632	66.09859598061605
0.07261423270824342	0.24080429508116757	7.295354976605701	73.53634332885005	66.09859598061605
0.08117801432007665	0.2819847985140069	6.096986770704261	72.82665827920133	66.09081280951249
0.06523344967298521	0.29018338320100223	3.882314433932949	72.64173467834648	66.09081280951249
0.06933470924781986	0.22780378257198816	6.499357916132902	72.72529060645388	66.09081280951249
0.0748983182357553	0.22477330213166705	8.553559385315872	72.67619125510423	66.09081280951249
0.07849217225588473	0.25093261353874663	7.8491051656643105	73.23160775788224	66.09081280951249
0.08620262593442737	0.20162331334382388	9.864167996527792	74.18394567083789	66.09081280951249
0.06951201276076793	0.18184497605092387	8.171312358507308	72.89227378214531	66.07429385382333
0.12976763922064585	0.07699450198775054	0.22708511726537667	8.236345456034456	122.20858844014678	72.7503820761835	66.07429385382333
0.07263130182023814	0.2506804148030299	11.149844000888608	72.86944922995245	66.07429385382333
0.06900280991680775	0.23133665724527708	10.150572239546664	72.6848230262845	66.07429385382333
0.08135928607282025	0.261993315543145	7.777068612867201	72.79102205528245	66.08784712794358
0.07163905756308603	0.22923581204675839	10.198915216342948	72.4139951293047	66.09172308524448
0.07362794924914257	0.21075205147034617	7.803657154662687	73.01875394683768	66.09777914404042
0.07366600866185928	0.24547887229737445	9.562489984812883	73.23944973249202	66.09777914404042
0.0736175278722224	0.22788556262722784	9.865445479898634	73.56213725209356	66.09777914404042
0.06464537454212342	0.2069521808046727	10.158756921076	73.32652001555073	66.09777914404042
0.16806571395417794	0.07750273683561847	0.2240985166951439	12.747649002923284	151.66384202594855	72.15673926713549	66.09777914404042
0.07446085467304622	0.23015287007369906	9.201547763920667	72.8916809947512	66.09777914404042
0.0689852000547857	0.26738706903085757	7.027244927138705	72.51618771191792	66.10713973309362
0.2110792907441392	0.0704880464511503	0.2272773604624848	6.707643866230889	153.02684494337566	72.98340232162549	66.10713973309362
0.06580436731027337	0.26916726319532963	5.841702569823299	72.78899940437238	66.10713973309362
0.08484433323352303	0.2369177858968511	3.816461818070728	72.8910324310602	66.17830144521758
0.055124708235663254	0.2233093655529475	6.822593930963279	73.28109052686513	66.17834433261552
0.08025561840723833	0.22275124578324404	5.484693059344096	73.50812300449378	66.15029204061162
0.08415019676969901	0.24608890383955415	6.748959816619689	72.8165052008845	66.15029204061162
0.06739752151167622	0.2778611524146046	7.419751479082622	72.69018830520366	66.15029204061162
0.08142564809586532	0.2173718805390764	5.566217637508491	72.98577890357143	66.15029204061162
0.08777304872227096	0.20155034928036172	8.604362821350634	73.28348124202918	66.15209884715408
