0.6260731919686924
0.4221056498111451
0.3526611042359179
0.3676890425022247
0.43893206904715937
0.46505784480771506	0.365329099342006	67.15960257133642
0.42161777459604405
1.0802494130858358	0.5234349601657176	82.93174544978457
0.5710382195113964	0.4526420095327734	76.13022047591916
0.43347029923927777
1.0590857779722784	0.42610216331331696	82.44235269938456
0.41587912163298013
0.4651885832409309
0.3682689233490067
0.3820414402746232
0.43910044567702794
0.4883618501875613
0.5076641511926417
0.45687485049516896
0.21258291608293906	0.7245764662991541	0.5244605926115241	0.7241529994719113	72.3750598461028	69.87017491690509	68.01178105698719
0.5659320373880014	0.32338737041384674	81.07808940841353
0.3488503602993387	0.12334798700336495	67.36735997887202
0.4262957863739228
0.3456360186594204
0.9524648327425422	0.4052451672074325	82.69810964861908
0.4393752365422722
0.8848803076387237	0.41375557519761874	82.17308660062727
0.43159558301019474
0.42077522388093014	0.38065487911950147	78.98974110033454
0.8063280829179603	0.3917966740089013	80.46843892844473
0.48118599920900906
0.35317092903881303
0.40499511056053855
0.5029264897507252
0.39700941661093375
0.4804448747918667	0.6703823748308164	73.31312354484629
0.5011684465009699
0.5262344445009081	0.2627825562387649	0.3761727231614929	76.16692688782554	73.9257033465865
0.4230145745302953
0.5246513351039711	0.20859984427289027	69.4641975614191
0.4612196529459937
0.4009857292126031
0.46508807652530465
0.6695219517389707	0.4018383217570985	80.67979405824057
0.33319355661155176
0.3182224779282029
0.4788523782484052
1.4978719015544333	0.3258536664475335	0.44770501130783735	82.28172401967494	80.1010815663732
0.43683226332068575	0.584822391887674	67.36825290493016
2.3727753427346703	0.35616742029106946	83.07944083226789
0.39914697800097193
0.43684032413554136
0.4538961547146675
0.4505896942188965
0.4036384299900011
1.1499506058572926	0.3355857862401541	82.85739452831572
0.4293404438255021
0.3987206947215493
0.3863060214889902
0.490447920831966
0.4640660785404801
1.1710406135761342	0.34372736182285196	82.5090678835799
1.6418382440626083	0.36454258087904434	82.0061606010298
0.33259113974281035
0.36505058995833856	0.1255565735268159	68.6158980010288
0.38435967433873514	0.1796973531599897	67.06457751860721
0.3738804058302392	0.474755019046678	70.42655439272033
0.3987757046382906
0.49096330959006684
0.4319877402951214	0.4786684642933427	82.48273544674502
0.4621927159973605
0.4393410710390135	0.3715608786232232	79.58601822104443
0.3259739668088424
0.42336069355181516	0.45406876681731595	72.39417619385955
0.37361715064975054
0.36611942729827834	0.6306663384820791	73.16999688499665
0.42416494267150845	0.8645036118246222	68.3268423189785
0.3298227347384461
0.4268513877717908
0.4383043122673404
0.520887170374289
0.43486464344315806
0.4471488644667975
0.46828013337076985	0.4412942447304495	70.8625534674256
0.4496420896113479	0.38262351126533667	81.85908917680909
0.3515335385934237
0.366706996442676
1.3892990546108976	0.4484731833571067	82.42252503339299
0.4549970792857057
0.4629897926084471
0.4182508478281688	0.3936283224818908	72.38552708104584
0.37144098840201334
0.6806772506170236	0.5501118743217267	80.09021233258686
0.8068152656131116	0.40061513768755985	78.43472283213224
0.33947338981091024	1.0767011234249266	66.38796510795225
0.5022962889616045
0.39476291628400084
0.4062576755882588
0.4062203863509413
0.5572049341535407
0.4421045052162819
0.37351007473159126
0.3965635944048712
0.41023259524672223
0.41692167722090673	0.1486243974578935	67.95789350473987
0.9158852554558652	0.378676368387622	80.72760168078877
0.5268823055332681	0.3696512567900955	77.69159920018888
0.31543448095563736	0.805237325665344	72.79868626651638
0.3908618832633742	0.4966767519372334	72.08434337528058
0.48461362244122924
1.1544625490706835	0.42230309100508673	81.67010047254475
0.9024579668264585	0.3153232524968215	81.42847270227044
0.35934098635102546
0.3596357920608858
0.34412317221306327
1.2178574521810897	0.39156160443024857	81.65188896089
0.4044359155702213
0.48845443764363244
1.3567120174813623	0.4260126604094946	82.57919727289854
0.43904590670676935
1.7262084775159658	0.35436106222933444	83.10191403591038
0.37093765339376655
0.5107450505837502	0.3194598933239439	80.36149065830263
0.43477071626002467
0.4546290833692335	0.3416500112654023	82.0068829937839
0.4490372427508042
0.5128093416447118
0.4749563212982619
0.36158857459558097
0.38688633746822093
0.43674101685096994
0.34699604601084394
0.4046872039341446
0.5753459516849582
0.3887317944758172
0.46202143406551155
0.35284788490889196
0.45256895428872923	0.41378460567425607	67.3178555341281
0.3418785574610983	0.2346379829032594	68.80952363476565
0.5153796340802701
0.40957737822639984	0.24353608678016575	66.71772201973452
0.3339711462789263
0.4012432660637076	0.6218293800545891	0.026381170559581547	71.24309325835846	67.6218933605401
1.998967810536586	0.4026510573190301	0.3491546017202322	0.6733232987809186	0.00586474134464888	82.91183613300672	76.1776135785085	72.59856439651408	67.91187851635334
0.4621868833816371	0.01312783324214598	67.88302916281135
0.33842185064064206	0.018415691655120255	67.46322786086942
0.43274405203778044	0.038306596081616975	67.92198929714472
0.3418924531721731	0.08144485808858086	67.6520158734825
0.36470658975865716
0.5074789262703558
0.6231806633997518	0.474784191222458	78.72132944845505
0.3034389197620829	0.35029298048883073	74.57992101032998
0.39897573351626253
0.5534828652487224
0.5707286631408902	0.26789952764387986	66.77535905519831
1.568773079688062	0.3848916384345884	82.25406140682918
0.4650936125613369	0.11230604959596537	66.21666567853886
0.3696247050989535
0.3771376905211796
0.4096279157716474
0.3795614672700412	0.3207491773470116	80.09878077670034
0.3929183244466294
0.4834625231761374
0.639122244729799	0.3495095451542128	83.12835799274697
0.3895796204952604
0.43133658518774365
0.5751295364334321
0.5116435022514894
0.5063576762055234	0.3332263871419366	80.34083659658194
0.3941251730248881
0.325368289868477	0.3891047454692275	77.80100845853866
0.39956189729315467	0.37588233339334903	70.86312838103099
0.38497002714570494
0.34166151884761387	0.2275130880431113	71.6860806520267
0.4700536572451857
0.3436971595160385
1.2254775480660647	0.3813116637694621	82.60663705602613
0.554410094427044	0.3690722308338464	70.84345786567386
0.39360132160902334
1.42454208162323	0.35838571940433994	0.6551629799153199	82.36548333198415	72.6396041438144
0.8621990019312955	0.3610335681333459	0.32365226152561594	81.64493005281022	78.20791981327558
0.3617140443480999
0.4824271801810348	0.2741447736271931	66.52309202986545
0.42079023632792795
0.46589968219439987	0.5213005798475125	0.5637099292781783	78.42838571499534	75.37363793774408
0.43208280813483774
0.404570931771033
0.33122934026560563	0.92494972555195	66.28386941169487
1.4730600988665088	0.21711111510267028	0.6483319027967817	82.21199303605799	72.43129120104328
0.4247030246262001
0.4092008535054284
0.6597086362495886	0.40488825780636645	80.31800647159416
0.4747240973443498
0.29785198959705866	0.32839036010172745	0.36679711259437275	75.11174032540269	71.5506494524956
0.4610866311147813
0.3179140453336682
0.5095992362865036
0.31335286980906435	0.8883120402813894	0.33021567344438807	72.3533673067579	70.848394166651
0.4525274912182886
0.36257983110855646
0.37083266702056794
0.4245568231258835
0.7185668958400263	0.4458101763723745	82.02692572536954
0.36039960588242254	0.4687002687257159	66.53253629632464
0.33671971137316364
0.42887485763916383
1.7162457698702673	0.30994291192715656	0.3122498649382427	82.89376821626206	76.9435860692219
1.4422746260760302	0.27961245179578936	0.672736323486076	82.22812009512847	74.68327166321018
0.5352460920592879	0.1406904035315181	67.45091750229766
0.4596329351837872
1.1533754926307924	0.42261684419031265	0.03517640444921498	83.13361927398981	67.98621690884919
1.8949029748611053	0.3001755926405308	82.9386663582496
0.37780298605201657
0.31894151794946146
1.300877512272715	0.3233446033274774	81.86025616261365
0.4150152758623338
0.4976150069367386
0.492455397199294
0.4046792550689445
0.3254984242774738
0.531124254488848	0.3444085004579257	78.7937958725418
0.4147702115083617
1.1212108458676562	0.4158155806773558	81.88950732890893
2.968165363561416	0.5087527436589669	82.86348895005754
1.6880702167535986	0.23388335780350403	82.7495663291581
0.5842509542893817	0.3930840917393024	80.45039779985822
0.46029884378910974
0.3623287875139805
0.35802687323886073	0.19467637643925145	69.46782863219832
0.4624743275663799
0.45892288914868556	0.34166620500608047	67.61788197684442
0.39906108344683366
1.9328337416465478	0.39684435116590694	82.75350588322416
0.39806601869165065
0.4583674748145478	0.4180362917625742	71.27321722969558
0.4658989674898309
0.35578181850019264
2.1236955640617934	0.35748777253761543	82.70402258833458
2.6233973835230002	0.3719638020578081	0.4679902337913196	82.91544388639609	79.74392978559322
0.7888057968832063	0.337017660474731	82.13576168804359
0.3559214779353067
0.3881404361716048
0.46402144859429245
0.3313642424393495
0.5125312186642351
0.3687216113081579
0.5257524513578742
0.4361456947037562	0.2531711598102048	66.65596534482967
0.35716264141650983
0.5494774261789158
0.35811574609899455	0.5063159534048576	77.66438243548667
0.39261938961471243
2.0245458556994884	0.5001740844317926	0.3303969128719115	82.63345220245228	75.8165519883996
0.35224731289174177	0.41306399853942105	70.69975380814842
1.2713158100745512	0.33485771347914894	82.77757125894337
1.7942964710068565	0.3812091064476539	82.9697970886543
0.4302848144254032	0.5734236042736709	71.9560296543682
0.40563150839890527
0.3924415434192	0.5252165066840637	0.3273621363676487	74.08677113026603	70.30244044092666
0.29155175906568936
0.4343818812702301	0.30953213157622617	0.37466688561292516	81.26783620610705	71.59754664721801
0.44553810690807244
0.6059815970287823	0.46094874793031704	78.99752958407711
2.074701894253327	0.38881507158411854	82.44259038270211
0.45185440346763633	0.13873570374548586	67.69642078022747
0.44322486333501837	0.511061628406351	0.0910842151601512	69.24389563960557	67.23910198776312
0.49430076285616137
0.36161189539586724
0.5621194958722014	0.4130010491859914	79.5112831810845
0.4585505804802087
0.47447645531877836
0.4593063578043809
0.4032779645367164
0.40847284707329434
0.45859192477606886
0.34549838309865094
0.4917142679895917
0.34606721260253176	0.5418826839923472	75.39143255748888
0.4714407261129661
0.3913143937764478
0.4348013667064836	0.41885746470230717	75.18966612094084
2.489191919598227	0.3481393845410984	83.00410410424396
0.5213174675430183	0.05020093704194845	68.06206391846416
1.3837724775601519	0.41901051853913085	82.70825311381181
0.7763529735542977	0.33302421468194715	81.09532424813793
0.4012053135880502
0.5223926087270993
0.42563605489084516
0.44696687351120284
0.39595384947977735
0.4695737708028359
0.4463058643333618
0.6038328096961939
0.4379100188717448
0.7577122453998872	0.354368930528522	79.14766429589432
0.2965235692308845	1.3777830655582661	0.2981737600583477	72.24704732723384	68.87210048983367
0.6108927325493712	0.35387349369861804	2.300035964023518	0.5828128885091507	80.68585794633289	72.52766071028859	70.68254565275588
0.4232673947049029
0.3868170263451446
1.0251844414693132	0.29630923467536047	0.4285793034247403	80.55293634327141	79.4785823002672
0.4905012476563994
0.34304963643410197	0.50581153969829	0.4581000448100124	74.06958008322	72.73659747519282
0.48062561645788526
0.46392284125006084
0.326898864773008
0.46468330819144493
0.4085682731400798	0.36458584198529875	82.4728348335668
0.5345011360795844
0.4134019963966561
0.45153339219128746
0.43292239556215917
0.3310214995267856
0.3449337014445042
0.35076906806789465	0.6884468445818964	71.91022810638653
0.48303948808097685
0.8767790453462423	0.34873326717595554	81.704281622512
1.8824252735659524	0.44934885340326813	82.83184746795934
1.195172097608364	0.40419234610096433	82.42541151155687
0.7279131286173083	0.30531552832631254	81.17213761812435
2.441709561098273	0.3770174141114181	83.01647233582919
0.4141675591908361
0.3027505172382818	0.4176518545898002	79.92957934295751
0.9466673130463698	0.38677931397066195	82.17803091201499
0.3615952903470896	0.5311689810398291	0.6152994854126884	72.89071627001915	68.21252737751212
0.38070550517106455
0.46843266292041474
0.35866046111617755
0.45001302756409994
0.4009697547114599
0.39418633304859646	0.4151550546009071	73.80101645490755
0.40952321190945246	0.03890443392532914	67.63902259973624
0.39104284813308254	0.4974593722324535	0.05219576391758275	73.23564334208115	67.93561273827656
0.4781968221424016
0.44535298719577915
0.40195635947580255	0.3579057335831855	68.90029616401667
0.3907492777808043	0.40156321237020515	78.6047107060973
0.4055220606377142
1.6354174945549622	0.4109815829607447	0.7917626965590203	0.47828604160569765	83.0732172158699	72.42532140057888	71.12981249751417
0.35471135515958935
0.45100304909554334
0.36988421862036003
0.45234926867631775
0.29278437911351457
0.6529993831462454	0.2665087888182116	78.77019487680101
0.4666208937072881
1.7690243631762164	0.39671419835616867	82.81354251402979
0.40039022705615984	0.7007559184620331	71.466784038077
1.0311038713144576	0.2894213688632331	82.94176849558507
2.179261125379285	0.3183296213567409	82.28764434361914
0.2124150287827749	0.5167128794926257	0.08391829384689245	83.20158646965652	67.57254544720921
0.42481528284209996	1.1406102346174054	66.31660331392456
0.5967596208685603
0.5162085730772279	0.10633057099552597	67.92290395001056
0.8515475617626406	0.3720951651853381	0.34357079172673455	81.43385712663877	68.90528193296034
0.3576592879744889
0.4852034482538805
1.244290903747362	0.3767495568010273	81.85584999904528
0.4156884531622596
0.39862991776123885
0.479615754566187
0.5096945281578669
0.3249520213104234
1.8426321332167073	0.3984923534953203	82.81126952280276
0.5250634984681147	0.3385743030613528	76.98379596564013
0.2724411008597606	0.7542066512738558	71.45693103367776
0.4539960438109773
0.4159677729868954	0.5129780904349016	71.97796489970237
0.3406923401113347	0.49694768273684614	74.92237059011418
0.4791264172410221
0.2860950897907258
0.47774753138506515
0.46765027788968216
1.2696488061333717	0.31485005758584367	82.04724291528535
0.3950452448154316
0.3884949398283828
0.3721201614487992
0.37444762227804723
0.3435766098505737
0.40928225951658215
0.4304585294789535	0.5850749435523868	0.3530851452387122	72.32332274461442	69.39371855413268
0.7257181192898619	0.4476823463362963	81.58764132982711
0.7905579595089586	0.38273589602757	82.88701299748277
0.4219640493436797
0.47605685699434114
0.3932261056691407
0.439460080103545
0.46503233933167115
0.4771899089047032
0.4616766976529516
0.34643244799704753	0.4386306278026658	74.42608722811882
0.7418771910734905	0.39068393639066695	82.50598965404046
0.48706441839708403
0.3510692284427435
1.1219963780631166	0.4850468828882436	82.56530927799795
0.3931407731071332
0.4020564711758442
0.3990650463571273
0.4863461459250427
0.46984027935544687
0.5105617646351551	0.14664925721465594	66.38670783967648
0.4924127209061106
0.43865643848808755
0.7775677597221817	0.17470797899278606	0.35688084897284417	81.74926736073758	79.50092356581463
0.30303269501418123
0.3238789933384648
0.34488360719382993
1.404610632615623	0.39573385143670486	82.88758514386271
0.803005455186163	0.33795086507099253	82.21391865726818
0.4284925544793208
0.8296073163035561	0.3827481903425917	0.5637542763641188	82.95155260796105	70.89095070869968
0.3554444891316861
0.3761226020518013
0.34007986939881524
2.1609779516954952	0.29066143833855823	82.75755798140591
0.3336354130042827
0.9280092357995257	0.5056298434149871	82.58668793739983
0.35143215759864227
0.5117474289667872
1.1667605256868394	0.34620349889814955	82.92761932441803
0.7165829621709536	0.39849550549727447	80.56220193125431
0.6829475257173253	0.3518904243915603	81.56021506236954
1.263946952031984	0.31398473748184463	81.58997867378343
0.37585357172431805
0.381272557189819
0.4498159834571843
0.45155934884812765
0.52996943622057
0.33838695441474836
0.43675065213077324
0.46101333716188936
0.38835165919487435	0.3425389949095478	67.07976481601196
0.41241562860283776	0.3776796880180489	67.59662211906945
0.44688358159944713	0.18948424947170422	66.98835617305573
0.38791825778047
0.40400707224875226
0.3793535199983094	0.4595929133628887	76.41410761682324
0.5613266570593785
0.3161808336355614
0.38275290993692096
0.41860326942992604
0.4288303802053951
0.5555839968050512	0.5596766839701983	0.4346165442519158	69.01618911748601	66.1930351042452
0.3808920787723316
0.47331187914233885
0.41036281114492085
0.5395563164938997	0.32686566523074434	81.21628861431903
0.37652052345600456	0.24949200559819146	68.35075823644182
1.3928313001725336	0.46435741263747204	0.4477965005887456	1.5483974111442294	82.55692027805325	68.9633769568307	66.87488415924844
1.39960510221095	0.32274866483638326	0.55576853716459	82.41162718838378	72.35075808684904
1.1712271187671508	0.2256314586448567	0.5189192350734333	81.7702767918952	71.46298237969742
1.2833129971492943	0.40581589779317945	82.86882683899252
0.4555164815083188
0.36023608828402703
0.7951940742224187	0.3341192852346733	83.10137266043319
0.37823634388143706
0.48443128007130687	0.3508979716517562	82.867683425204
0.45647569832067775
0.456016505344885
0.46561208235787493
0.46748360450863785
0.40088452369933536
0.44925493692789265
0.4227142226516495
0.4286436760593779	0.5957454493085436	67.46044313480877
0.34930562832087025
0.31246831581863344	0.1753885699169393	67.73096379757682
0.4433710804861811
0.47399559741743763
0.45517718895999365	0.4683092009326688	70.47849829814159
0.41161194220700376
0.3252951516258064	0.49879226617892586	69.6310807902151
0.35726452226277955
0.4594828294323869
0.427677696030497
0.39275665697900364	0.39040912741065775	76.98248567761974
1.2039168388905026	0.5701819196143878	0.4776473039350393	82.10429186196787	72.95896824450831
1.1519102527461824	0.358378511982602	81.44906132259997
0.3938519166414709
0.38407594922460386
0.3509661534286118
0.7751027986235666	0.36137177417613947	81.3089306633008
0.33817418881200184
1.427809112390384	0.41249059459778914	81.76662855408871
3.1207264847973337	0.3128546468846274	0.564914582385879	82.93157562123876	73.80875417087778
0.3951364545407825
0.48884889728568914
0.8948769732477396	0.35926908989393364	81.7737130241806
0.5297699397354583	0.22152630182338584	0.36546307620384216	78.88407854394328	75.0474527626539
0.3386191412327731	0.1529673040749452	68.92371944716722
1.2295052634336014	0.3220675928840926	82.20925963916982
0.4535875311915623
0.41454557839782946
0.41587532845380903
0.291830593096136
0.4041103859013362
0.46643757266500513
0.3302378884490185
0.5033755466285972
0.7759500216289056	0.20768747206548935	2.0552454148462167	0.5227459033910407	79.65790563231884	72.32509636637695	71.20802935241942
0.49443676881876203
0.2884834037777312
0.32640666031382964
0.3253136093801993	0.35236459535404996	79.38877795619811
0.29952027357893896	0.5428622667924271	0.09086605641724682	73.86694819019225	67.03485148833155
0.40454300494478934	0.5697662091743226	73.60239031676242
0.42965358090417893
0.4235329617917307
0.459076878353409
0.4788470642483826
0.37050470711182626	0.6433520116726356	74.06557198832479
0.3573381223154965
0.5971543204879671	0.3558143334400715	82.13712353257205
0.47705099866493716
1.3979928769011467	0.4201369788373833	0.43365647538358093	82.89764151189763	76.08795715376401
0.4027040968585612	0.37469380937804186	77.43527756679899
0.4348604575923262
0.3946249380481337
0.5552314018472814
0.43269442684211806
0.7988642583727176	0.45538226057537434	82.91415444979404
0.39976262947070534
0.4159068079613648
0.705888968175054	0.3989827508282527	0.45841371351664834	81.6246885112894	71.17281799782127
1.3210245103613374	0.48099671175006975	82.83179959490957
0.4903981468103721
1.465916199664569	0.427989773598366	82.82992951064733
1.010607198768441	0.33720603265397053	83.14531884737944
0.4555587331856616	0.12164305329143806	67.40086139605579
0.5040648265086803	0.5989849644224877	70.95319762922136
0.304891077285847
0.4445123371017315
0.4176894730168746
0.40847443535541017
0.36615845248658363	0.4231052108546239	80.35656527053872
0.48490629605304963
0.35291656109706987
1.1595860829720475	0.367026698743388	82.61033558122679
0.2853432040198673
0.3668283675076363
0.37685171179279153
0.46251069025764135	0.21507422343294585	67.77106985893194
0.41325960896965347
0.35146055116011893
0.3788190079218782
0.5977194328768402	0.45018816795728495	0.3134933829998999	82.34528384552205	67.5035098835216
0.4004988831028036	0.121490941104768	67.21518422159095
0.33643934265664627	1.4431894867052506	0.47559783187894045	72.2561774103738	70.92808229447745
0.40186478402931514
0.4715408567589554	0.40591572220287353	81.4441876481867
0.48996386732699226	0.05204237729204845	67.634960410856
0.5260112397115028	0.7470116793135008	0.03683387598513797	72.41318389538556	67.78421538130162
0.43713247419701123	0.0979315739903632	67.717715321788
0.4743965869332945	0.2137791324502884	67.8520796200164
1.4193744312263512	0.31678201139129003	82.45367021058966
0.29784865572233066	0.5376306470540194	69.59660057026701
0.45335817484947855
0.39942932264253506
0.3584915581539204
0.40835962616925914
1.3039698393625108	0.3133614461653321	0.49274166979376804	82.85559827331377	72.39273269845563
1.6855848482269182	0.3109226693281914	0.5330521710434999	82.93088848662235	73.31275766454786
1.9168046163102526	0.29462139735529536	82.72802770641177
0.4424800110990762	0.6153292541555686	73.6924674602139
0.38909156330684486
0.346720477473687
0.35810281831021107
0.4316302617567842
0.36453643239064026
0.39314469886348097
0.5914160856718333	0.1917862797973561	67.8880362337341
0.40257108084545945
0.43362418196769775	0.8239178753050589	67.02900140899165
0.4293945954505601	0.07569189010548548	67.50599631508688
0.33362754792422233	0.37054668862119605	0.08293590362979561	82.5886848605148	66.28143112787464
0.6404186870981756	0.363720023005982	81.32712793305832
0.3609833424550878	0.3153479878201365	68.69805072288486
0.41085291708933147
0.38752533439475917	1.1563725107076277	0.34665254787407623	72.34009409626117	71.13913960293968
0.4186456980119874
0.4445599502785611
0.4132014645369168	0.330733923216876	70.11766054871434
0.4652721209048989
0.48574562877300453
0.3901418478069442	0.307087391473956	72.86779885537875
0.43599019420534113
0.44407650530811354	1.2882694669712147	0.7681339331173138	0.016852989314880752	72.43953423509703	71.31272228929409	67.66897639628753
0.3604865754364727
0.4629112550842539
0.4946088796652062
0.3541084541239585
0.3633260058387845	0.47872484196343196	73.05912449690332
0.4660790778209926
0.34273872003154265	0.35748508314359556	82.14589542348838
0.3673189954780924	0.41482776081425465	69.71941627049628
0.32973775002199757
0.47309609213654225
0.4156936839402014
0.2929506905150457	0.366231257852557	70.12369921496274
0.3786938135924419
0.3558465785222742
0.319167269975074
0.32684799123841174	0.19922838395637107	68.17266037225568
0.3564607961404997
0.44248603368282313
0.4836153223958957
2.2686942744379293	0.6818662533366466	0.46788087272362	83.14601604691117	81.06831476782999
1.2926480859441334	0.4602356704479211	0.024408856700112783	82.33382214787872	66.4002697143047
0.3202145165163941	0.07094445439463344	67.94258393431878
0.38463951544734526
0.3841281749502376
0.40329146715502184
0.4477721861169519	0.614775803304464	66.54859831207105
0.3508613766958281
0.47736746256552026
0.46610361768190817
0.7108058285476435	0.38270389587611764	82.29909155549593
0.39321755549542636
1.2239419639941322	0.34129492774930253	83.04337756749608
0.4767897608887842
0.3658189628395661	0.7700609811395462	72.75703275232675
0.9418901828430231	0.3703941717742354	82.54419575576854
0.40499006417135425	0.7174876775957352	0.2020762134258238	71.72598109195458	66.13991648830903
0.3478418734979345
0.355702467932231
0.33497271935789635
0.3678860863977202
0.4194532612077451
0.34497613851550346	0.34931056338131217	77.26060760794242
0.37571896694738405
0.4023203356024606	0.31438178052542903	80.75795076191194
0.41076999054255914
0.36640150811733263
0.3869609529630806
0.3213649307845582
0.7899748047849565	0.38111490539012527	82.94984020619913
0.4003120041590524
0.285187780328191
0.39924478314295075
0.38954946231481763
0.3951838956890958
0.377283520429524
0.46997602504933467
0.33588388302139344	0.37102103630790095	70.55039599608105
0.39457690581675325
0.4186884874312998
0.5375017807503969	0.35757314206951135	78.7928374103359
0.38485568668757325
0.47898384912233
0.3778947840383894
0.45033245783184433
0.3932570391494804
0.43864132424582414
0.4436916927808903
0.40498814670018674
0.36085340744631056
0.3425431382351907
0.4790069167899037
0.40913456304484186
0.3392279507732867
0.48898134261517445
0.3565064591988219
0.4295529310112523
0.41924890138825	0.3285615043727115	67.50893237946144
0.38616996308493595
0.5119916991855582	0.33549218020559995	78.1806069279275
0.9756566663996521	0.4190007581612511	82.71542931619804
0.6138594430760247	0.40735677415595184	80.35766071698644
0.45218083240754636
0.3653630804870672
0.29245312229748344
0.43432032289587885
0.594017868407548	0.3512757273404206	78.34302236297691
0.28834968617583995
0.3923581028596698
0.4926054621184209
0.5511970034050141	0.47710694871959347	78.799267535638
0.4080933871510842
0.4753803698903246
0.42199585642266463
0.3266411275313639
0.3911304099959116
0.4469661793706357	0.10157607336746437	67.95932058196617
0.3276972444699397
0.704766956405897	0.33188392992348714	82.00459145003708
0.44749494066618506	0.38953980843642944	77.49926418410584
0.3850982623834454
2.0463459867909015	0.36488098428237054	82.92568542963635
1.657546388968206	0.28953407522347435	82.7381622812903
0.38870136978952735
1.0679509539964844	0.3821412195683017	81.88710108715765
0.3611926491899134	0.5226601696231653	68.02856352617364
0.4330150809988338
0.3903751019522766
0.42672944868407753
0.3964930458516396	0.3932470197615625	80.78190210046466
0.5268279270935062	0.28753489383684905	82.60414102975255
0.3730664358636271
2.60340479044194	0.4246843055970059	82.76599093748801
0.43291753599381166	0.07746144900839558	67.54191278571477
0.42343873222659356
1.8651154056577801	0.3799057988100018	81.63029313782424
0.4545916023861098
0.33157633468977565	0.6905276348395359	1.051441592879424	73.2810703507945	67.63963275182395
0.42250719639416445
0.6299346604326529	0.4211445020349195	82.31236354551355
0.31077067222376165
0.3716349446448536
0.3473366030342498	0.23017846934110495	67.64407542206749
0.4182405626789148	0.4852559510658285	77.46250616225531
0.4394918417707101
0.4208101661817412
0.3878529448906332
1.380002727951382	0.3269565457128358	82.79650024279462
0.4001770556606949
0.4583991770536512
0.45677760394800027
0.49171109248599626	0.3362971997449601	82.34881994412075
0.5154967661323191	0.7970147121503574	73.85851569109506
0.3647117769336354
0.4517412350212636
0.46270474656188165
0.3393180868896504
0.41095796226311526
0.44199313507706034	0.15396039580692833	67.24538696745796
0.3587914968223815
1.1384526074550596	0.29426770999900925	82.09869016899844
0.9245205023392211	0.3300855936987404	0.628493803024587	81.67142877015105	72.70407757668937
0.39928175744890815
0.5643307618072356
1.3337811491348028	0.5502841072821176	81.71520971572406
0.4260967830579899
0.3531572650108382
0.4432015406465973
0.3982283444939096	0.5452837256556207	73.45388668349497
0.4213347556908178
1.2582843917133755	0.28728501154989433	82.1611418736777
0.38565559067339844
0.3825678030495948
0.5485547401598045
0.3529034762445868
0.38631136001491645
0.7942916974387689	0.38253900578336797	82.79270180108776
0.6591901235936107	0.4136594602546565	80.03854975954378
0.6593599251828686	0.3054848108825067	78.87018470598768
0.4617753110898632
0.5106216109259254
1.8230602857027483	0.45520049368462423	0.175760589980539	0.6374852880284777	82.82046469444894	76.89484864374481	74.01397574464971
0.4709793651156522
0.848236962356244	0.31271976252292566	0.4569468534278909	82.47000647664812	68.61739997283951
0.3033203958595945	0.3599222942790605	0.9085223734661705	81.99277663378342	72.56053751121907
0.5807778594873478	0.31038611666144234	80.31381880308982
0.3857067791207774
0.43077926704376013
0.9850014057663093	0.415621046486434	81.46529770134474
0.45006392700711534
0.381187321685717
0.4093510436600315
0.394442303122645	0.7856181230587352	0.3423414628615045	73.27737370154192	69.83645349630562
0.47711437067287205	0.42081717316932366	66.63290827409482
0.48877124201606303	0.5566474198666911	74.13337786103926
0.3946643157179404	0.462616974631322	66.1886337957709
0.4492257115538301	0.33955684702222033	71.16538098280186
0.44523409021745247
0.35459728504556465	0.2306243573128865	66.8824109041157
0.36399108733582447
0.503291681359422
0.6426018755274372
0.5759371469375941	0.38015263838126245	81.074480544189
0.3423439434288867
0.371050857217555
0.42743394728709
0.3411722281355687
0.3339394902839278
0.39690000482476084
0.28908251353683057	0.35362377564907016	78.05203838945764
0.26729609476256655
0.4671154852230076	0.1640205337843232	67.75690740988517
0.6527946474112112	0.3036649221769468	82.10140451300884
0.3755055645712411
0.4866803008267101	1.1614984829794561	66.12782238579032
0.8488465138392666	0.3938063439588096	82.941831146063
0.39189114106641343
0.4126132412463035
0.5381237070904024	0.3889646971490576	79.28115848345553
0.4106840543698829	0.7687649553488521	67.14234081691453
0.4140947869619728
0.4681130517562792
0.24653413201818955	0.35569660194992125	82.83301267219798
0.3654429160490699
0.44733065469132877
0.3131058724379287	0.4141696474899315	75.82365740698724
0.4828826784888664	0.458654001884398	68.09636460517369
0.319338712041212
0.4000674342676303
1.0352352318459588	0.42360344456548926	81.98197674672724
0.4091893694872937	0.328978656562492	82.4691350610683
0.42553258945180217	0.33405978192137864	82.11182302881454
1.1976821140987741	0.34225407311989975	81.2934814255612
0.4880003100257989
0.4774394151699984
0.5993605808978038
0.38574691264941996
0.3858554851028734
0.533086875573245	0.4034793846188861	79.65143590637055
0.3220308895004212
0.2923566295697039
0.3944987136535562
0.43563401235053295
0.44860781509286274
0.33141668566243043
0.34086906497998504	0.16914821955250062	69.7243679798722
0.45958122221153724	0.9625628518759259	66.88129373489906
0.4769461221987835
0.4659125520910593	0.4877107556641918	74.41389302864665
0.5247959371165692	0.46333853705497585	81.07885270865702
0.43260929358511746
0.4341163038919433
0.5789643150466772	0.49462152447168245	78.9322399245995
0.4397794043159326
0.38096938818839987
0.32402199373561474	0.5250767131099111	79.20051979622613
0.5025172376429411
0.4367974879802575
2.166649793590068	0.30940263352740266	82.99088115489457
0.4320252008991479
0.44185503705771073
0.4178647441801085
0.39620618509299527
0.4829307562743565
0.47827884592088105	0.12721724178341193	67.5162636529361
0.42123791542206684
0.4661165694659272	0.44143340945529785	81.44925058549502
0.47587611181531037	0.19258221257825286	68.0097417369787
0.36551219103213306
1.0872273446260716	0.32495002643716775	81.4221649846873
2.597762224768811	0.30020859057323646	83.0614545384828
0.4265495194284031
0.3825927282771621	0.48121588458984804	74.17616085241755
1.1709416563198582	0.44451952781979176	83.17138303091056
0.5267994444517073	0.3744028513148475	81.99785253427878
0.6477864662185263	0.5516720156887513	0.29072304792285236	81.93534384081367	78.76288183970614
0.37842766377887077
0.38546357199406156
0.4591509380200651
0.36131130826797264
0.3694867273214151
0.4447223040341637	0.38070391424467587	76.96241048035829
0.36170507874141017
0.38952015788945765
0.529142910840889
0.5037749667080761
1.0883473622495385	0.32015445541583554	81.62318330513621
2.128323711338812	0.3164657950828025	82.54274831627993
0.34991432983893533
0.4855724020788824
0.41639233173721174
0.5609234990033446	0.32728343241135843	67.33699980013327
0.42418537283362634
0.36949380487004163
1.4741809954851397	0.38236805445053523	82.75321737928769
0.36465414337075186	0.2684482724019216	79.99956186806762
0.41325110899108436
0.4658971961634792
0.3482475560937642
0.456230339259561	0.35278373829867565	0.3780327244466461	77.96576849242014	75.59216742520324
0.500961354474288
0.40422676265711227	0.4809566199234094	66.71112052486971
0.42207658971284706
0.5122396357429242
1.581587126053587	0.3295715749601599	0.7425962571062515	0.22364692159446362	83.05306215468325	71.63762518562079	67.70198860879364
0.3099260058186191
0.44052817768486363
0.4042981881433303
0.6429004613412228	0.4319745660089166	0.5401482058098931	82.65280540195313	78.14178373841014
0.433457422448828
1.8196273864650985	0.5325142243667168	82.48066789943411
1.195216923089022	0.3958714023473341	82.71598272402235
0.533920305618866
0.4458944500610896
0.4321405525797136
0.4166477448903822
0.44236311196921646	0.44036207093821456	67.8673791210795
0.41814074526312284
0.4473355465192036	0.34976846331419065	73.3969434665156
0.3517613014331052
0.4617998201511231	0.4145143322490022	80.15954564635918
0.44711617920260754
0.32259488535385084
0.42198737577808165
0.3620006974604337
0.4650966579422357
0.49026344802485744	0.6266449963218382	0.40259854343555107	81.57136613495791	77.70436429545386
0.36928129050844527	0.4644650267387547	78.47284211955882
0.47700020327432724	0.6196266577820653	69.42866657631342
0.4325991813060832
0.410376505425006
0.4805570794152274	0.3483621920109368	80.5271062140885
0.44754932787218105
0.43687057909286225	0.43861680408515646	72.3226556325861
0.8245946856400819	0.38781096496223705	82.90262714645704
0.4968306575434161	0.43502659312311126	69.96176737762471
0.3534274355298733	0.43778276197291494	74.0639373238906
0.4188449707665731
1.3406848035537806	0.34155038780555513	0.4701933136036764	83.23329107664297	74.17581189371583
0.45734375722318493
1.1574175967817446	0.44153035508375654	83.16407699308475
0.44743483598951006
0.46536742962211197	0.4833634514515236	0.4394877354307389	79.9755871216987	72.8600584047496
2.496387188070098	0.37712490122864695	82.11493069992522
0.3996859303880618
0.6818671808779938	0.4553077592647422	81.58133032207331
0.3968651762306089
0.4113650105319637
0.41010379758292576
0.3596318706323392
0.47800452951676226
0.3556687090686338	0.38399804245913777	72.34965888229134
1.3716145086630847	0.32870958648892806	0.6544955684402775	83.19290986226147	73.55937312154923
0.8647057508152716	0.24329579026974676	82.1840210051962
0.45762108609100743
0.3814341897761807
1.2842170274409792	0.362859017207157	82.66475886763709
0.33211060121406577
0.3884322906889693
0.8328591785180489	0.5694192717332986	0.10797717669139859	82.71026389811676	67.44088540545677
0.4053362000977757	0.04721612911176976	66.92447334536446
0.43054242178579444
0.5477661222214506
0.9067812027072926	0.5306627273548727	81.55769168591162
0.4282794892140661
1.4472162040970824	0.35846198904154786	82.8770067825426
0.4472362669023075
0.43498025902075305
0.22837451357497415	0.5525489142549972	74.15715171334284
0.45670312864006074	0.21676993477399678	66.92038044300571
0.3629717395719326	0.2938582444851631	0.505278904071215	78.39203115350371	71.98145342513469
0.3670414049014998
0.3524760211019864
0.36887386665804733
0.3302081557192293
1.397527799588365	0.3017174356466679	82.8823487739824
0.4298387636315046
0.45828932464174604	0.27260519061866295	71.36707861125468
0.568109698700525
0.6693393407731583	0.4520488392833859	81.12258793272848
0.31403270146270384
0.32088680642729606
0.638982947101133	0.4248971116150198	82.53256668997693
0.4305409364379827
0.40867606419827257
0.3733000226632908
0.3511252867709905
0.32061597454854657
0.4791025595096541	0.01880800818428885	67.86839015049054
1.608412789911272	0.3552496507188151	0.0012169634126807786	83.03298262102267	67.92219358942144
0.3963068594669575	0.0016306991382084672	67.79240987509397
0.41188883464214865	0.0005293919879984209	67.9223014048562
0.45483606656453957	0.00026968566831212805	67.53769105591513
0.4304581883878831	0.00013651491419482378	67.48003187471416
1.5968325273868444	0.4215593680314753	0.0003016295995676602	81.8651327148319	67.47580004187486
0.38575022185400415	0.41610960833490224	0.002041347664161629	71.24895640263529	67.81676841512434
0.2983373663894376	0.5622010253446755	0.0015134328723537518	73.50674387885657	67.94894801886241
0.5661383355672867	0.0106763127112834	67.94552661751379
0.5071051659703337	0.004925016299898336	66.81800219112228
0.4390154719544518	0.914715679030547	0.02392657631636831	73.45944566358175	67.84160489192114
0.3864659014704919	0.02460020094221651	67.75148735916012
0.8406911955217884	0.45892407885997394	0.5368033388001721	1.3026254300570617	82.627357742356	68.51953657864613	66.89983832550749
0.47238432449778056
0.4699757321401622
0.46506985073176044
0.6304979927771284	0.249840097332222	81.49873191337426
0.5206977672760088
0.6875007258098885	0.45349921607550203	81.82249376349404
0.41338680115348875
0.38454123688600067
0.5646092571425765
0.4164843285434151
0.491094695054489
0.48651656001017024
0.4375417376536708
2.4993936930496283	0.26833919517691346	0.662288879923429	82.67018701170359	73.88408305797068
0.8583685250870049	0.4170678323078627	80.755225425502
0.4465832128023325	0.447932516381291	75.5161164259478
0.36366460370863907	0.19061554990242588	67.98522735415312
0.8376622109551607	0.3773582687133593	82.62719140714135
0.3510313549072141
0.8007953445876166	0.3018039378841777	82.90212930321077
0.754928739109863	0.7902580159396324	0.3004878507946652	82.52938761496134	81.38640678530558
0.4481023095125548
1.3514878672030128	0.3495392011764381	81.77593457495476
0.387603981845448
0.4209796273537416
0.46495738455587565
0.40432564322358183	0.4073901174785286	72.5284703832698
0.42020414101637726
0.4902634091869079
0.4915720873143285
0.3919122069173042	0.23579151300020665	66.09143797027362
0.34787360352058566	0.365853775378815	0.3639798243816499	0.5145334604673588	81.86357327035361	76.39950864824316	70.09311743648666
0.40047111129016616
