0.27274292090984764
0.10483311890984098	0.7015049648660283	76.81159689423156
0.1499295284165078	0.6356552071243596	76.58589232420896
0.32711018136050135	0.5585303059217301	75.8993112414081
0.22258776011089063	0.4358185140787283	78.79473098975329
0.33463545649424076	0.4593354604979712	0.9189171771417515	75.08012264335873	68.40200476422558
0.22084216123930295	0.604901074663828	76.71552743814368
0.22980594509831673	0.6004502865663959	76.10838332160743
0.20402419128330565	0.9455083007489216	75.89355582126159
0.1288659703357421	0.6275357758524923	76.79944470151831
0.11636332102508982	0.6613903629875274	76.12808178354473
0.2615644301152625	0.6770539307794247	73.94565689010815
0.23833378270483407	0.820417516899457	73.33532138259969
0.1266508468219769	0.6398341660029037	76.69140686199783
0.13630159084775137	0.19131041843240817	0.5916712649746474	80.7056741524086	76.57836139868606
0.20390942659425992	0.5212005689225069	77.70650806082512
0.3577208352038105	3.1250513397945854	0.6792192210661484	72.6153460833604	71.382154211858
0.39698232650201615	0.5642859072339538	76.91732047988113
0.21866881158731963	0.5911520958821476	76.63125019807622
0.18716235705400455	0.6368680335669439	1.0482196317514796	76.68892114105122	66.88538912168491
0.2980358178546447	0.6185214960121325	77.10487398035974
0.18498993290164983	0.6168536024497777	77.54419541870948
0.30988881108457095	0.495976169861902	78.82104417910612
0.2480746264758307	0.5717606764131214	76.12495432456394
0.2755186855397232	0.5696185235120113	76.62980098808889
0.45926776536227726	0.44526534924148314	77.44217888513158
0.1637299195810852	0.6230299033752007	76.88549706374661
0.3322988749017944	0.8306981249923814	73.96734647723346
0.13916668590204476	0.6621195886031697	75.86717671133827
0.2932408537472161	1.0905596070738814	0.7111824409225349	75.41330842361744	70.71098598664507
0.15403069499241223	0.7002819905415971	0.6388323209981558	77.22451278285091	67.75669015344253
0.23880760772811793	0.6778279879741532	0.29419280279942256	73.259723098124	70.0739893849621
0.12891730678526314	0.563695130446794	1.1250962906631683	78.70458740614687	66.59114254323191
0.11534422246706984	0.3305506403794522	0.7140751113109438	80.86098993909529	72.94218682116963
0.11312841112389968	0.25687658514231304	0.6983111110734751	78.36416142525026	75.87741874239352
0.2676479606389278	0.6987171409972248	75.74040706476899
0.23278330729528943	0.8747168744836596	76.11315888321052
0.2999369363651002	0.4566075870861055	1.282133899783435	78.90419311016966	66.75405093690331
0.10444301400890084	0.6733272895287916	77.50342078011167
0.5054442859592173
0.2878950931064025	0.6750134420849131	76.37651287697717
0.1684882308993024	0.5282480486091046	76.40635878476341
0.23730272665111024	0.43419465135398894	77.5917196115327
0.42002000012878565
0.36035659952268	0.33849134910495227	0.7349715576951199	75.95342843902708	73.46735318561373
0.2127056206597381	0.9653528766080842	74.74067647806143
0.23985011798002293	0.7412937912255726	75.9618490623208
0.4591375330720414
0.1562461687728514	0.37590583381015713	0.7331359497991554	77.61580972145381	73.90761669975497
0.3818937948875713	0.5137146098690082	72.34161077925498
0.07875219847944871	0.4375343900319512	77.63320923409225
0.4465787005665011	0.5840322928476108	70.79396864577633
0.14312946546867436	0.37831915301570385	77.04790477110113
0.2206400160008738	0.5538156861920048	78.63460637125021
0.3779934998441306
0.26047099613019153	0.6966483109874279	76.31675961440068
0.3312812211700277	0.6237822004197034	76.50696947337576
0.19744766787618204	0.479738971249153	79.19886351511846
0.3847393811074092
0.08461562915423544	0.44126689795197627	77.32018562700662
0.2347517186492609	0.6967074991733718	77.46520770379792
0.2861495930451691	1.0529335354301126	0.8647947774812699	73.75575881816684	70.6831306388229
0.3491835955797533	1.0230754170291803	73.67844746603586
0.17077455719003978	0.3678101019984144	77.62729282143897
0.15857546728345998	0.7351433473832979	77.03607968572716
0.4083816574274899
0.4093639314567445	0.5378521638247913	2.9304937833277998	77.04755999500883	66.13133135277474
0.3071397783976712	0.6191373561787303	2.2023080498097	72.91373643800488	66.11308929865396
0.37542930830883625	0.7722888681119521	74.51502826359471
0.327582952934066	0.9974252776462496	73.87823381886929
0.10842081399109589	0.5547061108834389	1.7192388675264751	78.9035124060921	66.07570492266962
0.3131196820149085	0.6486956831528917	76.47124596915292
0.20698023053114634	0.527811427921414	76.75960617134832
0.2608607335729186	0.4626680919076448	78.63332232093892
0.11199329651935265	0.5058738988055446	0.7421484547940901	79.40875978726588	73.4210663625776
0.3412732871221567	0.672226021910062	74.95710100998069
0.16813633278166287	0.4777682268487099	77.4373634535798
0.2707231001238845	0.9214178412204013	74.78353122359884
0.24745901109174118	0.8332147858492748	76.28969136574383
0.16219418426656665	0.5883543926927617	75.9762479754016
0.14883587583404898	0.6432821425849093	1.8189395496600627	76.16897630632899	66.08426843324197
0.14324963319710823	0.6081259765435735	76.0154002147284
0.1131519555882212	0.7801160780562547	1.2742197680197571	76.91931113272895	66.53096570546084
0.31773392628875885	0.5412124107943064	72.95282298082887
0.14984230571987772	0.5302857211441118	1.0146425487451625	76.94807633058544	67.3766026406376
0.35939643244414066	3.0368955806948756	66.14467357077203
0.07076012419563542	0.6606290290894034	77.46114879078269
0.18365832223228828	0.5982329851708977	0.44701685575645306	75.79428393778983	66.04208224054732
0.23220386087235495	0.48955002434217426	76.10917021390351
0.10718367867225735	0.700334550721974	77.74414870208248
0.08853674236191789	0.669440475912178	77.39423934952103
0.13697024674913588	0.47220338329059514	1.3644231263587292	77.49763209400902	66.1103640827699
0.28954000285645076	0.5683273069597088	1.9950738310696965	76.63053929418928	67.68000110072109
0.31051988166293254	0.7483229826987147	76.29005357207427
0.11765767872416527	0.5992277211174339	77.19510150895208
0.12072914315918175	0.4931475061485808	77.49912332369631
0.09617063419641601	0.5229913579947726	77.36757056454653
0.37326103797649335	1.7876321641414912	66.8560124923108
0.16595051167901015	0.5230199408467454	76.96432314624033
0.12229301634499236	0.42198902307186903	78.88346007221641
0.14469877336839743	0.5408602616285397	77.69694317054325
0.21859876271968107	0.45306098768052483	1.510236930218614	76.10257740963343	66.9074889050364
0.1615000437015156	0.4587317486049482	75.86293322664179
0.2764421266904653	0.06657871820446344	0.5796849260793314	81.27397027904027	76.44713005883551
0.2105106303326928	0.5418395633004375	76.59082797670801
0.1694369886908896	0.6684180786357695	76.88792196901142
0.2842208588642054	0.562511218698747	0.6322416131552999	76.10585560940282	72.88320252128275
0.4100568465310462
0.23816402538946485	0.7046460471741476	77.46247051144988
0.1509881610241402	0.8078391962046336	77.79346697331421
0.20707476204788636	0.7586980786450648	1.371406091135424	74.54541005758709	66.11931846541097
0.1802297020099338	0.6833892830831781	0.5496722673089303	74.27594437905069	68.73809012488435
0.10231099519051552	0.5201171261123786	0.8822622587534027	77.17446942096174	72.29540592755083
0.24338776578178484	0.6969126663080099	76.40008808219727
0.21752724158302697	0.5061975302852151	0.26803922696381416	76.62585396693963	66.38709900012677
0.10201075369981705	0.28744117266339175	0.7103293500109222	81.53466741461905	76.6687322551349
0.24720496304986522	0.6037906644433066	76.49945968769082
0.22246223893540698	0.6917588160585463	76.79606213015748
0.28578655620306365	0.6284701040811418	77.35439215155652
0.3541792988066588	0.6409262531742043	0.9335957747493409	77.14686316491526	67.11770169705417
0.1833422573117179	0.5920697137460416	76.31672928464198
0.18628074317399795	0.7169372160373096	75.99366834104465
0.17660646236302244	0.5706613298087528	75.96827736277079
0.4173061636693548	1.8299568787279663	67.15084574011412
0.24158288093570487	0.49776390949276417	2.814034885679692	76.26913962998547	66.09597080694071
0.3037311991806113	0.6301520540902564	2.340070018569939	73.39894414115311	66.23464804253976
0.3221485803183285	0.7665492278688922	74.17429411198188
0.2777832294605701	0.9515061463273177	73.48858322316185
0.19784676525461178	0.5519670070720512	76.83681386394855
0.33459047391660685	0.5376636212048589	75.01869835920026
0.15363159550917763	0.6816972323923396	76.78544907996633
0.15187266060127144	0.6035403207025113	76.67277749511894
0.2173578597480613	0.6811264613525486	76.78555859403579
0.15078562211549554	0.5925098438149343	77.60461902437383
0.2692655153331789	0.5874635861274362	73.52804245521918
0.3144673599364037	0.7301581394988164	73.08982617161121
0.41161334149065304	0.5428607973294507	74.63108384570218
0.10492117635633243	0.5224782723065448	77.3061959069253
0.1534277276956698	0.5864097639721383	76.85904336586465
0.16864538000193013	0.5756359028352821	76.73500414946447
0.3420088996417028	0.6665585964225551	0.42335329138563166	75.16504443599591	67.39362412463723
0.1542095480602063	0.5436275750192698	0.4538720351979136	75.82621323409867	68.0840684124589
0.15671500603508515	0.715189835810197	1.017141106012837	75.09576365411878	66.059861770421
0.12650320070881585	0.438798960947513	77.6765320351651
0.06867432547414955	0.4211253479012915	2.035392847068334	77.43949034950083	66.0879361749056
0.2526377275661983	0.7665651233255153	73.58955467970895
0.27652260177006943	0.5430457179898192	77.7545781839404
0.162218090554029	0.4485334110691896	0.7815252345557329	78.04359503219528	66.27502575611103
0.23610779727047568	0.8675254583386117	73.59105605686649
0.27212846205805746	0.7957015517092992	74.29938404700168
0.20803266697748438	0.5404078543943192	76.03367030629194
0.16281818551921498	0.562363805541529	0.7611036999252456	77.47367167482386	75.35776202692246
0.08981633693010704	0.5889814712479088	77.08159707211962
0.09795621100404922	0.5246488162296865	0.6480575630679934	77.19846163078104	74.19084921985171
0.17739703467078302	0.5423266220917926	77.06458925530289
0.19067897468613837	0.7234346054201909	76.63943109901405
0.24852943056993188	0.9381034947752006	74.08284381407967
0.0935787741290541	0.4188225317634253	0.38158412215851867	77.98486174797799	67.5018679040659
0.13775851185754245	0.8182906160093394	76.13957211366504
0.21216717681323813	0.6703840593516841	76.27222354197251
0.3652273835922006
0.3562212692973248	3.7331229991010515	66.75501304665679
0.4437452965698642	2.4116724584103184	66.37171296563396
0.2927875198993379	0.6358297956140896	74.22225871478005
0.26299282082170833	0.7211616956211502	77.11277236125062
0.2171516551191786	0.6550079443565727	76.42451271838867
0.441023175057544
0.5347583464400723
0.1862756326494359	0.41345957625941276	77.14209535737184
0.19919191543726933	0.4777517860194371	77.48341610346766
0.12481253096385196	0.38796753909186676	80.7720620568938
0.12634415305055605	0.6300427331138693	77.28958415101182
0.14038309069442226	0.633496615392438	76.2318244312599
0.29465373606134293	0.8514003773060731	75.76128758336748
0.24619966090939216	0.6179249319827116	77.17218812004495
0.19947539224954464	0.39066045243432523	0.5026311305258908	78.00416530851524	76.79679044852033
0.27040084778933027	0.6888372241674876	1.3270593302083376	75.72184694822454	66.64742109906518
0.1370278077336096	0.5801939939009173	77.60075265483192
0.06999457071101974	0.6471324652025341	1.873522340664084	77.34322506167553	66.09235314518182
0.2741934209894728	0.8422002224794858	73.68136629376356
0.2914167719602287	0.6857786923342788	74.9150541660402
0.18994729949544498	0.4219638546810444	78.40726835261968
0.19253836479296407	0.42040590190068305	77.03732957739044
0.1555953483998491	0.4895343829185091	76.6131577897543
0.1982370093376018	0.5454607542838544	76.87759091115946
0.3172466614319315	0.5295425589558662	77.23603723745259
0.2511917088134719	0.5099294006062198	76.63471553608979
0.1704620557861425	0.45967210247478496	4.075026613722242	76.56701933621159	66.04837892009415
0.13091707259733878	0.453038929558151	1.4990401544496046	77.78117271091767	66.41311593558103
0.19638764891303537	0.6853544910347948	78.06304915969217
0.34195860266641975
0.21674306384076505	0.6880705722538183	76.32540089182577
0.2757050109152572	0.40130868692991223	80.40665372322775
0.2677216866972809	0.7004853971930706	73.3830637174358
0.2511742685852184	0.5451380370659646	76.18002206195263
0.24406497032093283	0.8618582725915793	73.67189939666933
0.2947176916163381	0.2060106691872012	0.6504735284769617	82.39813371139661	76.18881495402417
0.3409006203260023	0.5091601684051876	76.65011371767362
0.327892978600527	0.8140268794923636	73.44936290578212
0.17956886556465515	0.5372077958594619	76.92596982868828
0.39707868722837236	0.7571593764441911	74.9163271696442
0.39594845164068865
0.18304912666359902	0.5905570482510462	76.03407107466363
0.33291749736654797	0.8401595753601813	74.03714651497248
0.1441033761536596	0.7025096015437353	76.44025354933122
0.11370568558336858	0.8328215719891454	76.6266012037769
0.361148789265639	0.5551739811970937	76.50085535467628
0.19078585393772202	0.7099771627990139	75.97254432435267
0.27554401964558417	0.9065064830810355	74.80987293645171
0.16897654838424672	0.5508069833356471	0.7485527139711097	76.74279661424954	69.59285232061727
0.10633498453318034	0.7578507477267487	0.16209503005382683	0.5071427646720593	77.21420230061399	71.16819306813208	69.35156516122396
0.17083775321547517	0.4901504915372411	77.51440787690015
0.20216172327476242	0.5321261465130815	1.5985374146305593	77.74956613908772	67.7836502081336
0.14793072476722768	0.8272528467250568	76.53944364550372
0.2651033775847911	0.919783209016615	75.28461704271754
0.10207575647460711	0.5260177142582453	2.8162783291926927	75.95835081930824	66.15733731981422
0.17608249646290045	0.5682871293061275	3.7670097848261714	77.21125411287568	66.22223982194444
0.21280723890338812	0.768964108785292	76.36735878725405
0.21936678512593602	0.6084138919472813	0.3931269546542069	76.41899624901352	68.58185328328345
0.20427575374683005	0.6238202604073105	2.097783633737474	76.94463717002871	66.49624166027755
0.34279142413233993	2.287220927318268	66.65291642455183
0.19588156038833687	0.6013040279485234	75.4081697517089
0.31106997087597177	0.5312833510270163	75.92675285143312
0.1719096344406004	0.786787418116178	75.71417265362405
0.150190895289456	0.7761472406465949	76.11538135320626
0.23881115340765235	0.4652388840086036	76.50723351497773
0.3255777189881266
0.2777165542263537	0.6783532337701156	77.76954415286188
0.20227781925792385	0.6938189240767484	76.10640801510465
0.16185260449200475	0.5837945277882431	77.23727836678357
0.41938495102692697
0.23392592199446785	0.6421059770509819	77.25690478985062
0.13445667071370418	0.7073447432279028	77.46406897715559
0.2094358482360248	0.9949814668096554	0.6452100710034069	75.87478706633222	68.21862528793433
0.2613971356961329	0.7043462515364307	75.26215764448379
0.24004485256443509	0.5897084488416149	4.235479770787154	76.62643372430801	66.14902539052801
0.39491095689869177	3.5243616571560863	66.43530821666786
0.21753834097684896	0.5376721251657216	2.1198912902271463	76.18589990324111	66.2814704363976
0.25043379784493114	0.48532497579013806	77.32855493778253
0.44222038693003934
0.2693226264722012	0.6909639521503479	1.148875324209942	76.36168100965618	67.2360016988062
0.37206061349393704	0.5691000580051917	0.7830119030529413	0.7295741041051025	80.24256904568514	69.64201431750327	67.76593004043703
0.30297309677453693	0.3743558832241566	77.83848827331741
0.3058896947364692	2.6778540103352264	0.4411678080287614	73.07119276971403	71.82973486614699
0.20761928177179612	0.5328811028994938	78.22442289232447
0.38096698467889717	1.4886245043974808	66.45576755021276
0.25323178941194696	0.7486653525157304	76.68566510315037
0.13689938158201242	0.49396568647109484	77.43873742415516
0.14473060680493732	0.7376592489358609	76.5012608722481
0.2993645918433801	0.796539110556509	74.21303861806403
0.1782493714095584	0.4704172543455522	77.87298954986105
0.16374493695105716	0.5177375025299863	77.47199027352002
0.2665649300781102	0.43478875420424773	76.05548924350241
0.279550257566094	0.7547578121861488	76.52637991661472
0.33971868190669563	0.7702812849527547	75.37756620722614
0.08736218481019993	0.5728541464769774	0.5244812979311222	76.82541371827827	72.40434968022869
0.3190495098926619	0.12628724606426162	0.7830354536647918	82.77237468801181	75.95195054329182
0.2754755207860786	0.8470114927813102	74.93306049610011
0.18905537616129983	0.5587375197533879	76.96465411137572
0.3238082093948393	0.600781870177518	1.3804278072515626	76.02501347453986	67.64919794497318
0.3258194717066488	0.2771530724240405	0.5382190852365745	76.95504076675341	73.7820365542932
0.10528711994065189	0.6565140012396762	75.96321518371047
0.17007284616215573	0.6566650152895519	77.40501068472425
0.1572999451555411	0.2757211766105692	0.59795237898109	80.65138197491864	73.13988789178981
0.4178884879456773	0.7206830610822162	1.1458015848845584	73.9174121516717	68.2131112095446
0.23712729459528017	0.6933302643347051	76.52402644235727
0.13342136765423168	0.7715724871438685	76.10770130327833
0.3320545036796771	0.49945094709378174	0.3554982741002355	71.37248299009052	69.21676229050308
0.14440587022823648	0.3085259720008883	0.8564156254121021	1.2588086514361314	77.85766229817153	72.35916230832257	67.67387147985417
0.32443827238196066	0.4411403969051649	72.10401269785385
0.14249034753323672	0.5043014714157931	77.36778357965532
0.38983860961769085
0.5126232958556327	0.6066922128162732	74.79728730086072
0.29037156521115415	1.3651977155895632	0.47160448211567657	73.3661523812578	71.3596856668876
0.16515516402869662	0.499275449541784	77.37583677695723
0.08682241042188897	0.4864783982578999	77.01442888646288
0.1467309415481556	0.6203608974593398	76.78678516965233
0.24419382545907237	0.6261690424097134	2.722357593207367	76.31449456086952	66.30483062481163
0.2963770145934247	0.5069468634091763	79.49665153142274
0.09750906726459431	0.6276535525399358	77.08599695152381
0.19761928181289715	0.41968451998956186	0.6987358768150375	78.4878348061702	76.86634076805531
0.18531267943435628	0.6311932646006212	0.5527187787199243	75.83627908637783	68.31156272035835
0.23054602303041452	0.5733264147467638	77.56614209695327
0.10536705063042509	0.5925817543487248	77.92983772449237
0.1279869656940664	0.6057975167094589	77.5212250458216
0.21284480268880043	0.6179423175197958	78.60674131466045
0.25027671719112066	0.4982973973339429	77.28351546301056
0.5104993935432138	0.6002348664712401	68.20539979038605
0.14275656707237452	0.6853370447876876	0.8529757835389489	75.96328346975586	67.51336161173914
0.44859984711516165	0.2718559179345651	0.5062085102195327	82.87108964793035	76.25092089803337
0.24125715571890163	0.8534977304104516	75.71288732580264
0.22821372354291455	0.6143007184518144	75.82703835187841
0.1533006403207435	0.6803608446351788	78.03248072765511
0.11493791418158489	0.7960663487902856	0.8104913177640529	77.02327508107508	72.34083112512056
0.11503876901561208	0.3355848487966515	0.5535637336253257	79.1386236488338	70.58050270036792
0.3628807009405204	0.6865885931604843	73.84838424951091
0.13824263364219938	0.5542858006272914	77.58750396489087
0.1691240583684127	0.6146603266583208	76.49895687962497
0.11884546761023432	0.7150147551767174	75.9657060063513
0.1547600209676741	0.5544903836553633	1.4268397235045096	77.61646821158567	66.58827606373664
0.3509199145470893	0.26132666022801415	67.36483282323813
0.1901063350319318	0.6454147339016356	76.54730357854548
0.05643540115146364	0.15550553762609357	0.48855587509439174	83.01121168028752	76.38492327477371
0.18865009184150774	0.6283068786236902	75.77556391083846
0.33196887984875245	0.5680405242264706	76.77902437977473
0.13533921692940257	0.5295470716147783	0.7633663037279905	77.54768549678958	75.88542786303833
0.2764518025723839	0.6124994266979935	75.98825964117903
0.20727353833554665	0.665815996791034	77.65071485636666
0.1560482184047808	0.5485953033345217	76.63297941628997
0.1455536293753855	0.4451429479469966	76.80950121409703
0.3204837565674293	0.6767551627480729	76.86087521493263
0.01839943006470728	0.43356864574660897	0.5510318025941767	78.63181768690012	72.18508879358237
0.1423347863418223	0.7991828906204294	76.18459997798823
0.17749712440226015	0.7078149506537764	0.741026414696328	76.56048235863337	70.50171034271582
0.1971874557183558	0.5403731201979055	76.55670055082865
0.16186651380647246	0.47641284943275963	76.46368631465084
0.21227196069363674	0.5811084401910723	77.58091823294846
0.299444173198432	0.8469768343187166	0.6942810004318399	73.10071239697822	70.94700259226414
0.14360091152373952	0.5261709586652962	76.89732941646533
0.2329184217776273	0.92711458778381	73.40247301605604
0.43652687154551667
0.2267944071240166	0.44300758012974334	0.6349698855737858	77.0897272929852	73.03014408979719
0.17080131421086736	0.7511741492829991	76.27164176434528
0.11924696349399205	0.597808064931046	76.75795896622598
0.19514951496716532	0.8091914484285232	76.50849611617912
0.2275904432687601	0.5980311551691726	79.08104827108798
0.13289670783345306	0.5376925343091029	79.10615608208951
0.6452138176393915	0.10248367981641987	0.6702121102084847	83.23031240828807	76.897947946363
0.0904382314670069	0.27381138380831815	0.5465413325270035	0.7382159541449242	80.87167981240097	77.09936090916756	75.82883757708032
0.09305357038863891	0.5192669309845538	77.03099959838754
0.16672710898920276	0.5656004755615046	76.6209208797668
0.21482141160465626	0.7040635400943441	76.21700073288353
0.13910388122335002	0.6003253646181534	77.36095182955388
0.1403831752032869	0.6691229993442384	77.67799904996936
0.20711484789513665	0.4878267313999619	75.90286204090783
0.2503881681893286	0.7392865757930124	76.08696563068379
0.2017187316589868	0.5998430489857708	76.56190962167314
0.21502475987381478	0.27942122700205735	0.723725567000045	79.381015807854	77.04048889844921
0.33295037212829753	0.5108924534361571	77.53237750191474
0.13489364639583293	0.5021574566231285	76.13697497351102
0.16566829431626057	0.606773394855154	76.6056865791454
0.441097887254728
0.6972937761922183	0.24758574358339447	0.7623172714919985	82.50310550860168	75.17309687525321
0.4665924317611861	1.0061149861771819	73.74944818087026
0.21361021996065305	0.5901515687270897	77.46391026294508
0.1714928034419556	0.5358500778489448	77.82526911162259
0.14632302501689723	0.4812934834749951	78.28271089655371
0.06971031749185909	0.5527786492144539	0.7748671826792759	76.60602576449054	72.96881538140902
0.05622429264867479	0.6161555351330001	76.96988569863895
0.1509652859105476	0.7189360727722915	0.6369701788373279	76.96140356458478	75.71613702894368
0.14377218937995967	0.5768834444763115	77.72765605108583
0.12440824742058464	0.77155898686278	0.5311899877294126	76.19134440408406	72.0217601397561
0.12152327188182098	0.4877861928080773	76.55389371929554
0.16947057323088302	0.7182843068878685	75.17990729758398
0.182982520631449	0.6294936388782365	76.85821969630047
0.09679125446817596	0.5968883659815476	76.98787145340233
0.2810574203569887	0.8454190832049308	74.2489994752587
0.23956995127952502	0.5601763298204735	74.8992914621218
0.20988028188078803	0.5028076981553772	77.53438022765508
0.40751054811442905
0.2361290836773239	0.6695440354706811	77.1663358525393
0.1926862844112191	0.6017150780065038	76.241606179923
0.06448889732791523	0.5965233234709438	78.00763109695738
0.5679842517727842
0.24893928494755901	0.7088660822264001	76.20789412954663
0.21888944265802673	0.6233899141829421	77.3488643561826
0.13032880926234489	0.7162825675482068	77.08708987747775
0.13068529081025682	0.62394863048579	77.12200928031048
0.18493007011241544	0.5714245225663729	77.13556665555292
0.06577358214904791	0.44659966102057336	77.08216748692413
0.3188741498968004	0.756054376139841	76.27412409394904
0.21271156831101276	0.6067037126979127	73.86989233954634
0.2068742527226706	0.636904966515387	0.8555046215606741	75.852885756333	66.77337286303225
0.37871262322766425	0.4019958122296048	79.47796893022989
0.20749333300852812	0.9205985377780451	74.51653816106962
0.2812292283040804	0.6153736537551197	74.93956300111684
0.11581004832133186	0.6243221149178196	77.18770403324876
0.2645807044707044
0.24573694139391886	0.4428776715575071	0.14872454837026367	76.04412644958954	67.37758285826588
0.34107019292110535	2.03341047789691	0.5883728063058846	0.35675286033371917	72.96717516444194	71.8915856990377	67.7652453670383
0.11036117216227885	0.6627249852092912	77.74405575929806
0.1831540788389891	0.649177871887371	76.12396295927284
0.20384409582188306	0.6416612555177978	77.02220398035882
0.22792804460227326	0.6190712046773442	74.31502032436467
0.13490506453265383	0.5135518443176795	76.21676303838736
0.2678660780317488	0.666009163201672	73.1060628363546
0.34257566097111786	0.7322238745706303	77.42137911152965
0.15534011270897624	0.10669447529074744	0.48934048339408653	3.3772680044945425	80.7935318549151	77.22663999745433	66.07058454312502
0.042861911822149386	0.2578715561567414	0.8301090856227145	79.595598177682	76.24061288381633
0.15300529003150415	0.30430485605840846	0.9522184144897531	77.46249264992977	73.49326429929135
0.37006235279589955	0.6900556498339703	68.98223194844672
0.3515479162639144	0.594263700361744	79.68673967111687
0.12444764580889582	0.6029381719774102	77.98069931810164
0.0928606053758041	0.7175073126281903	1.4628683922897752	77.50183322185772	66.99128597502823
0.1631527332070598	0.4949701388844244	3.448381984895275	79.47099418437205	66.71361927909793
0.1577692823745207	0.6652954504381592	1.117070150991367	77.49527146720953	66.97054685857097
0.2095917525823986	0.6747338037870179	75.77575032325437
0.18696965827229778	0.5144080266914377	76.16032690026866
0.25931866022259753	0.7363021529922233	76.47867366790537
0.11830816683483354	0.7047098113730371	76.04597777805567
0.22570022432227	0.761265870732538	73.87414214200136
0.18719870513045458	0.44332621521150084	76.73943477290732
0.2287541831446342	0.7465222855042132	0.21519681075085528	0.7249196399845337	75.83195641190545	70.57145548685311	68.40571689858297
0.17548827977886122	0.590190776918096	77.23795375446628
0.24330146422918564	0.7204085197532033	76.0083165637238
0.10765388289880157	0.6744539011891719	77.15713851248638
0.12062537018517902	0.5943343484609772	76.78712353622534
0.07823401077331495	0.5885271556767553	0.5028326709783161	76.55956281767975	67.96062902495383
0.12652238137079164	0.5845206901978334	76.97560573081259
0.07883461563441459	0.6409860909476623	77.52659392714507
0.11101198799961133	0.6891520135058844	76.95565981317102
0.16412255039451215	0.6042506380234602	77.87594372476546
0.3343000826987895	0.6054534441977617	1.98584756883713	74.18837848490121	66.10870745799276
0.3168625523187351	0.7610834622865784	74.07794971947187
0.1280818192750931	0.5682453632375415	77.7577328498465
0.13855087366718885	0.7269189455009588	77.03390096460026
0.24714171442557098	0.7107285738712471	77.43775234899368
0.26198107578353125	0.7125706221945606	75.14893517405217
0.4278846872037696	0.6502867481126011	66.52437529900884
0.19174230821737775	0.4745251692037736	76.24998051934176
0.2186292458238194	0.6342938357249408	75.9724388930546
0.24980833691546897	0.7356448023108999	73.71709980932444
0.14159992981985456	0.5169079443391817	78.79387597751688
0.2481824313377189	0.4256665436088772	0.5723543782609226	79.51272839341347	68.16184515396242
0.15155087837980863	0.4778063059369106	1.151582858227287	77.43071329008171	66.54974817120808
0.2704118415242519	0.8047182877509454	76.34015203589317
0.1988577520389718	0.47636595650755137	78.04175499154798
0.1383512398141397	0.443666428244535	78.25339616431238
0.2707789875493875	0.04556600415681838	0.7831961570635488	74.59275035997204	73.43013683955235
0.41099484861004254
0.25358656614334557	0.5219662016217262	0.574863823154596	1.8552209397781905	75.94085377217141	72.82819080786416	66.5910804311057
0.1842064564530684	0.6260059061254468	77.20544228072785
0.34212239535186206	0.674201337163227	72.56241500146552
0.1829813185816749	0.6577175351694321	75.06746691897361
0.19497428974763673	0.643266021056212	78.07644177632866
0.20412661665629034	0.8256433511552932	76.48083844036277
0.31349603476073795	0.47244213409431185	74.78345128791914
0.11459387926336334	0.5649047899864207	77.52309907058336
0.16537416007933062	0.5837991534782713	77.81271969950498
0.24167599918218935	0.40835444720771236	1.6602406496336486	77.77957164541569	66.33822827318886
0.1841038287142208	0.612840499030204	77.59758966969451
0.18000387224177847	0.5141368017896368	77.79473374713838
0.13835034345023015	0.13467165171150217	0.6157227802764346	78.29523334028876	76.11031322467751
0.1585159600140602	0.5489173259716877	77.70064306563931
0.13273376435620762	0.6365534248064257	76.62503167352054
0.23091023345815576	0.45197829723088556	74.77852843796148
0.1959907416039843	0.6274110347208424	76.74886600239638
0.17951185910410736	0.5269664493241347	77.07930903301538
0.08538725213442096	0.32406331118665427	0.474072393666154	79.39647210456751	76.7993750998582
0.2635917421719809	0.5707571825460315	0.7375958132582744	76.55693438214371	71.94533480209843
0.23307086162200205	1.1433457049458866	0.6118346682472746	74.04212192689712	71.10002671036763
0.33454375207842835
0.246594986591598	0.7652892294126491	74.85885518745921
0.37639956837728145	1.3483426363485724	0.5242762307119796	72.66405316761703	70.76347850090504
0.32344070883948256	1.2620651226717028	66.60135791963842
0.03297486790513109	0.4730032487252457	0.9521025963041038	0.5352526123003657	77.44940125529207	75.80557348610577	70.57779458566186
0.2272451755297543	0.503744047134176	75.86807604468066
0.19848871252573977	0.5943190156306913	1.7101519451488711	76.96290255519371	66.67288238692548
0.2518836164512218	0.5166699943774209	76.10246674995417
0.15920930474231257	0.4602871554072242	78.19338660654097
0.3086126227695275	0.9227252695300527	73.56280777637025
0.20379370320382262	0.5111191154381014	77.48824749853155
0.31284341177724323	0.839626887358949	73.89220680990577
0.3347685460623861	0.7349871983958428	73.51773818805663
0.1636527904000379	0.5289033869732249	76.30586567697293
0.14461777880465174	0.5931735409523209	77.43762849638061
0.115139680045179	0.917252356443069	76.96743401872644
0.1314858121244104	0.5686864118468721	77.79718105528296
0.21344591676798946	0.6793882037124055	75.87067405060007
0.3894580108616381
0.18690831111386808	0.5763174284528308	76.71679957825415
0.38074600970945816
0.24232546686344061	0.5915136342724774	1.3724994621575362	75.94631987480072	66.08742310107388
0.11443009881931948	0.46177119073683665	77.21078514220407
0.1933560264431473	0.5007341637438434	76.01224651138847
0.15075433413410166	0.1830966226887179	0.446370478715656	82.22065176583752	77.13352141565342
0.13367185190579312	0.3392862689754859	0.8291832280323516	80.58572879070113	72.56807946001665
0.39750160469414375
0.17188449451310578	0.6377388482716523	76.88443135885647
0.19028054067060013	0.8559036080932763	76.32136904067816
0.1477564463683176	0.45643914968944227	78.05684542596818
0.18657119619628323	0.5377735279806204	77.32113708721796
0.16068435500969894	0.6367408356070203	77.63501445544567
0.1539321436072825	0.7587975271596872	75.93742660554176
0.20206783023574212	0.6838603180845724	75.84395686327741
0.39506602473054325	1.5146676305610407	66.13615516743506
0.4175599087704764
0.19274232340243092	0.8506503088307156	76.190285143265
0.17538677893472687	0.4197530458968273	77.07328121774903
0.2967470892550013	0.5119013373742289	78.05522024006768
0.1337628904749487	0.5572101504063462	77.91058400284818
0.17260960125116573	0.539003873856235	77.21297762053163
0.15244251123858144	0.6787408276909696	2.962480115849249	77.9564400386465	66.7310473597305
0.11112538535960699	0.6250404027033764	78.75741078624776
0.35320604737175065	0.6451072026531157	76.07426426692639
0.3831557548180097
0.2703217606920545	0.5297471608265114	72.01561221628836
0.33624336048307224	0.7901557582880092	72.76292148089001
0.04827557700360069	0.49914993098398036	0.8572935359754926	0.479508002636976	77.47189741281774	72.46680909506749	68.37945061366709
0.19297275983745024	0.7096937169471252	76.05962150103596
0.17962921769494217	0.5767081822514333	76.59458422543365
0.1181180031329201	0.3019095794460987	0.806713144886575	80.82773917741659	73.61145748068338
0.17532760167190314	0.49501423969250424	77.74673462579247
0.2541419199823582	0.7148662572965827	77.34438723790475
0.32571511774709355	0.5785108401174135	72.87051574002996
0.23040506776115263	0.6290559144661657	2.7461049409387526	75.86395154056024	66.13993033100628
0.07285623946883181	0.6137847640958658	77.31339420758763
0.19834262382120219	0.5195834773389396	78.13888748981493
0.4960328063666663	0.13225903025303828	0.6846483587638746	81.85933465348744	78.96366653585822
0.15304692021958438	0.46265523556750215	77.6300817397534
0.3363071430403958	0.9004985917597794	74.229252603387
0.04373193938317024	0.4119149048643452	77.03311932633547
0.14208036584920664	0.37681868806411417	0.5736854033851277	77.2374758932215	73.51895000290726
0.21768694187329019	0.7982298190907269	74.64017581306963
0.15157240194231292	0.5548276839570794	77.3492843228511
0.5879459930230092	0.9984513331806427	66.50653949098924
0.13298923762275622	0.6227531089273294	77.72245972655409
0.15762477206331288	0.6149467090728625	76.4832902444844
0.19661448200148526	0.6081141672375979	76.84768950897019
0.21454388672504074	0.6661876978872533	73.65379989570052
0.20413268224960762	0.46720521729958525	0.48459247379058235	76.60045332191868	73.81215446896844
0.22614325218903147	0.24155665080444824	0.9679398534328515	78.32103397652907	73.11990267874364
0.22300916505739768	0.4947581029438617	77.77821021872022
0.09983513654134647	0.47961902054117717	76.66234166170683
0.1334748267309114	0.43624103698494043	77.7064016876594
0.22821023296865375	0.7084513305536114	1.9017234662586757	76.51516096719729	66.30479876786184
0.16539755054354852	0.5485661752289724	3.8350892693533467	76.54913651883804	66.07616663032636
0.3291385282479221	1.9860233752005212	66.75417162002117
0.16735862228928275	0.491371114520243	1.9966523447292237	80.08079496657773	66.48251400409
0.3914040430543714
0.29471413726471163	0.28877330192881223	73.50742157665536
0.21553572940354215	0.5495329107576554	76.49037088397536
0.5017950477570517	0.704057171760447	73.81518369928182
0.15598754736744125	0.5688098856684504	77.84234176426742
0.239289130778582	0.5613911526253945	0.5924023019040418	77.44199096777791	66.9627739283332
0.19083084035671827	0.5388998772781622	76.19424581807867
0.3531850857132209	0.6903605058590558	73.95360797874295
0.3498516059026336	0.6731957548992427	73.54226849709929
0.25291185265762944	0.5213801205777132	1.0660807018101321	76.16552157138291	66.90898671746025
0.34315315992176804	0.7902261747925338	2.7488091164688386	73.90578019895781	66.07616556517742
0.3344443201085642	3.874936410653047	66.33132251552745
0.17066055487778337	0.4731919260585433	2.791440904424959	76.06096639885602	66.19858248136043
0.19446683708346163	0.4786557346548034	76.20986359702236
0.12321285664330182	0.6493901550748119	77.28909442136644
0.27053868417401056	0.395550732757127	0.6368550370788294	76.74037741209726	67.14753688920004
0.3995669886747058
0.12428360382577396	0.4822244701234988	76.12657587583857
0.16362251503867542	0.5724256112687781	75.95257587202393
0.1950218452402336	0.7243585261145331	75.88119465725521
0.35489035752775666	0.6170326894041013	77.03467802165844
0.21262792930556168	0.5397635091806727	77.10542522938273
0.18985343086785045	0.7729659524111163	76.04696731513648
0.44103539628093597
0.22625149352492552	0.693270635831692	1.593692081669867	0.5266019305727677	76.52494897837065	72.45654379804212	71.31533397251945
0.24537087486771553	0.4806126958432025	77.49804150391411
0.18731288235607663	2.0988452598592677	0.47794787129545396	73.01301256044074	70.92940597908978
0.2335700567324884	0.6197646225077024	75.08579301452446
0.20241320035839142	0.4395433891756833	79.71671804887424
0.24009378019740626	0.5214372372319054	77.5813286512377
0.30044350568041117	0.8771847225157553	0.5501208513538293	72.57663896491913	71.37093965725629
0.33915409174128497	0.8324455978083658	74.29991892322836
0.24899979411890072	0.6548301377513334	76.34924834707093
0.33394436950468653	0.4709163669761105	79.48720881054071
0.11236805660318887	0.7164140802600432	0.9504711474718338	75.97016877493101	74.41974615547613
0.11564248664171421	0.606094962995077	77.69006422298301
0.17388190726750505	0.8577203488372867	75.79979431381352
0.18423704281764994	0.6399244432653518	75.918757012774
0.22559801476101227	0.4810400963519097	76.27314592604793
0.29941461442292366	2.303102799645562	66.46578519959934
0.1587541560449094	0.581921659980473	77.46781999680306
0.14976151015434583	0.6683677634196977	0.13099676009478947	0.4905439963524817	76.05048768815477	70.6029119812141	66.47924727082723
0.2102967745874646	0.7269365500656908	0.0992106301786897	1.904981718360899	76.67712044907876	69.47358343794946	68.06838949412212
0.13025483393549958	0.49530014118237875	77.56516599248555
0.3428855981066648	0.6112434415551354	0.9126774917199664	74.81095854088743	66.45062745498947
0.31345276985195497	0.5230045205404593	76.02450012701391
0.25626059409039975	0.6266949134204698	73.65687297546334
0.32233542382748104	0.5215852162599733	77.71124893878422
0.22128799467693658	0.6102713664202861	77.2569989910189
0.22787165069997786	0.516247974447788	76.17836217526032
0.3028323860473664	0.7863746334816476	1.7913202806655844	75.96428365298472	66.3636155500948
0.28488101850819997	0.5898845388733821	76.04202145418525
0.1290292069323317	0.6671282954993109	77.59942433281869
0.38235417315893105	0.9246033498966383	75.96599598376963
0.3918133951925532	0.6901289131669633	75.6818319287077
0.26374943534452505	0.8391917927427707	76.11942576440619
0.1958827961645547	0.6845985154290314	0.7726093194883756	76.95698367325078	66.4441275885205
0.1982068612311965	0.6554051417084837	76.87831122943975
0.14944661521462294	0.44255248399666564	76.92294812366927
0.4357381800950343	0.3826720637064539	70.97504067588424
0.2876586035014667	0.9080435349603097	73.05083115914613
0.1558644028003688	0.48252969427374554	77.53681659405584
0.08996935222424575	0.4388275574530425	76.92931775841221
0.15579889326830293	0.44478203456900195	76.51779501771318
0.2243526679590377	0.7584631503875205	75.81670681088588
0.17396243892646038	0.629639946964311	77.57304111750184
0.07809667973711452	0.4273079307436987	0.609621972669555	77.76464594007312	73.88909938997843
0.1465043385996652	0.627098074328132	76.74299228881888
0.4794178014246856	1.9352039886353054	66.50048140678334
0.11612947762390258	0.7367812737439019	0.4698526048073612	77.37784584053836	69.8069170423505
0.24023164692195412	0.5686560976680691	74.30636177299385
0.15808974494225733	0.4626625301336471	77.72063605592746
0.12536524833143056	0.6145814376652088	75.87551375428356
0.23965029771929292	0.6724221220775417	75.08186183524646
0.22443437596495733	0.5850105984888895	3.1510200811664997	76.83716549644535	66.67773707286352
0.1769016696430149	0.6029094958076829	77.44286114347909
0.128260519244691	0.18232256949110692	0.6823613248483547	80.84120092569596	76.00389164404233
0.20909912822199228	0.7058927070621792	0.5686422453985837	76.21233542009736	69.15466618319137
0.21165975504090034	0.5597805893222391	1.2664863716622372	76.25394839456236	67.05816565125896
0.40753640911636074	5.270491866547664	66.11048334671686
0.1639964592498364	0.43040279194913705	3.4771630530670037	77.21394438877903	66.11481394825626
0.08856357265415077	0.5569128295670682	76.87496225626924
0.2507739548471915	0.47046982814972726	0.6937529326955022	76.15948231532215	73.7073320294783
0.28894619784967635	0.7814015446397624	74.90636874936602
0.27174790115608344	0.5774638795722243	73.77505058950048
0.13058257716020735	0.7147824779746672	75.94914776321892
0.13769955510717954	0.5693803126137421	76.78319113948308
0.43803734385000626	0.7204002118810573	74.75033558558599
0.1182674080659908	0.16955000734529516	0.39123656460017464	0.4215201253070534	0.5746886913114223	79.99465480954224	77.47063966078387	69.38258150960525	68.25375066172417
0.40105694991037466	0.548494549930606	74.25233442930697
0.48477665826040467	0.21989384455026814	0.7853060843345684	82.56917168910559	75.90603316062737
0.3870253585252714	0.7301421966082298	73.48538623857165
0.23197512441352483	0.5982668925992443	75.9688447170939
0.3285526994185075	0.4104005212418891	0.7214730525533041	74.9636534518975	71.87483206100521
0.1479678820861898	0.6978345448919859	0.43895746362889015	76.30151927340455	69.38958504181024
0.08192200624322553	0.7911129436525752	1.5188406556504854	77.2000229482198	66.31621433190358
0.10125211294496994	0.5604865776039064	0.42749455854089	77.56016984843758	70.5510369246131
0.20716321334817026	0.6132639898546198	77.93493306802698
0.08395614416627105	0.45747612793282627	77.84857698927982
0.3745503620758511
0.251748346232193	0.45035529212675784	79.43807721895922
0.12412260083322559	0.5873621662893196	76.67391116283248
0.24711934096596389	0.53947026139834	78.1831919153374
0.2121457009871903	0.6535066615357442	76.90946725346677
0.27801386341769607	0.6524792120451147	74.77608818635568
0.496658208233173	1.0968774395464433	66.53883282027485
0.3962510035814707	1.3606150674264852	66.3587611118847
0.22603743514744903	0.5534189912089941	77.8341271864373
0.15993091747675475	0.6059404949842726	76.33350148585717
0.08590518113576048	0.45190500667070704	77.64393502036708
0.3833076935597172	1.6675166873269687	66.56880424454361
0.46282270944470005
0.06868972932360946	0.4672049975332795	77.87554563852291
0.1480599046444548	0.7303083742976342	77.13016344621764
0.2789008111898435	0.5037364684915714	0.7476605134677875	1.9727108102141238	76.06590890526839	74.29760873966423	66.50151221054634
0.23303497335374615	0.7150497881909077	77.03303211020885
0.10201300714269446	0.5801208793787146	77.60214354489315
0.08921983534562088	0.42911957667804285	0.7048495494718292	77.73714689243009	73.54015249595014
0.1321064234170138	0.640155895674294	77.52815403841285
0.3146765100718744	0.9553092604448282	75.56551058800612
0.1673029224731056	0.3535700513294384	0.6546100046078068	78.96313780392732	76.46096602578308
0.1075172411005512	0.5876977325297488	77.3938993517061
0.09179523860856736	0.5018244601556221	3.579484835644535	76.94357115886528	66.2292563704344
0.22822879148541306	0.6282520027472213	77.55779523377792
0.2644790349984948	0.5524792500829714	77.22957099911662
0.21050152093180888	0.7220969680709087	76.18156943158817
0.14265359983537232	0.5650331239470887	77.5953866575533
0.349881728602402	0.49348065529165835	76.37545777590907
0.13179529764775122	0.577778100882151	78.14613205786782
0.07527839551638536	0.6200216362678015	76.81566078588988
0.06727328239322007	0.7007297918614587	76.79979478955161
0.15899350621768718	0.5249306773073535	76.02596210498918
0.16207281562263598	0.6906708435291691	76.19670602046331
0.16151223856860453	0.6678363272985262	76.02641786757246
0.24065439150028103	0.5113776912316272	76.9282017703069
0.24919914546274788	0.6387152473459994	73.51364095477992
0.34820549492196234
0.3299226261732058	0.979907222174195	0.40195081691625706	74.46773374527662	70.24923230606694
0.25255459557941917	1.5760886748380838	0.442011074822664	73.39450263796438	70.63372268548565
0.21075836634333062	0.520628787629623	77.22686030213094
0.2521789557838252	0.65609836549973	75.64315666871164
0.23595689427395874	0.9365713098939555	73.1999186498878
0.12281300583440875	0.5574327325216583	1.5818792476075383	75.84498082085292	66.42670690082375
0.22964028823650634	0.4248604409136896	74.72406803040118
0.455730928775562
0.17910108770618866	0.5430001616126833	76.69189419005893
0.22259451544211317	0.533392606358129	75.94056759836573
0.1893045933836635	0.5698586615862762	76.02179226541857
0.25244659979033085	0.46328646965673137	77.32042511185502
0.24327465827381936	1.0755536206561913	72.9799207227342
0.2943774373880371	0.7522161967737856	75.89337599609905
0.19103653517143185	0.5046091624702119	77.06455300369541
0.16656277239714545	0.900988659772241	77.16000062615069
0.1912913883493427	0.609507115882334	76.72752009224729
0.307850048177102	0.6661261123826839	76.45656905121085
0.0868508194626138	0.5366125808490185	77.03575898154466
0.3410809944697963	0.5191584271812507	72.90421808295118
0.1684226128851958	0.5273900855155971	76.96777785248521
0.14998952617098132	0.5807583201072689	75.79422825339114
0.277869905384018	0.8513000124398649	75.91240312880893
0.16947075776158868	0.7535566481005036	0.8542687808350038	76.18821294858996	68.36400385582212
0.13171220987926915	0.6651416413373687	74.5729648688966
0.37968412055364203	1.1273216530601569	0.5378384861859391	73.47791185705596	71.28755298249538
0.21531976035814251	0.37842613647487766	0.9881090926108445	78.65676203405177	66.9650111106982
0.48691937131146695
0.23135100307421078	0.6327941297183798	75.86200706657785
0.19383278326854841	0.4122631780745875	75.82153177722581
0.11008349363480922	0.5670119434372891	77.01728588412608
0.2640001368556551	0.6934965734752807	73.69717490258618
0.46723679797974293	1.5632799321002644	66.4329331187678
0.19269853011634452	0.547396577263543	77.29827615958469
0.35235738381837806	0.7495786178834466	72.4991132528882
0.2590899500837736	0.6818203469703025	76.25945914110535
0.1661713842644512	0.5389587854360454	76.48043292646835
0.1413888551072876	0.5232508827008036	0.691526567307727	77.44806095233827	72.7725860497373
0.391367474914047	0.7126802227322345	67.96240069732421
0.14541282214832496	0.5481685986242302	1.572380862566265	77.67440256885233	66.75745456992863
0.30463453055323475	0.20984339573857622	0.4569505843369073	81.59384667127901	77.42678408297641
0.032398927139975615	0.44701749248436007	83.25338098028548
0.03925022030573551	0.4794770082533057	79.6480608823221
0.16518485144089398	0.6276634800569529	0.516180924028482	78.04454859547688	70.38829726208724
0.2984967281346331	0.449865032703134	0.8520982408573718	76.72949645594011	72.40104184278105
0.0763088938867777	0.6068238223642612	1.4017826989036521	78.8521147013224	66.84072822105652
0.14099809546634506	0.9575744438558891	0.8603617666232092	76.05918671831678	74.2805519673061
0.18785214912116083	0.5280208896106242	75.78681745253724
0.3977925597233445
0.45461449063254156	0.5174156867496879	71.92792278632201
0.23915179000450196	0.5144587308657034	79.83891083592016
0.15349206381055647	0.6075631672196204	77.91653965498107
0.09519322061075247	0.5711350456434178	77.10219217737607
0.12371423363027288	0.8039562945260943	76.28163287936107
0.36513694166086014	1.6082398886195952	66.78826935881078
0.3646184926727484
0.4276565507639185	1.5053207144100673	66.29761624292298
0.1642551804103452	0.8024086957160512	76.49301786028796
0.19543857516499638	0.7683285855105826	73.28402542397085
0.36501919783232295	0.5536115070413818	0.6210890594384281	70.02303903068189	68.22821204112847
0.13729547512275894	0.7135829987406654	77.346023326963
0.14786792888121766	0.6320930196262777	76.17033536859736
0.19606241545598768	0.6452120903184114	0.6632642030182382	76.28680281532748	66.22673651978779
0.27809182574774344	0.17905672993840027	0.718765641038968	0.42678614602305903	80.1654912179006	75.21832826388625	69.02323393108388
0.27218853173301244	0.6401882811509886	0.6086508198181476	73.13448976934971	67.70655629602035
0.33063754815962604	0.752849928466283	72.70530777447594
0.2676546640083531	0.3935179995875304	76.30124862204731
0.2656580746128178	0.5301658296267261	77.19476938116058
0.1287637593119904	0.7695517732170309	77.46896331731566
0.11473615695003724	0.4955292931045809	76.8575835174942
0.24506828722740065	0.6586747211843694	77.54892923958019
0.30849291553108804	0.5653968301937903	0.7219240483238535	75.17873252820992	68.18453257575187
0.2901962885875101	0.457619776022839	76.03327726209382
0.2461662316633443	0.7924312248017069	76.07667516703941
0.11189703773687044	0.4930735523395474	77.27814669302893
0.11646185024664935	0.4545277334071433	78.19564972559127
0.25017069257355373	0.5240767991547851	74.14571354173272
0.2572558769715555	0.5598519550524922	74.75733139113784
0.19357168720276346	0.6751533989190356	75.00240606954515
0.21570762185633574	0.5974523105974598	76.5661274666009
0.23818043388566298	0.9386879648674138	0.5103364405234608	0.3451876492488378	74.6932181031333	70.39563816174068	68.39757746596662
0.20433552504060598	0.3403337402815671	80.52225394369893
0.308654342603342	0.5428883070844436	73.4276289621631
0.294294382191269	0.5728958084593454	3.5345425566247664	73.39232263834008	66.61837532671753
0.2626794580212473	0.41368678903196343	76.10422080963048
0.1000538486810506	0.5756379273308693	77.4254532164841
0.25555364689163335	0.467024204961777	74.70308520516161
0.19135526617075532	0.7562648483854022	76.01587856932171
0.41056478269702296
0.09567256477358783	0.6342115320304842	77.42360978108638
0.04883688752286501	0.7119401330114118	77.51502754376253
0.15839697413250836	0.5358510257889608	77.14388517817453
0.2931967635160532	0.26291925046185577	0.5518969289309299	80.71279213953267	76.3703086620298
0.40918441360856467	0.8548551452242051	74.40181170094559
0.2231073515766944	0.6468601944937271	76.70298490075481
0.2519879199253758	0.5840781248700695	76.10204116801066
0.22749894464945455	0.7915175314337797	76.02089495277745
0.18620928495683198	0.5950352531033919	76.09267015177059
0.3028114038025856	0.711007971459817	73.77473525270526
0.17292300950983255	0.5650098889461469	0.35280255921131015	0.43618452991681494	77.93933385225017	70.42351042874164	66.8233157665607
0.18802883061010417	0.3975997397052601	79.57683039783846
0.24018549522429924	0.5603884652547046	77.33961495818612
0.4347130274255825
0.21225023035272786	0.7844327675587618	76.26780223181375
0.14120236368902417	0.7159610074785323	76.00641249220443
0.3088034393969514	0.7305013410034304	74.28418632872713
0.18188493474586187	0.46359138046928383	76.7507535573432
0.24315101396127423	0.5323091871723669	0.4729664926197596	76.54415803467514	68.86885296084003
0.28400830849651837	0.2575205569761748	0.631538366237306	81.3154448347136	76.11194050347301
0.21851669701834575	0.5543629654866693	1.3027957096638951	73.47017241174464	66.17283061773215
0.36596421686875563	0.738816090955886	71.55508972404114
0.2308912356818572	0.43631152341824003	0.9487956395444189	76.48567860095696	68.3282644862436
0.2123826632660389	0.7870775393355772	76.6453776190631
0.33509178537781964	0.5571933922473306	0.8961457441619898	73.74277340287888	67.91003788664693
0.18216813077208469	0.3170294256601108	78.84787228844286
0.11409044064038494	0.09155385254210706	0.6513127918091438	82.70722198824275	77.49729487150717
0.32601055325711426
0.22999066623183875	0.5454216046388837	77.62388725220282
0.13720489494879443	0.46485618809667784	77.36808472192264
0.48285966549348336	0.6684479084980853	72.79297829744587
0.40270892704806566	2.3826004498040576	66.08546278905062
0.2339735832259927	0.6052485789404234	77.56636855911916
0.39335315412325
0.2556362360467777	0.5239384812471973	77.31471988851376
0.1473881540719375	0.3153438390640275	0.8278828945562886	77.62734166385113	74.03247793290507
0.22160921946722964	0.8419058076188949	76.32665066593803
0.3229693327358072	0.7554171674696721	73.75685541600708
0.05005430226890381	0.4230002749276955	81.69635060181132
0.054652684860746585	0.6181701210891942	77.32683514609495
0.2739065138498547	0.6816723752039272	73.59809906238638
0.30445884024831	0.6015553650807454	74.77018043288078
0.2170464757691713	0.7884751581971884	76.00429718271036
0.1970280927661811	0.6284932695203249	75.86555435046758
0.26320666522090536	0.6436769536446871	77.00967052890753
0.3293944878161019	0.8519971305873753	73.53627393070425
0.2354224133781293	0.49166289790245593	77.32207545515122
0.29289898767561995	0.6486319802836863	76.98078889178261
0.3750600281068595
0.21893296744343463	0.6149749112472852	73.72287251534888
0.2731405652815192	0.5212206223872536	76.01737251601865
0.27835463938929417	0.6720338903035978	74.91159229902001
0.15934201141130414	0.5636986439020976	77.73865422959112
0.15724557686327983	0.7392894243045063	75.69083746839516
0.15452070040783983	0.7351527120969215	76.98871926022551
0.17023282839658482	0.6270342753905336	76.79483345493591
0.16796036996708677	0.7495777442796632	76.09413119771413
0.11922521270436207	0.6007842159710984	77.59903842064352
0.20523458739562797	0.6748811479631369	77.53043470710479
0.19033239977708524	0.6912432555155037	77.69559036884596
0.15894614090171028	0.725542027726916	76.10357082399729
0.2610508618913792	0.5241005557271252	76.86047402391893
0.33339026850118925	0.11287162282814549	0.6272135352120926	0.9869558299982065	82.98820763081173	76.78390641616282	66.46441179591424
0.22401567980359557	0.6372261739283519	1.3761429296479961	77.27715604609969	66.42220092636333
0.1313918904184884	0.4880607952910927	79.55315349035723
0.1433797265926052	0.704507694794993	76.44903488743975
0.3150001661921697	0.9375519496525754	73.51693268670857
0.18149245206934142	0.49516019785192505	77.15421845718038
0.07058594684143794	0.615008118170889	77.44877272181638
0.36213596074751353	1.8815516836554447	66.06357995997303
0.3898033021544823
0.1958283317622137	0.6585640012280742	77.25603506901722
0.16737047061788657	0.554771750935857	0.4870196351947931	76.4535266678439	66.66535049687732
0.25007244834994236	0.5253847693028417	0.4838802993334655	76.3392240880476	73.13233893840926
0.23587354740356373	0.4605838628396108	0.5858523904260324	76.99339633814664	72.33867776339764
0.18214802510046008	0.5312134607869811	75.82634403501879
0.249400628492879	0.6869501358866796	2.104934351605707	76.6822270808981	66.59885948142127
0.2044578832681603	0.607142954641324	1.027383497827288	77.69308964271164	69.12195022452178
0.3188028733281299	1.0189559521319733	1.0433759743526267	74.08816926335469	67.20849843777226
0.14651019954973646	0.5452545855777133	76.46317772132691
0.30791262473945463	0.6442861008837538	1.5903137186562872	76.74829100732622	68.36118945224601
0.1271456260776631	0.6037807849205209	76.64182559402053
0.23107377819386743	0.5463564179173173	1.2495315143023837	75.35168191605335	73.39084875103579
0.2505678726656519	0.6638096196832407	74.08760560836055
0.1184869297968228	0.5504379648927092	77.88055303103084
0.2541148287309719	0.5077387408872568	76.15657092378696
0.5090921637649843
0.4281123889218624	1.2548153112986997	67.30929002945946
0.20601769858033003	0.7451358191139118	77.58977792749926
0.09072613917938946	0.5835584408306143	77.58882718522295
0.13656235635999892	0.6432135440872281	76.45202601346219
0.10361527452740485	0.6472764716052182	77.27108265832533
0.2041601458703326	0.659058373268281	75.89609356880811
0.17263752134019444	0.6072237058397936	77.7246299937343
0.25697823827109434	0.5853879608224849	2.983380439109106	76.41221051050249	66.42711098257517
0.13154610989431675	0.2722628063303472	0.6633041662754775	79.90258347409822	76.31902282614439
0.25707699571746434	0.2642796676100369	0.5090843786407558	81.72193108068497	77.81461472819392
0.4104432796080226
0.18318005223411502	0.5919164722207891	77.48477178311718
0.26447214450032686	0.5064059280353285	1.5401614558145185	76.00632927662924	66.17630479883407
0.28725247238260815	0.572797008575053	73.87758557780053
0.2253058900960761	0.6202382517077679	77.19028986685228
0.3136040290817837	0.7824461204582632	75.847625727895
0.22751626977302508	0.47404595241668684	81.89800952586177
0.20569248921101635	0.6929191391232485	76.79649014698694
0.17147663279562544	0.6752396978163062	77.57955505177516
0.3709216870667931
0.1876166698065082	0.5010080250256029	1.3823647264565886	76.94206560276697	66.45695137059298
0.20625875493219523	0.5588254486714411	76.92827419222897
0.3633783722735824	0.2709986623632954	0.9127156153546699	79.66867962752136	73.67221843445905
0.20137400103834507	0.6781160856428355	0.8430561542115004	76.3320609059283	74.21960649333782
0.10545552560863324	0.6548386704197788	1.0084975115335848	0.4816482580742614	77.08018316620998	73.99147231278201	71.33547707341717
0.15197363128089061	0.7196996761239288	76.43053087364602
0.18565284646674385	0.7057916357050892	75.86814850800826
0.1752731012114685	0.5309030044118769	76.89622179079598
0.14046805653156336	0.7122207151483764	0.4981906954990506	77.02634729693885	69.76248004296895
0.23608299435410857	0.6390195800749703	75.82586721840273
0.20607579142085125	0.0597854435519857	0.3056999942526369	0.914267946097064	80.13183032660015	77.50422483530181	72.47626219100766
0.14498841312151334	0.6470440158088602	0.4741236914934576	78.03437009159413	71.19467594141486
0.21799476387063094	0.5170006574584448	1.529278102256683	80.43347420119889	66.08807968196842
0.2285015177676227	0.7842437265781087	76.80258918986819
0.2510257361384381	1.2714271275618327	1.0664808478756742	73.27381530168903	72.08635041291892
0.35025483835576127	0.6991881780969552	72.55077934812746
0.15583088312804855	0.6466150852116846	0.6846203420372469	0.7088039277502006	76.14631891223578	73.03749523814089	66.06595465781409
0.1822183793285253	0.5074560393873525	76.56144138016467
0.21899212486283362	0.7193917941024495	76.50503966080278
0.23163190754570415	0.5018980214919757	77.29886123073409
0.266502526666883	0.7499395210333122	73.79534160031785
0.14770471884708725	0.8078145070834101	75.03157366231451
0.17123764493035865	0.5352060123002916	77.55249213505024
0.4586000332980974	1.5510821550373803	66.33762388326669
0.3496296695832799
0.3629989755182159
0.12670625350876163	0.6190530270156889	1.0071707809365764	77.51874617586219	66.87621254163905
0.1593043113526328	0.5086091782211759	75.93981800666533
0.33454590026179176	0.5606960076714984	77.10669798923463
0.2906940409494304	0.7032977171043977	74.35137497642037
0.32028232458523087	0.4931585158130554	74.80109556207664
0.4420062630735071
0.38349174146385934	0.661968471082927	77.10891757665591
0.12353457950495508	0.599127659743411	76.88562987463432
0.3711116583476186
0.2842737170043734	0.6982024047646879	75.6942943783697
0.2518435959576022	0.9576422022591468	0.7141634764904988	73.4341875711091	71.99182053679536
0.23092569945243935	0.6295457641022456	77.81508704282439
0.1355224021211269	0.5303555765336282	77.57134894187436
0.2163353000483189	0.5556274654949018	77.77174286395237
0.3914097485431917	1.5784976030015858	66.04970817895337
0.14163168272187623	0.42707633509643955	76.96208617802925
0.0980781641286756	0.7128522469118513	77.70574613616203
0.2042041984106344	0.5622072325561068	77.12046296351052
0.33457479537458884	0.5739932249692957	76.79399084102336
0.09637761849663333	0.6747614960242196	76.52633936640589
0.10993217695981868	0.43385499566259633	0.25377687219975453	77.27964578085428	66.47007104485365
0.2099465283135826	0.6764317402568216	2.939912138994231	76.14970502829125	66.40001484584926
0.16399069841005773	0.5839148654147248	0.47500571229544997	2.307468429131919	76.37306301083696	69.85013247471451	66.53299770586756
0.1479585593359785	0.5410729417644745	76.02857199906096
0.21240966450039314	0.5949172621360924	76.77561942556079
0.20925558494000268	0.4490590271293156	76.5080080368251
0.11165706833200552	0.6575340617391817	77.29608053647209
0.23984402406954686	0.6593080544890051	77.41027562954932
0.1883359290601266	0.4365113202699041	75.88057638880872
0.19579694514742474	0.32856180081558495	0.72231256620845	79.27688383113319	73.5491574660634
0.42708229678786086
0.4184756541348118
0.26361518029434156	0.6126431959754854	76.83470353134233
0.22268434440324567	0.20965620671285093	0.6300600566724456	78.17841944278015	76.01620088303191
0.28463950969849666	0.2554944873596584	0.4869944055761605	80.7053642278085	75.98928477356
0.21425060351811373	0.6354373289381849	76.10742406516685
0.1822394949078362	0.5621894004984678	0.7299198683115437	77.05839381316592	66.40934031351617
0.3250903097755824	0.6426645731666496	70.34196493954954
0.2699969991374657	0.2654017336605829	0.7288300986831463	79.8931478152124	74.24697561092883
0.3020953968629541	0.6547013390253069	76.32668835978446
0.2049876808815955	0.7269568214483692	77.55421863033695
0.1621007703183224	0.6183357754932436	77.44696058177686
0.13457465878790859	0.5483827654841911	75.9422986510471
0.3018656778576384	0.5355765018191017	73.4080213895622
0.14932391578964618	0.5179098892260107	77.00401278369496
0.1439716321704561	0.6374849330944289	76.48368978746315
0.1435708408610881	0.6260760114872497	76.88293891213202
0.19265511674780947	0.5568020218608117	76.81395751396519
0.16134647684239548	0.6667511741310684	2.7175605616692855	76.36977396427103	66.71550859835187
0.21240041935778498	0.7097793173285933	73.72165636646727
0.08463780954672917	0.5448484545640505	77.29081837309069
0.208504885046784	0.6058889824326804	76.94369895540879
0.2963381943132245	0.6501782757567988	76.97286309448096
0.2842338374400404	0.6861914322059196	74.85878267743135
0.4433379335764357
0.2801497902724627	0.5771993841399718	4.573070043588819	76.13635211275376	66.05922519511815
0.38396227376325026	3.7581267878973157	66.33336848745166
0.18643182751432102	0.7386079792390633	75.97388924986788
0.12973635608544087	0.5295448508249087	0.6254692984362483	77.48737564821366	72.94536101883959
0.23634505238236095	0.5452364530416092	75.24579919079372
0.2922116855671534	0.5124137611228539	0.8974791404648368	77.54163454622274	69.01750975705069
0.17734110420692994	0.5969174789252443	77.15727306886667
0.22973491821657843	0.8116485195449297	1.7079446510423584	75.9709829521996	66.9605046791171
0.26331615773330797	0.623799245589217	1.050512062848503	72.55009379527908	66.67503931953235
0.3431700519617298
0.3251835181522363	0.7205197617158355	73.62707124807456
0.2814221812543347	0.648814312934693	74.16964708363862
0.25970755523119415	0.608927261839725	75.84735566014034
0.4624111897294691	0.292165835054824	1.141028699505749	69.94219978267144	66.91368191061903
0.31539592471698397	0.5880107207358097	0.697935768483589	73.78260704531151	72.42594498500273
0.16555611251468663	0.4385518436379979	0.7854019094940893	77.43756495835673	73.44840448225104
0.2475617003578269	0.7132875702093585	76.25803329891338
0.3218993047771431	0.10136219179371497	0.8584875396166692	75.58562010732838	73.57973124155299
0.13372404662635615	0.651625650665354	79.44080206651965
0.38518582160990156	1.4632056614818447	68.05613198289774
0.4849496292896555	0.5543422940134185	76.72526723620031
0.21397647150882163	0.6760506965952979	76.08016323956593
0.1284499010955396	0.5476727730251502	77.3618693914587
0.33248934716434736	1.5809230420476132	66.69636259278204
0.47236513380021256
0.21924361954091476	0.3957194498490027	0.7021794453976654	77.49464852146025	73.41617121876462
0.3139474237891523	0.6193086257488322	76.67350945402382
0.12027854857368656	0.48822602187843933	77.88924649948342
0.17874165261409145	0.47172837672928186	79.0739165504417
0.7433940207648555	0.23177357009346075	0.5095114280854429	82.82912892594098	77.4399394443205
0.1853955016298933	0.7728645277278021	76.09369362751686
0.39866109867949584
0.12341858081608065	0.5653811073239647	77.40836350401892
0.3088872953671149	0.4803393612007031	75.95756399254347
0.14684696686573065	0.48653808610604693	76.7188411768926
0.3575777145336192	0.5904083535793776	76.69174327269563
0.0881294505064863	0.5000469958250348	82.48221363315673
0.18533504787777158	0.6640105887805866	76.19005364386976
0.25334942776578073	0.8092965999713492	1.0467826007087018	73.18368856288	67.04892773473891
0.22796768486205046	0.6552117302797033	76.00234861572088
0.12800164725838278	0.7586018517706496	77.36427446205133
0.6016449273343835
0.2543938546176889	0.430847755398322	0.7666572082987904	75.46334406253212	72.32123939525326
0.18285532295634543	0.618519366843918	77.93665700137883
0.2195098752932361	0.5676219077344269	77.45999009332684
0.22207403708935403	0.3557875236397236	0.6026392486737703	76.91233451434174	73.61440103750307
0.27839805137657475	0.6521462250916805	74.16172089531875
0.1692396422930119	0.49300222599009697	76.58521073232198
0.07718794253357093	0.4601804806164943	78.73786915355171
0.508130611222174	0.8119491136886998	66.9003909798784
0.31360142425521464	0.5900241739632877	75.53784118146551
0.3494212596506266
0.14211417516213307	0.5584022774150459	77.49032317406464
0.1490858512577283	0.5789598979000198	76.17272802881855
0.15565563837047436	0.741252729566019	76.56232307881731
0.13047306011782514	0.6779988586205343	77.1423016826675
0.0824721154595794	0.5131947209256976	77.24123387069712
