0.27606070138654026
0.4620479331202403	0.29809682894418904	0.10932433022383836	89.64579088853571	79.65364207998172
0.2227360200783553	0.07899739102310123	79.28087077574541
0.3207921878265795	0.11215641581520075	79.28087077574541
0.2969396055792011	0.09802646388980746	79.08757919793482
0.3165057392003869	0.10239955638703874	79.66335947199698
0.3372653438079442	0.30372506917393016	0.12387950259137519	92.3717874963039	79.97850278137781
0.31558502802000654	0.09207365538341551	79.50815131221678
0.32505846369762664	0.07498670111089185	79.63226392418997
0.36572238988169703	0.11484969731841961	80.16919583513972
0.2741230433317914	0.10493680025364513	80.13470306504696
0.4528218722450627	0.10479869537471509	80.67462004793632
0.5239353904672639	0.1410813371842285	82.12414487695634
0.49848083015844036	0.14006717817376266	82.1014271599114
0.3345714865013984	0.1223443084219621	82.4542453317068
0.3907076973510919	0.13587663613246218	80.74100326165033
0.354233199690559	0.15694686242948114	82.59096818046895
0.325048692504254	0.13127494002969137	81.92573415562714
0.2811308252157856	0.14144972297686	81.6457548646885
0.4620872674028864	0.12286428786635908	79.83991812494631
0.23606971276789862	0.15437305931354647	83.52420421501868
0.49631915664080706	0.483952510751842	0.6103694046347402	0.12939017785355864	92.34293698615949	86.20907525545506	84.238990352978
1.2899819940004755	0.19900216769338683	91.96991502835701
1.0211420780589748	0.1746688482908391	89.34810179505935
0.6422948250572311	0.13439411945800567	87.74936791557529
0.2592702197041241	0.10030467507471054	79.50780255217201
0.836343524160819	0.15719609095001957	0.10032063263954716	92.02411774930152	89.61779784040145
0.7764161434281573	0.15009064939113959	87.59430909470346
0.17699648388648392
0.22820238584180502	0.43865638864301737	0.15228722069470862	85.69018148780395	83.45709398042582
0.3698662290328513	0.13801578687939858	83.05747699247239
0.37480475558823667	0.10916890562269453	82.94071450782306
0.47852369131472583	0.0954177162173896	83.73066346306709
0.5755370555277025	0.14155448903229334	83.37022940657208
0.5095433239638595	0.097983675111241	82.8333569752554
0.3669601618569431	0.1081011669488464	79.19389845699533
0.3442961864690689	0.10003784865305619	79.93637949026677
1.9409016490554252	0.3523443233026063	0.10217041950291675	92.0279125063065	79.51402182222057
0.47846717673465883	0.35119640489289705	0.10138483607404972	91.62727247607864	79.44421683692181
0.376990571096541	0.09055524038623276	79.58236298977053
0.38893239948445085	0.11906285423114926	0.32793631204987755	79.81905372423583	67.32186541638367
0.2503524931935896	0.07969554431314797	79.31952393018712
0.32207558160963895	0.10840207448911736	80.34337931198473
0.7331290639833588	0.16558961969601504	0.29512681464082213	0.11694073844740677	93.16196432735563	87.59294576764108	79.7639135001463
0.23611598103653128	0.11548304930538203	79.15386325673137
0.2572346501259311	0.10553285975465608	79.01523915634867
0.1977677783981077	0.08824311348254629	79.39223057295177
0.6073157364262838	0.21250360245956373	0.1146121293876693	90.35647769810664	78.94821552260542
0.25039381614139544	0.10027656246464768	79.33795706305558
0.28354869812999384	0.10503181250052585	79.87580169087616
0.5908066147930908	0.13465411407721886	82.17888522847286
0.8303221746563197	0.33387480660233976	0.09832733715199851	92.21532025897537	79.66554320781255
0.5288029999359944	0.09525627249346956	83.50180839936128
0.31997109919759353	0.8305565474852832	0.11882587383433955	0.1105232618663975	86.25513263975559	83.66886509572667	80.97063732085755
0.3488979103642808	0.1124367369953826	83.06225346097366
0.19828030650260464	0.9270592842834755	0.4274757849980399	0.13895751538028442	86.37733573471783	84.80561665569826	82.80949392686215
1.2470279402190494	0.3295508845580528	0.14867743477105738	92.54610319507059	82.60676059340635
0.36082316700863676	0.505625598109288	0.5537750188845713	0.10549902186273982	86.55006007985301	84.03209685199381	82.94304315762072
0.5667961658400866	0.0965685434162715	83.33558437176447
0.4658952789400889	0.081837535882564	82.93854780603205
1.7518778632998193	0.12734024168256658	0.41752822232866277	0.09239393988198236	92.12839334087847	87.68703160911826	82.05708554172413
0.3783955210909013	0.21413519310933632	0.09375798666782371	0.4507915862599206	82.26793344704535	79.0650945802346	66.86253384293903
0.2590253130816565	0.11168787990518546	78.94759218371723
0.14766445899576353
0.17316813613103674
0.28726800178397427	0.10516519670916628	85.08388041242586
0.23775680102495042	0.16491822647140533	91.03333843760616
0.23292894755153343	0.14183499402173647	80.41422384296038
0.27036845724152636	0.1480198490123085	80.31102453733517
0.2838193708767586	0.1388114745096927	79.79071481922054
0.34530850582167116	0.24586664038997816	0.09431227680356126	87.2791309897848	79.85555495003743
0.1731667774702846
0.23913033808063192	0.14818447938288706	80.38127858669345
0.35749147123045866	0.10785268401358764	80.06468253625077
0.29958024765317876	0.11677368897707045	79.78560872835321
0.2664634256838943	0.125527909430977	80.52414339937549
0.34676562462340876	0.0971310161811331	80.23546457042042
0.16596901100714853	0.09024453346561985	0.0972889382415346	78.75971381684198	77.04108577934687
0.2858786216577663	0.07727730415860655	80.25936987632033
0.4988773545277468	0.4038154160488575	0.13633766295727415	87.10310364404538	83.6868622293255
0.5183963518583656	0.08391742819780494	83.11399248956329
0.3569113426856369	0.2770534436626991	0.8224414588411226	0.08467026565768172	91.50506041110509	84.81111687837304	83.3641112650597
0.5365066315141576	0.13242840686744897	0.07595195197799201	82.96437440288716	69.95553077008725
0.5197119100791141	0.12085195608060373	82.39395721540471
0.5354065760751002	0.09718369553934324	83.3303111741859
1.6333903844871946	0.3390942670596847	0.0958608271832278	92.28579085886824	79.91828294614061
0.49318936754063286	0.20942145679288798	0.10912484082608763	83.4267738211925	79.89901345923836
0.6417263967968018	0.24515542879812294	0.06688339635102729	83.4084419266668	79.83782051405974
0.5528525045245357	0.14614892473950178	0.09480998767889509	82.55589424808727	68.27727726735627
0.37057148590312067	0.07049430308851175	80.13734027987144
0.3592091562009721	0.07750839167257717	0.1562578678621257	79.74107968284511	75.19191768816852
0.2885691917897047	0.11628921936594093	0.19950914132482547	81.31598512486062	75.41252331652424
0.6118664618519755	0.19914706101760374	0.10018623797377617	84.6181745596506	77.6974450262406
0.33290722413971774	0.08935554302602124	79.7871776533879
0.541569209219385	0.22934169699834628	0.11438898962987837	84.73663409611603	78.96742030695894
0.3878490659661786	0.09660486383057493	82.64438303120994
0.6062132179000994	0.12305759831992731	82.90555953549973
0.8603969847396513	0.1603169952721327	83.00931288956887
1.1486075870611996	0.12275028702020722	83.80219035850428
1.1458048918247135	0.12177675518075566	84.2134769479933
0.5672894554607726	0.13464386560971445	83.1317918000187
0.39925614690454325	0.39131547280167905	0.6040690075218044	0.1486574298913777	91.56178479196555	85.00890629430108	83.12322108794609
0.37119289805136246	0.11219818457085087	82.25244179299487
0.2720863362576401	0.061885138647716935	78.74095765624952
0.6091729255276349	0.12688562451927862	83.01670930556172
0.26628533176470964	0.10123588610065157	81.68060125809146
0.7946913194273966	0.4127191727285065	0.14711620866456399	90.02882394480544	80.65841464096877
0.4862563428614935	0.20864968547126053	0.09003758275436902	84.13429402263716	79.56756515670286
0.5000982381864929	0.15752438536184207	83.49262302183449
0.2993209461163126	0.5571072719943037	0.12380610552252615	92.04833757780523	82.57510409413861
0.3689249895160076	0.11002610028810632	79.87570673581763
0.23542304245788195	0.05602617905783555	0.1687470981674518	79.89884817311268	69.15175246222525
0.3862872946560199	0.07625624929177176	0.23354344607803437	80.25492506981557	67.52793142512698
0.37023796217430033	0.14384466433005186	84.12044480814212
0.3444521877902861	0.11780527547249652	82.91034079316121
0.2741967448622659	0.12897784320024028	84.32379986807759
0.34198517661718597	0.1375655887038019	82.11704763633112
0.39469793052374114	0.4490611476148556	0.1277739638297697	87.34066913050229	81.907559819876
0.3085940535420316	0.12709494405494473	81.9364844325481
0.3690230091553784	0.1146891893757022	83.33966171713365
0.5618176770658869	0.09554082901738209	83.81493085292927
0.3397967658165471	0.09310517751990448	82.62953586104192
0.6844237707980715	0.5153170095554006	0.11488724795620613	92.16530026312638	83.27739145631067
0.41532795661661787	0.07703866313304394	83.33937687311678
0.1711978157523152	0.5413379479786381	0.0952240968664465	89.10069769814207	83.24566027454847
0.6556429374738051	0.11527189103739206	83.32654663161532
0.6159143668447167	0.1352294128657899	83.21721097965971
0.46650530817069846	0.47968729918389713	0.10442496100288208	90.62548955243435	83.19235807463659
0.48018794899992756	0.1364484787637101	82.77855713489909
0.5909107981667377	0.12912293899377708	83.15576284544113
0.8100429412133499	0.11984094983798005	83.59079162318972
0.9982168480321559	0.12376162251254294	83.5799616984774
0.5073792795272843	0.8143901350239899	0.10004971162579773	91.48902267509082	83.64884317773237
0.916019541076497	0.11237602852223605	0.1924660264512348	84.04730439961469	66.98155476206229
0.2339692329603593	0.6573595193671384	0.10836788029085866	86.92449302986485	83.11074628084428
0.35804455737582574	0.9359296494259142	0.1248573846965214	84.29593766954635	83.21251987449615
0.6901543282333625	0.12350175550993114	83.46550435677744
0.7940968484053722	0.09317693817826661	83.17941307314423
0.8740405247045648	0.11901670731247907	83.27506839944537
0.38984614815516133	0.8416147593207332	0.09009695742682439	87.54805281524631	83.35590751717119
0.8099327912228884	0.1410758682805549	83.17253623023647
0.5576366924265858	0.09898988629549964	83.5642059875286
0.5623732505117226	0.11521813107791226	83.66119114543369
0.5444161660300257	0.15993654342079713	83.86652166492553
0.5141058986934275	0.0889603477093115	82.52488045667572
0.3303570926167457	0.14374144701517516	82.78683135703425
0.29499942171940546	0.11878678279149667	82.50229607440802
0.33769584121898205	0.10421680452987432	82.20982795037891
0.6888506801239215	0.21603034478306885	0.10243936973710661	85.82225471044511	82.1032528248605
0.26635376234001984	0.07972711836316594	78.85201983218762
0.31153610093122497	0.11684404131201606	80.10771663693835
0.2572012473831964	0.11258229352194943	79.72386390559149
0.30287581488164245	0.10453714868904007	80.80345313343177
0.2628642600589488	0.11728671837146633	79.72950661132978
0.37317980113473986	0.11518715322742777	0.2764961896660084	79.82247411502385	66.25052188497094
0.2686074361953716	0.3665738663480563	0.11994291443850644	0.14094903380281387	87.25516830255648	80.10938806972071	73.42545582575447
0.2643183841876505	0.11024037308401441	80.38563152255279
0.32073536671671904	0.11958287554836114	80.92272806001185
0.32957254025897625	0.10281060628501164	80.16331155388103
0.24678920348071914	0.0928494689786702	80.30661895179
0.2654043844283113	0.12043709643910716	79.70268674212568
0.2440290621283112	0.0908491567012977	79.4366196955163
0.21588103247446735	0.10650260837030325	79.03001302409187
0.4286509705945141	0.127059867149295	82.41055865792747
0.3195417885311096	0.10234674790848453	82.41055865792747
1.0986604648368883	0.28598057449442593	0.11617057323294377	92.47245999687283	79.89785513419251
0.25401280526970976	0.1284406430507295	79.89785513419251
0.5414156347619131	0.13141172945613167	82.97093706149472
0.42173413797390913	0.12939564293184472	83.43434755787104
0.42358271032718453	0.08781229067867369	83.26429179173178
0.438153916684553	0.1353605391425403	82.60727230788717
0.4809222395997653	0.11511308981882792	83.09276768211363
0.8022369975990183	0.1206980870658473	83.24754439927014
0.6438304694021779	0.1109418751687949	82.78598533792825
0.670839140311499	0.13093253773735905	82.22670668490859
0.5357470556492273	0.17751141862030412	0.05175599032136804	0.24808918175327763	82.40139082086849	79.25187655981321	67.59615178246554
1.1721199849621213	0.11325834083885092	83.04455066191014
0.3665273957139518	0.8095903326654352	0.10311560423420846	92.34669392195693	83.37585407506944
0.19542724433167025	1.1430887489411523	0.15273340606989894	86.87545914294468	83.56443086249314
0.5772716744723329	0.12276604790744604	82.53744460503196
0.5563758144610951	1.3767409406098905	0.13940510669388168	86.10513953946679	83.96811770416275
0.48238152833764963	3.003554029224115	0.11986108769078908	85.28792697524013	84.20420592522612
0.8695912047345675	0.7198709669876368	0.14047837248316453	90.47236158812264	84.4236794786095
0.3579597320085543	0.11452452779455478	81.6162775915999
0.3902223890886058	0.1476627003997506	82.17907225158578
0.59574415903518	0.0932744201014281	82.40671905201867
0.6937937881716164	0.12705381105867847	82.23142220898116
0.9609870832316328	0.2777941708396838	0.31206118971541064	0.11485890180077657	91.83113356858537	86.91205605608748	81.96128341336576
0.655280034300496	0.12001372196392693	81.93277138809138
0.29093315415246734	0.12756634034460973	81.63861251596057
0.3171149446176473	0.05043182784545298	0.16518856087796993	79.95640709352676	72.5862864701863
0.5028019972245468	0.07573927853094334	79.83451150389426
0.3037480459398082	0.1128083205581273	79.65803498660064
0.3140610641539954	0.12154600978829337	79.82232012789088
0.25020038997983385	0.09799735867346611	79.22569202271119
0.31748014911247585	0.08704132007887173	80.50015789260185
0.3233967969465406	0.12295243054847979	80.8528971409274
0.3687363172916754	0.12919639470158661	80.98669221245481
0.6566634378197546	0.10792206860548013	83.00230979717348
0.3571688828648087	0.11628173396281284	82.81198433948711
0.3598654013431143	0.08743162891067432	82.8252566704926
0.37911922681672433	0.11093519578655496	84.67836225397426
0.3842379087737	0.11361403480251814	82.41356500248698
0.37675801266880454	0.09446215953279867	82.86600877548968
0.49364940016720277	0.08571657018645583	82.68745866609504
0.5059648926063571	0.12236346363503986	83.24472534148785
0.7308657394922391	0.10003454730338271	83.13437319805048
0.5615858639873768	0.09019907111844944	0.1777440133757996	82.45076968669645	68.6803332108256
0.4672923462517753	0.09543369269192223	82.93002430073132
0.5546844023943098	0.1055677300940823	83.46071835274459
0.8462358841325278	0.11462731685693872	86.31344450843798
0.41687813350997643	0.12124307504753486	83.72424874528657
0.7998643780502042	0.1522422433656989	83.09586313869804
1.0982644437767668	0.7361210474967932	0.09730198641408527	89.01204934998117	82.6255548283174
0.3826334721190425	0.07724205788775401	81.49280212617109
0.4254992535510995	0.10140331756292323	82.37513574108313
0.3073765710791777	0.09278479950908282	82.74508134354161
0.7718787066568281	0.1345245109447811	83.50726999354451
0.4439032451300463	0.10560824573399605	82.57969352973734
0.45726254120648435	0.11474734147785912	83.72381338227332
0.8547866378802965	0.1292371084979092	83.52534316261676
0.8941027923111742	0.1101487547660466	83.40846044054908
0.6282269795227559	0.09065801462746004	0.1652300629383275	83.49254551277873	67.42012351238907
0.5697670994376517	0.10729843016974824	82.67471305644861
0.4994851750932951	0.08989078530743277	82.28680290150771
0.5780653467828594	0.08905883353971791	82.66264127019703
0.5167131333141002	0.10492325359875988	82.74371134940529
0.36066387365041025	0.8068344265426896	0.1402781120963409	87.1563964562861	84.04114020821379
0.5658916378527293	0.1222988555284771	83.5412908720806
0.575921257092609	0.12686249120000323	83.13897931961685
0.36995637061228753	0.17865779895552877	82.48003714950836
0.49284712905248834	0.11347546020569717	83.82496428814538
0.8766293527851855	0.08349631036445933	0.12858481685687168	83.70941053997232	75.64372192639014
0.5528560244000973	0.11758238821561173	83.41551715904566
0.5141135677295208	0.1030970818533004	83.35383569480295
0.7394722276791309	0.16398574468939384	83.84951821652673
0.7044174072143533	0.4501282938660124	0.10165925929253092	91.28469906771079	83.65181575491849
0.5170868274072941	0.10074516318622882	82.84470857267009
0.6006227899683277	0.7587469641904937	0.1115220239593242	89.3329392189479	83.03957173637818
0.5227911583133125	0.09636865454728129	82.31991597973483
0.510632247534048	0.09497142251375384	0.1406297621675446	82.73417198206538	80.3496614155282
0.9634251712660088	0.1269964643963854	83.30189664886119
0.6498716747242819	0.12470163649851594	83.25978517425281
0.7156652692983313	0.14618156048894726	82.38685807364833
0.7089655151016806	0.1094379544178827	83.35446263690868
0.2742686092308594	1.3704712496038178	0.13534795459259252	86.27658302726168	83.6316996631257
0.515572628945973	0.1121112958924743	82.69407356570386
1.4565297076027466	0.5396582576031196	0.10121157563665778	90.77600109386415	82.80472159088374
0.45072656598477123	0.13180006426618657	0.09303421549936988	82.47781320797473	80.91303460429454
0.2611185018287347	0.08275526120788411	80.05445787117245
0.5870667693640484	0.14425803098909382	82.63095537861308
0.8016453726623031	0.12984783884185375	82.69549458879746
0.3670571683663779	0.10192347956421019	81.33686366028171
0.25699593902934814	0.08391687213750107	79.94617268747504
0.06455544865156032	0.9845645882887546	0.38017689842780655	0.10780489391196284	87.61972154649268	84.73362883492042	80.54258595317485
0.010716244167822462	0.5242903523926663	0.1675383658066945	0.08883446479781024	87.50104024054478	84.30471936747998	79.25650179990714
0.295807858419805	0.9425677160135332	0.0871471999563326	86.63235352824508	83.75617944894621
0.6332997845491188	0.1653221392424245	1.4382180827162652	0.13094323211836265	89.29642540076546	85.44400197711403	84.18961642579973
0.26289867000214834	2.1848433759945416	0.11664988297584779	85.4163838494436	84.04533350920777
1.155158358304879	0.13044207989454007	83.74333881534938
0.6072635521646691	0.5768377112208828	0.11624001468034871	89.78983583431925	82.80356052585482
0.4674747596397891	0.15189783877020765	0.37491094453658647	82.24177258312113	66.7426840670861
0.531340481632587	0.12279416457032212	82.4352417990278
0.23716963209145203	0.8244125204850302	0.11277406109923996	85.3538603779923	82.41662461706125
0.5504515346276215	0.133170647718264	82.51299298773446
0.7205299909839158	0.12198156148804816	82.7179807172087
0.5919340377882981	0.12360435896378352	83.12533850475936
0.6349200273362573	0.11094374746857355	83.0485245737527
1.0599325193025129	0.7961442966159183	0.8809930349617346	0.1608487228757529	93.17576242341998	85.31898493065952	83.47355752235491
0.8523743586681086	0.1298129628221763	83.74771228511263
0.6607966147256638	0.17161748430701232	83.01024322984571
0.9220112403657714	0.12337304776183801	82.55895628468522
0.7047465459477392	0.13583293391050186	82.64098070577214
0.6091360460706423	0.1422840720581093	82.7135610017306
0.8206913582205645	0.10231540331770544	83.19139038725827
0.3264044098592655	1.7375073706310191	0.11039582782602068	85.94197955672166	83.69518081385296
0.2534593849160961	1.2250585117643176	0.09909205438547879	86.27220776469798	83.71484143915849
0.35752717820882013	1.1430316297514447	0.1194206234990662	86.42896913431198	83.63934149566198
0.2973961217499107	0.7769844208061178	0.13220029787935061	91.13631910882256	83.19772680187285
0.36650686864485643	0.8871506267975054	0.09421736000704574	84.67337394829637	82.9653281117693
0.6163220737318258	0.10844640934483446	83.1464616192595
0.7944336909535445	0.12263969602327204	83.38853825322676
0.9844939538454781	0.09124069968248662	83.20889433679892
1.0920339871944051	0.14382314992115008	83.1191284142352
0.5079715139536747	0.1420947914827187	82.31241033439566
0.5733800025241431	0.11462541626901994	82.44989573900821
0.766624318511456	1.024990247122819	0.11343226760502122	88.20769217643752	83.03882598276994
1.2650199827586872	0.15028362379500917	83.48720596333298
0.4956388665608781	0.14780074754309538	83.37379317738555
1.012467188869601	0.43620314091039825	0.12928864510308627	92.50640176330975	82.12818854867128
0.7332101574274738	0.14407056628466838	83.72360216763775
0.3191579917972823	0.11482103916032266	80.35746475662405
0.3783530378415002	0.10377720478379662	80.57856266428053
0.5330906993794337	0.3876034221628927	0.09549786078038883	90.64367027190873	79.88323187211256
0.3657006890802665	0.10248177222693654	79.8269789608783
0.4863757050832263	0.09901099355954837	79.84323986995079
0.32495531320946724	0.08583736923081879	78.54048202777793
0.8813744118402795	0.4065372613706361	0.08394050822317407	90.46521496193901	79.82116562052774
0.6643180630427269	0.22636539040944165	0.0893306146232876	88.15634383182451	79.13628540074372
0.48038987892567253	0.14258358434501953	82.80578257357813
0.30286311133285065	0.16421513972116558	83.6209387296535
1.1957375969513913	0.5911981394313531	0.12269312299662365	90.10230981156899	84.34586257940884
0.6469128760145912	0.12978376158383106	0.035498654486282255	84.06670767449351	66.62714158293272
0.5109213834379487	0.1480972080537006	83.07002002828708
0.7266253362035558	0.3730850167477933	0.153631729795499	90.5378490914698	84.59408528807373
0.9580817717576	0.11446157337666772	84.46528186010602
0.5114787178479261	0.12880295863360464	83.76860599667732
0.5842988910986535	0.12515114999178584	83.36008715956733
0.4634431162366452	0.13277903712580338	0.14598017802949642	83.03125991993882	68.09464638598884
0.18409312773229974	1.282680523355061	0.4034833172043126	0.0906674024690973	92.11878707853657	89.98926666326858	82.60479614439811
0.54345550890716	0.14296216857949165	83.1445567175165
0.4157037061512881	0.1157338233115107	82.95546201431286
0.3289033239550127	0.15443838187137754	80.11845756537414
0.38541194648605415	0.11275684005749653	82.29864095406822
0.6222388902325574	0.10225770002233796	0.18994348906263775	83.17778702396642	68.57916062773246
0.4124054656086006	0.12111972614221446	84.41436098592786
0.8000085011868128	0.12451691888628638	84.31674717442515
0.43292133168357233	0.09735268193439625	84.18119863461163
0.742579749812114	0.8928344843119282	0.10616291911921505	87.06852206002577	83.84764271876583
0.5846150980652127	0.11993956039038887	84.29122661328408
0.3027904899488913	0.746008212156273	0.11078999133913593	91.25884101743988	84.09251850726433
0.3197880612564846	0.44703869858734896	0.14136321064579788	87.17374775793185	84.47692304607791
0.638071761157153	0.10753690453048129	84.84711617683891
0.6722618497501611	0.13904241104566434	85.46274232441314
0.4266736826033571	0.1366324978233287	84.1658054875461
0.4179188189275018	0.1281677401962893	0.3497796483946284	85.8205302692625	66.03295002661675
0.45033410294611426	0.8525983945515492	0.143709524470263	89.6372580500766	87.4730674797386
0.603201971484485	0.1268649577174644	86.04153343794988
0.2183791588789666	0.07538061616992014	78.12407154518203
0.3022931732322726	0.09760861277884975	79.99798091039861
0.5403615447247783	0.2708299757667893	0.15491229884673297	84.61021220581316	78.79430570624973
0.27920283749371383	0.1026718653654361	80.15259404466993
0.4146887035515368	0.13440139471831403	82.11613463644558
0.32784487866618506	0.10545652185436202	82.35322928522214
0.839972497240213	0.16036300658852282	92.89666045190778
0.2962049174695832	0.13181653963371356	83.22617588307793
0.30661518957495476	0.1699387453144896	83.30076466302603
1.0770609222344065	0.11714301087357142	85.1450021273439
0.340468803227343	0.15739090721286295	84.40109871165312
0.41009075402883605	0.12349559499097093	83.30076266013741
0.5424172158096038	0.10525460666162291	83.41501732580602
0.5730977766870159	0.11348797847194729	83.41501732580602
0.4178699062436763	0.14152189436740753	82.10160116688297
0.43016572393401337	0.1187572883835807	82.93291815781826
0.34670057924258596	0.19385075642978739	0.11823091748556053	82.14451644505377	80.04905387974334
0.37701064057183575	0.11607366037845607	82.57939297543855
0.6630871361144617	0.09251399153115769	82.18899588141906
0.4700488232529099	0.11712259650542726	83.54812919738747
0.4942584953632504	0.1408986685840071	83.54380705580127
0.5501031944679863	0.102801378271275	83.4423450136377
0.43857760982418037	0.6696163157290654	0.12350956089477455	85.91206196664822	83.79929745038461
0.5947917632160316	0.11314212946369548	82.95404355999318
0.6134295554383159	0.7480080789073629	0.08940624376414702	86.4301449060766	82.97780807876084
0.492582391047511	0.11252370065971609	81.2789844109374
0.5904633162729513	0.15139795190526792	82.71404772848155
0.6203566301705526	0.07438953675859827	82.65267791100294
0.7764290628251435	0.1531484736962053	82.64917037261286
0.45922287232838516	0.1179695178901384	82.60746201552563
0.6800798285490355	0.1140639483912539	82.91741234974653
0.5794587162322469	0.1485587055780646	82.91385659263564
0.473780153302582	0.10129690104325012	82.37434799350788
0.30690561377142833	0.13635489330215267	82.79821659285227
0.4301558751573743	0.12573992925110297	82.71909295329307
0.30571002665164837	0.499220557298206	0.10748523205649307	86.61374338636155	82.2175766980264
0.41075733176208457	0.3499958849514376	0.13205412981897577	84.46885583260007	82.1791454440223
1.1705755166054148	0.4006106789259096	0.2732813859796268	0.12021816883235902	91.79781388463927	85.09792909923196	82.3357801894143
0.34595766313821463	0.10668790579428492	82.75368350313096
0.45936184453878387	0.12001438279091287	82.83598763881749
0.3233778300267182	0.7766239924745535	0.10633289864810339	84.89552810250666	83.20242956850807
0.40969332370367384	0.11089417185528128	83.507373210817
0.398306706021964	2.227241737261699	0.12393629051889486	85.58007804586101	84.37166117548361
0.5638030058094204	0.12988095046360476	84.43208070327299
0.7300046670150979	0.1529313921886773	84.15406554416207
0.526752761705934	0.1331438146422908	83.37122606699573
0.41782771343295577	0.11491072295716938	83.49217084414285
0.27472888596224465	0.5380227804701199	0.11999741742215418	85.80939684795949	82.20391016852092
0.6092977536967413	0.11916662395992111	82.67150181451555
0.183543213683426	0.12316230533824066	79.21686735419532
0.22467852926688175	0.15745202216271412	0.12251651708406538	81.862818632663	80.19540290521726
0.3446460824940744	0.30431886534824165	0.12330504912175962	89.14557151843181	79.82611974020674
0.4708297397347615	0.11909190875669798	84.5114328174777
0.4195311656935932	0.13760327278393517	84.6473166601784
0.33595344751586015	0.12158920141203834	84.69147641880106
0.9061341348993983	0.1762234178002136	88.40175750945791
0.26935130625500636	0.09830406235117375	79.98287043193771
0.22115034474225975	0.10870708263251092	82.54888929698527
0.9126593856248402	0.14478942433552247	85.60473497336056
0.6482255540444869	0.6460932534533881	0.12420880882106908	91.90247384352418	85.43038356575417
0.6387146811161425	0.12929571545403334	0.08863473912054134	85.570536948369	67.79526213273382
0.4236677223085204	0.1200754199339325	82.62175258691558
0.2242827575142801	0.10171907948187595	79.80209458059002
0.27018238801227423	0.12054394443088783	80.22014623184128
0.31277069945080915	0.09133719636190908	79.74149607044181
0.38534693058826447	0.2958565073770834	0.08383314064413096	85.69407648442049	81.45655120434724
0.3286749015634286	0.12712674956912398	82.09185799789533
0.6772715421620165	0.5420109662101331	0.1273029261168909	91.14076458739426	83.6558215320607
0.48086803690565005	0.1237920074468123	83.06250279678937
0.6421760473901815	0.1327343821634463	0.08730802117316909	84.16107826358092	69.17889479406715
0.5584205085092105	0.1446131217293043	82.03667453695063
0.5785033241300329	0.10483990853210726	83.49487690651495
0.7387373328333077	0.5352209840795312	0.13240118507700271	89.40894357279966	83.74199656566489
0.620327940539152	0.13817498755444146	83.81354330317795
0.46241265054435854	0.9715157255080029	0.16856431907952812	88.71043848057037	83.64078673452542
0.6677515332452101	0.20619810291542268	0.9496025008493655	0.11730673839804284	0.14287528596679597	91.22958851813992	85.55789452016113	83.55044285800054	80.36510014263375
0.1443283259943912	2.283833111926985	0.1099753737337106	85.87983292784774	84.389957373686
0.5830568320527952	0.10181936996149633	0.15373894481443598	83.63698323276618	71.44460991253192
0.49935420174197803	0.48760081378391396	0.11148359139204403	90.59894575912402	83.02363781821407
0.4939699156897841	0.14384429037377489	82.15537873017534
0.34520779169315147	0.15243747648632722	82.46269318982065
0.534764592160977	0.2792244632161927	0.11781519230630383	92.81373795478754	81.92522648992477
0.6672057662513157	0.15554169901401826	82.25188767778135
0.5367092222505845	0.09338105519386629	82.98428854888445
0.3588237162468721	0.03463160408335435	0.1464899141217404	83.02833526454135	81.30339763665454
0.5398425844148177	0.13225308396058896	0.14833302309703333	82.10350849511535	78.36748638775967
0.6282805274666108	0.1251184061266613	83.15478480879257
0.7478822855907877	0.13388627477408355	83.2077214459722
0.7048019419646695	0.10364082609230334	82.44743631167852
0.683553589829817	0.13645344300774284	82.42785282613644
0.6471664837693918	0.11637253990739599	82.55703669599967
0.6075155330144701	0.1483772027246535	82.62149499609977
0.4637501155223928	0.15764700021456352	83.05712139545327
0.7745732950330104	0.12282533729323085	83.232216554258
0.8323619655661737	0.10185717851101962	82.95910055094365
0.9524107661130435	0.11329479757463129	83.46121238311358
1.0770497593983088	0.12426367636893708	83.397258640221
0.5306405455807212	0.12107830681325821	82.48335050371003
0.49165003308095967	0.13865760185000647	82.75459260608599
0.26185800218029354	1.5713123722675912	0.10784793971653676	86.65039030855938	83.92313583436258
0.12102959921162808	3.2944469925721	0.1354296742531122	84.70096009822686	83.46015718045025
0.06658099669409481	1.5810180030282963	0.1507471630738708	85.46296749448106	83.2823253295516
0.1805506373892099	1.2808070796191668	0.11929287513061353	85.88698488218941	83.20736180989019
0.6688558877654528	0.14214813311698352	82.22251042442063
0.48801171137299815	0.11124731419609128	82.91879465037347
0.4778739761828063	0.12105777302820238	82.2143519377131
0.7099560913915565	0.11494287680494777	83.1655388158245
0.5102537223844299	0.15339302682707917	83.00828176765819
0.34730556427520676	0.11520057349977675	0.5551465129256843	0.1436206693511514	92.90467657203092	88.08369314750975	82.76053661102017
0.4665863451081421	0.10906749665754681	82.59954718178454
0.5380755693114831	0.1269406599543943	83.23850045400748
0.7950651265481627	0.13030221919518087	83.8411710241643
0.28607816450961204	0.10642907553028721	78.28483485753345
0.6387628381784475	0.09216586025237163	82.2991555715524
0.3842430569232282	0.12048571800177839	79.06277549799292
0.45315832865452343	0.0997702884517891	79.72954738979392
0.27235383936934643	0.126156469869084	77.63344985106832
0.32770884586533156	0.14870892182160408	81.43418442773063
0.21214513810191402	0.13668097938273438	82.25913430682867
0.5729089089677721	0.5217593408427001	0.09704410031164296	92.5198855122472	82.01114671492185
0.4346095936412895	0.1555674668054933	81.24855747525329
0.7373542581205791	0.7143736915194696	0.16541709509600325	90.64344662723023	82.86737348000015
0.6824169056992431	0.1804961926442423	82.28833573229895
0.711405630312197	0.11027072082744852	82.4037129172332
1.0171224457517765	0.11366182893471209	82.55896616957457
0.6629067741822753	0.13537349324625006	82.80237764069007
0.4994303142710823	0.13905927230493328	83.24846789197102
0.38689047186057596	0.1379791983507266	82.59141091954132
0.30754826115476425	0.17881803867861426	83.01823993468693
0.6855060974269269	0.23959267677045126	0.13948414997668251	82.92913789977896	78.882935709215
0.2313906630794917	0.10864225216408939	78.87747682443865
0.28705449628076385	0.12131615124016142	82.26479856423221
0.27677568245878437	0.11261162389905077	79.48099208868913
0.3311417740936124	0.10866180400836381	79.78408628437718
0.4379218979019809	0.10535853554438612	82.48921263948102
0.263235417335709	0.10027680235373405	80.74660470649194
0.5586134854031909	0.28544482847196445	0.13473285513470676	88.61736493176839	83.87974140013392
0.659626086130732	0.13354035906338785	84.24357596381888
0.8956618645559938	0.12184959830161907	84.57802975818312
0.8472799300438489	0.15745462216179745	0.12446642366437165	84.28894972083289	79.6399338668582
0.8762225696129735	0.12848649099637516	83.72460914495984
0.370207528011464	0.7383706403924999	0.11693215655138145	85.315622392026	83.63400478399656
0.6374891924202395	0.12365679661708144	83.19825706919373
0.6306204520184738	0.13596617512538903	82.83953756209934
0.31723478098785574	0.1487498987754532	83.39619774669325
0.49397469447419157	0.13081297341841636	83.69664383270494
0.5248395335870389	0.12603934489704555	82.88146487002204
0.48150200895296585	0.09649640207584553	83.30880828013944
0.26327003718657616	0.8642686738978379	0.11139195778987022	87.48614207183428	83.84311304587051
0.1656174728961695	0.7858792587474148	0.17171825088529497	0.14440661109207348	86.5391536629543	84.34163497970506	81.0733768646809
0.4016730246938142	1.3042107408736938	0.14043694183242572	86.8474576249048	84.52003177450275
0.15446891893157638	1.7388662641219896	0.12443887738461507	86.61917791052173	84.58625183284656
0.6497646743022285	0.15931126187848801	84.36536555320633
0.9099534132296713	0.08462608902509405	83.81021982983152
0.6386863663444158	0.1202337079526943	0.11895868825712752	83.33903618313707	74.85697307831279
0.696681034752577	0.284085701541092	0.07705719424556148	86.67200565481129	78.9740524462838
0.39011319533171024	0.13097064281758847	80.05871047220545
0.2850455599355482	0.08277141760249913	79.32362856474697
0.31924630997267217	0.08809935193690975	80.2449456069963
0.7268949624830304	0.2905380813127312	0.0357236993327333	0.12300288566469864	92.40803946089578	78.61613815442381	74.86699254498694
0.24265753895693845	0.01576593078496374	0.10339559841902861	78.97976828629129	74.85439927912726
0.18594551636410747	0.27624070336877327	0.00791662757751704	0.11189769275859458	92.68135865302088	78.4684717535905	75.03423251204038
0.26245904003628184	0.0647111301573725	0.10596923788454339	79.38727713231711	70.99950450201396
0.4190231050838793	0.10617057002707814	81.68553108237472
0.2732492190448396	0.11519732263373748	81.94172101987388
0.39175193316418666	0.10320143234711515	81.78328892746373
0.32933497113880955	0.05531275032461728	80.01249847128281
0.530354444041915	0.09724174768048514	82.12456675315336
0.6041442816510015	0.10390602428249389	82.92543934754916
0.8223763124573871	0.08192304953346483	83.2462341064379
0.8503683207540723	0.1301029925886149	83.67759480911761
0.48413315383742866	0.07974742025224897	83.67759480911761
0.5959821358153333	0.1253965557598615	83.31229273076877
0.4761250526686914	0.0886072630009671	83.31229273076877
0.34948403463190697	0.10760566049254718	82.20043734881766
0.5866225936647543	0.1856289118334497	0.12434959336031912	0.17238350019904425	82.55188121120648	79.35788586662291	67.68402481720213
0.41659263646172445	0.11619871136547663	82.61824247616224
0.4351627505587331	0.12579439835565925	82.4278968776025
0.4978603907847945	0.11433958617372646	82.46923576057488
0.25993978761719966	0.09954433560543316	80.06423135719932
0.31275389516609	0.12312126836765437	80.0133813189641
0.3955113311297642	0.09952568326545473	81.05703370329391
0.3876915050267585	0.13536446448276557	82.86178150220098
0.2714559242072673	0.12187641297923366	79.89738377791541
0.29806465915776764	0.12128790226239934	79.57763829859066
0.26987186834032967	0.13231228663435796	80.15069870019846
0.35752253201915407	0.1616028813539456	83.44501093533059
0.2886103058425359	0.13975674089433301	83.22411733158846
0.5049025032124359	0.1752750530973946	83.22411733158846
0.42820199877331333	0.10968386277193178	83.01996797600802
1.3248995927058351	0.5475442532968424	0.1756434980014765	92.4035394064049	83.14801234173508
0.799179869143376	0.12730190350944842	83.19620825510613
0.6821406862696274	0.8758417596744701	0.09899590997546903	86.47230384653749	83.12865575579364
0.4949086661251193	0.12145733017996628	82.95989516399938
0.7318773014234452	0.09979939292836508	82.47503288788721
0.2706164883069648	0.09166270207679669	79.77528304190619
0.5478110316149822	0.11539980305986618	82.17681376182834
0.692189374998749	0.11162205524702326	83.38984402364616
0.8668009551924568	0.09086539020616385	83.08620582551002
0.7238905242610089	0.12067472993921376	83.51559493079563
0.6064009017853991	0.09104510242583791	82.7826818106458
0.35244016209247375	0.09867788726287328	82.42694153474481
0.4305902808500967	0.128805399496958	82.33757219651703
0.2517595350048678	0.6551612064049951	0.11412006452981473	89.81739230358995	82.78485640042184
0.5277166199361882	0.12734932220393363	82.6720533770243
0.570714665826297	0.12028838337004691	82.65227875748772
0.5179461319426734	0.13625032947132565	82.60429465062835
0.6603984800764168	0.09557854388392967	82.97434052763266
0.6262437356754523	0.1829307703286463	0.11840271674755803	83.37298384019107	78.6371429381877
1.5296465775914816	0.5367038968177625	0.12367360759761065	88.73645939708031	83.43501983377149
0.5673403995304025	0.09943314699030965	83.47356855314486
0.2230535404837638	0.14960776726598635	83.85591475574198
0.48937859786577487	0.12605564064915664	83.45999031352055
0.4979857486371226	0.10385766891328785	83.10557162375945
0.5606151897978854	0.10854539242590201	84.49573894892463
0.35639811618841033	0.10459020645849489	83.69797122341866
0.2722808072535588	0.11980943967652521	79.30464179160586
0.6468523850243867	0.36838123676946744	0.12425820054788082	87.89374403551295	84.04685151366617
0.6045439027409079	0.12785960125087542	85.43143735796592
0.6171063111944719	0.11473258302498893	84.71202426162446
0.2123016099628656	0.5632229961355285	0.9878263671593986	0.12318117995759256	90.00632299090564	87.74789913069495	85.822802669892
0.2964199468475878	0.14719433818295524	80.71205231091156
1.0688719779315634	0.6062183451811064	0.31525149737888103	0.09655043701252468	92.09023572110867	90.36094725864027	81.55821772255486
0.19651177292669053	0.3264989041937759	0.13660579168160053	90.70818527397371	81.3808980448942
0.17834078154046545	0.10914631510064594	79.61611528596534
0.4619580301823232	0.09965859775092098	83.32657722292764
0.3630256421088581	0.1259659796968925	83.12726547310014
0.5214740119574143	0.1476485881514952	83.17980776739446
0.6670688270135829	0.17994605102283892	0.10727641949559968	83.38065826076159	79.66539910827592
0.5019754703702729	0.11949319329212722	82.69308961197879
0.37045641677615004	1.2907018434029598	0.13881086190750433	85.10712647050194	83.18433755100364
0.6314954428631804	0.11142709878623652	82.36853741958033
0.7495639243457418	0.1124486124625934	82.60180071796042
0.5299774910101755	0.13130624407144686	83.39201033728564
0.6159679301933857	0.10697853522329184	82.78828894027913
0.5589289244761892	0.13422677443128145	83.60610936754703
0.6752105374629277	0.1447969992251241	83.72500967461465
0.5476076531585862	0.08907027116235623	82.68817959929147
0.8201212646953709	0.16301811109062353	83.82162075545615
0.5553951559480937	0.12491357086966763	83.78060417077279
0.44937048204919977	0.1499901738897453	83.6231132907061
0.3289950923184864	0.12967143194699304	0.021077893454959216	84.00703682031067	66.70771373339792
0.45207134900712387	0.11927846235588774	83.59644951585864
0.3715495412511312	0.14726665445933548	0.24951911925635975	82.05410639374371	68.06702692546072
0.23966462741605693	0.3245155553164827	0.1270433257020531	85.61526980226364	82.77453712085396
0.6426392203813779	0.13774897426309438	83.58087061191748
0.9219012974254311	0.10715525178617061	82.97018907398157
0.9912359998676434	0.12719572694795422	82.51978954971433
0.8029110864822772	0.13689046720897316	82.96617376024662
0.7416356571902936	0.14015318600397636	82.53386456275057
0.5414686329382089	0.12676127118404112	82.12669030677083
0.5206914214244435	0.1165397619697441	82.47002451855751
0.4359620968052421	0.15641894745753546	82.1680368937696
0.6146238083828707	0.11828134751732601	82.67110123770154
0.6873785974431013	0.11675915004298516	82.80710720798322
0.4307647311788204	1.0667020595840475	0.11474415417674975	90.11472455725963	83.32378445740902
0.4967038939563938	0.1262347845104506	83.6121811968416
0.6866581763932622	0.148966570703592	84.11328529592137
0.5282427114448506	0.11110435663696747	84.40453218570637
0.44057742401969474	0.15491963090543	83.72706619125451
0.2826172586263303	0.13521187263314993	79.81255230179241
0.32056938129794293	0.11509060583628895	79.7500001640775
0.3588229637498955	0.15463051313842427	80.5403167494973
0.2751167424589248	0.13982403511011174	80.34094518676844
0.39905190930616474	0.1323474764021476	82.7279496833462
0.43486168008730985	0.09925354001866353	82.03231395050852
0.7057638110148546	0.3852424487230993	0.11406904634578661	91.87069969803211	82.5265343193387
0.5256414607078371	0.11182602993552705	83.63654352335571
0.6325389188436774	0.11534900175828525	84.11828376478539
0.3854157944786627	0.10091386393365898	84.10367187686374
0.5334569415976743	0.13885591020550822	83.50209293431331
0.5647103522704288	0.14464369652709483	0.12223559914946075	0.34607253265557364	83.3519032525171	79.06585782508444	67.40190875757298
0.35296560118463116	0.12899331974680867	0.21370348988677162	83.08285324569854	68.18717230734497
0.36424943717351504	0.14132815436881455	82.92357427325217
0.48964044304129795	0.14225453404127938	82.75584763795202
0.4544066540413773	0.12669655079836376	0.10791679339332812	82.57352119167624	77.28950524649169
0.4819339352084307	0.1105121856932113	83.0927572727239
0.4035994724849265	0.12265072336906133	82.43588355732606
0.3936268323064498	0.1400136050051202	82.36630469952902
0.3011362023108203	0.12740818938777015	79.76806533400695
0.3434930491927071	0.09994350376980458	80.10786488966448
0.39953482256629635	0.11596097927326769	82.82430794902817
0.276941284151354	0.10342829370135624	79.39146439391254
0.3804139834272977	0.2860004602220272	0.09767907278397099	88.15438871291207	79.81277849995949
0.34619899301246504	0.09659725859194072	79.71265489539176
0.40201976276633095	0.1051456823476205	82.9404525625602
0.317085480808965	0.087506383347723	79.4907234883085
0.1745640696058242	0.12976146132169417	79.64419932635944
0.4194300889527469	0.10468525981194648	82.03455403770698
0.630818134523578	0.11923176094670242	83.12911234751266
0.5428474152933822	0.14859182935683343	82.57064294304763
0.5310301690384333	0.10596414478558312	82.9626653985591
0.6942702919379271	0.08211066091586963	82.85667940892694
0.6774537828891997	0.08846806650562497	0.09109197412637732	83.0626575298439	78.54254739296593
0.40840510745138975	0.3371023867211793	0.14342431956429783	89.96721186055275	82.61973405184239
1.0090487196838218	0.5186717320431831	0.13449877780893188	92.50222589325051	82.50085410475616
0.18762054004729553	0.4517214865762402	0.11380003983875342	86.85557020620432	83.06354233962745
0.772104230402225	0.3105229268361826	0.1730389164083946	0.0629461825849784	0.10987484804510662	84.36800926522734	82.13305795850893	79.612949800161	76.01290561039207
0.3603599664421048	1.038724822068779	0.1351084340730207	86.15269823118987	83.09579051965149
0.5536607999479594	0.13279314557409844	0.14751015948067062	82.94648561143865	71.29544453450809
0.4253696688099307	0.0917834247373584	82.78368177940933
0.680686091398826	0.14787981634658587	82.9654425121046
0.5142075648612827	0.11321015336375603	82.98916140151358
0.3624395999214672	0.11412098697513684	83.95676900859884
0.5435249058736779	0.13740387953203603	82.5935881047038
0.4746509372099216	0.08005400400250116	82.94944179722025
0.5938702594013704	0.09651034694268798	0.1299093288925448	82.6643565032424	70.96167307490417
0.556957114962319	0.1195310320414649	83.52829810073203
0.792437537985774	0.0947230635688395	83.73126690737932
0.567617145801983	0.12779560486768654	82.89432632660531
0.8400415660017272	0.12292475658181803	83.58737271033063
0.7794194873052055	0.15010161101599975	0.4545466337622395	0.11334536466572721	90.18453830651738	88.21260507413709	82.89725757922385
0.6351224856600522	0.13781116300727891	82.63336577568653
0.496700826718881	0.11371268909751495	82.71546573149952
0.49142337801969493	0.10925187045733238	82.55283766267951
0.553461006954294	0.09453094228361411	82.91299076817616
0.6146427430118394	0.11758666466929901	82.53115255448449
0.6344667322541154	0.10528513173644925	83.13836036105474
0.3899496013290848	0.10317288168156585	83.13836036105474
0.6239320262661787	0.10108191106425897	83.26743816315012
0.33526990818442975	0.11115170610135734	78.03796992278242
0.23009505799622998	0.10755783346323602	79.00732104703005
0.29749066913275996	0.17340444843057443	0.13763067492243974	82.10705350263213	79.50545767457112
0.18024986461769313	0.3087019566577312	0.05026504322424712	85.07969674632469	78.00838171914265
0.42997243006544883	0.26759795012959514	0.07233451295892014	86.51537602456999	78.80049889833029
0.6065189855473652	0.3358142666667217	0.16374006519816292	92.18340186896849	83.64008943536638
0.38486099980998933	0.14150758382566747	82.43752838687756
0.467571393338366	0.100440008064074	82.59315672454986
0.43710626458365875	0.09670900881530657	82.80231361709956
0.41986105469270896	0.12142205243111322	82.62707354131007
0.47386880761262085	0.0832118088112338	83.42005169542938
0.4117332973220922	0.14100011102374344	82.8875624365072
0.45772789357330207	0.09914737256904452	82.64959857729771
0.44372895289581676	0.10867768189628743	82.45951025718118
0.19525136482259747	0.7953905054224248	0.13099405283782437	85.66199126343604	82.95978066383331
0.2585813589230201	0.1038092609589908	82.23296117442742
0.5476224983255432	0.21554988378242823	0.0830082836875238	84.74655008790256	82.6471714543526
0.6311936813726134	0.11149910111021322	83.0361572171749
0.43581172266290874	0.14371713768610195	83.398594546165
0.7186096132238552	0.10392877831872556	83.11816441616486
0.40599492051581954	0.10882416912865252	83.38892889121841
0.37353510105573856	0.13001935706256046	82.70858309279616
0.4608662012915382	0.12131617269457415	82.70858309279616
0.30964580716345963	0.2795473878578268	0.12631238592995814	91.95978591192122	82.25485889122722
0.4309040194323916	0.12960474382840695	82.91466734806441
0.21075773398097936	0.06150382984521657	1.175367127346753	0.13104058823856105	88.45007177040033	85.3992736239232	83.68390960008882
0.6221140342441237	0.11517046578802863	1.119463364345985	0.14390434314990624	90.40204239660612	85.18544422429285	83.60144944117853
0.8246711078401309	0.6236321982313684	0.1149589376169249	1.1166997103008338	0.1314052164923305	91.94760990023586	90.40306100968463	84.91594596005021	83.7968995266864
1.1638864818111743	0.7178324066785137	0.08456372017197379	0.7805856387967518	0.13374181746552657	92.09251529256788	91.08843575400256	86.17992579522053	83.55611172686365
1.99270923776381	0.21026140419659517	1.1558252231157133	0.14637286403232236	90.95024110772518	85.77205283954362	83.73690894463519
1.60535654154791	0.14588560433890005	0.6447677529559778	0.1056828343963936	90.88333969993725	87.02455522630476	83.47653438551339
2.424346495038602	0.0894259309753068	1.2316471092602184	0.10161478117390062	91.36456972340619	84.83439722112789	83.37946755048598
1.0576801757319538	0.12191881165269894	1.9124004982592164	0.1203810899219083	92.28262906279858	84.75033482866894	83.60024746650686
0.2043682295441591	1.2948159864187976	0.09072528034965135	84.88980026295773	83.40580546307238
0.47718556257078304	0.1475449047886352	80.52786132711174
0.27556033914542805	0.08622821660830099	0.17262688925118222	79.44153488686823	71.74217552538087
0.28764103917905964	0.08956740058530566	79.94860927753832
0.37221611478282085	0.13712486912958916	82.70050849610256
0.34009570323630745	0.09830953979706779	81.63625653036412
0.26228383322790244	0.5321962925763726	0.10308941059558938	91.45262353985807	82.73360633986059
0.44329763088441976	0.09362846200835534	82.47719616955686
0.2885661717392845	0.2485993514372508	0.11019182692814189	85.51069171035067	81.00121180191174
0.4967197530526463	0.12031145009632499	82.54974370099733
0.41731826106347136	0.10764668036445546	81.0614890873815
0.5496288355822785	0.10305778938265774	82.89444082243232
0.6237379120520791	0.11232803027038328	83.13028178445353
0.5832902931213817	0.1178743673872195	0.16831207680133783	82.53871963393604	67.28642343289914
0.47279922262101365	0.14297860411081253	82.90147012195885
0.6125154970173615	0.09949740572237235	83.47928790492705
0.7755679826342834	0.16040738521738687	83.54405898753029
1.0134502848771523	0.12003536743267786	83.59549416224294
0.7380319644307805	0.11093053106014034	83.2484453927054
0.525543798514468	0.12246396651340764	82.93903943530958
0.6251717254437826	0.9433004638197607	0.09502719563826283	84.75130435647539	83.11977992109311
0.6253561276660561	0.09334853440009534	83.18679974308702
1.3852299362143825	0.0971362013408357	83.76741407507092
0.3642408778179608	0.12655493779104707	83.25461941244637
0.47058944076994674	0.12047969918357025	83.34471653058127
0.4269078296942098	0.3165950859929618	0.10470449106122165	88.35459309157974	83.03324981427252
0.4886205258280489	0.10449450307942601	83.39126443135437
0.4470324806267638	0.1434689283437941	83.1325437834445
0.6465351057151313	0.13551210250257037	83.94920677364847
0.7250473660961896	0.10425051590053254	83.89363056668606
0.5797793303246346	0.5291406935812432	0.12822398578677133	90.93871537334009	83.35733996314484
0.47985240015402647	0.11726420400388604	83.31262181149353
0.5711879536985655	0.1079120481083743	82.49327191781542
0.7289638350392176	0.1263473990170165	82.41388986670394
0.6026689856667485	0.12369291821693179	82.95768964678604
0.34616849410320766	0.893359478497702	0.09612593712557418	88.31441424890183	83.26840057168502
0.7223860838637641	0.08264479580578947	83.48008354128756
1.090671795147255	0.09903998354278908	84.35687632058125
0.5465655011379088	0.11205666021274298	84.4145623354323
0.7025038169077753	0.12943294109683476	85.76456124206409
0.4147616453549365	0.15466057304500064	84.22233746719178
0.15320023454275594
0.2554802046028847	0.1430496872738973	82.4986509862521
0.16362321763088003
0.3064544782220462	0.13683295288564679	84.4486274030701
0.3925904750830032	0.12185362968935293	83.90900331676441
0.2794571678721371	0.14403943898193333	83.29359732444115
0.23155070076472117	0.11610273529201358	82.8060613793666
0.3521005936839132	0.14785800956097409	82.99665231667358
0.5311164127852979	0.1322099686976265	84.60962482641195
0.6906278319258975	0.1327292783934564	84.23880843362043
0.46051567589081577	0.10728824521810007	84.23723431898787
0.40025673955948887	0.11713816891680823	83.32376609774572
0.4090073287273937	0.10887125193570317	83.85297370566455
0.49468287232381414	0.13875325807256733	83.51642089350045
0.7198669136075317	0.13403806179670497	83.19926768376796
0.4472518736465401	0.11242751616650133	82.08227202269335
0.2797111464363838	0.12272853512150708	79.27772782857511
0.45165427642280204	0.11315196488790243	80.16792045632016
0.18658017036614502
0.15992193971568777
0.23222560914768373	0.07988925216170217	79.5913302157108
1.4585404226407142	0.22183740024898976	0.10695625584073121	92.70878277147429	79.39200361482914
0.5520174925128564	0.14206459937927884	87.6324112502038
0.33929868553587883	0.1471392280957745	79.6800729818766
0.20953795628757677	0.09383808757580007	78.92425921642254
0.23009772296054934	0.11079161522028516	79.80036087759424
0.2572714057765796	0.11594716504710738	81.60761633143566
0.19627185891465895
0.28651816324580814	0.10391602908412283	79.92324119007206
0.32710562742673943	0.09785583730342395	79.38572148164181
0.3184289425242606	0.08843149816119959	78.72963930663657
0.22856595392350168	0.15683907057119917	80.38025584191145
0.26151069108178215	0.14805441136890551	81.7128275453768
0.3513080146687816	0.10455366957953026	79.83228899203284
0.29471292398813986	0.1349659161152195	81.73813798498809
0.9546516825500299	0.15639645123355359	87.10834246237904
0.6207039654224817	0.12824432314882311	85.04510292066578
0.334915427327092	0.149009414964361	86.56275015349344
0.5092412218482506	0.12166660399842576	85.61916044293581
1.0351186911445462	1.4501256888438914	0.3174386894534775	0.11098314591273854	90.75156845055209	86.64481625933634	79.39146928844967
0.3921109004767368	0.22284486052084557	0.1346420852143535	81.4122116664984	79.81854871117616
0.44595011505626025	0.5449481980812667	0.2606062900287892	0.11583163495969201	84.95555682514842	82.88667883793731	79.67438526380747
0.6269182755974493	0.17410679138527874	83.65531567853179
0.5817329553261912	0.08130812358166187	0.24377249068813303	82.21964154072072	74.28588300279863
0.7785729848839502	0.13154492833343992	83.33653337515256
0.7315678575722393	0.6518180099414858	0.13038974532822709	89.07123888956275	83.79657805109086
0.5058805681441884	0.11031124051096285	83.23912919506955
0.37807574367891505	0.09145878805845051	82.53002556741677
0.7028935835029014	0.20968851488852658	0.08955667692035775	82.6446856270289	78.3301076775758
0.2341288855385825	0.34502404821506	0.11575921476751208	90.17893151985511	79.86908824943205
0.30310212386020774	0.12435383331140772	78.54760807480898
0.4644582937534408	0.1689233303904533	82.17338101530898
0.2547538544222118	0.25617409198811397	0.09822128114088156	87.47708933351744	78.9700685507998
0.5181922666271969	0.14119606516771563	83.30219135475537
0.3860610408211623	0.12498362268430123	83.35726351725805
0.36947066030490894	0.12772820353429742	83.77136082513631
0.23056071791719207	0.07323954788403102	79.77030977684528
1.445942388370417	0.4883305485163863	0.12866924363776688	90.38455415702681	82.59241435911088
0.48137343584169867	0.15633787340680722	83.19699757341314
0.619586102036254	0.11794070188152767	83.15141861501209
0.34724174398792484	0.23025936641374525	0.13206134220254856	82.50996370604146	79.45358364714777
0.3316563840369219	0.48479622175535897	0.1591969486188826	85.75685647557442	82.3530764788227
0.5369534906572077	0.10667468865785239	81.09788207014358
0.4187748398815959	0.08081534665716994	80.27229032056316
0.3728641015948119	0.11741175234847802	82.32164777670474
0.4413346310753768	0.09947611062051351	82.54145796292477
0.48738817074954033	0.12057448456208916	82.14154716089307
0.3447442996909359	0.11003042349594223	81.78004671177275
0.5605690942083119	0.09770925778282558	82.15330636266411
0.44792965400130014	0.1272426532994195	79.76894827130847
0.25269549883375103	0.08802175793456887	79.18224861899756
0.3207319888794569	0.09741864043033883	79.17877979374586
0.20016839811537135	0.0945121643901541	80.0004837643835
0.3359643861733831	0.1487270557006803	83.62699161019248
0.2952762871338945	0.13902308326756238	82.68149630756766
0.30454872098463415	0.06592565129719058	78.7421324946461
0.20475313683317525	0.1357636260643298	79.21537310692241
0.3039794809692529	0.20528034189557468	0.13539351641878497	81.7154557698543	77.85646367541084
0.4712034643230416	0.12484919924606788	82.49447159259476
0.4213291171166329	0.20183837722291206	0.10040390214610828	87.33995580543251	79.77358990616996
0.2081302598261534	0.12112598141095449	82.31760062660025
0.2770380968466603	0.14521936292154652	78.93619682072712
0.32175925368615804	0.07905656840124438	78.94125866774893
0.3207718283790178	0.10978180549738217	79.75323914805999
0.27434921257284617	0.13211852668765856	79.84803665856107
0.14827194041368416
0.4771071282590599	0.14138955175342188	83.69145534481746
0.4061865961964971	0.09170574730059815	82.85845863634682
0.28784415888448217	0.12916059173708885	83.13100531318027
0.31807676913241595	0.1158600804612938	83.36229855762231
0.3583710313276025	0.1193700218810715	82.94700733566425
0.36102226316963837	0.1425358893629103	81.92496635958625
0.43831902704461345	0.12303259866582733	83.63555502084724
0.5333545523912804	0.12381272575235767	82.61496409692687
0.2804453565774436	0.15823415753656545	82.83935413860611
0.28513663837324527	0.11007559339230621	80.17071998748978
0.3137777707632911	0.10869507661626387	83.06723678852624
0.23862184894759836	0.11275581954551438	78.89415507841633
0.40262220125502507	0.1017855150308586	79.41090048835275
0.2882774359065454	0.1015503961674648	79.86193818902233
0.39691517800804105	0.15837159155564828	83.1310052125121
0.5635524210279561	0.12327897637260288	83.0539787226241
0.29068605540634174	0.43588469634203103	0.14247044607111478	89.14913411791757	82.94766412576303
0.2967205621713703	0.11729744762685482	82.2682323130465
0.3940664984204996	0.7143302714026336	0.12067817871273676	84.61212645885209	82.14390371351035
0.27613465403726883	0.8193335619155685	0.13079149154239067	83.98306563629868	82.25703025834935
0.23157990054489255	0.7129100216788694	0.14556802517508052	86.19880297737774	82.88301309229826
0.428196783277284	0.12184214550663988	0.03926873063671339	82.7265634296955	66.14590930336314
0.45291966542719664	0.11578320761511528	82.25053283519728
0.41656077065954916	0.10770807149303936	81.55827330686516
0.4567108402462501	0.1162328998868766	81.62156927224783
0.429241923407246	0.3260988619332877	0.12170406711744758	91.06745039826582	81.37011364066488
0.42905063567039664	0.09683278837677434	82.5655453173449
0.46655798056635817	0.10119581787142613	82.79671614696034
0.3601115125477955	0.1200397175313996	79.81849079044065
0.4347716850448268	0.24380775585244172	0.08502754072938341	82.36477446255338	80.21394556442492
0.663167502566302	0.09179511757996243	82.80921498095871
0.2598252414871288	0.7307445626280404	0.16086491581213894	85.13008171210681	83.0824222089802
0.3908163503467021	0.14196977430913124	82.75839100576293
0.5829533242119862	0.10541545314367454	82.64063000849146
0.5082006292046578	0.11385543883297762	82.2359334375601
0.48190495221753726	0.1307805305027176	80.48094780060099
0.6543916304794586	0.44659161280780924	0.15154960387422423	83.65950302187905	81.85052668336024
0.9944058479013403	0.20527299010119524	0.11011165446786803	83.22114549464304	79.98313901984906
0.8940009523365255	0.12013585526501061	83.89710549916697
1.1882020192253075	0.1013233701078542	83.1878832550867
0.711196627907754	0.11040542907307666	83.23651131870861
0.5729142278358459	0.11577554334158106	83.4638904278471
0.5184351345147906	0.1731577374438119	0.14818152723240996	83.05794683426966	79.64849664310378
0.4130473442768791	0.11798244727595522	82.54461276721923
0.5603403350334099	0.32397644174431495	0.13439017235953452	84.71233975477804	82.49318968584915
1.0158079810812455	0.4495183142014525	0.7508383131024087	0.10772497460621104	93.06253509150551	88.090388840002	82.7039348575671
0.31572836824898737	0.8482205910898494	0.14422547306431155	86.9769303902496	82.85413727173685
0.382503281421384	0.14546713053619875	0.15841891359056096	82.60066088022911	75.24379740479995
0.5142020780269371	0.1262024738369311	82.63387949477794
0.5041454124279364	0.7170845739907092	0.11413099097410527	88.55517867406327	83.25017232144491
0.9474574417568594	0.13281468245763783	83.97740933029573
0.8037026966529864	1.198092133954072	0.0885347543730048	87.37759825814946	84.26751182653439
0.6413287463948409	0.8243770179453459	0.12700955222762592	87.46290702883361	84.05189219149811
0.9510876852951806	0.6507970101117985	0.14267966440618843	91.91593325899618	84.07945415543013
0.7608213635446335	0.18976154300426762	0.10407737103884797	83.88347048861678	79.19586940571
0.2541973661922303	0.09069473909885525	79.1013532843155
0.5757563034263359	0.12246505307669633	82.8970439538588
1.23650906297342	0.12016267713458888	83.5026702894553
0.6924235496290192	0.12997807795017877	83.61326849007618
0.6347298716981813	0.1416645599151375	83.17926013668912
0.2452340037834556	0.7769999739970828	0.14913613809370257	88.52730876672462	83.13363461893806
0.5889698282416539	1.5476824431036418	0.11273063029422302	86.10898057946355	83.10969597459825
0.10764172754283675	1.3158750473583936	0.1021905140067409	0.04191632302760966	85.80014171191658	83.2464558778379	66.76987502075602
0.2700217403960052	1.263644272149856	0.12119265564882188	86.13411692123897	83.10454261053773
0.815046141388403	0.2760425722722618	1.5607022325516609	0.14392141071926806	91.72998026952023	85.59441969812636	83.37113615603924
0.5543763935609091	1.219549671744685	0.14455361279257656	84.86452516536737	83.23590410006274
0.786473325285269	1.04003393790032	0.12108809848293517	89.20606283147306	82.68982770604735
0.48446118018858386	2.3103812030250497	0.12109720839252504	85.12247839869043	83.44079523632101
0.2909434713290315	1.2184447549992916	0.1839917962865036	85.0355000676433	83.14159761890768
0.22255934887631218	2.1131129677499105	0.1130521677347644	85.06654199508645	83.17569760620358
0.7964350186105733	0.15292634437236563	83.17569760620358
0.5911930872286107	0.5575032515101247	0.1307964077971394	85.70204684995193	83.27511823800269
0.47592891505327717	0.12610459205378333	82.42605497570173
0.5856066833450557	0.11810709292513828	83.17311360745936
0.43103837319002053	0.11565431298832658	83.3680540771371
0.462997210686154	0.15767780802718714	83.1349037913131
0.4647353062704887	0.11684150808007865	83.06617934877818
0.4571546717954294	0.10747740181413913	82.68801887419443
0.5300069515687987	0.12540657728147003	82.78260907383029
0.45498992383065184	0.12271621195755988	82.43650867404568
0.4073864787071176	0.1553380582688328	81.9053993304725
0.46140401053701	0.15084645378749598	81.86717775263074
0.5125104360847489	0.10972742504182793	82.06800779757667
0.25574428294688784	0.12996475676429015	80.25387254214742
0.25718205939259065	0.13400801401485504	79.88073071015748
0.3192577144081993	0.12279703556859464	0.0899786754824134	82.20644150959122	79.12864872152647
0.43307291681378723	0.11055510088287614	80.90673465122126
0.3100313327762323	0.0776697815245711	80.06280131714858
0.26629463100092154	0.1633124633123969	81.79049432164365
0.41727602441810907	0.09761440645680841	0.13556023288385774	81.87852497266185	74.81257582862595
0.3677839629175011	0.12679002195697658	82.14043539447357
0.36185309347599076	0.10154601654075149	79.79891976371815
0.2589374616830112	0.12435064817731444	82.9165147563324
0.5094620156564518	0.11848210293610577	82.58972735390941
0.3319839646813063	0.1364739208898996	0.4920249585571838	0.12100681371219393	89.00583044577493	85.31116647206483	82.68481351112493
0.33558367199977285	0.10526353080124483	80.0067004628962
0.4820364629246562	0.1352988772585604	82.7973919930421
0.6294124429492253	0.09921532071550443	82.30254885826646
0.6043688915704073	0.1071404540293875	82.67349375492502
0.683852415355537	0.20917183265662084	0.11956927423487583	83.68623666683523	81.50445602252586
1.0744571814010977	0.1143570807926405	83.53073032962429
0.7036254040989657	0.10240919533197804	83.08804054966492
0.6197132477954975	0.41933862150313267	0.10533708028277003	87.09587276205848	83.30242964076422
0.30865681426685604	0.08705386551087652	80.44143498726355
0.22055203450592156	0.08299438368913066	79.54657463630178
0.4245746088921229	0.13454288438526055	82.86083010196997
0.519948128502063	0.08536034729408123	83.35144078093835
0.32889306917934674	0.09966551754052771	81.85522324527578
0.854553617741081	0.1730712570118669	82.9362348688218
0.22158622062620265	1.191083619299144	0.12387093901261317	87.36551911043014	83.13952837490172
0.2585114971395547	1.2556250197393555	0.1281446561640188	86.0193171814041	83.7532780937176
0.24436790167261171	1.6714923948829072	0.1470141195697379	85.82766819493128	84.00342340754389
0.1314275800330968	1.8418107997483417	0.17166540469720468	0.08248597324377312	85.50686546399673	83.75522879991246	79.24045160850596
0.15155721689407733	1.9911878152526676	0.12261222998481638	85.53247452382524	83.92199478165269
0.042565568794600765	1.9862122362144088	0.112720571550907	86.0220627342015	83.98087861839913
0.36406918297073776	1.245454214526349	0.1522441617108118	85.58406451082936	83.87710573292905
0.7780419764186797	0.09521881721565789	82.9486770299573
0.6654173186055207	0.1044046602040845	82.7945600500079
0.35126111687409284	1.9902297266930187	0.11071448804383231	85.35124362696544	83.46166816755714
0.6068928867089873	0.6395875838933948	2.1948667689131143	0.1342936165082487	87.78947923835666	84.6090909821675	83.53450178633254
0.275788569645928	1.6387477011969982	0.12960522191013185	86.15433886372934	83.56756024937397
0.33562289821223573	1.0517589763124624	0.10094570000428257	89.08493542510675	83.30635318573918
0.7103298244712346	0.11769532784237341	83.23670407333604
0.44329336814566656	0.10189331866132559	83.36600859867872
0.5579562272778469	0.14136112418749092	0.11654042156452932	83.32493431344416	72.03224916407036
0.37714928577312906	0.10569455959635893	0.11899961651722712	82.63614632351558	68.94785811819983
0.5462820315341353	0.12750294934077358	83.02620099505376
0.4071066789875717	0.13704174624242899	83.35213282490517
0.3266944427075841	0.13829208242424532	82.61461335238187
0.37260591343541993	0.09643514623928127	79.8173071303726
0.4143326408483382	0.12524753678197745	0.06418747097948968	81.75425501160936	66.46813145887754
0.24075641706238543	1.1687942289478308	0.13993263859498692	86.17936868563685	83.64661266597169
0.3697317923834161	1.4046229261964596	0.14587214816581323	85.1622604413549	83.67421627529437
0.3040751574112172	1.429094217341381	0.12816152702156614	85.1622604413549	83.67421627529437
0.23236348505799972	2.2485685061897627	0.13419071168353414	85.1622604413549	83.67421627529437
0.09218957877634182	2.236649645475698	0.15450926907567594	85.1622604413549	83.67421627529437
0.13050807432533237	3.348842153530578	0.11380373988986263	84.5964585305985	83.55081147988871
0.08184043630242445	1.6447175325020633	0.12840926113269802	84.64438188561151	83.57115476573728
0.07176030314073234	1.9130674180051468	0.13412931740532583	85.04045355439386	83.61456770094549
0.07880664663563801	1.6461371607827326	0.12449048552787591	85.36148830894922	83.5180452639122
0.21182837170651084	1.0852447797158826	0.1356468686516401	85.60431227003515	83.64388672534147
0.6693038990580582	0.14322470248101865	83.45859857385949
0.5056513616306342	0.695736277529175	0.14098405951179965	86.19631382907212	82.97613672336446
0.578832761832934	0.12008176355951194	82.76056142077555
0.3806141003596516	0.14693850428540844	82.92955714825922
0.5132049568870478	0.15947795363260053	82.27528060209248
0.587150055114213	1.019739352066698	0.11186883178404458	88.53809557201062	82.3664670528506
0.6891214059512117	0.11374079848457258	82.77575171682679
0.8613282838914164	0.1411174721912156	83.28300379533195
0.7026462354207487	0.10465076473961515	82.77357285115193
0.8854092715999947	0.3353778843234874	0.07899602784205469	91.62764490261684	82.35265826870045
0.6149675466302184	0.09576716958494251	82.35265826870045
0.2686206980333227	0.6819430190014579	0.10079242912715396	87.42860034629163	83.21571165038317
1.2047794686384	0.8608513216648939	0.12179489339970649	89.30671971798763	83.70298586694295
0.4984945837554803	0.11657171329900036	83.36358689922932
1.2026893555666318	0.11985843846970237	83.46314181864707
1.151527948384218	0.11293474154394528	83.35812211115099
0.679309588185197	0.11923464253058513	82.86073320297474
0.5605865860764678	0.10192818983191573	83.02280561074757
0.5772233860427074	0.12690273715515213	82.710882593472
0.44687962801595943	0.09404486545615116	83.10347235556189
1.004561775878073	0.8622083255920492	0.11623279326752896	92.76279754084989	83.10347235556189
0.5945498501533233	0.09707785160330859	82.50533687711955
0.2594513435795411	0.868956883232248	0.12444486289129617	85.39011223125536	83.22478935677344
0.8241932953831457	0.09181832684353082	83.24886572475091
0.46690033258052643	0.768497070437774	0.258204307786925	0.11288563753014566	87.92909682855881	82.97403699562611	80.2365916939988
0.6434445309352779	0.3175066157223997	0.11102262438097588	87.67930503960541	80.47280415610106
0.23518305296068337	0.10817846065842966	80.4273752344558
0.404240182937264	0.23928339243231894	0.0969148608319259	80.54000270818354	79.2829620894248
0.3990074939847163	0.11451915616773196	81.73102316771285
0.35789985074205266	0.12075032432430798	81.2923719821734
0.7171486198545862	0.12940609252433258	83.16292719225679
0.6310214639372764	0.11762090248486871	82.69233471376725
0.6084120903470887	0.11469755964432433	83.50549462119994
0.36926716840241547	0.13271820980665847	83.69673690843486
0.4363584426829877	0.1296513235778236	82.53725252315233
0.2332107278582447	0.08229498196973245	77.809412372858
0.3684747744393686	0.5370549440882775	0.13320252826723478	86.25192178233367	83.35818440974094
0.5277195716393516	0.1334521972677785	83.27233493873169
0.5172903588291717	0.13358965321278723	82.53973342945153
0.5103370499064198	0.1537975316620458	82.34422209744432
0.7291262757505403	0.10205025875442042	83.00866526670211
0.8410236123834562	0.1307173130238563	83.2035783265263
0.46824543395574303	0.6196639287478023	0.14224260733601593	85.65405176817964	83.07398023962214
0.637064955955415	0.12859042692585548	82.60808717486142
0.644283792243943	0.13260538210413897	82.80621316739263
0.396892573615183	0.434630626773809	0.11797562284275978	85.88714879203202	82.3389916765566
0.501294119840733	0.14240242917163273	82.3389916765566
0.34728939281313426	0.11897451281099294	79.83762280195344
0.3212921704018002	0.11349652242168114	0.10215311277726362	0.1929814244604992	79.98694378503663	78.35425108714361	67.24519859152484
0.2074454804848633	0.1471920660668213	78.60363145688196
0.3108032113584899	0.12509693123009052	79.72989410698577
