0.17193164378415177
0.03712673661380718	0.07627177363036577	0.3335056440138649	76.42959123522553	73.0667797572505
0.04718834871650815	0.3980102948270034	72.30047787918029
0.06431591166448306	0.330395273710875	72.71885643729968
0.034947213878045114	0.39346532669902984	72.31216313199145
0.06603765665757237	0.3406864273340116	72.3557524691552
0.04270089302209372	0.25478526912091615	74.49322091476792
0.03200812591391604	0.44402971760061183	73.08949824541743
0.02843355351204023	0.563473528790477	73.43459738194248
0.008097011041555654	0.013481186756464644	0.3850271086345749	90.12117632656947	73.16528109537508
0.05067633463298478	0.43800975945103926	72.64706864154257
0.05339673206381152	0.316587832811261	72.88868056429578
0.03594279858304117	0.33206043376658195	73.34487825661154
0.06579798910308633	0.3147760305180751	72.87707772200908
0.026396652489314564	0.3725190956500903	73.27983499884931
0.044291351001124586	0.3523267885844161	73.03891808430022
0.05499687856353318	0.3043846749992316	73.63493329011219
0.04897901989964107	0.25301026568774226	1.799655384971324	72.4078743869729	66.50186102718095
0.04029212298306107	0.2783234266531584	1.6295994015350015	74.54469915322849	67.04172055671422
0.03035463569039178	0.21441675428054613	2.1469768973558425	75.82799812930894	66.64908216470576
0.017949851762042317	0.21016987054565553	1.8166003052621573	74.90993566500636	66.60262989603046
0.051766122441512324	0.04426659008112912	0.38700584738750793	87.82108540876291	74.54494057979491
0.03531915008855041	0.33721984462734167	1.7828673806587112	72.73131231858048	66.3456701952166
0.04810314806997489	0.2259722504345784	2.849247144850189	74.60827216694527	66.64492486149024
0.02154931020665189	0.20545083974396808	3.1972627740122754	74.42180866310092	66.58370359959754
0.06312136926177375	0.2591223747500494	2.552709890861216	73.77540767404558	66.58018658026856
0.0448096190813718	0.36165528103337763	2.8082429333010643	72.51470877585508	66.67852033203427
0.12904328913244917	0.04453960918090806	0.4298632030594587	2.1846990594931603	87.26432952089364	72.53522088079492	66.3397099050752
0.016903552018220455	0.47031571750796963	3.8076410627313404	72.77931968977296	66.41441014161899
0.04837363717202256	0.22988230598183257	2.5224635220575258	73.68704289487222	66.53205618643308
0.04082465366671038	0.397806145617676	4.917776394444652	73.0808907676619	66.18895366162856
0.03571427822955876	0.34406318090101146	4.803978352321497	72.9153665480054	66.30614660877755
0.03759071438446413	0.27646205713358557	1.9020829677409927	74.03138360145586	66.8045561220067
0.023753964868151983	0.2658048143141589	2.715121446301051	75.8844697989993	66.39695504761637
0.05688025408829382	0.3025323925371081	0.26547447281621017	2.3050300092067224	73.96237138906355	69.11657485329005	66.4549214026624
0.02292382784073904	0.31275485560322985	3.780584212440735	73.39437262831748	66.35361728946197
0.04961656995189897	0.3762888579190967	2.4258750426152957	72.37911682109515	66.72013269493388
0.03451699445306923	0.35059317705224574	3.361390743202866	72.97464695002924	66.43254678671352
0.044499511694219125	0.40393740853841187	0.2792630251950276	1.7306750007112504	72.60123302043968	69.24705279326473	66.5814998286905
0.02375674526704766	0.44719998903239694	0.06660632990419264	3.7415901573538775	72.80696089533114	70.14616309573354	66.48006725641113
0.027017248806010325	0.6900385034754035	0.13212192177502136	1.4843100594416356	72.37773533332552	70.52359812250704	66.99177178371066
0.04368828131649162	0.275279464764441	1.7215348313717205	73.49466161848389	66.57769830522423
0.056437715622494125	0.26872618128054804	1.5886784734952606	73.32906980832541	66.67338763005519
0.033865786127329045	0.2939260555367685	2.0993815178135806	73.87067363145356	66.61628798747047
0.02638090137070707	0.24589947031281756	1.6527650026466139	74.96118075837772	66.62028186782824
0.05413145250836324	0.25010304708276054	3.437399961459125	73.73044057056269	66.35374500519616
0.05126353310821382	0.3825045968705106	2.747906060198337	72.42128988070417	66.59999794747415
0.06546383879558991	0.29127203712864297	2.7594896800055264	73.61111045623221	66.40597599514335
0.04072067724074768	0.27409909976537944	2.0648271027682377	74.3977289264773	66.38971101155508
0.04654767763876055	0.37136254600813756	2.6038612306665705	73.15733416112171	66.40153486591339
0.028851475388091876	0.269124037479548	3.2337755473264997	73.71733289736264	66.32170482656805
0.02302656291007588	0.21421847536511293	3.434678382736124	74.71695910301665	66.20384022475139
0.01971470012965318	0.22992862287018873	2.915565302423377	74.9017534118456	66.56448803740427
0.03314686016702443	0.35910533131262623	1.8586736670130781	73.1087140997652	66.40256426437969
0.03363103365254265	0.2499537799853796	2.8915125546578238	73.5358944066914	66.5485760984553
0.031541260265262924	0.3034172761842744	2.3474764109075386	73.55683673124331	66.67134203016239
0.027626556711594485	0.26543764806441766	3.821966754181815	73.60512951224533	66.4650314423642
0.03629629862859062	0.46651051575599833	73.34073009907824
0.03953176907449156	0.06068074145473363	0.5654107489703429	76.2655496618276	72.51461464469189
0.02008623844143607	0.30404651547126127	4.122764756099192	73.12457060768652	66.34683773677557
0.039183903112904005	0.4948606377022354	72.93916959347106
0.037205025002350824	0.28846888307299323	4.789203193989795	72.9222079878047	66.40546430679358
0.0446478129353697	0.3687501636668747	4.243219149189751	73.14970274366111	66.24722000969912
0.029653587680980757	0.2987714221861099	3.4883606884041414	73.12068523890251	66.39044493934679
0.039811608681908014	0.4155475955425737	2.2174962613552744	73.09850453541483	66.35452858835019
0.04443268580282066	0.43117587335953894	1.311404927243868	73.76999454040647	66.31974884493839
0.045538877046364785	0.3348802916490415	2.6769276434030456	72.98702423865238	66.32808564619111
0.03181585464992226	0.41340005583400363	5.965044605844168	72.9785828580604	66.2046243357338
0.04861165610309634	0.27769199644490566	4.788701665225582	73.57428236362382	66.29025639068125
0.02493835441908043	0.2655539193265324	2.973602294256753	73.18868270365336	66.52052304360812
0.04177648845295477	0.38370337432593765	3.417612558175829	73.53071105855452	66.15684108603024
0.018880107613308557	0.2927568373537801	5.283215650443887	73.60151130825406	66.35750864074505
0.027407513456583876	0.2848834786478637	2.331524738791515	73.1845520577522	66.28717509018409
0.02013754909567969	0.3851148657434695	3.077794559845717	73.90343925352109	66.22493653443227
0.03960200402256982	0.39540124844977054	1.1007998682919995	73.44703964564648	66.20048200270277
0.05605394719117702	0.4701928517744968	72.58426048408622
0.02694713603849336	0.23251336802179012	2.391807740347294	75.78425830184557	66.40950198832725
0.04044886581533747	0.25703989393844284	4.383860915424235	75.3378873197361	66.46285438541655
0.051406515966224677	0.25034451967146665	4.59830168148791	74.21572404169896	66.21615673932081
0.053135874707877256	0.227216702959193	1.260056840103773	73.044314841572	66.53805510222332
0.053754624157072085	0.2758822083102606	3.2548444530682654	72.99165096627196	66.32210514777306
0.041227542574224174	0.3879091401063416	3.6318391150229803	73.13753217480897	66.33261523926942
0.026966510509299522	0.33300578601047237	3.7669751053883096	73.47525062973081	66.51245988060903
0.043711204587797876	0.030682390222206337	0.2982573837404266	3.6475887728365657	79.38252530549268	72.98979313441178	66.41148413229591
0.0474862012401126	0.31217226195070963	1.8488638082111606	72.94073403622544	66.30256971904511
0.03339015163873712	0.2857600068752102	1.2589975039482533	74.60605454730334	66.86982175157709
0.01823537840952124	0.16849459837417557	0.25370019759976686	1.6853708110812158	75.82440333939557	73.53115929005246	66.54021682133151
0.014909155736821585	0.2317643856773142	2.5011034312631204	75.89701435684375	66.49057348352522
0.016952639131858207	0.21870544112219945	0.33164546565423164	0.6497025280176257	2.9950727361884795	75.75442324097259	70.53638357071154	67.72504289016011	66.23261969644936
0.021146614140654524	0.24731977495170643	1.4167031444421125	76.20913506437937	66.24892995752138
0.03443069226189584	0.13555579347648727	0.3145260791847468	2.3543964225527905	76.00650604121446	70.03380707131451	66.39593008889142
0.033240053665875804	0.22410891642314157	2.475971304827846	75.37028416962062	66.352168288086
0.04156257191616919	0.29608138449825633	1.8173135616644158	75.33481324239732	66.35572624663567
0.018675310637761306	0.3013480996901694	1.6251322016907535	75.33644678310328	66.55637163773766
0.026359423431473187	0.28099949319493245	1.6682470106750238	74.9768818918482	66.6014224420961
0.031820705169024556	0.2363152450526705	2.4633297227981723	74.4271312192243	66.53173348805277
0.05753679511795283	0.31235564840821306	3.040788837802428	72.34528779911962	66.40360342197829
0.036705739285604055	0.3779612224123735	2.6571446885862025	73.00122143634933	66.55054982014796
0.05263805136346188	0.3506982949838976	7.025952577046886	73.25611285631466	66.19283208226047
0.058848869331608905	0.37494655686909106	7.385026623521769	73.15318815902926	66.12540996557985
0.05522044309049656	0.32588593748848016	3.190561105185516	72.46712317314066	66.62923295033983
0.046848672904448045	0.2742067915828006	4.955617933176186	74.20866907737683	66.26962258252172
0.029318674056168205	0.197220670741802	1.7106461583988724	75.16122520581922	66.81407190291638
0.021495668920271088	0.29942002088707415	1.2221528739262204	75.15149207484545	66.45062394663462
0.06690441828174538	0.2199768095225388	3.2429575934971107	74.46234690012307	66.19187140377467
0.05150698975798696	0.30139655792455883	2.0592752726943355	75.99077468295299	66.40272109193064
0.03882240622192393	0.2231434267459142	2.5439757434163988	74.63098349309337	66.31855071481189
0.02639691652031456	0.1887629228315028	1.7514011148051567	75.65367244747665	66.5631388294688
0.013900043136109508	0.2615557310918385	2.0185827314150675	75.14627100499754	66.51158440871177
0.049235093369867734	0.2610276715296557	3.6042158959410835	74.97507123732639	66.4170443876769
0.03910080988586759	0.20547268059775153	2.586764930357114	76.28522345944347	66.58589738252877
0.0330840164899284	0.126619395971037	0.21215130660225343	1.896087013699593	75.190972391651	71.66582096686119	66.4411353330106
0.023028811958886466	0.2503647985623655	1.475195433347478	75.41197134760824	66.73526946925787
0.1563766643823636	0.021823975323608264	0.24526135287640474	3.653510681339625	88.4194271438873	75.11290784205164	66.31547058132924
0.025337162171205036	0.19528997824964914	2.4719101568771054	76.07637638763728	66.43916896330498
0.03402954618928559	0.47697796053276925	3.4917433920249747	72.80846392945661	66.40575286263865
0.027697748535926575	0.32424948265358894	0.9019595694044358	73.34445458042543	67.39822013493861
0.016412108734321303	0.3978518683465412	4.074237905010631	74.75521775987504	66.3575981144637
0.06285253264428853	0.18469616272147166	3.562878253347126	74.61035103595141	66.29859704327406
0.00822341390059074	0.027700406494807792	0.1762871918910729	5.199486031179059	83.10211577629583	76.46485692007485	66.20283126754805
0.03454149333535684	0.22050375820003504	2.976706260987716	75.86823241532797	66.21898442694985
0.04076283803490443	0.3025735973681343	0.330742858369713	1.2679978053536778	73.99542110870144	67.83290675226374	66.55391056969363
0.05728974325646722	0.259456981827341	2.0640092277731217	73.66675979390006	66.7730509349499
0.021733405875208913	0.30453607526467447	6.4305477477397055	75.0851375688023	66.11676773442412
0.04583696247339777	0.4122515699945108	3.1114580029388192	73.64241735249739	66.09995304244725
0.03598449148967952	0.26416183917651803	3.3646601076812166	73.48320215705911	66.41807064628968
0.024806504242375457	0.36736224670624906	2.5796784664971435	74.07901831504722	66.57513569285206
0.0667856464409983	0.24225708508995872	2.7039909172065433	73.84751856412777	66.33599568106656
0.04623508009810001	0.5040094299172361	2.459590741997641	72.38256401727398	66.49075377633571
0.02406222598696657	0.28371990293929106	3.820291374990426	73.1248512463921	66.38237185206897
0.03256425974148902	0.266794381047923	2.2625291997713397	73.51225903130033	66.54337987827647
0.030757201147843288	0.25186289841628345	1.9736221106914165	75.07174402415247	66.70260558899547
0.02300077680678871	0.284711258004013	2.0019728059843493	73.40613203850462	66.4978094756299
0.0535560717525372	0.28178955048543625	0.12008289172444712	2.8649851825763926	74.09395436012102	68.84223843383494	66.34080211041945
0.04066864416614658	0.18921287089329566	2.8611535972928657	74.85555586427142	66.38499135858879
0.027016505893698372	0.13206408304729747	2.1615518606071733	76.86468338884293	66.65454172365281
0.014477244883314002	0.1953267494494164	1.716199508245531	74.8750058719394	66.79843175246704
0.0807107073163366	0.3792957155861306	2.4475552477824305	73.69458923422837	66.5920485466912
0.027793257054102554	0.37372144545069114	4.666766011868822	72.65829078061851	66.16204566768384
0.030141616028106676	0.3780424238627319	2.18642312469647	73.05805740163939	66.4147210540385
0.05388931871778011	0.48797971435542	0.26150622337050733	1.6116844764916893	72.60340841986529	71.1207371410652	66.99649593836016
0.015093904321994343	0.44715777439434035	1.7713229371622732	72.86164007751407	66.52835098254235
0.059363271280281155	0.41927057722418776	3.1982727456903155	73.40177713209235	66.41875201062518
0.05348212798520064	0.26332491234995103	3.688301552927272	73.51180397775823	66.26542714145002
0.029686927049277438	0.27702204695618937	5.179929375516624	75.4396183275807	66.20269983075077
0.030271918098014796	0.23015219542405513	2.774160837696588	75.87312554942649	66.64834727078718
0.028552978720528338	0.18029478374543262	0.3337821643809346	2.24191360648424	74.83106458266384	72.67827245196582	66.35958452901039
0.011934653199441893	0.2945013168441331	2.6267760369611137	74.77009722821714	66.51273132699185
0.02678971701383066	0.2891886234345322	4.432816272316284	74.80669824617895	66.36470172917645
0.0223444669770761	0.21679621998553905	3.498184950850286	75.16337392325693	66.34659848135335
0.006494418172076388	0.016929832571423296	0.2752108681915007	5.091306805277713	81.97006674688913	75.53374055675405	66.3328729284441
0.05324496099045038	0.21888680333916327	5.287274196429515	75.49265993782416	66.34369556091454
0.020829994281594003	0.18746831035408873	0.24109248188350643	1.9078628348113789	76.66264491547996	72.97169848704301	66.57356733642901
0.010450591493736635	0.1891999739094985	1.0903119322847785	76.16677490560159	66.68755335630496
0.01429672369097446	0.20330299941927718	2.584649050016095	76.69623825040053	66.57302654068924
0.0291243072338688	0.20291910645343933	3.39783350015832	77.48309973084916	66.5483191829788
0.04490938257218477	0.24192383685871033	1.7281476316271844	72.64727675739312	66.5183438135928
0.05579107156584032	0.2637665485955269	1.9201883969453046	72.39146959826529	66.82006752395675
0.07180342822897913	0.35750836462230084	2.7172110305330874	72.85656289534064	66.18314630943652
0.0434956425436673	0.404693008696029	3.6719321009511185	73.93311438415192	66.28615501415567
0.036492880419790576	0.27983608321127984	1.7276526968864776	73.2268274626708	66.52325532208448
0.04194358118401045	0.26542415701709327	3.282050930029976	73.21603433514251	66.59408307501073
0.036333560445697216	0.3392545682291768	1.3297866760359651	73.68954409040268	67.64741757635545
0.022615681435952214	0.42505918508482515	73.44542821151119
0.04588271910392071	0.19395227851019872	1.100989048389801	73.7896254579133	66.46252700326167
0.03171241755513444	0.20545373319210625	2.1475344628561888	76.14166402042412	66.30408852105975
0.024058706590380563	0.18170247425655203	3.2394023129367153	75.75553985879648	66.34544372936377
0.03120941072905056	0.20630848580760366	4.510659900625894	76.17073859040384	66.2495846127264
0.027752777785475895	0.1813272483924055	5.345447661081708	75.20310345196897	66.36974600953705
0.023892532273115837	0.256208651907694	1.3638737405884394	74.59674348730589	66.61040243368339
0.04616755437675291	0.20927612450281896	3.8491980203339415	76.38709893658915	66.28792666366446
0.017311518163641373	0.19087290426437614	1.8931761842844013	75.29896524727933	67.36776593472281
0.02764303550854999	0.24270750763859023	0.8212797817916567	75.27821038494662	67.42048501427104
0.016148231028601072	0.22047759993408383	1.550882836505837	75.75345465753189	66.66569881344678
0.01640210167815181	0.2596682619038489	3.1442528212400362	75.76127679182133	66.39974657265252
0.049659512645329355	0.26402415556613423	3.115257328968215	74.54690766078194	66.40336240096767
0.04037582350009533	0.16181104231448865	1.4387645770308717	75.79565176115574	66.36964257627793
0.051235954400014765	0.20993722032223452	2.6641677988829215	75.07573654912902	66.26192711604617
0.014759302891100362	0.14507751186365697	1.5556042086103272	76.33676712144502	67.4420244338681
0.04967012536053089	0.137313542702553	1.2937402419196535	74.62980109631273	66.90093509068964
0.023078965990929304	0.3126235164166187	2.2172762534061277	73.42395613841376	66.59847642121643
0.03616743494824076	0.2757386533442975	2.0100497775767203	74.26736392653766	66.5991629060159
0.0516758648362606	0.22460464243211076	1.2816931754393104	73.5941215231357	66.72849212197437
0.06340530838336658	0.26263355112698805	2.1131592124114498	72.70868479832379	66.58958617628312
0.037434480799241686	0.3148626136718099	3.322435177339992	72.46156729284418	66.29544930019603
0.024011703484325242	0.3986299616687531	73.73770104228682
0.028597098923628255	0.20135577066982036	1.5833198249120621	75.28080945161503	66.2250969324799
0.04059414929192828	0.2976925334958516	1.9718338569099672	74.78458836339776	67.35796039017923
0.045547067950405966	0.22532276722477615	2.6835512385289437	75.77551636641961	66.48552054285702
0.05463326472508898	0.26503976697796283	4.235665834348562	75.23726995521187	66.35921252158309
0.02982658300671944	0.2174035011699493	2.2716132292695104	76.05993240738307	66.59327308224293
0.07179235632654862	0.12336282715953335	0.3130222698507265	2.007050622347718	76.90475625705001	73.29247338372912	66.37304809619039
0.05041333633509302	0.34882794194905264	2.4219456368735206	73.58363353985018	66.5749177444122
0.3434570535598757	0.05253643954936773	0.30394870750352043	8.291954841265007	87.41832662968858	73.00096755291236	66.09148536120246
0.054727201576875266	0.2993650146962688	3.3511769996798204	72.59657915999951	66.59612133678435
0.031844810036353	0.2607601397546255	1.2760594363802245	73.28271831522719	66.81256097223182
0.028596313651560408	0.286145800110353	1.8668524981833623	72.99234629192921	66.31664263933509
0.05170168237895566	0.25819072655738257	2.8119421732065617	72.64881999953744	66.48351488972122
0.027911671445335632	0.2782583581200531	3.8381306972304308	75.89150798712156	66.33820328265004
0.015160146744104472	0.22431453073732624	3.2864954468918257	75.9627176842389	66.29102862565598
0.016549533253364813	0.3839699711296149	3.4522011064220997	75.18190704442009	66.25623151313168
0.03591601492913276	0.24136919724401593	3.570922403062737	75.35922506126744	66.51435268991257
0.04799402226217296	0.3132688218308723	1.2813150135046791	73.27733473431616	66.52319196753649
0.04913455432969232	0.4119855044651487	3.4395454642492553	72.95885440411277	66.55794198060244
0.02044495136170741	0.49792159294776284	3.4957307621258042	73.32747596799038	66.27195996795162
0.042069049588002234	0.3483929052494763	2.607628605348031	73.03208366736196	66.48811641708053
0.04013024203392353	0.37334529036824304	6.3458244725767425	72.56712780493375	66.22215099381737
0.10173691386352496	0.18122391973888322	6.755850056468127	73.33667270800008	66.26277736775945
0.07382831577936765	0.3412782019084275	1.6502155566406924	72.65943948242295	67.34266847381923
0.05325108502587028	0.3588856406501793	1.4821084635127246	72.99452849242532	66.98250247647029
0.026465021596486095	0.18155483430949781	2.5050591186099243	75.3792135362884	66.65446836206586
0.020845609825600075	0.2202462076209215	3.3782836475952958	76.39124835147214	66.40997716326812
0.03763511927126361	0.20988272798359983	2.811237608827205	75.05989381142538	66.42509106965615
0.028236450137419676	0.21471333077563104	6.944650730985015	75.88360191016238	66.19588337262573
0.04543989655941955	0.2987682242701673	5.87231300226199	74.97149004577939	66.19588337262573
0.0668145303268706	0.0278907113380217	0.3239025239448349	4.083326947936195	79.97079148437763	73.07762951568546	66.35499538590328
0.039324337174799016	0.3191272124545442	4.574427308014881	72.93626554598515	66.60126850724367
0.03128138245879464	0.2826525611422215	2.3756137621050475	73.05715576447209	66.51421610613787
0.06809110493050667	0.26117938806478447	3.511357598897956	73.09577247347757	66.37501631545808
0.05849678579264098	0.3587162138549743	0.6777267294626204	2.626959600478803	72.52462373883989	67.31904289680166	66.26031699619683
0.04863901442132595	0.4477381434822598	4.149178785945326	72.64442612987754	66.22495503063021
0.054877643792153	0.2511897153177273	3.3207549627995783	73.22905646131193	66.20921029569944
0.15788204141388476	0.03617290666697664	0.2480668424854214	5.657809288304981	85.90696839729482	73.18434548820662	66.34627789623738
0.06431418978132653	0.2845051082615157	5.508249943633219	73.0240819121844	66.31922894653158
0.08117520228725643	0.2785561718902009	5.668763234507165	72.55916697683121	66.16626882775479
0.04676977310650091	0.2306333174707647	2.3034507929685573	73.8577495934339	66.16059074793873
0.038796150115267165	0.18103299337304873	1.5616124024938138	73.41633617008279	66.65488265113763
0.043656222565445296	0.3120097488622886	1.9036124283407436	72.73371682817155	66.7685341737952
0.044284767798465054	0.29577047317037763	4.2042334937542725	73.43909978040001	66.48613710800959
0.03899928487218697	0.29920004811702633	2.905082427855035	73.82916809912462	66.63158066531251
0.06144296154700262	0.460000572546209	1.8822291174247472	72.61879941758362	66.39661251049502
0.06467845203311566	0.3045104744198336	2.7560064694325614	73.29127376408648	66.75491487082897
0.0521417392078179	0.2782416626952179	3.1942035540785785	73.78591880963755	66.3112886986031
0.07075478492506662	0.2526031143622374	3.9697386915479975	73.099010140447	66.29497987816929
0.055043889839184006	0.20202189652495187	4.215066306106481	72.22608436341274	66.57203791138909
0.05072992810981088	0.35768721063931724	2.8121965594643727	73.01329880786619	66.68440945825085
0.023630388594998337	0.11286003659993761	0.31485073200904556	2.5920371973786707	75.81859506465602	73.01719271790034	66.35824646338321
0.07150244093593847	0.1684138473704874	0.6247901381846029	1.9032627922133647	73.25441681279999	68.23300435171289	66.78303397656536
0.018966665472593593	0.06808571471647237	0.4538957040405873	3.9901070683575477	76.58205555932949	73.30205541369816	66.40646704420176
0.04378068366881491	0.3095992357762334	1.8161877428550501	73.4464981152884	66.3849901483733
0.05706488965391746	0.3689583707423021	1.3958985985848942	72.70259616906927	66.54684305908708
0.057679457949256704	0.2537944088900692	2.4946804788529486	75.24952449231718	66.3824326741891
0.0473303778837464	0.2762386657407268	2.5936562531650367	73.40299707547338	66.6612134732379
0.041327599079782174	0.2874675095795681	1.818437496368672	72.9007012619499	66.61849883618156
0.06722166061365631	0.41092443953633456	2.7137648253045654	72.77928376001857	66.29444315663689
0.05017002970408586	0.2752787517235594	2.040151989532651	73.53070398929565	66.52970998458704
0.022004579593430412	0.2936729401426851	4.773274901922867	73.66029557594102	66.24271441044127
0.04389877553028365	0.42027008699913865	2.8777437491327738	73.09489600029362	66.65399800574203
0.04854690728636113	0.2013309230816726	3.791633064064333	75.4433458225158	66.17391117377475
0.01825345806035271	0.19078178107168695	2.0146010813993698	75.27818326567613	66.60383721128686
0.03490577295801244	0.2865139725700511	1.8978623930426142	75.73438513445346	66.68095432151456
0.030880635870043898	0.19870288839418163	3.4546047679939837	75.30017220859324	66.54201014472723
0.028930526811584298	0.2806583258091246	0.7863850802426068	3.20309524201303	75.28357971725873	68.54027485606767	66.35545803453145
0.022765356019493168	0.17801107024539936	0.2228556389043453	1.3459964187646154	75.45421894897817	70.06372259344899	66.56634140751427
0.038105519015221356	0.3263200041026862	2.245235736832201	74.76141488309251	66.54150507664627
0.039674471296093854	0.19520371141489518	1.7429425508847534	76.18322851388407	66.52094950730326
0.026603210381597544	0.18056280450797935	1.4805242021674456	76.29207179924884	66.61179360464374
0.02003872938099624	0.2818632509961485	0.26105965946047915	1.359277000167669	74.95270648728531	73.48356250629521	66.50462206746313
0.04631377350252924	0.1503768752083762	4.809914059010732	77.68100167502793	66.4292625346036
0.027432971240192148	0.17653713390442613	4.534979875737375	75.22210840950865	66.29197266834203
0.03576594780239052	0.19384852917317197	3.896039855181232	76.2456145840227	66.32084694809664
0.03140090016237177	0.17613166111545014	2.4338022010584304	74.5182010794021	66.26411392213438
0.04930515705845869	0.2508094931220511	3.0485994185602334	75.90748272571703	66.42009530601092
0.02796060923967155	0.27738230665177893	2.0186598067598482	75.00539737229565	66.81794528118762
0.050803424625296495	0.20064768103974953	2.6517130123285586	75.9949051832442	66.3349544326112
0.04255650090123547	0.07200121027021375	0.10341136969593948	2.5524180290783285	76.78421267984527	75.1365344008334	66.52562635626246
0.02027398020854467	0.17864082595632358	1.7425954818118066	76.9030155943051	66.53426779103827
0.0526458862296092	0.04493084270117861	0.2619262947560813	3.3738582575693083	80.25419756656395	74.1988041001403	66.38386674987316
0.07293727767223282	0.4922632293347963	3.1325577280849184	72.47720516144817	66.3097056773487
0.0357251735549925	0.2458583896583037	0.9579207730159942	76.07155761139353	66.14546235972723
0.05970250784389807	0.21675490727894065	2.674092144578956	75.57064031210199	66.6877897464594
0.03674317083435661	0.2499955851685352	6.069328702099828	75.11401301960832	66.26933954711726
0.03167559395284051	0.36977119230879885	2.2390248333495917	73.5680961072532	66.19044973318937
0.028768664934745662	0.3222424208334432	2.903106909418333	74.49686592884589	66.58256247327321
0.05107880427312958	0.25494015081313	2.520996293716103	75.65530458864606	66.56655341339288
0.02338024384968163	0.11524511478057363	0.29744045447877937	5.607299868738761	75.78212730851459	72.9858106203167	66.35778139171418
0.07011921692046234	0.24560800726774557	3.7353591824984687	74.55548633021247	66.27044383085376
0.020744435786770182	0.2687974997216731	3.7647312513097413	73.960282964418	66.31707427595178
0.03318780979632026	0.2555908793138517	0.21313273776111838	4.534107818050042	75.20127507093852	68.97343995359539	66.32252724221736
0.031581811850154205	0.23469791885795882	1.7113491751283774	75.18547469227538	66.51993129456694
0.024018130643961418	0.2573074110833854	2.74094915214084	75.08020901414994	66.54733345432305
0.044029396951825804	0.18462258417910968	4.38684477963908	74.57911579474163	66.49975640317379
0.020365191630594675	0.29515270457719933	2.1721302305654913	74.62161569335538	66.64927305077259
0.02267146615958068	0.25237579111073083	3.890007844466224	75.23616574950056	66.17526689066987
0.035817279806299555	0.1906019680492782	3.301458128649073	75.22959993400687	66.46560171374144
0.03496273409554579	0.24237922289947236	1.5884663610878966	75.94670518898114	66.67384881113165
0.02911329685471621	0.28366336085438715	0.7597179132250369	75.9628290719549	66.50634525478091
0.02362620447490857	0.26985533704061415	1.3864054441335687	75.2718323520803	66.49452183321597
0.0223346208580078	0.31797119603265744	2.878461454281815	74.8862233150253	66.5333511304453
0.028431382017587707	0.21175526440860074	0.974375921060138	75.31038078573144	66.85192109425968
0.007886236850803143	0.29347154045209883	2.285509988705617	75.21440381807908	66.73930581506029
0.05648756909601836	0.17831505287686225	2.2117077119854684	75.1451738035488	66.63960984060618
0.04923796478506358	0.35541899937469934	0.9500784609800819	72.67937563111292	67.23643627103625
0.04259564686569077	0.20753544767112714	2.357936212637021	73.71345483955004	66.74253520199763
0.23496523264102048	0.04800072271264559	0.2621240326581964	4.319240686168373	84.63715042488768	73.12203677985866	66.4490084794358
0.13868092803400334	0.04466013375980523	0.2608092036031042	2.0996399382650637	88.99202741944698	75.6973261350675	66.65983388404383
0.7921388833201223	0.01537956556666849	0.24485043394341116	2.7215208695277386	87.98379197928507	75.69665095768019	66.32065455825642
0.40697162981321056	0.036243771281028604	0.24347944896394857	2.959659271800237	88.66655261919553	74.67031838091113	66.55409708932773
0.4246271139259591	0.031026297185707243	0.2682313002257953	2.9679768421313817	89.3648015026192	74.69226310488361	66.5549573579663
0.031083194057085258	0.18098351930112513	2.723757649363002	74.864873748524	66.48106764913224
0.06313292680685939	0.21278306632202068	2.3093724101480095	72.68386889894238	66.53403702164466
0.0607149388915234	0.2889162416029055	2.5260517472985398	72.69282450889757	66.5547992858078
0.06030862562131607	0.23666115219639758	4.644681622167789	74.84861977151505	66.35117480905616
0.03679223794301604	0.2686718431204853	4.390180264499778	75.30638118341636	66.27393062639072
0.040637549721484034	0.27996937972400565	5.049074704911433	74.96442212514577	66.2319545902016
0.02939582536101624	0.19823414167263137	2.4886476252328884	75.8461537867231	66.34627491455305
0.01909816174450734	0.2329423689370098	4.11691234755012	75.22288209113132	66.3881981953975
0.02166350387397124	0.3006183768924165	3.8270756106305654	75.48258562017244	66.50129303922475
0.031289779320980614	0.2694982636892018	2.883686065768302	74.64013751362688	66.35473873375247
0.02327830150157144	0.1745844653590005	0.3539418568761426	0.0754992547952656	4.3333538485883745	74.29759966773841	69.81648200404858	67.8506073750301	66.48218613515756
0.01457684867609483	0.22839484796548157	2.2056825190543594	76.0370489126931	66.62333088697407
0.03262978606237718	0.3634093225580696	2.0214344514528313	76.23510398914645	66.77137082964603
0.03488639405741688	0.1790230707489594	2.330839268415945	75.40019266169826	66.7025022710884
0.0579523500564651	0.24487194776009177	1.6057619351237888	75.32931014293582	66.61666294294147
0.025481023076457207	0.2323129019820633	3.0339580217472064	75.23971854945167	66.32654766813182
0.04236555972436167	0.23366923160980776	1.777063821025347	74.96238165356769	66.91527847013687
0.03173333207545321	0.19769358435828852	1.9481509465902673	75.10928109715653	66.29405224410665
0.012765037693156286	0.1476734301916282	1.4785373767755137	74.97589762539242	66.77381257080671
0.025489671792659	0.02198237976658673	0.20759161315062244	1.7844088473764328	83.72392096326595	75.30022524043784	66.46395014827134
0.0286150060414405	0.23084866947683688	1.6856123232283111	76.17239519977852	66.54135116651885
0.03362230457988274	0.24161706758866874	2.1174135510280365	75.19499007081724	66.55340763330038
0.03294782302488957	0.164017179331329	2.340952041863238	76.1811224761201	66.64162617584265
0.038817202259261954	0.2521059451700099	4.17352222927746	75.99031631657375	66.43086905567394
0.03717526278068766	0.16367119436531594	0.22851752633921626	3.543702371130242	75.97747482160786	72.2535113356774	66.58295629131715
0.015309676177459411	0.2995386095576813	3.1799798468183296	75.16584553480367	66.46311197886266
0.009588298688230787	0.21896071064384692	3.6872840498287616	76.45867983553033	66.40405777812516
0.03807860197853029	0.3933964280637598	4.048281674330142	74.15320594406126	66.39655072427168
0.0481502415778395	0.28684660342380625	5.217303243353418	73.19824568681386	66.44873596050354
0.02638302194899248	0.35436436560009044	3.497357140153914	74.02195343469906	66.62837557145659
0.0444001605892924	0.33390405012915225	0.3874542740416739	1.740002468672127	73.82969184956308	70.32060283112548	66.68265778639778
0.047178206619574635	0.26295527360061494	5.18151541459693	73.59339198115978	66.52930781107163
0.019661033244775354	0.39861274910131866	2.7191070129416834	73.55604714957818	66.4344185453588
0.05520762928592313	0.3378269763156151	4.462889154644292	74.1420920557509	66.37636185913519
0.026159472727811463	0.4416935943981202	1.250917086783644	73.382820456053	66.66095239397761
0.02135295086279724	0.2731157272380357	0.9300205977049374	74.51044253738672	67.15058084975314
0.03610983717921267	0.3830394966717025	1.637193534329673	74.86898907392748	66.50140769136145
0.060932913075777265	0.3325601719133466	1.5252361494967082	74.59169808922725	66.56429018657956
0.03285475356295927	0.22600644952949167	2.3724166708409222	75.8621704904268	66.5092690178139
0.03836268834464878	0.2611212377227627	1.8210914400538711	75.57437843051092	66.54725331963624
0.05882260650105955	0.2283816562641081	2.920445183748248	73.34384440733605	66.32862531305214
0.08294501890295952	0.3664346722106533	5.152101415256999	72.27938759814292	66.25279031631169
0.048143619337017454	0.36571376370110803	2.4726584370308746	72.53899555937154	66.615880851896
0.044376719328081064	0.34140574497106824	5.287910398523745	73.27554854036896	66.33233545719342
0.05102336010763137	0.3706903565045414	3.708634072362837	73.01146887041173	66.46952464645317
0.025021082598315113	0.26786911711609557	3.2096727017300584	72.71753829448598	66.58209833237783
0.05129124198052734	0.2927188270191657	2.6559589414394087	72.35345444645569	66.31490823174036
0.04812624968088106	0.33230386831765296	1.5422527593378836	74.4235280225273	66.72106463648586
0.05676575384946706	0.3645926882272328	1.956516807321894	74.09259037361224	66.60681376596806
0.03291939836630375	0.3097225349411731	1.7570682235404171	75.38448933011482	66.33735376537332
0.0600657221539667	0.24910500812297512	1.9118919466886382	74.50279376286156	66.62160870257496
0.04691650271212595	0.06283229828833575	0.2665863707812272	2.038254161935012	75.48811807863939	73.67137163769212	66.29905809028348
0.06482509348022125	0.23183309807699778	3.204185678847452	74.84696717108265	66.52203878122279
0.059110688403297154	0.2959393517449627	3.5694537011375402	74.52956516894494	66.1891843952872
0.04055321242003739	0.4308175308549025	2.756421758520241	75.0956627253833	66.26410531911671
0.050252041662465566	0.3236257971435371	2.908143788243752	75.43183014574237	66.38636741261891
0.03992317641520278	0.2806728089708098	2.1786295567989926	75.10787972441898	66.33048302009036
0.019840294541450157	0.140753706678344	3.806582927625141	76.02874263507972	66.40636367305234
0.024288613182384924	0.2785663450361574	1.5757300986025222	75.96043949738554	67.14458767953657
0.04181144546746651	0.2474154165144915	2.351469898278704	75.45652357656198	66.798109868445
0.04505304965415671	0.297375046658255	2.5976725508796874	75.18227973846135	66.4914339977801
0.04223676147376933	0.1055455221959417	0.3732265022324435	3.8205730401512046	75.49037592488568	73.18879022997494	66.39519055470974
0.01019053312608475	0.24737738566837814	2.1273930538773658	76.34745742387062	66.54861068302816
0.03776002413511975	0.21015502862147906	3.072155408998846	76.06733021463441	66.2389073732712
0.028626969114895685	0.2548307509357462	2.5642175889661747	75.06399022503263	66.55746630589455
0.04558725470698161	0.26314063239392693	2.9251643998090526	75.3446316521481	66.43352813657802
0.06901264060232164	0.2222181454845797	3.2635228379781	75.45217797946367	66.31401200414653
0.07696542080312513	0.2412823617126887	3.432695948579583	73.20027703535621	66.52563768652206
0.036548409873626786	0.2614809728858829	2.4024390977068584	73.70146335844488	66.48026392073449
0.0584055397230639	0.2446693533652166	3.4215658574274905	73.68841129220567	66.41430749195851
0.03129346897909801	0.2925437418367963	1.8901686025408684	74.36602029162569	66.79762220057589
0.06057294569488088	0.5596041570855929	3.2522474636492222	73.20926700575218	66.36418249049531
0.048902639896103176	0.3062249226955629	1.7877291939164037	73.27352433696166	66.5206706213646
0.030867252188443925	0.26896726957914335	2.4113815555024467	74.99376911524556	66.54529809262615
0.039413619431388054	0.374434452686092	2.8902963070998293	74.46597281492154	66.25715853683809
0.044757616189339496	0.27825242068035194	3.1797403264474426	73.66150014833497	66.2150162900677
0.06495294191938186	0.30339932534434433	1.2561446390375226	73.79793759687352	66.30786790390736
0.04988280914847417	0.39704000550357665	3.3987095258702156	74.2778695393004	66.13988641899952
0.02113015902895021	0.27582002275166023	3.804253032371984	74.96558396920315	66.20344769994344
0.059278499756282514	0.20243361214802555	2.827344214525304	75.26303996467034	66.62993470014369
0.024807879469982662	0.20751530863924036	2.3394788471597203	74.08604847952093	66.50526659470803
0.025122609138567602	0.1641927442316832	4.234656741781818	74.61093266532016	66.4320914026018
0.028820792414908716	0.16092610594610018	3.1281626892288834	74.67174876699443	66.30513042889558
0.05535905435462561	0.46849203442523185	1.2284682960733861	72.71972994603273	66.8243526959065
0.049221414902066475	0.28925873370319855	2.342305720592792	73.3964971559858	66.19513314387211
0.04236925918385822	0.2677149471543144	1.8058636017378642	73.1671148770961	66.60105036857377
0.02105311702219514	0.38549924198854824	2.3936985305528315	74.04199191288056	66.20923355108228
0.028558552406106892	0.2689207251565259	1.9853803311225378	74.48718279135997	66.23164226949154
0.029513572412754454	0.41200064330327035	2.143655092806659	73.81130218928459	66.67022598814822
0.029614716532069756	0.42113495163807385	2.69173290370462	73.8346708228986	66.39401518339864
0.04577711974470105	0.3351153704834513	2.0430409960946374	73.31282853962286	66.58736669995325
0.025409876188761008	0.25735408507138025	6.377583367930684	74.97168240014685	66.15510177446444
0.04967078968866549	0.1711019129645085	0.2352934382750589	1.814010724782693	76.2346858025525	68.54608986934339	66.19964242169738
0.12802272363005354	0.041079760186214724	0.2654667032881057	4.8558726095559575	88.42172368052299	74.90475415796784	66.38861078019248
0.037776473942477955	0.25462980523476	4.077360475697742	73.47222523106186	66.56064956086813
0.03672080403896712	0.36359744043162184	1.5882140528068245	73.17744575977181	66.79059505238179
0.04341114551963985	0.347506446971128	1.8505980554765693	73.54871951256915	67.00956271483872
0.03861414863870481	0.23303594770768146	2.646693155122344	75.33856909580167	66.41547143070727
0.04455456911195675	0.3293598505277264	3.6395178547040827	72.46392211768985	66.21222311302877
0.04034518807120546	0.420418427987912	1.7318395823720558	73.05512782064162	66.57657470431106
0.036671061217341996	0.3243011119243925	2.071652738241626	72.65437762251668	66.4483618626017
0.03668500816328618	0.21551401725513483	5.2122482886313435	72.8603638945336	66.18591766783474
0.04108048082250621	0.34529432031040874	1.607416735334723	72.94935398929034	66.45215465450526
0.035060570708118	0.3324996336456846	5.873981618760019	72.89426908209866	66.15049638415339
0.029375487005659378	0.4014448641076279	2.040039195369941	72.5634450417144	66.62853965684917
0.027827236837433534	0.4651683381412407	3.1799492513738037	72.9475134886749	66.51919819438316
0.026400634194152537	0.34283848828266833	3.520142544581732	73.46785508381494	66.65244351525706
0.03551852850425026	0.39205862176070444	3.434238443640897	72.95283025197084	66.57159185458762
0.035376032143257255	0.21651554288283362	3.1781634137026966	73.3967747613635	66.56218825367314
0.030455768162097274	0.29893091348901335	3.0137476824711986	74.22434921192217	66.312465203932
0.015564607545364255	0.43150970160239976	4.920765916319275	73.58841253248926	66.37256574548952
0.02789186100578801	0.31715021221083495	4.4042017148265975	73.71944261711577	66.19723638358542
0.022731769214162867	0.19513936302542936	1.9355236240659122	75.336991099942	66.37087346332282
0.03313664215713666	0.22592782712184048	1.5036797027025293	75.18508614054832	66.39124741481434
0.015794135526304483	0.19738370693737445	2.068110041955188	75.34725429325526	66.53375290577736
0.023699200687141937	0.39080214130763014	1.674465804099036	74.4178771538737	66.28213393892909
0.015553711312864989	0.28873391742624893	1.5748237422098819	75.35987405919575	66.3322200885627
0.025685160689419596	0.36511354271729785	3.1755760026385325	74.87018319500571	66.39142096792878
0.020253421058147293	0.3035454918459661	5.416303007888128	75.32358501814775	66.17014204938062
0.03672664123141713	0.1889478956691226	2.5868921958174167	76.19704804858496	66.52436489648781
0.0409050711502664	0.17089969494922747	1.8991984489404066	75.35656106319747	66.9762796972062
0.024205936366547425	0.17988531763141788	2.699023746657599	75.94111031438199	66.52812003580514
0.0199344452534324	0.23101664762771335	4.342992293078152	74.58606341458922	66.2951171245101
0.021134486864053278	0.18503840153241613	4.397366066115589	75.40978164459541	66.2987152884548
0.019380554323431904	0.25683899786011183	2.8391782058540276	75.0508670329491	66.51703971766632
0.013896576188953184	0.2333516140094338	3.5296817992975074	76.44362691146976	66.39345318543793
0.021289272296678093	0.22728183189330073	2.3462913742836093	75.91135052334886	66.20524064864163
0.022506963705597332	0.2930523981384565	3.184633798620592	75.17846408541527	66.27944490517682
0.025260092435129507	0.20736253389506454	2.8638725228383466	75.68159418159581	66.19334130704395
0.027031074144118726	0.18543178217470382	3.0868206454191585	75.94361453638972	66.35306317006233
0.027522135739467237	0.15202657467920083	0.30043350042460515	2.802175153794866	76.45750866915924	75.07407007077327	66.43034077559976
0.030825818546187232	0.303132698105084	1.8561688732057604	75.17727827015784	66.32482666225508
0.016532849900313003	0.29292660284244004	2.1808003837623597	75.08032279491032	66.41783893666144
0.034222516290934875	0.23068855338208297	2.6698202798958914	74.86073624776775	66.72949671715396
0.02387504114714936	0.22278913907633052	3.7821195546933515	75.05366319198171	66.30856278168177
0.042561251246599034	0.02649148703936483	0.28149613645746796	2.3883860496607383	85.24655058719662	73.14580296870149	66.14635704175599
0.0667756972388054	0.3098748189901943	2.628661447503902	72.45388971053595	66.51050280711877
0.0549474878897308	0.40427275663109336	3.461403963460429	72.81581124487815	66.36330022447883
0.039993562398079004	0.3044732037624485	3.52920732765444	74.05214869330784	66.44127098432784
0.046548461838216135	0.3890967420321272	4.030853380332341	73.47880162680867	66.13213171632738
0.02348268396419674	0.2524881958505278	2.2540142399366614	74.86223397999723	66.50869325482343
0.02231292801178393	0.43934429949892617	73.77774538425294
0.031901049460793814	0.2506208002305447	1.9885921215790308	73.68821152068018	66.35892287637922
0.03913281302246047	0.29177077635071075	1.371652761918102	74.95588681561189	66.70776038143407
0.0542013984746003	0.23023189718916814	1.9888517786167992	74.7964029595493	66.89650451644538
0.032401484834802555	0.2442672996565472	2.223540137213146	75.21408033669344	66.60001975596737
0.026420007274113675	0.22745765413556115	4.01543676432486	75.52872278622063	66.18957091763195
0.025671442472465934	0.029577199785131028	0.3092218616144537	3.3390680883246215	76.97325959637517	73.85986388035049	66.47980510653593
0.011717160379791394	0.2292126570695759	1.2756125300814414	74.96430239251625	67.02852568181558
0.015297085208231316	0.3076171255829391	1.992673351332842	74.59717496071295	66.26635589133629
0.03318423747190408	0.19369320019826872	2.647699754277487	75.08902744551823	66.9041498492216
0.029576673784508123	0.21850463209949647	4.318425609320502	75.44486718939234	66.13889784461702
0.028146611405395525	0.20740012528382554	1.6749325958540708	74.82802105849515	67.10129497412214
0.031968953757083036	0.232546346952881	3.252775759807533	73.76189888924199	66.52414641007613
0.033337202300993345	0.21641317460326864	5.317130411192577	75.33543112297072	66.52376222982431
0.017055488334957267	0.26313454830751715	1.9368908868386137	75.80767493391193	66.57498694080492
0.05056418477438735	0.2890345146898269	3.063277981273429	75.27875807443293	66.45290897407526
0.042111908643990774	0.2507423777695149	3.5454491131032797	74.30683784904592	66.18646082759962
0.023688211085762082	0.3292881497959346	2.2510783854906236	74.2088669420474	66.3496093716679
0.030197652080268873	0.40821381458044936	3.3994095096300874	73.34918608858163	66.23578387487048
0.029756956344039003	0.2874756736389856	7.3479303132795115	73.07459510124615	66.30034306126412
0.02618077220977895	0.2772865533232509	1.7506402994985544	74.69984776790145	66.61646476889848
0.0352315436597189	0.23611984516852666	0.14982949777360424	3.2340783782376894	74.41380442322178	67.99267430904307	66.69981584740606
0.04292527525686877	0.34215904771775013	3.0003513329735934	74.23010702197008	66.53257251470225
0.040592870618484864	0.16687609585174606	3.6772137745265225	76.94321319179708	66.42227198676183
0.03282002043238116	0.1965838423755435	2.7131770026221744	77.00818937071134	66.15519561651207
0.016293093483737305	0.21932336372918668	3.934408838013562	75.39931256243818	66.48111033550155
0.021281581337616734	0.3154593444773107	0.19889977701423273	2.191963316548302	74.97414659547374	71.1842113501842	66.37220611785371
0.01880420608561551	0.11849822415060175	2.1031875376954807	75.710867092974	66.55509135064888
0.029342339913386244	0.2386317519180901	5.677501352063503	76.32820492986208	66.23323970200465
0.015141057076280074	0.1805800425403384	3.8181036153170456	76.29945916687457	66.57313357338
0.020541100972873056	0.2626688661178003	1.9561514510595428	74.97860866737648	66.45599777009838
0.04762945583803846	0.25593195972823973	0.3765153105237656	1.59177108373017	75.18170028230145	69.45773191797326	66.21317623742758
0.009384656923367977	0.2830391700666339	2.12865470771467	76.50291144441019	66.65407229552818
0.014968251807154581	0.16348510690966267	3.0452528365116827	75.74112069129887	66.39776110823837
0.021672548413117783	0.1755418545347341	1.2001332507362794	76.36639719454627	66.47924863303665
0.02238510180999366	0.2227897541847996	2.1102390942565195	74.99151066746052	66.86867694744035
0.08146118837597136	0.3277669561648712	4.163732012066661	73.156672402709	66.3899399357272
0.028951471796007284	0.22107038687327724	4.344737784716771	73.38310865306899	66.62078130865547
0.027388271112633915	0.3505316097013203	3.213182882157389	73.41221561947022	66.60827438012645
0.039408522072227475	0.28117738908904766	3.856353800747701	73.31353688151064	66.18662908166026
0.02913343244053987	0.4714266743760314	3.0601205278945223	73.23824962833373	66.51956492452972
0.1735371929785884	0.049132097468212	0.2496953732640229	2.6373909441587307	87.14459558350156	74.4840931280959	66.91033271005837
0.07308490988438628	0.24061186319122	4.2672857773690795	72.56477926546329	66.30990548201851
0.04206620064759624	0.34727325062151926	2.8550846293521985	72.7675785887188	66.26533644009578
0.03917760197583792	0.39386249003990104	4.371224865282931	73.20806314725375	66.0998030120442
0.023464407231210727	0.39826975340334403	2.733099430316372	73.1145029753545	66.59318458666586
0.041085659935989144	0.4214196511215066	3.7159900993386183	73.6248919531899	66.33552171266922
0.035936342228046314	0.3585423007536217	2.0686224282562535	73.83126688682678	66.44460061863182
0.018112451886158207	0.20340498486973688	1.616516791872386	75.35192203907559	66.58858802107996
0.021214530896753046	0.3115958272293102	1.9343814222792106	74.34601718048704	66.53958015518027
0.025601937156984514	0.3673323977513099	3.5499700277692106	74.71710262464934	66.34494619450088
0.0666107696729365	0.05036536224906064	0.2600714589264323	4.720088210368788	85.60845631208963	73.54653656417518	66.24949641516318
0.03373713628587057	0.3879017582797054	5.913849573138811	73.02220112260137	66.34716218327385
0.02600532824698013	0.3064808740433514	2.426714755332678	74.09444088035245	66.38634907038083
0.01850139056805322	0.3015621022852392	2.8451179107279247	72.84959065986904	66.41457037355127
0.044171463988808335	0.23094321231633588	3.135747824817806	73.30782643329552	66.58170461610366
0.20760929222719696	0.07104713576951364	0.3212740705338212	2.1470836322815137	86.66101233537256	73.43077778401077	66.543596515234
0.052487098174789124	0.2301498336832344	4.665980992389064	73.29307607708219	66.20725552169789
0.05151919078952668	0.3984081345286382	1.7172504923936116	73.0017387161707	66.75738046280341
0.026909490159218778	0.2483408428069689	3.797126489525899	73.75460232364632	66.51356410142951
0.04149805680109938	0.30780293469944164	1.889853661519667	73.18723560829551	66.54730151561016
0.06285074002803394	0.22004355519117755	2.4360846203591726	73.65659214744376	66.32084262986638
0.033424310216822496	0.2593022354754535	1.4744079005443245	74.11590519039528	66.3027917455537
0.03253091941906696	0.3543657713865728	1.1585240249522937	73.36200941994791	66.56339178749965
0.03869069605044632	0.2713930531035916	3.9004988627586803	73.27983615379914	66.31619398070913
0.01711738683028162	0.25491337211026766	4.112798499293246	73.31716023879092	66.60671131730469
0.03388574446230691	0.40653795539772125	1.9688103940063522	73.2389044060887	66.34368302466017
0.03939559113282881	0.04495813387907432	0.39038268155703426	2.8007807533553652	89.38494522371379	72.56708942975446	66.7557691597746
0.02749617884708408	0.20744602040168483	1.970636020865542	75.15617505663216	67.01510983065549
0.035000249072248794	0.32445284955207676	1.666362701885001	73.48061392264285	66.40330119752888
0.030821389768715974	0.2929374501168481	3.647894720954176	73.93455106942532	66.37518404184435
0.023828945505168172	0.46063652230980734	3.1152330312578416	73.18626588813889	66.28225770261547
0.0664159747367083	0.3241946263826417	4.09923367623414	73.65580486353785	66.24675910404662
0.05068943156824768	0.28405798798632603	2.745636251382901	73.30695756811757	66.55341334274524
0.030437841729645056	0.25857107190634526	1.7527445107330637	75.54230249970647	66.62177741424463
0.026993069154860543	0.2202664630727494	3.882400170343911	74.92127806959843	66.41084000228052
0.03097345844026595	0.275122979029731	5.800807442480043	75.12922857988241	66.20048630242964
0.03731500173862269	0.28103967074374586	4.348487757415472	75.12634112637969	66.52494144584165
0.03499266125873806	0.1933159938139395	3.078203713039739	74.94252767292028	66.59128347397339
0.04984593924235681	0.24364121684811418	3.258084561658519	74.44395556730396	66.29182939650859
0.01288333907084078	0.20560641608353203	1.9397157281287547	75.88628047927979	66.76772790647811
0.03943726478145882	0.2910565539287078	3.6084036748378847	75.88506010987291	66.57251321482698
0.03311915657140669	0.24717221401032186	1.6756119737952968	76.14223286472706	66.56275440800785
0.029856840968889766	0.3082246914106539	1.4164570388209579	75.53657760227273	66.4762666430745
0.012819324724990694	0.2600667871591515	2.9993475683990574	75.07961616422538	66.35931423660443
0.04614597534039154	0.24820466379852926	2.858747954445103	76.25224815448676	66.51518153608549
0.0192334634985505	0.2424649501113039	0.18298242033811113	1.7868947279217788	74.52204122583451	69.95166862318294	67.18228431643303
0.025433538986184896	0.3365740124470483	0.402396031119929	1.4733437584123394	74.50696338456888	73.43740203833782	66.45829505416815
0.025125794773017282	0.19508237633502962	4.14814305718405	73.69163481832095	66.28177458059892
0.020217147918137692	0.18190187310965833	4.362739900976525	77.01510499684072	66.26125529446476
0.02414946042429617	0.20230466770678093	2.161666736747329	76.34650812524332	66.4315078932996
0.018479019245877627	0.2780452015919358	4.839923390068128	74.60699303751237	66.23737045362437
0.02592755593257933	0.3127166589940404	6.877252062878072	73.40966578739265	66.17500593177776
0.07419976805403332	0.22340405404872304	2.8243266258444075	74.02608941095536	66.64411048201556
0.024035051840680846	0.2269690080508016	2.7436099326898207	74.7581227087951	66.25676075478877
0.01245282370354238	0.19973909080627011	2.3564525618667234	74.82073029994189	66.37989286902042
0.03220137557952482	0.34803098319189246	1.4294591642923338	73.2416066103374	66.33587718039195
0.03900459843761709	0.25788360475941835	4.309554754323079	73.22818266051242	66.24124847643624
0.023424884516364913	0.32982487246633035	3.1186777159274883	73.66698878693805	66.16179630720633
0.03097482070964133	0.4918521008602683	0.4521590621294797	1.7510189005517414	72.7376869337911	70.85228977131557	66.40333485000438
0.0346898766678018	0.31532944873670443	2.2878537713675984	73.50810795335136	66.56141761668036
0.03030639562310591	0.1938129736190692	2.027031296657793	75.26956478036213	66.49745571278805
0.04501295450603167	0.28007651270841744	2.8122462625606346	75.07778093646644	66.34144235817656
0.026027343283049415	0.23560462893617032	5.56978431904466	76.16070071743727	66.38599840631643
0.028943312830546634	0.20575488719472904	1.8125825919647969	76.36477963414474	66.34762367502427
0.03559601518844875	0.2536225948193848	4.439492556902871	76.31701855829483	66.45357378427308
0.09839666668058622	0.2620351609571971	3.221258780026918	75.56771441556468	66.50748877013869
0.053961849589225584	0.34783153809988343	2.2966440710004195	75.14361976194473	66.3178652165021
0.058803742493551116	0.19186453571906767	2.9068242079717193	75.17045447895738	66.3398407754232
0.04100691711540604	0.2891735462826522	2.1864222574440575	74.93499972684143	66.59990830025424
0.04298799863476973	0.30457378179220124	1.1623868778612523	73.5926520138609	66.5616290257288
0.027803536586237406	0.3607938212106144	3.1446615909719635	74.10249264242775	66.78690717670594
0.020617147848962115	0.3652836815744425	3.322766332393408	74.66700151293514	66.6602816694351
0.025867466929224692	0.1730952508741545	1.271139386532286	75.84485548187202	66.62611045024863
0.015991923741610153	0.29460590287492544	2.2706773758465624	74.90605990291814	66.61581373847957
0.041784319532097554	0.1969798480744934	2.8444884631562593	75.3478852266178	66.60111232101127
0.032034374391125296	0.26799342533452225	4.81176790514907	75.15543637685482	66.42970777020683
0.03972516666727568	0.2376741147730935	4.696969615213591	74.32262038996949	66.44831911380228
0.01972138324355765	0.2689937075204397	2.850782011654451	74.98149231334376	66.15286860933662
0.020665832155745113	0.15990046472933694	4.0350582626536635	76.18061701824153	66.2375249815333
0.04192268689212875	0.18151034974541697	3.286817312832892	76.16299077596896	66.42759949840638
0.027382115358813477	0.210209035125201	5.118365088727276	75.3451314697684	66.70218807074876
0.017166291480738033	0.3325606153595759	1.940023631366271	75.17781539488821	66.44959439315116
0.02775095167981729	0.30246255584653664	2.7324771350234083	75.32408600376297	66.25523436339024
0.012530182473901757	0.2814028883158331	4.5743339460067025	75.09064193318756	66.29417820785307
0.01412851975153146	0.24606254478359615	1.4260471641263048	75.55269189602978	66.10852908750763
0.03549866793915939	0.24647124778617316	0.30999506915425656	3.708827573560023	74.4873965155481	68.21689728099439	66.37506057056572
0.05147335496219738	0.19475235822236361	2.203456982601439	75.8622478098374	66.75747500005761
0.04381237672355205	0.1767217312538696	1.5795533445534211	75.11824592560494	66.36768333859357
0.038000719910432516	0.40141263769375496	2.3940251745776573	72.36993256811692	66.54479562177134
0.040752660856095274	0.326385640685943	1.7436306117306368	73.45067292704576	66.56952418814802
0.02236272220447617	0.3014058211711081	3.0096434642831023	75.17521936901194	66.50638845931492
0.04981347918534987	0.30631022984839035	1.7836528379260925	73.00948257717327	66.60910906787598
0.03767731450474696	0.34282382281257756	1.3968470028754392	73.87097579762857	66.77363685548596
0.05729101080310143	0.2704808677185136	2.666483735428847	73.02372647485751	66.64291344414072
0.01727525252399502	0.33822169371137517	2.0529465732453986	73.4676112957979	66.30092854052602
0.03942427283116596	0.5282695764862243	4.199138412288799	73.06571613316682	66.3064306403243
0.03827049340708963	0.26020628719157635	4.513934132621338	73.5331546085201	66.30253754778919
0.027596501334629108	0.29297345897398547	4.596020421175236	74.07652323789239	66.28662084327061
0.03514676511665092	0.37327929523777226	2.131455890866523	73.62117394982727	66.57477613134103
0.026564186478087587	0.3730047114957563	6.201157530537598	73.02512619400228	66.15272481191309
0.04426150866971082	0.284475009846531	2.968430705797466	74.41606758597558	66.29057764647271
0.02061797753022624	0.3665068630058968	3.597583942996393	73.80993155668432	66.3860383127106
0.026245229699717897	0.29856214764996847	0.7752804703981901	74.67887990978564	66.60099763971908
0.021152538902639937	0.19009480236187584	2.026811875295064	75.65998727855344	66.88262469615289
0.024618080113336584	0.2135995903738501	3.612975552942217	75.79674881326895	66.4214718037929
0.01572680647495407	0.1905063111827445	3.110320083660304	76.1744381127167	66.52967557034115
0.0404763230288401	0.2214426405214727	1.4718939257842196	75.24943471885177	66.63956138419995
0.06730648811832368	0.20836448909131594	2.2212258402052236	74.78797188082363	66.45852075678967
0.029192652328475968	0.18311341315790672	3.229327217717169	75.73479257492355	66.43799851803347
0.016585707977044752	0.2248810230500101	2.2021671379598695	75.46054976215142	66.44971409291702
0.02288557529537763	0.27994253048740847	5.665032795930263	74.66569062423173	66.2877236443543
0.05045961863214478	0.3089568371314051	4.682075368557622	73.36876853646925	66.15321583857539
0.0279922004102165	0.2744735469650324	2.720615528738057	75.17579530521218	66.53859141110976
0.021701709501072128	0.18569104799617422	1.3668077316689784	75.7419988831502	66.55699918048886
0.04124369501017371	0.2909778785202416	2.356148329558775	73.33702787390969	66.5734605097211
0.03394966594489854	0.334652251486651	4.750908308968444	73.12034598063825	66.37962745926565
0.05225048533682492	0.2701347324187128	1.9514507546772324	73.40752240945383	66.51501527590511
0.03757016932048787	0.31243591016928357	2.146927603491997	72.7776012484579	66.66628959810451
0.05667131661589483	0.3714499367759506	2.5405894469817643	74.02305506041402	66.4396177445272
0.08003352655809946	0.26151678884246843	3.241555845570641	73.19698275096236	66.54481474687304
0.08629206867500262	0.32681263781580827	2.7500388502597213	71.41919041788367	66.36439803554232
0.034671456759673744	0.42600732624156346	4.209321883314496	73.06597306929737	66.17111624204864
0.042177322829922835	0.2818223522677516	4.7819258893725305	74.84178026564082	66.2000537903476
0.04545126078484952	0.303416775902569	2.2894550006436787	72.59873518432629	66.78516112629636
0.05290226456491642	0.33234384792579297	0.13626419378677415	3.1042086165582967	73.08006915433994	69.2037504146537	66.2886821506383
0.04642030787819869	0.1862220108357285	2.391177013787369	75.31693704655588	66.5466739737679
0.02374036379248707	0.23796902679256027	2.5747788496528283	75.50055982840992	66.50676767115776
0.048998772287286024	0.28083493335618137	4.371029180990097	74.10439498058368	66.34452765699764
0.04046125599999353	0.3067930115277745	1.7477155629251546	73.17424129540323	66.71028564503122
0.036625761692861	0.18948775825825653	1.6329786286702295	74.11779355607653	66.5466490624913
0.04965124085784868	0.2919552736596132	4.5009886794102485	74.05361887625581	66.41347126814466
0.044350995587759325	0.48865035306946203	1.227880762381933	72.9069075764791	66.50406257706129
0.01607497156895503	0.0733605213961294	0.21045386079338835	1.3368188066695308	82.63575503172052	73.8101503240158	66.55166050414473
0.04409697386201835	0.2322073108664593	3.290164387007683	75.14049148408904	66.21288606505631
0.05919276985282624	0.5343719165404628	0.24806201941363562	6.863297069438907	72.78668780504242	68.88457986356855	66.21710465814775
0.059473282022194415	0.35468951509620866	1.2356088005725303	72.68795408502584	66.4120788423055
0.04430008148181761	0.24329055319939868	2.9027674339350087	73.88162171234426	66.26409811028809
0.054787347502129026	0.2923687360744293	3.93953613517594	73.74894651161102	66.38780448550298
0.041566499221234725	0.17960311116886618	3.7585955161099442	75.14174843095857	66.23255629323512
0.06250370808334216	0.2766654013236886	4.71536688595383	75.14694950643865	66.2441461651497
0.0583243377201246	0.2757054996761576	4.51475394578162	73.24879925674122	66.58295571146309
0.044772539458219185	0.41850450434217745	4.937650956761131	72.9157606342254	66.27258057576536
0.07706737602554535	0.270659255858316	2.4497405578932283	72.77110589725777	66.35740700494573
0.058267075798896756	0.34660606418863554	1.8923050440186109	72.6375595505619	66.57001477600302
0.05534725016189292	0.2991404475815368	1.3063194300981356	72.68713739936777	66.62712765198155
0.030390408335501586	0.3713027194536052	0.47198098781987735	73.1516348628729	69.98836124222463
0.017362952872331288	0.13042736642574723	0.46969981600794297	2.2700165689091585	74.83821577744654	72.48209327377529	66.12320495735267
0.02598750793811068	0.22362028376597604	2.615545712647607	75.79785011930072	66.41001814054307
0.03525145556217554	0.2007205948029545	2.6099303753810625	75.98756578022568	66.302228042414
0.05143395287265788	0.34124323685191	2.9032759854593575	73.29508925158835	66.53129890273165
0.042258820308916645	0.4420620869787748	5.581028429728324	72.90409674775238	66.3770217970715
0.020003490223583612	0.45553722082442416	5.034024349520051	72.68943598038462	66.28123189627955
0.03280220085736634	0.38235734548991973	3.5491588670704317	72.97635895689544	66.24113284530364
0.05262371082898062	0.4076376773215849	3.9044258217364862	74.27087696447339	66.42708494271457
0.07532952191162137	0.2600715804487641	3.6204737022745803	75.1763758996084	66.43814392351217
0.025055084475926897	0.2321897827858669	1.7782053157521531	75.1371533135506	66.58327719662326
0.04448971146142573	0.23075132540907384	1.8883559685853613	75.1102073856368	66.7311442633367
0.025002257039348504	0.26457499146440283	3.7012661014994137	74.95653348514927	66.20489692245376
0.03531365248208998	0.3069468641667778	3.4339502293342803	74.97091028119533	66.29709044666473
0.03745371868252725	0.266767797347355	1.965123703357427	74.81020323591041	66.52178497453231
0.02322665676845327	0.27726850901518785	3.252817986790614	75.79096361274316	66.20309280265307
0.05347161449719476	0.1828069481270939	1.5907952156353082	75.4546391391904	66.38402229287551
0.017751963855434365	0.23940299627847073	3.205587438780458	75.06141022621988	66.51793202792328
0.029401962869804107	0.03416483732651328	0.21339009234367295	3.037436552171921	88.32607556130418	76.12679334738988	66.26867498461517
0.020629342745175448	0.20516988360796118	2.3724519370947066	75.65636637179749	66.1613038700796
0.022429873928145227	0.2641294602690577	1.4356173405330157	75.95406584489585	66.36552142316226
0.02040418323703132	0.18805699530804418	2.3648850652866953	76.33719375764858	66.32638175182535
0.04028617809729952	0.19655192822578765	1.9764340494895491	75.5225767834439	66.62289605039888
0.06463334123932488	0.44773917734133767	3.741528102104514	72.44412424674964	66.34070820282878
0.08432218306022254	0.4257236014188931	5.140967441331847	72.61092377849688	66.18288471642684
0.058052368349829846	0.28425468811729243	1.5539159183183553	72.94196786043922	66.65499775501868
0.038430952679993996	0.3358124616036121	2.6247938384397242	72.80010996206057	66.34360461751224
0.04231391097309418	0.32487968541872025	1.21648586055967	72.33472661511868	66.7593620524091
0.03777751160221878	0.2979205781913259	2.833874439970755	73.32185784697488	66.47760182582017
0.054947771042239156	0.2874639402297695	5.213840404752217	73.26747453574832	66.20997409511679
0.03496949713667961	0.3670444391274496	6.442364069423729	72.77554702564686	66.15299033892008
0.04398362075384663	0.22882445716678024	1.8585610671344108	73.43113795033258	66.56641802086045
0.02492181270377821	0.2078597863937188	2.296692700141551	75.89488589346455	66.32924327862948
0.025749267019543047	0.23524064124223612	2.023238461241882	74.973907932193	66.74182416462924
0.029447489622277168	0.18573105501623413	5.869766258100105	74.82013173767064	66.29857374210238
0.0305573014394971	0.2518097479702797	3.1418460901422494	75.1869098460906	66.667040737895
0.017043744048651884	0.25563181386685585	3.1760546117412805	75.29137258364068	66.51330925052879
0.05835011347321823	0.4158640704846181	0.14522881031169632	2.648939484141204	73.23558221899971	70.35735383356663	66.65676467910143
0.02670087025865602	0.2617662062510668	1.8944067452300504	74.84784748918126	66.51571296362808
0.03361333678962421	0.1899622876934608	6.8200652842586145	76.13115566404714	66.13663260100685
0.03498295728423974	0.19455754085585167	7.642212203053595	75.29463367269192	66.27318799250699
0.05303403271384771	0.2561175088474472	3.179015045153195	73.31256039223486	66.23515168460165
0.023624434707882603	0.34413430079932994	1.8440000606113716	72.28676843718539	66.60775685084306
0.02161685040047565	0.31629979551917975	2.5438957645109386	73.86762755769065	66.14410471647028
0.04304075277701133	0.2357560661371407	3.39690333932885	74.26767587255729	66.63115248631401
0.018009303795302106	0.2075723075050957	4.567544840176754	75.39329373719286	66.32275598137778
0.035269303867341506	0.3992934682037937	2.457582125114087	74.62984010041332	66.25144686153422
0.030444356706400614	0.24729296853964855	1.1605318404132026	75.62018444716662	66.67089316571081
0.06145795892570725	0.185139299092542	3.421012237385152	75.57139597151964	66.65195773340186
0.037880384691697605	0.16017401432749112	3.852028631893661	76.8264498319532	66.37018705703746
0.019542361771597194	0.23108098103884203	1.3715479062724054	76.04537828961597	67.24473869585917
0.016263035465185312	0.19021844599626653	0.4273071559064768	1.7207164297432953	75.5948539746127	70.80874655200742	66.50269493744887
0.016725193976711707	0.2507402028471851	1.3428908034779214	75.92457150120758	66.7759119516217
0.03091483288403158	0.2744940738685187	1.8321306462426443	73.8462282027183	66.8161751877928
0.039907430152857803	0.036417742793220916	0.4033158569199692	2.8154492526459993	80.60188282201489	73.06830909792556	66.31077139201676
0.023706020700591933	0.34268308048717644	3.6878519746434684	75.30075422108014	66.27428473470036
0.02631272595679589	0.28585654246559383	1.8900887992528612	75.76599920064083	66.54764078837421
0.027538368141964722	0.14479291070143038	5.990106532001887	76.16170872520193	66.25508173685249
0.020803079459649015	0.25708868587471667	2.2125799587093167	75.0681938243383	66.59664898560956
0.027893402843193197	0.2895036259418399	0.779902652265405	3.104190498916353	74.79126334347542	67.99039180095915	66.63777361012282
0.028824215430173824	0.3021477619224682	5.908014054279625	75.55579927984348	66.35640067508916
0.015466766846461323	0.2763690185409031	5.50720417077735	75.35535205780636	66.2734420533683
0.029873203699913548	0.22242400408604487	2.193446238646682	72.60378759303441	66.58371763805175
0.04677381527290812	0.32969210427756035	2.395877826590965	73.65749313149976	66.71917644726464
0.04485166935520317	0.34533734931632487	2.6800020321529807	73.3461659889985	66.73770006947112
0.03472275231261457	0.3070246976024	1.97222737131334	73.31731649968722	66.67621147483841
0.024228645257755373	0.2527426332832803	1.331693531970063	73.92280098364567	66.432998017787
0.04595899112117532	0.28529350526825176	1.913306762420464	72.3948977750956	66.7159821637684
0.02589105190188232	0.08624181247552584	0.35602904209934844	1.8929384244608212	74.14877371352951	73.14838382189393	66.2062188479812
0.028041169465721875	0.31478965848774504	4.221881178130974	73.01216292771329	66.42416680620205
0.054594396103980695	0.37808762832188597	3.201172847438706	73.45051693704326	66.45649765506275
0.03398622805694343	0.11030990294943946	0.2390680442766146	1.5095606091975964	76.68534481051437	73.12736598898277	66.48060764849605
0.01830057053677358	0.16706765744197413	0.8414202174230999	75.78075923642166	66.93250881197011
0.016528595956211242	0.2011319272166538	0.9526923343129453	75.43729979807492	66.57273891153758
0.015593145974059714	0.10530857481310407	1.3209825621098066	75.10228643606673	66.8677555919878
0.01451313207339742	0.18623489925480144	2.2822766964584598	76.04683418908894	66.50773941880392
0.04453303024363752	0.3001220916008034	3.5060614091860725	74.82086641961968	66.48581077936801
0.018385775014331647	0.22575803660674357	1.7422542705902395	74.88634366768974	66.38681908764241
0.03733449601128862	0.2738922350693595	4.175369493832431	73.18780334828354	66.21335519193968
0.0456593467064121	0.2589499079005975	2.13661692969265	73.57337115162161	66.70838017941261
0.03797867881690196	0.19242889432535182	3.4682097259222138	76.06815699379807	66.55915468884344
0.032926138315233645	0.16526127577753927	2.768244625588886	75.82940884263513	66.63955279191289
0.041466124361325456	0.02627282660128498	0.2102820254891452	1.7999400071083191	86.94103265974084	76.25959098841305	67.1107903356843
0.05773478705723392	0.3261802704506884	2.52657879421705	72.72068760356856	66.58832962198979
0.026069742717056768	0.3647057136229129	2.5074929219675237	73.74508245730662	66.54073636850559
0.0214549027154229	0.3552636156274847	0.8374579029511974	6.918006111126033	73.39378183783137	67.88007131274334	66.2753456128914
0.03569380478269331	0.48315111171764535	3.2460167493932133	72.72263353064754	66.65890570704315
0.04286179991909638	0.08894376097895489	0.37760865647937075	1.909517729204392	77.44041801401698	72.72023752113066	66.43252763712998
0.06374887336519035	0.33354523726996815	2.339736573731549	73.19889777395768	66.33919279489652
0.04523550307198096	0.24194868291607277	4.3423062286553655	72.89057123936244	66.47046260479567
0.027272134767829796	0.26074410034214585	2.6895243189565345	72.9887592165174	66.80030214397686
0.031061941661634042	0.44009735308519055	0.15293812562038125	5.546593910683937	72.4425988312309	68.0498446760253	66.1460646282012
0.05162082807090383	0.30261830529704503	8.93572916499649	73.22366188518937	66.3049925869241
0.048735535852263076	0.45780768683042905	0.33834192202407026	2.492209245784687	72.88659831086586	70.2791421677593	66.44644772845962
0.04200884377775484	0.4416303013252276	1.83498906286929	73.09148756088449	66.59668029999625
0.04666400519363882	0.09636913866082357	0.28979789348316887	1.6660038844806597	76.60241229041743	72.4964571413623	66.65009337820699
0.037333162714331514	0.27307799150611917	3.5447663836190038	73.46469746715877	66.32401804645191
0.025241577342352425	0.29220658638047325	4.1540973439352555	73.64817280977432	66.32791963439406
0.057412481879679324	0.4766209780205532	5.272180814556043	72.90872721700596	66.1637815346915
0.045091851639385255	0.18635082148763085	2.49580151478971	76.60608473405728	66.56988446587775
0.026772245832679304	0.39609405418036586	2.363798118268781	73.15905261545211	66.54380179492348
0.055981841668223786	0.2688067969987852	5.651375983116465	73.09145959676545	66.17379054133299
0.05114465243572838	0.23247179396627696	2.1297145043233328	73.43569598226223	66.54739202651781
0.03174853018554278	0.30127213417943977	3.2000515942822556	72.57187388768759	66.4287689939894
0.03335843573548736	0.21611924730735965	3.868024782313458	73.08373357397522	66.26643869576536
0.04459573281785199	0.24625752067643586	2.953633113499164	74.20979824956912	66.37915651836013
0.03723826985754034	0.4740547874921929	0.24163157571094304	2.331523223124337	72.30757166534279	68.39253966350915	66.31384869719611
0.02300439576079468	0.45763881730039097	1.3611965708581513	72.40833758485712	66.34480052005813
0.038197784131484155	0.04823094228796274	0.35185810452199023	2.2866363668790193	85.33731781146948	72.9097754156007	66.3223602308595
0.032786866971512105	0.30875276659041484	3.1929156391149873	73.65460017656181	66.43879647040447
0.01671654695794611	0.268023114514815	4.347149349066525	75.07646439152388	66.30195625043979
0.012524956703090525	0.20358248678830548	3.3201164321512477	75.91925475015464	66.17681058634018
0.01793391181538572	0.23428235481549506	2.952895975015709	75.42630492879881	66.48074351312653
0.03563998254049404	0.23432829592930923	0.31562719601566297	1.8102684663994746	74.96717065855297	71.75600602721457	66.40087889324406
0.0822304125516003	0.2681691242248862	3.9396000244391143	73.2408685598235	66.34819110830254
0.0449789166403735	0.24008055367606457	3.86240278070216	74.37753944957475	66.36358822262227
0.06207397982179737	0.4537174170290611	2.3145403153914055	73.3850335279284	66.63400819351247
0.04219147531655959	0.18796256769977193	0.6966122600228632	75.37840296534908	66.95721947061976
0.038960980042958844	0.2059078880198506	2.4787620896963323	75.70592981887955	67.22769549097816
0.03712405289234809	0.19829859391497287	4.404213138148018	74.62687387625827	66.26055406187224
0.015926679393294115	0.18280148276828628	5.540014156150755	76.57749296399936	66.10729895616936
0.012194256475227159	0.23878524429905862	0.36743375567511244	7.981678136126701	75.37341662891197	72.39407489791901	66.46395462163585
0.01565329902503537	0.39513753164448495	4.362217562990761	74.50857678659227	66.45148653000376
0.038416414609361106	0.24867038158342392	3.045901802509766	75.17380497080697	66.13950615614688
0.03903942586170397	0.21180762205781373	5.644842900574209	74.93946027917194	66.26642176546687
0.022952783734132468	0.28197308251720093	3.155133746075275	75.65585941258303	66.56933748978996
0.018582641434349623	0.18251701245527702	1.8499934193056828	76.06693525009916	66.50842786656766
0.05139180343171482	0.16237872836845277	0.33814280212848935	2.7078829534758966	75.56604787352579	72.59095704298505	66.64098081594929
0.03204080816150079	0.24387340841555308	2.2496343709048623	76.21084181488428	66.56882362687435
0.016555361351733616	0.17979256412158282	2.1293424227526394	76.6693111857398	66.56674606666465
0.061972638846675455	0.027006390151366612	0.2664397189945113	4.318565206770206	83.07404897330221	75.2628299556874	66.18005800660856
0.021415282230190062	0.20657169073326526	2.878608778302397	75.25917656515374	66.45545033104517
0.060814765821303914	0.2493231607358658	1.8799669003243509	72.53928623639416	66.63339321399783
0.03005630309165804	0.3226950530800562	2.9651389699475708	73.6526601902602	66.53610749154507
0.02282552403844345	0.3087453633347272	2.2467300238642767	73.93678186461638	66.41558484068614
0.036144383932842555	0.28735860291442084	4.473335087391975	73.11279538904914	66.37903117073745
0.08918049574904063	0.5213896670139347	3.604059790404	72.57145570858371	66.42719142291679
0.01973035494552662	0.31069896183218415	4.0331041851581935	73.47295753102574	66.51798299180058
0.05627301348333889	0.34654890254615534	5.7801001463500326	74.0205076458993	66.16883994467491
0.03023187180108845	0.33502332831750453	2.9888589861867185	73.03837111337084	66.57237404047501
0.029022192713911883	0.08507470010459718	0.3106670053008269	0.3409057125524209	2.2373375682442553	78.34581282746032	74.7391318485409	70.99246020040783	66.41069174967514
0.044525815064995165	0.2769864099429204	2.3946847305798533	73.35403255441358	66.30616412207465
0.04667985698862131	0.21950943608918275	3.3736011914723467	72.89794970589656	66.41141792819276
0.048153516959742494	0.31488981962747203	2.9900662777458584	73.24278107155733	66.49837059603554
0.03867690229284168	0.3852764217149098	2.751326813716354	72.44156008167784	66.66898779181176
0.04139972096438996	0.3789042802730858	3.8390017609384666	72.59140757881607	66.22719587554289
0.06006078153044794	0.34663601170557323	1.6535722917998963	72.51424506023898	66.90816673853807
0.036517320710453896	0.20903948928379845	2.555846039203527	75.02934963583095	66.4422789641645
0.05232592565269549	0.20340251681028	5.37553299758416	76.66831180990903	66.27080996310447
0.062420597230144065	0.15655488557294628	1.4564006996348589	78.09719220788126	66.78803573259192
0.05404003438141812	0.2134655136439737	0.2557369505593353	1.6667227920847796	76.42740076667262	68.40543457961309	66.73394191652145
0.04427657854556366	0.24560196379441399	3.4955060093627335	74.28052364038057	66.21922707194094
0.042777811627597355	0.33864548585412535	5.591663140414484	74.30460917196044	66.3920093151018
0.04066350653044474	0.3381632288279738	2.5583649858635833	74.52221479457081	66.43877006500934
0.029849470549866784	0.33942044689011425	4.528689999978592	74.40389020436866	66.21836475567751
0.11023598075306563	0.04128285127641402	0.26363905181843655	2.296772381699439	87.5937044392723	74.253038557195	66.52923424296345
0.0201640549706989	0.19968637436769313	2.598143144426978	75.12730431544705	66.63010389965801
0.035753054247360604	0.25491063551554294	1.7658620585241878	73.44945392130359	66.73603333266877
0.0710375681826348	0.2911528698299406	1.157511205235624	73.5081807893393	66.27538622926296
0.04545560787247023	0.35680672818589154	1.3139968592184994	73.5931272627103	66.57093121016725
0.07157608959079703	0.3530048223656107	1.6644088133895938	72.3213768445173	66.62730403908974
0.05806228859435491	0.3293753015323043	3.065224209242977	74.68749994651826	66.49939017370265
0.0490520905613721	0.36198446161073183	3.3012313827462303	73.43326999848489	66.26361506387373
0.06560910456530122	0.49448038327358346	1.4841816323409405	72.36928747113673	66.91185633667956
0.0700496501035583	0.5679957502184906	2.672056026840764	72.64306183342887	66.4433182213577
0.03472389804969582	0.1991628302030402	0.2275210510271795	3.0861293138676618	73.99057171385049	68.36269697168211	66.41223270334332
0.03172144683833207	0.34891958876691065	3.072233235319093	73.7390978584063	66.5932159406495
0.05119550549236453	0.3439219021624214	2.274510127508452	73.35101837928451	66.39538826776379
0.0444246802477999	0.3524014608493451	1.2563403703550262	72.69404924017584	66.58781816915749
0.022994312881551723	0.20236907612825644	3.036907871841701	75.27113785197054	66.35685418624122
0.022882148167972596	0.2318393682427529	2.086543224419079	75.32355227214312	66.48259558670229
0.04291655237791255	0.21970307644191198	2.656896807486681	75.25551161647408	66.53404161584949
0.01699176956164742	0.31816296705101615	2.431061634515662	75.58058749502399	66.32990735440625
0.014699265183470141	0.1694726801397771	2.323139908074034	75.8278060860385	66.56451840532526
0.011622866676724143	0.21006870686756843	3.4646142496119965	76.81395593757459	66.34333004267916
0.025194199041589423	0.2578074861222106	3.4029322332718563	74.90213575822855	66.57360111975179
0.02372947184024057	0.2991616271959772	3.0907755168350155	73.92733936490444	66.33224210999501
0.035738762922859046	0.28766749558121585	2.037991094353169	73.44661618466148	66.54420565462463
0.028253450196479967	0.46590008603909183	0.46049344078540083	0.10725056323989444	1.9525047558675004	73.480421745908	71.29135062694431	69.91490100801315	66.54828616215806
0.4420379894609561	0.007328668906343826	0.16794306087512256	0.3095439202812748	1.7835152525539242	87.8699282357	81.69223403950049	72.83676545683619	66.54966459015785
0.047371053454785116	0.4329132649972811	72.8534296962606
0.05914887020303386	0.3234534971131023	72.8917332895644
0.027037075463899402	0.3226651582649592	6.546356591278615	72.39260076272538	66.28150332318329
0.04197084682789025	0.4533248949424846	4.463043234410264	72.70967542592614	66.24949089084728
0.04039515049188557	0.3564270047541494	5.055440387331684	73.49345069197773	66.26067407731108
0.01835368702162405	0.3281779956563559	2.7206645599445944	73.83169598572428	66.39257215265023
0.0169870304354778	0.2544657614330716	1.4184154052046265	74.41708724716001	66.87841562896337
0.05833310987866667	0.27516735062196357	3.4081465277635656	72.95660905281217	66.3142345037401
0.02195130082416016	0.1966883750914395	2.7110411783432706	74.99946444307538	66.68168496838106
0.04591440850168176	0.19946697372151276	3.936363629195078	73.74221921246088	66.45915433996342
0.0608696645179073	0.18390764462033712	2.652365239196895	74.8719400598086	66.35960017575759
0.014977724041883383	0.157047891795322	2.5546918071103524	75.14176620911385	66.45665631544584
0.02652059635014682	0.24541676437325946	2.8719163049730647	75.72029241543348	66.55767027091056
0.020677368932135138	0.306458833444238	1.840138955612062	74.97156800701543	66.58045752369841
0.04387620194370767	0.1745211908721733	0.6460448239065044	1.9500783512894957	76.1684785215498	67.99562054770936	66.23007079322296
0.02904127401488399	0.23060447510840915	2.691454578925	75.6541569330141	66.53557905815985
0.04502549545438252	0.3786491324606521	2.4511214357745157	72.639283008067	66.55245349764147
0.08187551122420103	0.19661238707924705	0.15631476074626557	5.539798123558428	75.83068615876032	67.45771533252028	66.24421335796075
0.037134851689975816	0.18149224205547346	2.879659370596384	75.03239152761019	66.3035387836528
0.032059671451888525	0.13691233878413478	6.757623321273902	76.81540108399587	66.24448019618931
0.07489964160904386	0.1853339352487999	2.571170653333817	75.60296982848358	66.48382149301344
0.01353712803788488	0.15050371697691342	2.221205022526038	76.10935422296716	66.44909687999004
0.023971345946508144	0.2128164740895758	2.2798869316132735	76.30960957386843	66.2617787350275
0.02954270834253397	0.18112416618228647	1.7253880474997887	75.00568681701023	66.55677722899264
0.020272194019226586	0.16052771345830566	2.2850007501389533	75.59422220191155	66.67387160987813
0.023157329261002158	0.2951189161222812	1.79618247964782	75.09271644426352	66.54761584099401
0.03658044407848538	0.18971601850266498	1.9226939314138138	75.7183988885054	66.32564544723894
0.031217377564253208	0.31326036601161344	3.7448981633320853	74.76469396064442	66.40973201671676
0.01427805254140537	0.2539839281715939	0.14531559834704608	4.214464875288605	74.91939616192484	69.19764172492894	66.20852762640551
0.05793148467043863	0.20360807990078247	3.190696306532826	75.27743767824946	66.32678889670984
0.03689967787011267	0.25284111550310157	1.9770862021591153	76.27102359235178	66.63550085453785
0.04863467635284222	0.21980104019937508	3.863856028517155	75.17381469777597	66.23400396907175
0.01995890927676443	0.24537503023996649	2.9045997165041624	74.43812189253153	66.36256299081377
0.02553075994324112	0.2453755613797759	2.3315812747191886	75.32586306627861	66.46495960454001
0.046535156553374826	0.23922261230661496	2.676862323951679	73.29706801633748	66.19361586167447
0.03341108451431137	0.23795288311161597	3.750992685490635	75.08134061002497	66.34835890765595
0.04165389152245802	0.2022777664590218	0.38099840324783224	2.333582395069818	75.81283114978173	70.71718254935807	66.42832171536853
0.015470330800353873	0.2286564474350057	3.0094337686672894	76.20308251124946	66.31341575763608
0.046849587879638985	0.15581729473399428	2.881277736542564	75.84328045590405	66.46374811741528
0.02451153957305297	0.2537302424677681	3.1901849789755166	74.35310421768611	66.48745787816034
0.026148988863738586	0.4185241361833453	2.386735477574838	73.73355693420487	66.16399222222536
0.03370128573435575	0.4126718419316544	3.1069815587931697	73.12257148119207	66.12436415567363
0.0343990995629908	0.26313375320520144	4.853384292365879	74.60761333228184	66.47811953271189
0.027773667401147215	0.21547309494878322	1.494255083316113	75.08645528892995	66.35424986162778
0.019175720631342888	0.23640863232772127	2.090329759448903	75.52487945662403	66.79619624215896
0.031885508262336666	0.23316353412091687	1.5442521102140307	75.02929695350323	66.3980741740178
0.019414431610502377	0.1678432500281844	4.7971512049146945	75.8922425862466	66.28517180625813
0.017129708770475087	0.2187663306069344	3.2710687968753427	75.12508064844202	66.63368336814104
0.0348759113395378	0.2420201930518334	4.111629090395331	75.13185575529194	66.31275051086361
0.027729345085747495	0.2685034396252964	3.4360113887897445	74.9336042303372	66.27030127876917
0.04524475612459894	0.3236662010146876	2.926021228805661	73.1177568418494	66.4857637343736
0.020322489019543574	0.3159772734538996	2.8246452099026116	73.90421196193644	66.5147813419506
0.019534573734665436	0.5074260315128684	2.6428099588467338	72.99287247658347	66.2374947758027
0.03217584822322809	0.49160636562021043	4.812008439674687	72.66020219590384	66.38872529476397
0.03856208364385644	0.5279246177991669	4.508230131773439	72.47026835765871	66.19552238658713
0.0038835244183648174	0.0320177760705384	0.38926975144222375	2.4232698954029215	84.52160570817851	73.24829870660386	66.5344024347029
0.05231390335773699	0.298787120621132	2.632041933100816	73.05497106077496	66.60300552682575
0.04628985782745371	0.3093228826138512	2.861219330393607	73.27688657691661	66.43824333000423
0.0458098547551684	0.4077336760430856	1.6335227063661069	73.08515905604189	66.34390539141943
0.03272787949166778	0.2984454560440637	3.320264053485671	74.25634385065581	66.38708113910191
0.026703325115665713	0.2685682681945471	1.5024099998225877	73.72813332323497	66.77923320541808
0.02721584864130077	0.27489086149439496	3.6770465750330033	73.73421760916251	66.27129405367747
0.018982232324758562	0.32191920789525375	3.4430351200503173	74.24543670176975	66.33249978521872
0.04065144312664709	0.4033472575346771	2.703974781743521	73.83111657633499	66.17992158028102
0.01681322420833516	0.3032431185478995	3.8843319496250484	72.80459605884144	66.11530561839669
0.03621908543821823	0.44020350196095115	5.1064552580680695	72.71543319813475	66.18223146193799
0.026956054471638163	0.3697938711108549	2.646933827818907	73.81298702251806	66.65817796108965
0.0237348640651926	0.3180399207222625	6.963606333967142	72.82982178414933	66.19313790059088
0.022714800106616934	0.48152363635825873	6.654195095457062	72.97941362301502	66.39017743393848
0.021490010822914556	0.37585037292882206	4.798165816822216	72.69666941225736	66.56307499594199
0.03468674916189188	0.213309034885772	3.852218257780878	73.66048759688684	66.40134757333102
0.04898574557414194	0.31437605884167424	0.16804660411141514	2.579624463276256	72.8864975680347	68.06869432403485	66.46714960119922
0.05425815008213806	0.36799853022033746	3.3945788765223037	72.71115705313366	66.29449655068403
0.03345322833800546	0.26502675591677255	0.7425246814879229	4.121566726457803	72.70923150655092	67.6982872304046	66.17780629782912
0.015025066790876737	0.15043833026820255	2.501646966861365	76.16398732277129	66.50804982769536
0.022618601708602994	0.2088263672950503	2.133242990013281	75.40182403970387	66.37816989664228
0.030732974086368242	0.24751074316744662	1.599498889198541	75.47581859707249	66.44190851847709
0.026605434503264098	0.3384335472531886	2.2349244678070845	75.41329078717489	66.54792369578612
0.02324065358866091	0.2338179043113234	2.6011086267203254	74.77645496254256	66.61130495351273
0.03728727411057663	0.1815724904979604	1.7981222599768236	74.85773076505723	66.59437617294053
0.0366079764602369	0.21317190274956907	2.4198071963877594	75.95483327235381	66.5807169031741
0.035620226249349636	0.05665971246802908	0.18301171392322	0.1746330736631883	2.982077331412152	76.69406308112215	75.4947062240988	70.96635597076022	66.33420693892916
0.012108622371921488	0.28488352604490613	2.1077449053139587	74.91666618504006	66.331396989132
0.013243527220124762	0.17614090992198006	1.7262109280738736	75.89726764615764	66.30181966469483
0.01886013641906337	0.18509790462792902	2.3069478077906895	76.29210688735033	66.47646819724535
0.01483352268066613	0.1938863686805465	3.5584265682880574	75.26027550716819	66.20527378569032
0.03327813367366098	0.16418437841371894	5.756255170033958	74.81197460683256	66.15162496572053
0.026877684417034538	0.3453697162238526	2.8481989227187983	75.15684775028043	66.15115730411951
0.022801879411414365	0.1766655932877127	3.7156999067333927	74.58925094521341	66.36516068931127
0.018827113967345564	0.3136539585808018	2.3894066393218223	74.56146937126915	66.53007171338355
0.014458304151364702	0.234938618284236	0.9511074038595665	75.88103034402857	66.58282182316978
0.025932556042244936	0.2634124630804356	4.850857197856733	74.88329218203738	66.5145976260177
0.01563870447557357	0.21577195268205182	5.596568668052521	75.34014883488945	66.41298367203986
0.008738991211789414	0.24185318017230167	2.1272903177732565	76.01579682204223	66.55257034950527
0.017104792733640913	0.2583410521911557	2.4833072634614846	75.21082107169279	66.3457063995887
0.017916563518765496	0.2265042018388154	2.5708459715251237	75.31288419107747	66.4986583087961
0.019940400711768305	0.2386672676833638	2.6302367625241487	75.13443969405122	66.4994933437762
0.016737764255213124	0.3236300870446648	0.7779233148899888	74.8411274907922	66.41918340815846
0.020216975422441615	0.35763517087517566	0.12037979950104721	1.9571166235472022	73.73810466033372	69.53923409888276	66.90743905202419
0.01848614940726657	0.36656644865802523	2.306805972958812	73.72748502494035	66.71715995598781
0.03618085940584956	0.3699498786432956	0.3443289264169337	4.468166559995367	72.83191354493545	69.57993855909616	66.54229361743995
0.025457595631646963	0.453549760430236	72.80817858864224
0.029234441093719036	0.2951192663707556	2.3367601969288616	73.37145758187961	66.55117899773313
0.027866803665438134	0.2690813498060809	1.4045433608359297	74.09308152041875	66.67813071553745
0.021076682332197963	0.46958630405794716	0.8500924705509904	73.7251526766973	66.86230789434302
0.028164501726307124	0.3566046502601135	0.9858080258906368	73.7358513267789	67.58662971625202
0.040752970374520324	0.24087210913707027	3.7087656091549617	73.82185767759118	66.36608588019236
0.03083455095332638	0.2675591229821949	7.2830751979761725	73.37000768085568	66.22733866015214
0.03070423038799721	0.2494027941415374	3.211381098336923	74.45941003245055	66.11089752353493
0.009647994713610424	0.03290154766998049	0.2674141117063809	1.7698034066411437	79.86526691906471	73.82525166052876	66.37788647111394
0.034918409972666445	0.26433076357570545	2.8267689735437096	73.89382859132785	66.36400048927445
0.03692174431819028	0.38898710595914937	3.8414028386359096	74.76638026934977	66.28599275359993
0.022865059070959214	0.32944001911213067	3.1960810079102155	73.52409894888453	66.4759023992016
0.03028707917063359	0.2599905381164866	2.1605036611782276	75.12089708810426	66.87505426191464
0.0242089638975847	0.46518896997078407	1.8633487039271937	73.21267351046369	66.46726215428754
0.03796702906408581	0.44012918691488695	3.2730414223058024	72.56988199205475	66.263577747277
0.025729440396917817	0.33634835728606427	3.9537426937920506	72.57614863643848	66.35590686605262
0.023293896276582265	0.38865752880154697	2.952611642363719	73.59324129424853	66.25001995403292
0.042273328618668865	0.24669119335812942	0.710573485132043	3.9355028166746036	73.19237686917376	67.38674839178607	66.28249472234724
0.040992068451906706	0.374350875949884	3.3897212554109815	72.29735348795492	66.33195263201358
0.019525961914048377	0.3343129443734642	1.8014252043242767	72.78737855384335	66.86516423464457
0.036474603047798176	0.28563960957578616	5.421801261262882	74.07670964876084	66.39310300560133
0.021359372126226846	0.21667700918499358	1.2452482603332267	75.28282250702159	66.6839422053816
0.033170077667104114	0.3140298904539791	0.8564329712981097	73.52710550444385	67.22315435581541
0.01988565920458894	0.15194921514549908	2.2134380039683057	75.35711514530969	66.51552356021956
0.04189333940097823	0.27563356912130815	2.1771405669861306	75.1183818031782	66.86360442084664
0.06509107646764768	0.1959173087456577	3.4302373917116658	72.95118696151371	66.68242891933632
0.03744869083232003	0.3243902779443486	2.562935861936756	72.87686540287743	66.61774521354246
0.025226072631487056	0.2438033473394978	2.3123820343615584	73.31402415875613	66.43987259288953
0.013039265836073741	0.42798648253418153	3.41138497974961	73.26629314243061	66.34839295754581
0.016485996306878345	0.27569257185330404	4.3654188593807035	73.23023166497873	66.30398388412846
0.048964093350894626	0.4983148126727748	3.409976298245773	73.36867705661535	66.1987238968272
0.03673956269632017	0.29619647703013785	2.0672718897464684	73.61880241762769	66.56228112289853
0.04365675879175347	0.2628884965519639	2.8238843680889274	74.53488838902118	66.62581720272054
0.03819211711136966	0.30584138947329587	3.3648243919807137	73.246389213987	66.3917282782959
0.0418612317900733	0.27114046637311134	1.2851132884559893	73.85965651776765	66.5267171679355
0.018019179592026698	0.3790061963032287	1.3421774239748436	74.47249161666865	66.45754822723174
0.03256584759607253	0.2602933613922815	4.573913775080163	73.71880269158227	66.21362907522246
0.02440369534044974	0.20444660888151844	6.308289990074178	74.62647774975456	66.22717625764356
0.025383761948616478	0.4107250464754023	2.6870213442507884	73.94698931853863	66.39873757699887
0.02918443167964989	0.27027229954558935	1.9016204664687417	75.04042310249554	66.8584299112977
0.05501819233594803	0.028132185457462423	0.22203996087769404	2.283951997684153	83.24600642242697	75.58614858676616	66.63524169972676
0.01849978292717892	0.1965866552886616	2.589005670899192	76.31837593434062	66.60025882074265
0.023954754652726697	0.13439934411837773	2.4857372489769256	75.54781367581839	66.63786157664559
0.025744895049166376	0.32381814763124933	3.7011676531874635	74.74032852162973	66.51658309977074
0.03566678543669027	0.26344900759558687	3.714442540947115	75.4444631561172	66.5732540913735
0.04310650715785634	0.42466351716454176	1.6221002477735327	73.57284255789767	66.54614897970846
0.07228895261815668	0.4642939446875663	2.1405132753484324	72.60101630166011	66.67741311106515
0.045813406463386025	0.30014663946537173	3.4968843616312903	73.87697576823501	66.59576897655407
0.20168977461408405	0.019398746411143645	0.2029136439034736	1.8809992865696068	87.1755957377274	76.0227390410165	66.4903262299285
0.051174015994685136	0.32899116995984323	4.406552935632989	73.32013600118829	66.62860289242876
0.03765317954383036	0.3907715073003657	1.589960121857361	73.49418596210113	66.59038981963539
0.027607237732882244	0.303811126473841	3.3025361164675107	73.65576892182486	66.35609982389163
0.049592808661774845	0.23568703123596627	3.1631050474650153	73.84603267131249	66.44737403585492
0.034878881337993384	0.29832714910027636	3.8428294350858048	73.84193650465521	66.63766611278179
0.043608540847404884	0.18893256429517935	1.9491015204185769	74.33262459348431	66.5357478376984
0.05552664691096647	0.2798814914393978	2.5855935560108274	75.42262457260058	66.26783762487126
0.04662985656776969	0.20327529909949105	1.7497422852390139	73.71205764310383	66.66164187653031
0.0506307000170787	0.1994784455144714	2.225733201695708	75.21547185755266	66.37285320482057
0.0332805138938624	0.2753805309416317	0.24872461992778971	1.435366796097759	74.40350758254176	70.02891055640278	66.45550011987464
0.01784750611572384	0.25723117652579003	2.0586614302050217	75.63388207201203	66.38580609795629
0.026979478768821147	0.3433223005801578	2.9406502709137414	75.01203370465767	66.42780858358842
0.04239433375363671	0.03252783999065331	0.23626285179419929	2.2275302598350075	87.63038259175337	74.1256725462675	66.46985458724376
0.026077791522964616	0.204563039256763	2.773262623066709	73.7931693181673	66.33688510349256
0.03892055203527739	0.36853232188006485	2.6341769500800822	75.126700044848	66.30616432563772
0.015045249358060514	0.26295226875983646	4.297804912225506	74.0219580327639	66.42539835085657
0.016451219697910097	0.08122372092471845	0.3370143253784899	1.9412754414597166	76.69116821339804	73.4855022766425	66.56291477875952
0.03529028212543233	0.22176870000131088	2.372899441002348	75.37880008058906	66.26220148075512
0.03906943968845704	0.26313889847214583	1.5809058633599467	76.33287020519668	66.56858109623468
0.03904965484687423	0.21179085407874357	2.2652484830879422	75.36090419325741	66.35372164387911
0.020705535684054012	0.16639093988752812	4.478820880702183	75.13145799244913	66.28256516612223
0.03314613732899871	0.26719008480584366	2.908239166239714	75.3572677355942	66.37339884159698
0.027264887026043457	0.2954966099362444	1.8504249863993818	75.31143636689143	66.34863773082171
0.019650687720373556	0.2196075006609348	0.4901273196145364	0.2632807519475177	3.3376919559593348	74.92788385770304	71.41641340925355	67.78792910827184	66.29166213824709
0.04848921430867835	0.2084206175567	2.5844665450966486	74.57408518023199	66.61903203162862
0.019727540013029357	0.041314892474368765	0.22422201121676996	2.0455488974156797	78.49592749108963	75.21473922750914	66.70124697495837
0.010355419299898179	0.2522098937797155	1.0862063336887968	74.94848062443837	67.77400547858632
0.03146356915240466	0.29422099315981726	1.622646778440246	74.70193804219821	66.16546900880054
0.028980715109207335	0.2151845687716485	2.688706583007008	76.32489269630078	66.69584504609826
0.030626552533086895	0.25176488085066895	1.7652102931721343	76.07365375127142	66.45735344540901
0.02924605377769175	0.25141252199695163	1.5118250794775883	74.95215407091999	66.55237204062136
0.01190173016895042	0.2494436246404433	1.9926361632076846	75.87089743732801	66.63241227173239
0.016226373687281404	0.1832224583782177	3.828047489068453	76.56136046086587	66.3513675336309
0.02332296892783683	0.21421093133185387	2.7551613105136585	76.39534114926548	66.40725552891627
0.017563845860606175	0.1432162089995355	3.528236056610724	76.4483852551211	66.21365949957513
0.011498112767437953	0.21650280871888403	2.2286167066919345	76.5271740750058	66.53299539505373
0.02004257717128527	0.2608719116641982	8.712811604052446	75.60647445715117	66.15597145920651
0.028431218682557203	0.33353627306765515	2.389260827786915	74.96816489153005	66.16330552749105
0.02717850642082939	0.23553268206729988	4.690413718057064	74.95487558473644	66.43276706218253
0.04405647339058128	0.20093148686108878	2.199025771778165	75.20213681362239	66.57663720924391
0.031580091801930686	0.1841477061566312	3.2237937370333736	74.7040435730206	66.34903066421286
0.037117227801539907	0.2460079736921063	7.297586312858762	75.03058699210861	66.1517748769244
0.01900691453983369	0.21482290517672253	1.3847835354341347	76.39255411986093	66.59237422559725
0.03732442661189769	0.19328435989143486	4.143884062173986	75.80446624515831	66.21738052205585
