0.16591869185339464
0.2628006103616939	0.05431481047420602	81.58224406898346
0.4989231815995708	0.08659977515996621	81.98740880594521
0.5264099534576259	0.06622106976458439	82.50957084133194
0.8571189725666435	0.0781418895815923	82.25372462763163
0.7725210200051429	0.06792480171146524	82.47409435170857
0.5206943939009321	0.0809831571825919	81.9194659511616
0.5418556241511746	0.06160220293198251	82.08285136310475
0.8679399429522768	0.038530943035184374	82.46453860391006
0.5253093297908558	0.07928324292141312	82.30574371971159
0.442493606137883	0.07645528114934658	82.4622775655823
0.5404348714953179	0.07335570495689264	0.11139569706634811	82.82468280410993	70.05717072497144
1.749294464290102	0.3451444947047334	0.059804034504076925	87.85751035678199	81.88908060433452
0.6039157106319071	0.06993013464553426	82.36215401635334
0.5756422050042469	0.06597514930204	82.41564106864583
0.5440440022154642	0.05879138422799543	82.26958160802563
0.49414152501496517	0.09507409124903951	82.79859116031535
0.6624564242972003	0.05996005063662048	82.94920607487789
0.4076989502310755	0.08498194618535258	83.48260242234939
0.606071976778611	0.07213715201892204	83.43052806361865
0.8480139015056197	0.07203374987804043	83.64792539987464
1.281523117944754	0.10683824130834106	83.94263036259541
0.7034049345573181	0.08401578804018982	84.18088410527828
0.6342488536885238	0.10356879537728102	82.4454219415306
0.44859355825274955	0.0621893858623275	82.66390410870667
0.5718129113621552	0.06215412988006354	0.24024310178153538	82.35679876772572	70.5757033163265
0.40871657986421034	0.02314915479808894	0.10739146176126291	82.23930192044793	73.26681236929117
0.3886593376176233	0.05123658090800779	0.384914158280915	81.44968322395636	70.50034440738035
0.42533439334596873	0.02225665009186266	0.17768059247483634	82.4395962857478	72.70539043314328
0.388066195202548	0.05356187268354002	83.05898533900285
0.6749097599533093	0.07267614186956471	83.1286324269511
0.4624307951940342	0.06547332953277953	82.67166564806598
0.6534322896421193	0.03748385888278508	0.4610084669016614	82.24754293134937	70.95441995617823
0.6735837731265626	0.09466874921526933	0.43760084745585176	83.03330914826753	70.2940288977598
0.46064628905735744	0.042917504255212506	0.26687802103945113	82.28714594843127	70.89130389467324
0.6886132393414213	0.047422877218574015	0.2955967566261404	82.45299081860317	71.2033099059535
0.6036589845256344	0.03505814177212058	0.16359414755711005	82.52755106273982	71.36017898481225
0.4032612223339408	0.05439728514083694	82.65231419132496
0.5110759783542574	0.15083541853081991	0.048364928083801134	0.3626875373736855	82.98974459520875	81.36586257681766	70.64394798262283
0.4329286230145447	0.06924060510255951	82.70614517301928
0.37532612985055197	0.04111431785233459	0.11786155826130316	81.96622280902918	68.05535513929574
0.4755231502541345	0.04123406211389978	0.3339919253760486	82.24989859971426	67.7413627081436
0.41219767024769327	0.06336014398289753	0.2811036849032976	81.92247176240161	71.00811633431651
0.5574644433105196	0.05024936542375165	82.31385664131636
0.6815471761830281	0.06820607050248562	0.1714317794969937	82.44272946978613	70.53310183816515
0.7575109622781849	0.07906321565908939	0.28932348040016403	82.53429852997547	70.98716642554086
0.4818075063005231	0.050556195678098624	82.38189279341654
0.2255512465795929	0.34464320138627735	0.019070017638460036	0.13825048405961263	87.96308781987052	81.66717580573949	72.71500881118344
0.4644849698166336	0.05349359709533959	82.90117645665646
0.4628572723914992	0.017026217989833153	0.06955959357922416	81.64327476256524	78.89872665430883
0.679864711043336	0.06506222398344877	82.21747957271107
0.5742325619337373	0.08916887040026156	0.5456456039033064	82.66248971402997	66.92606435469204
0.4510127230234199	0.06612571970319187	1.1158796883840734	82.81279195313238	66.99862848010312
0.5494237930722714	0.07469137846451364	1.5120862846681504	83.80252751218897	67.00950746453053
1.1886685308788554	0.62116267736714	0.06656866600292918	0.7739713727728749	87.17462360773803	83.44248148796108	66.59749804625766
0.7704013771696803	0.06736238592095378	0.706603664203055	84.01913165802782	66.62458486096826
0.5444430059121796	0.07321692218950719	84.39657487550008
0.5739166605460025	0.08345319821902732	84.17489775207079
0.7356584165218426	0.08474673906999222	86.04549244108769
0.5720369945616498	0.09332948751677372	85.6780635269846
0.7900215223759046	0.19506182959029456	0.10458055358326	0.9389858457912335	89.72620795745672	83.39080587096792	66.82582956901965
0.5984484873718916	0.07324791388542555	0.49768977969627237	84.43684158928302	67.7957281956248
0.41842900002149686	0.068090075847822	0.5910861506282373	83.79807498588964	66.89572978863795
0.3043051727228681	0.07221293292659776	0.5207512661582987	81.34336980299175	67.11060832378384
0.45363017579916604	0.06759324900219009	0.5494495037089008	81.66489273496157	66.80734224556143
0.4577531751652695	0.03968387202832653	0.31060367172788467	82.34206817379547	70.17353860988968
0.5555397851257546	0.07082444158202998	0.17083222234556594	81.82101633836143	70.35725783097729
0.6725985912249498	0.05249480213843948	82.17872733561501
0.5385518853231798	0.026948106261008388	0.07829933110762613	82.35581665284711	67.80783929983974
0.882073121790636	0.03612180458761845	0.4834982249787569	82.82057965961425	66.83725577088754
0.6216459822544599	0.08212419438824936	0.3478208811330834	82.44024862311949	66.60322104870419
0.6818790911163225	0.059315457960611884	0.6563993447944149	82.45668265142776	66.6648599553286
0.5982283570845325	0.05400578069917759	0.20951706932364864	81.72957395559754	66.99109734580259
0.32978113988757024	0.07981874443425716	81.65590847063665
1.0780234621190967	0.044941351829709056	0.08088016519905529	82.80436859672261	77.57307790685705
0.9786532297231257	0.06131739679522543	82.73716731093027
0.7404830338364189	0.03415560870553213	82.42376081723177
0.6146591184952113	0.055359474241926124	82.21212522986306
0.9563859002304337	0.06729072995102454	83.1511346321139
0.7398055935832949	0.08177208228388512	82.69429270095384
0.5169571060083437	0.052902908495675575	82.87479711311367
0.5933815357664896	0.05763682780740601	83.33988191980934
0.4888666033754541	0.06125844719213948	82.35881133430487
0.4581431693898059	0.060950976408655384	82.51453782384016
0.22180933102178343	0.42698539137913466	0.06043743946595646	86.49212893976967	82.53633943502068
0.28000397231846674	0.06744474141474441	0.12253342915206343	82.71293446900759	70.77378044657546
0.43078352895600497	0.122973264169741	82.82986424433996
0.4493251159729919	0.08434138240193038	0.18889548744034904	82.03898851144601	69.410794972035
0.295898627343272	0.07985869713489681	82.09751398578135
0.427806687393021	0.08758669935234156	82.59637595196901
0.34924043313006803	0.07776334390423495	82.79263388006815
0.3967883791338785	0.05687121226034485	82.42281743643056
0.3980623627981291	0.06424381517244986	82.38104149404298
0.3702353699833619	0.07917709956399846	0.4094452439774951	81.91420827511068	67.93459152121906
0.46482673899290383	0.029300092135836064	0.09727269799764195	82.64640148050702	74.42162450308209
0.7826172323202519	0.2545935682449306	0.07381733807208485	88.22676670243591	81.20563829779181
0.3053845791847449	0.08129300718792147	0.5586136587539742	82.20724567776536	66.91790083683291
0.7632372145654179	0.06040647847856534	0.5676766734477849	82.89390871841941	66.60170201420097
0.579026302255604	0.04832518034499795	83.26243574624091
0.44106279095285916	0.03828303860018622	0.08809801943515377	82.83006095969742	73.91504582908637
0.5259506475391502	0.060699298636615905	82.53325793877049
1.0654268359506018	0.037102232097702796	0.06979225637286911	83.0978584670973	74.85080760245188
0.4679306306037184	0.08255355423500103	82.22326993056919
1.180158514647957	0.3149824349449046	0.08527704833440154	86.90852339704591	81.81383672745022
0.3334162673000174	0.08973531808125847	81.78891302084668
0.8093271841116839	0.024575257275334675	0.13567619168607079	83.10888615547768	72.93839834381409
0.7219986612174751	0.0747190242085957	0.09691164865853776	82.96330357071798	69.00634460311281
0.860539378304006	0.0606661958333291	0.09400811467567252	82.6109533805637	68.81781892670452
0.6035308312380261	0.03669053256698594	0.3025554203221667	82.52255582911476	68.58770204702589
0.7309625141201529	0.06985150110347012	82.37279620780554
0.5301065094395215	0.0613022731661307	81.96672275364547
0.695752506259599	0.05999423638147572	0.2510997144583736	82.24525278257619	69.82446492906035
0.6461458942475916	0.0861759208319862	82.28708219026566
0.5332783319983336	0.702372334491529	0.06913852844470617	85.09058818397857	82.25597037493733
0.909278292454676	0.08592919125869045	82.68520431290946
0.5238533199654498	0.2481287563032722	0.04969730473185841	83.65237862117397	81.4370927780286
0.6070711498890369	1.2615903814877178	0.08745308447710731	85.5012917002307	83.53340773100975
0.3179069588816933	1.5878804486106497	0.06887427004376716	84.7446568423764	83.2526039037615
0.6093458567338804	0.28488342300068853	1.7804410137057316	0.09222937130208564	86.81171988263311	85.39538859555611	83.31123351676885
1.1851838087975843	0.5449447373398956	0.06965295911819645	85.57718282051441	82.76883159765624
0.8847101241922236	0.0665960503729767	82.79882335218309
0.47605094210947574	0.07575793983262956	0.15573253446935262	82.57160007610996	68.9086561388965
0.41766702490389246	0.022497954662891798	0.09242792413380882	82.14173049967104	76.99368584502116
0.772459801825357	0.01508306202500527	0.08356679814010767	82.89876461005454	78.17821499425973
0.6032008093518314	0.006391082879685911	0.04628436894487683	82.7598778973807	79.85362416330288
0.7689854099710404	0.013963491251805205	0.06194741804119934	0.364099907472734	82.29133396998527	77.95161870997282	67.83086630179504
0.4688667384272356	0.03793858345727929	0.8373334959529749	82.37025272459054	66.56502313830181
0.5116137884500658	0.06273471208051369	0.6260963636176005	83.45184680535613	66.83257710584338
0.4471663703229247	0.7718280505668824	0.04764125011342448	0.5598753924883487	86.07198589686087	84.42418808439746	66.6891794011142
0.7724709438757381	0.08387408637240057	85.18594001885822
0.5622364778773384	0.07515762344213417	0.2554619693277127	84.8617891669184	70.85839713608627
0.6846182079379732	0.08132895085275803	84.72950067852223
0.7382875135083751	0.615912053937162	0.07234489331075429	88.22302675691903	84.76530686301263
1.2847118991787112	0.09384468422778802	86.31237424733294
1.228201807547306	0.07290085587526651	0.38764413423539873	85.21316141464715	70.84697642676996
0.6681877355163672	0.06956090676104354	84.57110183035891
0.72833082518877	0.06698844171872703	86.16270572556778
0.47958698418472645	0.09695545826391955	83.95549631300088
0.3706016470475323	0.41319785087833505	0.116008818337587	87.52572755682984	82.49589993958848
0.5104921554980112	0.09581321457465977	82.96438147247869
0.8484711718840574	0.05560776206114831	83.27555589259384
0.59046711066942	0.05049071063364646	83.1875235654129
0.590488620052069	0.025123892661395524	0.0869135308077075	83.56149766658984	77.00134192333074
0.45208937095635443	0.05446986326617813	82.80208112362605
0.4639771040214258	0.07366622188100444	83.96728590100533
0.7591004205412922	0.08773993086534417	84.4999967392365
0.4835075360878731	0.08996655352951266	83.07643222668328
0.44935504085511974	0.043866763726864114	0.3584151400496617	82.7304616827133	70.14909720401549
0.6157747038296706	0.027334124689197135	0.10228189789499209	82.44554083233754	78.76519392294277
0.18348269109582002	0.21489641206702623	0.7840017179502137	0.1874151178462697	0.04442002697080137	0.11930117083244574	89.48470328262937	85.92887516326645	83.71243927676898	81.6830851504977	73.6997107785254
0.07396400099591345	0.564488288044049	0.07776719856440703	0.11193518114939228	0.26599313804529345	88.44284398886126	83.0461604531955	72.86419453762824	67.18246453852221
0.07448405485935397	0.76933881404842	0.05122832438409503	86.42769984111858	82.25704160355555
0.6341332683236326	0.06375660901427066	82.50829624744988
0.6284198284225321	0.02240036272852106	0.09530980563872132	82.58674788079799	76.21874345474868
0.8145222977087557	0.07391366923361023	84.01601075954085
0.554630557847426	0.06223007441597393	84.14234922475897
0.4974027636737003	0.07726192630135792	82.68476780443893
0.5662796692909227	0.09051077049815609	82.12466365663703
1.0489167583041576	0.06341740396015276	82.85451649100197
0.4906910893741428	0.052087254647380093	0.23108082713953554	82.5933331771047	70.41115405721064
0.6266881158158322	0.10959378241531278	0.4332086655701666	82.73808317620346	67.41486123984757
0.4210863886045254	0.08280224012888397	0.9107170652186424	82.36137944584948	66.72326787206974
0.6697577771964107	0.061437314987201064	0.661981589313635	82.66296487825281	66.99560519714134
0.37226505840850427	0.050824374489068194	0.3393667909617604	82.77147162754346	66.69256526960797
0.3218820092661906	0.07254621968493556	0.6880011309825448	82.02268734356815	67.29155648408889
0.866427547992152	0.36569561968488795	0.0671220330798956	0.6909264879266508	87.9215735551348	81.75146357077489	66.8906419506535
0.5154635274870403	0.40748781578617893	0.07529260165552977	0.6086056285965081	88.3807729350565	82.22546776259146	66.7084177670963
0.39168590980143675	0.06081176150843623	0.39398211008932216	82.28653312856973	66.95653627025511
0.37212515206884506	0.05743203531544456	0.3258782673723327	83.01220627679156	66.96180451957962
0.4438593910350694	0.0603844638633879	0.04905859744931524	81.84140451118944	80.73232605915594
0.3296879008542203	0.08991450033152035	81.93328669337335
0.46625837039257717	0.098044335036961	82.01295699691585
0.6402680385419748	0.1080833633468678	81.67361036999193
0.739273391737672	0.10599108844218717	82.93867839324645
0.618560246316338	0.1022420425685569	83.1904132555542
0.35017611335822246	0.05158292334344566	82.4524460063947
0.752100273150881	0.09722873134424631	82.42132847080805
0.7221533581011563	0.05522404748697304	0.856053873535346	81.99343008953558	66.55449396954785
0.47062973041989725	0.07554614849885405	82.37447143575383
0.7102679402131954	0.08715404688143877	82.3272884209875
0.46290798319224014	0.06728619183024433	0.23337432001653807	82.93478115387073	68.00007051673124
0.46505867646413307	0.0953864060522359	82.63399908521838
0.7412973664465733	0.08614951335261818	82.40506054525447
0.786826142110512	0.05396824902527989	82.8877155421548
0.8091598295128878	0.0719159738287482	82.3566457259206
0.6477180936871525	0.07231467099259721	81.77082311825895
0.7145093095235232	0.6031652747932585	0.07288922357894931	86.24382347760445	82.90133385102685
0.9820620543892584	0.0863159256159102	82.5003420917668
0.7287644301553096	0.06393836959008893	0.6092504742188023	82.4143785190356	66.94263931718956
0.5329271619950918	0.0736577099935216	1.1722950951448634	82.4499001694498	66.15093848263528
0.29705237265920553	0.04671759657149359	0.17143934966880944	81.24453663417627	69.95102713716626
0.5384285572973262	0.08623436083555215	0.2636317719825468	82.88829226512244	67.82913572558384
0.9173351158170899	0.05254038252849913	0.23955133943836587	82.68258620041641	70.41912654636792
1.2307776682270457	0.08607235633700074	82.6751076939079
0.40835549514010483	0.05595222878225758	81.92770400091035
0.18469360955715253	0.8239622909607155	0.07924025985908971	85.81275315235503	82.42929946570307
0.38151208319124397	0.07528749944723662	82.53351569979257
0.4211185542273308	0.08806793445672215	82.2233587425719
0.5719832828210887	0.08560058297240436	82.56337123252443
0.5653963044254776	0.9050329970425965	0.08510026073734576	84.74235281144281	82.69717836871042
0.44817317032358395	0.0546507247711714	0.14457453978929155	82.6782085289642	68.4085691385173
0.6569652580543989	0.043659855189975734	82.35197741182796
0.7676847420143135	0.08347744845499513	82.91822127080988
0.5334591670439188	0.7617303139579523	0.03317732398233317	83.73099263728697	82.42740486306194
0.2812015725700664	0.08720036800141348	82.36796612041579
0.35982330127532114	0.39742758810095524	0.08664903893408274	85.19383545350573	81.87453308941502
0.3632967869548491	0.06307439201513011	0.20175896723166376	82.22263939940719	67.48422898172998
0.4737616944212046	0.08260232236734188	82.36574032289317
0.5303999574073885	0.06686431112322866	82.35221756818444
0.6819519549569003	0.06787696501101147	0.1658848139742604	82.40242535339189	70.09570603369646
0.5573349708577475	0.04716027181738334	0.20911004329708385	82.41367315746206	70.79742311248911
0.4593900623891085	0.06628434836055383	82.90205548127096
0.6718418804952606	0.8801449847733616	0.08716197642374017	85.75492274881626	82.94970659494612
0.5886308957684641	0.08842413370547905	82.86057969141245
0.8868852754405302	0.07925438729428576	82.66807623951865
0.732513528002204	0.080692417825817	82.25730331805305
0.4618027107137009	1.3657082965967702	0.042109097882885096	0.1257364459762901	84.88136658348381	82.50204897229324	76.492851653325
0.4589624362177662	0.07603590390201602	81.51510673952343
1.4333439120915514	1.7745295626870716	0.9529197739846099	0.0803309505002965	87.21759858325271	85.90627950617362	82.21246121759663
0.9434690178453596	0.062038572018539774	82.22670293935832
0.9055475111850854	0.09644696811525888	82.53957087990759
0.29800398573379	0.07193440238754227	81.07347224963695
0.5571284984731844	0.0849601919577096	82.70127091348763
0.8766673279600354	0.12236592690699535	82.84837465134305
0.5568627079007856	0.10425659835277995	83.00407935069815
0.4042266897475388	0.07802778107357593	82.97170969074264
0.5058457351641382	0.081846496898325	83.50749746218433
0.8239344400337817	0.6371364144451243	0.07174976415301883	0.45345198657500196	86.15510819653268	83.38452588273972	67.03334003065329
0.6871119200811227	0.06509305958335561	0.4821265370516369	83.28101580540572	66.91600616116354
0.5496855558255083	0.0637274256129987	0.36849541415339043	83.07437859608854	68.11434529215029
0.35773615724834906	0.05828549059185829	0.33573747929755443	82.91379839958014	70.19287831221295
0.45610974504509105	0.07242780218636663	0.6212906295133553	83.51343751357706	66.3921590816633
0.44610341724038033	0.06060235297704119	0.4021955074013837	83.41579559133187	66.8964159949479
0.6962064064427725	0.08350145642663241	0.619227929992964	83.68412465231239	67.52004744833046
0.5052204905571532	0.08683485390382735	0.8011636925758868	83.13425191482278	67.07440319895271
0.20986745150818548	0.4557605676785147	0.06116037969702105	1.0882892541091669	88.89471307739784	81.89447825668907	67.09908302206219
0.8786472990161147	0.06345927515219212	0.6734173051257778	82.72740263766953	67.82971880685766
0.6339082999925406	0.04876890933648009	82.50823746046605
0.7972481269027899	0.08787842254165641	82.44022976243932
0.3186764582869617	0.06399461022742993	82.48996212521047
0.5616378829355868	0.4744230344379524	0.08296332383903747	86.232095617561	81.97996389961767
0.5217271877198402	0.9710190426982787	0.1534478937841329	0.059376930809510425	0.5170068639050394	86.60016758305623	83.82159235785558	82.37191343257031	66.70217072270898
0.09443367844438125	0.7238941185405416	0.06507276322131801	0.5233008381669515	89.38073254297092	83.26909725067148	66.61283469411752
0.6751579766471937	0.05760141738421818	1.1786040687580401	83.36839558119951	66.56876853102166
0.7694534215062148	0.05624917767560771	1.6978793800067282	83.61607803010617	66.71003539352948
0.8965332463697694	0.057634046377122584	0.8324142001422412	83.99981811738552	66.70652157596948
0.47550286120943547	0.05499560763500132	0.845895883340591	83.0718470452992	67.87828078433883
0.49060909575148876	0.06338613708109715	1.3714110860668367	82.51796124667472	66.64420701531436
0.5971548335944233	0.5419956343477523	0.13552730411876732	0.4470008417742738	86.84381705895325	81.79893702435106	67.33578276719582
0.4430750643368028	0.07801132925226917	1.7574876141700613	82.30707009860357	66.66652956238782
0.8758346351070806	0.049615682656346756	0.9333544968749434	83.32015422384072	66.9741955991236
0.8693081737492996	0.211680735065407	0.07559974502691302	0.6243465523430796	83.67267778287525	81.47797942678764	66.98218823186978
0.3412536582335952	0.11960498573153398	84.70489374778404
0.37306845818106255	0.08044580028342987	83.64265633147035
0.3895953975363413	0.06908484627587357	81.80124703763401
0.23659564649404802	0.06361624756532346	0.12698778647993864	80.90114126408753	70.55342422906459
0.3657559679129169	0.07276112611879042	83.6954030562896
0.46318200832910994	0.11630725538279572	82.62269217298105
0.3666756879144907	0.09458982107566492	82.82671483499912
0.6744284815071462	0.09358158947439334	84.61771778753545
0.4237783643722565	0.06144880514579292	0.3636001584815857	82.18486980761938	66.77620319840676
0.5070440178826104	0.059706711768174735	82.98384049691978
0.4999487139553117	0.05377930642952898	0.8764570065119182	82.67575693055547	66.94987021174764
0.9251399575899248	0.0707761481327688	0.6024803007944545	82.72812950213671	66.78068357577276
0.9744943080880075	0.8815510729806374	0.07597024854088384	0.13964864730314247	89.74832560922151	82.18730892798955	67.43396555975045
0.5750863352936953	0.12243255492550051	82.44880181349667
0.5062987188854646	0.07904751287454191	82.45644418296936
1.0245951369059465	0.08744665631688776	82.84891332395854
0.5113066748104512	2.081083495018075	0.0723783043876431	83.65005289776755	82.5702246366599
0.8367290443645082	0.0740669429736537	83.29957108336525
0.6132491638923616	0.058070449528805815	82.76853626518829
0.49369958940998054	0.05532474861431382	82.45797156152034
0.9273167007681578	0.07956596443439828	82.75346684320549
0.5246565936815418	0.05996518953172585	83.36453056357877
0.5050282469811124	0.06784093383774394	84.35801166665397
0.7054786867353865	0.22475951982189876	0.06069898520329897	0.48192539673324647	84.32722030821668	82.72050242433679	66.79758128671341
0.632496058238223	0.07110783338614919	0.34688968554700156	84.21913873902876	68.83594774834856
0.9951475661258219	0.05272176885506843	0.2915317448581067	83.66447700570599	68.91891276215078
0.763838092529585	0.051308700682260296	83.5996385747692
0.8002199908462991	0.06654912616689444	82.85379118127973
0.7367060619679688	0.050310883628536945	83.27682159562234
0.7280009423444548	0.049228679681788075	0.27563309375792094	82.82033149299556	68.24654595373448
0.8369558414994251	0.03571510749334203	0.308010243383321	82.5961838000873	70.3103536600889
0.2621679615800536	1.7590207653906103	0.06835974712537658	83.6569042729911	82.57692338023237
0.26530131606449514	0.7091126761051877	0.04416863407987197	85.47753586510605	82.69298756646056
0.7008063706575778	0.06644330553669839	82.06024339309278
0.6609674554643742	0.06079026806165377	82.45121498598292
0.4048684867467035	0.074077454603305	81.8308751069302
0.43402596862809323	0.046651354984405084	82.79842537712419
0.47218655393702014	0.046416270329575265	82.73892830877648
0.5680075231972761	0.03952614285106031	0.1166319529904993	83.81285198726835	72.65671584979864
0.29799278049759287	0.07111856094858499	82.83828977260278
0.707763311494199	0.06414123241785243	83.12053333533258
0.6577400230623613	0.07490198695253768	82.46345562316601
0.7799898342328732	0.03928617637413641	0.2525126131321801	82.29566117688717	70.86681949702132
0.7770316919337208	0.0636429086522811	0.1532629808929323	82.44001896392928	69.99761771708049
0.8179002045076512	0.06945068521426273	82.40126070029498
0.27682507773291953	0.6804965942871686	0.08736492328128283	88.12782092087173	82.47939920218477
0.7410444190690743	0.0933314856912276	82.65043776378755
0.6616712369059775	0.011021703847784366	0.07933066941174619	82.5850232027741	79.39677446549113
1.0773850723483287	0.06339633149424165	0.15899040265659453	82.31455098812665	67.32579246336422
0.8069651649430872	0.04258257235510354	0.9325692705097556	82.76903538952607	66.69763934627679
0.5336058593641113	0.05208458388920437	0.5453267122704069	82.38239492037916	66.69043314296155
0.41484686027831547	0.7652147613047028	0.09634687209658599	0.843524859778882	86.78830327145921	82.84448685114116	66.77552387721528
0.563917797939678	1.3737990236315865	0.08697077465140797	0.7385739651394316	85.59602929306492	82.94529059316035	66.84495246760792
0.6529270520604818	0.08164577579619067	82.79940065700653
0.5149993500289101	0.07110786197565609	81.88425818947145
0.5317481178299106	0.08372698102984488	82.25331449497114
0.9500379225390516	0.07189296857566953	82.38593571471743
0.8015671624294541	0.49420816893699404	0.8483187990743319	0.060405403214176895	87.56344164355528	86.46209513544068	82.7523134914899
0.4842291601414873	0.08818571834477683	0.23441387561997348	82.95679395234325	66.69352080769794
1.0195050114561157	0.04035587581084584	1.0557652324603237	82.54746827111303	66.61506048079978
0.6520768896947438	0.07831918643707818	0.34637990065613145	82.13661993242843	67.48959062642385
0.6670624393885876	0.03404241550001628	0.11887813817252946	82.26105150505416	69.64433686312644
0.9554502302262315	0.0761801666889458	83.52043533183533
0.9718482244795323	0.060622918081259615	83.08866770935394
0.4854581263476183	0.06061137788369481	0.08185105584910844	82.43596996003437	71.06438187964616
0.5670337537817465	0.6676024821358488	0.0956225912325264	84.38099773591867	82.844034098852
0.35078427965862974	0.07934312145702474	82.4609453790492
0.38079866123370654	0.09114586392326364	82.4460185518633
0.45731210917652615	0.079132119983022	82.53907525831553
0.6648424895060078	0.07179086683308225	83.49132508214723
0.48801543351967797	0.04414480260455143	0.37421969230432	83.96309035149403	67.90640099604484
0.42301508659255255	0.04844704053504859	0.6091816151261743	83.10114665396092	66.68538288859561
0.39261480617644395	0.09827510349508947	0.45408941527107366	82.46593409028462	66.66002807615537
0.14291275376605675	0.9557520864101325	0.08750718425273689	84.2569575582307	83.03296222404992
0.5691544327291069	0.11537954617535096	82.56493546431798
0.5682286055192357	0.1053849164734187	83.2342523907439
0.7601640818018313	0.0753260335203199	0.1943618315503284	83.74565826971964	68.03402431421762
0.5739142285239436	0.059168769584340336	0.23947450711928162	83.69040964961263	71.34207772576379
0.5545983575940587	0.10083984464422292	1.021766899757454	83.46489527098386	66.81361431432298
0.5640721927355448	0.732048312282925	0.07891355886537528	0.5271804219058731	89.36807892343366	83.50092879305431	66.67797982389673
0.48360363012582913	0.04874785577284867	0.2647907784491045	82.41661963259463	70.53628092009676
0.41704797025150625	0.4563936512470126	0.040320183060564264	0.38779936089306555	88.18383112278283	82.1798186876916	70.23714804752085
0.635897252115008	0.04592532990580074	82.58090427327699
0.28427416832552654	1.6494676741289793	0.02617859473810531	0.13291142589960717	84.84366054660504	83.08831539098226	75.7787592463118
0.3356182634967088	0.8886500019061423	0.021946200149223896	0.14413667549230774	85.16379862821749	82.96241648651596	76.35671867213028
0.48116173383167815	0.08382608869038465	82.71070826458944
0.6409185503382667	0.061573180069110355	83.68819408262631
0.7600031017376553	0.06573754189242707	83.5644441715026
0.5074566241438295	0.09506046083312665	82.39601187937711
0.5670949706228917	0.06924898126990245	82.53678847189148
0.3190463653480918	0.5858898992282378	0.07173295410696794	0.08102622917819052	88.8083171810049	82.31228978085302	75.65490179892967
0.6766941397958693	0.08944935115596547	82.38279002580019
0.44593917196362454	0.05750704199514759	82.67192035738647
0.723578750166284	0.07923041549219094	83.81369611135995
0.43985180231938903	0.10029437822864909	83.08395264451799
0.6734402588473698	0.07225134859947785	82.35605872626076
0.3783434049619502	0.08583227682537593	0.3272888757395286	81.27080492690052	67.5564644376861
0.4806719427753816	0.07081817010190133	82.9689550758139
0.6795966367448777	0.09504528820663717	82.33597795776636
0.4886433917108501	0.10147076554631931	82.52242206854338
0.5199035978188876	0.09497118853030338	82.87375458269746
0.4776540798812864	0.09499000874289655	82.4833290530668
0.27277801434769516	0.09325132178870013	81.36124413938757
0.3807312343597726	0.05235296366760812	0.16055147424574576	81.74598727494511	73.39228716747266
0.4272710696798863	0.07139081018821461	0.2981021122886885	82.7470758592881	70.03003579163416
0.7452912202364796	0.07595798518435698	0.1391599255142657	82.77107455724054	71.22456454921364
0.4641606838242489	0.029460489860309105	0.12265864202666274	82.51589900734035	74.79017769116601
0.4703944032577227	0.08630006010746478	83.07861396446016
0.44941453627378763	0.6677139671724127	0.09822932705205144	85.1250000151168	83.11157632025123
0.45186700679841035	0.07207829170090609	83.68330213702112
0.7349452877905299	0.10532353890927133	83.8319517563946
0.09657725570420658	1.2394623922283232	0.2901840057954263	0.08486155879703262	87.27938751440357	83.7877728908149	81.66272738741206
0.5298692576762855	0.08208986011098492	81.73602943298806
0.4868967095556017	0.11538970234043519	81.56656474452669
0.5028813055018502	0.07792066170982515	0.24712374300456072	81.76925473717489	67.62854394726604
0.40710148091281045	0.08123100983451483	82.24302687139688
0.5176824598805444	0.11422476471910761	82.56882662468693
0.6095243258301035	0.07840358183308925	0.10463763866088668	82.99645737327927	77.06441633212657
0.7504575997459365	0.07511415909495386	82.8448420525567
0.5115906966753136	0.0836900797193279	82.8532427059654
0.5900214743732838	0.08263195722333531	83.25337752877583
0.47783067937230544	0.06604313336746097	82.41586044240903
0.7011403398959813	0.04583078335776495	83.4733415202201
0.7841833053700642	0.1030736490983589	82.55043485641018
1.5336010046016844	0.370735777376115	0.07626170278916335	89.21090693246481	82.30866234368986
0.4612219208588879	0.06412283971057679	82.59659346950536
0.35822062560250256	0.10597394231618282	81.58052567590666
0.6485454932978677	0.06964782269809458	83.20978645029685
0.726521185089275	0.08007500163351315	83.85609424381435
0.4967634037295818	0.05880874345800276	84.12071109884904
0.5836694824814586	0.07123090926636146	0.49089624269553916	83.34387874982214	67.46145269128453
0.4297834033722707	0.08858597094269759	0.26060781296564367	83.05580255253264	71.231001415451
0.4367488344754237	0.08347721661037852	0.28951570465561477	83.32236931410642	70.20733960504795
0.5343814134666817	0.07686139482804609	83.65340506370185
1.1586596869107297	0.07270408707266372	83.72973389029829
0.5379608569050965	0.08085735976802975	83.12115031445238
0.43217517279056156	0.3876937598397418	0.07646457158360864	90.29701966458076	83.62082123403654
0.27958890579126905	0.10945249457977393	81.05158227408378
0.5601733371039435	0.09136739945343708	85.62339325904648
0.34419732763799493	0.06499540552184628	0.1111789482149681	83.32148441244347	67.13032037599564
0.3878035313501273	0.07903627108810772	0.34623299673133195	82.48384247767201	70.16163586153041
0.28934279266452867	0.0756863644332665	82.56408997297659
0.329491240519427	0.07380175685578347	84.66935881796242
0.49534255320890175	0.07198330174179819	84.5322144556765
0.7414673907800962	0.08186167524585357	86.50700554915794
0.43646344254551606	0.07703629739725741	85.3086415575745
0.5198550644406742	0.07840792473041047	85.07302070842773
0.5403008306476546	0.045147113379190064	0.26745740946652674	85.89752601191692	70.18719000709487
1.2423168287865205	0.6461052221678898	0.054835160601527606	0.24133090722498104	88.47283142237724	86.33174966796146	70.01558070481788
0.9854699380993623	0.04729602243278912	0.0746232950011961	86.29612449907381	67.79021100115983
2.480196679021052	0.08702917863002653	86.7821792798853
0.8665903898292017	0.05519015538006918	0.09416782182041646	86.97999108593581	69.6721626105229
0.8723216875892699	0.0779535436981961	0.07695178508663547	86.59027691340246	71.32030191565715
1.4034854617339056	0.07941606417718013	0.043982492507816405	86.64812119602111	81.98777065687705
0.891587611961986	0.06242722240586366	86.347041979272
1.0150949837408578	0.07333859342954696	86.7620901294817
1.1263602595547315	0.057937143029439316	0.10068128306348362	86.72460723574021	71.32652907011979
0.6914225443480864	0.06795008455064681	86.71781682033081
0.6213444385449683	0.030112104971979664	86.66466609885862
1.0934329526777367	0.06072360694410436	88.1246064783807
1.0288890073637424	0.09019461059339022	88.20357387324789
1.143288249756276	0.05114542366978057	0.3490049638830016	87.69117274418393	68.73656751962545
0.5600605900334008	0.05003058195810749	87.26349562828949
0.8063858452612631	0.0681734051283893	88.12199032515973
1.0099269621848603	0.07640554236795304	88.02077236911423
1.107911071050626	0.06495803146304319	87.9323783288878
0.6219843979267182	0.0473713209987707	0.13143666385304129	87.427013071469	71.13497361010057
1.3188320571995276	0.08382750433720977	87.48493003932299
0.8645989246179718	0.08894987171300538	87.93659139297114
0.7177838072003473	0.07996638156817644	88.47082383677032
0.5560140500613446	0.07159754680726867	87.79748061348265
0.8164141799916685	0.057989226244751044	87.65136964753322
0.6985230631517788	0.08366362080561479	86.24783354545845
0.6519724755022304	0.09839378002139969	88.81614316233008
0.7354681878341625	0.07062720641570079	87.90175932045456
0.2885485085749529	0.06715806285986652	84.6390298215565
0.7337951244194983	0.09900198824152517	87.59212437325482
0.4387143376034409	0.07428698395400503	0.2507363426664956	86.39010254064846	67.12134860768086
0.388035821738068	0.11618797030177376	0.08329688397781	87.64318771342813	74.30389494469651
0.5555008687062707	0.08703809646762126	85.8441928129577
0.3818832191165725	0.08596792996359863	86.14219148049835
0.5485986656603368	0.09969488206027219	87.34597087495267
0.9360264974417364	0.16343996761373647	0.08842909872603315	88.35372080705545	85.20781562191804
0.45986326757439333	0.10578832910107218	88.91891807469557
2.6157231619015846	0.07671432223565594	88.43112879587827
1.9050845156182425	0.09320116821133123	87.30913244504876
1.2104336036494745	0.0926861015664999	87.30387915748848
0.9399056028951316	0.10260976906492644	86.77569458930036
0.40933426775127146	0.08063417597928303	85.78668346833967
0.31286812943784065	0.08601773480383282	0.12123279143287519	85.13614709183138	66.5717707581872
0.94441833085532	0.9608404191094947	0.09622067956647795	87.04453732328433	85.80527458029412
0.518459051829985	0.0741881115216662	83.51025131895382
0.268450526639969	0.09004163910192894	81.54771069146422
0.3660850946365695	0.06572526282492079	82.74846458227293
0.40004410052604555	0.05716409410339426	83.75494853860049
0.32401247725534166	0.3352842348462375	0.059012729670441424	87.36341013180873	83.38325406266121
0.678235784405615	0.06141878737564435	84.2761996149573
0.4485840922879784	0.05112293651012937	83.15636277653168
0.3454823341869228	0.08189002061327627	83.22728916379339
0.5591522604797795	0.06098462532572347	0.1721242839259609	83.35122514182946	67.61741289435832
0.5043272158151663	0.05844083793077933	83.52354462882809
0.43197467895396485	0.03817242260478361	83.53286557769886
0.3188245925552159	0.1028481217460011	81.60281680403946
0.44159254107909424	0.08081475522722942	82.60980208158723
0.3903287572895528	0.07051693936719688	82.6843950247555
0.44769318224359067	0.08258632765699231	82.55571579523547
0.6366685960135311	0.0934457533535624	84.10449568090428
0.3883341047625428	0.05227779960072057	0.11267100355742427	82.03406767648555	73.42295958049147
0.6982168539606664	0.09400364819522651	84.55684785114545
0.6294579220649072	0.07958697872054504	84.10943913096305
0.5313869888839221	0.10623710642820351	83.92905921868804
0.7775154957105204	0.06417466010580729	84.92249298841664
0.8789760514229082	0.10293666317410483	0.0526844074211594	86.1780541302847	81.1448920951384
1.0576369802265397	0.3826124248581878	0.09147014905837357	88.38046243806772	85.89960045883336
0.4119703927682913	0.09002787965086613	84.74801690095578
0.3496641883488084	0.08761399297520973	0.07000004531690049	84.78609742926182	83.75425827584401
0.30950747693423464	0.07998925336542771	0.19347069572761635	86.01707965011605	67.011752605117
1.025379603366622	0.7214865651833329	0.1172202409583246	89.0330335598737	86.27983766448085
1.4159640382272	0.08072750885493346	86.44912339499714
0.7798795294998224	0.07941423573009354	86.15151746245526
0.6100936667540185	0.07126624553395673	85.988048923365
0.6154837793953868	0.09155136952132648	85.91113866775024
0.4539294470189321	0.05923821642437316	85.19794471485375
0.5025498327928503	0.0840442871225008	85.81516240548024
0.4519035928122066	0.10851167704428066	84.55610825656917
0.3389045290833483	0.057991750651046725	0.17560540122851676	83.44905553907093	70.53209664795597
0.34867243135851855	0.06518782833173797	0.18855888347055566	83.98996701899682	71.20103193224125
1.027562097986323	0.09958325694341993	85.28644861513203
0.7160725898320762	0.07718865211789726	86.25309633830685
0.5159200896662285	0.08654667943550357	84.93281952652318
0.4448086042625922	0.08042000277477182	84.18980375393421
0.4287860264801314	0.05674849609395751	0.3607836497244387	83.25426773367974	67.21996709230312
0.31043812209528865	0.42851605136971227	0.05467274760096755	0.47231796273049664	84.39663991136398	83.22332581492819	68.69854071221994
0.46114638324353047	0.052200726803701254	0.30022686973026336	83.83593387823619	66.80235728099765
0.673070932976204	0.06841285564406785	83.85937634041792
0.43926520209435255	0.07405437674832667	82.45387060121482
0.342194728638416	0.06993632676951851	0.1723822500784339	82.62616911934475	69.66009631142641
0.2992905397676632	0.08904514747017876	83.44060816667991
0.32688357648165595	0.10916452606189961	83.6682824681536
0.4262253623717562	0.05418631003930338	82.24624362381842
0.26240150558126474	0.09017504997257161	81.70972572321047
0.2557144421255097	0.05024864462148406	0.0880875902363956	0.7832513374286317	82.69957627009657	73.75262399150502	67.24916073227584
0.4823693594251271	0.08390681723634999	2.4576736710480347	82.7261070348644	66.70107423446748
0.443149222721515	0.07987398195564484	1.567805458035883	82.71958742900259	66.8034297393723
0.6329557952726993	0.07352448257971797	0.46448253788465327	82.44376143156995	67.11724131858391
0.5498765322319041	0.043496102266539494	0.12333399413538097	82.4486541016459	70.93021552792342
0.4465563266392415	0.38509584744831243	0.07597422242588833	88.92715242556447	81.95607052150106
0.4900466772340456	0.04639391739592431	0.25036054367401434	82.1094750819099	70.09829706263746
0.3301072590050422	0.7011094247070873	0.052324939228287445	0.3896629567079158	87.79647474537596	82.13397421462595	70.17650493443058
0.5380756296964825	0.05333642331488302	0.23281982282538585	82.58737798814722	70.6882359476526
0.36024644601731354	0.04034633694873303	0.43945546790036616	83.27516329215227	67.0767826953151
0.4864808683054199	0.01997643231639669	0.10443548149568242	82.2616804677367	76.47219494771117
0.33205029237151346	0.09249215799100247	82.12599850248465
0.5536870401303664	0.06159492762999	82.37468619960968
0.3180828700048225	0.36639906492910496	0.06886145979251931	85.31708198713264	82.6469264256559
0.47154948086080006	0.08995535649638733	82.26330996130547
0.40197657072211845	0.054604082034466594	82.10117647277697
0.25378789417820485	0.024787115660624325	0.0841007990547216	81.73075096511113	77.21441789654416
0.45204639830298066	0.06420680515395044	82.11403664404493
0.23352886327794417	0.32436062772351676	0.08154569959355377	89.79170104802175	82.32978611459889
0.3156724295401991	0.06358732025024375	81.42009047933023
0.30029028753376374	0.07816714346233711	0.24583496223303217	81.9083137825057	68.96522311049505
0.6781432084268606	0.06418038673377569	82.48742399088364
0.4539245551181585	0.07832916002829271	0.09519489382046606	82.28883595195603	68.24763772872846
0.6530912371257719	0.0426782151188114	0.3090280338419043	82.24919529178848	67.85860085988406
1.0482023541156733	0.44259235326699303	0.061906218779743095	0.831753327261816	88.6590463453404	82.28802209698631	66.75552187867132
0.49817576414729864	0.05638981684778964	0.3954714492507858	82.57280401922425	66.9494407777519
0.6466410767082275	0.08688368123161054	0.5770080810475001	82.4973171737754	66.98779614390027
0.45266251856937234	0.05853403803973065	0.9118260025912781	82.53782838984407	66.6632402576452
0.29324143397726843	0.08941960768049528	0.28500317205037295	81.4599453303118	67.99208662447214
0.5348547266915418	0.04181494058622649	0.2068232239202275	81.8721773829442	73.2752010721378
0.25395045495992447	0.09413316424679238	81.52315763245477
0.42712639361900295	0.08109184584517673	83.06277053086711
0.6286914092748704	0.05655264266281041	82.43587678999275
0.29929876359502094	0.07876758375602498	0.24597923424497725	82.75967665002287	71.46464657938265
0.39840995409298985	0.07523893781382034	84.18113744676336
0.582760513304956	0.06446755157592059	84.48562897843277
0.8254930762817161	0.4512519602812709	0.10030306243940082	89.11940382236263	86.05547257140366
0.5666442984667919	0.07673103901548405	84.8996473668029
0.42597911445597536	0.3380355762131161	0.10869123582630581	85.5887455722203	80.963418418455
0.3710567679384879	0.0809563551388065	84.24760426447058
0.41256641926274007	0.08007258196628322	83.00531314284522
0.5821070949728917	0.06939800679921457	0.36639671116414835	84.45407675060714	67.11287049253679
0.3427440836625242	0.38837720692077293	0.08689503427935749	0.37671237805711927	88.97746872788517	82.92651991909348	66.81284032359231
0.42022765588739447	0.07570085505681973	82.10008908315162
0.297498171963901	0.06159568790865548	82.09164725533567
0.35307316318331194	0.06117967295659787	82.94334063596128
0.37456418084154763	0.06827205133931928	82.43177560810287
0.29203193798283505	0.07352606323066492	83.34871073852614
0.45715189785853666	0.06384838603564486	82.3464511372387
0.7148021962509763	0.08327862343127306	82.78672154463017
0.6769167487223527	0.06396376131585635	82.235534069754
1.2251893833642418	0.07287395036766163	82.76568439040174
0.591358123551054	0.09056569977700676	82.15352933001007
0.42552423573589737	0.10288617007007436	0.31978032496976416	82.39851072698738	66.90407121646976
0.4759471290030251	0.06443657000470403	0.16113056712851515	82.2347492513086	70.0698640113043
0.5020132392506828	0.07759042175206543	0.37550679458636776	82.06515322158121	69.3330341273703
0.40202847678913256	0.07580680520324068	0.1456812110750228	0.8392523563909916	82.36764722585148	72.96049321193286	66.58998654616292
0.4989642326238012	0.08407564375974196	0.5924002299694895	82.61432940655496	66.69583051077534
0.8934558612352045	0.0852476278103077	0.8511571915372235	84.77735151019314	66.86587479411432
0.8792400657766493	0.06049170041702161	0.09486244556769251	0.8009155839348564	84.59777682381669	75.57817087344428	67.21252890130162
0.902571576445412	0.07110268348492829	0.8613610896706791	84.19649479446282	66.7396030775372
0.6480014612664078	0.056351399226001415	0.8073238668932017	84.15024951902096	66.85760618257038
0.5748986513140035	0.08096407068362435	0.17168780561053146	0.6137397432372151	83.38647540536998	69.37068923575133	66.87134376782052
0.5488200235143118	0.3633305749686147	0.10861659879451885	85.46471512378344	82.40524880293276
0.7304395413141197	0.07627373703253218	83.60413130533037
0.6625419184441853	0.11130897391996487	83.86537254224173
0.6644421945096624	0.07108836891035297	83.90997550039278
0.7072756068933175	0.10201125259782892	83.38149972772993
0.6531500140577016	0.09979985382531918	83.478220028786
0.4049696594400355	0.03472453996516463	0.09807564950644905	82.42838708610755	74.32533295702258
0.5492029801417257	0.05790315253375473	82.39565499250668
0.5288262812959303	0.09667210941408176	82.11304457964731
0.7000264970755191	0.12049303698216153	82.55574555153737
0.5851732321679527	0.07269092647178226	82.34151752787032
0.9258422772553272	0.05802434271946668	82.63442110903333
0.6182174659637588	0.03680867498930213	0.12564392213502337	82.4094737899022	72.92096719566446
0.14210989652029418	0.2951320672354039	0.06333834689060552	86.68254847516259	82.10577893325282
0.37730355890845185	0.05307886911179028	0.20746869737688184	82.06576293996012	72.50281423810883
0.5183222698556829	0.07061506964338943	82.6270845535365
0.26861522830281737	0.04849832741051784	81.53488705403926
0.44604861120435196	0.07681518854273697	82.3983749950675
0.5210989926350507	0.048109007618929396	82.1649883383864
0.41277768644247015	0.030505648097044775	0.22320439732715988	82.2434853497777	68.58507940621126
0.7002246965700181	0.05020636851485267	0.31955192035508023	83.89208709702436	66.6697556972975
0.5409568001229094	0.05816020708128867	0.5162378911030101	83.75091748531014	66.80798035222426
0.318336141435987	1.8541568528404844	0.05615300429210859	0.200555901922658	85.24083611100535	83.81653201054792	73.06764136645003
0.30591835491971203	2.001365477630405	0.06172117885279318	84.98973050952289	83.73345461459513
1.0775535569690158	0.928572612786264	0.046740923678180404	87.14082903295042	84.08148323912202
0.9385561010817491	0.03672217485801907	0.25558490263599715	83.85761405548584	73.24276020316881
0.9892178455245005	0.07976295791814896	0.13893516423940303	83.91015211332503	68.61476440892262
1.3545085060177025	0.05302652535384619	0.2991638515858438	85.07095561972368	70.45389661461739
0.41876244761154324	0.11544012116038849	84.41487391671755
0.39235487458871643	0.09926072116694566	82.59241918706425
0.30660766512456145	0.06278007677954882	82.26493469450382
0.3934695654841399	0.07009013511344728	83.43218517124765
0.45395425845139203	0.05860435864801791	0.1494734451271786	82.61677786827465	73.0185850353117
0.42492603358034253	0.09418032293330607	82.77003462221593
0.24639552894802627	0.06285092006941995	82.72327597848157
0.562298265948009	0.08205147480054492	0.08199992225130356	82.748340344989	72.22974639008288
0.7694982778719995	0.07279738952420874	0.3624168144757506	84.19457817355462	70.01093479954751
0.4363207509274429	0.06861517940656321	81.85936986158966
0.49722424148875183	0.044575625997695274	0.24286537517716444	81.25403823093936	70.23764773641484
0.6414874648022164	0.057101915970626305	82.34964353651162
0.3555301809911915	0.0547476976536307	81.93723911740511
0.18717801970918307	0.5452085411290751	0.04485268808151868	86.96851386259956	82.64731637753815
0.5641122222036854	0.0802109698393723	82.73642491117549
1.2084074437233683	0.2498638834837135	0.069957800115136	0.31126564887799446	89.38721005729079	82.15767828308186	66.8192907523734
0.4803630778781403	0.06585826388011916	0.6922876391990066	82.209491472203	66.89450547555403
0.6937789583542017	0.05639095655131793	0.4248574427602681	81.97877637183083	66.89278389223577
0.66372557335704	0.06529573121956869	0.6612492341777365	82.38708311764599	66.73365318147336
0.643077545125668	0.0677437071400778	82.52212086912392
0.646297019248119	0.12164823089633413	0.0952362755760618	83.4762889682406	74.50138494177229
0.5353341441640475	0.08086946184498733	82.28089564100708
0.40787123995850566	0.06003882706868475	82.29539919901097
1.3372079536963724	0.8607411880791214	0.0674341780151694	87.79475750586047	82.21476811044846
0.5878043455237008	0.08704799253540363	81.95344225248124
0.47332194864468746	0.045125241026548094	82.0885798728911
0.5398008785436239	0.04555994194202749	0.5530222061007476	82.57737326575936	66.61068203470906
0.7258959285648112	0.06455770764446836	0.3408973680485963	82.9091827664762	67.8055837732517
0.43782152632171023	0.37556496501934045	0.09901025769235455	86.12696002295495	81.45485054313514
0.39905109331158845	0.05956966925394039	0.09735714322973502	81.48407665565	75.99662723648292
0.3385246155365724	0.5045855315061893	0.07458629528485274	84.27202120895252	82.74235721087041
0.5551029176423186	0.05817897421396414	0.47370422946226076	82.45337370203958	66.96134959999138
0.8420669878161083	0.05368840299047905	82.06326848964704
0.42501679800301245	0.7332770195444983	1.6000982490358646	0.06332461600024404	88.02699390230906	86.68116280233461	82.82223259025604
0.7009729505362355	0.06593080556038783	82.28468527118496
0.6855832234317533	0.08281887250089441	82.48526479699034
0.7882726734059275	0.06385801749592329	82.69110992678121
1.0039587257619627	0.0811275541964076	82.36077914849824
0.823230991358839	0.12067087778939405	82.86927122025007
0.8223222101704518	0.0741204947435009	0.40725030611210306	82.5079419462759	67.87586978973425
0.4486267237700164	1.3816677000264646	0.07848187301166032	0.425138453457803	84.27370483386653	82.60346456573863	67.03619535770085
0.5809270995364568	0.0679234506088311	82.55747082126075
0.8723074562418367	0.07247873849664346	83.12122504905541
0.4081766747435072	0.0762120256894978	0.14881631640416107	82.85325203005816	67.37686856654231
0.5371109891991663	0.05362593516172247	0.20868452137576837	82.20471987209426	70.96226363877734
0.6772495846835771	0.03768013331528322	0.44230684395207154	82.55797783323764	70.19402130227299
0.43948917632427115	0.05555305390037479	0.19145281869122072	82.2093791950219	70.52677080316656
0.3036721324936741	0.04034114539650873	0.07741737176418488	0.14790990915907773	81.86896407855927	78.70554262501155	67.01634510166029
0.6497588561475494	0.0620088129790973	82.67755759101772
0.5617235333124238	0.09317616535078495	82.20528380174645
0.5123585016696516	0.07700590042674378	82.05538885560533
0.7019328558608768	0.0685688881275436	82.4623993455836
0.8841449531058396	0.06524712986120236	82.6878119334392
0.44318555464594594	0.06686582850627458	82.28915827703071
0.8085219458530184	0.09139154399912645	0.29091492044723216	82.80270586907479	66.98500289676923
0.6106489369646537	0.05386037427093503	0.32406584229812835	82.85373519963323	66.92273098971033
0.7854118392396515	0.34567099887361713	0.053639556099359664	0.42131202041992	84.29132558761913	82.35817246647755	67.34796031627491
0.39799771021273705	0.10164725511246119	82.25696894653461
0.9475985235594255	0.07499732065592389	82.38406351100316
0.5668307395368117	0.05750573021395763	0.19616888625479062	82.46817096337763	66.78400836272183
0.7151497818923804	0.07722402514208929	83.17951723931574
0.8447552313971434	0.036161288475595924	0.14937108977373115	82.39944403195271	72.790599371781
0.6921751861839173	0.07187190457110074	82.49916147063475
0.8563698104819161	0.033816471305902304	0.2076432210964698	0.11098706327045667	82.74242088929066	71.21012110447651	68.8266351655144
0.17248636691742464	0.6743787018048293	0.032708575916033975	0.15594317793915932	87.7662812881147	82.57449796545137	70.08443237492905
0.6083033185800876	0.0713948631635085	0.23837894838199755	81.91790008284428	70.03433305679269
0.6328438544787542	0.08440344102407987	0.30236764067837574	82.07777836005229	68.72808745701998
0.14847295392169715	0.6292337995234177	0.05680086087854008	89.13157185976684	82.13223208030267
0.4061877724110535	0.07066943785002386	82.38656520994971
0.6804574332099161	0.05311395266745242	83.0907426068104
0.8223730144312111	0.7283821045372523	0.04488625895848252	0.17847192605830794	83.65328520511791	82.24778750989222	71.52159422955638
0.6192861679841379	0.06312435917308652	82.24814704690094
0.6491092713975256	0.061683987053837	0.27934479591219974	82.59417719274934	70.2316052090614
0.4325958176407567	0.038764499405815604	0.18672412435536104	82.94217857396502	70.30247298990882
0.36896129704438185	0.07906872614175667	0.05297685331746621	82.36501668531385	80.18818622964628
0.20969167213835943	1.523720002622586	0.06842659783009543	84.17740788453013	83.02981264388949
0.21372967835140697	0.9292513187256358	0.027123959686791013	0.13810531623132274	84.85928158405898	82.93865868519087	71.46013365953827
0.48118333557577136	0.03756450314308781	0.14717253113364448	82.15606532312846	70.61150872857645
0.3271801219820284	0.07769162225926564	0.0642779426363654	82.7663961853517	68.0252347416107
0.763851823467312	0.07584843578987321	82.78956751268859
0.5912528711619361	0.7353915585702094	0.07542387832426803	88.08402361553556	82.73015082784906
0.3750432375090948	0.0917494520186439	81.70302428801357
0.9732605108505298	0.07247837378787621	82.37107686771283
0.7696181647490173	0.10601991479489843	82.42732356358103
0.6000641087528216	0.06407211011192668	83.34929624538947
0.8475061010801157	1.324785700973232	0.09333347044915659	85.3454159821932	84.06624501376491
1.5442739808509292	0.07355453545914803	84.65428912369916
0.8328820494821491	0.06667787950284278	83.5742742297306
1.38857293535221	0.3822381331242517	0.07833580386603153	88.07716111943941	83.62210768220866
0.8410394835871985	0.06088301599573517	85.22070238390991
0.5932162304654796	0.07337106561322249	85.97824044539037
0.7827857419189476	0.06859981189108798	84.77777678044812
0.60188618707731	0.0988915097512978	0.13380715621960532	85.66219619075383	70.89375257213108
0.5480323008585899	0.09362583715487952	86.08529433505882
0.36601027618058424	0.06495203478698396	83.10335276161724
0.23850251274979212	0.07123644892486332	82.32889224773356
0.36503851665309117	0.056291943768525504	82.6053600479154
0.3156116133257055	0.05989985819836929	82.08624807293234
0.35828642411026507	0.04497608879462872	82.4855290601832
0.2898038654926434	0.059821716117779734	82.88795102294337
0.2637632898382722	0.060072309294594825	82.38095467763938
0.6671080670372195	0.2609936221838842	0.06693721667884601	0.3769127252212204	89.27816511320059	81.26386583302218	66.6788338962272
0.3491219921325897	0.06756811249287603	0.44264844062008624	82.38194286832629	68.05499196849041
0.4304255037664183	0.03125854297478901	0.3235616904713466	83.0175873271746	70.96484956893559
0.4622474407156303	0.05124208269587067	0.31654544758676717	82.59970306996078	70.51742092205276
0.3793625446893131	0.06543362356639239	82.11935083802359
0.4107329549296336	0.07062695691261721	82.46504656742536
0.5780674618650841	0.7390516651071736	0.09898290442331324	86.16947541531722	82.56408598480895
0.4275432779183584	0.06333157059598961	82.07125976790826
0.4376120510975671	0.11342739021231184	82.89152641261431
0.7009525401939077	0.07047300915048187	82.49582035568842
0.3937124234477887	0.6758459187356851	0.06337974648949735	89.29045033760347	82.03733590994104
0.5472213717068108	0.5734951310871849	0.05514197121863689	85.19119840867225	82.78879775145192
0.6846069579758897	0.08138344377201165	82.46461971055929
0.4720429503993825	0.05627187420577671	82.24614565150061
0.9387864684929006	0.06113344019642217	82.67247548298589
0.8521059366981237	0.03721277127678586	0.05160250484250146	0.08833792349659489	83.32552295400322	81.72250596403624	68.32875323321076
0.5605611267333811	0.05250205737397614	82.71437482062522
0.6361281760823176	0.016808438606522983	0.11041839364043791	82.28188181951273	76.40316430325126
0.8533256455790585	0.007452518426116625	0.05641560010576251	82.42993302810073	77.29935060184455
1.01072555485972	0.07405670961332571	82.62898707827884
0.9765467483575153	0.0364358373683728	0.17021896756896904	82.55313323655766	69.88021088116989
0.35916908801638375	0.059665436070096195	81.58893866631756
0.47779436588244667	0.47226315058646795	0.039002128961313214	0.9524386025792935	83.05770518527756	81.36641942459407	66.78898656128864
0.3665556429849012	0.07433223649648707	1.6307075109129094	81.83844975626367	66.59602027898501
0.3666523662529383	0.054478259097817706	0.8733004685675785	81.92663728009893	67.04017190274327
0.495813041599658	0.02799580685207403	0.9432852922964118	82.35520286492422	66.73798672840547
0.5588272647765496	0.04904382374950011	0.24035755554130847	81.96618142821346	68.14973644140558
0.2931354119447678	0.07628191273142686	0.09152295558115199	0.7965505846406704	82.34280905536446	79.66747435930718	66.94823114491507
0.48733283344012707	0.08164738089878304	1.7357120149532985	83.64585358646993	66.69486963781763
0.23046545159954368	0.052538177345689614	0.6808096889221501	81.75545864437062	66.77050550252281
0.5349828627185544	0.08161330567605693	0.4893583052519447	82.53312360265261	66.91743021533162
0.6029646868549703	0.09500747872334654	82.66753006972189
0.5619992420729931	0.08031478887988876	82.33615469070283
0.8812802157681098	0.10552294403657665	82.51709213325057
0.5860861462813611	0.08468988751834051	82.40084218971822
0.5733969621870828	0.07926689270219153	0.1203251189206097	82.08537760260538	67.73400309289514
0.8659128901384489	0.056414547818971206	82.94833718065102
0.49879117938932527	0.07529686328978405	82.9133010166736
0.7950246574980614	0.1017854583959551	82.70050612002112
0.4684295123041572	0.08183186811095783	82.47427152237042
0.6956298893754453	0.04629928876559547	0.5012360227305892	81.8952608982601	68.3101148867067
0.4041377634575953	0.08756773365482508	81.44290233206442
0.5322003627016058	0.04096142049387497	0.18010737250520933	82.60769812054058	70.360145945526
0.8298590118679195	0.0476284259575983	0.0854390164648777	83.04579072418514	72.73726332632445
0.8784819242574832	0.04369100288811857	0.1767883209060229	83.28537288813376	71.27805090470012
0.4127716602831106	0.08377093425853507	82.99018884252071
0.39785328806791925	0.07859461551900547	82.95274722981793
0.35900310618838555	0.040653665521964893	81.57392041799521
0.45453965301403854	1.1924427355464513	0.06321481029216187	0.10370078878458504	84.5802925669672	83.09152607317448	73.18742469116219
0.8591832211834688	0.05230229073081235	82.8835841033225
1.1802525478177168	0.0749948008739369	82.45584114777562
0.8005639200089366	0.684044579364413	0.043088095761060485	0.43124293316528267	87.42758092385435	82.29488105809091	70.0850458232884
0.8209360340808344	0.05747975428565945	0.21282322012779595	82.7776891090401	66.52427541699683
0.7885893456423173	0.11526365902085838	82.7410062489911
0.372734060977293	0.055444881933637405	0.6734999918826762	82.22202789379278	66.91638892303949
0.4844971903545083	0.10653109833377357	0.4677365577979151	82.30704335847184	67.18902839910031
0.5554858130997152	0.094343891216296	82.61427345139701
0.7190395913874171	0.05714238341393769	0.35135862743790275	82.52407992239962	70.74632193666135
0.4326969205246044	0.6887719861735059	0.07691020533973095	84.78848647769732	83.15375599759271
0.29364682170158296	1.296542718593939	0.07064481763575417	0.3576081741212578	87.43699383942571	83.76397210853936	68.26483741754366
0.43743994422023585	0.0962227195266323	82.4462121563973
0.5743920840298549	0.061952022132923994	0.28864267707776803	82.11475031418736	70.38408934458397
0.5712408903312282	0.0640895249981657	82.61616665848287
0.32729346196096987	0.08076739316724732	0.2946396378837427	83.03408082996431	69.31556814145027
0.5136444336121125	0.11722969542999265	83.37373202797258
0.25841754252414717	0.07678404324961988	0.37790578887063886	81.94873819305285	66.7554763486058
0.45090231944442144	0.07017873292253596	0.2554396424853263	81.39416575919218	70.49959439908774
0.44013135997079816	0.09287920131511616	0.4086167883800114	82.08717000468664	66.66166483960873
0.9572502304163706	0.6920516602485536	0.04443420380038356	0.28158210557657526	86.22334816337725	82.14820004561192	66.83914271798604
0.42830898220439817	0.04765421392724802	0.636477872852294	82.77113444091312	66.68639851060584
0.3611901539612083	0.08356519289362671	82.50207507344912
0.6321934258920648	0.5225729140255936	0.0760224454684337	84.13093874507273	82.67748559629905
0.4433478112328899	0.10200633131355485	82.40813833733348
0.3510669488649127	0.060604175532073624	0.27294437772436564	81.57831022567362	68.01656147437757
0.7703727676868223	0.08020313917604252	83.64351989220984
0.532801520214373	0.07242596528552904	0.39580077480576215	84.8586336578298	67.36830114108322
1.334870322517462	0.06238759888917768	0.1764729972886107	85.93560026424406	70.53542723525622
0.9547272962488575	0.08058273689497081	85.69397993058135
0.8321972792604737	0.053171353667248136	0.325697650276051	84.86583647545005	69.99796497920387
0.3990080744987576	0.06789673416746406	84.15116034671446
0.8342270609928315	0.11202164836666781	85.56642667587026
0.4540692939897333	0.0818943837810913	84.39491410170149
0.47364062322700795	0.06949539060891775	0.17890664365049314	83.38940647085784	71.04630002593657
0.2831577657803399	0.0909033881414645	82.50686302541065
0.5346242917842273	0.11406088772469403	0.32300653599952395	82.56019187857132	66.19329960544538
0.9167479334083622	0.05276634882451277	0.19387114709657047	0.27051381123294826	82.50733085064495	70.93715019153834	67.0900248599281
0.4012537738088145	0.768996259443364	0.05518039198449904	0.19049181197158052	84.17466367816732	82.73223341337419	70.656522052958
0.916196456765033	0.04152624877215015	0.15091736919338705	82.72960847056771	72.37852725500986
0.6362583850748629	0.08588212865989095	0.4526646054522707	82.43835326303486	68.33675663935142
0.7970531824061564	0.07088741718435626	0.4357071754276361	82.49583527263911	68.48224952886034
0.7457274713026089	1.151936876497852	0.09224979631046602	85.01848594324574	82.8862716902108
0.9831396760966169	0.11890332992727237	83.32855947600964
0.47336789904211596	0.06575534840048888	81.95012770316113
0.6875760698042269	0.06046584172374113	82.30088173462906
0.24458273588357882	0.870214708527541	0.07822216101133786	87.53598051798046	82.50686402236475
0.4386007702708299	0.06852157950805265	81.94638494976729
0.4304202623667808	0.07776858879366738	81.92187488854401
0.6766982195049298	0.05973745084007649	0.3209237023519768	83.03984525123084	66.79308616661984
0.37169325942738735	0.06398591435849035	82.50203667303143
0.3275907079954109	0.050570232833715305	81.4174746428875
0.6065711324820432	0.10063281084833993	83.34497967678162
0.5076545265638905	0.05890541607136876	81.89861193686164
0.5411852114748749	0.1260012820663677	82.65857301716831
0.4579544139952252	0.09476267387859386	83.70261005733666
0.5660473320794448	0.09372120853981028	0.36188824806741005	82.3411727053406	70.79958241783963
0.6931152233904698	0.057466935851221396	0.1696928914845104	83.09094927016923	68.38589534217418
1.063908238277656	0.0732518233417294	0.5026549843695671	84.53112132658356	66.8586883949215
0.8204060073019878	0.08650302013129878	0.7438748902740916	84.90840303204976	67.83335575056732
1.012879354883896	0.08583519727940514	83.96328012385943
0.7716028553727742	0.03383292009279878	0.12037443158036605	83.7379387356517	78.6869145808851
0.4615516551606422	0.08801456131656545	83.15294233211921
0.48649251594189985	0.06515333399749314	82.98360357678763
0.5349966917600538	0.074669338202101	82.40901050176737
0.209765543045082	0.06640004760844172	82.31889771696943
0.33541564232715965	0.07215550985252835	0.19681979408077083	82.45960637426948	70.62750256648233
0.9192477547957385	0.05584719781001534	83.82262495071744
0.5381197338086388	0.06795798470859113	82.68209129888811
0.5971621793613952	0.06213185279569106	0.12868121434030969	82.59398666602095	72.28282425127766
0.39333924254648195	0.06871183859133181	0.1266544536527607	0.3633402300705235	83.2214942881016	69.98735400518659	67.16180784565034
0.6708375190586213	0.07744794224000044	0.45011854116112937	83.0310443740437	66.76921599484241
0.25428548603250367	0.56354232471664	0.0741974927834071	1.0672959587301911	86.1488673916488	82.16959261537968	66.6029164113705
0.604150970868928	0.08836097779411282	0.4889731984463491	82.65062184564418	67.37918544672957
0.7847092116596305	0.0745299565225457	1.0326501036275362	83.09710666136857	66.5874161175744
0.6443969895425747	0.04836805593411433	0.30623397686319676	82.95985477008547	66.97963170897168
0.7430299309081029	0.07204953133360315	0.5861376551033047	83.1296433902466	67.05500225943058
0.45412853408788706	0.05263348138385873	82.28951924220955
0.7049501016515932	0.10227664344171558	82.57735293596525
0.46404560438061226	0.07067648304758285	82.84169814796407
0.668600587463013	0.5707236071937069	0.6550193942690118	0.033741623396023684	0.11955942170489008	85.5439144829987	83.7903770608929	82.69487372511941	72.5989679853685
0.4542791351104994	0.08603163949137764	82.64864276401045
0.5748413732505183	0.08236638688599664	0.5986932337296142	82.54581119579942	66.69518683076282
1.0610514147258039	0.08122084389417492	83.01547576400066
0.8828175574253504	0.06853823043460651	0.835792161613579	82.46616571545869	66.60124704968221
0.46262323608077904	0.06328441247342609	0.4004221958338276	82.62532122492593	66.55716108104173
0.703923371876327	0.08009989763022887	1.041895463213967	82.37308220215397	66.83789269545417
1.0890984000339858	0.6607313763254855	0.06772837733888534	1.522198842722855	86.48543378204751	82.50960492938297	66.79580819765948
0.4567119284835735	0.04105836008872628	0.46377783999390365	82.16409758818763	66.68788248058785
0.8324396505250651	0.058446530037193536	0.6251125095919926	82.16327894806182	66.758029829458
0.6418388130333119	0.054397409788056184	0.6018610471326369	82.40211693988026	67.81836313345845
0.5370611422426531	0.04465238104903003	0.4064727901457127	82.42854843772055	67.41227956117997
0.32938151632099844	0.06254929985612379	0.6682667531668259	82.35120155159522	66.65490280720623
0.3690789446708017	0.047379132815797455	0.5806519161234163	81.50136848101822	67.36981137307491
0.555446522185196	0.06102159167507735	82.45478607854028
0.6426744348579694	0.05827777755263625	82.7574198656178
0.4670269783514719	0.07046261150037178	82.47293162023963
0.5657666621762522	0.08906774978072138	81.91572263135924
0.5277998502736851	0.0931918283101922	82.82004457890179
0.6467643296490287	0.0447640591703844	82.02752800793837
0.6554399156400909	0.0603479283263132	82.55049046489934
0.24110872558941343	1.012779175761943	0.08568328418070847	86.53692625961197	82.64425211356942
0.19297713893327315	1.7241470250107644	0.056224272217533844	83.9073159389244	82.8040321258416
0.3840128163265266	1.0549754712998933	0.06859956401798005	85.80021400376629	82.53873948122437
0.5199085182334029	0.06396528545815089	82.38299359508096
0.6768018527219666	0.06174604465880938	82.72399690551408
0.6147328707769121	0.07949738517994344	82.86974694018856
0.4040158744892846	0.05466041729050401	82.15327375692543
0.46517975990988497	0.07741439098563006	82.34523704589267
0.7756798828953727	0.08213139426488525	83.2553609470757
0.3834895483470102	0.07483529390784405	83.61488383933354
0.2505376444845078	0.0541321169251567	0.12515088586677223	82.65853372204877	75.7820298410455
0.4590212443176231	0.07515478547941626	0.12600945253474297	82.58868365528521	70.31422944914985
0.3701484462770123	0.05154717651189754	82.32731207293695
0.5398074551883405	0.07031743936607289	82.78408455803839
0.33589534063616244	0.06603881415273401	0.3787744316606262	83.19565531917026	66.67642477821592
0.52608063422085	0.0662644366735782	0.3151229275082514	82.73039736606655	66.73862103315658
0.3623732937100926	0.06561147940518788	0.2227728099803686	82.36058841372545	66.78770508714962
1.4207966989812646	0.10358405507461624	84.85480095433421
1.0099251393511661	0.1022775119997919	0.08840918108411737	85.62197663733312	80.73446503113024
0.9597343025768669	0.48262222893455764	0.0873119723064653	0.14950027209968442	90.28092269477673	86.71052044352633	72.590853708099
1.1581576508538383	0.08378153937530919	86.77678409560619
0.6094623639486384	0.09382742064544362	84.94658916299782
0.965168962069081	0.09446153226923346	86.00274362901959
1.4703988976712152	0.06265976443946514	85.9021412401993
1.1067577241672328	0.07706784280974968	85.04329332720954
0.32602529274529823	0.09377045759841084	83.6502488536777
0.3514568981881088	0.46820633300988723	0.07051026996284343	89.21236226406273	84.641841487791
0.4149559315818258	0.043746687274511496	83.35408047459184
0.63327729409562	0.041633098127657614	83.18280229184032
0.5102533023644804	0.08082504694794945	83.20657909345563
1.065469036767874	0.06667597771046518	83.95665715082775
0.7647221000724596	0.06409820657923834	83.84122285769122
1.0090264305999013	0.06080206159011751	83.77849277058404
0.4040472959043175	0.7414465290047343	0.055752827848074935	0.2052820386749777	86.75545354588816	83.24005363145211	70.27049163288925
0.8994163485964143	0.041042876730546324	0.12030901768743037	82.89891501622121	70.74974638734088
0.5001030195300694	0.09564056470755797	82.69238741850387
0.7229906081710469	0.023000878591517112	0.24481167580392246	83.31631506454102	70.42454142907779
0.43099008038536074	0.03586392065711437	0.18053508229538845	83.90864611313619	69.3019721834607
0.5458765260726167	0.04517344939980527	0.11075368983506519	83.15477502620787	70.22946553245615
0.5769073060035114	0.04842843352528824	0.17765212533617786	83.42094454431124	71.09239076339054
0.6761932639848255	0.028559046750312303	0.25671289304541495	83.185508197091	70.52143231216868
0.8105100553227131	0.05918893722209533	0.18985428361400433	83.50933171228135	70.64806761394195
0.7096548260962433	0.08735719391399341	84.44581358767601
0.7927858644102727	0.07640205098029072	83.58889183060796
0.544460180222061	0.06822723573908883	84.68013565754147
0.6241577853112809	0.0538329338243493	85.81844265360604
0.7502855352094207	0.08021888672945786	85.89397771489412
0.5682858623244686	0.05691100656071824	85.25141493889818
0.4286132016454703	0.053271872171476414	84.72492685080869
0.43197458225151586	0.032938782403861375	0.1090335110967671	84.31622790727845	73.21822923842375
0.49722707338816213	0.07005584568145191	84.62484288034702
0.7092989404601123	0.47403032204579065	0.05262913634373264	88.13942361353475	85.26446128631717
0.8090870560500161	0.0700074397207482	0.30067683640081605	87.6713222903005	66.94002830412644
0.43708439561074447	0.04978140119121375	0.4676677427302766	87.48318651368112	67.87168033446882
0.28756140933386537	0.059026671973085615	1.2347986706250058	88.29682810731646	67.03739581516338
0.4810680640404561	0.07712678733990787	88.238053665839
0.6012061968210229	0.0877939781771917	88.73063591735419
0.6930798829996591	0.05963567208743162	88.78046308211994
0.5090740743830745	0.07845302458378361	88.98514640706676
0.9655646187154698	0.0993483515984109	89.68975524260381
2.932357405344549	0.05213051048124934	89.53651861629506
2.306142688711009	0.047451783943739695	0.18947658452575233	89.27812660517654	70.28902483374422
1.3503280331302143	0.06303658222275367	0.2947451690296595	89.75999323313093	70.95444782396932
1.8723413666904223	0.07855288879982297	89.96208339208646
0.9819717106545603	0.0538237393075612	89.4986021862738
0.981595782191668	0.07737211396987068	90.36004360991495
2.557522308449874	0.04950564960330359	89.9576126891429
1.1235959090227972	0.0534126957220478	89.16213116368715
1.1554133933510307	0.0494055400050614	0.3205733619349899	89.01252543026783	70.88540988804546
0.4730107453790089	0.05066105263134156	0.11817580842429233	88.88774486858867	75.44222712262945
0.6579040657746545	0.04843701949075551	0.35777757149719136	88.49065392818977	66.68015841094343
1.0643248957283216	0.033572485707007896	0.24149205684756717	88.91559166996655	70.62121268821355
1.6067292405096438	0.031796098498124814	0.11845014988290625	0.265992295711302	89.32603371699686	78.56587106077335	70.89709509878526
1.4553386039170093	0.0349157524298833	0.23123144553114264	89.20720699355282	70.18157469677061
1.0947189177029362	0.06495882183599135	0.08293231384802419	0.12574054654634767	88.82596220999419	83.59652638517476	69.97648444958271
0.5638150302538886	0.040272084854277905	88.39856732815817
0.4160264856592675	0.034832493250334995	0.07819945557009052	87.60168679802675	75.2522709718743
0.33078232061202384	0.052537402023547446	86.83272121030478
1.3504610858038157	0.06506023341291355	88.66153871090849
1.182316043693942	0.04087736300189175	87.47771090179674
1.3464472888273	0.02549151757679799	0.0854405620812054	87.85543439346968	79.19013408677198
0.7016021240006545	0.061553838097576564	0.2063327905330462	87.32625201596018	70.28308810065853
0.6473181134158057	0.043530364730163196	0.06105441937952499	86.99301964220366	70.29897326353266
0.6238978596513427	0.042802355781208966	0.132443869721482	87.64155355029412	72.70272339252188
1.0774985577779923	0.053164663911214084	88.87990907609367
0.8580453321174409	0.04514423575041323	88.28278713097765
0.9659579377751475	0.04294765517431154	87.77555413641988
0.6354575828748804	0.06272035384275287	87.41610744908171
0.501293870023124	0.06171573832399484	0.2592826916691943	86.78256608747058	67.8659013124036
0.3301995117831629	0.04360680377796788	0.39119110265382556	84.79144630014802	68.56717098871368
0.5694138350602712	0.43245379339021306	0.028088505500080452	0.07431747387595394	0.34116659351996353	87.8094819647753	84.91475553934906	70.63414432500461	67.61398121117236
0.24791648250494902	0.0451574400096335	0.2967272952637222	82.53062758025153	67.47268642833295
0.6540298916663675	0.17974210186844355	0.42267868684287724	0.08016276781661073	0.5353386801137211	88.12664845796272	83.59243464535646	82.23613499897327	67.00784209362287
0.3437492777956017	0.0445916755427948	0.161594887432316	81.35816391288787	72.46686340645631
0.2796345586425801	0.04087436719114503	82.21603221379556
0.5262665184303824	0.33545217668439375	0.06171793751854798	85.05606513140808	82.48160864573968
0.4417778468844952	0.048104032865281345	81.96916365332763
0.24290828092187064	0.04332417271832112	0.3563880880491789	82.28684454850573	67.8384769355592
0.3890983896648093	0.058443715136321406	0.2607086812717303	82.3476362549217	66.41344778419479
0.2789814779945462	0.04823483967548454	0.23690063674846193	81.24595966521996	68.45910687632833
0.3942570750732041	0.03891647071154572	0.21234984148779654	82.28405795962863	66.87327286680848
0.24775990444505197	0.06503395714948024	0.4846977333937126	83.50162553380613	66.94844063282444
0.3597422505286692	0.06423050122630068	0.7701812058656543	83.1588580352917	66.71836963022083
0.2146700052496524	0.4264459942265444	0.048575915101442116	0.6263183744196167	88.3064363036731	83.51466725994572	67.39452466604135
0.6271680133474519	0.09379781215906542	0.776712172103973	85.85028401978404	66.88441198976506
0.3670518684973172	0.06239127106782951	0.25502558116652835	83.75718656554413	67.760315932134
0.42365887695147847	0.0527729023047281	0.4102979192724606	83.772577830987	66.89975712384857
0.48279214905768736	0.04710602287996506	0.16593327893889115	83.48982017823178	71.35607820132579
0.5916620683955431	0.07596183689646384	83.13118178976826
0.28785520406102916	0.05056986099759458	0.15801403613882414	83.08322315519453	70.49255881189346
0.3697536289144153	0.019209939159142316	0.08119382885455828	83.0400100833002	78.74778689970346
0.4285478796658061	0.009830586551921918	0.07061697157980658	83.20513524390263	79.7639346997544
0.46398225241499386	0.08708976453278593	0.21090872078717682	83.6375030823529	70.37581941891526
0.5240018220389967	0.040304928552867526	0.15027612486325523	83.39870648840918	70.68961746582103
0.5557149574802465	0.07799476279155788	0.16140119811122391	83.54830707302325	69.61996043206403
0.8494016771137697	0.07022748585481861	84.25908071514313
0.8669156477907398	0.5662412836046657	0.08355678593880499	87.98727309734848	85.21579246157685
0.6507544204910436	0.0569994762228633	0.16591253054487248	84.59791998408788	71.28491025222108
0.46532429564128985	0.06365272445003485	84.04453931331231
0.659996312092072	0.06458725807033185	83.04131805289215
0.65741953897808	0.0697202688654647	82.40682894309691
0.38165427857675943	0.9563686590538936	0.07346112986489813	84.2941119415777	82.57879177969143
0.5924420958937318	0.7283254210642697	0.06724826881058507	0.08063300345958889	89.08115997404857	83.17488078783593	73.04888784835633
0.6247966780188596	0.05380562968925737	0.15533750279373598	81.8785162516954	70.55501294940625
0.6833561386096919	0.0653786083299803	82.78001527923102
0.7951257337304217	0.036339478794974185	82.55007359017918
0.5047379068492046	0.05693468281691785	0.15664564796444436	82.13860027814614	68.588491724211
0.7673942332429489	0.06971817358099927	0.08663843882966979	82.06918847339621	76.6466053658763
0.7753252678977296	0.09668446464905653	82.38480806450569
0.5189988107661437	0.05176300526971593	0.4002366037109345	82.21324800167208	66.94946628850006
0.4487622068837285	0.04255858227894502	0.7055158600657254	81.89791664202563	66.7875038577029
0.7228476605835695	0.06703019923991994	0.5368954710002081	82.28394686942066	67.4289414067383
0.42448909142128094	0.06374156832812267	82.5596289572011
0.47380972339374927	0.025620321321968193	0.16570230222814378	81.37765992586054	70.30142550236651
0.4919562315418782	0.03499646853172248	0.2572355724876079	81.5022742344593	71.0254647111707
0.868153669585994	0.27251219849384517	0.05064085067315749	0.16617990848260208	88.91111905936444	82.3086111886533	70.57686729251941
0.5100040209815866	0.05888917206979531	82.7527631619775
0.4469270386246784	0.05143041553976539	0.10449458201581985	83.04240525103985	72.82755498921563
0.5501709789806873	0.06043896459140684	83.8048122553526
0.6036808124223535	0.06347535417534332	83.23609596891865
0.5451359678754273	0.08013770087606158	82.9490188997792
0.6265390685074773	0.07335780401890739	82.33279936395301
0.48968672340760894	0.09182622356001041	82.42673996690354
0.3634695594749324	0.09097908082869062	0.5298711707643852	81.61721982521003	66.8034083221961
0.2804776401201767	0.05178104372393393	0.5410618597378813	81.21450735569543	67.02118021420137
0.30927989594676286	0.3546314521703623	0.03881071726712103	0.19923084169731092	85.6139190407402	81.90406286929526	71.79367154197705
0.37829202958183406	0.059707006480245406	0.19586006921685617	82.75653623518684	71.66790350140364
0.30094376682630103	0.08304275916859583	81.82177830481172
0.4063021030255059	0.051577080279294966	82.53231000332258
0.3640209281256756	0.07620387913329985	0.23554401386113288	81.79467386934762	70.08435486966513
0.46015366531436436	0.06882291848528624	82.67876888031029
0.3708317092391212	0.04738452283922742	82.92722652784201
0.526906356750658	0.643771202054711	0.6791149158085205	0.07629868239051973	88.94886369151753	84.86533278246745	82.69942113990312
0.6233273560861209	0.09919402592126661	82.53719994637446
0.5991743869317947	0.04158545347043514	0.2295764601750042	82.4922513985197	72.46050288929466
0.26553125480037093	0.07330579879702852	82.2034552109897
0.5666698092029253	0.050966779594546326	0.15510151614564263	83.1260690282216	69.9765940392537
0.6190622229415007	0.077291942561619	82.35976399764081
0.6622037427326535	0.09219068083661748	83.99614603378498
0.7373166971296686	0.07754401533618906	83.55984957872614
0.6901759952861922	0.07929190227078087	83.99345643497429
0.5887638707507805	0.0707698347368131	84.26707230042909
0.7788013394341954	0.10278596973706577	84.18536317615498
0.7440016090229411	0.06671109488431184	0.43893581713006596	84.12717327970232	67.0794895845182
0.4609665080049919	0.06463397481612147	82.454517458822
0.3539914928518496	0.4926304814956376	0.06886326734349497	88.55358555775747	82.69121370492518
