0.10889058981187967
0.034079727733322504	0.3252355564852358	69.26165037467166
0.023511291304984507	0.36061099235087807	70.14657648682359
0.03936930930513121	0.6132775216210639	2.7531465663145123	70.16547489228955	66.03680840400604
0.030613415652293897	0.4830698147405623	69.41455368771345
0.009403912843606973	0.5648365990607541	69.57019328172711
0.025602229860322283	0.775578732342244	68.88279488625886
0.020228131795574793	0.45435413100574945	70.43930108843102
0.03642824632578087	0.5877701205537835	1.614619010514639	70.68164350704251	66.44762662904871
0.02229438756130501	0.5328978232437883	69.52004353134613
0.021683295981890758	0.541191192853333	69.23452920549786
0.024007863874761913	1.2003859330837303	68.40974468125391
0.03248976778008723	0.5735029997405476	0.5745966559035589	69.89324458616413	67.3897323476883
0.019900598606432444	0.8930607278710673	69.38722009631863
0.02574336064682199	0.4218774784801678	69.32440817611085
0.022291206952683492	0.26422453136137747	0.7791091033850879	70.50320301785757	67.24946861072345
0.009928081953216619	0.5444264227030856	69.4737400032005
0.012472875465887894	0.46300816094385844	2.2847031701268983	69.35704076050642	66.12752540493753
0.011591170278313296	0.739078598890233	68.93460924342922
0.00990776790026173	0.6504129939414236	70.7429514502128
0.01870203839441645	0.4256485020105413	67.9834111801596
0.016248878766435472	0.42970363946313117	68.9277486007817
0.0190797491681117	0.43507857066962174	69.75490626186202
0.013726786106529424	0.6232402084769111	69.6409635538128
0.026748305619473646	0.5244631050152525	68.72907214421932
0.010800648276138317	0.7289762281273416	68.86663701128333
0.015829697862672486	0.6066167160725067	68.65805581072374
0.01778582883610069	0.4397632270043131	69.09199769449444
0.01816341806805587	0.3682542952455095	69.39810990554139
0.038010147066353125	0.0060165283624424295	0.4735787066043218	0.5795888810169122	123.00788453007576	69.24400192249028	67.31980748148159
0.18542187564783508	0.02352613640410715	0.7456382790655187	124.17388042026158	70.37975583813623
0.020958812343158998	0.3241901859733741	69.93843440670108
0.026651459551790005	0.35857273054367844	69.97064241199118
0.017519143718326295	0.4117971377932725	69.22843055381568
0.03085093594899311	0.25329949756014025	3.2333691892177128	70.13038745369296	66.31123841991743
0.025790144319335313	0.21340468715696337	0.725724331845013	71.6477453054642	67.10618880627678
0.02677730943303687	0.3600454424885764	69.32566028396593
0.02099178718272214	0.6797138677515423	69.03150876817428
0.02429484041577813	0.5104090511905605	68.55278122034684
0.02343790076195449	0.5247780601604304	69.38364447530834
0.022905355456531225	0.6714159134763116	69.38706617106864
0.03284904722859622	0.5434608814464259	68.86697723743423
0.014491231990112072	0.785616645628921	69.50906623714164
0.013200960131695047	0.5514181365835964	69.63048809827718
0.009996218173289927	0.4452336805812424	69.65700748852001
0.025275814697390042	0.49190868083551126	69.09213268718416
0.029224257312146267	0.3644872911322256	69.50503584644514
0.010897988821734312	0.5250462662717942	69.53954114209319
0.017662958680640654	0.4390680048188615	68.37881040060154
0.023528415961566605	0.2433315283988468	1.565226876236906	71.89352678920012	66.57745038345168
0.0326091600025706	0.30980948361302074	70.84498621989457
0.017927153597289785	0.7892560814021549	68.6318868419508
0.0032774096944369058	0.046912412189869294	0.6507821324849115	87.57856180631804	69.28654421202704
0.0016300503834538475	0.04142172846458689	0.4794615946852323	92.0180462099126	70.53574942522502
0.0007877988263353685	0.02126332204673513	0.42244103482059536	85.68736839835803	69.18843702384697
0.0009849627104782314	0.034053301299964936	0.4743104082671502	84.6690608893381	70.36238995810311
0.0020863204740412308	0.037922274324270935	0.5126888126338777	1.3137912367270195	83.35915931944757	70.52021990572423	66.10377220279315
0.0007023503153842967	0.024091051180364732	0.41074543352285786	85.1723481061714	69.95648716038383
0.0009698087188274206	0.04651566099246553	0.5967950398430354	82.68519442386003	69.44972176357288
0.010581982707888467	0.5350127257258094	1.8391758269843796	69.17928992637178	66.35549714859125
0.007759495059750053	0.02340374633316246	0.6082715563602019	84.50101403261195	69.46718301982719
0.011169482495385899	0.8945492805903508	69.04309618361692
0.013009297512736528	0.511721744254886	69.11403038756995
0.016146429374559613	0.671802161154899	69.61224379067906
0.01913954265074453	0.610771882148752	68.71991500493897
0.023296601292322788	0.34119025644469936	69.84044199909911
0.010350609693904434	0.5828891196393354	69.20613397038352
0.020520218023952094	0.5972935891211	69.63627549679808
0.024027664022575997	0.4820906775313814	68.45463548299011
0.02209070834680096	0.5569979874459842	69.57175509291453
0.012456670319381132	0.7626491605307492	69.26832646953935
0.021726089072344648	0.23166491029942715	69.4833709631003
0.027727000448700967	0.4037156154540484	70.01136391428858
0.00547408779010918	0.8919990480726301	69.3745090961743
0.004579779293991534	0.3809257254498469	69.88670300526502
0.020054291582375653	0.3956272093389419	70.08947557075113
0.011095808165883358	0.5533699226886687	69.29901908100618
0.3751596856307489	0.03824231409563386	0.46608344870539814	132.1286789058161	69.54274276329517
0.6513440665760066	0.009297221539429149	0.42351393588231107	134.40407116403344	69.33603338518579
1.7271592685599182	0.008378411441378311	0.49205006578353494	134.28855817571284	71.17248512659434
0.2832642031325755	0.017021411045362277	0.2790594765170541	132.71468539016357	70.99054613130241
0.2893403147248626	0.022841630682521392	0.454047721616195	131.73352835993506	69.82174966492065
0.043269496883167544	1.036998048324489	68.85968341473806
0.03074608737071395	0.19888622853174476	72.44395459606844
0.015467766974844007	0.016825106207011876	0.3936879093659346	95.39112142183846	70.0191325996686
0.0335484142681712	0.5540307071868479	69.72343509331114
0.03236741367253706	0.7161691374013871	68.72657246787497
0.027018737311108678	0.6584079247220886	69.34210399047278
0.012027725255448402	0.48850163275891223	68.66910987975153
0.030043134530137346	0.6595188525029565	69.79458828032406
0.02432995041818262	0.30472489388488	70.0076928768165
0.043631484249215036	0.9728085190687722	67.84332211256125
0.015456668402789565	0.8358866972655303	68.6705119315829
0.024743311171847433	0.838609744680208	68.84123418412543
0.005654950288292213	0.6763449816201905	69.34609182083132
0.0334132881186148	0.9257084077060267	68.74417410428238
0.02202764804561891	0.14202534084185292	0.6698468246258924	74.90827926724643	69.11307916180688
0.02437486507383561	0.6000315280204976	69.43740142035617
0.02118608920859183	0.409081334217146	69.46916676224883
0.029196919772537463	0.7976455212428899	68.48652612982852
0.01659563480880546	0.5528988050727782	69.17374615875737
0.009659163779974833	0.7158631219002538	69.6761459994859
0.009442823582929645	0.9592800372667578	69.10813168312491
0.025278819349847364	0.3883629130845654	69.46602473022911
0.016478058456417578	0.3861033760912562	69.46285349397219
0.01285002475252339	1.279436520344857	68.78799952075268
0.022775228723287952	0.6500825656431011	69.08440908578918
0.019447211983734454	0.26937185210599235	70.38716651333137
0.010100276560052326	0.6809545177204155	68.30962987223432
0.00846577046308137	0.8220507535440517	68.87392216286614
0.004211358483559563	0.3791601963369321	69.43142120698228
0.005080372083412353	0.8127265247946404	69.11049982116305
0.009054917207831508	0.38283375333288894	69.62275407598251
0.012563569838787933	0.7806545710860786	68.63006047652884
0.009385947680344387	0.4523090617747154	70.21858116891791
0.02065657668702597	0.32586112425257974	69.32046450578672
0.01257261042605238	0.607186562063133	69.42806279561924
0.03425488919991004	0.5781453964586362	69.0891038862553
0.031556773998053574	0.4690640586391629	69.49657184442881
0.022914621824516538	0.4885269321952614	69.33340404488916
0.22134511628080195	0.023689350203863188	0.5380157584850148	134.51904259281164	69.80694967272588
0.02639494873969317	0.6025053684712508	69.17019928563596
0.011965714366442726	0.7255385335757072	68.75650296928758
0.016245515422823768	0.5676975706740713	68.97693101103789
0.007834775668651437	0.5997584244866795	68.37843285182953
0.008510722134471595	0.4082586678287938	70.71442008836834
0.01442012428707761	0.4887726785957432	69.73314695292216
0.03834435773711534	0.46761629019790957	68.75794634204009
0.010740701095480733	0.4353011707146007	69.42042933629497
0.01746883959935127	0.7913119266587346	69.3200211271792
0.02297514293675674	0.8448935433169524	69.19952141725867
0.029662268301031434	0.6009312402923296	68.76295787919473
0.01024916091538435	0.6029160397317199	69.35191038493039
0.041152569379965795	0.6164545694820958	68.94061165276663
0.030860767052877092	0.8929629395669302	69.34171122807768
0.011768006632032185	0.38178761194994126	70.15261802531046
0.03569286328824844	0.5512422738084822	70.0149725785586
0.05789098463484094	0.5182157570551821	69.2092012814749
0.062319931503645225	0.334520164789789	69.4890508036018
0.03279938887156592	0.42108481945624504	69.54586068065441
0.03136308525969316	0.6739127087883034	69.27172132159767
0.018608739256176274	0.8721931937283905	68.26582261944178
0.00994001082929201	0.5228222717142706	69.20935837816297
0.019549896330328703	0.68938009858192	69.42868426389781
0.020488736582028766	0.44019376152801	69.52042555831251
0.015301640338025883	0.26993725403248514	1.8118017095818932	70.10112554419064	66.12139553605468
0.02625908570027493	0.22511296396407882	1.5191346599178517	70.49454770209456	66.44986619526522
0.018355701127987806	0.7956370345911816	68.84094837817887
0.023551638561246875	0.7144812245314118	69.3839793933449
0.009093206792977803	0.489745284607949	70.0220434337865
0.009232108927331801	0.019568885089171557	0.5547361980747243	97.13277330570224	69.20163197799015
0.023044276994801664	0.5222210914611105	69.49004041938836
0.02126650759708202	0.57718083157302	69.88316273455808
0.022440391351787953	0.46222768536061204	68.79489340019049
0.028553654991421686	0.822078046635741	68.82245063787262
0.008451949257738645	0.490431437050538	69.40459887144499
0.012105221004988224	0.26643332540978937	2.5979501071565743	69.0513122876054	66.47570115551095
0.032283350734004734	0.2779069854615803	2.6326792379983748	69.66684273149184	66.27079188487473
0.029413935278640314	0.36891793549130825	69.51296735903436
0.026546335957177182	0.2801982948468271	71.47983839831892
0.007817866752988286	0.3956727312194473	69.51325210549646
0.0047023607343864	0.6843039745612151	69.88844945783153
0.00645694110274393	0.4998238713676108	70.13994798113684
0.00612228449962732	0.6996672478414661	69.24224220023565
0.011086859165174785	0.5960101626941623	69.5949807512662
0.00795435314636384	0.593505577145266	69.71380461497733
0.034912068958333035	0.437992909290812	68.9908436549406
0.024835789473778708	0.6909036610295407	69.52399502683251
0.029445150265924733	0.4314613381740802	69.67467292684411
0.03892967587978203	0.6065290626775212	68.55728489439191
0.01054213341550665	0.42184749829483137	69.72417009561241
0.01526878847567493	0.4805124262347448	69.15388462838767
0.02585817238825813	0.9340161974154887	0.5855167610034201	68.46421956298488	67.30112798868555
0.01474882828809871	0.5897309476261694	68.76242445678263
0.02464237814123943	0.30346181535372263	70.08957461742764
0.011920240568804882	0.364165766744044	69.62174240641704
0.006226980466714607	1.291163583267869	68.47010868272733
0.014803625789954877	0.4041857392338204	69.76556183187627
0.008629601086112462	0.529195131210618	69.197305947163
0.005924218984305487	0.6974878156425601	68.89230760051485
0.022448031312856068	0.6586727187105723	67.83201651100799
0.021844682419395255	0.8897826627089699	68.80855705659079
0.021026491949629245	0.5667978142951107	69.7601873345553
0.027316659978633837	0.3381597686223281	69.0451011114786
0.035314255429194225	0.3192619957774102	69.86994021210263
0.027388889329168567	0.6664198915743049	69.44337041195425
0.02145553839205138	0.42820677806641616	69.94822189230958
0.02242104075600396	0.408673733506695	0.6728438918711859	69.63394418013478	67.67381639674555
0.007802547683938704	0.4207928970455021	3.4238390397533527	69.85231144230725	66.07578797573204
0.00974124979744032	0.3210878559989466	69.92182180378771
0.019119461202302346	0.35437417112944836	69.88388012500063
0.03201201892311323	0.652657611367763	70.41123452764101
0.01749567596046895	0.44376836215649973	69.93308602613052
0.0303777733283767	0.8067142183457076	68.77040564658031
0.012060088457078828	0.4745143685790069	69.95347032029191
0.019025267318501453	0.4165039156681787	68.6223850477954
0.01455800098302389	0.6653357960204582	69.31037142947731
0.019127873545518082	0.425577450155376	69.99136962063633
0.05366036165808178	0.3658166757319962	69.50705722857191
0.021193562784388446	0.6065826990089282	69.4219732855263
0.004383559325666764	0.3280794176654756	70.66556445193962
0.013516620474606816	0.7941175026560469	68.4767676378715
0.01624372869864447	0.7672599642917702	69.27688955032224
0.009337061894757802	0.32014663561153184	70.39034971661886
0.019645989879615522	0.4784128401351489	70.08597803689108
0.046859961532094686	0.4039326429795216	68.72203449044551
0.03644333341920319	0.5219014204370108	70.43692877165566
0.01642484826921817	0.4586313173523827	0.7397322016835789	69.66447146139262	66.66765396167644
0.015377672938941999	0.4627600571373681	69.28194611089971
0.005003352871713648	0.5643540669335628	69.8866989317887
0.016625762775379815	0.7588909217741316	68.87164491244937
0.013887991446804956	0.6085560811721675	70.2493146609835
0.02643621914094154	0.47801959450434717	69.43811255227166
0.022525467798606053	0.5025151492221545	69.03689847190212
0.015067851209167716	0.5609929304548198	69.16767425001309
0.010623503969174034	0.6458197886233835	70.69525399395484
0.01684635347735194	0.5194082692673829	69.79323213857622
0.3322271747339585	0.022382691530255783	0.5962454375580994	132.84164842144764	69.37005603516509
0.09539240814659884	0.021395160347098152	0.40668324147559776	131.27019710946678	68.89799825692404
0.018185780636223222	0.8713651514137255	68.51307531145603
0.019946339463659535	0.8187087837414811	69.2554955639219
0.013881244519504616	0.8589894462807782	70.21160124346395
0.013031788364496902	0.630261611625281	69.54043640820649
0.01668290090338454	0.4315889171455847	69.59440976264445
0.04672572043944727	0.36103660508304175	1.9612394303600056	69.2717991137706	66.29390765153302
0.023624104540373437	0.5806970225005497	68.96939587512311
0.016927865511831605	0.56050162261618	69.56175101770906
0.01737072806098949	0.2231291789083162	1.8936366480765725	70.85886125258578	66.14961421216175
0.018858908171768926	0.2135792970434654	2.081503401345204	68.89705834062903	66.18921904305597
0.01135002771694705	0.17896744813577398	3.0181772675372804	70.48974273272368	66.16181309190944
0.0028843258936745325	0.023334846342523523	0.16028829744338965	2.0977796341289436	107.64140072473991	71.53602021659562	66.3447758165687
0.03135468191611515	0.17560383611149308	1.4649071549548898	69.38271134409297	66.8262073579335
0.030877028302221582	0.35205384237285386	69.46983035659656
0.019357934074096583	1.1303629204435781	68.95676941712445
0.02420641857323189	0.47956330211089965	69.93800524846795
0.015356245972383822	0.3610075328726009	69.17380980717813
0.020839246471248154	0.355682949067792	69.90338218551298
0.007698180273314364	0.3716475247658179	69.58082091573124
0.011592211070785357	0.8864782308444237	68.7953867185787
0.01579104742649896	0.7374647505439395	68.5792207454926
0.016969785620974946	0.34018701141211943	71.93509769868818
0.01339997363339479	0.45907657677687225	68.62151941760526
0.0186034497504056	0.6200779291467724	69.60208078535075
0.02146964441606172	0.5729462531153084	69.17394644830723
0.01733283576055015	0.5073514290032192	68.82519895941648
0.011435820795694846	0.44225277547820757	69.6911026160261
0.010292875630202288	0.3802824468936756	69.52422584308567
0.011306835888378967	0.6527894067744682	69.76431173486316
0.014728322714621673	0.420375772476753	69.71494430636167
0.0372711233649843	0.4379668598058247	69.56512195047253
0.0211973630738	0.5257384497718646	69.07168894342882
0.026824152524243312	0.47905848251347855	69.61166342904306
0.015374991518726518	0.9290331178309891	68.79709753484546
0.016442256472108827	0.8260839268758187	68.73293225634562
0.01979778172040289	0.3212045540780213	2.7572196724194726	69.95977796148146	66.03151987489741
0.019460649616293593	0.3031319154197349	3.452566095577027	69.8482741664593	66.15054217284273
0.028402040539925757	0.015078354279371983	0.5122818820923385	1.8150987113253516	110.75333752615329	69.14683211617651	66.2685087202909
0.013654417941020965	0.6030352729815339	69.86605032923345
0.012228974596562954	0.5858145334165057	69.1124688488192
0.011179230757786046	0.5511146483417433	69.99039593197986
0.0160761575103976	0.7917959282420594	68.48301176947521
0.015045654812213231	0.7464481279882266	68.79333836110084
0.013994730685168148	0.017725778287917812	0.6072617316486373	116.42889157678809	69.28324344746098
0.023407565672815052	0.6019356336473709	69.18375735211058
0.011901755505160061	0.5780363578514666	69.66094782689618
0.045093730617135126	0.6227529379778669	70.23128892799281
0.006026687151750888	0.5008076474572287	70.03167463778328
0.007267398957988746	0.49707943427114815	69.2432736733278
0.013951434056960511	0.5553173090775559	0.7951984498681859	70.67656973923894	67.12141049050153
0.015653540123803798	0.3215859032216716	69.9098533084802
0.022621532666601336	0.8540883127996117	69.40092134085516
0.026328524830437107	0.21880581501896132	71.30302643049305
0.023498159161222876	0.3478912585931199	69.0256626680914
0.024377318196794402	0.6608083614571167	69.84999133242106
0.027992010448712665	0.46022013949921325	70.24986745386748
0.044851065960838384	0.6848717562210939	68.47636215327428
0.02342467675169089	0.20336709200048322	69.01230563780788
0.010701529100942206	0.520776306415006	68.89328787016392
0.015154538929504649	0.25038158478120226	70.94887535144308
0.01022635461066851	0.6056369894924083	68.84974352783642
0.014464602908936634	1.1158366528101407	68.53184884488651
0.010199793859693055	0.4442235123650281	68.77700484713156
0.022887316084713755	0.6392687166744563	69.32554608557669
0.04781101539572782	0.8078412307219173	69.88290612800768
0.02281754759486689	0.37375516265901876	69.74932158848917
0.01871096712725053	0.32816719320064214	70.05018687848549
0.011294577982713255	0.6040200302353196	68.82666306359245
0.019424490555781507	0.27858937960924196	1.4675390521932377	68.60642799324648	66.10355071071933
0.03670021576466292	0.8234575209124332	69.28529650949858
0.018523015929629988	0.6290862470504811	68.55334447099587
0.012776144807402861	0.6276060807246726	69.37300284846897
0.012838080462917621	0.5535746773804099	69.42821790202643
0.008248301353471005	0.5609339703933615	69.369101767734
0.006961256779872315	0.47114079923192026	69.22783839675584
0.018209586289031503	0.6131924269696508	69.29099144753444
0.008723119735457639	0.9778425836151056	68.68680754274018
0.02921385370325932	0.6555985854057251	69.4799343675477
0.016536755509905323	0.30386416316921666	1.7612325155085988	69.95828451160543	66.1738185189551
0.0253870007463029	0.397048865226518	70.52722605208365
0.017192799233272556	0.7869150396662706	69.68024859405958
0.02383206894813276	0.9716728633070573	68.21624747122807
0.01763645986919119	0.4492284331502849	70.35484125258755
0.01710696044252889	0.5251391840742197	68.83664236772925
0.011415040129932526	0.7606880844718623	68.90018073772826
0.013320930283396957	0.5330752865616153	69.11400059220584
0.011099696217789484	0.4126763217295663	69.47560636397853
0.012412732216317033	0.3450963949427951	71.86314693694919
0.010640095576881512	0.7279948606510366	69.5985548224403
0.017423596800443513	0.5812218549899072	68.43651085706546
0.07058752551150463	0.016878441733822417	0.740581518923342	131.98232993257463	68.95817063522698
0.012427912669729452	0.29225828238287277	68.83350274556763
0.01502415545824624	0.23302198571737875	2.2655465544262254	72.06642847973345	66.50220097427834
0.010932183558410183	0.30172735768332914	2.4517535198700218	69.6001170269046	66.04991292096231
0.019541269200407812	0.3784030875217934	69.57456384525695
0.024155811581778517	0.8964824645451641	68.7240290730862
0.0127751507995542	0.5918457894646538	69.11935203243695
0.011890478308536323	0.18448259347200896	1.2159870389420564	70.28551812015534	66.08526904907838
0.006254143535862211	0.173080460160138	1.4845711132717048	71.27738141724926	66.36117519285361
0.005262264937099193	0.6193850579612347	69.29282617510054
0.01770000454206025	0.47935691177157685	70.02329845245376
0.012035997588754224	0.42740479079407373	70.94610588714923
0.013179653718531836	0.5931290549369984	69.99587259124377
0.003341205526572113	0.4454308562246469	69.85066616386099
0.009574781008791269	0.5211123831375137	68.53064181468523
0.02580689024331159	0.43990075333826734	69.5634665317802
0.012207186684493122	0.5123563795330526	70.49240803653228
0.07255215317556976	0.010486730573157615	0.7409555188998931	129.02533255823533	68.90502857375405
0.023379634189233306	0.5596602842745747	70.41026816411029
0.009472194682108035	0.49143705819434996	70.6729650387779
0.021088733655341578	0.40440269783812993	69.8068001665305
0.017727647428317013	0.518097849952119	69.3927301190825
0.01031021839851799	0.40804564104173696	69.38469901128842
0.014555435129850176	0.5674295861998165	69.32163383850049
0.011339919328481194	0.7424051880177917	69.1394847301298
0.032517242593373005	0.8290979922979007	69.4037412977699
0.012206774542223736	0.5849433903269629	69.38787544348945
0.02617776403809885	0.5486804417611594	69.59899278058914
0.03623777305861183	0.40179786265572104	69.3129392470054
0.0107032380794033	0.5819034770689104	69.83022053604718
0.02614169214535055	0.3984427409170943	68.64044843180217
0.01494315983726578	0.4799454402864555	69.43338321251665
0.01222227391094552	0.5506632268485141	68.90496772819766
0.018606976601710744	0.5537701800415323	69.34865596371733
0.01964344293728495	0.3228123629146702	69.83467178937114
0.008987465586344199	0.5028917445729545	69.61305234418822
0.014828171513039721	0.6083764926368901	69.69478569408743
0.005155618452077374	0.36598491918507414	71.86393891838468
0.008757904010260529	0.5750891912174249	68.7337015776291
0.004997779859571455	0.7475832774861012	68.59640812301612
0.009518726236037847	0.5376744309351771	69.60907059066622
0.008981054510105729	0.7694582622848845	69.54260968106088
0.01438344736023574	0.25594421913873044	69.69319105483542
0.013801238291777457	0.46680097438788826	1.2923967173319477	69.47020607614077	66.19745366858251
0.01553326680324561	0.6819038610733011	69.56703258353049
0.005435213215508809	0.5948447330684157	69.23675472632623
0.020846330745851387	0.45113368256146696	69.30013433543043
0.00800120451701878	0.6414240023858502	69.69006100787608
0.013667238841192668	0.42415383195836726	2.9706183116518154	70.60783616914918	66.1262069992672
0.0068429350776536765	0.2566338282599066	3.0666631711699535	70.00636585792189	66.17314464108024
0.011249474497806755	0.10306868630968853	0.8564139154031796	70.45552728531908	66.112040680702
0.011813289076840695	0.24987920540012065	3.3009625039797137	69.65996794165773	66.20744322650718
0.013418096098513759	0.1346961705849835	2.121383317654869	70.54508073629468	66.14971411501935
0.011322870443447618	0.22336568291660694	4.1127335450153755	70.8220937572075	66.20587519522823
0.021332149321766792	0.48822007479246543	70.98944596365946
0.006529300382342846	0.6280069370941516	68.57222482205725
0.010065201893223687	0.43238230021316143	70.37281711033803
0.001916566248980399	0.01754243166235539	0.4866913213436524	130.33406198401107	70.16487676425864
0.01461405943899755	0.4432279654090677	69.57677831164855
0.009242816624586358	0.53380065409164	69.44041710602202
0.015040302297352584	0.5471164101515515	69.33456779416565
0.009594326589165132	0.47515381619285163	69.38596612950718
0.013669118086369024	0.7881957148715976	69.37344933269789
0.010405548095044929	0.6306612065468448	68.31939730817014
0.022527395774964643	0.34797385336721715	69.52710071726469
0.006745367054552726	0.49589007275859637	69.52868310213151
0.014409394803387014	0.5766100301729506	70.32353124463498
0.01139130862990524	0.7089205962314953	69.77471869044427
0.005419875185610548	0.7800408489567909	68.72028755568029
0.004793227119162271	0.5383535556085833	69.22471414536955
0.00577371478126764	0.463843740176563	69.6328212648151
0.017172117555493794	0.6989881431116338	68.93520352922582
0.00446012837096414	0.017807511035761774	0.5148715203692245	96.6232918983201	69.11465624129757
0.016214114905028852	0.7083468894060068	69.39959733425086
0.022263405255375287	0.4156571934026776	71.19560532033806
0.00936516842141322	0.5133011940341248	68.78504048414722
0.011042520233222724	0.4406944409033048	69.8125972661141
0.008425614648507872	0.4879877685600352	69.4484424648986
0.025954912422579704	0.6702046446013606	70.28267159285409
0.025764689269459736	0.736970946536892	68.46335256982157
0.011194380359278677	0.8312286987702575	68.53901292988058
0.02659026630108122	0.6440222641307786	68.72854695230359
0.013072030216724092	0.42827392632083117	68.8942886528667
0.021235494772724864	0.2801818521037257	0.7059627725289237	70.36796663815807	67.09779697019589
0.01740832921110429	0.28860535383334684	69.43596074249706
0.030105099994374617	0.3566524977455221	69.30653734578934
0.010829303309653966	0.4122301365988314	69.44602623805564
0.01805569912286048	0.5209859533722131	69.86110845607149
0.012364798182707828	0.5352028393659627	69.1823129511839
0.016044907044316773	0.9420310647840602	69.08568427774934
0.015684232220702546	0.30062361954517175	69.87899384428864
0.02530049281193136	0.473647901881709	69.95783601081642
0.02724398511825695	0.5917461398323225	68.7676759004452
0.021779535637116088	0.578337763585284	69.42782718566932
0.03344975388272895	0.4100060452552994	68.9967072697993
0.007272067582178255	1.0647923238971375	68.67287962945724
0.02271388154857593	0.2891880408267081	2.7413723805769394	70.43234491205044	66.20770181242865
0.023633627697661374	0.47961118466385116	69.05593420855078
0.02448767782095781	0.5737611079440625	68.8529122936085
0.03411553661774707	0.47101414363471283	69.35725870083874
0.021888116508969793	0.5213148447490314	68.55223996799971
0.029946653395357136	0.44399063682625917	69.54724853710022
0.02161885390951189	0.5232500555031996	69.06864301252413
0.00929254787248317	0.42139944657707273	71.0241647547271
0.025500554437068234	0.2825711356719679	1.3705797887278823	71.10773840013015	67.01567599754996
0.005738164056081416	0.2162499880031505	71.47529622751334
0.013621335321331864	0.31122590658199095	68.74055988588984
0.012978259301728672	0.6686764429863833	69.50118872767426
0.0265063299429628	0.5239858675269117	69.52858995830361
0.013347797186930072	0.47256375477522017	70.09832733907878
0.020041128548634518	0.7560760169767903	69.2076347431062
0.030928752941667092	0.5237223744814639	68.37059256034775
0.01339658798575913	0.2940188358539003	72.08625715967078
0.03050250994906176	0.5791235350469309	70.00182546826444
0.014248944897701827	0.8524304843106415	69.50940937452565
0.01025696957247892	0.37913741027480957	69.50060332820728
0.008225385193445968	0.8180707669783945	68.68930907172182
0.00540650603774536	0.3716843256179006	69.68256656659297
0.021834518333991505	0.3046823622692119	69.3790633334113
0.00918584962179912	0.6628920575199383	69.66192287175652
0.009897895506152977	0.5377980844386704	70.476651018828
0.006533768611277931	0.5251635436656545	70.9179003691653
0.016921212232918304	0.28338988318935837	70.48164559250844
0.014652281954443853	0.23637713739517047	0.5327055704989797	69.47187476065676	66.67522351846006
0.020653452436041518	0.24667058783179052	69.75261443359832
0.018265993679085914	0.5315033755268005	70.8580441378009
0.011810214722468666	0.33917838860216765	70.8436792324804
0.012057275157655985	0.3092975011812494	71.79234271060514
0.011163685269907688	0.34534044348185133	68.92468522775816
0.014766734428755856	0.742576968302926	69.2718425284936
0.023958174260026617	0.5525664393885715	69.73207755073751
0.03276950568325835	0.37928226365766476	68.769107106433
0.023168669313077848	0.5208540469218755	69.95975248745161
0.040503754371951445	0.27188220162770294	70.69156166413931
0.023510489178400085	0.41724909550997996	69.42522310604565
0.01119631688287359	0.3016068603217481	70.64535526024817
0.02139135567966062	0.2768414560099971	4.087938145035083	70.59746862119971	66.16107875289075
0.021466261884144962	0.42012738835061486	70.19269026239357
0.03140575457814671	0.6334849864366694	68.73225574870013
0.019874992464232504	0.7437658634684233	69.00386272911109
0.011096150667344814	0.3274152407766775	70.00959244987172
0.013018183657409158	0.778536169346537	69.37217873781545
0.01157497705810513	0.4610595296445322	69.54233960301215
0.022527591591856196	0.27627041663373536	1.6669831179763284	70.28607839903493	66.10580252508271
0.015828917511506044	0.9376074025995388	68.80690130183639
0.012111535071501643	0.7795377625659825	70.28161147467205
0.010294358549971575	0.3807649837962518	69.94955087615448
0.015026950248039019	0.2732530196434688	0.5141212390973754	69.80278731208239	67.33235187077557
0.00915876516988652	0.5018173678097607	68.67384902226952
0.01654890257767922	0.3959998767057141	69.20345106371242
0.013847968850938662	0.5888636714987977	69.15202957692352
0.020553246967654423	0.9421578965227896	68.53655770768479
0.01877064754857908	0.6728234690145427	69.4342246047808
0.03553141354164488	0.7085638024890327	69.37434991448903
0.008775364134541826	0.22667539334426307	4.240131809996154	71.48601312875945	66.02297839045521
0.009491347491452484	0.3104846837433161	2.296412619501047	70.44378673283542	66.26257282080535
0.013098138025853042	0.36512190333658345	1.410424419422395	71.39343825029435	66.07282761443882
0.021852929835866976	0.2767596642873642	71.10183947157635
0.01619227961030549	0.30342041951615695	70.81202010008624
0.017794699467602	0.6852523965198117	69.00770976644259
0.02141061939353975	0.5342921659754173	69.45316539127558
0.021957083062334796	0.6811260741710651	69.66257011076057
0.011982516948231612	0.40578439004135386	69.53935698881367
0.013865071428147663	0.21266867975325657	69.94944524755239
0.014401102536330132	0.5737626094957644	69.29467609685466
0.013865251560745815	0.6187763818920643	69.37568198117624
0.020858287327405526	0.3114525763885603	69.26220460814939
0.014395501915605308	0.6184981339153465	69.8562523813837
0.0117312935972262	0.3544594693325946	1.7494066835156872	70.44180396840615	66.02420166762344
0.00805036348561457	0.28043763535974575	6.485218583844998	70.72506517496757	66.25461934292049
0.013521626012506	0.2781359020025291	3.658301145866926	70.27262481258677	66.14237863484237
0.007756865686562136	0.2953202990659645	71.58359114157136
0.015340371287281308	0.22841805627561304	3.4808717273403973	69.20657163054967	66.16024084550186
0.00571208591432921	0.21901533746108992	2.6972630479661133	69.23390590052468	66.31811065593364
0.011300645851917089	0.2612049594182712	2.3703941142657405	69.4843313247715	66.09117092845177
0.01646729290318444	0.12943661082924482	2.1360896809070202	69.29233093081999	66.17809817069319
0.020136481353019875	0.15069534069547993	3.481176944202342	69.34230476997102	66.01884739394502
0.0066089888074518975	0.19493430100776793	1.5892886344089086	71.8553094258299	66.18190339058415
0.008689726478697148	0.16628704928456695	3.1974323123300503	71.13061670108102	66.03881564578364
0.007165798663635633	0.22591451825349942	4.052672310264295	69.90657013778274	66.20343498976152
0.014333870277431417	0.1489820302309656	3.6229252930668396	72.74291968106473	66.20208362546353
0.025551431692989596	0.23114984894867083	2.073890847319194	69.43155414006822	66.41994304008777
0.02855755799610461	0.29222901574592147	3.0350228752948567	69.72710350991191	66.10218454831565
0.01670969929466162	0.39258096476712495	4.210504562756139	69.56657958290613	66.1309730656759
0.028629926264754718	0.49446108057008875	1.1040696362756153	69.41804228184861	66.1557034179987
0.011419605644565754	0.45552717752836785	69.4874431672012
0.03245087613572236	0.5206338038871253	69.02279781328731
0.011409206571827108	0.6102317282035756	70.0040607578535
0.005868560811362661	0.405281706212388	68.91334272272678
0.010431218678450671	0.49368426671585897	69.2875666682523
0.024657697400563144	0.4470713652842941	69.45812304366972
0.005186525714453247	0.3523398307607154	70.31314427445363
0.012280569379569256	0.28735141096749633	2.124853319784676	69.14070867155094	66.17918825067221
0.01655959064440561	0.5716267363177183	70.16562828426883
0.012613577426838263	0.37855762971636425	70.85745414125572
0.018696539696217627	0.44165038517734545	71.81213619790117
0.008088401697036299	0.6587379297114612	2.509201245982585	70.11095622063634	66.02805770191743
0.013890770424952006	0.6485194785722534	69.72817996391673
0.0115185505810473	0.5071184166724405	69.46090638452775
0.007329409065593395	0.7044248539304538	68.67446973715329
0.006920172638976397	0.3935165555166553	69.23143169088274
0.014473310280525105	0.6356248681371329	70.45481111300472
0.02050004621788312	0.7751380669996314	68.73831520380251
0.015130049775938572	0.43029379659623546	69.88440992916011
0.009078207983152804	0.379190715351455	1.7980184109856547	69.87983068160412	66.35585422852654
0.012540004655065832	0.4332401179060157	69.34396179044849
0.013067135748400833	0.46834645281146914	70.36454024700518
0.009333718790380825	0.4752097701297107	69.0825020612787
0.01709655465800118	0.2795078853042956	0.8880632360294924	69.22442256653271	67.6525229923221
0.008102370092590742	0.6975995296699269	68.87459470961998
0.020710748481899258	0.839597621426882	68.79592904033477
0.01387894659660908	0.6448918411106336	69.0129116949153
0.015379521968253717	0.46896391460810194	69.05759411912013
0.01767489468514153	0.2495439122596404	70.03237320689222
0.012974652564473327	0.43173058076381804	68.69226428809262
0.005389393537019628	0.54130994693795	69.13830684931614
0.009371120135719021	0.34058045493563605	2.385340364465559	69.4644390423163	66.03228635535471
0.027117461688062644	0.49551580494814806	3.6056323581220284	68.56445654774622	66.2324939849237
0.00917061073544198	0.7712669911044854	69.19431940621388
0.006478731596635042	0.49344382647976615	69.22947100877198
0.021887138481309226	0.42051080387189416	70.06568683069571
0.009942337711391278	0.06940591650911977	0.35678643793585446	80.90498410399925	70.46332366696106
0.029098278177557904	0.7757762713373056	68.47571371113578
0.011041068276722249	0.5985498559265495	69.15806581573176
0.015980572902601173	0.5862302549842497	69.47603883850678
0.03195987391885302	0.761264826344704	69.01959134938232
0.045510972998617734	0.6080294824353961	67.84951452314584
0.011508387571535925	0.6403715002286771	69.63510994338856
0.01587713014889423	0.6054610280016471	68.96642680043865
0.008848778505069176	0.505888408098775	69.43610960128363
0.023450142391790618	0.35883952842525224	4.661045690385719	71.13421334031268	66.11196875131941
0.010313851541723536	0.4561426699686477	69.77658166542095
0.05395498273302208	0.47430232565491337	69.20620473376282
0.013614130097417241	0.34369187869635376	70.22456367878101
0.006330567299701682	0.4353678275670621	69.53619711624069
0.013966572434152634	0.7436874286013573	68.75189440297626
0.012395065772535392	0.24589736521239372	69.38014038149386
0.02136743823088986	0.5575244313486388	70.11910802718604
0.005354315994798727	0.8889511295161538	68.69444130672201
0.007354002701223443	0.022064879638893177	0.511018779426722	133.90929345193854	69.2622356023843
0.007848334673846028	0.8664480303175058	69.33365126974516
0.018143385712308127	0.7557268506784298	68.86515057445304
0.013585259387898988	0.7903430058196756	68.75593489848426
0.013800073327237582	0.8960075214837204	68.69530222659746
0.009314059297620591	0.4253220487052923	69.73798593553816
0.005828921487775158	0.7626218395218779	68.66018146602056
0.016138919223808265	0.4906036372608959	68.70831292111191
0.010573517727093135	0.4983503860485197	68.62860302876597
0.016607015730596017	1.0087385835218392	68.16462045696782
0.020578918217706646	0.7101160947431618	69.44921225766521
0.011649135344187225	0.5633045975277367	69.78164816159547
0.009645014731532793	0.3770204428252063	4.902524746111117	69.70504933500573	66.02326896469472
0.011231569542546923	0.3560116439923738	3.6713185283885217	69.97057188016335	66.0691350380544
0.006610446448234039	0.3502095950701487	68.96127310094114
0.014918960731293195	0.446053461368097	69.68763144856774
0.005766149154048136	0.3895131275876444	69.42106769678254
0.021332672737105443	0.3969588175648316	69.7027048940706
0.022410849723201887	0.34265193989403925	69.97235080910446
0.015704721620204424	0.7292348378592605	70.46381850380519
0.009241985371332032	0.4599806019182062	70.08454057796938
0.013077705715692091	0.44130120040375376	70.09884184230266
0.02229637173449352	0.5527093658554891	69.4860738131943
0.02980518685812322	0.5934048775800065	69.66558467933606
0.020619082929691272	0.49545666070514677	69.48790082008377
0.012779515288897213	0.39100495273346886	69.218876351924
0.010674484310930574	0.8650039461973524	69.28610033725211
0.026644410374968626	0.6634347390988731	69.00849870540691
0.02125056986439072	0.702129630208124	69.60106111410792
0.018456058068385055	0.5546105284566188	69.27662914033341
0.021101065797382912	0.504954399678116	69.78249357798344
0.015751886554380787	0.5325491381575017	69.4749253907042
0.01317255145565218	0.666551227170343	68.63296429255242
0.014429213445712526	0.37939960002462947	69.76567588638379
0.030897403316403574	0.2956849121771203	70.49876179998937
0.011915206383974157	0.3171613408060867	70.77303634862527
0.016055933713959077	0.5221679165815305	1.4586295183716111	70.45645818465457	66.40949994380887
0.024172196964161462	0.38291636467192436	69.5560776533346
0.011595707088256971	0.9033214006307534	69.30048417516475
0.01889695113879681	0.5094442897545811	69.81372484387107
0.022998458956355893	0.2894892974688025	70.64975227854407
0.01722567258247392	1.2332093971992697	68.54952455024434
0.004819645850424123	0.29903162836414326	71.0583786738329
0.014300224380386436	0.6695861953937827	68.64951089479479
0.010474888589463095	0.8132418753895898	0.2887758747091212	69.12384502567028	67.56728363797687
0.014369772437060524	0.3895751317367354	70.9975825390278
0.011128060049542867	0.2121646889815961	3.786771268876214	69.38450471665755	66.04841651952256
0.018573995284633976	0.15949029840364604	9.071868452094751	69.96198388481916	66.06263567546456
0.01798047472038826	0.3142447239492439	69.44462674233407
0.019396574397305157	0.3355301204151687	70.11465525432943
0.009723641841085326	0.8646599370332394	68.68089771239872
0.017684078466543567	1.1612089816516293	69.40133135696543
0.020256599250198452	0.5821841476743871	68.42068305545509
0.021987886866010272	0.5948160343885692	68.91693721988473
0.005472772670656506	0.761683435030958	68.68173216860342
0.0036240627508787684	0.5387275297280162	69.61613774643027
0.004612716734537256	0.48461063023418827	69.05842701362843
0.003880102128198995	0.8065686955265644	69.1383606573046
0.011318633407907997	0.5021924712297342	68.77523912779262
0.012843053639804406	0.4407870367640663	68.56623844427344
0.0065535757085780815	0.26359065083836025	71.03549436893401
0.012956451072475433	0.48553535592595565	69.40665671512053
0.019237367444303887	0.4504382423779351	68.67912363455275
0.0214491900630468	0.4060975688473873	71.78828110111533
0.024818511259486083	0.3769631768478311	68.92659148881376
0.022976685744068102	0.8393252935296617	68.88382303820082
0.024447285989625506	0.3508309472093884	69.35563667836732
0.02041958667124059	0.4099818574030353	68.9982063853939
0.017741220396727226	0.5993048163520984	68.54540574299294
0.032776190839239	0.37423619550379583	2.3527675862104838	70.10537681824394	66.14924728900424
0.01250889001701213	0.13721924618356976	1.1337564879458821	71.0238974632526	66.5422271827192
0.01369807864653383	0.25733609169468946	1.1479872702627374	70.99608668388132	67.30986952293425
0.02119938527834144	0.41785018797236734	69.61443881026679
0.006687328139097045	0.699992409586151	69.01290253807647
0.02630915612367012	0.9124412513798394	68.65165898226365
0.010325738776093335	0.6913983495585071	68.9451313046069
0.015570840253774258	0.6708107391602725	68.8489400402704
0.015980991936807968	0.5858869488077132	2.252720041642459	68.95113353745381	66.19882203384367
0.03298323154350218	0.588551052783813	69.3012872206411
0.03404729030574774	0.8640683832699156	68.3881423734452
0.022699525343696875	1.4416971852082705	68.29560482102202
0.014260869676523194	0.6623040427301219	69.16060297612202
0.006308312841191049	0.5750098554721202	71.33602180554185
0.0060466479771982655	0.46572493187831066	69.65539450430414
0.014847003852137518	0.3821320940315578	69.6010001391217
0.0141945209761939	0.48591243797220224	70.57722361873738
0.018518924579240346	0.6898020695882687	68.91400395402673
0.005078772226381041	0.7306502987527925	69.13073967521086
0.011223294677210737	0.6364676073352764	69.85239487239477
0.011441299742989311	0.025357183081244204	0.8060522671672262	83.78894478529125	68.90225080636793
0.005166687949458795	0.6087001927407062	68.99134653927729
0.003695099421901524	0.278818847496084	70.84252731212125
0.028862026739568454	0.838238634718803	69.31737609611817
0.019403853520220702	0.5320054850692506	69.39464955997492
0.0077367903898057635	0.4087359595886986	2.726086865600163	70.45626760067792	66.10778597835639
0.009567557807433938	0.35718771725340415	6.497167953024472	70.0486238817365	66.06049863769138
0.02258175163713332	0.23640018594616535	3.8367060759853966	70.71153473740212	66.2317608063339
0.00994001263734899	0.2902325018271783	6.884278823317378	71.0062714302764	66.21242879184871
0.002524601826087663	0.30421107206316533	2.2436755189849777	70.47134768687528	66.22897782052341
0.00236357131275232	0.5684505853725998	69.03648286913375
0.00406786648636913	0.5200297518144642	69.99747154701967
0.009918528277585511	0.6121363611355601	69.07286048552717
0.020276086058784597	0.3631599671748217	69.70777486121698
0.021562149402032278	0.3633693207023596	69.14578727794917
0.021122380142804296	0.385624179502835	70.14564498194198
0.0029228406053873903	0.012919235150485686	0.6701902470781379	100.97433797020057	69.4359699789274
0.007746792418287694	0.3427202396435601	69.86042804792034
0.019980701169464505	0.476157128606727	69.81430090929342
0.023249115182143613	0.6008990587459068	68.72619874706271
0.011466778460447056	0.5760164844935379	69.6629508804015
0.017460365011560345	0.4095299716195418	69.62303516410856
0.009307476366167187	0.6040830503088181	70.20961575615489
0.015802093504200258	0.6148959920869146	69.46347575995645
0.019007047407111694	1.0088883587063682	68.82927119858569
0.010995797027695096	0.5581296471219093	69.47590168637716
0.008777170498808428	0.4436732964929963	69.59058316182661
0.006217799398952317	0.05477922014643127	0.6626796434442382	75.43984205675605	68.96400268518296
0.02074386106470061	0.6075218344622074	69.57260859766744
0.010575179903138596	0.7789034596125215	69.17141200845751
0.016829316883337875	0.33275056809122927	68.6470287605762
0.010836050700685326	0.5992956105595801	69.92663175065181
0.014226583499108486	0.353309650587401	69.60021569354048
0.01739669094311674	0.435493713831083	69.69793840670906
0.017381582106986586	0.5429265708740775	68.84267222769421
0.0047061113548283245	0.5503522344548362	69.34004321833248
0.01446122130312609	0.5502904311499104	2.9953849549826317	69.2885327824309	66.40039302159288
0.007671342353093785	0.21411457095521536	0.6418092790949362	71.68202943375006	66.54303651520348
0.005703425461053174	0.5559032242259275	69.37942112900605
0.006761668657961705	0.5069781611560883	69.18807990215552
0.006906264054035486	0.896648062495507	68.98385239756831
0.00906970081634316	0.9375722849462992	69.3410345523036
0.008273545026253652	0.3870917995311499	70.5216964637586
0.012074666333474872	0.4946043879012715	69.45442897395257
0.011360980873620226	1.1858341018904779	68.88056041062873
0.002610336098671536	0.4712858189159882	70.04160288925478
0.009800189195187582	0.5545746186507899	69.23489091525221
0.01679116173778957	0.4431831408303316	69.04947649083708
0.0044514388179198545	0.5260715770238511	69.97352407841991
0.016696124846271858	0.5178958074904866	69.15728950836342
0.008551439182516076	0.7312705369149308	69.24489419507498
0.01758029249566168	0.5375051285106742	69.80647828799609
0.01199009570448992	0.580253803345738	69.50343349611813
0.021290615192298433	0.7952028400425907	69.08181008001858
0.008688638754110207	0.6359358743598534	68.76187798042244
0.006354701230299777	0.7141765580151035	68.91286369517314
0.008360040485976009	0.7569139049009587	69.0155989144256
0.01958005637744333	1.0558985674897916	68.59264363536599
0.013374803815566778	0.5620690434589971	68.82535665999158
0.010038154908627186	0.5239747364686429	69.32174647926985
0.009969378331279904	0.8153393395863061	3.0197335154793614	68.49806748901565	66.24653019115003
0.009483682475627274	0.6045142495238184	69.49582355912331
0.022452007297231225	0.45313230112477626	70.65540648922021
0.01705387412225393	0.3203336976107099	70.41697247162284
0.027117242270046093	0.8760537772386653	0.8043879887293609	69.56194578326686	67.7853383167666
0.015876764862115388	0.48140351807466236	70.02017343891437
0.012915298342579838	0.6381515126750299	69.7945187160823
0.019568488413913832	0.6087034993229422	69.506339572977
0.011008505399924673	0.5498887539161997	1.355187649203372	69.11093753029989	66.20358295424764
0.01574400580008113	0.7607424333804474	69.74095246301523
0.011934867507754778	0.004634289638059917	0.4565768461158084	73.80368889740583	69.16560961185266
0.01977711027566102	0.5774892757042056	69.56680600679607
0.014084666884085207	0.30815987908760084	68.88071462328078
0.00875432856766469	0.32916994455743986	68.9838569390225
0.008279059757631563	0.4651239299561363	69.08373775369553
0.012350956197949799	0.7203552546291211	68.96076336083907
0.020694714151790895	0.2520856037797744	69.72729075095938
0.01271033996482424	0.4031694270153501	1.7676654823102835	70.05743597259188	66.20974954114811
0.010546884399493119	0.2899328408813162	2.9429407489203228	71.15356441545434	66.38910374955225
0.007276503473416245	0.22778322967718653	1.3094631395281038	70.19366835347583	66.68710925589944
0.021165857372001474	0.34293999223280297	69.47382109495655
0.019819306204473145	0.798129766125065	69.41787140701537
0.015001192803765688	0.7317038674714332	69.11313937840545
0.020210800490098137	0.5913790137952746	69.08219170562656
0.02491658341508359	1.1330336215416363	68.92119957692131
0.005163664455128658	0.44983378075224495	71.94616013195956
0.012973414721114336	0.30642268586246857	70.14458065400272
0.004595929211008527	0.7187110475810906	69.52975482316744
0.027261630191669398	0.7032112401697719	69.36718024307784
0.07661437222376088	0.010392860883613483	0.574701765772929	124.9087944465187	69.57613380020635
0.026027262131015257	0.5074692780896232	68.88926033754186
0.02854454591326449	0.7445435534120745	68.13227485219774
0.029485172484082355	0.9647288137291752	68.52473640481561
0.014013990242840337	0.9459137787543751	1.6695013193063528	69.49688975939415	66.01855708543532
0.014928614347737462	0.42342372364946185	69.59598493553926
0.014817020215130816	0.5210940868543243	69.37395164300119
0.019862232210751594	0.3739515510317213	69.71757069495348
0.03280249002494138	0.6381062023197123	69.98185191727528
0.010974227873501234	0.5759435143744337	70.16428750162116
0.011377656323548145	1.0046607991783418	68.60519605576357
0.033974329919125135	0.8019761643670212	68.43968352066587
0.026985545013414207	0.43734593660650234	69.47029631563362
0.005737956071668089	0.5569132134111314	69.79447186963505
0.0007226933241124825	0.6337318388674907	69.34162363362047
0.0019266414614646128	0.3707608159984954	70.25116790592051
0.0029917689466736576	0.3072425586583076	70.47260494084273
0.014298798832026673	0.5501261934660101	69.31535745443482
0.025902655902996636	0.23718140179820088	69.47825125252956
0.012759893249120108	0.21316884389216423	1.0732418139102957	71.04593257945146	66.07858661592469
0.05228817592695768	0.010716349064696463	0.26267228729687364	2.773297755625254	124.7221087250483	71.87688124747747	66.33189542898234
0.5929231730592319	0.02511350798745056	0.32903056604749176	1.6931574009205381	134.93862256412325	70.45230317436452	66.10624302384309
0.6114888966627228	0.008812681308987769	0.46775332543129006	134.7960444917933	70.29391460440341
0.28018749479039673	0.00962259001646459	0.6694986969828212	133.0308636212805	69.59486304461214
0.02350027925023666	0.4637899641571953	70.19485915104178
0.02769821263574789	0.523731817946329	69.95278855140883
0.01947795269709344	0.5957800103032427	69.53017518696365
0.03612639664789779	0.6639619187217932	69.11298716330433
0.02264345170434488	0.4828989073986797	69.7219829850058
0.011285410362699772	0.3162604231307869	72.45720601091696
0.008204805214176132	0.5909142345659895	69.60539044569524
0.01013160740408888	0.48203527686886083	70.11823967705371
0.021509133748181898	0.45478335986653945	69.2426584994072
0.01924397739916482	1.1755385905233349	68.86550038581035
0.017624940350241314	0.6447875752150101	68.5345418718554
0.01106630332661793	0.5113217722318864	69.19922289467561
0.023569140478835474	0.5378112944239477	68.73379795142745
0.014961997902085309	0.8255440649177892	68.32234196522722
0.01620502879249396	0.6519266469463223	69.40252086872984
0.03489944372167043	0.6156477183170959	70.09629495029712
0.037208805989127874	0.5226848414205423	69.31410949937867
0.023424849179634857	0.6773440341453743	69.91783304051889
0.018377525334983172	0.547566234088593	69.0572039387644
0.02990811958659954	0.6319868883534494	69.24775459002811
0.0028869212011562863	0.5829580633946361	69.72825960732256
0.006565853371871701	0.6090953174136152	69.14678600947752
0.004785803812299068	0.9124141443807274	69.55827061596038
0.010998708426279548	0.4866185768222947	68.76699424614412
0.0049475267410224195	0.432925127871503	69.29445997644227
0.005278559447617716	0.5006622162882175	70.13818786267682
0.02893810658008822	0.39894652913104317	69.34310579146378
0.022121262334168213	0.44620296950588323	69.47992391710235
0.011277535608040618	0.5855420250663347	70.02154044483125
0.02735851004858799	0.7138309222895097	68.8799591954174
0.019089582654672935	0.639543187899951	68.95162679064413
0.011202261371087962	0.848142253926625	68.99691460574515
0.015222149275440933	0.33688259655648023	69.2787108130859
0.011196670614618123	0.9113188073686447	68.96542981272903
0.013748327052359207	0.34604878663899274	70.38466604724161
0.02039585112123815	0.5016697658016674	71.1109596489366
0.02363594172596277	0.3794224690530497	68.48879182199097
0.022405977692795336	0.7888107437145322	68.79869098310049
0.0044863925623693105	0.041804572631719376	0.7893620799199068	74.60448972042931	68.10516773746828
0.021542875004987798	0.6277336498169769	69.3846281187395
0.01185053988677538	0.7037918694278538	68.94312122484378
0.008153627212972553	0.7571130863609747	68.71595124548233
0.016225877283155613	0.25397777842156627	69.39431530474373
0.01825677241961661	0.3228091405585879	69.49369486872408
0.015557304200941471	0.41314357483834385	71.37632632562669
0.013990246382537678	0.4773965584810378	69.51766217245421
0.009858818607221239	0.6323919092815207	69.18848794712264
0.01286568846658024	0.30091848348773864	70.71091624766264
0.01113965086537529	0.7550386321610051	70.04812681970536
0.03000226739904251	0.32019137349086857	71.67862467265877
0.022022152375316576	0.37447790433088896	71.02517196014006
0.04762010465266234	0.4455307654973154	71.16204817252958
0.02433154054574183	0.8462217931616801	68.67429678972793
0.010523781682672784	0.26014326127985454	0.6904597583880472	70.73104522899897	66.55465449457847
0.03194133267107207	0.37026463341911087	70.03132650721807
0.0449243856453372	0.6215422223188222	69.91467516728659
0.03415313070303458	0.47573999842972786	69.022813021579
0.013703527804600702	0.43749031379371184	69.55480037756493
0.015030426210389063	0.6839723635504235	69.01542767537948
0.0266413118813812	0.8729471617679555	69.40601980364
0.03383903013869397	0.45195533317363645	69.94517128294817
0.05331891434985679	0.8396871492051623	68.53374176044058
0.02939555081913175	0.3743897285804056	68.98429754275932
0.020740104284360794	0.39740224997994794	70.87192509407905
0.008648366882089845	0.34065182835270963	69.81359527612081
0.02423680553026513	0.7878611972493753	69.6913630264532
0.034531705926593735	0.7454001305817853	68.53303976299448
0.01708468665787937	1.0820263046271439	68.38583305794687
0.012516989062959775	0.5155159724443488	69.66482560271432
0.02101529618533556	0.48086009483704645	69.85142132364359
0.034735098286942954	0.22588647652482757	1.4816352469002148	69.14937367115854	66.71275991083228
0.026487224477280948	0.4624458293751172	69.81618719934751
0.013561425408707944	0.30478976882011555	71.6296582515984
0.022624515518713702	0.510144722000224	69.50802885700286
0.008336029798841764	0.34981051589416906	70.76815840889863
0.008744883879241851	0.021326009525125363	0.6767359634209802	79.12439770992506	69.14365842532753
0.02623486958749468	0.5359654959991769	69.86298290794628
0.032986679706768524	0.3901758349460621	69.51290225873575
0.017255117096930637	0.6871839827772364	68.99260234751047
0.0071291592218098035	0.6956362696567039	68.99453742840132
0.02518832135734842	0.50393538572025	69.81971685332053
0.014587386499088733	0.7151481594564094	68.78427490915487
0.04084383335984509	0.4814560646370755	0.738651879879031	69.11764635744926	66.9150588030868
0.035199954603471584	0.39519895955786605	69.47419961510502
0.01712338501492096	0.42128044000077425	71.05200261706288
0.04311767816037701	1.0254737270985348	68.90589131911548
0.04690563778524328	0.5133555086846402	68.80617686451517
0.01751186382035826	0.7778323808721889	68.57824749336952
0.010318435133455164	0.5093668464166276	69.28093477223749
0.020450499029618423	0.5603036922457546	71.04955372870158
0.010442983452415032	0.38150882961603666	69.06396146511204
0.019982371834748637	0.4090939854910526	69.19938362534273
0.025009920491612443	0.45841411899428375	69.67381659503639
0.012332735359283984	0.27175507764417234	69.56332210377339
0.016732454828643484	0.47891865422210983	69.13290778470302
0.007168374096407384	0.4953128671787369	69.46821421183762
0.007078140129411465	0.5513829360462401	69.83435822746998
0.012095549745665507	0.5510199833046311	69.21772119725458
0.016395448009982883	0.49984488929882576	69.951730434745
0.007696506475764638	0.6549923618637599	69.27545996690293
0.01600709541963015	1.0621984318783957	68.39908425979911
0.015740010574698135	0.6010150449593784	68.75035181219563
0.00192881586444286	0.04766620159293612	0.7761210149219933	100.18373870207182	68.64110507404446
0.008273846982101679	0.3309779802513868	69.86643216028374
0.009840432899510587	0.7032995166361597	69.3893286249482
0.00752583752948642	0.5202758597849633	72.1574276491359
0.011568971026028838	0.627168600711252	69.53499731530306
0.010448653725484145	0.47276089510469066	70.02947214977473
0.011222003219486186	0.5400392110865782	69.46945930547017
0.013904471991374718	0.4668830982790507	69.38535793194245
0.007398343645540984	0.6348121599315332	69.41671020841848
0.009196011581224487	0.6436453064198555	68.98442718162303
0.016074425603728314	0.27894254203575564	0.7608847151949799	70.36650458426618	67.25259385172784
0.017916484413951796	0.7135782654393585	68.66327938943829
0.027397935295714236	1.0274397196120575	68.14933606599952
0.025064154094786923	0.4690661343810635	69.90508699370189
0.019718441125849327	0.6143154893532163	68.99407525642411
0.018100362088808622	0.6178353925371778	68.40911834672043
0.01170716889342785	0.3536304588569944	2.4395886559308186	68.94043416328871	66.08416652434843
0.024963388876046336	0.46024626644132177	69.39636809136732
0.021774693981854557	0.4503898661163399	69.30203173447417
0.0007316194178235989	0.015881660895333192	0.6224751249766345	111.48617203233887	69.50667637519184
0.000717887219437847	0.01263670281937207	0.6753373357918807	103.2907925263441	69.54449290819367
0.01721287199254134	0.5419769626512333	69.35622315893853
0.016773898493190213	0.4844424586173144	71.32441406528721
0.016921507882134156	0.5428211727805882	69.70009431414637
0.011638664858773034	0.24440609276549044	70.18801389425957
0.005930476595119034	0.5142678645855524	1.2927220037794802	69.45562912226441	66.55024830479196
0.0034235904782447544	0.6022989673605855	69.89760970430895
0.006682847243576196	0.7724381539321059	68.7162413443654
0.011640759296911678	0.537804642075958	69.99792831749579
0.008289694727356592	0.8612889581388193	69.64240594830636
0.005259467406192643	0.2362623695608916	70.93767348664767
0.003697923209207079	0.34398042489012576	69.68551828343925
0.013155152489709733	0.5397128887916616	1.3755456645386606	68.74528756493723	66.20820831024488
0.03590268131664203	0.5070219713171555	69.70043668052367
0.015514912613217824	0.7082018338135041	68.66983050613177
0.020131094237106347	0.4894956767940015	68.93942084137662
0.00855395656571307	0.3257847931771637	3.243178565369401	69.56800800078125	66.1317890740585
0.015290364562942176	0.26857094497837286	4.726427283558317	70.02742828420621	66.06705655690932
0.01837269754012176	0.28977506135744613	2.8810380646421327	69.6511618870394	66.27223532603759
0.024335213853486644	0.03032154253202933	0.6912259099936601	82.9238472033005	68.8128231127116
0.023610287105101154	0.4625092656414173	68.78861149858432
0.005989820836550378	0.016970718878496282	0.8073944978009107	119.84785306248183	69.59255501709406
0.009413273181643539	0.6622160203127614	69.15031219828934
0.01729957058324822	0.9932335134564136	68.81878655681719
0.0026508111952273502	0.009964759307018643	0.9402249264571553	89.35774196276168	68.46693656955655
0.0048152220892003095	0.03516085831124727	0.20945827977433015	2.6947194120957785	82.34390436590148	70.44858641405672	66.16415332306742
0.028728514450705817	0.013560932235534083	0.2492391764055714	3.660086308936869	91.79575364496573	71.87511827274425	66.17668088895088
0.020758045840741014	0.5384646904578346	2.80892762401753	69.0724263332552	66.12447064529898
0.023214732262784508	0.5828297946285653	68.50143408800095
0.022994372174184884	0.5886297365797998	69.33323570352522
0.02810576552718028	0.7565649231888373	69.48939399753992
0.010183654406814856	0.5986998480426505	69.63658698351314
0.025071111976400356	0.4686916887145149	69.67338015713997
0.02103163219137192	0.6466150374800186	4.630903828563698	69.4194951113596	66.0912916333886
0.018536229178657312	0.4896290143380394	4.734815595316234	69.35594076545642	66.18591581032817
0.013054843002591276	0.5068772725312419	69.52503850915575
0.009634145919628335	0.5191016091699204	69.44654141281909
0.013834164975636509	0.876507190720618	68.76357871618174
0.011959393279476016	0.6380546222649256	69.04677030285362
0.0064695449789188815	0.43513805344066997	70.41958148998081
0.015486980162722418	0.6458504135738394	68.93315715171791
0.0054180731880223675	0.44519687296369936	69.0294668707236
0.02234053806969482	0.7012423454541937	68.64986040978842
0.0107898222299644	0.8970490878540769	69.1708000292346
0.01856163443680582	0.6124554605709128	68.89970154768241
0.015579908071529416	0.5180493477723619	70.21159704748584
0.0078017972332463485	0.6756183658593389	69.27698634318138
0.014688145049408118	0.6625678865372147	69.12002435755008
0.01823784293151865	0.7857006870901161	69.42134796255645
0.00611675339705907	0.6437042720614424	69.96007030851999
0.006292645997589984	0.2878392321787985	71.03917630887763
0.010448604904352952	0.21436850175625946	69.42897894817482
0.01372787182598843	0.33172751655870975	71.37335830609013
0.018111107373146706	0.494769519762212	69.79408271373411
0.01672869706868202	0.30581367066030124	71.03648385832268
0.02386641869699709	0.5883708278266465	69.64296886932254
0.023517814244481638	0.7363582696724621	68.76019752587914
0.010278181302076425	0.44120978867770233	68.80420023379831
0.01808833993674156	0.7085525779650739	68.56554289346647
0.015216560469079647	0.5214374566413948	69.42570831093084
0.026587879862794338	0.696406736414086	69.45543530065952
0.010798451351538086	0.049257321774512045	0.5221041273261504	2.9869472060687143	80.91053426688478	68.9776667722944	66.29061461057506
0.014393835692750594	0.6060856571936991	69.12616643469818
0.02226996252264798	0.481194773935433	1.478947271237753	68.97586438210406	66.10197787222911
0.021159617957743758	0.4500099649700013	69.39310802430597
0.021028389140182225	0.3790624931740125	69.50835268840858
0.0189641892807373	0.34421256952490636	69.63794178242223
0.013365002112463838	0.37575238395449356	2.3638346226934233	69.37013524759004	66.3165872575004
0.03833299701722269	0.26155316154983616	2.8785811319227776	69.54785319809162	66.18314011055095
0.0071295163832138676	0.12724583560990801	2.50578687001067	69.4238439222542	66.18387428801834
0.005682926087971374	0.12020991222925265	0.8828224983548468	69.24707746417056	66.41328955635413
0.008332323848526847	0.14640484806820586	2.083863437484271	72.37443516684155	66.20403451521237
0.022051989705411286	0.2793331217083295	1.856367205415021	71.12998066938896	66.58492799189862
0.030001227810360923	0.5377374418908598	3.7583069591595675	69.38233664474937	66.03985766091671
0.01142117191133667	0.28256342552764274	3.7534909572589092	71.43773157800798	66.23096021675521
0.00724885077360689	0.4599137279283973	0.413496822012713	69.50620610542447	67.33104718261895
0.0132547533136442	0.9739058013991393	70.05922020948724
0.016351992184988562	0.2720119343564566	70.78765853346533
0.016267523443777736	0.4638859865707713	69.06013262633931
0.031102233099892213	0.49329320511576635	70.08560388845959
0.00948324540684272	0.48525477713626186	69.30182603071643
0.046771846138959405	0.30834105156479785	68.42592730327966
0.018802508440027486	0.5371066826270916	69.47376572661095
0.020688154766294934	0.5866402170131966	70.3235081395504
0.02105124167578834	0.46752760550307015	69.37181819482137
0.014145997636737165	0.4675647825219207	69.35323103806196
0.02385995543227588	0.35308608354011806	0.7910613533246896	69.9168818843202	66.10839707698923
0.017080414614150677	1.0419546455229662	69.16697266202422
0.0024243933575139875	0.04448002800808308	0.7533954266736889	81.7589095868416	69.18344976409247
0.014389195887956181	0.7864927783270345	68.32284067152675
0.036447488345279826	0.44800476377064713	68.97352817435515
0.017947074706970906	0.6779035935743388	69.39097176024625
0.02298658557617454	0.597795045494138	69.33902674652317
0.007376203826363353	0.24089725086525293	1.35041401723965	70.61216089262241	66.18882947472291
0.009504265595283045	0.5415714839372485	69.52452693888955
0.01909267767871165	0.24092114129346917	2.2212400376556842	69.97304098089371	66.22532889046792
0.006147884719887926	0.6278359233175345	68.88284584316744
0.01994669973610974	0.3664490347559895	0.4511674808020933	68.72782188641946	66.5738854730287
0.00723090828473563	0.525545632100505	69.6696361374445
0.019119925390212154	0.44766693220822884	68.86168921286779
0.02010234886933015	0.6743286389807404	69.64995532407501
0.006799397502788708	0.48652719395029936	69.60109025123502
0.013154912085048357	0.6878267557639761	69.10186798687194
0.027797633216527323	0.7389643308383146	68.68997510909804
0.01845349302510863	0.4563846628590775	69.91233356612825
0.029182932380639705	0.5164830330291456	68.68717423334887
0.021262428319757488	0.02836823255890293	0.5458576629555026	94.29417290910753	69.40098065346899
0.011492496833270688	0.9098221962844859	68.68509817787402
0.01515258133304093	0.40247137771745467	70.31655779258102
0.012825330926556631	0.5820239374951283	68.82027498649758
0.03941647174532924	0.5072380440878264	69.79558659777217
0.019290399069005596	0.6963875114727295	69.15565888639644
0.022730918058537077	0.40457467348711634	70.45178585004801
0.005692992808569589	0.497757424170889	69.27451684261129
0.016268942957764692	0.37696384498484103	69.22685854252545
0.02690075228725848	0.4990373737931689	69.12687425625528
0.014813495612099992	0.5378424115578632	70.5034440846688
0.020720577105559294	0.7389760388123227	68.5808393276121
0.011201660340599832	0.3844852414213016	70.05683226118792
0.004039366599990926	0.5098674463133908	69.87917559563206
0.014425705230412743	0.29030110432064576	1.1768512555957453	69.67951418195594	66.07772306661005
0.015343894087046686	0.39459509510524265	1.8417807041735725	68.39737569637448	66.31512614634602
0.02827325371387776	0.7592217516111739	69.50911033076837
0.012002172425507078	0.5243026960444804	69.34563132613839
0.01959335979128145	0.4886553892732669	69.1793268765112
0.02001767470579192	0.5067951063334875	0.49229998193339347	69.17474548865091	66.85184610773547
0.008610430969828041	0.46136733754558235	69.2581715671476
0.008134593925842627	0.7989232979415519	69.34843694064958
