0.5395897180838064
0.06820189201224444
0.07128133823998778
0.08054039235841824
0.06116334612965163
0.020460793003909045	0.07312433879443792	107.70548615754413
0.07160169651719361
0.07888991339340665
0.08808051565280269
0.06323832099163833
0.05957582347943627
0.09414666940898725
0.4094676131449171	0.08237403829391765	135.5560507841525
1.2337987281732314	0.0649063460715671	134.232535691122
0.9200523915950493	0.05047065261417541	135.65442325113665
1.1254424629011712	0.05516070445906361	135.28291050320118
0.5959591779961734	0.08175710915102562	133.96474614600473
1.0385098867719775	0.05824270864016356	135.36398590277827
0.4224330343933942	0.07965554329813411	0.07056017800294945	134.16646241333873	118.88671684174707
0.06540214320456926
0.04163083963131614	0.04804948597271695	94.72117234674958
0.07242276308385384
0.07402360266729885	0.08877562544156788	73.51610554588561
0.07600185113476236
0.0887765205484279
0.013944890388957602	0.09608243728509283	100.97065493013841
0.042124263337399256
0.056621671851896344
0.07175516565596607
0.03989651622247059
0.07472034300592625
0.04921035589403179
0.07622358690084692
0.04112688162904101
0.06944780173134354
0.1216252370694391
0.06500105724333503
0.07362943793861551
0.06489352834964687
0.07837129198227925
0.06509575048541123
0.08618438965806648
0.0842627022600395	0.14127067905272964	69.02885147679063
0.06913452839956288
0.05673413736871876	0.07766665555555444	85.54018748283046
0.06156149595158304
0.07670989868743945
0.10319977458079928
0.05996142641778009
0.06977239444861526
0.06847206209070844
0.06535975750584463
0.05511986671113993
0.06663326563677278	0.062115222743995085	115.716953697345
0.0669739733581264
0.06985323349064566
0.07791116187670913
0.08465942781691196
0.059906376920859115	0.04344045848960442	77.25487669890138
0.06736401733741992
0.05635462120976034
0.06265959417109308
0.13547232605233325	0.06448839670882085	129.75883289926713
0.05993940101341925
0.05748673886210893
0.05619750800437169
0.08181377940022462
0.07678849462622821
0.0666021831263403
0.07856201120400888
0.06592703921574068
0.04061874558102858
0.07816851275051787
0.051503503145359154
0.08674996922352914
0.0601318325837576
0.05166721180894448
0.1267734971991442
0.07241273217412898
0.06857613768073552
0.07888364842182981
0.07408959498391077
0.05574783537639764
0.06540464971368973
0.08688252365058896
0.19813950605955413	0.057513346291741554	135.27123547250918
0.07026608801781281
0.07822175787178677
0.06069300950790653
0.041565616884064946
0.11147906054297262	0.06415783682484642	95.06092982488903
0.07451919051044063
0.06413516254201579
0.06471539377952952
0.09994864431529384	0.0699556345281575	95.18234711428701
0.07370662461033115
0.055474484276929734
0.07369895338234782
0.06341575139518016
0.06585219125503114
0.06479293256285733
0.05456950146327253
0.060562643324336175
0.03833269641433173
0.0576937441870175
0.07076902402452034
0.06918415404071737
0.03936095654219027
0.03610160038368778
0.056952823590252284
0.05097282552515434
0.05044942148310478
0.06848201687979816
0.04658900846321953
0.07432326497216889
0.05163127569213047	0.09151137005022332	83.93004081152434
0.05225766646297986
0.05717773372569767
0.05299441775437669
0.04894856349234061
0.07154153376842098
0.06475384290467369
0.06742516739963114	0.03649988871016355	130.653542605344
0.07278314137483569
0.06634210419487342
0.07472760962607787
0.09225056456890539
0.0723423848779256	0.06842759151943745	82.15326044344141
0.07100139221802404
0.07304496827308146
0.01696544088224922	0.10212380212529364	92.93338599241376
0.008963637903506495	0.0669954899358871	111.63475771961042
0.06541699450509263
0.09431717201754987
0.07686289969454645
0.034645200330504625
0.04047375172752804
0.08706256278196656
0.05304981147589257
0.0635368591571257
0.05683030450122063
0.06299112466880913
0.08289153029632461
0.07672803813226046
0.13242821784526124	0.04850424902839542	94.70367658716766
0.05467431011512967
0.05092824151038727
0.8390946580983596	0.05764084779186044	132.50530120141806
0.3004565685751245	0.06097145358018696	130.4817038580735
0.14108621359331314	0.08359768583028153	134.53223704568433
0.05975193935537348
0.0613202177941186
0.09099341614068729
0.08130442026324426
0.08510769538554479
0.04934551184513014
0.07092039332186413
0.06197480533748572
0.10313839220892847
0.07447309072638636
0.058378113438634006
0.05710008727424386
0.0641416949666333
0.05841750183714519
0.06941306084959935
0.05438248025062387
0.3713556657461555	0.04457800254429109	134.19948273418325
0.4399508915119	0.07093361184427763	133.2518893560154
0.06669248190956123
0.06764306183821797
0.06267037018280926
0.07237691385386624
0.06132794151434623
0.05741282435034366
0.06130451663906504
0.07076004370719999
0.10944171461074778
0.09477372881292269
0.022967339018217053	0.08678811582868269	109.89724777408125
0.07849171008883916
0.05615976635405968	0.04727811552028327	80.54586773098765
0.08544836663984379
0.09076579123665358
0.13861877457018032	0.06581940112869959	113.1636379951124
0.09929055752977964	0.03778485542779769	81.4212109856552
0.07333137598775373
0.07337998129668817
0.04511457870855185
0.07323147228721766
1.099516213305185	0.07480832190268799	133.49486177653245
0.5670778839287158	0.05758256258791632	132.85195698864075
0.06079648995330862
0.06755088210108465
0.05757098611830406
0.05332418212436043
0.0700241516785804
0.062028403432685175
0.06565030739298866
0.07892660488918625
0.06682212502413136
0.08703193032554493	0.19835721343469112	69.745140599608
0.2942919877416145	0.07305174565133185	135.13144705655426
0.07775928918969613
0.06530352016900874
0.07733745071381194
0.08509866689732089
0.08909878745189863
0.07165824774250298
0.10533803732582976	0.8508877897402294	0.07354205765437133	126.21642963951872	124.8424115772433
0.061494031056534434
0.07494141018490504
0.04625635762812083
0.04329275937480497
0.06237569563374082
0.054583104245275064
0.08327131013556822
0.067035000146789
0.057123405026579616
0.060062195064187904
0.07622922560565674
0.06143200624650561
0.048743304585124936
0.1282166184169929	0.05071080083680637	89.14072482072633
0.06345850078884842
0.08904395547450525
0.19755237605980794	0.06053900476168678	124.08548990478755
0.06798168589847617
0.04998247267227509
0.061499774271763195
0.06916302984625963
0.06485774913798986	0.1042894671732578	66.6631940641964
0.023720238530551115
0.15260316734010373	0.05254761290103226	133.69518621730955
0.04732817855230529
0.05422923811256912
0.047395273589061725
0.03957189518865376
0.06195193625311551
0.049403686777635444
0.06905256917756612	0.37873842634452276	66.37202792470245
0.05588629763144588
0.06177926287792773
0.044381761001882694
0.05245864590879943
0.0609951431858983
0.03476898240939293
0.12814355544396525	0.03278897296281623	124.7902067381118
0.04558735870092451
0.04800469554112546
0.08169708106912406
0.0482897243840491
0.294089059375692	0.055565417151876254	129.39306138930618
0.03893370697890335
0.07204299369630608
0.0606140124871122
0.04785798835832153
0.07073930939488539	0.07821688951563387	118.50034832764389
0.00884996068014773	0.08956229201004964	129.90927673597878
0.06452140221799856
0.0454875445751683
0.0885155873071895	0.016537584955065358	79.49511191906574
0.05970604834352137
0.05511085284450492
0.05589744275640493
0.06875313709418207
0.07394729735252314
0.048741128817520005	0.030725522903000516	77.08825346878295
0.052677438919351345
0.0739627151275252
0.045198754031908685
0.06433244099679651
0.02932962672232439	0.08782500789004455	0.07058603857545052	84.80114257866796	79.97660939189075
0.07474869262080613
0.0620098686934133
0.07067826560962337
0.05474121658041195
0.08679268310543696
0.05970784725732383
0.04631219497869503
0.07342511324755165
0.08479821629474678
0.05196461577321405
0.050042870835832004
0.13562751310470555	0.05089821313390382	130.16925075616157
0.04622362966898294
0.04985973995701263
0.03739350872871467
0.4489220687746577	0.058379956245042754	126.49813866797835
0.06967291684674934
0.0682672272844644
0.05990437425638979
0.045883898911481445
0.06902449717554017
0.054617735621142444
0.07486899370915628	0.086940133139282	94.92006484552492
0.04908601576992033
0.06611280508888936
0.09532450843260394
0.06997748759297351
0.08026046194144784
0.07635449389669469
0.08233990571736374
0.13076364428145767	0.0784713904684042	131.8348119092513
0.05409016732009161
0.03859468315049134
0.06436691900039032	0.06053825568573962	88.40651316869835
0.05337054726701601
0.047062612981003366
0.056546317169600076
0.04811129856805888
0.05343802680656859
0.06849639381544963
0.03858721232144527
0.12404758171622471	0.3196031098881492	0.06674869285430493	124.84360428149097	112.3069013752092
0.05487279342577405
0.21700203750733715	0.08482836496888585	126.21263135868945
0.06795702173609458
0.03855649386696069
0.033750533315417414
0.10007483470393322	0.09930608143085809	0.062238645709591665	90.25175265635181	87.98524081887543
0.03923005289771469
0.06110768403356555
0.02703178819176674
0.06207189948358774
0.05687877260137895
0.0675199847066492
0.048541000899148985
0.07017155319119442	0.060264385469981134	124.85274828950192
0.0656871108433698
0.04295261609814695
0.09341621619942687
0.06167750067882509
0.0543707582315855
0.05830218511936513
0.06243690858687853
0.10303541622157342	0.07175319668390906	121.97751050074412
0.05038051798766796
0.05218913029251271
0.059147130724991344
0.05370376967698872
0.04785778856227365
0.035976491671387764
0.11415557897468359	0.03738428278872289	132.81365679487854
0.048646305208441556
0.046836773607856076
0.04312130828563243
0.06215053108281589
0.03473328536001913
0.03794966678410056
0.03742234610761845
0.04979892170651957
0.052694919439949015
0.06444139346380007
0.03324179059245795
0.04321010281264976
0.03202265373529103	0.08644795705916053	86.23145832568737
0.04387542744898299
0.04725186369664113
0.03521723110398971
0.06769580320337629
0.03350227950343341
0.05603229555655201
0.05127293664017657
0.029556486514674747	0.20781812403769437	69.63271229429812
0.04825262969145244
0.0724955085822161
0.03394235311706473
0.04162400559528649
0.03277890766053658
0.048824133844892745
0.059565440924793385
0.058006414553511645
0.07326289348254297
0.06618851677757899
0.07099879806709283	0.07685938805776171	128.26581566547597
0.36169280413155586	0.008433196963091623	0.03999113533677901	124.79970707605615	113.25121864021447
0.06266826997596252
0.1444729462570707	0.044952857072684836	119.95407253509735
0.09181603044449776
0.05715064368114543
0.04113976782503872
0.06725799243354946
0.07514724902868977
0.05088714383247806
0.04889701292466062
0.03918791032042682
0.08183097212138549
0.06705965779848405
0.05861927987133665
0.05367894529863527
0.07829634287019668
0.026538514309482397	0.08022054362373587	123.87272040569927
0.04372540036592438
0.07523629045164296
0.07674941913100097
0.05820331808784075
0.0386394904982857
0.05214239649552186
0.05948812996845451
0.08098951936833715
0.09495144812228011
0.05144070444826332
0.05830016345335379
0.060108038542344575
0.06781615022734724
0.05018103618825068
0.08019974164984783
0.12215542593359026
0.3060416254710377	0.08925732719465443	128.35494559825668
0.07887367248013535
0.029826141853103654	0.06655820084950194	96.64599380541455
0.07434636520977576
0.07378925057304161
0.12594512015499876
0.07873329792400631
0.05525324049699706
0.06238427673125341
0.06358235574464297
0.0615762502525804
0.07931111412500044	0.0742079690502379	128.74766419300695
0.10162945540834538	0.06295254337602628	126.60154190643031
0.08922475018244637	0.02854657555064696	67.32911241219736
0.07484145741701788
0.06653411547351358
0.07146450891163439
0.07756606677926557
0.06535844297305658
0.047288939329586215
0.10271294206888891
0.08612352172804447
0.8916181464970449	0.042616339886300564	135.63144735071734
2.21126645493675	0.06605938966877724	134.9532979858144
0.987616315228851	0.03759873326668885	0.03886099616732586	134.51138446330748	100.82437779908804
1.5120928305827486	0.07650406244546108	135.30635102680682
0.679686774915092	0.039817329908253395	0.07280477248645116	135.3700094764679	112.52581624004732
1.0923263531675402	0.07767846881529111	134.03713232840812
0.21027604003541675	0.04271715118712831	133.70744988658822
0.4821111558755145	0.03944955359187934	134.80754300517856
0.5377959886627206	0.07771274425234634	134.07767595748132
0.07336916046929014
0.08262435671111218
0.08344415002808162	0.07962327070854869	131.49269105779163
0.8801071986970206	0.04093014085556141	135.39732587770186
0.40620705158130965	0.0693410082534308	134.90839214618086
0.051505623112870165
0.03436994837024812
0.06943556022015636
0.07737536314373265
0.08267682595179134
0.05302098670158482
0.09002973617457749
0.06250719882196636
0.07858297027176984
0.06148148735029213	0.05627221889046926	107.82485456343247
0.0898383344069683
0.05673452605874845
0.05706589372213969
0.04294926490155423
0.05677577329059475
0.031533387498450666
0.06353767033988092
0.07335880522341719
0.07078060987160227
0.05857380696861259
0.05010610719790188
0.047339807078565665
0.04387241575459783
0.06792747866030169
0.03867949379251564
0.04292493041931706
0.06914631643519953
0.06342109809617257
0.0712500034678479
0.052041948379395
0.07403195295638466
0.07712179191548374
0.05545294912415699
0.04125519053110869
0.0472582216143933
0.06457103867662324
0.02764864029662732
0.020423569827880083	0.06178638919707491	102.68253132696218
0.042034454325869025
0.044897786811323566
0.03693835439593554
0.05774611080926545
0.055511005901680906
0.061614700431381175
0.06246036093989047
0.08476856884654069
0.062150135955800045
0.08194163650886518
0.05038441870151812
0.03545397304851498
0.07895691860790044
0.3003844769830951	0.07070996421910902	133.40995193093318
0.5947007765281894	0.049638623938611987	133.4327775015737
0.0431533624576058
0.07158974082366039
0.07064366966618281
0.05200446746020157
0.07238985056389542
0.06551029106159052
0.047457456949807464
0.052726775686702705
0.06776123452195253
0.04361926170669294
0.05338439115182982
0.03674849031409039
0.08574147976049183
0.05347593429870705
0.016190849039835455	0.037863157418614575	120.31807316862671
0.04635186986940906
0.04044759782355559
0.07056782260179766
0.06698441194903201	0.06606234558436128	111.31372820730569
0.08995988902868733
0.07330363096709813
0.05753079391700249
0.26337265843432994	0.03803850036982383	131.4875682716062
0.04508661488810624
0.043470266343811896
0.03695172583404749
0.051550907634842276
0.0744496707971573
0.08398907227338769
0.04548511024940224
0.06462395267687465
0.059683331802718315
0.3684039128827212	0.07404028733230585	128.95234665305873
0.05970430207589251
0.0645346266924684
0.0638916938554019
0.0729695535059727
0.0530847468182501
0.04537866574189325
0.05568690964057554
0.06564473746377188
0.15591322429863436	0.07840788295349949	133.3253178977427
0.08015129722577438
0.04812968878934713
0.04409352185049991
0.07839996722654961
0.23364836261713198	0.06474550438302155	134.06597613085842
0.0701823020179931
0.062128498981010805
0.06687257718432475
0.03457546398616606	0.12497930562398239	70.91035645658216
0.06672695459287999
0.14497771254691139	0.07194285460490225	124.56897375500031
0.060866200343107045
0.10338480710076299	0.05264504736381147	81.86713928146132
0.043186899677052366
0.06816179465253147
0.08124491369321445
0.050955310051618095
0.05600514596534159
0.7901194063660609	0.03698730719465068	0.0605137838993258	135.18657197355316	112.73282981621205
0.462718064373783	0.09344363004045715	131.30854685068863
0.22209335714945283	0.03277221089215963	132.2665705062622
0.5485015458861143	0.010088740634866585	0.07513592653521055	133.86477495296333	92.07768517227133
0.3138775561406137	0.015595918568860627	0.09113185089167418	134.6356028176119	91.74630442528691
0.0599772481773596
0.0491758213312346
0.06166105401631174
0.04233661255690144
0.046816282713412455
0.07881423376595108
0.04699512528447696
0.06291312099344298
0.05139175012201392
0.07109207331892536
0.06477069444773897
0.04248832725162247
0.046719167842995006
0.05825653433563735
0.0529123546958879
0.051303367695015596
0.0342278403505822
0.0624586268497013
0.049884328931401385
0.0544606029264044
0.07490562510856486
0.06392772518084425
0.06908018356191371
0.06973386148792074
0.05478793548857702
0.0770858573451486
0.056004990356126716
0.11399226550886916	0.051972405450017765	89.0168599627961
0.09256544089779954
0.059263994524273826
0.05723342778482523	0.2625951885313484	69.60176753167852
0.31676848722779094	0.04280491733685426	131.80762247299987
0.04491386385428479
0.06508010360121383
0.0563908718722927
0.0558634693627285
0.04431736355275783
0.03453108194419988
0.03711605566391578
0.04948303346520317
0.07686580185393396
0.05208356269575772
0.05907022230395453
0.029738935637078107
0.056794517009542626
0.0706016423563684
0.05878589987067012
0.05194631653786562
0.05831489646048603	0.0536731930894267	84.4245418680192
0.06239727849790374
0.07057025664656688
0.08025989972010011
0.06836012745300712
0.04871321233778893
0.06410108702514228
0.06132207682813801
0.0927069911466197
0.0577504180886156
0.06510109707664667
0.07138194498166299
0.06946178016171851
0.04345291194800863
0.063442966970837
0.07831149727334699
0.04926856405482594
0.04281674664288643
0.06221251366121865
0.05901681859029085
0.05517451970404505
0.05520054824754133
0.0761980825061671
0.08228732140427397
0.049861546301863145
0.045980280655507424
0.06292864013767348
0.06456059415971897
0.06192050411586343
0.03426239909319799
0.04367761310553714
0.07371253808600983
0.05290596155027868	0.23125178624166226	68.94032690610715
0.038429597907708724
0.717350194481923	0.03113959850076564	135.04949203094935
0.363163945660145	0.04419419708244136	132.13390536743253
0.34952130542363796	0.08728878673218042	0.05998980837840843	134.93913409839237	78.81368340491565
0.06063720925264748
0.0648987095773146
0.058638702435995955	0.1317029264207193	68.7078136480379
0.06793420611238633
0.03932470970424338
0.056753180605224204
0.05316732532700436
0.06189810952914329
0.08288944921684052	0.05294472120871375	114.40958040507296
0.06620011194837565
0.04085418681734103
0.04755027173953015
0.051982985232192164
0.03539636330604242
0.059054083589666996
0.044545636508286066
0.05418914350410386
0.0568995726199088
0.056090278588841226
0.0649277695834233
0.03800973694763063
0.05531523003894044
0.06632092641177777
0.038512650762915476
0.04828219347082493
0.04159233797334413
0.05262044409079506
0.056392180355248844
0.05564197785985162
0.05072082568840376
0.05794185990814534
0.0511197707762353
0.040110603195896176
0.05968017705358376
0.0810369155711795
0.038161690286749254
0.050629866753792836
0.04334063095540642
0.027939492798616433
0.042964314060326664
0.05718712743582473
0.15220263697369443	0.04528291580781657	135.6420203599151
0.05623348229957773
0.03413302677754246
0.03524508527419252
0.039563405336521064
0.04089889127855639
0.06726531818212365
0.038618095867877886
0.04570385771736725
0.06451390802430063
0.11901205359581583	0.06186239662655563	126.77809754825644
0.05230474729169426
0.05515328428396375
0.04718944790246432
0.04813931607267285
0.04324722000288281
0.06821038397962333
0.03048032501997773
0.41985068320426117	0.05101366794989378	130.719040175125
2.19333610780089	0.06350433910848338	134.84533754854604
1.013182035274969	0.08502517801650415	133.95678509752307
1.0251839398723401	0.0551238144168707	132.97301326909246
0.04351176636241182
0.05672815459355905
0.0455944524754838
0.07018774973037419
0.06383964575971798	0.09002457195502361	108.95339656162335
0.06082512376949846
0.052228086707091746
0.07184384556941575
0.06810743551820883
0.06121139357588821
0.0742424032430653
0.0686763198456811
0.09044525294543296
0.08039020461185444
0.10964509570048242
0.08857797629565943
0.05708753672961727
0.071758408492187
0.07708227302100663
0.055426407981761044
0.045750574629825645	0.15377787273757176	68.96631582704048
0.05603313383043954
0.0885825038399293
0.07160666330386035
0.06022409389188447
0.13550621593365234	0.04436369472926764	79.22984418568952
0.04864707512098787
0.05465570912960547
0.06340423990594143
0.044253300810900564
0.06368143938301649
0.06606403335426772
0.043261122858946774
0.5417609156623712	0.07507248978348285	133.43548994330493
0.06937051232361072
0.04544976812317641
0.09778537142987823
0.08359905161499827
0.06893984861371145
0.07696254430263794
0.0813206838429025
0.051617620915244446
0.09491258721443631
0.042937860000185256
0.08456698102347589
0.08263687408436292
0.10222508729037481
0.032002016100742534
0.0747013264565566
0.07017510412791152
0.06519702782623203
0.06454894653171897
0.0864693622204134
0.07289412321560358
0.540422842909947	0.05371516746369654	133.81358763583597
0.0659666764152733
0.04813863234784919
0.061140583344675814
0.18087934112377332	0.07131079986857106	128.10229126777887
0.05801280400758466	0.0665199511583426	109.06655809566675
0.0471029463564627
0.06679530543771436
0.0739406823536942
0.10368099487956518
0.0551346216504971	0.17461257083466716	69.26839367816352
0.04386378414742586
0.0515766632701401
0.04950308716899776
0.8498514244071683	0.06542473164912721	132.87507866147385
0.0547779456246614
0.05398090284152459
0.06465911893257985
0.06561582657445819
0.11667049822260589
0.06765024884605629
0.09563725988319965
0.04375582485231106
0.061635567289386524
0.05557629497303873
0.06692766746949262
0.10130740808233345
0.06995888775874239
0.06211782693608558
0.06724814082354677
0.07220068212832627
0.07426750146166645
0.010459930150654643	0.06088936593254108	98.93120454540811
0.061518366887871725
0.07214383753785608
0.07034886617701866
0.6876455417634341	0.0651543447593531	131.2253795163163
1.4652489250675866	0.07890352116883577	131.53836537543856
1.8706522548992321	0.05780268042144409	134.49648455623586
0.37663311094839746	0.053714740721796675	134.69745750340667
0.07121677295286172
0.07798758090331696
0.06538893674773101
0.03565005237283558
0.039536227275952164
0.07380099173154295
0.08370158947479678
0.08224927528525634
0.05977371295715702
0.08302182253516242
0.07712110597424934
0.39214284642410663	0.04601298440025941	134.4815046274867
0.6953665689941759	0.07272964305824216	135.4238511222216
0.05177499673414213	0.08705687732503611	103.60035711320586
0.06297017033758824
0.057228405048096405
0.060854514813873245
0.041724520082347435	0.06321047601125517	112.9456755413803
0.051221755344697514
0.06113531265770119
0.04598716748275195
0.400355801167323	0.09131350267160179	129.2785143692982
0.07004469269500974	0.10879117907573504	66.14588886189182
0.08184858792808457
0.06890029103101453
0.09293179769769	0.05206072636454462	131.17225240870837
0.046458747592336876
0.044599546381493854
0.07364938780519643
0.05664704110977661
0.07525139256383759
0.0770068473332172
0.04664250886739013
0.07078641314902995
0.04285815108335982
0.08874691044464231
0.06358753931121103
0.07970605139433581
0.049965640736155614
0.06334847342513564
0.05894213582350988
0.0539146841178453
0.05000076733234065
0.05398948978064677
0.06937229166303621	0.04962244167291297	82.78590554845297
0.07476295150391976
0.03881715338489234
0.43766681952457004	0.052401438755937536	126.78813457278036
0.2732255403140506	0.05402689634821884	131.47411573805735
0.8473500478535863	0.015871283553203518	0.06085191506422575	134.29741363473002	122.05483059754052
0.4803341304280782	0.0375556511147405	134.54091654424207
0.8043516617956014	0.04886306782018341	134.94153886691524
0.37099433818181793	0.03759173652535063	131.7406679914805
0.8454521317084114	0.0612966258836072	135.59575444579514
0.5079486538544751	0.05387277334276272	133.3762746233587
0.11500127091254284	0.05536263569829245	112.58353236486622
0.04539124189997574
0.07731165231622508
0.05991183532114254
0.06958791197500534
0.051387987697024684
0.3924926695748514	0.06312381561749647	131.12676887959955
0.03567489538956808
0.05524723830239588
0.05545041748712228
0.08583100180434561
0.06855873842265159	0.06523158072611088	97.28374114792031
0.0852079697783801
0.05709249743088428
0.07537445760862167
0.06571044847500851
0.04725922219711037
0.041429312140117046
0.3617904697265928	0.034159276382786825	129.3477767286108
0.06740571479135506	0.055808209710610054	135.00598238732934
0.05682172938048272
0.03652475139339228
0.07475149500052927
0.059423031602993094
0.06618183646070382
0.07280612488365672
0.07362936850801673
0.07365201925830374
0.05189247055478476
0.4533786756843915	0.05055330599981782	135.07078061108743
0.4730592573582108	0.038872030672648536	133.01278299443246
0.557638897177389	0.03776288922656901	132.91318465955123
0.05642160501769114
0.06302242021070663
0.11080643331952171
0.049646305658940806
0.12565149724849928	0.0649380329771328	131.9922047629627
0.0786851041400554	0.02830786864683676	66.72539752057968
0.06715936542124015
0.03695511236003783
0.0769267075323472
0.06475859403712776
0.06161224443012713
0.04011808036809115
0.04926461267849081
0.051949247555684204
0.03930594410049337
0.04979243179871493
0.054138335685314495
0.04085719585649126
0.046030130743394584
0.0625864984115471
0.06732820600194019
0.05619887834256302
0.06520214581214039
0.0684636794282293
0.05945445870164503
0.06281181752063884
0.04531152787311056
0.06275786106665172
0.07758867040668546
0.06417792383457431
0.060484627469258645
0.06489266038621702
0.0801444157623492
0.05248092949736217
0.05631127051265294
0.055451004766886886
0.07684501533579048
0.055662520269573953
0.0969872451077614
0.046751830780669676
0.041175116994975745
0.04873554850955639
0.05326538041407245
0.056080885429303576	0.07929455238817681	128.0338946529213
0.05652606928126185
0.05966687069319185
0.05055747113351949
0.07581876800719929	0.17505685563252185	66.4083219273647
0.04186778294497811
0.07493404679542287
0.03449205393266878
0.045969928582886344
0.06554268090211117
0.06744828518490521
0.04248795951096334
0.053368687276771375
0.06830097460560589
0.06804376459061887
0.07373892079969499
0.04650019948256881
0.03935934856809651
0.0517541160090986
0.05066530596919085
0.0635656248187995
0.07978860222367026
0.13204416046251027	0.057499895882966355	128.37399918359733
0.2835502396649292	0.06682650307992458	123.41318569580382
0.08804223907184988
0.051740498337011
0.10955307595570246	0.09029369732818344	132.4017237275431
0.09169614301199841
0.05914398756167858
0.0800872597793169
0.11657147382587568	0.04701532313510443	99.4245047785943
0.03761686640980506
0.0655897379548666
0.0670782267178585
0.08094363383664531
0.06061512231583266
0.05784218577985606
0.08583324654003091
0.0467811306194797
0.0645325946793685
0.08634976329596242
0.08559106786898597	0.010784934086027001	67.67188852189169
0.059053514546382274
0.2333861539786047	0.0747507861758139	131.55892824288634
0.0751184746743171
0.05206200388686026
0.08728658452797618
0.057121655605847484
0.12199908509207501	0.10160865268332554	88.12882452167617
0.07201822936295905
0.06335743464237407
0.07349993999079381
0.11777544124866055	0.07220768757215928	117.75511612588586
0.06225795374854709
0.06530114109592973
0.05666268501669339
0.06647966118659754
0.09080271070839807
0.07518924934332796
0.040338682655380445
0.05721917943609117
0.04558528029797516
0.06440378081588473
0.053146061340948965
0.020281530256112807	0.05576642914357759	105.77365563926756
0.07144199163230554
