0.30683037363802423
0.33511079895989015	0.08305979209284106	70.0513872505946
0.38376770580581265	0.2980189850700186	0.15538835518634742	88.89333056986464	71.45920243381553
0.36854418873161165	1.750924336863717	0.16117929478683152	72.70601856051451	71.65071228737561
0.47693381031637844	0.37732477961723293	0.08392478801061011	77.67717067329733	71.25282623824792
0.21553412639917138	0.2850410236222332	0.3918911373156795	0.0587456199458155	81.16366497996285	74.60285912640148	70.08635817147196
0.401845298486656	0.05405873901479236	70.36633701774694
0.5216316130549029	0.04559832515691078	70.91961264888636
0.4285558116398161	0.20357727187717484	70.55819337964881
0.39837543922850044	0.08731090453576454	70.30393838394922
0.3839000741994074	0.6076396392521903	0.08738304715420396	75.01844089284626	71.4801508232897
0.6651321099823796	0.36606020226070296	0.10416199086006697	82.70532979061689	69.88200125381596
0.4815005103190598	0.10482564071614171	71.00431025612454
0.4343800690615761	0.12844466928919204	70.83791119479615
0.353069383723441	0.051075191395408254	69.38635387108877
0.2832131206118442	0.3392906747631805	0.056917752822911935	83.83414342844311	70.68800665281802
0.4274417224718876	0.07088508237020893	70.56592171641213
0.4739998842458282	0.054971099259200816	70.52493816508425
0.4483587451335574	0.073501118340196	70.01506327934148
0.3475396000062089
0.3057198349334185
0.2427729802695302
0.41621718868899943	0.16222586188836785	71.13750635081269
0.3558141440945111	0.14628448902569194	70.22537230832961
0.4155805804738512	0.17362964082653065	70.88805950741103
0.39299790227442444	0.1671772492137979	70.77344631348743
0.6468345837237257	0.29035503211712604	82.14699023496367
0.32215798099126136
0.398599482398394	0.2446520668636237	70.66957147072623
0.5912842936662355	0.15126534559801577	71.55630319764177
0.96702341048092	0.28181147736821005	82.07167997929517
0.3087073062331416	0.30406344437853905	73.1367348985374
0.40286242705576697	0.06459153065783566	0.29499250943981087	70.63984033554	68.68063531119887
0.4090309224709046	0.16799623797081084	71.03335067873738
0.4170863075107078	0.09276156766168156	71.20879079116679
0.39505135804827557	0.1340642342845952	69.37713873011438
0.29726718569585714	0.18706314271205254	71.48554418691629
0.3542960812089022
0.3084237939514053
0.4005941979910889	0.18770477266643518	70.8133967289132
0.44445034456967036	0.167985328768967	69.66875591998694
0.7981297654027435	0.5246542067814082	0.01851201073763528	0.17154987127020815	85.25257769564173	70.45273778911888	68.22346876082912
0.3904179332645261	0.06947728386153405	71.1405766051782
0.3918283453631148	0.8134288637662122	0.7411223326886346	0.05034067655233257	75.07063980864727	72.76111734024327	71.11919650429199
0.46704761349538826	0.10465483613596215	70.87574708507283
0.8748858747405519	0.3115409345605638	85.99634918204053
0.6136801176808699	0.33497088572161504	88.09016162022938
0.8702332688225639	0.31270630976023855	81.69441555651264
0.40455635204687623
1.3200661039874382	0.2889235115554488	82.01819662245758
0.5554552306802467	0.2728362442709762	83.49014668623805
0.4924406938097411	0.10496881728614195	70.82585208563555
0.5252001405259443	0.08042503643405827	0.17194755207857568	70.4330660777855	68.31470013799482
0.5096133990697652	0.10616452264048053	70.79070356041527
0.41211504201441984	0.08038154740416154	71.11944041372602
0.8454112207339857	0.2196863011243547	81.66798283909638
0.5258889217560796	0.28702141308518614	80.4348300970918
0.5402388966904589	0.3089330552678472	0.11877547169995363	0.23244246857564813	82.01447897628161	70.14732959831937	66.57688526692962
0.431288860545304	0.09168896775149762	70.96122835621213
0.32895136107571943	0.1578716591058155	70.48205076071483
0.376710400355549	0.1632708016249519	69.54866482303476
0.4180622950092766	0.12228144903604708	71.26495178411861
0.38505113128479507	0.06665318530969697	70.21313830044954
0.36169330269249333	0.08246608432879828	69.61246291305376
0.3089725581232801	0.3521235996754758	0.17849810828835388	87.42848643755018	67.76466240892005
0.3104605654560507	0.12591804762303313	70.42823948175277
0.28240732168012506	0.3217090162901688	0.14289402161361434	78.24136400467691	68.0951141443216
0.3566939519762952
0.47033138971884814	0.186810774229681	70.86167814393147
0.43352502842285645	0.12101248929160134	70.35752317851554
0.3657253041195867	0.10592455687826256	70.48457554877984
0.4277809152053322	0.23025569054279824	71.60405402386654
0.9237482284461127	0.32612415058818367	0.12526684683921696	81.33271695913554	71.51390555965787
0.33461086073961943	0.3852188546527602	0.13124333619378356	88.48616610550408	70.47785518137158
0.9019062649502091	0.5315216949383745	0.12900458362639045	85.58118237884325	70.93900309801457
0.6453601805453039	0.34403060432403115	0.03464855741833056	81.75204031826559	67.2050898306596
0.2515743560746772	0.023267564927077777	66.93118025371282
0.3785793265258579	0.07184755437793901	67.1679935373059
0.14970451361862588	0.3264206392909077	0.02644744391671557	88.18613997155063	67.35779435924121
0.33790856719443524
0.37499375218594766	0.0859324863721181	70.63498717834031
0.49844557300808373	0.11879368632719652	71.30862238685407
0.4954726483330121	0.21894351830299405	71.22429285185369
0.3823355586952159	0.23448367996424405	71.19408090767918
0.25473636840679476
0.382632311281364	0.13997149374378334	70.47001408553452
0.428268506371424	0.185309749326686	70.99236614381054
0.3290583333485384	0.2687650768626171	80.79330181689946
0.25065831759842533
0.26891212517350094
1.3769322422284533	0.2769851851424994	88.31181783270522
0.4563353367607706	0.3951618016877947	0.03381969705852604	0.21726194580255664	74.43396368192272	70.54414902922612	68.27043877822902
0.4268781768904082	0.5752295528085745	0.12183881764704686	76.86530208389027	70.80654995284597
0.300618121835512	0.12144059503864535	70.53846848145972
0.3402160385587623	0.4463330208288877	0.1504373916647761	76.37778250292651	71.62896429720263
1.4520360634488032	0.23956321999699762	81.71638902600691
0.8246840964345039	0.3449724223069421	82.24120642374909
0.42612774755283667
0.516520005650623	0.08863857843628196	70.87503022026073
0.3265716430393865	0.1204322181223491	71.15551249795831
0.38169702458867516
0.6445100608652499	0.38861923642015905	0.08307151297660458	84.93220779316023	70.30179513662993
0.3757328954986511	0.3054513083569599	0.10814243607289539	73.49962007484935	69.51544956437861
0.5240618230512575	0.12477376844537157	70.87367481535506
0.48994068893494297	0.3236223291657765	71.20772855356921
0.42129807476635217	0.1748725085805604	71.1892230750386
0.5056784827190532	0.12107023053436834	70.91486145702204
0.28677686118214835	0.362191553055506	0.18295494373509874	86.45387374503542	70.91888915934769
1.6489523049637567	0.2602529662358639	81.14982748303044
0.39978247058421124	0.17001103966303865	71.08104353579529
0.3637665998994219	0.9944402783603833	0.10936412538023137	72.68452905170435	71.57836570453776
0.23008834409380502
0.3804894050372279	0.10584876947956316	71.4379473396161
0.3310021307295326	0.09171459236653388	70.19714210143015
0.42543311512804993	0.10984920048740524	70.04799652590397
0.36172859011141406	0.5360192648211406	0.05462492097290981	72.57054074695223	70.50300273268486
0.35249294786088137	0.08010981914511343	71.08767877469465
0.397077262155911	0.09347567893199943	71.32278303394345
0.7378335016600551	0.40343537169753263	0.16387647927087853	85.1762397908943	71.45876029099595
0.4089627177339674
0.4145512519451548	0.19192675144653534	71.2054159595
0.38573171481959306	0.14064243337557306	71.31065029469345
0.24406927859854607
0.40007901965760706	0.193189503850013	71.45244728354272
0.2921414823114064
0.4290983054995725	0.08857332037852203	71.56636636584238
0.46057705841277574	0.15939928654207666	70.15396225039159
0.4609090827499679	0.17776079278267679	72.4511315509162
0.2840390608164624
0.379431198935947	0.1287870626283526	71.24780919340193
0.7158803315349095	0.29750565127708467	81.70582195740168
0.42954062941235643	0.09267818976199099	71.57079975315732
0.3216841342531213	0.10026184165550067	70.55704831861199
0.4249391783691485	0.3823650917674073	0.14328584268882824	73.89669147023298	71.4771643349485
0.35569082315772227	0.15378526969861198	70.30533592873535
0.3381526265049761	1.3674711000442457	0.07816153398353623	72.8336722287959	71.56969110763578
0.6934904075947491	0.4655026949311109	0.17351337062512662	86.5380468981993	71.00232424677381
0.43949523515687355	0.11332423329404721	70.6889881717958
0.45257319663529866	0.14583398396738537	71.8113182136208
0.8218048890376938	0.24503102055203635	81.77873338240857
0.41236017803553254	0.12750159136611217	70.94907293818832
0.48542775705202434	0.10323904467837253	70.17247095152193
0.38424253252108104	0.024349313266477247	70.18871538518422
0.32353744852080174	0.11213704428791241	69.90855085921723
0.3633335207999106	0.1078991975170692	71.16068138699055
0.3272248360220732
0.43084513885024495	0.10296561552824374	0.38992612595222054	71.17553068506939	66.79451986540113
0.32788476078541967	0.08651375464287678	70.47900690301722
0.44189204547367394	0.08155639100964998	70.82586092861428
0.3915227181644204	0.08297687994276169	70.55258258632765
0.4166114698539617	0.12450544408293113	70.40354541675487
0.40150000299052163	0.07598707533857002	70.58957043316077
0.506626080467328	0.07410667521699203	70.56056867427401
0.4143585876641575	0.06697174970173923	70.77191578121028
0.4395078445337088	0.20848830317201222	71.29737346568562
0.455189844266609	0.0940996595278939	71.31252600856878
0.452024362296675	0.09315382673577244	70.85270167505142
0.3267649929810062	0.0670225415417539	70.56645058003234
0.3932036485846057	0.10001145144521228	70.60142417762468
0.40829437539003316	0.13516411688532265	70.46692768842999
0.4728081058217283	0.058195281888157264	71.4420000106114
0.3590008151084816	1.251099528019679	0.07765115305792951	72.70208773714515	71.66505225473071
0.2975774614996963	0.655607907723058	0.08349113666479831	73.40255056752822	71.4528509373385
0.346045268540278	0.14760339467158434	70.31564658470222
0.4003276076619328	0.13965591508045117	69.91265255291255
0.3653243811496378	0.5228460413354883	0.060586430343939617	75.26441258079609	71.50665129938557
0.39841507552935707	0.08995951156039778	70.72060439851855
1.2507848061355418	0.48490809646436717	0.1182264940514541	87.64655020515613	70.44605763674681
0.4454601644473881	0.11236150596984357	71.10456792883727
0.3033472587497504
0.4956264226719217	0.4327107387047608	0.1471299827104416	77.82307138355426	66.97072245356637
0.4000833994523605	0.30831280657268123	0.05181818503367607	80.6590314028134	67.22688843087171
0.7300261897537855	0.25462540657070104	0.8967455555463506	83.1919628144367	66.26198773947232
0.35119290459801883
0.34140412718740665	0.06027632636551995	71.18649914471492
0.3634845434591097	0.07259728800195527	71.23433269006763
0.15407029994947635	0.4559736707100094	0.09175907036652745	83.30321766979876	71.67834506725538
0.3733684845211271	0.10563359960194911	70.40891323539745
0.3722381832663362	0.1552437717208488	70.56517345669472
0.3435491934622477	0.19088084273761613	70.94894927263942
0.5294968461661497	0.03168904867368994	71.49767368971538
0.43798532510827975	0.17443317812260828	71.13897821540013
0.5111473515930012	0.07311029676367196	70.83440041602285
0.38112215906246183	0.06327147938552226	70.7026966695776
0.4112074452784474	0.1297361329034376	71.44804620137887
0.1060122090535621	0.2873448098494364	0.07326911367797606	86.81463292718553	70.51766546885948
0.26612559228600097	0.25488690715104106	76.2243471806413
0.4801084049643715	0.07200229551182777	70.63038600012095
0.3410381909500098	0.09975200112197675	70.5590714721944
0.4830700067838462	0.265701735610563	0.6080606471284365	0.1688758303972956	80.47087000475308	77.78298457766243	70.36716190534588
1.1102224404153218	0.2820145922207692	81.88012694414772
0.4210195020577071	1.0639723627551303	0.07592841307471825	72.03916368387577	70.45407420550043
0.507088579328422	0.06992139363323896	71.35927037303162
0.42928587693831094	0.06722930402345038	71.3632883182958
0.3819749495457472	0.05239483110925507	70.28750539979941
0.2993559824825025	0.1569037192998024	70.70096416875548
0.43926501379098565	0.01990981633197342	0.37210134729217315	70.4081760984759	68.71237380974748
0.4453379882159625	0.016755708209941534	0.1518420863380892	70.5604294930833	68.60632540225063
0.45600643845878075	0.08199654772556235	70.98418947547195
0.42031047309377173	0.03717504317074707	70.64239005556514
1.1364831515015998	0.37068393965686564	0.2544979902415069	81.32391166015991	70.77009425890638
0.4690102285385382	0.1029046558733918	71.31487481866417
0.39695902495556434
0.3861754208432554	0.1752755659625578	71.01043181920281
0.5216388036928501	0.6019325910157247	0.15498448182932043	72.95438823152942	71.02847746867863
0.4163372860315758	0.14090368750090157	71.19479508250392
0.3548795139674177	0.038575716763500495	69.7684653634257
0.46318314325788457	0.08133156136913011	71.1156949244529
0.9534274770148612	0.40746299398489155	0.07309410044554869	81.28000250056807	70.05025983555198
0.48767030487989527	0.14807411951724425	71.15087883289783
0.34191709799757136	0.11390968377513642	70.82568499993431
0.320138372179434	1.347093790041966	0.10636165229808763	72.58288903355667	71.55791080309322
0.38280114594214976	0.07018885920277598	70.55905383142866
0.3342956367611806	0.11994013941238231	69.74456152179293
0.3328285823138172	0.40376066085026197	0.1836469071522282	73.68384754948296	69.92697370618242
0.423773374059317	0.11549088090419089	70.6896239989125
0.5180009058556373	0.09612674646384765	70.48665573701216
0.7059407279063499	0.3960104512750455	0.2531206749110856	84.27077748319196	78.22506655822072
0.43364515384538155	0.4929592701296524	0.12118611684984609	76.50096319340581	70.18384477246842
0.38956611144241765	0.09319047021269454	70.51356225782636
0.39330242235484236
0.3888927607202567	0.35836961869565626	69.85208659059678
0.45373406117485765	0.1339166204637509	70.7427449734947
1.126841429534207	0.36215538000185693	0.0705414775761543	86.44479839437747	70.08117464622197
0.34488091545850114	0.11492150130546586	70.33907134266107
0.48893780481453897	0.13720469740689686	71.35406483908814
0.3882259009653454	0.05609448358737653	71.10355570402847
0.6368661086095759	0.3256458690377979	0.09972624024230484	86.96270177398763	69.82551193699418
0.40373597383117765	0.42715617119063826	0.0864508176889769	81.20116879402006	70.83092942539118
0.37424429828536326	0.21654243205640072	66.14535354535893
0.34204820402968555	0.14907723321811214	70.43440423806929
0.42829199560619485	0.05546264454680907	70.30102349580169
0.4677627600140033	0.12464175503374207	70.167908043586
1.080001065663912	0.2998277280667628	0.5754244834008557	0.20950918727746726	82.96910917398009	74.60685465792798	70.74241021257508
0.42073794891652405	0.0798165445544229	70.57447163876128
0.4777064514483723	0.12766984020986083	71.06704345470342
0.3814237614592951	0.31141257980407694	0.8716132777356204	0.11133940131571668	78.8985947013027	73.32216765607573	71.55822380470059
0.3016367196297449
0.346437303469028	0.11656931948712144	69.44961690368788
0.3976428151841136	0.10871023543009475	71.5012400293621
0.38445718550676594	0.09783459035775093	70.27150168123038
0.35461043922815483	0.12444613734833666	70.4145760785345
0.3898859079598158	0.09942371566890758	70.56636611987767
0.3374116250532866	0.09159712580253855	70.97227518564222
0.32014538751697946	0.05482621745523024	70.00276575306995
0.41926829670914545	0.06473527425641092	70.41690113870689
0.6776738636465391	0.31996515548386056	0.0531139006483639	81.88656222954006	71.18937807140337
0.4268971181353444	0.0747361048781266	70.03117780520988
0.35292663785131917	0.11471843353865502	71.38010228941766
0.37949160018718064	0.13067649782127772	70.5367852970005
0.5186229668312867	0.07085120611519996	71.49875084690183
0.3646412497525988	0.040306141283410236	70.55171454315882
0.41633076860082585	1.2951238162857663	0.074094986266068	72.82440603647672	71.51453789824376
0.50881675877779	0.07798138853389046	70.99522361646817
0.3540504737683758	0.04715602475214569	69.40172156781504
0.4655067060474655	0.18669282880265803	71.21240032509878
0.43549236037226857	0.1395056002150992	71.31046797078841
0.4629800339041772	0.07154162464503401	70.47679828622675
0.3964705475951888	0.15219145624062305	71.29017715125289
0.4583318777121782	0.04127818545874131	70.52589167926475
0.45764669499263844	0.09195875214429187	69.987981731728
0.48569025957898915	0.07643312676479928	70.5410338799075
0.372937812377928	0.03352120412461012	70.78612436450791
0.4264808011102275	0.03275982283591001	70.28591881674241
0.4591627199485562	0.09065808758447141	70.62862062770088
0.32613030638058865	0.2677987450385149	88.39308971578149
0.6130172257340905	0.28384025202108865	80.97065064960444
0.4517660483341431	0.0969469643521481	70.01697683143357
0.4166493398014881	0.6279375807122967	0.09574558907205565	72.49507463115506	70.43527085028698
0.3831865358030563	0.2544848648927768	71.51382341201004
0.4197810335546464	0.1155507071442821	69.72107503021016
0.4113861222288895	0.8465204099426883	0.12749916900663716	72.24717531439117	70.93738057749765
0.40823550198504427	0.10877880423262277	70.26432008820312
0.40362014323951845	0.07742706987228844	70.86687391747441
0.3478113034364492	0.11090732611129518	71.04409933594233
0.4114096908433594	0.10227048211875009	70.29315822535818
0.3264320765679796	0.45640059724350596	0.13243371354490935	87.90238017583097	70.80555218457316
0.3237460796831427	0.11407667399822627	69.9163725494422
0.32899848285204303
0.3734297462353545	0.11434740283667691	71.48864000034915
0.4282425779890995	0.20151191241926647	71.06503275173087
0.39366565744445403	0.12707964301394534	71.57105301230887
0.5881235649611972	0.4046373459064742	1.1085673681783947	0.17269412467260611	88.47509620231266	72.29665867040957	70.81918541461025
0.42861960476598543	0.3984463732930927	0.22692435315393183	86.878410107789	71.42669075345779
0.35803660434857165	0.44221145667599	0.11121124723267374	72.0276879151793	70.35708457320027
0.4782128976710706	0.17126482441428797	69.6493923912641
0.432244640585567	0.08791869943625263	70.3977623607878
0.3218629501275453	0.4649506852349075	0.10179396828285528	72.40778250689011	71.1546233806962
0.408692822301003	0.14343031916827756	70.88862468089877
0.2969306146105798	0.06196294756583851	70.01093463650727
0.5445458804368145	0.13961508516260293	71.5811675683296
0.4591059683975312	0.09065644760469856	70.51107155302832
0.44760654934409416	0.08994496550167556	71.1272913796829
0.34729838086539433	0.1172908676190768	71.13215859533206
0.35825380084103625	0.13864972970765407	69.43539549834605
0.45138186812602493	0.12350875877416922	69.88865056352398
0.6454455729864111	0.12841032954736295	71.42382289955566
0.39874357525987436	0.1268163598886356	70.2023306861973
0.3849063860442926
0.33513124139491635	0.2773601216831614	74.86665004697093
0.46349456363180386	0.23420905358620334	70.2893363724959
0.4975232627791502	0.08099402417448402	70.67179990387028
0.375454415529539	0.2641496403519601	71.01382982462611
0.4859621533562196	0.19794074931792302	70.81801930301596
0.3609690357700684	0.19273094230351723	68.4664588135002
0.3110318420242012	0.21529142585679048	70.40268336804063
0.44010490062032537	0.1155953820732403	70.41829371102845
0.46260110568212043	0.37380912421216006	0.575116289683596	0.09853831250416781	82.92145789126015	74.73473989820903	71.48425140967338
0.26701755198196697	0.40966047896471763	0.05261456383385674	82.70248210426232	70.52824275927497
0.37906698100622294	0.1423423375566004	71.23671012512435
0.3394706316779882	0.16027990065778736	71.20480501504612
0.32862786903154945
0.3599607358543039	0.18256670679419387	70.7712338129253
0.3724924253479477	0.20531576000144294	70.88430766270119
0.4272148183058417	0.2821547225747962	81.20549117126556
0.3995681353042826
0.44988060261799573	0.14993276641635211	71.91715448864385
0.38203252497980744	0.07924489475597282	71.0191499227262
0.33878227678888545	0.06838720253831916	70.5310374116607
0.367605836104424	0.18299265038703807	70.57420964108253
0.43337042031090284	0.31557017046882746	0.20097272738593522	78.6203120583836	69.95946653617864
0.3883177371299152	0.16013629813203523	70.45335113446028
0.49608851074241106	0.40574106239666685	80.28394552969378
0.39467119371810383	0.1257007382704549	70.32818816142698
0.33242240369124193	0.23984148916342238	70.55933955587682
0.43445380148435564	0.05608546927597148	0.2223804235067445	70.5394253584656	68.65884223172243
0.4959458618153826	0.338640466924278	0.06635972006029434	86.32536691348382	71.12910794920738
0.37537778494294044	0.1275239431061763	70.80261985434572
0.3668167169231645	0.10519474661390436	71.43940168200547
0.5266913463655363	0.11970110763074958	71.5194835486085
0.35586142475027494	0.1810416304815757	71.30572803969132
0.3661851633882698	0.1221935846776118	70.47614680329599
0.32963459569128783	0.09829069498993107	69.83437254312155
0.47002644338213234	0.22419335970119403	70.50832191048654
0.2730788686479849
0.846553980475461	0.3259338763554951	83.13240729190734
0.5448157085750287	0.32272805350798695	79.40256243827547
0.31147923333154426
0.6096211646726705	0.35648921276537365	0.11023670550316315	84.08137475866155	71.25121164107824
0.3259053450108745	0.0984660332321504	70.49773682083472
0.4575669736756388	0.07618246690832146	70.72376323536737
0.8040919477831824	0.35844884493037565	0.5473772627008102	0.19448973404130374	86.35618241091069	75.81468477707827	70.55759398257477
0.3477279906666177	0.45519509880321535	0.14977767754606852	81.8621562269263	71.68521023123348
0.42913477863426325	0.23827549574518167	70.88048954503296
0.32116638748990406	0.4360706784900472	0.21255886282657666	77.54681142386933	71.38477868079029
0.42744203738966846	0.08255224107868868	70.96498425807233
0.33663669000176644	0.5846867903501074	0.11055591461798929	73.88628052094792	71.22729612406245
0.3064239944736302	0.14690089214333632	68.55102380584648
0.8230081701333397	0.3230935292413408	84.71147392075898
0.4189441070363121	0.08001679539094701	70.52504583787209
0.4534554342402755	0.13936946037546344	71.03119744082684
0.4008811420314855	0.05481796105004442	70.41226354572461
0.4149241303681941	0.0717153516051764	70.60744452894413
0.7746275118372932	0.4767082505520454	0.12726908222942876	86.7308063001159	71.28127771689626
0.29898689961996433
0.597368857028038	0.4684611102650752	0.19766546666260817	79.89278663684588	71.23443773045624
0.347892219040253	0.18841127155260184	70.5923712527064
0.5115947627751736	0.13220987255146605	70.50682590210506
0.48441071359727045	0.0748473926732276	71.51825921448467
0.3978414705020608	0.16089417996237046	69.79098258495848
0.8145020389715498	0.2843591100547025	81.59206531618672
0.3816804998972205	0.19252382224858247	71.39050866879757
0.43844837322237873	0.08117407944094245	70.07217710214292
0.35732351100334503	0.08632017538804194	71.73287479478225
0.428878970307507	0.059314012474183046	71.66661782451332
0.3669284801461403	0.18978096694128996	70.65951446686479
0.34410577057136915	0.13158946904106542	71.17060865860522
0.5699939736967995	0.10604534870484808	71.0454064694057
0.4400074183179088
0.38629660465055615	0.14282092177010453	71.5028179270676
0.6039192429507484	0.43134481650159895	0.2993794248004641	0.49914264016427234	0.060539622923113004	85.35920575414175	81.11657986844921	72.81994122121498	71.01874900643259
0.3585254214557983	0.1511461235089798	71.48480075729188
0.29405655770526806	0.14691860289645192	68.95544447579243
1.5422316138551895	0.3199461196112423	0.05135869674208601	84.3980129151842	70.39027348822515
0.4167472446280691	0.07924928376780993	70.89619312129686
0.34512959447698377	0.11181333131280959	71.03641942157309
0.39430795178947464	0.10956608195501624	70.36384235800357
0.42674282817209785	0.04716057467346113	70.48063815265793
0.35207399227692976	0.16844515567679225	71.44659829790781
0.4024397104705008	0.40836852534101636	0.1435339547528966	88.16318090278627	71.62626819717723
0.3841965877901475	0.094108568705827	71.4276423260473
0.3917104706461507	0.08413780890345716	71.34575679201807
0.5013196947190731	0.0831377702564376	71.08615266472493
0.6951677873859069	1.1834900646618474	0.23526152647752374	84.64315342049028	80.87273600418695
0.49628371538565347	0.14562655837982982	71.44436882107034
0.4102926643655199	0.12024463776918622	70.52665836568058
0.6875365855622338	0.34025364164672545	83.61365891530755
0.3677335076615792	0.19648933988609193	71.57169887270794
1.04420352884987	0.5361733159711369	0.31887096710496804	86.47673769339413	82.51444755361676
0.3906325471114369	0.6631824925949733	0.18417996931706085	72.50205791038222	71.10418619984456
0.3204484685945021	0.2839672404442777	73.24553859091321
0.3823208971111806	0.13126873949119458	70.90528445111673
0.4931463425380848	0.392568059875605	0.10791811196170771	81.30929948293779	71.08579289669991
0.2978447104227217	0.13035960890704607	70.08426605036051
0.3583699872010296	0.13899146894815548	71.272329380317
0.36358738411357866	0.10039038154546413	70.49567943727466
0.31924999087833494	0.37238733418849584	0.14814747260921457	81.72082865370072	71.00989109066786
0.32588693221211346	0.8075495050216716	0.12508002032006102	72.87174724252856	70.63052487979051
0.48190696571707586	0.09299029794081295	71.71520670569124
0.4989567090557552	0.08593195500705711	71.0618067460154
0.2991721789357667	0.7748696068095937	0.12919096635116023	75.63675237531925	70.74314428454613
0.7229648534843003	0.3624677843102781	0.16373649468288864	83.41199681657457	70.24371121317613
0.3916707936261891	0.08594466255648495	70.42602551313342
0.35127143015527496	0.06488144097794712	70.46340923026092
0.45264058556699405	0.052425662112233894	70.5914666568718
0.40320238294319616	0.5080665890635307	0.08093183200881941	72.36570774471345	70.56973025498787
0.4838338214259455	0.0856042684165934	70.73313260973278
0.5032170292813719	0.06137607788813519	70.56754094814238
0.47544405508016024	0.3198801579403416	87.14970980624196
0.40599948309912787	0.06943293834886977	71.29021740538451
0.31453193358060183	0.3888392290826744	0.030949193029805283	87.1427979323685	71.11005511326394
0.40568936471826755	0.09758013709952766	71.13920411938578
0.2944511679545063
0.4808968671283216	0.12206625874491196	70.58804470921308
0.3899636753612525	0.9341626728124797	0.06324489113661727	72.33786439168414	71.3344179827381
0.3744680271724238	0.07095818569433936	70.96965088223843
0.44793808399827306	0.8863348343867782	0.0941521839510344	72.7847300642184	70.97317501550384
0.3722458992477575	0.08122056016732412	71.43521096881004
0.3558235786762685	0.036702485786098436	70.52398580147077
0.3088662107901318	0.48653252813591447	0.15877933369108013	77.23575355476203	70.0138802684249
0.377727733530574	0.07702641526115041	71.28680265568556
0.3861669129928906	0.06204927767426689	70.42064167956775
0.3823735199221942	0.07859469502676285	70.9759501973418
0.38287583202363223	0.08621164962796232	70.96505482678269
0.4838770841461036	0.06603852956157968	70.35657244373509
0.3889714079694725	0.7217320517323014	0.10518266601174915	73.6778857321948	70.32032118636661
0.3543281471595026	0.15144441357732868	70.79233018124206
0.45178135400586555	0.15597885644609658	70.62216535605664
0.43858445196058776	0.1223084380386942	71.3026428121813
0.3340683937875183	0.16397657137728577	70.25053733063606
0.3506571793385018	0.15397621518144827	70.80889871175007
0.3593881157426501	0.47863447714105806	0.08056237595047672	87.85745328316196	71.13137677045054
0.32690688013084457
0.31687813793193786
0.3506528803961724	0.07587750603176095	70.20452548010475
0.4097342185053857	0.17901823669451936	71.17195946998048
0.2800730087929087	0.4903151131846367	0.1176884558635	76.47478755823946	70.86313342866397
1.3823336584499069	0.5896487339104737	0.3514849743981922	88.57566321612946	82.48405945254015
0.40605836911733767	0.43036347140010495	0.15931146456183598	73.31132511067109	70.77276301184506
0.4427182340888452	0.16190046795524243	70.97207087925926
0.4314653364869213	0.08074738707964049	70.4611318342413
0.3914419969795559	0.10580863948489526	70.29490094579998
0.3915387707087274	0.09550068680158455	70.28092642982772
0.43688604854045426	0.12148512867445133	70.22611947023628
0.27911381326185963	0.06646859953854939	69.79136084447059
0.3041780904387647
0.9042987817752141	0.29905014121251955	0.20310664325799643	84.20655220458976	71.56658315538054
0.3359543529444321	0.10184277415260733	69.5893158994423
0.48796727261596445	0.10714207675195543	71.4794063671888
0.4278049472043084	0.1519561944060382	70.36644347745832
0.9211446953749038	0.2686534495929871	82.10257934371617
1.203076548910595	0.4502138194117459	0.16651908079861655	82.6687090406707	71.53331295577469
0.4134390669112943	0.045872193631003935	67.24417776771385
0.3417432421085328
0.24866740880081198	0.35393094178835693	88.80376221441493
0.34627797885272465	0.28251672546548556	85.1018326583594
0.36667953470327624	0.11123976686018297	71.28953628975611
0.27476083313539207
0.34319400056061544
0.4198875373930916	0.25310917924685494	0.16369024713481103	71.28061267682742	69.32246500721631
0.5134042862440511	0.15467893481811576	70.08222795202994
0.27147006309601335
0.43264651745843685	0.12116132548204701	71.51640562288762
0.3600869789769801
0.33047801385167236	0.15705864533824962	71.5547680325699
0.41027621121904784	0.07742865391868486	70.61808709933217
0.3540752537189768	0.040645944195894484	70.64319118777455
0.38535559798937696	0.046799908860068476	70.07903346901642
0.3009444935245452
0.37073614032599245	0.07231760845086294	70.08031108319123
0.4011187590172399	0.06358827225778811	70.58063141098526
0.4311705606629249	0.0654307587246118	70.9525991460001
0.40110122452460456	0.42472077091107907	0.16098227056458606	74.54758527857429	71.51504320296185
0.834614139337234	0.35530483118384004	0.11462036869616268	87.10311845505412	70.76667035508049
0.3172228771270164
0.3772769386936179	0.1573358157781494	71.15020051681732
0.3577582016213556	0.21391891871475627	70.49816388858883
0.42091875924060024	0.12715041251679413	70.86391701811773
0.35026087096154107
1.3591046359906802	0.31052908069280905	0.12248361889208777	83.66720937454069	70.32520059806266
0.41031686748600577	0.06737723359996037	70.32464712752811
0.8563859630315253	0.31929224010856366	81.83477311966745
0.4455780278758415	0.15916104625291302	70.93822075397881
0.37813829761629014	0.06616282737822511	69.45365558682055
0.39702887304082074	0.09964842550495769	70.4539012678309
0.9788478431156883	0.3918444823139954	0.10562006556334692	81.3655218736611	70.36945944371412
0.4347717827767089	0.12708270655802545	70.57492242639621
0.3616397849331936	0.09671607027166966	69.71723040057117
0.3360827614102437
0.37828872504710803	0.053955508539890826	0.36377792771392586	71.25193255401786	68.38330388486231
0.4137149428140845	0.1270543165602615	70.98975316796032
0.36332046631704323	0.13291537825069635	70.83586057163437
0.40400351242575455	0.12188856615583116	70.75054579382554
0.3808449295437499	0.1282845580739553	70.52938238389515
0.27569688789720137	0.9939579396849495	0.1453168279063796	72.58183086934598	71.53000365525017
0.5718951519317861	0.2991168638991751	81.40546818535577
0.5246313123545654	0.38400670161995604	0.10522303714822887	84.20147185842659	70.38163480927389
0.3571633498991302
0.44660079671229236	0.016921329741940938	0.15357798195980774	70.27029642591654	68.29725809214136
0.6926448586887153	0.25354006888949404	0.02246684438695628	0.2436516599605419	81.70010698976625	70.39087304543867	68.18490050671392
0.3421666460627396	0.12679632168965718	70.976150881563
1.0668577216393034	0.2995956472605224	82.66099278533453
0.42122535380791065	0.1348846319066548	70.34713902121054
0.5398704713072174	0.14706503447106517	71.0294947867902
0.5121484025426761	0.09469827230891034	70.03609824430303
0.2792900937033656	0.06784791686507266	70.77113985132164
0.4716660545410145	0.06809233418784055	70.08469191453065
0.37487117180381474	0.09814985738556588	70.54405816968413
0.4384914873601696	0.18921554121716275	71.41686618737208
0.4166833537793548	0.5352814341636056	0.3176644492293102	73.28558194301799	71.00099878508725
0.30968161851420223	0.15698057819860894	68.1279108181416
0.41613438517328366	0.08592323442484662	70.35492828920034
0.31560740935747655	0.8168187052251309	0.11331881877568623	73.1428664326705	71.58118185878473
1.274499735290394	0.3535462398877607	0.07049749339738902	86.20629152910337	70.40824516871437
0.4326491918547767	0.04369280111860536	70.3733952782302
0.3988521838555304	0.05158679959600125	70.52518424010233
0.4295587037470199	0.09956170434961219	70.62352706736911
0.42331421392790913	0.060663929825886434	70.5597515813156
0.3598810862645081	0.06790711767999094	70.98438490548136
0.49619974357018626	0.14960872707638434	70.60083834077463
0.42873746369584037	0.0688742573442092	70.5150855305097
0.4488200801582158	0.6715476946413437	0.07106212951325794	74.91495692749832	71.33728782805974
0.32859601641605013	0.1275748202941951	70.29569113133513
0.39799014404521754	0.14737471456326026	70.60180939656853
0.2761198658028191	1.1482636051905324	0.143366112102743	72.60044537425652	71.40980467211759
0.3681572912379083	1.7994465371995803	0.022231889652985736	72.79936356154217	71.29221857161794
0.35096162972361744	0.10354037654989694	70.44616859470257
0.39080968072814265	0.036624177448170064	0.13528521859351655	70.07348139110407	68.004772603781
0.3555333809048578	0.03676483015178851	70.2724345917536
0.3705775263517671	0.06678850247297095	71.19051429569194
0.4218574733074221	0.2995626937472448	79.69967197147523
0.5550016791781115	0.371526304335471	0.2431233826426785	80.6810806135485	71.25765488398447
0.27349217100683304
0.37952528353568526
0.3067327263904627
0.3652963718493422	0.1735527346919236	0.21585689149360157	70.2605989952468	67.36945471626333
0.3374424833720247	0.09555615693631281	71.35924457729656
0.40725093981244026	0.10999054127155557	71.03894999791069
0.4335361077902165	0.06801433629086803	70.79921675615168
0.21279358837047901	0.38216186317697665	0.016635959840377586	83.58831677036736	70.11864925080103
0.45534997448830605	0.11887234240116042	69.57021878116329
0.4125789379181087	0.10849973391868362	69.82762510729646
0.3560073899764406	0.1436742433147312	70.4617000708728
0.4285107173468201	0.10681932342802199	70.5063653023292
0.42553154101233054	0.07890844519695735	70.29294596818096
0.4854831639225607	0.11771886871029323	70.92873999222536
0.35847131056848064	0.07893832991361775	71.1386350712705
0.4088814829027619	0.17024090436190595	71.5713176586951
0.47154430948753767	0.05789431058184554	71.09001660693441
0.4136527447330036	0.14706625926476435	71.5816355898487
0.418576985324857	0.449913803067225	0.10160653721695126	75.50691306107905	71.29667523937412
0.3220462811001857	0.10996319227817082	70.96056240603492
0.4561352827135363	0.0670297879918493	70.25238686295953
0.358317986320331	0.08059139541727174	70.69847040754055
0.4400895127956729	0.06977277345856484	71.02634680654909
0.35974081895829013	0.08632695700645826	70.61695391430075
0.3432428101018527	0.14550524550397204	71.13106960916147
0.3654164501421577	0.291017380880882	82.60580408130893
0.3034547186755347
0.47849468034850445	0.061593747580992446	70.5360714173244
1.065044436735247	0.8122447564514448	0.2285270913309897	86.75962535748774	81.14829661826033
0.4333152147981356	0.15445477270835958	71.43529339650605
0.5404122756666755	0.5818292113328571	0.07320432392880008	80.94126734132752	70.33219437988436
0.36566448323859635	0.11259709535633189	71.2575979164202
0.43544712206957353	0.024242316627271707	70.26893595503303
0.45480117023154965	0.15525502807952493	70.48506961043542
0.4140039834358141	0.07276827000486712	70.45194158490119
0.40260060452634333	0.11672455074184636	70.99411430963565
0.5487407736256676	0.3590781710058465	0.19475312444580803	83.10777179466838	69.44453714624068
0.3105172314467768
0.3395741844639799
0.32140323519974834	0.4664649065975139	0.13320448676167673	0.1001876893833597	86.01779421273159	70.92963508965548	68.60400872331454
0.4419071786977852	0.08321917343799333	70.56024396508303
0.42695215638123046	0.1481395514927752	70.79669903841645
0.3323344742879117	0.35986029484535237	0.1080524107773219	86.4331784860727	69.86523836658125
0.4336445407136246	0.14258395266298907	70.24149524950988
0.36749164822429076	0.044317359781419145	70.56901585138291
0.5091363944080408	0.33143800529665773	0.10926077090450792	80.07127607896908	69.53249398201602
0.46626310951532973	0.13166722378802057	70.75377904467939
0.3658817935977079	0.09428657800907413	70.58237716542799
0.3060897835181266	0.43465692608695994	0.23035792607495412	85.5002757660977	71.50442968769175
0.3469283374454667	0.12772201303757047	70.94824604005333
0.5983544480822945	0.2988558739008867	0.14918844652162716	81.13297545341716	69.54686826470126
1.2261127264448761	0.3672236419116251	0.131874834935779	83.20428565965811	70.80874618148275
0.5537269765896351	0.108891818901502	70.15125927150463
0.42471297822869786	0.15196701947716423	71.09619791115257
0.7935592076063407	0.5052503600169876	0.14020412688612172	83.31997771930024	70.52109509463077
0.3481540980064679
0.48886609062048686	0.11263089725888606	71.42197330624923
0.47148451158922333	0.0952517659908933	71.3358584480708
0.4113010320897653	0.45279524566522783	0.2979249749427271	74.83831977957024	70.23028090584978
0.32281116601524706	0.35260202068064245	0.1518425745299361	84.4393138779456	70.54284065484188
0.44962333933863025	0.2514951878119632	71.04786028320248
0.48474862885486697	0.14002100639688872	71.38020950287459
0.32238772368764473	0.1536031262937893	70.25727097296668
0.28439111545501283
0.3361955765224936	0.16233076913644198	71.70337040708333
0.4477268365938959	0.14363330508360372	71.30150286368654
1.906241805080592	0.2486024602060396	85.59703328101283
0.4350299984925194	0.13789190048002165	69.78727068651102
0.5070328010583067	0.13825367113671663	70.80328245711011
0.3232550381568171	0.1594976920124479	68.6146785213943
0.40259880780673946	0.6481133820725428	0.2962581671009043	72.17614977244287	70.63713337658024
0.32143176803635404
0.30376613430118865	0.09338701903850095	69.87980118330468
0.4247867122023164	0.10472647413156436	70.277179785506
0.4991845678330025	0.08364343021808981	71.38497728308216
0.37666911676312204
0.47073469089144154	0.138319931422993	71.42543682744692
0.37566531394065067	0.5895332960782012	0.06809299181474984	72.9170737294414	70.99236277875983
0.4110011545036906	0.05884988358539464	70.4745679344322
1.7360409627663438	0.4149786214432531	0.053295350715074324	88.6481743862411	70.40445445197825
0.3696654120105346	0.12577219332711137	70.66827564058397
0.34776394332363647	0.20225715183554527	67.44536393566554
0.31209962042439343	0.4242883214360425	67.97056707767018
0.4722667638768033	0.22851989922017427	83.18335494614257
0.2998072095483844	0.15123194978097956	70.22917104707025
0.42920553213997814	0.58282014592807	0.1451772486672401	72.86288221576842	71.5182366275104
0.4223484815573557	0.10316598999100876	70.83651094391821
1.427116103279825	0.32478893102458767	0.04484253335552251	83.34842224925127	70.2847572073393
1.0753710768564784	0.3202229688615316	0.06095516148021447	83.65838928075259	71.03084868873155
0.3774975995945038	0.09066218295949562	70.36711504131739
0.44838774783614177	0.07028288887234851	70.93682193094241
0.4366675285163629	0.5206282299561438	0.08072968467396321	78.67568822953623	70.59128531636617
0.299408263141587	0.4235554321879533	0.16678262446060352	76.66734998441713	71.00109724584453
0.39871439557447796	0.08302346692287133	70.1688493990612
0.4231097392730235	0.11183441369038913	70.04263402800602
0.3238324160336245	0.14217092065282363	71.14996323800752
0.3984203517729998	0.06691301922807316	71.10209431179034
0.501246211799359	0.397909044290411	0.09061207540642827	81.28836286555243	69.98095565467435
0.47975719877353334	1.4099832141719184	0.073100785722859	72.5133773223694	71.28863705165213
0.41546137308230496	0.03799208446549868	70.3105561111184
0.49303913728782733	0.049886781602998746	70.8632021516565
0.7260915118825609	0.28525215546090643	83.22336675355967
0.49663241805549374	0.11363060966429794	70.740713506113
0.39941638410943175	0.11559475293160698	71.07378363666372
0.3447877121148731	0.19508412404686304	67.27912129823231
0.4358386849440084	0.038931860551760955	70.44962886137563
0.4600420937960221	0.13063210290214047	70.24328299032867
0.38097308026867865	0.120712940038372	71.2598151695601
0.48079274343568085	0.0692046689418472	71.28173853356714
0.4205592013162679	0.0661580351263316	70.52808668462512
0.447289511162155	0.28717970043815805	79.80097239877124
0.4631121075430943	0.11863955699378884	71.25379474348406
0.3515620950066195	0.13096143983009825	70.96689329901331
0.36937921776892224	0.6964919500574546	0.045929220523337304	0.0553898201484594	72.54343827017249	70.56199068748995	68.75481035008573
0.32802644762678096	0.09912146204629123	70.32047524856435
0.4348701680298638	0.12455034823465332	71.2794876494336
0.44382477268442105	0.08313950289183862	70.55328219597516
0.358947412360202
0.4292276803782285	0.1412506298197552	70.70522983595568
0.5047402200553315	0.1637287454326338	71.48361949512935
0.3739200091877204	0.11354718763025129	71.52740691266536
0.35647450114558654	0.08381620739875388	70.47807668455712
0.3573811976901333	0.18077083571279404	71.63276438480273
0.21883471411932748	0.28239740668770974	87.90863057259861
0.401696983226912	0.10207642404431248	70.38387149587712
0.3264874196874247
0.614399401939441	0.30732802222489425	82.78713139051506
0.45395046790981525	0.10007080780401915	70.8560891169667
0.44946272561805345	0.0801696692809633	70.42406686543426
0.43136454705360355	0.07720197744298107	70.75844764930618
1.6214272215052972	0.2780121312384062	85.91347827158444
0.4332465596681223	0.07665722996160208	70.59267851062039
0.931709091645021	0.5702322683439001	0.07164895247434058	88.01224208621602	71.14128882582527
0.3774566032076313	0.19243348725146484	70.84424051133844
0.4539165359941584	0.1714884614941038	71.43947517758664
0.3765938631717453	0.12530509508350263	71.09684127551391
0.47699285652104606	0.10284499740132845	70.96565180223413
0.3220005001959836
0.4417349297020335	0.1846874993591135	71.65470203611078
0.34363806293629934	0.08268783186673688	71.24936389096088
0.5080518507641105	0.12504810267881003	71.21179793365968
0.3887665166021415	0.11477705954949532	71.21712824123644
0.37536714905817925	0.17379120265826625	70.46729637042773
0.5399835870624891	0.1980948962514178	70.68864986421752
0.3875476140249708	0.14083940367814213	71.01814083000569
0.5202329592126216	0.3105356020302423	0.5422308807641533	0.08163958928577773	84.23595999170249	74.065459293461	70.10950393710351
0.35112554947710756	0.16067797227163866	70.34926746109869
0.35618421908625664	0.09088624424456226	70.16669581760293
0.5120689649873992	0.06762320389676482	70.73300698246264
0.3519547453600518	0.13673746122430575	70.33456550227906
0.3688275061059974	0.13257843647671883	70.01532898092253
0.3964621524166081	0.1498840183617695	70.4480031938162
0.579817453418571	0.3432221475231163	0.16372111161407402	80.46205479310228	69.98028143722365
0.425755771483554	0.11981052935012466	71.72938425423023
0.4306591076403675	0.12288512454195212	70.34967434908904
0.8546886338352584	0.3465988607050777	87.65211030799122
0.4118717526339773	0.13033780448319665	69.22932955522501
0.3606579741018825	0.09454100201127745	71.54222763089535
0.2926791038445559
0.30021741677535324
0.7052693593505341	0.2530276345089825	81.54988227862658
0.3422042185464768	0.1230448051439356	70.91884770958704
0.9110308147876744	0.32644692887306875	0.09889793189300922	82.01813799197886	70.18037411221076
0.42753679222203955	0.06712005757623653	71.3363325877896
0.46559548196907946	0.05585020327790833	70.4870135980304
0.372533827424761	0.09839717570913177	71.4192602039009
0.3693082577249098
0.4417223308691893	0.0873075001686008	70.54118979380445
0.31692495365576095	0.21675947025746256	72.978913568234
0.44664258005287466	0.20022673736107052	71.28894801781017
0.6968558059131394	0.33740522854783694	0.1851015204117807	82.91430617823565	70.29054213028871
0.494640806435504	0.09195629608548497	70.551092162974
0.9714134918616164	0.2807759435269898	0.12121548398458319	82.14674412911363	71.11509923025241
0.3790065863887953	0.082203295133144	70.74801377742972
0.3662608982973467	0.10229974836725596	71.18054563853681
0.4598813116811659	0.4990052801123995	0.041596567825096686	76.59785300941242	70.97346997756354
0.5873278300295173	0.1439465353138132	70.73906648651331
0.37840182546545936	0.09742044235667836	70.60680161965108
0.41043692703416546	0.07091307623263045	70.61439636380106
0.44308853625394773	0.04699404383448077	70.49923210473126
0.4257624667619699	0.06987375430757647	70.50627073616461
0.40700847501975207	0.24281481538460092	71.1613965914061
0.40076608063381786	0.12713079432990193	71.4095956465704
0.5788900295736932	0.3794626750501542	0.07320890580584893	82.80448465812879	71.36192570544064
0.44092381525392177	0.21796432952207775	70.49729419067054
0.3489512139083216	0.15770196956455676	71.37966939060335
0.34394357977337925	0.138067714885524	69.8156521966719
0.3591590449235354	0.21794210612771817	69.5666838317176
0.34755508821350967	0.15804025514424871	70.23336089590467
0.355069499726332	0.04587071877198062	70.56076950042831
0.32124076747464186	0.13546498892135866	0.044000263955660125	70.66513986352878	69.62868051080203
0.478599016409153	0.39347018638036896	0.02008602238556616	84.40416144580082	70.13956751286946
0.3920619628455003	0.04914180744326666	70.71000049656934
0.39450602192109024	0.07978974378963413	70.93377597273879
0.33252986214463126	0.08324436244259968	69.83823673229948
0.3753983556876506	0.06269789555607452	70.32407654839798
0.35463077469047694	0.028375361260821852	70.40787835173276
0.39562972470936847	0.08163104264469813	71.11815591286681
0.4292312865164779	0.039690227808200744	70.75209270504506
0.36584318683652195	0.09776502138428829	69.64574534845524
0.4568137438129938	0.05324468695413985	70.25030904896887
0.397003477396321	0.08502510208948676	0.20921836023420168	70.52716189178331	66.2263154491873
0.38313056746488505	0.1683935950982806	71.40704558945849
0.32633300217514755
0.3178253158047942	0.05743198093478128	71.27876092143008
0.4565375160380133	0.06452103275562386	69.70839801157997
0.4297580506364714	0.08609021614928639	71.3466083342526
0.4095208970777961	0.11234568638105749	70.37355289193547
0.5366848523034984	0.11778525509761577	71.0251537628581
0.34990244187902575	0.08488914504259493	70.9787614496963
0.3396502093346464	0.1216421868637558	70.50745504322566
0.28040479471456176	0.2106884725851616	0.025067468287646374	70.58338036037644	67.18561060082561
0.406209262678454	0.1447042440679344	70.5269322139774
0.3629937012962353	0.06027682474944599	70.89394386584819
0.49631139125424034	0.07183741243899602	71.40442873123895
0.44667707624604486	0.11387610015837904	71.01277889663157
0.36337229161893775	0.11611031249625685	71.39791731403444
0.3169020839511383
0.4319959929871153	0.11584644103186052	70.70904683074566
0.3824385377901063	0.025296325952935454	70.69451774142085
0.4140442724209175	0.027519879790911198	70.29910943349985
0.43898318360669386	0.07138592084926478	70.30215761230113
0.3826970758931406	0.13941959471557175	71.17716322930022
0.346142200266085	0.13239298343350558	70.52501282958687
0.506587044855984	0.08575155342753403	70.54128604936433
0.9742393176072925	0.2780706720237763	82.00186194524504
0.28732030276980414	0.4437867284376488	0.11452384199747234	82.24462387545039	69.9924244160252
0.30058601389983797
0.2671154592468495	0.3662479969549004	0.21195873798610293	74.29280847224588	70.0364492122765
0.39049554326381614	0.4388461022606511	0.06617039263851451	73.66569515550489	71.08073578921505
0.32180235954663133	0.0870384187038284	69.98384928954273
0.33253471298693416	0.10505009933711837	70.33113339253754
0.3732422379056897	0.11152843562365462	71.09399781482101
0.36900748623549107	0.05794523320714584	70.58390948810779
0.38971548212954576	0.044655250172104394	70.3329020933212
0.4834219388396958	0.2564429635310772	81.70961460422777
0.37979657326601113	0.1414670485460873	71.6200768447457
0.3536937893199431	0.1431288500136984	70.83197219398569
0.4151674193381463	0.1146419530077689	70.56105248906319
0.4031422456428494	0.515748835457308	0.08066681868030806	76.58978199462508	71.12670808397093
0.38957654901845884	0.21135945147871674	69.99764266685094
0.38442797504272647	0.04051676155058546	69.653546914103
0.4022263571698814	0.14222240752320775	71.13183809542369
0.4091235117054323	0.23694325506559075	87.441245765866
0.3097228845277593
0.4234754500837068	0.3967593477576144	0.1732803501365766	88.59214965674387	71.01526569198616
0.4456408559413224	0.14046034907432417	71.48460470932133
0.34709984036395136	0.2717900143172125	0.1045313763585128	79.80802673704598	69.20336916946773
0.3914152061971617	0.06617538935354704	70.39831451810943
0.797596369662855	0.3640343764305078	0.02942704691500917	82.0060529599638	70.51275079003948
0.45925835921350006	0.06286778351906311	70.5935711328794
0.515750440230365	0.15660357024672514	71.45779909087243
0.4593866812347675	0.07831278000706347	71.34181043936174
0.401143277916225	0.08186428945288217	70.67850006128475
0.737531876775923	0.38145836029639046	0.1802622550434961	83.54023097277758	71.02248425984911
0.5613925720395143	0.3081483752013309	0.11475938261577262	81.19275001527232	70.6177589470842
0.29094519864078977	0.09711907308816675	70.72415817525132
0.3400987495455765	0.15578726906739157	69.93556824031769
0.43392459714371817	0.11806245877387322	71.21306497382442
0.6481684853779467	1.7242997498265993	0.5118066700804368	0.0827164972548173	85.03226597683971	82.65774611890572	71.17046747206241
1.1298966357534783	0.34465221984923555	0.08961783968287065	81.82145032947274	69.23708453764279
0.426955219572559	0.22565296179150326	70.1939111854225
0.4760304913817609	0.05361020416109399	0.22720048404064572	70.74058924049747	67.53600467186453
0.41274956009623703	0.12295704960380015	71.53421714243426
0.3223661215288392
0.42901949538023937	0.07049146687822869	70.53437738813982
0.38150180624049745	0.06195122961510228	69.97745575556822
0.3951182449439799	0.13015938776964975	70.44378116155342
0.2547342505458933	0.498513216525946	0.11260343443830495	88.0321254167539	70.65115809629783
0.3052399083787957	0.04136634032109534	71.01924888033116
0.4503960545800989	0.05561583660903457	70.38861074813235
0.4289415165686464	0.17729753463839226	71.14982536003632
0.3684802444008205	0.18799919996982878	68.7243948708791
0.39693404338944854	0.11959530331236884	70.92012510592708
0.4528867425937495	0.1703158832152616	70.20879249689263
0.4222452570750515	0.22639402313008616	71.36093966680308
0.3226553363469296
0.3810791239018995	0.20381702585846662	70.32550882848236
0.45604130344310395	0.07983808901078322	70.74177999090642
0.4826338600658949	0.20470663698820846	71.72740891204323
0.35436151211178335	0.1009695892046617	0.20089230794861923	70.41607077108121	69.34082507732928
0.4279451857134115	0.17986753588714388	71.35040756068956
0.36529971776596876	0.20165015225799302	71.01813606217661
0.46489050402869747	1.0774725166357564	0.21266489027448063	72.70560007708498	71.41308663509453
0.43572354354312476	0.13221379184812745	70.41789999639477
0.5797178083940989	0.15270549478791076	71.53823623056164
1.1025342203843231	0.2636164325094282	81.42557013930805
0.45301597681826616	0.08460232074775374	71.24975099453309
0.38567861244289237	0.446134175785653	0.07516947625674214	75.84287681343815	70.70148092827922
0.8274455507126441	0.4262460126842371	0.12041219058820975	84.55123207751873	69.7053821651312
0.4526458490859336	0.17640635838165408	71.27770989242356
0.35338227393561966	0.07827162835880007	70.39859533316432
0.3825297677682901	0.07798920194781434	70.3115760017936
0.3732743594704349	0.16767945928366423	70.61548045325578
0.37212961425115915	0.15457035518677503	69.54104282702542
0.4998245583661125	0.046782020999026994	70.48915394577179
0.403434439673302	0.09685394423876047	70.7490859472803
0.34918361575743356	0.16157135035968956	1.5934376526807197	71.44880048323864	66.07542879483162
0.8837833736334462	0.28434822178408387	84.70307583832755
0.3234193506559857	0.048888828973240234	70.79806467577711
0.30427960688010564	0.06014891351202529	70.65335186632562
0.2657618960019033	0.6695020706002881	0.1224265734404258	72.80590177136885	71.54271204401795
1.5517560622430533	0.333061311302572	87.97944589373574
0.407654358226748	0.19467344449471383	0.03793140531513419	70.73566718524093	66.69380901108613
0.6018362152419046	0.29505428127645217	0.25195395587887937	83.08591885609368	68.55859353590057
0.3992842874917663	0.2419498449738999	74.0076033218815
0.39138524647447387	0.09957577499162494	70.5705571540284
0.37602095087673115	0.25127123641233745	69.88934754517977
0.34061888580187444
0.3190569340317616
0.3678981454989554	1.3518624719176573	0.07659516727734166	72.98928978495582	71.72730154217103
0.519425756879665	0.12040033639874403	71.24168635630211
0.8149888120098369	0.46457380934321735	0.10881146101996364	85.76072272463968	70.55584633386188
0.45320148139225075	0.13003679820666736	70.79240326598968
0.42166211600018877	0.10108592458564256	70.4734960628004
0.7619783081220659	0.4580378919635191	0.08033512181631311	81.50630613243365	69.80887567417942
0.47206634468541114	0.16385937776256274	71.46351758926102
0.48252454448421106	0.32261135676956393	0.8737390981719027	0.18383404888671456	81.16445649399857	72.73908530603163	71.41280405378482
0.4099107350805998	0.6475392719927479	0.10269722138403704	72.652475797465	71.35697486499957
0.5126970899080303	0.09387008444118398	70.88693619177866
0.6372967114607113	0.3616000499880403	0.050923551303019454	88.01919033886526	71.64167672596744
0.3687448085706751	0.07840965082233112	70.72611308082557
0.560308927816243	0.08277309911727548	70.69366487976568
0.3538991041353875	0.008315355126828348	67.32816011546589
0.47600996176489657	0.2108118061617624	0.00324598569454614	70.77236296477825	67.10179732363709
0.4102248032333164	0.0022382639053304186	67.07729887627183
0.3962296075004588	0.001839714020470923	67.25114471134928
0.4297515873699169	0.7042883586618559	0.09429699477322494	0.0013931053056762616	73.01774749059634	70.70546016258695	66.60110502217549
0.4516796505885768	0.0022272639289565763	67.51053600292994
0.3203335271495693	0.0018772771467320706	67.07801719184458
0.3782692045891505	0.0011679576622966514	67.67274631728857
0.30956704043456773	0.0006916429650592982	66.8471487343989
0.8504438979852621	0.2851963134185312	0.13165064324907522	0.0003798196887558107	80.9231873177717	70.04282151145222	67.15296797885922
0.3558040838128474	0.09962957903618722	0.00016073906271179343	70.61953983887359	66.6481157025778
0.336272726378447	0.0013317372834379274	66.57644849136607
0.31209508740385494	0.0018018675505910567	67.14552513913097
0.28415492828957795	0.47760497907942184	0.08870147502704447	0.0005074624695455552	75.09353446349222	70.54244121890646	67.1327129327426
0.4847369567534104	0.2976394505746817	0.0013934047281034764	84.78815466842133	67.33503025398721
0.2555617029352405	0.001137733379861172	67.01828095846108
0.37971958972001	0.18462660838747746	0.0012826143918417366	70.51530961066953	67.4383674405079
0.3665647867249091	0.07835447214533398	0.0019430441452238864	70.51714184824941	67.08745440033478
0.42785619269179365	0.18130154183288558	0.008905574941703779	70.75051047842605	67.1570759243715
0.3362317524402829	0.0556330561219331	69.97152291255084
0.4285022876804675	0.4796046890991878	0.13956852449884255	73.8626387253369	70.47804967484181
0.4231221501156328	0.1163003688451731	70.36049227228777
0.3935034448413382	0.09831344853279503	70.17293607272161
0.49440439701227706	0.049709691443005216	71.46213043806239
0.37524990794962454	0.06276464959327667	71.48159196163073
0.6698078541708963	0.615129880172748	0.24026174450192936	0.34189953199224127	0.15605731535953532	82.17024305861801	80.12030238410345	77.36506557452418	70.6208432377608
0.3643648224404622	0.08015126513597343	70.2412238785356
0.4403988011787594	0.0485379797909086	70.22164817657712
0.4836300000845701	0.15720758417742162	70.33878217325395
0.10041943270751741	0.7719909029220905	0.8380156622452314	0.3270924787478377	0.1607682661670027	87.29362122263494	85.93306752654237	81.68023566493584	71.21453633541708
0.33568280614661605	0.11255570721446775	69.83261497657662
0.35201351291266636	0.05429643374015257	70.615041204114
0.3102880102948988	0.08331070308342675	70.77241223518824
0.3678153153677524	0.09807347212959726	70.77482731961862
0.40481502035497163	0.16918088264983747	70.51715465222918
0.37134826597978077
0.37952492290452305	0.8706074976005893	0.13260791248745554	72.76977539872739	71.62769409093583
0.8449491560968824	0.3757868051568728	0.11420072335863071	85.35614503585167	70.65769306472156
0.3150464042741593	0.084454417879909	70.44047397678499
0.6767402731207385	0.36495472372425797	0.05263392782729164	83.61923049789243	70.5031977807349
0.34683566668408455
0.2522513177316926
0.30006139411159244
0.5165119403532263	0.06811710140196692	71.47679086031586
0.48579897578329756	0.11448355599629255	71.40154885451705
0.34903870424729716	0.09318049318354403	70.4465858329211
0.3581885386373387	0.17135883694698872	71.16843939269057
0.45761955701886126	0.2762774405319969	88.07851299338134
0.3760616028465126	0.1241507753605584	70.69593782591636
0.317493650276801	0.12945587421976526	70.13021209580884
0.403155182309989	0.05741824733396989	70.6481105557132
0.4051771770992446	0.04861843321070222	0.37108162712295073	70.46375201272633	67.51175322859531
0.3791584440760304	0.04954879359562217	69.9398462236801
0.38569676266544617	0.10490690949611661	70.6169063721595
0.36647102260878156	0.10595878363387315	70.77437561489579
0.3911484149084816	0.05682034969542775	70.5548902676469
0.33981331754688615	0.11182862429652053	70.44882629773096
0.43841733041894465	0.11627259601260373	71.33818973267161
0.3028640659926622	0.1816235544923672	70.53140782992322
0.41151619516359184	0.12444519070856283	71.4966924193227
0.9376689054878883	0.4549154276766242	0.12741618017553974	87.91407277914821	71.38227809088079
0.3378204025996291	0.2984989751033199	82.41423363244976
0.40615644808336454	0.6788332197794346	0.15823870530631498	75.0028258243296	71.20654102409327
0.4476575842569173	0.28529854572011354	80.24683544230727
0.40499251893295973	0.09236964391702639	70.53641844337423
0.618607777934559	0.5215929710669353	0.06516045479806057	88.15296484833274	71.0663864379626
0.1771156384872114	0.2965382185835903	0.18712404788658504	86.8819063304293	71.05143893708582
0.2979163364516693
0.3709177515653781	0.053795160593659345	69.18154620250968
0.4041134668087349	0.09884896747926757	70.82538737136947
0.3574349095456711	0.16276246923809093	71.1372067900931
0.6709676079241521	0.22929783442106177	0.07400246509755189	81.14681298246336	70.49823614903924
0.4735455430104737	0.12635594350662982	71.48057324930619
0.5028419145446095	0.4550228589515109	0.3483343577273308	0.1390070918192117	83.54836065301718	75.46552862642932	71.25614876051843
0.4546933467505424	0.41501066447660134	0.12082633622390279	87.21755175529148	71.4784664751256
0.9828004421597547	0.24064359332925392	81.64730627944913
0.3286322473028599	0.02882580663535355	0.1536611477215258	69.89171138667379	68.14277739764464
0.4000585064606057	0.4137189381472425	0.07833220793003329	74.87099960079765	70.56766506013774
0.3657905374956706	0.15251671068197264	70.49898819212873
0.44619966241621156	0.13688661546472355	71.49039656932497
0.2826938300562384	0.3871261579694724	0.8654098175374679	0.10802706112412298	74.31119024075224	72.79632468209803	71.09927366549391
0.3016234196437458
1.0715230630132206	0.24042799130856854	84.24311619436145
0.3826559346124778	0.13640641139283222	71.01957202281702
0.4150153465230557	0.25549867245719177	0.05640367567809366	76.18616229576801	70.3837354813529
0.7211410586853562	0.4205023268399293	0.08218988029379352	86.08673997278174	70.78818203174777
0.38411811294669207	0.0897889712694512	70.60209680636576
0.3413702988340193	1.1821244659698658	0.09448253932458918	72.58643580029012	71.555627514927
0.4699219711629812	1.1286604561407136	0.15601379240205576	72.67399854276472	71.30708164929261
0.3953002461874643	0.970416699519214	0.08999258059492612	72.77010204343901	71.53700012841081
0.36489580368877	0.09074772897484097	71.40675082970154
0.32622884809770925
0.30592223486044406	0.1317010581187788	69.1091460541094
0.4259122722048878	0.16555663633732637	0.12015479229679239	70.57386174006606	67.48587119667917
0.32360835616213024	0.1105041866190312	70.70410160463024
0.44326020980387126	0.05755141081880022	71.18484042482342
0.43298788177930925	0.6575155412656943	0.16409988542356815	72.75048757041401	71.19041063268034
0.379456113927477	0.1894701858142024	70.08057281435555
0.33469555616942837
0.359171340451135
0.7726027791970559	0.32253528924401603	0.11221047339792725	83.72595312257414	69.89541602655825
0.3231477033117381	0.16026364037973329	71.22758990420188
0.3986670010758901	0.03322709824882535	70.42857771970839
0.43605613667610627	0.157387738356005	70.3546253147907
0.4512546202885408	0.07582806747148138	69.93902711941304
0.4362957351418374	0.14707949456057998	71.23684726811842
0.3313065181576442
0.2613841981477106
0.5838038278032047	0.4774808196547996	0.1476713540282157	87.69612388107014	71.04728293323593
0.2663504713473603	0.05478673990853425	69.36776693711208
0.24896319689769464
0.39253383304233547	0.14121976042586815	0.22858656281943623	71.58281967083381	66.59375741990648
0.41079400421164913	0.08694369767122775	70.39742983904428
1.1037303739605921	0.4036372627164622	81.01243254561885
1.4830758332190983	0.3240912861777076	0.09386677991943614	82.54609595438008	70.66460901368795
0.5280790017306813	0.16167355958927987	71.3161651912599
0.42367162380271506	0.10621518594959084	71.10948852982513
0.4030546121288695	0.20774657844946248	70.92622461255246
0.3454624195163805	0.07957398616912156	70.2604563237519
0.37041197503194495	1.0416144814242818	0.1564013484053126	72.59486793201818	71.48639270347148
0.37548143767183756	0.44400306348461954	0.0759951070619547	78.83967144998367	70.34925282677587
0.3545226718915977	0.1568307000890501	69.74630209950303
0.4664246898937435	0.20998674848586835	71.41170570133286
0.6621218371989871	0.38504420278542456	0.12167651685851787	84.64811242466314	71.06403960543761
0.7181948220355925	1.4696023882616749	0.5561497920697233	0.05133824240689867	85.40662251215268	82.40376231975839	70.97322592538458
0.40803884729987516	0.08293451124593229	70.99240008255074
0.320549262230649
0.5156540042636856	0.2471658077720237	80.99635033418095
0.273733721307494
0.4508498615433424	0.09782866802592328	70.85529150986895
0.39260224209520855	0.10654753411333426	71.10417189574973
0.4378157527756234	0.5499295086251836	0.03648961974173695	72.2477923583865	70.48311407175424
0.7097874637751185	0.23343632718794385	82.306255759938
0.7862187094455243	0.43636436719880184	0.22780654423986918	82.76969195162523	71.36349562338795
0.2502118266056774	1.1026131261089642	0.2802137502037322	1.4198444652777626	0.13189718122174224	87.59471041077805	83.65733182247948	72.55110710534368	71.49296292414489
0.3093028464301035	0.16560022293626817	71.01906343057577
0.4778029471602753	0.09998773511002461	70.3763424498427
0.3357899893000858	1.368817054111771	0.4621936264941893	0.25027342397526325	84.63856685122971	81.93311311016588	80.50285845743404
0.42146403088087003	0.13236296553060248	70.99662626666297
0.43085064794315664	0.6456023491046918	0.11022875163287113	77.82526533084764	70.62473944961279
0.3850840165210076	0.0880009056392789	69.89158842442168
1.0449852603589773	0.4031898743630064	0.09692204456629937	81.81907897835447	71.26312473033805
0.39042023236203094	0.12411137143125608	71.34799480215172
0.3427237960433123	0.10991024144038013	70.90540793539856
0.4138286745213777	0.3503615591319933	0.157707372379645	76.01751867151924	71.3037901085212
