0.11399951252961874
0.201520481098277	1.0931465774295284	66.44464955304926
0.21666396096321527	0.9542425819245911	66.84675074653262
0.2550754496717731	2.673766008889394	66.11160434058887
0.3152257457447828	1.753435275715878	66.28926190488401
0.27661032250566536	3.1706387120749175	66.2805076156371
0.2121821819904044	2.564147170954384	66.1206382084394
0.22205091772873425	0.31310399190938404	0.18206706693284735	0.2480726099714748	1.6399148414538105	80.8422237950886	70.90967820071009	68.56197034686821	66.67826944529513
0.2686015455845697	2.0542643903306117	66.35605578469995
0.25905574067399045	0.18085188885588846	2.380801476246323	88.91944172842894	66.43944596852099
0.31152866962924647	3.523391815776748	66.18289705297266
0.41710436185235666	0.2376634727744061	2.3841192133956426	81.7258360229209	66.29671171785742
0.12980610544673762	0.21322640172643928	2.8306794515384017	85.72298794966238	66.33762207773546
0.33180106882349203	0.18339220851485594	1.468872470011472	71.286877603901	66.46930788085884
0.3104240813147334	0.761075025516746	66.66263699842028
0.15690377647782489	0.5730013102118742	75.7200274860504
0.25032515718914694	0.7577566951039111	66.82715947440447
0.21982104212493025	1.2701175242987623	66.95799523642833
0.27897228326783047	2.8351607722798984	66.32089720202093
0.2303687954334555	2.417495604030188	66.20686047443434
0.35971503548004	2.9007985650862573	66.56888592575649
0.2877875836689733	3.493156893086862	66.2176890719373
0.25997311097366105	1.7703719109048182	66.52317491777413
0.07042453729754711	0.27425575228963245	1.8844832901416089	85.55602654934304	66.60716578889163
0.1399059662926976	1.0104721068325444	0.2269770408756407	4.101701851320291	75.91137391132952	74.6112237124618	66.3963398097104
0.26092896146194544	1.1198029785740184	66.76318214763236
0.2263912336347369	1.2320268616710104	66.61769956726907
0.22314355833200117	1.205353502741098	66.1841978703297
0.265466896637635	3.0814212506764598	66.1290997395115
0.2682020299757332	1.4798736924942004	66.1670637557741
0.3020631741213886	1.8427718029876319	66.27696196003536
0.19495165174302212	1.4217764857822783	66.74706599757927
0.355681719935255	1.5055797979659202	66.7469835250068
0.44576369971203916	0.34910411491956095	3.250462199751014	83.55255934150782	66.40934453656325
0.2511559308787046	2.1714672962747894	66.30550021273335
0.28523103099332114	1.2743789994543435	66.52212347880028
0.3264558922663981	2.1540176141196103	66.6508543098629
0.28668329720186553	2.489883399986527	66.3293059077045
0.33570402235919233	1.9716743717350018	66.53950969022726
0.26904439946521436	0.274750576687927	1.5434494482360255	80.12387960229225	66.6226665469807
0.2999452052581172	2.905612039752363	66.40026164696836
0.2662794228809671	1.330487598560098	66.52503594567256
0.31465332485346814	1.9081783357850985	66.23252852923285
0.3140330915893892	2.0920089065279	66.11950912606639
0.3481263197652911	3.8744859155071327	66.04111505321174
0.31862278650267556	1.85727490528211	66.56997643502464
0.3532747052836327	1.7923372614503599	66.50306635690923
0.24102366357477398	2.7855607964158153	66.53836082950725
0.34139948647890644	2.017263224291585	66.44453439759532
0.24816792990435105	3.3310699919650473	66.20514842284193
0.2665282810821129	2.3761015773404166	66.56283885554446
0.29147266903678193	2.627715288081765	66.57470095429159
0.2840196146605188	1.9346985282439328	66.61258816286869
0.35806892223265824	2.0569241870383306	66.32285250496115
0.20444961650286445	1.704801102437516	66.47724144982575
0.2591450211745414	2.8110566433750317	66.61310022653784
0.25939919157050817	1.0465574619163602	66.4845235302224
0.684673979421744	0.27561752435638764	1.9627286935510229	81.78282377177244	66.4760689999634
0.21019962413218782	1.9352501266211184	66.54687251382042
0.13141864356586935	0.3346427363865425	1.3204505781932414	74.98487205663402	66.60706681824453
0.23926989329999196	2.41557622390418	66.40294498588092
0.3281247865224506	0.24798888600256247	4.264649086029927	79.89253702184102	66.30700724597313
0.36710973526271334	1.246865037721072	66.77973331390758
0.2378472576451771	1.519842686238763	66.57441228434595
0.20924621160167864	3.3526211886637762	66.14652968131522
0.24436391444524255	0.3555242053282957	4.587419992256982	74.92612006396489	66.18364858825812
0.22888218484217512	2.40270070058209	66.21173906370662
0.2204906876638766	2.1716856762406276	66.204733817625
0.2948274762429944	1.366707876165419	66.51734509830357
0.2543538927550548	3.3864106023229845	66.09204596976885
0.3405590792469588	2.366150235295823	66.70008144732968
0.30399636159492555	1.9397607033743869	66.56538899144317
0.27667764913477944	3.863078964423933	66.07352255801187
0.22590232307209923	2.4991913127170693	66.39218245144095
0.2859744623522675	1.2670532205486629	66.68394617274444
0.6347855175599865	0.29581509597052125	3.0395811246516593	84.94548571647992	66.2059008184082
0.31448090624284003	2.812041323437251	66.30627705375214
0.23766213958684584	1.0800383853689075	66.90891118724016
0.29651215743543663	2.819982153156605	66.15724069189199
0.199083741934954	2.9779047895487025	66.34750868429056
0.2673641198000446	2.917630349308507	66.054721695175
0.2973292531238368	3.6009213515755794	66.0517664504059
0.2984065870031344	3.3620913819137233	66.12663186018317
0.2587796138418745	3.5317789835973357	66.53309817844746
0.27510016554550065	6.280950136902446	66.11129434806708
0.2629665779275642	1.3172125254610065	66.74650979708046
0.32022956063441826	0.33210077475902544	1.640732614852073	69.42774544121562	66.2938111039279
0.23873304470359089	0.27855220692449617	1.0691695560043195	74.44273238988642	67.01266961083293
0.21235079006785626	1.9774427653185804	66.408303907307
0.30744733962505316	3.5212120410877437	66.1255431628958
0.27128149438897414	3.6679132383730804	66.09031726615582
0.3039365577259264	3.4228213025945813	66.04812626164531
0.2689480242612214	2.7444188198411616	66.09403352189044
0.26277563056261294	8.547080904346679	66.08409210926142
0.5054084852238617	0.3058199826506182	3.3759714954563447	85.79867088358641	66.07370865483554
0.288798827481884	0.7571953757428374	67.23772595398748
0.27164192866906917	0.2177302315404821	1.7111994560148964	86.74625650271406	66.75363951056823
0.035389995989337314	0.36816750095421397	2.288830472342889	82.52446318483008	66.05881155529536
0.32773774162664954	1.4180006764211215	66.83842529484392
0.27970292499122895	1.1902607906473708	66.50723351204518
0.6339178390087576	0.22533757085612413	2.974208661506573	86.83073743012095	66.1444898378206
0.31003218078554157	2.217196345935856	66.43279556660106
0.2640751207652856	0.8671739910801658	66.3587559499545
0.25609030353013373	5.455720264455653	66.13866894419127
0.3073278810221034	1.7593717940418592	66.04486540415907
0.22920602031425258	2.823654743776197	66.06748548983172
0.23459878658967806	2.183063023955565	66.34494387664311
0.2976332482566598	3.5022473466619615	66.1896304861606
0.29890926277996666	1.0580652058982325	66.56981351417643
0.2400111823219941	3.820424768627392	66.34874151984324
0.28637626252143317	2.7582383010900595	66.14739932782078
0.22365471568713255	1.041362361288584	66.68154461282347
0.17778761751866654	1.9383077558292363	66.40047339077616
0.2437383975404644	2.3257625004311886	66.29091333111012
0.1952381245079109	0.25276052851569847	1.4548259215893762	82.83695016661065	66.49535896123419
0.23496687856247214	3.3560671729288543	66.32091712083177
0.22023061027449342	4.685523328272797	66.07386365071382
0.3084618650764159	2.064760346208203	66.48512461737779
0.2580492918560404	0.1461069892911967	2.9918128655241425	69.72134621930489	66.55615971790938
0.1578661374421808	0.49944614254462105	0.3649718255696775	2.5677716217089297	76.16341869517979	72.62098617147468	66.51867358817368
0.22217194828986314	1.4943579583809246	66.61888060141872
0.4252187549583785	0.21981408791596535	1.977484567373275	83.15671375732889	66.48143172269647
0.2554307448530766	0.31152717708906325	3.691889908980543	73.09672752841512	66.35508166646838
0.29106031857748205	1.1326429588386888	66.60201172734568
0.23773837177675292	4.436656686684185	66.41041956974144
0.19797983273284392	1.9126557909303363	66.42657367913355
0.21064315273383072	0.012235288804015202	1.9864319459410944	68.10099451182862	66.78868533096482
0.5249704754403859	0.30558686739119006	0.008967788860459491	1.734878345065748	88.74635960671556	68.35214616419302	66.5854131764852
0.2858581946402323	0.013631092958921634	3.9583511791529986	67.48991594927134	66.39214929964517
0.2045218620021677	0.04541710934566773	2.2621346437361267	67.79302069793805	66.65812041204715
0.29494919794847396	3.71045137025904	66.42340262727197
0.25973963688229557	6.632886980977181	66.20543012916863
0.2863876580768682	2.352554798632326	66.22499257986229
0.3720785051788863	0.35106780012016336	0.2813847539534762	2.2074043903897387	80.05959326458023	76.87078182779162	66.11187491228323
0.2721417061330361	1.2267891915376947	66.83379638353702
0.29517821846644604	1.3571331123055979	66.23563900841377
0.22213750072341382	1.2328941164028595	66.8324827023945
0.27432419984802314	2.1895833663813677	66.16649846563755
0.21156940703575508	2.0384487142095766	66.5014182525612
0.21853867650410239	0.9663945750902015	66.76153772228852
0.2092833415010213	0.24763596937958096	0.8320979912346848	76.4074826099446	67.05238000618316
0.2820721573830681	1.5816947578798999	66.17128005393437
0.21784194912894256	2.7788018329380497	66.46172372881499
0.27522709684526153	3.636101401824967	66.29859456796608
0.29275458194098947	2.8273943063567675	66.24152706736852
0.19174936272693346	0.3423312200456905	2.1808750679878104	75.50741431941603	66.27491023353134
0.3280114788840697	1.76492553749859	66.4415593051813
0.22008815745736118	0.269604775891003	1.5266585105641715	76.89319297476163	66.56644194528353
0.30423564451092866	1.6259514107330153	66.63163904257466
0.18606260250331288	1.8612442007901906	66.63733174094067
0.21197769887287302	0.2508015137987423	4.825292458499346	83.50774129017606	66.06602127553205
0.21221972803747413	2.2000789119902535	66.15374317734995
0.3075733770533893	3.4616487740173114	66.0649509286215
0.21537640891131415	1.236014554121643	66.85488396601461
0.26167979404551733	1.4202042629279494	66.41337221169249
0.2851792232483006	1.5729890216988414	66.44149828254655
0.42377514912385517	0.24616098061276656	5.672235158602494	84.27257845906496	66.08869133574628
0.22785758752238916	3.5136206742429286	66.61191277594787
0.2718842567625239	1.483463409590978	66.57669329255974
0.23685463827881176	2.309858126209643	66.57393967654508
0.2893301341335731	1.9712525521482942	66.53870151918117
0.2691780854406987	1.3873299277379827	66.54951186981425
0.1601304328354537	2.2392517034693635	66.35916100368756
0.16093861854957506	2.0198038979040174	66.22235400932333
0.6673614518195083	0.31415740097234734	0.0907334859367153	2.3605602576857563	86.20407269512255	68.93614666680159	66.45997324936589
0.632981792568713	0.1301136292096846	0.3551179944630911	3.357777832328619	84.1176555959263	78.57043558611092	66.1947033316367
0.2498626232434415	1.1406995049824087	66.83738910645317
0.3197911912762716	0.18530296483300124	2.682929403340816	68.19005917888572	66.20362222171384
0.279933168485694	0.8963933814176485	66.84795271623192
0.31728976270665704	0.6045151547788339	67.16302641563048
0.2083793766741171	0.8232974004415684	0.23654280886471749	1.3029119892423437	76.2940150939063	74.03457935880441	66.64078759297131
0.33479319802358004	3.5182412417573685	66.0578367512806
0.18089341520897692	2.3980773455698494	66.37851488073166
0.2581980459436314	1.4818327125685533	66.6100172965276
0.3067056269417676	1.472011497606396	66.50127412677121
0.24808739965111357	1.651615555783942	66.54400378536876
0.2855700903425967	3.349688789855902	66.10746497429233
0.22775170820942023	1.012762131942656	66.54322563790973
0.2519762189610127	1.5006883706880176	66.71882998714348
0.30729164828579814	1.072790721090392	66.83680688972488
0.23127052319808705	1.6451228043113348	66.52744919621142
0.28482685295393767	1.090170432119496	66.8051020337035
0.284149158864721	1.8970314319877926	66.41857732773592
0.28717064470340675	0.22120663349598302	1.7793288648152334	88.18641573704068	66.7135263651729
0.26825591593144615	1.1464384119319386	66.5325620684663
0.2394617463873089	1.6564343070138048	66.0795607380861
0.2901327794336003	0.30589357381766435	3.006666423946875	81.78023520278987	66.18493846278268
0.30383907114498315	2.4379339399352613	66.4099562698095
0.035684475546051815	0.8655530527133771	0.1857398854395356	1.5738029411345316	86.33038601288175	84.6166067628003	66.11379826788594
0.06119702256271909	1.7271627311093345	0.1650345301084989	0.28614297333978167	4.280013865581096	85.8536073504254	84.5548607092724	75.77285184420607	66.05267319269367
0.07107868962518084	1.5105017946743786	0.21232983342513273	1.5468336386971737	85.87553993045822	84.51571858540215	66.54540539375742
0.034434398635941214	1.400995312998506	0.24795156102959634	0.9199326660999553	85.74263430384123	84.34359325367724	66.73718393965306
0.04790414502447278	1.9394222056118071	0.2779215542611473	2.4655565619693083	85.5320532850767	84.09122409666801	66.20846920250874
0.0800502495992206	2.6679678281294903	0.2785304177866786	3.785662230403016	86.25561668317431	84.98515904582334	66.0719890941144
0.08049814841931784	0.6316408767315028	0.20177073919074998	0.31470176804217004	2.588898239878968	85.89654939033613	83.42504849933826	77.13114548843726	66.2607634554431
0.27827532253794884	1.4948617538991504	66.42939791345442
0.27478566774164737	3.239685712766433	66.37934291460543
0.258086780028764	1.396799306051323	66.19750679638541
0.22282658446275067	2.4647664207948132	66.51838254185873
0.21328518834055035	2.4428766619685653	66.49181351133969
0.34039673817013577	1.808388837393659	66.71682349145765
0.3872655180519972	1.537584502586846	66.23949818099392
0.0883298577738591	0.8445591473592563	0.3032347231044404	2.9239767127662217	87.7969959576451	84.66434827645456	66.18919380372753
0.020646473649822028	0.24228801296889907	0.26046194555138985	2.5495236269595623	88.77990686389231	81.19626091008043	66.14196420435802
0.037557035649729925	0.3119158082508502	1.7904129246981568	85.71085049966989	66.26122537010885
0.3230454254710058	2.5289698358144994	66.2122426180864
0.27997456119023556	4.737318759475925	66.1273666577851
0.22625942171457628	6.2215486827729425	66.25112758541759
0.2888611420684398	2.477656045912472	66.61752410343563
0.0806041010052875	0.31960125516702903	2.1098487973389326	86.15067069184056	66.58183766354799
0.014694654987252276	0.3092111519202247	1.4280593571978226	87.72684983719486	66.40289157002965
0.32005062436532283	1.1399837791395027	66.8470603057504
0.31387451652563	1.4438379818873825	66.21008123345618
0.2737538244630982	0.2510984942657896	1.5931062236955675	72.35409681808781	66.63385614795713
0.3073320159932766	4.911194469546514	66.10435003586842
0.27359461370225874	3.0532868676404785	66.33291017168793
0.2659147744721826	2.007500971090089	66.52948333379672
0.1982798127475633	2.911020763874041	66.44461918665064
0.2095714451172357	3.149799273995425	66.10370226621095
0.2298451751744171	2.762117339680291	66.5612492140122
0.27270898650961917	0.18070012363312477	0.30851600982825617	1.358078821479922	87.62179792638626	82.61719255030077	66.32184098659833
0.24660906564642043	3.4999242544538576	66.10405164690134
0.3383376516067833	0.24647881338477468	1.4022406674306152	84.03663784512867	66.4245864913307
0.28375588876650926	1.1962976366750924	67.16624436939726
0.33742417766198846	0.22891309453248365	2.4695011391002195	83.16518553937235	66.3005845697768
0.20356997686679887	1.4469422128171554	66.76320123581705
0.24223835520057527	1.1296633168847525	66.17988990619116
0.23376048816035785	1.6667603599074174	66.52711586653803
0.7368408920024447	0.281629058060386	1.6988913858631405	83.95471024749475	66.61318444647365
0.0937373484768045	0.20247186157320007	0.43272175217711584	1.5521327672264635	81.96175408824621	76.33849888983441	66.31595599487815
0.6808936753166787	0.27416049595701547	1.3834304795842527	84.86531492299203	66.57162750606467
0.25932352947234394	1.8841125381781423	66.66960406291912
0.25786756874506317	1.7072556542754664	66.48049289135392
0.28749061319792546	3.3804902230135307	66.55453245900893
0.3145072690736766	1.5681369940385872	66.62687305206096
0.26120851355633984	0.9954224476981898	66.74144434144314
0.25946603910081417	1.394607593685869	66.35593624347422
0.22687833033586519	6.000772915563381	66.17834394015797
0.2787890430853906	2.5759361373284486	66.43488152636603
0.2314977039295701	1.2551212368680353	67.10481392527895
0.25525100882526386	1.799748962786712	66.20000422651813
0.2222310124284733	1.8657127042238015	66.52404194056314
0.20935579971155827	0.2185999138271549	4.460065800192611	83.95602534309211	66.24147381506202
0.23213140620674164	2.092500967384894	66.1011948378695
0.25824446931454675	3.442972004041741	66.3184981619659
0.20140245686775413	0.16466222397233526	2.2165798675985586	81.49834317425007	66.41945736170204
0.2518014314646208	0.18384909237614608	3.611442066839211	71.17302044630844	66.18368184902546
0.2873846826019341	4.155687981421972	66.19063272627909
0.3198680785968797	1.9834236682341255	66.66326949141573
0.26324234004862945	0.2350575642458696	4.873838285207403	85.16272525350956	66.22474197608888
0.24010147008109237	2.1532856409249277	66.34122975183536
0.24440595398969656	2.417173560302758	66.39514872316515
0.2865188395880391	0.3309685007562903	2.2846134714690427	71.33459467982641	66.56939137890826
0.3316236649670376	1.3194497723454546	66.7012554423815
0.2704255807641617	1.9501096195779195	66.75194247161316
0.2583573447168187	1.4793841825974732	66.50658620423097
0.3389595201102607	3.5858317703703	66.15148691335153
0.21092270234367264	1.1465227785305963	67.02299552538526
0.3685902475534927	0.06494296321186274	3.6097595726015608	69.29376097320012	66.44828680627903
0.265766185329949	3.4903627192786093	66.22658539942283
0.29696182860510245	1.4156606561972371	66.66220004087354
0.3213086067901567	1.250390493357277	66.5691153899945
0.2318561431289854	2.844008470656158	66.45116414858742
0.26410824956980816	3.2563606702912637	66.56002891808413
0.2368403858521424	0.1713624110832436	3.5043673778250035	71.98761228239648	66.30680838891308
0.21551140962301207	0.2659415286300448	3.2231191653225206	77.63755064462413	66.52601426606455
0.37347533346651474	2.6451797050965644	66.65714889731338
0.30666697925962	1.8825849531411922	66.49632575497832
0.3341587548638004	2.155136776619084	66.18066824695784
0.3026083961306029	1.6225568706614435	66.42135053229705
0.28659905253652096	1.4534687825652655	66.50375847300155
0.299228921246632	5.073906604792074	66.12927686540448
0.08462323881741105	0.23323364610572173	3.727844172641941	87.44342835807124	66.21313945140842
0.2828154822998763	4.814221374208854	66.128805310913
0.2455087639917088	2.34408109531799	66.24964374235394
0.22664391443104526	3.823121948686463	66.08753911854362
0.28357221390389176	1.846245598972856	66.25168116995562
0.2915034895127888	1.58915356254803	66.54897069462847
0.24050960709650573	3.4997029382926406	66.25489326691142
0.23852229221594307	0.2577667727842494	2.809660682771561	74.8158576124294	66.39113755809275
0.3081074344918244	0.2802301830507966	3.0600260995373487	70.43865402772933	66.34455589644524
0.27454626493334	1.5017715827826517	66.46474595397045
0.23605879230725352	0.1087325377938629	0.46632843314641836	2.516628787320886	80.95204075850877	75.94853614024109	66.32802127254551
0.21423339055271445	2.638733696823575	66.19773980323092
0.22592393710641673	2.0096273927438335	66.28546100949016
0.28695387086255564	2.6823589998008632	66.49642041168288
0.25704942158322514	3.292520671869209	66.57247117118887
0.22890778223924835	2.034483731749031	66.56457567867164
0.26355420703232896	1.987434929644316	66.38640596837266
0.2794968699194215	4.427475211578208	66.11030172758174
0.2898567456531293	3.0121407921155394	66.14283452731632
0.22393390367067753	0.2747303287128822	2.7836134217796635	69.72991624711393	66.45609314783387
0.24602950773967125	4.883124120119323	66.07275101262672
0.21280259076575006	4.430130684691073	66.17186440799259
0.346217512504474	3.972056598235292	66.09570175868113
0.22888281417341494	3.5582977069024047	66.0791125451501
0.24084798962177278	0.2582908391477005	3.935024413790856	81.6922686520798	66.12256393773244
0.22834226769810814	1.8670844648824976	66.53737418956192
0.24522321880876613	0.2942825100125474	1.206858596028507	76.61910378658922	66.48691436424673
0.22028777820178433	3.935792014665879	66.09644562705783
0.2705669901213418	1.8024223868959224	66.43178047932271
0.21563165628945033	3.242236497843915	66.51402302757218
0.24668825629214458	5.23507929223341	66.1819063832222
0.2626275658528528	1.9133482140169664	66.66065687398918
0.23037763317584614	1.8692245257928786	66.6279512600223
0.30386233196915274	2.3768860262416243	66.30345914521851
0.22712580442973754	3.476475981147969	66.24046139810807
0.2690663492319424	3.1630084690061913	66.26417566154196
0.284641189502178	3.735226168375392	66.22999022326155
0.2510611508683869	3.8586580203276757	66.50560257857373
0.27347953440888845	3.521725560032518	66.58832271304249
0.368403098985153	2.7587850324047123	66.29945381894888
0.26705684364430043	3.3425266576908386	66.14364705485089
0.36067740139196625	3.11251558549684	66.25921333396795
0.3772603614607949	0.3771272457933709	3.0102776680757675	75.36570071312961	66.0834482500869
0.31966944354082083	2.148762367121259	66.18673839094691
0.33267912749969847	0.7013980078909728	66.93361161257639
0.24640081324417187	1.5903221324886627	66.26841548455008
0.2871621289894536	1.9371365222735617	66.278495629811
0.2478846543882707	2.2159805819384983	66.49802169551656
0.2782512227129398	2.537071580014504	66.25472557187464
0.31875251314902653	2.0413415101611236	66.59626067778746
0.2327203071435319	1.6522417705249635	66.10866122852221
0.40181919113375847	0.29065793588123884	2.4823030983177703	81.86640686188572	66.36137407775765
0.22115933148549763	3.6438359810756	66.42211523810568
0.07014858043500097	0.3569591888789978	2.367198028349981	76.20654819123584	66.06758576654707
0.2554771014907507	3.191751531344443	66.28150854724473
0.32235975836318126	3.5987725872317227	66.223843145488
0.2831933421027474	3.9199740818664726	66.23718542353801
0.21610029547058526	2.1921874353012054	66.51346402912856
0.2785178301549608	4.207461386503654	66.49114683007802
0.2547350677829131	0.13644378530653123	4.504977655961287	70.96436715552501	66.08603224533562
0.3446538252923542	1.8368436748730563	66.46034663523403
0.28667321599954737	3.1829460570472503	66.28729679148242
0.2168932237939079	3.9402897586069465	66.10758210211114
0.2890347354769011	4.1374190443530345	66.32193428302935
0.2507884561203092	1.9811129911848364	66.26462260779802
0.2246242797415497	2.153041332637689	66.2270818309428
0.2461829787986966	1.5495368081192213	66.4804011783179
0.20942714333387918	2.1067137628745853	66.55999753219822
0.28615853577444866	2.491268141236005	66.15657743390776
0.2805104966369927	2.650654056433049	66.23045685244865
0.36005966860264144	0.2877207057553877	1.8005393587610408	77.08205495655936	66.99518242562905
0.258294427403159
0.24333820580286467	0.9838343757822683	66.51463795218778
0.2678681745779263	3.545901752795641	66.24321968333392
0.30886689017314645	2.0013050119357514	66.69474633546987
0.27093887707206105	4.631585009556918	66.15730871795483
0.25863034440999955	2.0253059957783632	66.7883930697821
0.2358982098838991	1.2860249655582647	66.4167234485603
0.3300635911693223	0.11686533345881818	2.1723001749550184	69.84805317120686	66.50138819408716
0.18028462517310012	0.23565143708843386	3.344530397659078	82.01441146298066	66.49535496827431
0.3190776822120327	2.7315953742211305	66.11457430820903
0.31073466532663546	2.0964385829681462	66.37269782132802
0.2561187381086612	4.771033572470903	66.159451275939
0.3227512980248932	2.0068115424402846	66.51497576467023
0.36078151538127184	0.3639128141448176	2.2574439512906124	73.23263728326981	66.06584668618326
0.3145578201058119	2.323757746217371	66.10670167446482
0.36376045965316445	2.447114970234559	66.11187223717573
0.2988157922375074	2.0665867225441317	66.53718015731688
0.29997167875100345	0.6628006938341677	66.64675108300435
0.28326540989665333
0.28104343840570334	0.18569326642771847	0.8659614791859331	83.48871962038143	66.82533603190048
0.25561242076991875	3.861724102405046	66.40581030576564
0.2657558892515489	2.990122120005496	66.16305979772258
0.2659082456616488	3.105935048293655	66.11076127690201
0.33009427893826426	2.9360613232584916	66.30869038768837
0.28120436613900296	0.29274093611848595	2.232716364172023	69.89418257129576	66.16950673021894
0.2463319387522283	2.2501402086452282	66.48600728815826
0.22462941565639422	1.3189905291078794	66.45480993350135
0.3857851327317292	0.2641707214324241	1.8375089676880219	79.84096645395884	66.05316253477169
0.26633545050052176	0.8347834693623832	66.18417604034083
0.31007885461512713	2.0406904544068154	66.53544211680436
0.259040890474508	2.294480452341167	66.49207371343027
0.20943171769057306	2.3601292336919975	66.1979422060666
0.22026572855138649	4.1026300320062745	66.10296704484682
0.26086843587454966	1.607503841117677	66.5085992022898
0.24972935188810255	3.2582893462504163	66.31160606720759
0.2843983168562578	2.964396882942253	66.58902262267662
0.22247402738249822	1.0484448663250752	66.56350778281102
0.2897644035442859	2.137584431780902	66.17861282424768
0.2460273690771654	3.051875308450492	66.11303146743361
0.2421925184933462	3.6032065776121094	66.37002265731093
0.26513159721692475	3.2227082855962212	66.5049526357615
0.2519606058679611	2.5284842540821115	66.1045648969498
0.2680358793969506	1.1070756150607821	66.45789573225163
0.3020151166100083	1.8130948142380634	66.58607792162793
0.261131165880902	1.8603498718018563	66.6391714396851
0.24185638138726162	2.185456146743342	66.78464170426935
0.26805644920492405	7.418775320279321	66.05027720337873
0.29090622199408317	1.986838122087647	66.46479108482463
0.29242903971276113	4.029109103880239	66.16725960025715
0.2641557714486489	1.7181245306518562	66.60158571360245
0.19163739850651684	1.120070507319443	66.46002410727537
0.12770692262395886	0.2266434899657441	1.2987298172236232	86.54105602417917	67.21542180312123
0.21822776844539352	2.7291406950164343	66.77803278206564
0.2101111247007102	0.256379406850733	2.143908515573383	75.76086486861671	66.1468330934552
0.255549183552639	1.7238662361981858	66.59910523313617
0.2463981733514805	0.8750329200250813	66.32223091829636
0.23955358879078026	1.31506650722396	66.64174477377905
0.24975075664785384	2.1496506266080018	66.40019821571053
0.25234207817257415	3.523411304168916	66.17656008472538
0.2922521317457318	1.932485026806627	66.54060682273006
0.24839526137786247	0.2587094304754197	0.43585365629849365	1.5328270873638499	79.07779389348792	67.77026341146006	66.2123356001204
0.3385331104722603	3.021127383026495	66.47965789162909
0.23638511387277936	1.5844174389694938	66.87648217926046
0.26655415598394755	6.333400059618375	66.15618487157276
0.30446992875936596	2.2799402914415294	66.51265435896094
0.31235550247190186	1.7590256253570338	66.66987252857314
0.33399011957570396	1.4440554304982731	66.20523051539507
0.33401231347252397	2.1626772342167957	66.43565231382738
0.24491468688623158	1.0980240710207076	66.64407927314451
0.23066524540073646	3.0145978959971345	66.57864148125664
0.1622185967965518	0.3638461469433974	1.549563754028114	75.91815428342488	66.62696229047714
0.2543378961369762	0.31171091937129375	2.378358583290184	76.22870189475134	66.38979084908996
0.2486784833616329	2.668506550520077	66.63438158170278
0.2728638752852274	5.095718768727297	66.38411096126194
0.23332152362723468	2.3995535288835197	66.67739766892302
0.3154535214947426	2.899041272417524	66.2608942088393
0.2850137543435625	0.21957637270476485	2.8286997392253386	71.74237498059061	66.06122288132453
0.16011284202549533	0.42705190197096926	4.115893207348955	75.57231906145927	66.1217383617374
0.5212736717505879	0.3384379675146229	6.550335491899772	86.8961808165046	66.22020166597859
0.2469021460179582	2.1624642493849167	66.572553988744
0.3028114507612953	3.6511957132594945	66.04488921453664
0.3142186346568775	2.2460909223047443	66.45459339465387
0.3231629551871784	0.2183378834484405	3.9493245651245186	72.18518025629866	66.08765613910165
0.27136560594129217	0.21734597960578225	1.7480618474850953	74.78847444848566	66.56853023019461
0.2656270560100843	0.3070954158020992	1.1680423887396583	76.45842881888473	66.95731669315003
0.29635004016883026	2.900629685339862	66.2378243566814
0.2575342307121935	2.6892838323704877	66.27802256421464
0.2478617925464072	4.6165424508981685	66.23418875990396
0.21333227285468398	2.2101330575612943	66.10771420624374
0.30492135171102136	1.3134997228296836	66.27081620169741
0.2670624690619904	3.824258484660671	66.22589477407668
0.19571775032015443	1.7055022108747955	66.69019609514936
0.3148168655058054	3.8088386238280836	66.29089582041625
0.28355894276476307	0.18263210402759977	2.845891212624385	68.69242439681886	66.34235961248486
0.23676094283087815	2.8750399057737996	66.10727891908418
0.2550925290327655	0.35000975244369265	2.0892485448036378	74.02571013840024	66.60213438800699
0.29434179172285874	3.704503056828605	66.12721373606182
0.2584513985417893	2.69511526970648	66.29531342310008
0.29885447343376614	2.2894358591193344	66.46314648819244
0.3139739624453501	2.4712237357340783	66.09827887870678
1.2064657819783777	0.30507281393035246	5.547477108588976	86.65847889818991	66.20392406210466
0.30396231330892076	2.67456912337796	66.14989998319164
0.2461219074916193	3.0542374626138886	66.49916528637192
0.2607259618165561	0.2356345828310294	1.5249655784294178	78.76098081231906	66.52017974144528
0.325824514490206	1.2256722476089839	66.41830811170561
0.23263478282155514	0.16542246972346716	3.3245880750550856	68.31425753966744	66.14244080190427
0.2501882970530428	1.2465027254992294	66.2186984772404
0.6568351924699464	0.25823167935011276	3.784252617989675	87.25735301483385	66.2705247782136
0.309845455056906	2.277389619435834	66.49422802859168
0.24899743014880388	2.4242713784414893	66.33176229712018
0.21547685651489262	0.23713009612795066	2.098277883942538	77.06663060356072	66.54741999485142
0.28407551408747833	2.2145918094284163	66.17747557498
0.2630174082161127	0.340219852419925	3.4653954835136997	69.98130510550418	66.23502087939953
0.22645870173010044	0.34018049536901585	1.6443279962666129	76.63543400951967	66.3820736151423
0.31162223354610025	3.0934011937295818	66.12582879169462
0.2574344557963988	0.22481875172227947	1.5836959759921962	72.044806501749	66.48670446235934
0.3312941411149353	4.9122825074082455	66.10854637871354
0.4367700237991207	0.2067108095956903	1.37966161575596	85.21895135117381	66.66625823804517
0.3220751025267648	1.1980577690929908	66.49496954284275
0.16965418335027938	0.27153530370575135	2.016113126970063	79.4694614949217	66.12569283328729
0.3063185215715851	3.1085506239636125	66.55998295938338
0.30424411282295655	0.20992870084321028	1.9110590750988978	68.70571907756631	66.39917123086632
0.26693196654659135	3.2754596382986723	66.62060880009606
0.25074035186827526	0.30867011452291565	1.9106584718974813	76.25209683423714	66.22786124588836
0.21692784249192007	1.9725042734790266	66.11024164221466
0.19946416878365367	3.067292677700115	66.35356541714215
0.24891572190616137	1.5748909322141258	66.6310625742511
0.23850745383954294	1.4168575878510814	66.51276955301347
0.2223533012992716	0.3436319722453339	4.424484875084102	75.45917023845803	66.16490283109208
0.21869745873392082	1.3501783541591228	66.64885852207007
0.26081431717105613	2.1715940435248458	66.67369784735864
0.2676508825363013	3.441922921468802	66.12539908212358
0.25089668090424655	5.612959277201737	66.1395179527423
0.24379367641222166	2.031054560409388	66.42759686998367
0.22854269141558603	0.28149823931056334	2.0553031755789957	86.983339929032	66.31062227590223
0.29099207884913875	2.1337601658553975	66.39997119796016
0.3162448761612901	4.130147969669248	66.12299388887828
0.40360400109524175	0.2825369498107771	2.850746753989273	81.35879632546668	66.16416534406304
0.2422955471118918	1.124293644120953	66.87698163204539
0.2897401667969111	2.7590989135762922	66.28922784743068
0.23409348798064708	2.4214327202762544	66.25397043995093
0.24050316998268553	3.753875526413051	66.15000042114056
0.28288252153593196	4.439228345459062	66.10384116097742
0.2993861346052963	2.805888254827271	66.23917481445645
0.26032417752416603	1.2871106156677052	66.73860679937053
0.3203640752686655	5.126149611461022	66.19105332531666
0.28530262518835037	2.210296634298376	66.15163527636308
0.23275844142571553	0.2888643235821131	1.8702798461272054	78.38699563184254	66.40287633517232
0.25129667474609546	0.3585505738709007	1.6279265277719275	74.99309072839512	66.07710756756204
0.3095854110173711	2.5360952668781516	66.54228145910182
0.2369883447260003	5.661013416202143	66.31053148205854
0.2871711198264384	3.6172918579386484	66.31736120678798
0.25080688377370214	1.3293081402869207	66.22010506214619
0.21607343518600666	0.49553300214278667	76.08634379692826
0.2469530053716507	0.4488390869012012	66.78257125002428
0.2634778309570667	1.0742790318640103	66.52622846331992
0.09692365094071745	0.527500970820526	75.65977875873052
0.23454103516253005	3.1072267643500266	66.51522019124226
0.26398793704780793	4.607032273060664	66.20881888021239
0.23669201695163922	0.3447586699263706	2.9228615548133896	79.53269700271406	66.185294205802
0.3194805552620525	0.27560397864088976	4.4018507764880015	77.19901775430709	66.05025677717407
0.25773568573156497	4.109107537870533	66.2313326208213
0.31134376472586395	4.235259250973499	66.14301959463538
0.24450519256726613	0.21264461604083928	2.901209715109288	68.28454225938223	66.40890081154802
0.2452316741482791	1.6329514120196746	66.13339267817132
0.32092400391275855	0.8144577399801908	66.82069741203355
0.20437158214814344	1.1963093211606615	66.15321041440217
0.21297199809793627	1.8331553920105244	66.29550868978353
0.2782241183589849	2.004834807655477	66.507228995912
0.3997102791979483	0.1878975793029657	2.581122794069854	71.66426969280637	66.4149049339899
0.3144572262608936	3.4961549780181764	66.70860297359975
0.31384907189176253	1.5113375864376803	66.77714326920727
0.28960748080810483	0.23445700137807768	1.692681902186314	71.7978022627849	66.5577386477396
0.2642368811713762	2.9880061884945013	66.10738730911774
0.29938528300974976	5.303522356979788	66.16535269101787
0.2385375339039075	2.839703406716209	66.41180451067177
0.16054606789853756	1.3408595014285278	66.09703428005685
0.2075434573049465	2.9443269359163646	66.3025729302165
0.2992191617697448	0.9405798244322463	66.95180667032423
0.2610209941695085	2.0970914411138133	66.14614437440187
0.2407404303545577	2.5849760194422724	66.31134936348985
0.21934780193607162	1.6614047658390374	66.18322314757339
0.19187723727038394	1.8057044471983426	66.52927507884768
0.23268795374205448	0.4336460697953996	75.93218216487858
0.3931968346750287	0.2937656967280087	1.3280558627579038	70.90845736001691	66.05524223319163
0.2937327241121427	1.4074291041916103	66.51607177788733
0.2524276746842003	4.337986447317007	66.13079598343799
0.3099626885667049	3.2406213971968665	66.19686725354323
0.27915825009176526	1.2835814190332568	66.46634291197795
0.2660256198531705	1.1845066781068223	66.58444499641752
0.32106428449232216	2.2719437702077894	66.52235528389012
0.2437290730705128	2.4896816059344222	66.41118052659266
0.22384037301423965	0.38276039780682075	1.8253859128607048	76.40577972421761	66.50000427670294
0.30866776492498016	0.771205418660992	67.66577957584587
0.27370498509430863	3.3273800379930365	66.52334224604417
0.3286046667275674	2.366920467487102	66.54210432288176
0.3029087925022754	2.672032886985391	66.5572764588099
0.20345935278344937	5.513955098956412	66.28396380410534
0.24747569351845197	2.4598150252330893	66.23031750690646
0.23484972939355986	4.19203581066931	66.12844481986507
0.29678647939632274	3.2564439100731093	66.088116300988
0.32668697190079915	3.5821751562045483	66.09359760181005
0.26328351828788327	2.9076524056529607	66.34795069858195
0.21837547197710339	2.227632122750875	66.57556333408229
0.2785314483604405	1.0492175955156344	66.47264725935305
0.2703337705239063	1.3325596530339552	66.19927782876572
0.14377190859215255	0.27703351575960894	2.0950372358961618	85.44433234204779	66.34152257136722
0.2179523865280755	2.640950951899659	66.39864374860201
0.2225957444171493	2.7310682300340896	66.12474437939312
0.21512110978710494	2.1845009513911497	66.39065056106126
0.23811005850047068	3.0266534222261954	66.04943626509147
0.21125019884448037	2.631791336569483	66.27222704414187
0.2097653909841653	2.0077497003291764	66.72390675458836
0.28345721360259424	2.1663638578399014	66.18629063862856
0.2404992702848133	2.656259135489348	66.13303985865319
0.33428329244681243
0.25099326956333134	1.8940373911300232	66.77554703756884
0.08742696249287843	0.4830955700107359	0.2752693481470067	2.227957720081689	85.68062126232502	84.29903251741166	66.35214267932511
0.22777423203606792	0.8839253788861198	66.77176006311366
0.45726933584332313	0.33412069895056884	0.8077478838536607	86.94222869989336	66.84024836045374
0.24952042092288126	1.35689707022275	66.14464416891043
0.31470273906409313	1.4868125868160182	66.1850430497849
0.7026093836411869	0.29369986418862876	1.7509502496483043	83.80352707517912	66.13104135317685
0.24965206927001918	2.224611132507692	66.22841028086158
0.25468621287283666	1.999832457794538	66.53495134714399
0.256101126857201	1.7308082013491988	66.43834189908522
0.2788893933394449	2.5155632903547165	66.40732923238843
0.2625816739184194	1.8677128461127348	66.33594538582199
0.3341744634166461	1.7236100150511067	66.08324799515313
0.23927233300759346	4.826466024258904	66.21486230158096
0.3735897694512045	0.2569165302010898	1.6364012989268082	76.8383604862423	66.23236395249876
0.4039957472570333	0.15841557789436775	3.7978719990303507	71.31080797103293	66.56134357534573
0.32743544687620996	0.2249389117505786	1.58825839946941	69.19786485076085	66.54480643112798
0.262456652208931	1.5893702939186214	66.31207481554777
0.3022584254226384	1.8589077052928829	66.74358022484947
0.25516662956071146	1.858975322894527	66.78161489459885
0.33472955770710183	0.17480297240466955	2.1275763358306583	72.07847097112621	66.1961486253895
0.2420423725762306	6.29316555094305	66.08670030705476
0.2537860105622588	1.6495564250853487	66.8339831835101
0.305869101539404	3.007750827303888	66.3913313417389
0.3182636237478886	0.03582581128651087	0.9209834239402317	69.45006042060984	66.76080092318607
0.34594356716863517	0.00981259974266786	1.5645591611706837	67.9045041973452	66.52909336273557
0.27583525452471985	3.0093892855544166	66.15731653891208
0.9809085954032897	0.2064248833619188	3.9246916061307844	83.5865043086774	66.51014103503144
0.266925365821254	2.8855101791327944	66.63128671216933
0.32174815800770906	6.555756203808965	66.19453928329797
0.2772665099490333	3.9976547099625215	66.20817842185393
0.2248304501712458	0.2698653196570571	2.3788772140795524	71.99432120286193	66.59357794142274
0.23311637334132895	1.6774404338593365	66.51451046444576
0.28143423080000673	1.305976288684449	66.67458290431377
0.24063469206260318	4.875128968199533	66.10012920653111
0.25543151258751434	0.34702089391619034	3.44531920517499	86.12529354931957	66.36944632660607
0.25888697192729526	2.9273455524907726	66.19809455464187
0.34367247565346326	0.24627524745964846	3.292206274700483	70.51432609446141	66.30709914316853
0.3144597843294954	1.772859644487555	66.38564735004344
0.3083253174816783	1.6021099377945287	66.67721490565549
0.24126842196163736	2.153848496491097	66.44848705849309
0.23200508948576304	3.83089884686171	66.54407232039851
0.23335928572050546	2.4150829759797694	66.26794156950076
0.2468807617507561	2.7012020578841542	66.34944177977997
0.25131119243459654	5.645223543896013	66.2658794975617
0.311189291341948	1.4182713851608448	66.59015084058537
0.12757274938987584	0.31801351025149766	85.4357566936451
0.1573786241541553	0.34873798124949135	81.96423377946289
0.2294197180801973	2.531901733007162	66.72605967268356
0.28786561582231657	0.9423562255875397	66.71963216207016
0.6153424852537029	0.30792882187656795	1.2194542285046623	86.43517334710391	66.55219929601684
0.24237661185525683	3.1345119080712376	66.2037022676043
0.2440702452702633	3.6122525551986313	66.44784878872078
0.23492327697546772	2.576542675225428	66.40553912879946
0.25385588079207555	2.3176697962894504	66.5432538804298
0.2761538757053148	3.2195207885173884	66.34189312113996
0.1244906794181566	0.2765555792766545	1.587716045468977	87.30658382793767	66.14690699282559
0.2611510959418505	1.4007818633132796	66.3541584808144
0.15090472566976823	0.4098780042791553	2.871990920009161	75.55194856348979	66.16604770118681
0.254252337410679	2.4427988640373424	66.63200657972516
0.2962330660763896	4.151825030107099	66.1596075211623
0.25344378127161915	1.8410828345048587	66.55706470272908
0.325570429061155	4.5724558591259115	66.1347764577388
0.30566913594237843	3.8167930207745857	66.28862489444143
0.28722752599858337	1.5410680134452222	66.81007261806593
0.20181741428719166	2.06445174588564	66.57138686465674
0.2927381303636447	0.8279709550719094	66.67956952820845
0.3091042588572543	3.9838861838971353	66.37722012199283
0.24782863522858362	0.154824749329419	4.254551125475604	67.7393235386186	66.06842418888601
0.3081682568382378	1.7906369115519065	66.17878199849848
0.2662952697066776	4.017541727546652	66.12098628792846
0.40833495423923366	0.21604069713870702	3.6713289916422505	81.7208243964408	66.15492966445551
0.2423794085884407	0.11317265464134037	1.5318992429781937	68.23404153365398	66.8098692881611
0.33902326764026414	1.9698136545424112	66.73507047649979
0.2717930085485142	2.3357277183987915	66.66497155785642
0.34417928205809956	1.5394575389177267	66.38171655145781
0.26953625889254096	1.305188196038108	66.7740246477645
0.22692253202367468	1.0869308807339653	66.63227734567246
0.1271372971650543	0.8415019417403451	0.27186005027902044	1.6630515255188174	75.92016031881028	73.24124213396874	66.55231131000383
0.23650189641781402	1.9968002599869326	66.67748410895896
0.38882772263376253	0.18580927506355796	2.636173563496441	85.05449616120096	66.6164165262665
0.3110272389702459	4.223731345046284	66.0826213320927
0.29544493990056103	1.2365661167549316	66.53968116052827
0.39609610570148546	2.168616958226694	66.13346201014141
0.2711044131635697	2.0510627707336107	66.4667296155857
0.28072982917410605	2.52362893028123	66.44853809150908
0.2553472363193726	2.386982437391156	66.15222347376262
0.24299488686661833	6.581036014481395	66.17681293304412
0.303480438081489	2.135224643171801	66.77881750426185
0.3028652311480787	0.1631310607846568	2.136714415313556	71.42170378192509	66.57691047207386
0.2918381407861092	2.0147104166959116	66.52129688756392
0.23237103897119782	4.434871265124933	66.64127620509981
0.3505220228452769	4.057939766484105	66.27087780634325
0.28906795645034755	1.5661494332973735	66.27817835736789
0.28311787268964506	1.5257241077967743	66.28301199598556
0.2526063537682481	1.7158711003228238	66.88529935588194
0.2933822926674711	2.23307744860399	66.63138048052434
0.1957431097190564	1.3567801152780248	66.72298261616677
0.11393969550382486	0.2704066093549223	0.8485919008979962	84.99582925128773	66.64535062306341
0.11329304741947552	0.2747922864909539	3.5899705118340886	87.19149546382036	66.33388486563653
0.1325129371549981	0.639521752088322	0.23961892138300575	2.9378438415662584	76.33504161788409	74.96507799386707	66.55085409266432
0.04862427001723263	0.1215063778816185	0.440100096458877	0.2437919244814548	3.8866910117275912	85.85937525293599	76.34740483628873	74.98100307543228	66.32952796444356
0.2546350752296552	3.0691437388344993	66.06201396228097
0.3016559898287407	1.3450178890897377	66.4940177013247
0.29977544913382365	2.037662715913078	66.13321249243977
0.2984578502207134	1.9202804114164107	66.33226954808377
0.25944845797152116	2.1693630876505456	66.46625646824043
0.3017671827903677	5.2936716408131	66.3660489788818
0.13841909796351873	0.28810628411599865	2.970879147049615	88.50277137910743	66.52208954633768
0.3562398160335587	2.0952194947403058	66.44198960976567
0.3299336003020728	0.3429395844009011	3.4127920918713217	80.88750867356381	66.1951154502618
0.3482507488095364	1.7819758041416873	66.39897285185596
0.24431651542615046	3.51769153129318	66.06143491793178
0.23401687618567604	3.293641722981636	66.05587621986764
0.29378409704527025	0.37100825288360123	1.032745776830208	77.05499952869253	66.53651943859572
0.2920273214388637	1.9914241281705254	66.30666842268907
0.05815757383204241	0.23397814412687196	4.62430163585388	86.01083378757815	66.27992826824868
0.26867817177820436	1.7582319086399378	66.30989827296071
0.2528544780762465	3.3839459184852676	66.3852834450197
0.2747459364201135	2.3915165286336415	66.24327868777266
0.40137479449316266	0.21706838881783805	2.613471632128163	85.00096119189408	66.26365662029212
0.2335911807564124	1.8332132978970987	66.47773039071303
0.22837422863097276	3.208855647031273	66.18831078317143
0.2115714179286171	0.2646719426534451	4.175254368798957	70.98511538289146	66.35140107271529
0.15460676816204458	0.2571270064532883	1.7917410581078526	75.4682058347643	66.51883806632239
0.30394889080294013	2.3366708024284195	66.48581638951568
0.20860880816991476	0.18372157641753126	1.8167266433445401	68.0185688071372	66.5067226767352
0.1860071969468013	2.0905619651344733	66.94101761890957
0.36300382625113975	1.0148726513089	66.91824172071318
0.2921792064694681	1.4943025654971687	66.50530327988842
0.2870914053210261	2.589665351343399	66.20783730261348
0.19900282598129113	3.806516940651	66.3522411104923
0.3138053040780819	1.0494933762660767	66.37121083749139
0.331124629699604	1.7491197462162749	66.3344998089571
0.47108224617528516	3.2573424252865317	66.12876683296922
1.2397817531832707	0.3156158900509269	8.030147584949956	82.52241636842851	66.08317323752162
1.1364903714782222	0.195884647290989	0.48829337198101413	0.18516711614710912	2.1480942414141264	84.18275743253477	74.99530690997202	70.84779487458746	66.75010056687941
0.2576022914581304	3.647055567485602	66.06822417662059
0.15948242172984742	0.26565563966125966	2.489986798315967	81.7230332113485	66.04319111931063
0.23708466651091134	3.343656362316425	66.49794904628422
0.3306105840103863	3.7542381227725743	66.19955740531736
0.3058186990023602	1.6718441261714387	66.70600090914803
0.22690115608453112	3.5514510950230656	66.56446522770024
0.32189762202765376	0.34951103818467405	1.637591488956621	72.73154162535985	66.37256285067619
0.3838743113892587	1.7478685452844869	66.20023872356518
0.19767021806769516	1.9109380133012392	66.45150137346333
0.30031714313312635	4.683453562791266	66.10121370490758
0.4041866590908553	0.3622287270514324	3.742423325661878	85.97826202809756	66.07252052892295
0.266282404622288	2.686897664575262	66.47601104030734
0.24556855334220848	2.543545600571674	66.1322778590994
0.22893999078717775	1.1530870249293688	67.00411094282559
0.09908682923801138	0.2019289830466363	0.45311111248011404	1.507843969266655	85.61878882079414	75.90206784896093	66.90191280451411
0.28119955301138183	1.3413717474365396	66.43866637510828
0.14719699404880424	1.2028957717521305	0.43296461494412897	1.9700148228097822	75.92799868590426	73.99016639049022	66.4958425904761
0.2658529232456552	2.463175726718533	66.32019900322018
0.26628874171180317	3.6502909956785135	66.19774029271571
0.2589754858774156	4.252397887728055	66.42194082056204
0.2465188278310886	1.837817033604052	66.59253417445962
0.24550293490483246	1.7724190425187893	66.61955020266156
0.2988974551531155	2.2526002889784156	66.46376129628946
0.04482976622073409	0.2708016456723798	3.446199769781754	86.1355660973463	66.1776062309641
0.034053998004847735	0.2311158719688021	1.0765464072774038	88.50591553068263	66.96558156225532
0.2796888017214004	2.982855430256903	66.17582148783339
0.229257149301892	3.437857356322277	66.10262874028614
0.28960956613467537	4.270212619187768	66.39855586618522
0.32063089073138473	3.842169380970646	66.14341358969669
0.1726716966987658	0.301894086264024	2.8402272572437512	87.88890361057366	66.51506417155048
0.32610113624900056	1.0599918064313287	66.24478727494852
0.2602746930438257	1.5167405889175563	66.17771885638095
0.386412074099819	0.3455459987685908	1.90276901493575	78.66859789274821	66.48325905019453
0.24759704516015968	1.7058316546581755	66.55178427650458
0.17862804256173154	2.3835374290685554	66.50536712729756
0.27951039578642245	2.6152231505706314	66.54392773359164
0.2592809991161162	1.2855343396423589	66.77904445450159
0.2653842911293391	2.515852328810603	66.24469531725988
0.25567741491466306	2.4678753399559548	66.21812049372652
0.1457081789922991	0.297497013573887	2.288829209080193	87.77637050618681	66.08800294698526
0.2411925429683202	2.616030634354334	66.4705798411962
0.29954731343281804	1.6832429648127298	66.7708747362265
0.45515439711743383	0.3099677635128142	3.133784944116069	84.63114597329876	66.3121000448745
0.2521197866824612	4.064025708358518	66.20583424462677
0.29085961751951	1.3214856534536135	66.39620870511695
0.2709680080012408	2.0512565460337973	66.26251510545308
0.29581773622768576	2.170085312917381	66.3337324087412
0.3005606356264613	3.0722392928260245	66.33547019958608
0.3424504980348153	2.819010087952973	66.1675795042887
0.3458914241728554	2.58577595749757	66.22231863593673
0.2494443830326552	4.762002358463553	66.08687009029035
0.2501692045894598	0.7989726879727609	66.6554961002245
0.20947879202510583	1.6412781648056851	66.2417467049568
0.23805985257466528	2.7197960414438205	66.28723177732158
0.374237472044327	0.3123096641674616	3.879001395752344	70.72260243901943	66.06274433644134
0.15853153371324058	0.2605477275555304	1.7085307227830904	85.65455600597285	66.20116696302544
0.26630000128559095	1.728174561170493	66.8031525672641
0.2128431597832646	0.25209475387125385	4.101321654899491	75.71436402735542	66.047121151451
0.22849518847349637	2.093787038685291	66.1455128530625
0.2480863523932091	5.847999049965806	66.20494311706705
0.260039665412105	3.5474847887013623	66.08779997027261
0.27262319638390053	3.766973142358412	66.30205729219892
0.29171114694360484	2.9944998258434175	66.23694272436398
0.26529394168011283	4.835989659415123	66.20824461622917
0.24958305882200582	3.8930958021381437	66.17142620568703
0.32722665760952885	0.18136712458858667	2.3424071065906418	68.82297697329966	66.36359014927308
0.2662294297582994	1.6942122209871588	66.51712599652312
0.2618691774996757	0.3488848436256558	3.464927072631708	75.04740214462556	66.0782489819945
0.2644991655715671	2.392027407449217	66.66664467704017
0.28902560984023407	1.8354403090171487	66.20568646931778
0.26328460881912297	1.6029940932917597	66.67264903621448
0.249764759574164	2.819432571596308	66.47677843546147
0.1889240366027552	4.0755459947390955	66.12667590025885
0.3171456366473306	3.8162928333715342	66.18024326640277
0.25588387400277085	1.9338923596854314	66.25210817188955
0.24879358019229686	2.095571702426032	66.47021139522174
0.32579062473386006	3.199494789776688	66.09655233179747
0.27685100333737134	1.9540088952991992	66.17106534745639
0.2773908782253754	3.115235992799089	66.26643788673847
0.25382070249318106	3.5287076013492613	66.21186872409754
0.32666684228101517	2.672620271579812	66.11709089583998
0.3651141859714461	1.4377671384521102	66.32059114537597
0.28718689709996936	2.9711045959812408	66.30523611218622
0.2684754851037008	2.547884602551356	66.45299059799201
0.24072887373741447	4.267071282142556	66.1793878950889
0.3304210627452524	0.28437776594838	2.429802777470767	80.6110398695145	66.36072580464646
0.3052590598371185	3.0115140465156314	66.2992646723292
0.2713905695204029	2.2504521205385153	66.51893899149177
0.21825742452949634	1.450763600226471	66.65803224092168
0.25336115500871753	1.761143549567981	66.17862496443134
0.28532952120032595	1.610695482059182	66.58220003500628
0.30022490873863367	1.1555233877435378	66.35209401466383
0.2523678885365713	0.8642427956286838	67.93099970161515
0.29871360480964576	1.4519759279338136	66.16442864507508
0.07435962707098534	0.24471141851681205	4.694027158724265	85.82820975792812	66.28711767338078
0.23691056849931166	1.0670922358499781	66.67056934317762
0.2861118553670774	0.26335219521435377	1.6946877543384107	78.59279271882063	66.38230149047361
0.2579222401914115	1.4123225534660722	66.58879536114189
0.07162284692831045	0.34530965466712893	3.3351797500188556	78.6854577111616	66.3105505258557
0.29297043919764	3.2689476956303087	66.37821814474157
0.3110996119018968	0.22360806430987382	2.6002276485201374	81.90189885293437	66.47038711952064
0.32935686868987213	1.0629089689246658	66.35081886106968
0.33310137588415367	2.0537965339300177	66.07414461107011
0.3504801106963053	1.5016302123844796	66.77968760656724
0.27384546134532967	1.1560517461860864	66.8205602725638
0.24802489520592177	1.9167829574237747	66.20003713647512
0.3355067809675088	2.9769609520649567	66.31912417624632
0.2998195575122167	1.161414990176633	66.89022263409979
0.31712794500348723	1.3892030870018994	66.63147151097544
0.30026050186421505	2.931710278046759	66.41115680278993
0.242488167281694	1.808909747787336	66.49681704040201
0.22862997051885256	1.5499722913557805	66.35003249181561
0.22030216733247837	1.2901722624497973	66.59517083415298
0.21734714841514877	0.5069712452129335	0.22497812966862046	1.3337451849106292	75.86816690479093	71.91832030326795	66.16182528633215
0.22728032866058545	3.7890878937786217	66.25412917686695
0.2866656528940667	3.187206133428785	66.17430663975524
0.2896200453383787	4.634679201586815	66.19470947256816
0.2690767406128291	1.497877633374107	66.21591298986993
0.23852472679821812	3.1963090423100216	66.37121445686664
0.27283921334933725	1.5711450805120402	66.25173253067206
0.3501647790038265
0.29255995489006537	0.7529088064289884	66.78576882869767
0.24277769213705983	1.5634778521374724	66.54720137478789
0.3143188017338601	1.928919098736715	66.59589873951465
0.31542142337051965	1.45091831297123	66.59238380244696
0.30535425994666987	1.7718013059212279	66.59552181187289
0.24602883873402995	2.9943831240772716	66.10822943662366
0.24461813584389763	4.46482495814366	66.37646909125898
0.265252573168822	2.159575851660659	66.08153181712687
0.23303528332801712	2.7111763635679367	66.08291514938044
0.2767201985282394	2.1119834745126744	66.10502569425734
0.23558498818209234	4.845643269626051	66.12652838368521
0.20841619903257988	4.15145574830951	66.06178498799763
0.26085190008992704	3.9882504716143754	66.20878766571981
0.32584413932314865	0.966766244956542	66.369253404155
0.13136557535648635	0.3743100285573821	76.40382042380794
0.31578905531185547
0.19098970194953682	0.2681774570153922	0.8153948777380693	76.07917081405883	66.7797063719376
0.29330899820308154	1.9871278830549435	66.70566465173616
0.2733411552878951	3.2415509844900803	66.39878900180629
0.3050752388304088	0.24674129640402717	1.415148377685071	84.16749977402263	66.76330391431668
0.90112540959279	0.3639266861612182	1.0103389589161158	87.52320877854895	66.71738610478907
0.2627330144202833	1.149978393206731	66.79506341990815
0.31411250249479566	0.966646091529982	67.0718442934605
0.3596589164039883
0.15961017898131458	0.32894822176677635	2.150324511939437	76.19990733697172	66.59280292977814
0.21446785066206253	2.869351877029065	66.24691724431561
0.31130956437793345	0.3458359504725031	3.646847345849426	73.27376574809082	66.29611063735518
0.29312690563950783	1.8515946000715715	66.25804247215727
0.2627223015389099	2.524592238559591	66.58755577348546
0.184056828060653	2.0765426024087112	66.28995129265094
0.30311695518966864	2.186645246338238	66.49079121472695
0.3738979733932411	2.1243926454275615	66.1728127854322
0.28854869908133207	2.270229783589238	66.06249923895061
0.30281625973958276	2.953058614206269	66.09814699360291
0.2691990046058649	1.4786227747641407	66.34719575784723
0.22755247208894067	2.4391930114041855	66.1125095040489
0.29841407358636485	7.038339646011418	66.23054608763559
0.4300745980751413	0.2918570640585685	1.9831257516924512	84.23876451046667	66.15003883348841
0.2949189070571818	0.7386160882402844	66.49622415184857
0.3207319791429723	2.946623741137088	66.35361413847062
0.2585003144418893	1.6487370195626077	66.52687907486803
0.31689647908014595	2.2275870391976427	66.32786735872843
0.2582741221371115	0.8375960840563161	66.47497097808143
0.29604413808981167	0.6896025768037892	67.28868448358355
0.23749246376654284	1.8442944287507108	66.29709472711214
0.3165126855417147	0.33442762799999065	2.3193782770598412	67.70034539222789	66.61078755849229
0.21351339687924362	1.5435896836414247	66.27943986566196
0.020573679706921325	0.1272342222422571	0.3245115309413382	4.569930094727521	86.74936320883774	77.5168600464802	66.21523515470152
0.0329139687304259	0.21334336900476206	2.486786761784425	86.07287445293629	66.52205063488734
0.01031832559379456	0.2688389801844988	4.3783906424305945	86.43527868685531	66.14826085079486
0.02962117070653372	0.2836394643872517	2.104903269825394	86.58601999291447	66.06752754500057
0.035800008293521896	0.33007942666634055	1.03194461213051	86.11781730636251	66.46840010022082
0.023967660707597333	0.22125922135989665	3.1761290082758844	88.00312221708941	66.30626149722737
0.30698112525007815	3.654292354247744	66.130789888334
0.7513634989535528	0.2421312646657041	3.814370902005744	84.81464585417402	66.31367124995582
0.2987636371687419	3.062389054661844	66.28320141534914
0.2433212437362708	1.5017971846642593	67.06474422772772
0.2585651137086129	2.2248605531625234	66.66142012423805
0.21128905977900372	0.3076091758386645	5.15088567065378	75.97268369474702	66.43065390442243
0.2523233199755986	6.088535080264927	66.11510791174427
0.19802131998176378	0.26495292335903925	4.313406744472684	84.70544989779802	66.21230476054913
0.22357973323363117	2.847515489211452	66.6076872459889
0.2318285546144009	4.836064746567406	66.07147496914094
0.3388454919308149	4.6816238524047415	66.15088929287013
0.27778894858450454	3.6758188491497203	66.10180006583414
0.2614328603289007	1.896716812148299	66.8775963569133
0.2864149046412965	3.5183500320461123	66.1628632898003
0.4764732354283525	0.2662814309602673	2.22248262831354	82.57805806467935	66.0699722538625
0.24177278571155708	0.302463295227853	2.2622921215535006	74.63645809322712	66.41122610703808
0.22851322411650388	4.121418532816048	66.47033504129267
0.29021613714295996	0.21391994959939234	2.665484196285874	72.4428151466392	66.07211778961921
0.22582053645522476	4.756787828339326	66.10320214435671
0.040115911704238345	0.3348915331574074	2.8713135513878485	86.7684100177975	66.62581640307211
0.3634274804692841	0.12117512218971459	4.201773019230295	69.02401119694915	66.19284848040013
0.22906401158873976	2.473635559849827	66.11562975557204
0.22500323463370148	3.8667720097152807	66.04365013507018
0.22493001966485643	1.9665515855498428	66.23151164858774
0.14340762547561203	0.7785011675955458	0.21693179418104622	0.1990794876733424	2.582448154074174	75.90604059157538	73.22182257324674	70.42404035560243	66.47989388369186
0.23003174376013147	3.089152021171566	66.20895600446927
0.2486848342366499	2.953528926910279	66.26091935201553
0.3181283188074054	4.73553636154229	66.22781063269282
0.29764748953020825	5.540143204104176	66.1380545759804
0.30708711547566053	4.900441221403038	66.25465213619971
0.38023360128703015	1.1214089483389702	66.35380639312194
0.2931385894833243	1.099173175270538	66.50874078366073
0.33584312933125554	2.491740369627339	66.09200827144711
0.2812945136599085	3.2134093680002103	66.24889248977378
0.2659441727912163	1.4725320182025075	66.45824523226906
0.25774505925600477	2.71929180034293	66.27489442788347
0.2607282649006093	1.8965303319399736	66.403353086152
0.33257398014876244	2.0836204600258643	66.37522646824796
0.2728112418317917	2.133326506150584	66.2592094462904
0.025653655331659565	0.27715057815749233	2.356571207183067	87.61597546936216	66.0807536124706
0.251482217968674	3.7092036011301373	66.18373283040621
0.2514127870311417	2.8711592620473847	66.42888541682181
0.30426084255513697	0.2891538146377178	3.5916774282201507	75.5355561927713	66.33201193771102
0.2837434539902395	0.749370909516917	66.78287641107175
0.266186704091835	1.0266068725561126	66.55948822376402
0.30576689000593416	0.7758513262581653	67.5918060585152
0.26094899244518394	0.4046737410123125	2.6246205095101445	69.41239208223875	66.36523647562578
0.24763507112389488	1.6198286899617158	66.38992541841182
0.3351605079708082	3.7454438820170717	66.1925165284109
0.1954061728494938	2.8504097120416203	66.09090420523695
0.33215866018183204	0.39090153525756904	2.1357414911030155	73.78315969460955	66.5069729720011
0.22254948702724558	1.579593695807079	66.46908843605804
0.2601355079359408	1.4302166990590206	66.86990724096529
0.2662740276990304	3.7903623145835232	66.27612161726452
0.27270467103958557	1.8734330521214493	66.51218545888543
0.2768891633872323	1.5369762064703003	66.59848461356478
0.25556676497968667	2.3946617378261994	66.05847162922142
0.16408175247684242	0.3022561965302403	2.115316000576848	84.84641634605698	66.15947404713387
0.24096442301663776	2.297754326860334	66.57650497758716
0.16861947328893634	0.0898068063846036	0.29356136527174875	2.429011653000857	81.41910108697049	76.30866491703702	66.13417881136178
0.31535942439202297	1.3086658935723572	66.32718950191092
0.16940849184167445	0.3076090393895568	2.8993136922687426	77.81145233102089	66.29564070330717
0.21281214025986972	2.5711516167705972	66.41017665777349
0.25403171050004314	3.2663816705124056	66.11949985076295
0.2699078456601409	3.0375329787131737	66.31975700697213
0.2861803061474373	2.778030367012547	66.25855731129886
0.2823072394532821	2.9973832899275163	66.27321113900449
0.07387412707784625	0.2795010296220178	5.347763847500402	87.521120038832	66.07176611592308
0.3278204912028065	0.22921598849284308	3.9683013577520185	72.43967896159286	66.14857960182974
0.9755244126295333	0.39791467254778834	0.24132121201486353	2.492109793594826	88.14907986739412	83.71691866219172	66.52655622606842
0.8036364863251705	0.297217921316656	3.082342106125322	84.2191366570849	66.19825736794361
0.24664607284786866	2.1906054928566516	66.5531824930173
0.2734999988242356	3.405807907134739	66.28431077103878
0.27859957751860537	0.30129985311428586	0.459738514408891	2.818654080961197	76.87441099756273	75.68596898900381	66.18610445505861
0.2479794131720858	4.085952415798305	66.13288383098656
0.23598958797634204	1.3503405665858335	66.68451879884117
0.3072380182786678	2.647506127470797	66.41109455215182
0.2705811856311052	0.9875403134391049	67.20791055245807
0.3951407349657689	0.2859610795602386	0.28463667061280606	1.6296568261568842	85.12672130605725	75.2452227550493	66.11545857240233
0.251716987156285	2.16881490774361	66.4652636997776
0.2581228834540377	3.1202411414670297	66.33295272175819
0.3028895308577135	2.050617999249755	66.27891895363666
0.23985874129618323	2.4801865069059135	66.33496903334557
0.3375273054244654	1.9140855683889395	66.1580786124487
0.2486029611966855	2.5598767333091605	66.10229643408245
0.06898699433547469	0.280240468695481	4.130073773133676	76.03913025580674	66.114102406052
0.19697101989757548	3.1670305342666305	66.22232283997106
0.17961463458970314	3.886465738554491	66.39202481333118
0.19446751879189653	0.2563832696745657	1.518869247671702	84.98988238740027	66.88735812203164
0.5936280981990512	0.2869183411076296	2.200366923456274	87.64285965502697	66.34062555018386
0.24454546777847339	1.8009511639887088	66.1890974204735
0.25310094663642463	3.295616495789993	66.08487509389683
0.24344127063629878	1.629513663771798	67.00581468569361
0.210563467478501	1.599930260215502	66.38431828197172
0.27574255667942155	1.3959670823904184	66.8488079340712
0.2594624232429035	1.7997982058993367	66.58631918533325
0.3265277954349463	0.2161479454104367	2.0926073964298393	74.23399113552469	66.5246531365397
0.25366524239200605	1.0785686390755975	66.49520079031107
0.41793777050236636	0.3612809515440248	2.2283509414373808	74.40860746675838	66.21266642352572
0.27580134851355737	3.663131109859352	66.36076409717705
0.2558792695186905	1.2370824349904546	66.86894570491846
0.24307454275485735	2.2971141615308768	66.59044741184991
0.30618227045966057	3.794077744678556	66.31276090679074
0.23892509742059054	0.07552779361469393	2.8011559375361035	68.94775444250018	66.5512118856918
0.2716087426405315	1.0333329104477134	66.59831960499514
0.23567981414156713	2.721866062844567	66.55448070593363
0.31608703000431765	2.46592609920599	66.49007837340184
0.0722412302035116	0.29335377216563946	2.579393657582188	86.1994332992296	66.53689724625545
0.23630972627921643	1.420227356197148	66.68282426341257
0.3485143503319273	0.9451666236906652	66.63222962707644
0.25043822447009306	0.7167975359903609	67.23389138577366
0.29660917192548114	1.7831345868640798	66.69379646668615
0.20993517814982787	0.17256044579482183	0.4657148132796503	4.811722575124749	79.51838221211888	77.9402882043687	66.35556610831556
0.2539458474658824	2.2755766425992188	66.5802614054901
0.34769100612389214	0.22545211874012708	2.9675940583143654	73.4836754354666	66.49823098974723
0.27671697660207534	1.8288669342845638	66.06491228535648
0.2701094128573929	0.3358628194869351	2.571368508031454	73.67001983715001	66.17400501582112
0.22535626028101782	0.3406074674339425	0.9149584663220599	83.40966917076412	66.54904243381543
0.2237947777912501	1.069250203555511	66.63556450193713
0.3071622813038582	1.714364775295529	66.37333541949192
0.21608736532062137	0.2916197340731339	2.1065506734268493	76.13882456468474	66.29746143985696
0.28767822403490606	1.8625534193426314	66.49392540797604
0.2753384190169167	1.447426192356422	66.89159554848104
0.2794834183670422	3.1743696570422464	66.3178945836003
0.27525650570557647	4.066930203260443	66.3076732582022
0.30036408706888096	3.0919083310123914	66.16865154733337
0.20967481389064596	2.7946851019995753	66.04760115457813
0.28564685002358253	0.9841637949874862	66.31004479776513
0.28175346458118045	2.425071787280029	66.10763616431386
0.27662376141954953	2.8764090868398866	66.4657694389151
