0.21644194217639726
0.32369985953192865
0.4013769409133	0.33356985825415086	0.1706623431995289	158.14832810504612	71.17712850811088
0.32743952755675454
0.3315004892462289
0.4970963035626002	0.6156060259887155	0.33909545532808893	157.1337430986786	143.56464469939579
0.3599897920087047	0.23298639964718448	69.31674887941676
0.31446057419942314	0.15544113640381121	69.17404899963098
0.33701131252393834
0.3582306804221452
0.31993197689386477	0.14242410577920125	69.65911327292315
0.3413031539126034
0.6118169516717423	0.387781845285475	0.21305241407215464	0.3577778204317492	119.13341640040578	99.1829882345736	84.94314706436994
0.3735310278535685	0.1712125698175321	69.94684297714575
0.2794387647053362	0.31235005559684437	90.835938670316
0.3763321919517127	0.2141613863142344	70.03475222077313
0.27339236111357834	0.3171137293050728	0.20555778044436845	146.5351075354712	69.71614852356977
0.3876135348592425	0.15133376301783558	71.26717171188103
0.3942179442075712	0.21785716671832103	70.98909122724345
0.33245308922013855	0.19615463653921533	70.1240258852452
0.3232973296919933	0.172259589786103	69.85970650135718
0.3051918755020471
0.366743004885854	0.06894910953019139	67.36392503403889
0.34775025166564927	0.03366212024598714	67.4688201811582
0.3297503488162179	0.04591938960931033	67.20674958104648
0.2988521849136012	0.043908665167185876	67.28152869191373
0.3255346907895809	0.08434871632089208	67.15077667642826
0.31292068560778674	0.3544677302371726	0.1291905625256134	136.5942251525415	69.92893375883453
0.3281176005060528	0.1646969879878142	70.72365927045918
0.31206893432663835
0.28670300988796127
0.32510122689521553
0.34025398884067665	0.29685754607350184	68.7004445722595
0.29101285159250273	0.31042693111413766	135.44276611985
0.23759262690377123	0.3515338708841284	137.76940705183293
0.43019370017174463	0.35765818193285487	140.354841203593
0.31514543934855066
0.3345830622284746
0.3319982551960153
0.3834932698333017	0.34159048965530653	148.5847784796037
0.3217200857158877
0.3623662042727054
0.3574691901839906	0.19770604179420434	70.59322553549136
0.33846815018667287
0.36064673992002894
0.3421407968842299	0.19425997238930318	69.3462658024139
0.38768871231743673	0.2422183610732755	69.84323535518567
0.34895383529788526
0.38290968153566457	0.1445019479838423	69.20347864040308
0.32324996990999827	0.13143562411895127	70.01779673974994
0.36037142488716256	0.26182372684288396	68.96154500810034
0.36088433839974304	0.20412919771394783	70.91851620360615
0.3277061111283672
0.39337664081525703	0.2251185785899402	69.73180253605972
0.364419566840796	0.19799612050980556	72.09446714391346
1.2399961739714558	0.3445052534090992	158.87188332416048
0.41702250877933106	0.1418205557895887	69.90307791498759
0.34583276423334336	0.12536913626304136	69.43664862626976
0.3214414247579834	0.3337783403310067	152.4630091104573
0.7790238884023445	0.31729930649754745	137.06090919942426
0.365292246896815	0.4171527265794645	0.16192782626324703	78.57490659739197	69.95430225997988
0.381725340820318
0.33974951779036494
0.3306670663440981
0.32500490178977526
0.28425155850934775
0.34452343586041634
0.38838659153325594	0.26061583789744364	69.74155378727745
0.36421688119479856	0.30338381972900125	81.84352324451527
0.31954581406375404
0.2955204149911277
0.3381849545649613	0.27991789101267756	157.36680477045812
0.35015663631576877
0.35417179068076177
0.32355927207314644	0.3225663892221427	147.67237283187922
0.3484826585382956	0.24353942585928	70.5853533293762
0.34284541659627116	0.23064965704968635	69.7940092042092
0.33741256337313846
0.34500516791706975
0.32691425504923405
0.35665713719129866	0.18149495319258763	69.88257239497594
0.34774301377122985
0.35358463405938995	0.2614969048471555	69.32175469884757
0.3035686288855103
0.27714486114275705	1.5883744491940663	0.3333974952559394	150.96168841367893	145.56438467365004
0.3477212266883945
0.3451988831172641	0.12161410816526842	69.18338611199921
0.37068187519428414	0.19737857965941064	70.90218816682908
0.32017372993386545
0.31769222450360596	0.3136676713323444	99.44947808269906
0.5119440599689603	0.34617390317508806	0.3617711779098493	127.99134714472812	122.27409015873592
0.334160370718433	0.14332719879780828	67.17773576850104
0.3165559062102458	0.18906669796520922	69.5329195808612
0.3450200258537099	0.21302851596892364	69.55378279850393
0.34014282185172157	0.22707251041768406	69.95243453752502
0.3141214342232395
0.3490317985030211	0.29665553746247186	82.67851321913852
0.3116919539721534
0.33437361393382486	0.1768895885114539	71.58678402331726
0.36199435123652746	0.24502875495175847	70.82349211571997
0.3807671619355075	0.16742394940393213	71.28463033334465
0.36008635084829965	0.3873894841888061	0.24842997564656027	152.34090201760625	70.21976939350036
0.4824651471403442	0.33920110663155456	158.92352106735646
0.315567047640417	0.06939636580632033	67.09891276997125
0.3578523768637879
0.35154944052768955	0.21347626776919815	70.1319735078079
0.4336915284948221	0.307935536185185	131.8210950188705
0.245731727514569	0.33697950009923106	152.80179281739103
0.3284988423216646
0.39885961844581314	0.14589712702757562	69.86368008058234
0.6414307488958474	0.3313175472380422	139.61588900122763
0.35096019753964147	0.31653261623500595	67.43713843074562
0.34684870394261913	0.3197395907296774	115.31658523671712
0.3543979942211602	0.16511705689021725	66.57225858432257
0.3323411337318168
0.3052716799051004
0.36768093684165587
0.3632622444705014	0.2328631411911764	69.3122090539163
0.3699273172035453	0.11068611824409579	69.91878537718547
0.35363582558275586	0.12379317664231206	69.89195728267758
0.3161533120920509
0.3852803409276307	0.26571166831052423	70.63101598456318
0.3554109161031124
0.3106339306972153
0.36373858390113717	0.3235719565727809	153.73465287810052
0.3569241190386456	0.17018956317018136	71.31813445637219
0.3692938756863769	0.17364342875556588	70.69471081842298
0.3519588499591434
0.3991775156330806	0.29198366577767587	83.39243709784337
0.31344428012312237
0.3619987805886252
0.34586156429344067
0.3945901375538383	0.21281429610057262	70.16804035101632
0.39280242634007984	0.15666945791521564	70.2177437736684
0.3148443758837548	0.08265904469921345	67.72166149669818
0.2548524609822187	0.3229750926486822	0.07169221300964443	93.92801422291407	67.004451919502
0.3249402189520397
0.34102162718901585	0.1354568410211563	69.93629157042206
0.35853775940987465	0.15701101545022664	71.233012144833
0.5183589841577002	0.06753506241697471	0.30800835425784323	138.15372745091005	132.08001059308717
0.33918652773451435	0.34482105268381996	0.23226106496647791	150.1557336883506	70.21867154618103
0.3197691650847649
0.4463799636339802	0.3856171344708939	137.30119788329918
0.3813772207247166	0.21976916370875535	70.49062012870654
0.4354203099371047	0.359670302408372	0.10740697779372535	162.5329820588099	67.15857886707374
0.3672227797254274
0.5629434651700794	0.35455515357809736	0.24176487983325243	137.70175106715814	69.70021217407773
0.3932945343929014	0.15469374407921002	69.68655758997765
0.3695843866538762	0.09693251074401617	69.93637963691415
0.723562116987282	0.37708025300755776	0.19601735637368814	157.67584166954543	70.27984892796668
0.3762380854683886	0.1336163103710491	71.38469152133956
0.40215647767084434	0.359662086111879	0.0661020512663784	120.97966730299893	67.54665631893212
0.322487125303594	0.24209425119280673	69.39666619221812
0.35094267044059924	0.32982560721938736	80.33203713935004
0.3111400195915071	0.11088787569065096	68.84363500338878
0.32580207580221704
0.3191089255566698
0.3899963493261076	0.20962175736343389	71.32772409127567
0.3440277769637628
0.3661396460976015	0.10420735315555682	70.02130489276881
0.39113086720322954	0.1780742378092048	70.73178833519887
0.37543243380736957	0.2214190288421538	69.91109668872396
0.380780421075775	0.19856979198013802	70.93231094119676
0.37703696356800026	0.14008593048004334	69.63134912655123
0.338486929282515	0.12024641988397856	69.49406643149246
0.37007445053308197
0.34587596626826295	0.1941560777339792	70.19503049457809
0.34125493477513463	0.3835398348689698	0.21649507759941541	73.78971407991031	70.92678418354812
0.3362058453799131
0.372286879928132	0.33620210383250604	101.97470730037581
0.2991121474752704	0.36368654450286003	86.85766992376566
0.38749708512096076	0.13859433703901222	69.7440751209998
0.3785961957437225	0.24646898559132646	71.53183684792992
0.33415131460422204
0.36596185929309916	0.19424215783949725	70.58139913962563
0.3513870436965059	0.2188647162001052	70.63467844220435
0.3685324991552409	0.20241662536063829	69.86148617830243
0.27937010076318797	0.3482159510737101	72.51603896310687
0.35131295794950995
0.44903698336090236	0.3126889004954491	134.33350237330325
0.366184815632709	0.25461808467525776	70.9469276567829
0.31457206428267914
0.3392748896604372
0.37730782948792346	0.14709228260721421	69.40565681392982
0.35378658993394263	0.1397807930811579	70.72487681813577
0.381719621775618
0.3716246080176172	0.1320209499588363	71.29368844378338
0.3378547458973145	0.4020550585403427	0.14212124581065663	107.81116797520107	71.28749771739515
0.42950338399233007	0.34693373212001954	0.4167848591414312	0.19386002133926594	151.70872851982423	77.59533577321099	71.30879039647262
0.2982682880492163	0.4190264868624777	0.1410974511408218	88.41495716764037	70.96374426287869
0.4026963686436309	0.19217982081104365	69.32219440073001
0.38567728327033374	0.2575797579733967	70.58944940519076
0.34904525184724944	0.16184548693104708	66.30294531506198
0.23204462872194453	0.3308628296281457	157.9098626917968
0.3055282238893267	0.19652926499071774	71.31484610011526
0.341458811761675
0.3959271639124463	0.24614721675557208	71.18218416513014
0.4234976715006706	0.19616843371344939	70.93917650356498
0.3445060323119987
0.3523200976384572
0.4221062998495714	0.1475199316384332	69.85797744842519
0.38181051949455036	0.18493689038721428	71.0591811948923
0.26825395740423397	0.24721322801268952	0.5658114640328428	0.41852118119265597	0.10721353807788196	103.62405499741016	83.63821433662663	81.933066117058	69.61829009422617
0.33070389736592914
0.3877871919833161	0.19145254489459176	70.7197288288472
0.2994657728889586
0.35096983478393173	0.3751298797922695	0.2458614847857117	153.89716318298335	70.09103127376153
0.3379784555719223
0.299243915061522
0.3335128912205514
0.21808948308842563	0.4880925503811331	0.32568960762948346	148.56462413668686	136.3918104601912
0.3790787788935211	0.12645221124494288	70.03097742636629
0.3156556713696725	0.32720504117010774	72.54762941864863
0.3252615849172691
0.3345604123681802
0.3713754704673887	0.1768772129313352	70.22432801480252
0.31895849900633877
0.3530632305655648	0.18039512697380666	70.21525987088346
0.3323330291017941
0.33155499066916394
0.28208818486427284
0.3366489607918014	0.13390074015335612	69.13831674918396
0.3450364999633115
0.3815667616229134
0.3583174609794832	0.3452445812330324	100.82847374185934
0.3535466740412936
0.3810895177377295	0.18343516377222724	69.5084962774868
0.34084298377310834	0.039854615167534246	66.267057567971
0.33939544908920977	0.33716320461999927	0.12692588328112162	154.42175331388813	69.64941273188845
0.3773386248711132	0.14493654268404974	67.10583676058853
0.3075478547572547
0.356082892514334
0.3185425056532966
0.3737247517178088
0.505784299207395	0.3219603132819907	138.97198157657277
0.32541068824947084
0.33146653505051615	0.22167951832317498	71.55886694373265
0.37453684408736415
0.3611728757687607
0.3621831794714415
0.36226952911677107	0.19766187567800036	69.95332062896965
0.33047794686617665
0.4073574196447571	0.15509836140466696	69.89657145458075
0.27966889524699606
0.37339236915397983	0.28550887582606865	71.30950537521618
1.3278339438173106	0.4029523881745576	0.19266498936784843	161.32864249971385	71.31564599358714
0.3657047266830477	0.14115397529167184	70.87826116323035
0.33069987850353344
0.4056570175568469	0.1497429753287814	70.27189573526935
0.3773172915210318	0.09589492321065263	69.77827661640318
0.3297127606105713	0.14813645241642925	69.40551598367364
0.3092926181967618
0.30549755347315993
0.309730909108071
0.3496528023360077
0.34198647126280307	0.10162111918985271	69.02105591016924
0.35209061327910884	0.16623488873097778	69.65693722811302
0.4151686284718117	0.18916723616426587	70.28786061097203
0.3673410670600286	0.23747065369163506	71.0788954902105
0.3595685432555488
0.3521267640424095
0.3113848753653367
0.3434579913411789	0.12036934697474119	69.47649347849526
0.39462937675845966	0.13568857949921065	70.47441966251309
0.37426126518984076	0.1639729393787954	69.44586658249693
0.3561793957763541	1.4550111737465887	0.3130489061985362	132.82929362586245	127.53005474060276
0.3330751025219485	0.08839924359144133	67.36648817102387
0.3500110811174066	0.046482342559687716	67.48928403193182
0.3229834742992785	0.008975965428077002	67.33650115493094
0.3652794571299976	0.024683877254910516	67.43679941227668
0.34380417617215686	0.041386899099612406	67.25887654874131
0.3097017340701193	0.030856333675257194	67.07952954714855
0.3599762765953717	0.0283242646195573	66.57777615206778
0.589790404009905	0.31712072131891833	0.029236928077350594	157.65064143071385	67.3534804268925
0.35020084239182137	0.3219343681656878	0.11507895178390196	113.70757837407358	67.2450073398742
0.3066822005362053
0.38638211515934506
0.33829553646757926
0.3608704950440717	0.10564394506966421	67.55571586268148
0.3547618367405779	0.16405275018998422	69.18624148661611
0.3975604925171848	0.20422028228025907	69.92344432023299
0.2940591449892468
0.3689747699627071	0.3764119164327957	0.1019801890234005	125.45612474655346	69.9607079564334
0.3288039906769624	0.18588062284241022	70.84587365149744
0.3980201168838503	0.3854195464112324	0.02167446983296827	140.7816040031211	67.44995522070636
0.32392199572207153	0.016660125253161195	66.93706833914966
0.3319414299564196	0.007687776769966545	67.22471170049145
0.49405659564440374	0.3072842921834642	0.008271640599386785	125.35577670896855	67.11388897261916
0.32036870951818225	0.02031240396063007	66.95388645892903
0.3186271280104881	0.0165687161087697	66.77419044323362
0.35368111996869833	0.014609071940594097	67.14485292060176
0.3869058695105068	0.009802049962756867	67.44154339599982
0.3496963347170151	0.06801574305844205	67.48577539927419
0.33240296373454287	0.18086492607949842	70.59133099875714
0.3585430445460723	0.19004553024176696	70.7300725214869
0.29794444942540727
0.3040869373851414
0.3477499804700266
0.3256499416099119
0.4824819223218517	0.3413392323577474	162.08388330264526
0.42890035707160706	0.25726749812410293	71.61492263927705
0.3609814104288252
0.5154609085555987	0.3548763995792914	156.58960490291426
0.3733851370422085	0.24540630979983513	71.0854623984705
0.3601686883630483
0.3026702877124903
0.42888278137133645	0.3265405689314925	103.51965013299916
0.3289682828470566
0.28565542512983844
0.37685940676429613	0.20596990067955917	70.79504774634343
0.3173881503850957
0.36632732519402594	0.12465723487856367	69.50954948437621
0.33801506672676535
0.34250429127751214
0.3636807678835287	0.16456771556408095	69.4965711318792
0.3472362352820634	0.17189581953841362	69.20808440886347
0.36521691747100404	0.1484161179194913	69.38056271370428
0.3299971956435862
0.3112421574427353	0.3139500693300598	0.22176703957381746	141.1806048940412	66.3357924929213
0.363617893176078	0.2386179393062508	70.2944919618761
0.34344808616378547
0.3295749371435934
0.31526802721141073
0.36027484028550977	0.1588418647961648	70.01760718237743
0.372751584739883	0.08739636731138228	69.29971962764395
0.34854044495464226	0.2046368482527487	69.45184611454853
0.3203522976358034
0.3289405091640718	0.3510839405118262	0.18335399261808216	141.31283997618397	71.07384646605428
0.3612598241808219
0.5753403329851874	0.3083494611823493	159.64914074268964
1.192710698052736	0.3898536378457116	0.17868184241668744	162.57206861295342	71.22307360777212
0.3625664126225057	0.6333961259112696	0.3445908967093552	0.23065655729401208	156.5988943614169	125.58916207166823	69.33025492583337
0.5785353222126118	0.4021158296106671	0.14339826291965116	131.8541637438514	71.0306259797609
0.3856324247059688	0.1866347913910224	71.3409875961528
0.3493933066098499	0.11780008474912577	70.00270886315923
0.2742136631707889	0.3603744826373102	93.52488892567771
0.33329499830878967	0.21503770912996298	70.71137354343956
0.36822516460856747	0.2215494546319506	71.3680522226709
0.3320068845277012
0.3521227027212375
0.3669369019015724	0.3751502694181504	0.12212482426797201	132.01581306862585	69.86631905649794
0.33366058034181195	0.20283250103446013	70.48558215767383
0.34681605064736176	0.20813692513367857	70.39056049222266
0.36805899133812553	0.27661100640625697	71.14492654089598
0.3058350405491704	0.4230636724461033	0.1098388489124242	90.04526874110138	70.1973085739971
0.37040254769262965	0.20786901730860421	70.39712274038506
0.3677067846225132	0.24055668824794138	70.96890841665875
0.352122848960757	0.1618735417739081	70.01292606416905
0.3754967919633103	0.24475835815578145	71.14809913259965
0.3207736754890483
0.31666510331648473
0.301424087674577
0.36194305644688035	0.11648826915314985	70.45207237836117
0.3165410166289542
0.31975695902576895	0.3080506395565137	74.04391605709229
0.3696512816392542
0.3153995368874308	0.21573810804896149	70.66754904101154
0.3179106070082735
0.3652287924133439	0.20023781538688226	71.14010273292999
0.3373525287236306	0.38111261120459555	0.1560998145719423	150.2110561048273	70.67420112632946
0.37569274379108686
0.3583507848410913	0.09421378192039642	69.46840985755387
0.3629293896517218	0.1878573627370204	69.42704354062496
0.38196277434268056	0.13224199175049414	70.0465001240072
0.3783481867236869	0.12141455899718796	69.24954504459808
0.36771270610013534	0.1961101065380247	70.46361412377148
0.3800784529309162	0.19994415410170488	71.34036155824703
0.3714370607720297	0.1805460996999888	69.84267145402728
0.37955894980418636	0.23379801568768496	71.39315321964685
0.3742530421130302	0.18592957120678663	70.7803151620903
0.3456314232299865	0.1099305879361215	69.42331803125843
0.30508755260351467
0.138868610856075	0.3159867682823675	159.83177934383485
0.3624472873128139	0.14141737705712462	69.42428099082076
0.36617306346679274	0.17358394811675285	69.42905136307284
0.3588918975924764	0.08552774861777876	67.42758850686586
0.39593116862043004	0.06226511308107656	66.761334762687
0.3457770838009173
0.3643887023971064	0.054200965399999385	67.43505054636147
0.3579943027590795	0.03376906489284168	67.13537560269583
0.35632234094566234	0.12455587384887672	69.71824992928018
0.34344770235002664
0.34074110942098446
0.2644316086065209	1.0230581137702304	0.40536283855552113	0.36924680659275144	140.6919298116587	127.92638881155118	95.42298499946371
0.3139945285351048	0.20727580010899535	70.09284714424403
0.7329142511698186	0.3293417673434318	156.31642232127268
0.33036162968540855	0.1947266344701729	69.88665953751186
0.36302279011637256	0.17155341511342864	69.52657138557409
0.31168781912349497
0.29744990380512376	0.16682879464590247	0.32418789904049694	154.46107748455674	152.45589923341316
0.3422941572318908
0.37394332749991654	0.16256787929797115	69.40503165801401
0.3865577722747333
0.3392752344975448	0.15310242337045527	70.31626862889466
0.40974889283527655	0.7778423718231978	0.1940723930886413	72.39097723831344	71.35666842009532
0.41540734888573727	0.1856301485949264	71.29420192735346
0.3706459982545298	0.15861112027583735	69.60330639029704
0.3177560536241154	0.38872796547993177	0.04296686680242191	86.00383332267515	67.27940788952536
0.3974551181168957	0.27261154785269487	0.3315510873358649	105.85729245676424	86.87285478717237
0.33929628715063814
0.2936863754181306
0.2985632123602217
0.3744928534553876	0.11804305290942169	68.8349802405672
0.3697845514722107	0.15256639195882069	67.56220463625486
1.0074119057358886	0.3111788287731034	156.73012345844222
0.3396354189035369
0.34260499565653707
0.3264346625344586
0.354559727155532	0.22620716153767864	71.2209468923595
0.35799625680411995	0.11626505129686054	67.11941108659036
0.3809944004976231	0.10682219724434873	71.32284658071143
0.3457482344267915	0.22786326126179587	70.26858292128182
0.34437239561856975
0.40833115120527774	0.23070686839887813	71.2897606501262
0.3689779587469141
0.3220450061283451	0.13939821558844914	69.60470701139283
0.33494559786630596
0.35496761303744295
0.3253499361130948	0.4120921477581369	0.2800499040703666	94.99230152218298	70.48566236148714
0.5732374781747593	0.347638472123568	0.19643660611622785	130.22256465389538	69.68452286066137
0.3363131327681787	0.1316255906655328	69.59393312616328
0.3325661987497587
0.364789825762812	0.08739903827474588	69.06038804288039
0.39158250950297385	0.1231058691988632	69.99667188207731
0.3775874446934797	0.11008721522389772	67.371381896177
0.35324447512952634	0.17186749146192107	67.51209522711821
0.35838356666154775	0.28727671534888727	68.97764652842001
0.3553547002559901	0.3865213104532566	124.54179810114726
0.364662960343925	0.22824941331611726	71.56292197666427
0.5023684669333937	0.34082908886555163	159.96612770622926
0.3768642075379546	0.2062903278437702	71.31046793021271
0.3940816976436451	0.25889913365622425	0.08071481058194607	70.97555171302487	66.12263492197276
0.3817345799871892	0.11654710804073316	67.46249369138825
0.3098928063963751	0.021086732124370535	67.21802975126006
0.3414935866507538	0.01772630983589544	67.20651727252287
0.37616036806527753	0.012602449429121301	67.27922412245525
0.3332750021023693	0.007704469758392084	66.9535479456385
0.357111976010514	0.007477208020592436	67.6033840535496
0.3373497851224226	0.0041658383837200495	67.34821631213003
0.49887424363062965	0.360102078673612	0.0009129188654619306	119.10848487980905	67.45081548887286
0.34625564700899103	0.005474875321352529	67.43578050644958
0.3357366264537789	0.003905927828244613	66.83524762713148
0.3480080258530498	0.005160426598882909	67.22421876386775
0.6276468574712323	0.40085363292797765	0.003944798257627811	141.53849755263533	67.1509306065476
0.5985827473369398	0.3732729446278196	0.002965162805778927	160.0633435728897	67.3831845488196
0.35462898999482906	0.0032105934136847872	67.68594987705248
0.44065661692448416	0.3733606211894898	0.006436524218981482	133.79821619274156	67.38338576849439
0.3756031199754696	0.06994494717786245	67.46291662364862
0.31512207606372394
0.2980444671025944	0.34124577362977376	162.62482157732614
0.3658912831874153	0.21814004408892418	71.06241722451536
0.305453293480875	0.2328437471377258	0.32194774015161315	0.06243489493777019	162.32627340875925	160.95260441208688	67.09761535615104
0.37821284626351437
0.33685751661341284
0.30562389561075964
0.32565774291418836
0.3411135262681659
0.25519860434148806	0.3246223872688662	159.93371016315575
0.33567253739405983
0.29926830975146823
0.2915399747694386	0.3190565408780074	129.59816622282787
0.3735372921013689	0.1924245388719235	69.89140501844734
0.348578284916986	0.1715493605870813	71.14105221475297
0.37181617342890433	0.13861358589116204	69.71249328774061
0.7785659104664938	0.33826833458769856	159.73793942659336
0.5514927447722021	0.3622583330017901	154.327977568166
0.35689463583521885	0.16493701862317148	70.87436498373867
0.30957633685895874
0.33132107709474984
0.6605009092606375	0.3428688941011402	136.2130583489087
0.347776000363279	0.06318430346135052	67.45979660567608
0.1540572487207526	0.35923548690314644	0.05630840900013332	160.31997457034362	67.56066643099443
0.4073393667063276	0.09420496001097514	67.04194506683197
0.36466833600952914	0.01910341977804585	67.25182668872529
0.32773974811175327	0.10198503769595987	67.4019319677341
0.3785513502844235	0.2885209241628791	73.6338121808185
0.15091618405587462	0.27785390495804796	139.25831251602347
0.31713155982458274	0.3244513128824527	136.8754615377759
0.3188309718351608
0.35026495511425704	0.17809958214968244	69.80371340055815
0.34254541013649703	0.15930384435843042	69.47033705580542
0.379601560525914	0.2355011016039554	69.97301517762021
0.3775669981028291	0.21149743970364931	70.29120855581078
0.3385318086243453	0.07578871224695122	67.2831444797815
0.27113795300164883	0.3081467197941466	0.10146978696982759	77.9947484851091	67.42609645835824
0.3403079048131567	0.15989249249262158	71.04571963666106
0.39371647401280707	0.22625835507429443	69.01445901080916
0.3533084419287423
0.31793660309657074	0.2213030953906758	71.25752625115807
0.36261002439573836	0.19508193456069942	71.27620353703064
0.3413063227170805
0.3442059940709215
0.35015289589692905	0.34585356847255333	111.15239995675044
0.3841418541486892	0.07403433044446886	67.19452276969848
0.35625867761467017	0.06005100512652673	67.32498222071628
0.34155430151685995
0.34116154088771217
0.35837507139046004	0.33424590401972715	123.58276560348739
0.3589773258107034
0.33888224818819584	0.1495841587452944	70.86532040443826
0.665653608709281	0.3241725639308425	0.18433188786434726	142.67564789880618	69.15365508205149
0.6442915658038015	0.3696940638931252	126.04489737835154
0.33724420713984565
0.30725862400661785
0.33286423530126913	0.22306196474008572	69.56827824808904
0.3405906211349512
0.3190303426759179
0.3881661840450301
0.35056022662400194
0.33368240100637725
0.32886107507174944
0.3804278885436082	0.2266781286162571	71.09785128801481
0.3450549913452814
0.37164512573415975
0.31444173445523965
0.3197900903320155
0.36307727694959224	0.1506016788014369	69.50069881525494
0.3068966479724536
0.35038187967698353	0.19421790063294353	70.76123711377731
0.32977301175506296
0.3434671794176049
0.31878687807505335
0.35489440680633444	0.14711582905895634	69.55230623072394
0.32630496720417523
0.32993763495758	0.1451691612555861	71.20479645736549
0.41033067498587983	0.36324010429422987	106.12312278293861
0.3751835397467411	0.22827647421081929	71.70263098715829
0.34648031540256524
0.39853380001859307	0.11969949044381283	69.8363452946352
0.4163811768177604	0.3261035700623738	140.50868472970993
0.5198276692351799	0.3673671382694001	131.9826177960884
0.3758020106365999
0.3090776403580527
0.32361019494402277
0.3104289992621714
0.3390882550739468
0.5152250595448004	0.35099827657498167	139.38126187574784
0.3507590832811717	0.18620048189149102	69.73457763565389
0.36046460264216656	0.1804138188212382	70.24759888141632
0.3142352393547085
0.31472449941854347
0.41416631620926697	0.177307968649971	71.1251807220016
0.29167467020740157	0.05117805238616869	67.2526196024348
0.3779432819297611	0.07793699069457147	67.43902303796897
0.33080682120881866
0.34932394142985274	0.3313164801989664	0.2057814301131591	103.64544676536191	68.57689513541332
0.35233137264668174
0.3672818009008815
0.4049720444427175	0.38001833487129216	0.12231792374086542	139.43476716260963	69.39353024458717
0.3238630826800785
0.4372370046594064	0.23239025936574711	70.67130646131531
0.36915692830703367
0.38406943523729487	0.15302725076433246	69.75605682696292
0.6500061612846078	0.34107129831875016	0.030386417007975043	125.61127893053225	67.26058080554061
0.36788446789080803	0.032767480409687716	66.92264653684666
0.3818111267109162	0.20842517582945846	69.78059502770186
0.31610405858040863
0.3967735739941074	0.24477909194275457	71.39425619787916
0.37385813603353696	0.2790927535664681	69.82756521178798
0.4599354280649833	0.24729386739583614	71.78481191548592
0.36563517611065566	0.1170534572583063	67.11205979259775
0.331703723055488	0.06004844429329512	67.49073708116343
0.32914846970014333	0.4152452470302726	0.12359814227918069	108.50223511016027	70.1942823988024
0.32839437942799027	0.5373412149293998	0.21934243893288902	77.33494871686341	71.31183474298207
0.5821610176234414	0.3598701625184901	0.1836194336067937	147.19300400447943	69.24736159541807
0.33864767952964364	0.19187600150750903	69.95789544408692
0.36485226715770624	0.33028454724683676	100.49956814495157
0.3409043908210753	0.14302824905945918	69.17660958281547
0.3800349979024022
0.28218966052291966
0.3546236828454142
0.29860063335990533	0.293015968773475	91.71747803688686
0.33603526059571065	0.20381660539989813	69.03978606497974
0.3483307055833237	0.2142002234666936	69.97409540908106
0.3891775431629387	0.09989506717932162	69.13691792904439
0.3337187359236919	0.09392607072050468	69.41794945864926
0.34829623225814504	0.11145266675775103	67.28355481155042
0.3724654128774889	0.19938694217407124	70.59173013833124
0.325007609526118	0.3407949718261958	0.12348408591827693	72.41802929716955	69.42246826116977
0.36051451778352506	0.1817644124370835	69.61015893742835
0.3286384758102147	0.11651744769916296	69.46817112272065
0.3573610600962082	0.14160044480319456	68.91903183265028
0.40964721805909504	0.13018960510137131	70.10173542913908
0.3127513248597318	0.3311192832906755	0.07984168453284009	117.62499144820794	69.45425841074106
0.3832224799639701	0.15913645154207737	70.11913821293192
0.34349138948252506	0.1863468396780639	71.02522656786752
0.29924437269029386	0.3619092593504997	0.16151888879455184	144.50348636685732	69.90246998184269
0.3559673753346936	0.1600359657927432	69.5435247594248
0.3329345830571076	0.1472903604045384	69.54348938447995
0.34356029620496914
0.4029683454063889	0.16536264176808096	70.88591681718468
0.49726897251049784	0.3401363777076284	0.14585911707564317	156.62310720277557	71.21194019504094
1.1568316454012182	0.3427813275033497	0.15862389249613015	161.50192849071593	71.27719212042369
0.3180039116643407	0.182823318745933	71.3314565730331
0.32593352378759516
0.32508875882836735
0.28585637553197785
0.535884430211679	0.3520392124081166	0.084870849895921	142.1792428542214	67.28952450746216
0.31542783211512093	0.06909724434114115	67.04246547104859
0.36760238978100224	0.050677772953596316	67.33174608345863
0.33463915851012127	0.13230213305223512	70.59676503974926
0.37453025792561273	0.13965562163569392	69.1516875381398
0.3677073325926453	0.09988459227209112	67.53023863991092
0.6106237158937182	0.3240285715502551	140.18620301240944
0.32266182948291067	0.3152525896563841	159.36777444661905
0.41433266693790505	0.20033648755671019	70.97162220486831
0.378275308157807	0.26914565873206464	69.17974044554103
0.428675892040841	0.3403707496698523	0.33377656518891446	137.2120612407913	132.3502234145536
0.33449974463569004	0.37802040924045477	158.14192581894085
0.3687057354750163	0.09629710668446216	69.80271592854812
0.4184496501738187	0.34723623187618147	139.4821881157046
0.3047581544029554	0.3965109004842726	0.1466640330471764	85.31095924707571	69.81649428205985
0.37884357485703357	0.2408208882957535	70.94488751461361
0.3505494364099301
0.3212083154325168	0.056949572201662226	67.05728760520725
0.3432106522741826
0.3051253591127175
0.30404622916098484
0.3802542958966357	0.2727552525431307	70.30850109612477
0.29341834109628234
0.3356574531272987	0.2044398331054978	71.28110505241865
0.33267864060930813	0.183087140887848	71.06143709360047
0.3825470256493216	0.12300036909413356	69.20646710919146
0.5197669935723745	0.32196283983106366	0.18042212240572453	141.7687147730734	68.73676448000634
0.324210350544886	0.21964840555687073	70.24598831416705
0.17921156946943168	0.33569594218384013	0.15346565371790205	153.68172028315837	69.77499422067844
0.34726364053212216	0.18918371026787312	69.97818960550734
0.3238580735719375
0.35252645843897323
0.3137729534186675
0.35251958037223513	0.19844698524042623	69.01616666490442
0.3432835355113396	0.2172596451833042	0.20976423182023124	68.94678999205321	67.51949599163652
0.33109026224100213
0.3777847689313156	0.16228421294488388	69.06835799126895
0.3650206271199105	0.32768972790347417	72.0141506883471
0.32601873320071306
0.3731509489482919	0.1460284772630643	69.11506336374063
0.319824249509778
0.37117879756362504	0.15441030709869832	69.9186459197212
0.35714221304491495	0.2847977699377375	70.41896975280919
0.4724831982748075	0.5452294573963637	0.32443655432728447	161.31241874583267	154.80739143924825
0.6077977865686988	0.3072336376622333	0.18958189428672892	135.85303673694426	71.99518997349642
0.3136949996730527
0.31647886499519745
0.3606666643697393	0.539898097204481	0.3340923066232843	146.719891917959	122.90669128094426
0.3520341257977763	0.21061753532943397	70.76516739210604
0.354456143318879
0.3715527060891569	0.13299600027539196	69.17322296899677
0.3022258647990985
0.28806966346866053
0.34294359541256336
0.35624700839017415
0.3451537050785485
0.293961118811204
0.4420911574118325	0.3133310221661037	137.07251616875166
0.2998226415555888
0.46087825264786175	0.9881750385899339	0.3109130851489552	0.15162952105437452	133.47948636718763	130.70897036633727	70.9614625184824
0.3427817121733921	0.28754915064703507	123.79263710603965
0.8804123641132247	0.35676495461090363	0.1731974586342988	161.98510693397358	70.6095686891876
0.3241751004300526	0.310034030826108	83.10590784922327
0.28504688791511235
0.5868185738930959	0.32758470501325654	162.64277518554158
0.370370317708147	0.32179642175824036	126.87438519071426
0.3412786382678495
0.3326682413784318
0.36409228563554447	0.03171019171755028	67.27366226152789
0.37630733484915163	0.057947523683606464	67.12368270992292
0.3470497802546177	0.02385167816741854	67.09996788444812
0.3387615012057098	0.023297691439248425	66.87201550242814
0.3561922410130197	0.2637451320189057	0.02075278659182549	69.51598957956519	67.52771732789665
0.3262176602029537	0.009166289598632173	67.00269105870073
0.2483795645483617	0.33882927542819197	0.01803123719587803	137.83596491972807	67.25823012010771
0.3267983264688624	0.016908234788682194	67.12844283219773
0.31923514289501137	0.05661397770574117	67.19748823508047
0.6630532157700318	0.3433010336351267	0.0583092034927439	158.55843265056987	67.38184430302212
0.3237424744213869	0.03725185683098166	67.31609222945703
0.34230190799191573	0.030541798525415324	67.3829709685081
0.31868927041658157	0.04183182715475581	67.14087302916384
0.36469512201589277	0.04096285892364595	67.33760050657528
0.5176902627598463	0.35298267100751585	0.02136077826293201	160.50022700916452	67.22249287823021
0.29986747198970787	0.341801597065236	0.03867713885275685	88.6708859663115	67.00320427180341
0.3362902064105382
0.3325361890927875	0.21104422979848905	71.52619144185792
0.3747065992411274
0.29587644450269307
0.2906705988631677
0.33068687087580195
0.2846964418285909
0.3041055271611776
0.33336886843768193
0.3748337358565297	0.16695059371122384	70.07698354651163
0.3445005375267427
0.3243251974331454
0.3738399171435625	0.11582731457737083	67.15452052044415
0.45686736967990743	0.3380910150100775	131.42256828157815
0.35382146264437936
0.36209861814161515
0.33653918809725186
0.35356259957531677
0.3428819568998225	0.15354753941714555	69.5601708051628
0.45702698436156125	0.33145951699771037	148.55277485680523
0.44106777294255445	0.29248405747684636	156.91089941147064
0.31062055384191184
0.3637143135327924
0.24892619543473998	0.3290239096313356	125.23180024594643
0.3711942972133704	0.20519457553486659	71.11723250529772
0.7934630171111176	0.3393569389823751	0.3304262800769944	0.0994996490274904	160.0572187987018	137.8058541169906	69.50808155000065
0.348833302194412	0.140932301829162	69.73380940932557
0.30460519958815235	0.377045390460574	0.12393101025448915	84.19445273245039	69.55121582846344
0.34669246987358204	0.18353992179612483	67.86541191711606
0.33100955179414204	0.0960830420697278	67.34909202745706
0.3459644928339133	0.3365385179141133	0.044713838153952634	160.83381006286862	66.91245724588107
2.33860339734327	0.31086692641427693	0.07407229621154	162.0675605638593	67.46405684844505
0.3316536630136526
0.3806174078098442	0.37980840744775607	123.95962350476086
0.3333228073884456
0.3291634566667775	0.2279491397326689	0.34880540477047334	0.19823895772924913	97.04202440366	88.3543963759605	69.69354482937777
0.3878310319871788	0.3655702454550275	78.71849697632364
0.31414492716350756
0.33008278116677997	0.3160096116861156	106.05326228073118
0.33947782530020887
0.3307541692566865
0.48800598932766903	0.8771227022816064	0.30073774113920954	135.23527692669313	122.87573819632951
0.3244574340715572	0.18063898680118703	67.78930935127504
0.32010274760939994
0.16833099475169824	0.3083460161793218	161.85878651156773
0.36088276077513964	0.3607484122061133	111.74913076533255
0.34587736397862645
0.3143716975720074
0.35459563557419854	0.134979088855089	69.6515261896957
0.3750764161519854	0.17868308704576996	68.98448692445291
0.3465959476558069	0.1399734572340348	70.74184673677425
0.3389573663879751
0.3329592127293672
0.32500222963092584	0.09735312454352808	67.0296507718424
0.3336114837751835	0.22840142144286654	69.09089530054727
0.3495121748440747
0.36189564903461185	0.2362500748036746	69.03924558969318
0.31294688561044653
0.2658419182141613	0.6053816814611165	0.356243323168889	0.1279273999449038	154.92350465487058	137.94213593129408	69.1462488666318
0.31739768171865285	1.6184925893325	0.39832486654133975	0.1697226811344079	84.02141067496432	82.90646375406611	70.90604603790925
0.849290115779148	0.3424892065221957	0.3471239541697703	158.4824160373391	113.80595741197581
0.38582727955313467	0.26953263521436793	71.45011487121238
0.3547949071294096	0.3260283054864236	88.46713398156982
0.3152362647148405
0.33967951057657375
0.30957683802537644	0.2563671497422274	71.18025302813055
0.3585785188999932
0.39607585493692593	0.4074682710898304	0.16956523275150037	88.02452533951305	71.23341175918353
0.3952000880751506	0.17550722367610208	70.40350309129697
0.372426100751463	0.19839551173579945	68.47533829586968
0.3956789755102779	0.12996100934236637	69.09004931609567
0.4698854645478487	0.27091197168162323	0.34974940090483025	99.26199415062258	92.5300588730518
0.3970508439510476	0.21705840799625942	69.03536292679617
0.23247927288012887	0.36879279593172576	159.1799125138721
0.34732360411333124
0.3418161079182349	0.10597543988879375	69.35803931736677
0.35697948712932476
0.3386025560120775
0.28860840094905493
0.36389123454370303	0.40868410003145783	68.79180167666847
0.36871107980359397
0.43031021605721725	0.33275416163535876	100.19484381444111
0.3827612476108294
0.3411049131138765	0.18814554557765262	69.96612303160637
0.34904910146820456
0.33135874074420735
0.35486318551910906	0.03337200936167497	67.06284088260169
0.3368691152014944	0.02021521978874814	67.08824859843553
0.2834935041569125	0.371122753944087	0.03241640635533013	138.3513554493298	67.52567902945091
0.35472611837041335	0.03159482027561132	67.30420175114534
0.33934678073778546	0.12917569965364556	70.44790704633019
0.31694225308051505
0.3534860473691523	0.19274911427513186	69.14787480809291
0.29512030254311516	0.31122366787920536	82.29926599666553
0.35539855946679777
0.3553991024369639
0.321629497418633
0.3820410351425382	0.30733541254674246	136.16540051791114
0.3508712444707026
0.35551288710484996	0.18331201084087118	70.08107064951719
0.37282286160618455	0.17393895087927638	71.24002269138562
0.22685852019407746	0.32504429314285543	0.13509680376855843	148.2387829626284	67.38684193492413
0.32679298614211805	0.035212773270850824	67.29168129088643
0.34745272544218464	0.02470005736500097	67.32664004453355
0.33998512861610647	0.028655214019888266	67.2355231282675
0.32979628646753223	0.013932459611301407	67.18635100821491
0.34646476878267574	0.013289770501354653	67.28647062105001
0.39651484224124117	0.007700751445922899	67.27703196454982
0.37502461051776825	0.3356666545945485	0.00815435496810133	126.46322672705651	67.17662311986281
0.32761062220266246	0.009561408882035813	67.2543608039062
0.3482014099874429	0.016227756020542543	67.42348381501137
0.2308749391432343	0.31558122119355897	0.014511072111657934	134.30224055384318	66.9289487626783
0.35853102918324375	0.02304591420725118	67.24260077269783
0.3598900590992739	0.0017686693622946546	67.27762520640346
0.3499196343133114	0.0018870665606911005	67.1112653836411
0.3409611927913547	0.36403422465532737	0.00352814798425106	84.43386803549656	67.32557446667008
0.3761593772832437	0.0029810923323098913	67.40281899081835
0.3293809947276966	0.0015418541716608807	67.1538386284461
0.3499646852999234	0.004838603353051901	66.5533385618285
0.36164325411393644	0.009035484987494156	67.19735988493687
0.3705442762954865	0.00834058861336843	67.05106779259873
0.34032546088829235	0.016446633126187413	67.29143223047606
0.353955193378057	0.0172831108603145	67.17424315844633
0.39217934091597334	0.015060146284173332	67.30517982007795
0.3383194729939946	0.032521304907563074	66.41732558292398
0.3378441223300326	0.32340686990648937	0.07888495684984212	122.20904624200143	67.47858746576303
0.33033432237085414	0.033798952065777536	67.23809706077307
0.33495626494263775
0.32837439943643526	0.3714565279960505	0.3370084761628182	0.16855649687630145	157.567984023968	154.55748229813767	69.40629932188492
0.3387950181140469
0.39503277650647733	0.2204826712790591	70.72668635404906
0.3310681301934337
0.25195437350023847	0.3568590639974832	158.6104042454225
0.3426344633101683
0.3506776969516763
0.39492276308485225	0.20188933471181186	71.04383941692352
0.3402098421388222	0.16492695211607525	70.8540113677435
0.3611114739123971	0.18627881471066976	70.62448210444762
0.35290835785566016	0.15105639039165494	70.82748703590876
0.3329614368010046	0.3745228907559927	150.2284600576839
0.33880952225631206
0.4045872086467255	0.1667199790081377	70.19325481000585
0.442315631675087	0.35628805746088626	0.18246979003842212	119.88243514282306	69.86690065238368
0.35757952691642314
0.40302793854767716	0.17156778439139556	70.15957792920705
0.5460322841794911	0.37836549178084583	0.15590431018168124	127.19590079920174	70.79039612654603
0.2836419523992603	0.3809057701354013	0.17027223794258306	137.41032245555326	71.03800931782666
0.8452774603228937	0.6477045165351736	0.3619971362646679	162.0853317792923	159.13194627086042
0.31802959527084007
0.3868637551147183	0.3513901767821303	126.68163890397142
0.3673077896094942
0.38420208890358193	0.26224822920682234	71.7029709118569
0.37793147322681114	0.3609262277015229	0.3703362094095714	0.18181572247114544	122.75254631286961	100.25697900200377	69.49721701287774
0.37002299727177174
0.37228808479532166	0.22063476383866903	70.85063045570146
0.32551788873757465
0.30645398833619236	0.20662344846047292	69.81496523783305
0.33199441425636744
0.353845319716763
0.3260291511921464
0.30897016748232947
0.30556414732649284	0.3160300183660611	0.17613636994530424	140.3619819656708	69.39605419677493
0.32609420493650937
0.3276536369353352
0.4159405431100476	0.20445899384625946	70.82458244464283
0.35623890496093424
0.26344769439357896	0.30404973692721	0.3585988871184173	114.05135233838887	72.77692774620172
0.32006781524569866
0.3332850869862998	0.2026809915220721	70.55083288965008
0.36902974596106686
0.328144230166346	0.27507857895065746	68.11748613613103
0.34306798157432455
0.3428652182531179
0.318363256178702
0.44979665980617417	0.3287372656780935	126.57081429422749
0.380977811834773
0.39061479259489557	0.18181003149036837	71.13321152179478
0.34389921360141873	0.33980913910701743	130.29522975545905
0.3472502183982487
0.33436460289031295
0.3661739037810009	0.18694601997136173	70.50595081029259
0.4274692040185307	0.3283695225958911	116.07573854964771
0.5718583942170891	0.3249511133442326	157.48944734017064
0.3531194214749035
0.36326193291919917
0.33108203332530284	0.2975684975732424	77.9241760532171
0.3285930893566242
0.4013811700889151	0.23510636708234586	71.40384949113721
0.6719746490815965	0.3429167540734266	155.76768127316498
0.342398837625403
0.35322659104430165	0.21432413162198943	69.91805454778135
0.30665031116208546
0.3013152624654992	0.17200053827119255	69.15278160300068
0.3553336844565353	0.19349653623864901	70.7559300138966
0.39590467465465806	0.34033314033816137	157.42841133727498
0.294794269410562	0.30108198587440715	90.6115721228745
0.2863018451322085
0.29762753893800026
0.32818755412829476	0.3553206506605747	119.85000194721842
0.2815986286363947	0.3549884060646532	0.18034262469813153	90.76188983476258	70.81906868916585
0.35288381160397675	0.1393161661012601	69.94030001645122
0.33441421851188396	0.15820190661128364	69.79870497738393
0.3438720040494091
0.3495132806486886	0.19565816368491504	71.30896593955022
0.32511377141764386
0.34312836616239784
0.21982346621991328	0.31607185094102097	133.64937999949893
0.34346388035386005
0.30337902982630766
0.3546625444869735	0.2785277352361468	66.0319368922689
0.4286854425905549	0.3115558532977823	0.09438501145199264	105.43716143831003	67.20798178407921
0.3615495404963276	0.15091823158363837	69.93176377756264
0.37016535495434394	0.19780864328351633	71.46213372057542
0.31455861449850725
0.38365042586154724	0.3315341309191265	104.04706001217963
0.3332000384384771
0.34534260487948115
0.37836454814025633	0.34131440569037946	0.3010267942678126	109.1388188863504	94.397783154157
0.3238636288281096
0.35744151808553365	0.16597343404910178	69.89622342452242
0.32390947687094085
0.5835089108906433	0.3450012964613124	0.1265458410813066	147.0385634912502	69.159830251342
0.360586674569503	0.20011353399127535	71.16026201300517
0.3801172968181517	0.19809304932979271	70.90638430277495
0.32990599661127695
0.36965861074854595
0.34788982789419837
0.3194712428365188
0.37662351165398567	0.1679625683369057	71.60558476042573
0.39377423363758024	0.21953878754563727	71.112511548334
0.35104311860924736
0.4053061586290697	0.20846916885024983	70.88744875945419
0.34172255260745354
0.24331550834453453	0.3275645283122639	161.41217751745162
0.35210373597702405	0.21909733408286186	69.8727109838939
0.21849826459985466	0.3206930278516132	0.13772070626769073	141.5343579532653	69.7805470279803
0.3227702747636828
0.3166135252523337
0.33289364230602814
0.31395558219236885
0.38353406131256257	0.29162542815245923	111.36355701509501
0.368269906279539	0.13384366719453825	69.42538312135385
0.3349959217354265	0.1358808140923133	70.91165632498749
0.34592110496436984
0.32449999584651595
0.30669072864067143
0.40238591457589307	0.351555072757202	0.18384170058060834	79.37423242431315	69.36791344037604
0.3552665644252051
0.34450139644089156
0.33511939372631544
1.0411158139951981	0.3143779029920145	162.2607852215112
0.38629929512426847	0.12967206899457792	69.91267529599999
0.5011661166515672	0.34647088358977257	0.14267164098591933	124.95551244229517	69.02162396305253
0.42745808344048297	0.168543475037013	68.98272819217739
0.3460218284452318	0.08902161504655491	69.86628489995576
0.39068693408579025	0.14741242943073715	71.04951927335887
0.3509637919821187	0.3103009235805595	71.7282193745182
0.3367617000080583
0.3377773078021316
0.3647484964027079	0.1410926200285703	69.81397227075944
0.3653916652497282	0.22048927892448666	71.31981204996433
0.36378801327041116	0.34208943502692507	0.17566110917544017	106.7756466940122	71.31238433286366
0.34804763382867165	0.22593791667294827	68.92570435658438
0.3343262148067666
0.338087597970157
0.38013416376853326
0.3495016530893858
0.31533135215774993
0.31682165958799036
0.33308483574962555
0.3613935344156294	0.20202055655831472	71.17603505294484
0.3736525336264517	0.2765253341746014	69.34955813604353
0.3487791201676131
0.37264935612610706	0.2267912759268854	71.37717100882749
0.3137234927684859
0.328786247727163
0.26164479324277584	0.3278350129923682	138.94856126533887
0.3427962184121088
0.3249617895090173	0.8802319213883595	0.38935217375719583	0.19260273641785733	110.39797181963816	102.01994794911626	69.32809723305364
0.23568736937097853	0.41151617188103284	159.40205356427145
0.3537803436383722	0.18422456253276703	71.24871142037009
0.35757531327580583	0.0981325840309208	69.77994630797264
0.3136626992999014	0.24050836029618614	71.087810196908
0.45307579546131127	0.7262921296599125	0.3983245561639708	0.19627543051093624	148.5300330118702	130.00089922209975	69.85581914651485
0.3768295871590311	0.18816329092703535	70.82565401876563
0.34059086580713194	0.1889845289398673	71.044987183794
0.34615152921807874	0.12217097945974324	69.44211455451614
0.34275213293096196	0.21538764499352755	69.94915806945225
0.3418109251494774	0.07852090192211598	69.06518797147872
0.3505719077069582
0.3484918827422374
0.3628748869087407
0.35658237054929165	0.327738408863918	102.79218891447272
0.3234074871870233	0.3209418617970685	77.29498973604684
0.37167816274710946	0.2624729709324263	70.8671826219993
0.31053345871591465
0.2751601536878223	0.34129259241445475	0.1879796903105099	133.29982550633522	71.18917799647656
0.3412967299804349	0.07958713410845944	67.50207836074837
0.36879043013613455	0.030761188357878805	67.02946953832392
0.32784970792211626	0.029687370954955203	67.17717766924297
0.33761802477338826	0.021998236263758252	66.85852270196781
0.3818641540578038	0.059354695219051824	67.24643075583383
0.4110823848099567	0.3573749542981064	0.0352276984825726	126.40694340133977	67.39541149052076
0.7012716701618131	0.3650039857048848	0.02614498721540466	151.47293096307388	67.3055763187947
0.38761078026320733	0.02381015105339346	67.10823210319766
0.33238007738997877	0.06716448027574182	67.39170153397164
0.3394531088300083	0.22790434209466595	66.78941584404242
0.32677454574016174
0.36299455251816065	0.21146404068462915	68.99585944347103
0.3663667730668826	0.20749520478116332	70.20030654654215
0.3868227082051956	0.19211663631108652	69.44100455529895
0.40935601826864854	0.1825775302383786	71.49873561197667
0.30341461319845775
0.8005062571320306	0.3374334229724232	144.86000550623334
0.5354155113304769	0.3268086490432367	154.0417911516633
0.39154358958577723
0.3229027877839049
0.36098315734054737	0.14886855476059602	69.38608374966745
0.369048508128952	0.08559938177854573	67.43170904642815
