0.9954477466451094
0.07962827425787984
0.1500954809996792	0.0594823211801208	76.91732567458638
0.10099622262866342
0.12067504907653737
0.1045411029762437
0.13978685104162966
0.09130673285697119
0.11164491028064304
0.07035428972772273
0.08544133840087254
0.13442467051277326
0.10313884959444733
0.08596335851369605
0.0925499070809619
0.08551769900939238
0.10075957772663675
0.09431718961369093
0.07507591109402352	0.09439001856260518	91.9989267756579
0.08275843846234009
0.3886602130170314	0.1219307301986258	149.20755473817795
0.08175998880946293
0.10181452535808529
0.11894564465189152
0.09661519366229733	0.0914366740331498	116.10140072442279
0.09042398824815652
0.09155901459064753
0.08817396539048597
0.12971707542030375
0.11710951255352924
0.08531918923064141
0.10203191577030848
0.11431623896805906	0.1493197110017302	97.01285853995337
0.08674456196267112
0.08943334262519452
0.09091149521801711
0.11188658350787815
0.09723926123418646
0.09884559009193883
0.10861134187470205
0.11700370046526097
0.09445508790593865
0.10068830886611452	0.1808481778032515	68.28620138401294
0.10805017712760752
0.08448953181634253
0.10415627724907556	0.07172464327418272	0.10090814228589708	145.11256528278392	112.00324727594241
0.10246111006283759
0.13514523961580321	0.10377260800917387	143.32666769758657
0.09667924356322882
0.11525381011238325
0.11323643949619996
0.0878911806945503
0.0797277676021364
0.09370973898036712
0.09578174198240672
0.10881551073173956
0.10240798042841306
0.07710363001047242
0.06654373312768946
0.09974925393247086
0.08001634863185637
0.1109487609299089
0.09179286965580045
0.12347701441654518
0.1086126122600436	0.08658685587704289	75.30756830584991
0.12484542299297309
0.11203865076628433
0.0830678088135363
0.12184763981802678
0.08625610914757499
0.128867223597679	0.11938201146901478	118.73354314610137
0.07824085154638707
0.09274230452889133
0.10603847669681098
0.12231388848907185
0.09090511801393722
0.09833357093908346
0.10229694979615414
0.11121944387717367
0.10753471487440974
0.11253078244255808
0.09175479468855705
0.10824436497482613
0.11254610626013695
0.1063698200083397
0.1395665655853444
0.12471273914253156
0.1216176333924169
0.14755068469519592
0.1582061781472305
0.6711075930051045	0.10975675111619371	152.45572706129963
0.6525239832521023	0.12590345010238055	152.31316150118337
0.14895291803542896	0.09103913979360138	151.10557903572376
0.09032915741978301
0.11567070404362056
0.110470546675203
0.09834122708512036
0.10362102666024425
0.0950982422114485
0.07430990115453243
0.10499305676107543
0.09000738572520064
0.11377391193000293
0.08858585799944522
0.15895058505395424
0.11267163367781231
0.1273582830172527
0.12253419066260232
0.10232638848218129
0.11542060513764907
0.11131225743546791
0.1254641892182649
0.11488776247135306
0.12232691780349012
0.08485557951898356
0.09966672910051239
0.10229546792348668
0.10519600264108044
0.09997744242042261
0.11563562411110442
0.11796626338466012
0.09263910394854295
0.09640103149345189
0.11897109557984194
0.10118078701040048
0.11761113569380403
0.11228270178743041
0.07814474483446439
0.09187901093558902
0.09978604609258677
0.12952020772122694
0.9634703963211299	0.09621628932792671	154.86534523127182
0.13187676723314662
0.1132613768885564
0.11896901789155083
0.12434207760706076
0.11457732315701068
0.10723555545488565
0.08975691455627506
0.06277472280035351
0.1010526822430528
0.09231608281504981
0.0733313527836645
0.10174855322504918
0.12231321611045527
0.09139820675260536
0.11105789027372114
0.1834546715943795	0.09140527824520009	137.22076650010737
0.12816689654681196
0.10620137329134752
0.09925342811112736
0.0666542466094138
0.10464193657697034	0.11906206126863438	113.00412648629433
0.10675606674561187
0.10628513344323694
0.10964396705834191	0.20494627186832978	76.39019400777292
0.12147544464393162
0.11746381943142409
0.12000829131129048
0.09378356665344308
0.28481357535480684	0.1143532211997968	147.4452754344223
0.11237047309907258
0.10538394823714776
0.11591861785545308
0.09821543449813347
0.1465014009133103
0.08805877097521965
0.11608832541638552
0.08044273398981108
0.11435188701100249
0.11353115786535818
0.10943902589855055
0.13254230266019495
0.037224377671717455	0.13017980778277902	137.97512665784546
0.11304565714832306
0.12500947019834086
0.09664824739054131
0.12788179455175144
0.09779598415651562
0.10909309778205786
0.22250598155148646	0.10449448999935756	151.19592422543724
0.09764779011316219	0.13921285582039106	102.34557401597696
0.10754092760603642
0.11326451717477092
0.11708765874714935
0.07977618838223405
0.08564769939919878
0.10499569745657676
0.09020879894069864
0.08737760899568035
0.10068734459932087
0.13564755461151645
0.10975925658405218
0.11318743556306478
0.09878219691813193
0.11648063870628314
0.1319406794604855
0.05258360570032645	0.14101844029333335	146.01170336649506
0.10442055721691347
0.20164102263747835	0.11964622594070483	135.5461201735251
0.12591046239378095
0.13893002388024775
0.1404439756372803
0.4553836418364175	0.09731613115901	150.1841214342449
0.14141662108917716	0.06476102230249992	124.67193072826659
0.0855222684739381
0.11384442247320624
0.0890368582869774
0.12326570007202226
0.10245006255497872
0.1121531475864743
0.1436019067521436
0.0913492453700627
0.08909933275453119
0.10905840520099792	0.0498318749634932	74.84503000812549
0.09972618560288082
0.11456808718145949
0.2739741672574635	0.09518562332780754	139.67816887978938
0.10868843410889212
0.11431849315796071
0.12247885556342746
0.11071324330319161
0.09842227171807881
0.1080510671141485
0.08761225393792074
0.1400619296104813
0.11135886536099443
0.10626827807563904
0.12335747547743714
0.10894047871035217
0.08141808587702923
1.0708167767332415	0.12464107763783898	153.28891978569322
0.09438452714341725
0.10476326104252995
0.10464602266677368
0.1336136253785364
0.09586943708558132
0.10520882855929749
0.09891976190457884
0.11598868915441195
0.13615496894759985
0.08860146717258473
0.09328356502194694
0.11446269147025787
0.10692911961416193
0.10561529426328932
0.12056585756014158
0.09319119161906499
0.22128217730813077	0.07213694157823304	146.95751798148626
0.12168469511309736
0.07719749852020721
0.1062912397631198
0.6088913260929981	0.12363610371041951	150.80617175776817
0.07929581187320266
0.11407451881583863
0.11609104596165187
0.09786381564930292
0.07322229297133906
0.11206420606054424
1.0552583781200637	0.12541685175636536	154.19407546220341
0.33598656248712166	0.09610937403855059	149.02905355856979
0.10626036628768017
0.07448849921706766
0.12026052537677914
0.11180655331538812
0.8843847754031673	0.10853436495894776	154.3583501612505
0.5592793683262496	0.12957504526644692	154.42055031400312
0.07802063361026636
0.10115559243364008
0.1040479696010442
0.06486254931689185
0.1255940474545153
0.1033953794400143
0.12900187112736197
0.08646001798930672
0.10500334087948679
1.4289740741835066	0.12840678849412557	154.20563416751494
0.11480534458758877
0.11003437587937344
0.6791355209523966	0.11895971217156555	152.8397102309998
0.23142580317249486	0.11696667378292763	151.3082183171867
0.1060096918806216
0.09018539216633949
0.08436587276680603
0.08441576467327641
0.13335751623703937
0.10653670893740622
0.0960739197675068
0.18762281369580555	0.11432577100650788	98.34089613031779
0.0953551930444032
0.11887417998732928
0.0911707131102736
0.133844709179997
0.14819965289388795
0.09359723352938014
0.08710213066319306
0.10404367430918589
0.46203475633716895	0.10354593419614544	0.12220820090574262	150.242657291178	97.69053025586214
0.11165420151762878
0.11420474850295784
0.10960280177720366
0.1030051757097301
0.10231913133091448
0.08298752375026675
0.1080354808486344
0.09146052240481946
0.09301698999101715
0.0805001648473284
0.12435793515382872
0.07868170440958262
0.09016028017916815
0.0923459937630249
0.08161269755327913
0.09295979310333001
0.11607961645089018
0.11133342115770359
0.09022417110505654	0.1133404155102271	69.9306141531003
0.10450222924805062
0.07730802283785554
0.09486080553531993
0.08066291718615387
0.11237488025396832
0.11533570013674559
0.10712394440110792
0.06827751757404248
0.0897228232281612
0.09243071529945628
0.09920375582077555
0.11094487609613972
0.09544402436986482
0.16101783090100302
0.10131092323542341
0.08888564871755926	0.10892445119780758	102.39021867221942
0.0545888093981254	0.12207967777713177	136.70327553462195
0.14136105624187348
0.10510382426594142
0.08276347732360656
0.0839798224842441
0.08066132533400826
0.119263940796614
0.12882539396469275
0.12573201604378167
0.08825608463672602
0.15253246481771926
0.12170105590378828
0.8501964626512498	0.09455979596950381	0.06989703326678037	150.20244126614597	116.95659310321238
0.07516811882372784
0.087688707819636	0.1304745640787968	148.4736355322563
0.11279233341692928
0.11124527475972042
0.10396235794543297
0.11066183133317614
0.13046367289500072
0.13143297451922978
0.10731423199625785
0.11673405599550962
0.10629915078452612
0.10143536999594892
0.11866250061833794
0.11106098179044355
0.11935773145390671
0.08749237402471667
0.12184724131561585
0.1096968798548555
0.15743417982223296
0.11632733654724599	0.1544588742455906	112.17527084440206
0.09857166372219091
0.11156562677168165
0.10462362835808292
0.09089464077934595
0.07094788375783607
0.09805209395551942
0.08721474155773294
0.16350021905274695
0.1033576675243707
0.09656893392416648	0.10752872614724152	83.1126958066655
0.07964788242177656
0.09979829799950049	0.09596381041390106	72.8579881084304
0.11679521323434963	0.12100786135348834	121.6582188125187
0.09728953763037904
0.12032361296045958
0.10391287235537403
0.2949644530745248	0.09859609025721378	141.5031006328204
0.10525331981305142
0.08938989916679646
0.08543436402881818
0.08804185545032593
0.08363664996250772
0.07405942584257552
0.11838336375237733
0.07817303618977871
0.09460812465623382
0.08971838477615802
0.1155489769396146
0.09662301518074208
0.07694934738095195
0.0980584800885722
0.10777253791120199
0.1067753115124318
0.1133990307411066
0.11972129216988721
0.09802992134980126
0.09971004557673287
0.11263093962210839
0.08843401175989901
0.1312493582186822
0.14643345228557225	0.06727757793760124	0.09583635740769943	154.6670770321242	93.76045444559199
0.14441823286758093
0.12307442227223311
0.07994359140584581
0.09539075255500325
0.10382926018431028
0.09864689872409714
0.10826774062633536
0.10612383091263723
0.09306325120315677
0.10741197820552648
0.1379320247653247
0.07128494554831058
0.10140892453459602
0.09250717424981893
0.10080680365667956
0.13160252291078664
0.20812930959959441	0.15018952556992118	148.33550211899745
0.08188811761690622
0.12882354891631628
0.10526197994874004
0.10164097832771476
0.11117579539033334
0.13022727070983695
0.11021824794729046
0.0942042853651876
0.07140106611557889
0.10697142972052817
0.07973192464205682
0.10566091222403338
0.07411802859996522
0.06807412459639416
0.08830287010512372
0.09421126257160452
0.11544525366346621
0.08977557296367387
0.07348632393241299
0.11925205535151054
0.08716094423238263
0.09903775490200666
0.09345659765231341
0.09103329340897934
0.10488993531408336
0.07247535292901362
0.07667318933278858
0.2586094364493952	0.0736437348481759	151.0409412993907
0.07901384101634806
0.09190063377674819
0.10548322495000095
0.0878790099161036
0.07856165138194245
0.0944477004956686
0.11395933411770424
0.07023380426058735
0.0944278076327112
0.10814911339898313
0.08157664391435339
0.09077172311692833
0.06757090602375752
0.10131636650331405
0.07039615907578467
0.10798238034341603
0.08752179398216234
0.08483241856296764
0.0672971219581517
0.07906635840694531
0.10109846953389255
0.11211969130792343
0.10777100860053222
0.13039811424203296
0.08195117139945966
0.10498422101429034
0.20528717328704185	0.07391066585612305	146.4169936929342
0.08993581246654132
0.10954950153851176
0.10768250213770172
0.1005590107223628
0.10751428086801201
0.1127589228120849
0.12305822239550623
0.43929317038122145	0.11070406244127691	0.055821637819256	146.5040018481974	90.6099006628212
0.09966756350130365
0.08867191090850474
0.08358122164499915
0.12253826591369722
0.12216502730295432
0.09439919225354464
0.09235208003581165
0.12839526697961703
0.10485117154437935
0.08860353648398403
0.11712119611926655
0.09810812060996194
0.13819826785261843
0.08792806214948382
0.09040492487406486
0.2661379642514227	0.10529504289583252	153.76072242376358
0.10074554292910524
0.11082444058229186
0.10434860001837945
0.10524696769899249
0.12122834949144179
0.10391744510606457
0.1136325702001285
0.10236341913457804
0.10537301569290712
0.08835251759137087
0.07740798171461932
0.11776387134843444
0.09086637086440506
0.09043636613493465
0.11515201244661087
0.09506470094733487
0.09047690959282643
0.10546277344868253
0.11884106627421384
0.11309517177655744
0.12891689749143515
0.11839610756831682
0.12926419504533415
0.11092513486924348
0.14578592422207387
0.09408245518394137
0.11000198046747099
0.11074679418582109
0.2840552499699101	0.131006038945627	0.16426650042124885	153.00827446315728	111.62715201134587
0.11157499947141941
0.12993867861954148
0.10445159440411234
0.12119122215020513
0.10142179767666244
0.0762532552906099
0.09671602359155464
0.0770144360007856
0.09267066366237942
0.1222459922348107
0.09750013092525561
0.13537627124101576
0.11571774789779835
0.1560837490608394
0.1335546381115625
0.08461219446397175
0.10337193727000984
0.47308600086166924	0.11379773296700671	154.39291436723713
1.0182022244356392	0.10990329234710154	153.62611767044072
0.5808076451328138	0.0949826025701453	153.86735444212766
0.11086957001424247
0.12087171607248037
0.0862750011330494
0.12171583319177401
0.10555954802604138
0.11318887386910313
0.11775572709497939
0.10750506538426932
0.10401960431999463
0.3362046959098082	0.12130713936439756	151.71767082969288
0.11296167128625888
0.14310684696257903
0.11143051222246066
0.09854688511437025
0.10716474846487954
0.13948531943645268
0.5103524629105581	0.08697156842287511	151.53495946781248
0.3795256573921585	0.10693428322987958	153.89737505831724
0.08762922388892211	0.0993444570538166	79.10328276648184
0.08853740283419893
0.11379415049983559
0.11030188244935688
0.11591313469038127
0.10569873877447199
0.08199982895342404
0.11815915840049811
0.09754476695992507
0.100504654086902	0.1447171440793109	83.58401697026436
0.1306726303645492
0.09394349793681918
0.13179385938843702
0.10619533377832652
0.08957722160021427
0.08717155251044365
0.08486679068442786
0.0924467966092651
0.09397726116733252
0.11440852236723137
0.0989781116086493
0.0838807005366387
0.09215326329339947
0.09999508743603411
0.11224991059390216
0.1138542536881895
0.11875572425582286
0.12375098490631406
0.11023302648297062
0.10195742636252311
0.11256784654027215
0.1267681309963731
0.08951390708537217
0.11577582668842204
0.10320957114335146
0.09956447129618204
0.10754161725282166
0.13069921393339382
0.10412824112381193
0.08752756188031625
0.13354506381820186
0.11384483653604567
0.0949439848542005
0.08002358054478464
0.08394827600507462
0.10285197271632719
0.10845021723590115	0.08043339746210154	117.56593476067015
0.12148075059203536
0.08732303495132783
0.10599923438731405
0.11562218269929954
0.09374222353161543
0.10514133166503888
0.12626431406132257
0.11407504456920485
0.09276455517907661
0.10180794863743678
0.10205179419491262
0.10527436818883494
0.09390936999660467
0.2315504822447233	0.10203909159811549	154.61537967341252
0.09733172474809586
0.09225056913446057
0.10517753534624061
0.1334898747618206
0.11618869714588166
0.12596001451715302
0.10661459262397031	0.1283666815414816	97.14223585431964
0.13436339301987002
0.11369575542431828
0.12220640106578304
0.05657265484593573	0.14741545800144285	136.23668051954473
0.1411468415185716
0.10877713470095902
0.12468293243399518
0.1390273164737811
0.11683252386682702	0.08815816436255214	145.38059274946255
0.10666852085183573
0.10295599187600603
1.3050495186039777	0.1481209938540133	153.43172725637706
0.8427576253961105	0.12147947164034757	154.22289942048695
0.10186353602814284
0.10999114829970746
0.12436372159410276
0.12678372126162113
0.11159758251897162
0.11446102568442969
0.10389047716945067
0.08912349809216336
0.1073891297843429
0.08645204704731255
0.09159707814391069
0.1085426029428873
0.11837073845562963
0.14513235325222662
0.11085434092463699
0.11148684656266761
0.13637947112723892	0.14910016254884428	116.67394410746363
0.13743871359802462
0.09618870805205361
0.1038084488943855
0.10073487528682629
0.14345681452499923
0.10020043136521561
0.10707200351678775
0.10805649915137854
0.11378177409037059	0.08322313677207156	125.88175457310928
0.10581074885327954
0.10363667836712519
0.11675315636250697
0.1019834928954739
0.09142839314018517
0.09525838688583009
0.1356984587583502
0.12988863546056043
0.09424103039997174
0.10553799033627506
0.07974109587944819
0.11631220495649845
0.10143112070910583
0.11822981489487813
0.107597573429085
0.07001847525665286
0.07606660340565048
0.0856729136773326
0.08705151735989593
0.08913399147098278
0.10674496076496023
0.09469899338411131
0.1949588415725081	0.07379525077429946	146.6139310082284
0.09104508430520032
0.0863585462534013
0.10685508078788664
0.08797686947625466
0.11844644892923614
0.09866565645779055
0.08933609945759649
0.6726881255887228	0.11598197235205843	150.2694145824387
1.2195508788190403	0.0931797490211615	0.09505395281347798	154.73037931208634	149.0261192590975
0.10266506401480299
0.08486217553655902
0.09570689087716737
0.09831192265920011
0.11773110734758407
0.1317742062348438
0.13378098333826927
0.11429594282743408
0.0944875622170415
0.1142967460311085
0.10934818225988908
0.12857842694535715
0.07990962122327912
0.11541645186758005
0.10241345190027096
0.12504646707179803	0.1296585259149276	86.85493269460432
0.10856000257152583
0.10559293368537118
0.374768072616719	0.10658548601829429	148.52730439432185
0.15074718655875835	0.10708813821203018	154.569218638288
0.09377614922289539
0.09261907027093812
0.509922207629511	0.06741143578769995	148.06284138028357
0.09879129911327107
0.12043378270697572
0.08762409451636424
0.09334386596024907
0.10838476400918294
0.09823805281662037
0.13751258689449658
0.11384672494319363
0.09958496357780285
0.08826174135097505
0.09782952095189408
0.09297194736527375
0.11546942931323807
0.07871863107640283
0.10993964008702749
0.09091975074313903
0.11650084556615033
0.06599585937131551
0.1268277708794372
0.10817630829264628	0.049655034508134153	78.10190876084702
0.12492611905724249
0.12470312766283045
0.12550211884346715
0.10004582003530386
0.12869954808486553
0.14010480815223333
0.09328113978713945
0.11840820525472413
0.11700092329266706
0.1199440369235056
0.11479185855941502
0.1054529246541215
0.12270100545238509
0.12615075797228037
0.5136301634954696	0.08133465797051116	152.64485448129983
0.09331709438186822
0.09750055500495368
0.11362786481942388
0.0822864170335258
0.07620328743751867
0.09982005679474225
0.12433328404838101
0.15718239282391114
0.2184980468507437	0.09276402554954623	143.1613557647375
0.09454252225276097
0.10891895285952885
0.10863004032521857
0.09300524813326001
0.12891581295958887
0.12044068492354912
0.09802676571546523
0.046226115459519386	0.09826798217066525	141.49049518997452
0.10444408221833075
0.09395192374874299
0.0902543439004694
0.09526624387238981
0.12036084494647083
0.09429950304339581
0.07882665049644484
0.13163815945702043
0.09912728268601916
0.15039816021786886
0.0989175994081789
0.13005528859084126
0.10241330129351718
0.09536476503655152
0.09974136624740854
0.08243827749619735
0.07871752534454073
0.11188323153725327
0.08107547412243944
0.10907898814297869
0.11992167163346204
0.12307567630923301
0.12971626215176948
0.09246312858762651
0.09875111881380169
0.13167589075294908
0.07934980628224031
0.0899505527911504
0.09060210210780681
0.09260699942897638
0.09584959143708849
0.1134429829895819
0.10114441811001001
0.09544754876909808
0.10890270213508721	0.08411572079366013	88.88579685579646
0.0916020023390412
0.10205634993055784
0.08868870518281208
0.09450211469006957
0.12153847849157556
0.11106751259015037
0.08521421286208315
0.09461599324062854
0.08990699473231918
0.0884356723769806
0.11454815397889545
0.0889863026777557	0.11219273242286219	144.99324199865163
0.09446400254319536
0.09456251848726216
0.07011866949874555
0.09732508751527214
0.09091486356556613
0.09283504547564436
0.08823166631896051
0.08036143721108856
0.08097344909551205
0.06872842286925504
0.08640230663592041
0.0849885537558361
0.07926955872271435
0.08584073528136077
0.09328226081687814
0.0953920257088908
0.10244573465198169
0.10121288086496698
0.11036562700030857
0.08501816687494988
0.07203211237644648	0.07419150911734004	97.0633556698116
0.3730824304230801	0.06316920200258941	153.28543544273995
0.08079605853139388
0.1219757931711966
0.11119959934701515
0.16801307338922566	0.0978913712152981	145.0351164001627
0.08591745708172575
0.10051856840285764
0.09736306606481959
0.11492136658862677
0.09306054757536754
0.06860642935156556
0.10585302803442173
0.17834530301822246	0.08689351345204673	137.89609550233658
0.09311587647865542
0.10702558269293784
0.1228789788230849
0.09670284410262933
0.09833638883925852
0.06463561344619012	0.09347670510355972	151.99434285855037
0.11894200681136156
0.11286842835500109
0.11921724822483298
0.08084497003299376
0.13694680609210808
0.11378832625167926
0.1157038272110608
0.08958136435679923
0.08205224298716986	0.13887481894874612	75.09283008244513
0.15793084900329102	0.14843241947671035	139.06240303695805
0.09273313809852023
0.11157577853304318
0.0983980144094988
0.11618570669202512
1.3909772938261913	0.08170519602607967	153.1908534381272
0.6744235333740709	0.067776033756615	153.21511412380573
0.15562495568568688
0.08086850618423483
0.1047843421348797
0.12487236486302183
0.11655070725532227
0.09366085588325161
0.03669804837630533	0.11173140399721235	137.47964130473127
0.08885883580522674
0.11987809575625885	0.10441337080851812	87.04527920128352
0.12283783139918882
0.11719391345869751
0.09428057915344973
0.2742545053680281	0.1551276478552668	145.41116603908554
0.10412665687152492
0.13899218621873688	0.011965993641647377	0.20360687499930832	118.39274283607519	105.07184673810994
0.09946966833600883	0.0054808311664084055	0.09450103834639702	116.58530840691252	106.25152395865408
0.09898147564566534	0.0027274956491054564	0.13174589227256103	116.94013147803463	105.27728421798781
0.15688010112568287	0.0053479289981646265	0.12639278982909846	117.4691409982063	107.23323892714696
0.10124469467103718
0.1418316549300972
0.07158525991957296	0.09366474823443689	137.98978067606413
0.2065430623762429	0.08548135379254468	0.1082037144733418	145.29739487451005	85.93025158124046
0.10293827189982802
0.11224052880449167
0.10160446620685754
0.07165062693807699
0.0755227240548794
0.08668407344036214
0.10144812675799454
0.09594323953781392
0.10771194229972428
0.11231013509028455
0.09692324141201256
0.3874105000854443	0.8783181043755688	0.11235555423585761	145.90597399386627	144.43750791453618
0.1162405439376713
0.10821207552951125
0.10084724538667106
0.09911873008541172
0.1088858779141458
0.0768121916208982
0.23230878652565437	0.1275238857382287	150.0217011227523
0.09206612961284066
0.0841036762662998
0.12891163925722934
0.40573811930610415	0.08857765761574872	148.25127379295222
0.0920596339200213
0.09151794383311927
0.12597245808581342
0.09935255139437517
0.08881404903899999
0.08354811286387512
0.1106472950144712
0.08675409615756736
0.2734522327158456	0.09214663657242347	143.28391035070322
0.1008137530212562
0.10614849393888431
0.09330039218951074
0.12729036284214088
0.09034571707190349
0.10133176635767557
0.10770893532746642
0.1088229416515361
0.09030231853098235
0.11643821147573521
0.07954269065164359
0.1322114995822931
0.09414139310801439
0.10897597255988414
0.1000056444309929
0.09992747201870528
0.08568364366404761
0.11676295975578234	0.07763807927585248	78.20716616819561
0.0792586012151549	0.1181207811934717	105.54690617691776
0.12126502590129529
0.12213846518632432	0.09476907312599508	75.87524300209064
0.12275596018046912
0.10939915045579263
0.10453671775849921	0.13379007878109417	100.03146827891985
0.10123900129404372
0.114282234468075
0.11415398195569271
0.10843535242684828
0.08755052217461812
0.1232094107298802
0.0855568598503567
0.1277796757025469
0.13713743141775467
0.12831658321209924
0.09259167243560001
0.12048084944009116
0.10127935152800366
0.32509793843680734	0.1223374090963923	137.34217483709492
0.128191168061669
0.12979056006634795
0.11595936738812282
0.11247113881922295
0.09503069055561206
0.09799214886006131
0.09879251034792116
0.11572609116110463
0.087529494927589
0.08978224001981137
0.09232600007875578
0.08325425211086696
0.13758837014263312
0.08711138927211481
0.12525167462890455
0.09890869253437644
0.09703703590200402
0.13164304325342424
0.10710093512361074
0.11901883776964017
0.09692673588433932
