0.18701013910748138
0.09986206779501772
0.06939585421672138	0.22413242960746307	66.96045949963879
0.12554181743504408
0.10398281205805972
0.06239523897291344	0.837416682827231	66.90950680629581
0.09247822672549064	3.9382454991032048	66.13566895230878
0.07067114888911646	5.095813492335573	66.18815494834665
0.08995203130111736	0.8966106074620627	66.23768649031665
0.10632286627329116	4.506207328021677	66.18091484158202
0.07741521889881184	1.4132454183474128	66.16732524246386
0.09523011995840336	6.957354410102032	66.15979718598857
0.0917374202393755	3.9943275125607562	66.07900081725626
0.07584913205776281	3.1052138756609273	66.40187958125085
0.0652499915844691	3.5329618024147655	66.30045890869376
0.07836526696349906	4.29476090424118	66.31420806692329
0.08653997889662006	1.4073772474127288	66.3806904055111
0.08831645659544758	4.235158769103657	66.17173906059317
0.07850861860737601	2.465732333470924	66.3593237107399
0.07244181416482418	6.532400753730062	66.23092408025799
0.0740108741823472	3.618563126836001	66.32961782020898
0.07871742486354182	2.5472218764698717	66.20934289729489
0.10063519961364174	2.721206033453708	66.25440218556226
0.10512648699303548	9.338341242417732	66.18189830077189
0.08727630690617551	3.6039973096540954	66.18754590309536
0.10159719330940745	3.1787173165882385	66.20041248828272
0.09419056950060063	2.478094749821479	66.37343249760198
0.08692596447135575	1.103568928866843	66.47172535759309
0.08248813462499052	2.0782123727965724	66.52410594804913
0.08153825900862056	2.7510495818032217	66.20128978394064
0.0651742897779414	7.9369771154849	66.13889045510327
0.06817784549328534	4.471156555902271	66.12855198415836
0.08687542355765546	4.581294721044132	66.17462582140256
0.07407297351048972	2.955465102126692	66.32707014265388
0.06456690392929315	4.601151626137854	66.24565062760398
0.08845243761346495	4.750710111644794	66.18436713891266
0.08949203418283028	1.733769617319436	66.37171040842242
0.060060131107860217	1.2959597835980456	66.50383563358896
0.06212573828746668	1.184553312810943	66.28635522581263
0.07416643999561093	2.31530146546166	66.33197022829503
0.07345546900067279	1.694429955074399	66.8456040078855
0.08805038301418977	4.3341082744038975	66.32909814185332
0.06936995482285575	2.6785470318197335	66.14871554158587
0.05937180162301924	2.6402287716513264	66.4189011642736
0.06609263503917209	2.3611939984064363	66.49362728492078
0.06650259797947364	0.9447304525494661	66.36821073455044
0.06813337032263336	2.9809718371324228	66.31129904891435
0.06450847847827908	2.6987162979095465	66.15648709633396
0.07116570623280999	3.0018526880652274	66.29665608932588
0.08028496317131453	1.888827483306149	66.21659247153845
0.05892576653389705	1.4207373576498574	66.13257138260131
0.06427653208900845	1.3935524311031942	66.52017368617445
0.5621998454592355	0.09053233557110212	2.4433482898785157	153.678037382124	66.24438241223135
0.07405564231186136	1.84286495434371	66.54958048243415
0.11420299824966788	1.6250531874122767	66.14385234570967
0.0390588454897764	0.09589518186793747	4.449007846658286	139.27126433761566	66.37394949347906
0.08201204256890685	1.7029272275534577	66.39001346179036
0.08278740011531079	1.9848112496798174	66.64135981664188
0.08223486168273418	4.70619277462413	66.19886428431545
0.06482920446412783	2.9635238305255096	66.11998993329948
0.05936765966084275	6.380501832938484	66.17796166841946
0.07414954429749003	5.275209020746683	66.14988127197331
0.08138259661517845	1.093735136691004	66.50431749796932
0.09029688020162786	1.332500917878491	66.46726155977757
0.11321996965042987	1.0093980245311225	66.24854779162965
0.06405957741917713	5.72674725782742	66.34657094919237
0.07464960243039448	1.907031568946247	66.27932095065533
0.09806475751941267	1.4356911443306906	66.2759187046076
0.08955889941411546	2.740047787350455	66.32136779901357
0.13771644611150835	0.07791881702494684	2.2131958329123727	145.07531175490502	66.36290351224896
0.07748492441186192	4.421686074052221	66.39305357546438
0.06712157018250246	3.8135054036559466	66.2051392036019
0.08434784837405583	1.966453347039097	66.23200056404725
0.08258657616255137	3.10944459397121	66.20993059599355
0.0733613025762199	1.7954995556392948	66.28332717590912
0.09923644718592367	6.316552635830074	66.29711465637172
0.0420901171911132	2.068018482142341	66.3121319002707
0.0972144591275226	1.8420827657747683	66.32541613931356
0.10929074631943776	2.26023848291745	66.47031853670204
0.09639619012952737	2.35304099746174	66.20545969680758
0.07835390124388891	4.742895371196794	66.1137530362008
0.06941294050944878	2.2616093991965034	66.48430797336954
0.12403958705903648	6.385664409706409	66.1627642338674
0.07432991773130516	3.4743001697557863	66.35815604730244
0.09279255999978425	4.84762839180563	66.12463051886785
0.11954957854319442	1.4296843169219746	66.18961522735466
0.11074032364631216	3.812032551159936	66.30458147107106
0.07049401175748517	2.8602653949125165	66.13483487625024
0.07256683356660595	4.572512523754034	66.24510976028243
0.10625848813947578	2.3916235569635806	66.23892868785398
0.0830058132817221	1.350199858199341	66.43189168676615
0.07938657119978094	3.053122548109824	66.22995339110453
0.08517019273226246	0.9421682894619221	66.69775700531537
0.0748377198609616	2.034053820547228	66.12680488102357
0.08002357166372295	3.331088548807356	66.13650741446783
0.07537500754326769	4.1389909799035305	66.1943412255667
0.06517678613263342	2.909236107263489	66.2081095252198
0.08175165521612518	2.02781248174251	66.3740885928621
0.08102634154309224	2.5237863483252436	66.27975676475442
0.08669671398291814	3.1779674763177317	66.34247481925739
0.06623005917122217	5.456336537659596	66.21142489107463
0.0640606719821405	4.53865347888519	66.23730721513077
0.05969526111015413	1.8398444002960739	66.39104086607459
0.06629156002770457	2.353366176404826	66.27774704558254
0.06639683988713224	6.197525381708721	66.1599846134626
0.11158003705164994	3.712224760716265	66.29054492709429
0.054244596338618986	1.5971186176193166	66.5061547930442
0.08980748994939437	0.9750760218209551	66.41596572734527
0.11377529030566655	2.5234152106670513	66.4585819387553
0.07343006085307699	1.5784359638403282	66.34268420532376
0.07432135081888613	1.138168369942922	66.31257537176653
0.019311875931926976	0.09111240662165626	3.890438632229523	140.05083214764198	66.25083518028909
0.06750347577263305	4.770204437307085	66.06944616417579
0.0783421379511672	0.14170215547232087	2.5376495839277133	73.60645502208196	66.244578397221
0.06267726783679525	2.1805029203415627	66.27527909448143
0.10091840485708237	3.33233802269424	66.29320373191244
0.07243056921111041	3.5524998423709166	66.15986909539947
0.08612287453313056	2.451769722264727	66.36337685119874
0.104558949937517	1.116723259839835	66.23132279902148
0.0869868042091129	5.318992690447977	66.36335022540783
0.09357278770521117	2.4716916326625817	66.58657985303103
0.08534061273805923	1.6720461176640622	66.18005721382146
0.0749856152965704	4.389758576484584	66.3304228093873
0.09891337566322797	2.4401765265249993	66.20064333331598
0.10557321642579447	1.8251574594582165	66.47356045401224
0.0775548351353987	1.2683545884008542	66.3988528266502
0.09616071228304048	3.167003815579393	66.4151780005817
0.08435642779741061	1.6207739538958308	66.37336575528046
0.10035208924550515	2.1254796219575747	66.44750091334251
0.08359287881625835	1.3501036581338695	66.57027965634002
0.07277234484712847	1.9245866223845973	66.51791627397675
0.0693269483276505	2.5155124826740805	66.30495751086642
0.06147447119936271	2.7623474165437867	66.30022409582635
0.08273029483954711	3.799165428729519	66.34873611070938
0.07775207992108563	3.6460607943892644	66.29313536564659
0.1094542804153766	3.2658953492980434	66.21338438571672
0.10462081851303369	1.921127622587405	66.27144396931659
0.05022671512124817	1.6682541611112567	66.40190126821616
0.08626066200548684	4.889419251588811	66.376050126228
0.09351909096019453	2.015183988831992	66.2844697888493
0.04313189658991934	1.7014022185254423	66.35806969473826
0.06265257755132547	4.092369446334773	66.13036520101682
0.08900830459590191	4.685028137642647	66.1789533417166
0.05650671863500425	3.7471506191867063	66.18118400951144
0.057264179189302836	3.9429954851673332	66.24340400251137
0.05722432691794186	0.08725674160231399	3.6123971686368	128.3018458283001	66.2025821970497
0.04819364107426154	3.2216463071213073	66.25891176038036
0.05092277657746093	2.402438624230838	66.34765679577313
0.07958141688773547	0.09129618055458114	4.8857072967555135	151.57990428038104	66.36876232386076
0.056210930193140135	4.3771895058513195	66.29415366046042
0.09148805995026206	4.169345610699256	66.2243902108227
0.08407912775658688	2.362702226570756	66.37797960193937
0.08506413705060373	2.174188595539947	66.22506789884578
0.053094905965968525	4.316501658446339	66.15024437225698
0.07450459611238425	2.6205143258772896	66.28502791761953
0.07822155603163201	3.431407758142312	66.18977898531999
0.07154537262255066	0.08997795406376402	2.422875267998208	142.79552134620914	66.26757068012785
0.10359818691884785	2.610103146277402	66.13943290631754
0.07519747697656837	4.586375558792234	66.23306881234599
0.07771440823850208	4.91884648166263	66.23811856760929
0.06984895632530157	3.0582410211022064	66.39869202811468
0.0790111032556203	3.2449788535298776	66.15837374039047
0.0638187216996353	1.257293364650435	66.69816765477705
0.05045108145459555	0.06776766283046225	1.527777704179704	129.36230938484445	66.77537481025072
0.1138038194972004	3.5368588517607185	66.23742588522289
0.055402430567721525	4.295697397796732	66.20382810217852
0.09910995835038622	2.0579445070335556	66.25817416993968
0.08853114022164825	2.138175542176029	66.2424413667065
0.08290692437550722	4.587800967375445	66.22457643287086
0.09572407457611391	4.684958602400075	66.2069593620017
0.06633743718603782	3.270835014828302	66.37706183973042
0.10318852869936777	2.916193662402857	66.35325419059497
0.09562783176624401	1.7459193555235697	66.30208375858099
0.08328373435588986	1.826705218991167	66.46944992339593
0.09707096476498171	2.7416914078432946	66.2430280340991
0.08949670635255472	2.638653750352802	66.5253623549548
0.07910605169141968	1.3228619453530954	66.93439054976241
0.07546897747752651	1.2165262546565212	66.39749217521684
0.09501757335374324	1.7551074709447028	66.37296327262612
0.10032791846203781	3.3054997285505947	66.19717274178063
0.08196652092550577	3.3516428186027736	66.39298251652099
0.011893530844059478	0.10234047632441164	4.283592405221313	138.58309066138278	66.24866608943572
0.0943709938853439	4.487410378101569	66.24029738512448
0.08472230146400145	4.333568060929633	66.2642892462149
0.09717881176483781	2.527096168939993	66.3603645539769
0.06732413622740559	2.9235606425739373	66.15071834870032
0.09782061364579916	2.3482488117932254	66.47697447943484
0.069063282757122	2.2899010489531846	66.4215389290021
0.0735719778190931	1.68334297125321	66.33831203605521
0.05700447501347816	4.24287825515127	66.35498094714706
0.06744993562270386	0.07551019236502206	3.8546719168221366	154.54005458001993	66.20693102055657
0.08180938369850048	3.782123093805657	66.25426040297558
0.0858931721108488	2.673041692790726	66.30284912675981
0.08436746569585211	3.986074796576725	66.07329595375388
0.06336474587476514	2.392113217984992	66.21946315861156
0.09142262558312836	1.6319820658483173	66.63243182150723
0.04722954892114793	1.6364467120303696	66.36525834845452
0.08500294855670863	4.698770962263432	66.37797412783635
0.06508450986940977	3.229382465920964	66.35078032071428
0.07893688491981805	2.678086038886766	66.06770255444603
0.06237333027882501	2.26380992553043	66.2905178874926
0.0673915507231727	2.1681122366742467	66.53684259167237
0.04966626487916336	1.83185863300765	66.34608533595235
0.0870549277625887	2.1411588051771893	66.38362229690819
0.07808369109797517	2.757061456704182	66.29700397651202
0.09007716758391461	1.3999877368975577	66.28020030445447
0.10970815362503007	3.4318221320727225	66.31448455053075
0.0745584598621882	1.544142315165243	66.18108853531878
0.10063495665328202	2.1337113761525193	66.45513222047654
0.0884992848489489	4.667875375119633	66.1429654393774
0.08891459638789506	1.8972155425313066	66.29782227666
0.11256184149912568	0.13240336118858367	3.534333947232567	82.76645383199221	66.41682892403439
0.07211635804663438	4.162784676695639	66.31913272900009
0.10737811619187546	4.680885439981895	66.29592362177307
0.07517564992397904	2.1902068960358005	66.45770577036022
0.08001598687439733	3.385019457554925	66.18464364241282
0.06988993606085915	0.07235238511926025	4.721298975447155	70.68334564923619	66.13689338475163
0.10009484017512522	3.846406202580603	66.35245435831114
0.10777554506363397	4.20668080443588	66.26409360676192
0.08817947634530378	2.543033167850811	66.23374432891045
0.10173369342242712	7.027533051487919	66.20089097189737
0.07681974598266636	2.374349010636069	66.36658312014873
0.08357959851287255	1.5657006529319364	66.68352576526348
0.0553286293763728	3.8078664176202404	66.07572491637876
0.07217444617485946	2.266175582606397	66.55225076811243
0.07952107076140948	6.521341085356848	66.16521989648744
0.09356246968848778	3.649790079239005	66.17560949618753
0.09984828094370617	0.9551589190776612	66.87868765186938
0.07239147771192533	2.459874361336924	66.38453077291969
0.0782107196308227	1.3641948732556115	66.47184966250158
0.07298526875667437	1.9237856680123768	66.2597739734836
0.06935640730831064	6.071140672408159	66.17455774927892
0.09494617150827638	3.854332382298901	66.30024290254575
0.09527912837968096	1.064530364679591	66.20054822176583
0.10923984042687823	1.8155582648592605	66.54640310151936
0.08953778546112798	4.523602892015285	66.2166065541763
0.072278452258463	3.609525241997426	66.35876299131706
0.08631688562614748	4.045047534646715	66.3141828780874
0.07155154459508109	1.7560796933355132	66.18297416447027
0.07555199034537607	3.3670206980500503	66.19626865131626
0.08592446393702154	1.7268367954837855	66.29514559391471
0.08262345531957034	2.765062821280103	66.30614901093227
0.08102188617446233	2.01728579902914	66.34439180204217
0.08146162233274104	3.938424879050715	66.12786067358942
0.08869279352101253	1.0725799326832943	66.69179607474084
0.09678536723586502	1.5301679157704613	66.36000527120812
0.07495856557982028	1.6132275498259754	66.22178499281061
0.08448942890084703	0.32912137291657195	66.7603451650788
0.08543594325434378	2.5892605196859257	66.28261081940936
0.08635149927708899	2.1488206823346396	66.44572133432212
0.12302429950598373	3.039228070957897	66.26534824372963
0.09765825520818389	2.9889497648607772	66.28106170411344
0.09934055907264681	4.559470554304567	66.32471665079494
0.10031909530137234	5.8687376090131025	66.17013094378996
0.07009846726850964	3.6762783716177734	66.1697638487105
0.07278189259094758	4.101398350045751	66.3090597024875
0.10901415105464447	3.6803657868707687	66.26371878884324
0.06082584004417476	1.563140511728473	66.49439913638268
0.06964139291830058	2.0445154310170355	66.3297730732106
0.06959586385232416	2.387108805612885	66.32219288755167
0.03990079750113082	0.09120947711742086	1.9496537560429987	113.47993368860399	66.61880183417098
0.08316823912541405	2.2538371394993417	66.29419602576174
0.061545178980628695	5.59491739060725	66.2157874821771
0.06760576572655794	4.123068211269317	66.30128928157274
0.1213679939674898	4.1325859039340305	66.26653784153702
0.09750636381012816	5.967693386557939	66.30447292064889
0.14641698029912675	3.1536930448877696	66.08025412102594
0.08924122695077796	2.6882025436952524	66.23562064952065
0.08662312470552776	4.557341373339822	66.12869993131194
0.10422604054232482	5.2029618597488545	66.1625345862839
0.06071768543708116	3.959273692008155	66.29865952215103
0.11330714755891852	3.018293094453298	66.18661388189216
0.07895822205023371	2.225421949944947	66.43384876417527
0.06786160254189622	2.1493565021520022	66.14592581930668
0.05371675436688552	2.0716162723647695	66.20879363528218
0.08686622186411705	2.151970998615527	66.10812822187641
0.08595045577719757	0.138018671841671	3.133201564128005	80.13693370998385	66.15123175205566
0.07812217639212356	2.054214075311105	66.45879412715063
0.08217045119298942	0.88330047160592	66.49402316815892
0.09771288555986908	2.713676228209162	66.25396349401788
0.08066090373198342	1.5590894416116172	66.21258134936942
0.07640914325393462	5.3002326353826685	66.15729051092549
0.09156097871310712	4.144428744664393	66.34296003720115
0.07654382930790816	2.8051824742810996	66.27918570501899
0.08310314683504212	4.294970094058939	66.20156290260012
0.06494810235835491	2.844281649883166	66.30049233356507
0.08617587448458333	3.612577897603706	66.30077302240176
0.06890203448459953	3.0510344046117166	66.19181367275013
0.05734907293147359	4.692880201446492	66.24221977755319
0.10658886810158841	3.6244517655595296	66.19799770413015
0.10216185880714655	2.5305542468355458	66.2972608404397
0.0880066260016706	3.841608384734427	66.2399957951308
0.10579590837068534	2.514477333009991	66.22037848147598
0.1032004049894663	1.6555905112712093	66.45102785372757
0.07676091904283044	2.6650791895643837	66.20722182149473
0.09798184932459068	4.345531923816744	66.21566074966286
0.08307166284662595	3.479561055351156	66.3197057539801
0.07744526562660342	2.091243384562261	66.34533219142352
0.05478827812449628	2.1194074024356135	66.62682161620455
0.0666284077975175	5.015044285154723	66.31663228167493
0.08669203121145826	4.424771983078242	66.15658536914061
0.43022658524339275	0.10746136430828751	3.4348007220680428	154.3134490273193	66.51264720948892
0.07002207316083481	3.74541296790114	66.215830555016
0.07266825543411302	3.9959989199374872	66.20945269985182
0.07300214799050998	2.7222965733451	66.11399500840228
0.07020967952895424	2.4489778211725466	66.38847297260291
0.0839835539759558	1.2004895159115594	66.14860457348638
0.064819736143764	1.6944273660529143	66.31860701631054
0.051346084102843366	4.814612440678511	66.25311946342553
0.09137516078690391	1.5949374925446282	66.41253527483815
0.09907352130299431	6.6968309714478105	66.13658580854613
0.05612021962952108	2.534626193440966	66.16609320983014
0.10057565829306099	0.6401962812674525	66.32381419237835
0.08395802925699641	5.628264248453843	66.22488114864163
0.09324516748510579	6.4277547858018815	66.15073246489767
0.05669380005973274	0.08718674014985868	3.890924506550543	133.46303651831585	66.38990073570083
0.08720776588929328	2.6451042259884257	66.49280854476096
0.0933731151234481	3.7312919466614107	66.40182914246068
0.06208496062310524	5.067891569995563	66.2618296408529
0.0783101969399665	2.7554823075283488	66.2373983225942
0.08785328185560798	2.2027686665087307	66.56703515063214
0.07838586192083866	5.1236824493171556	66.19096410631323
0.19426041155849408	0.08856780347636038	2.0833337891886665	149.8651860469491	66.4420849662346
0.06783219124939535	4.946726849806966	66.28289497492892
0.06686408399056727	1.555928901880161	66.49191589053706
0.08626766178239499	1.247928502710054	66.42175178099791
0.09673738555800705	1.3806984391950037	66.53233880969425
0.08573548206150004	2.0307753935943302	66.2559183864169
0.12731728026298608	2.574592074136426	66.24128951659635
0.09639350177072131	6.6072873152420275	66.22585804586701
0.056541643874197994	2.4413328576892095	66.18540941339761
0.07079165372812149	2.0638728283423133	66.61703399527424
0.0964638726220937	1.3307917615678666	66.73392200364381
0.0793826073179431	2.7189105068322643	66.31222552306134
0.0997046552345787	3.3658702887096927	66.1966126688679
0.0956158047463561	2.5475949932321793	66.353811511812
0.0781088508107042	2.17385684879676	66.17707639613104
0.09211879740885175	2.6643190897362072	66.13706303144376
0.0684800676176443	3.013978295357561	66.26796997750859
0.07346055344690926	2.3578269806201018	66.60408620186293
0.08569563133530284	0.9998881663683976	67.10672902506593
0.0064523654055252165	0.096337932985395	2.5000753545287866	145.91543894768645	66.42939782676626
0.0705826997488243	2.310267447276362	66.21074134800773
0.09159663792340675	1.6902572883833644	66.16114476191827
0.08569384556013228	3.9182399330519875	66.22086804147035
0.09428838497160251	1.8833234062396123	66.36816144085275
0.07131171970713285	2.0552024653169547	66.29185949065763
0.10455474047513974	1.080030498416258	66.33275103412491
0.12207485047552068	2.143381849460935	66.1895614825116
0.08529711589466932	2.4318560808509253	66.64830825145117
0.09165014733499648	3.2915241489798763	66.27683025560374
0.07216512334350329	3.047985552951227	66.44769847449574
0.08722475349718588	3.915652174209505	66.24567262281721
0.12368462773468528	2.8165140551312517	66.29347918318481
0.07677643167655936	1.9580665858816915	66.59512513068708
0.09683860289367986	2.560397136814461	66.23518400169154
0.08642390335098395	1.0810415260796564	66.47953611566159
0.06274437587305191	3.122208716379207	66.10568716080407
0.07219632643669832	3.655193788040339	66.26101390971598
0.11084519658955297	3.8046246953254768	66.21181994112307
0.08724106882703159	0.5944825440531026	66.79180176360195
0.08245920465919024	2.8901566818323716	66.30442121659377
0.06315606468647512	1.4444265198480546	66.4868966768644
0.09073899447694117	1.9235081595564338	66.27837222072658
0.06275094675500166	2.9524310468101453	66.20048652115071
0.027341725916532337	0.14362219928096093	0.06406439713510179	2.688575569693528	126.47481087113317	111.65748525702259	66.47519143574397
0.10606490469880805	4.730748988137511	66.09918987288009
0.1028595854481281	4.997319846282913	66.175757590392
0.09823817973053536	2.206575426587702	66.42385766752511
0.05653552445041391	0.10281414732205578	5.119703479676909	145.5653822501786	66.22606224886559
0.045953716836104386	5.539109531922176	66.1862712951633
0.0868980612173281	1.4848063410083587	66.23163835790821
0.07609561613859901	0.10459605775094616	0.9446765973819261	133.4501469860597	66.56389794350474
0.06894902684304369	1.1791120796989032	66.22858194310274
0.07629607066986244	1.8051136814208357	66.44827514041768
0.06586644935753976	0.9329187297538628	66.72099022279289
0.07354178591999914	3.6869670179715937	66.1367462402842
0.09634590809621461	3.459126245364499	66.1628137406808
0.08732226324872526	3.6116983397787177	66.36751921924096
0.08624874226787212	4.924575581519045	66.33584434692187
0.08999552588939014	3.548316516455551	66.21009017683386
0.07690092944145664	4.1361230743769335	66.20116088047033
0.06954926401766177	2.008009686733551	66.30363303358662
0.08196327667679147	3.9329764152027145	66.25203247015327
0.08346287056572252	1.7221542641115348	66.38125308732008
0.06962413140963032	1.640108535090513	66.22196715349894
0.09585149227551404	1.1915877218312219	66.18564680354062
0.08445750876973113	1.5756072515028867	66.2333808746471
0.05985260416458339	3.7141396390119734	66.27716219911255
0.069900138233825	1.598077497931236	66.46290722938363
0.0455784902084783	1.6622901968959125	66.45795458711837
0.10738086029486361	0.08914992884909691	1.7213131425760322	119.30256493510052	66.11279462586084
0.07990495218477005	3.943546125613905	66.23586384499461
0.07298479493171936	2.146129426519915	66.22174018670458
0.09790764553000092	1.0576709292470268	66.5375111923632
0.09146340498558893	1.6606054317162593	66.37793260474596
0.05055373765135132	2.9672396376356303	66.23597580729009
0.06693497521315787	1.8076031634068772	66.30856891631593
0.06494841778786473	2.36887717772032	66.3734609260151
0.07090152982008766	2.3868304941563405	66.18915191826645
0.07265671683564591	8.343056478223223	66.2939460184056
0.09350514271448139	3.1828799309600893	66.35605647399512
0.08670054493744236	2.0144047886169987	66.40547148466
0.0726046209752778	0.06558263426680808	0.9036879338400636	76.31497983062997	66.76963035125125
0.0627492188750907	2.5134197617138994	66.21975369061539
0.0855742260525746	4.672640522409263	66.16787304415593
0.08367778946002816	1.432423008205534	66.39932730959009
0.06346575203744706	2.5843460868592025	66.54428029170809
0.08266886053547562	3.2573031579508576	66.32956744156228
0.07481040737895887	2.399825890318714	66.56849659996924
0.07772246522374483	2.383109496131255	66.50603737056898
0.08691923956724089	1.8350028252792308	66.24032560686423
0.05423580613878402	0.7712169045680043	66.59733248953226
0.07124594206810207	3.337833975678339	66.29690021903897
0.057420483995060494	3.909409704764272	66.33670376312135
0.06715546943341354	0.8315677801469413	66.41511375604703
0.08024210805695466	0.9313229402222853	66.4225130262043
0.054490806674659865	3.750011372733032	66.26194632425188
0.08709461405665297	4.337614541444687	66.28448888065118
0.07547535452263056	1.2802978682338122	66.18965392035692
0.11406086492859062	2.268177285847067	66.41294031408985
0.1626902488860749	0.07982049964697413	0.15716323071713684	2.032866104533676	154.88407628709436	73.56193091011356	66.53827097583473
0.08637553500721262	3.7977002022425	66.25175057153751
0.06086379558222722	4.038006193760452	66.18139292936216
0.08122605346786263	2.7947696980483583	66.26291472735521
0.09430776631242413	1.558467207826351	66.23923567028277
0.08356746066465895	1.9643042367955696	66.06888116220941
0.07453670071818691	1.7056108091586777	66.3908267671228
0.11156243370280354	1.7449567532242176	66.47630465029891
0.08260480310110706	2.9469550513955687	66.20059936214616
0.07031796591707	4.956121253084904	66.14777234862576
0.10368203033623044	3.8957950112812743	66.15173190679575
0.09139530695278165	1.418994322759926	66.31905785739261
0.09650111552130111	1.6219790047331402	66.37402286973028
0.0918872182617626	3.6790566904182285	66.26838939958881
0.08208986327559614	3.9082228110481276	66.30431999781406
0.07260822090332698	1.778041979328023	66.16806192953874
0.06319448668746627	2.1187426703752243	66.31067292686402
0.08030472624165037	3.456823849004635	66.28634313027429
0.057408399913681504	3.691443959439257	66.19206281589241
0.07168868453856547	1.6912819764818272	66.56955814616788
0.11694160821552266	3.0574062525797077	66.16151724087918
0.07341598745087857	1.7854885993944583	66.38858424999361
0.05791614314374421	1.44658542049235	66.71599130780004
0.0714240168733194	2.935148324014846	66.20078151166977
0.11111525775973632	1.6058495363127674	66.2979769151531
0.0865946442300749	0.044192217925567996	0.7397928183601878	72.77112437595012	66.67508884291462
0.08589080875426805	2.5634963950962484	66.38904645642972
0.0838492921602375	3.9624368344811876	66.25202634447378
0.08801541547006134	6.107132385399623	66.30734225229246
0.0568949190342922	1.5045034323792474	66.52494221522953
0.07954234166882382	3.5209149266609385	66.23864028499754
0.061091030680667936	5.389827340042516	66.2075506979676
0.09162657956806212	3.2861274706000896	66.23057809371846
0.08034161933151718	2.3959365481729247	66.38401025539103
0.053225600368438195	2.3665988299167595	66.18920601130658
0.08812179155568273	1.7990025684899738	66.30277752425911
0.08988537981089745	1.8258408380699083	66.32913376524662
0.06147340515016013	1.8316965843465391	66.07248848251007
0.07332603734330671	2.8154689999456473	66.31373741640816
0.11071827695308994	3.0359520490560006	66.08516908385738
0.07270545861905094	3.9107005140005375	66.10488135780032
0.08448145928734573	4.670009613604142	66.10878267044725
0.05206413522873126	4.1356144984778	66.13844386165994
0.06979774670081468	1.1545439111553784	66.82715166061847
0.08039824118145301	1.3204030295431435	66.29023034410137
0.07256923872923117	1.5271995705275048	66.28524383009344
0.07549139794184806	1.5894839869348174	66.50148291376176
0.06925843917810724	7.0658411158488565	66.19014508963414
0.08707156515254018	2.3095341028806713	66.54115377312829
0.07538881369981815	3.9177690933416294	66.20938606724712
0.06786451616200918	2.3960174300535626	66.23455547004568
0.0597824611171102	2.286388150044746	66.23985066101092
0.0926376621076398	2.70672624402543	66.22013442132015
0.08499910163211986	0.9189671880064066	66.38560166389921
0.1012121512353119	4.0347855161887285	66.1210575779966
0.05818042685069043	3.021139792890136	66.3371075544786
0.07267332997731939	2.050723520387079	66.41381005462291
0.08116895279413958	4.249864911366715	66.24017780586719
0.08967769215704839	3.441109837765981	66.37298309655782
0.08247305196804278	4.908574054636399	66.20344832950441
0.0703500328171558	5.696554723567388	66.30509781886948
0.06823763151081222	2.0733704757047917	66.73076287481412
0.07428488924165377	4.117463394996084	66.0835816227536
0.06453707121948811	3.8539303494596413	66.31021711429771
0.09477914992550034	2.3379102366799644	66.2360214591219
0.06615685491008369	1.8648186204934314	66.28462235393172
0.10438490519216168	1.7150514313456593	66.29528172953918
0.06647659478232996	5.165240980614377	66.25810344266003
0.059025534062030705	4.258831546650595	66.34586181833589
0.051700259455978115	1.2854315929486198	66.93898388616377
0.09248488066115544	1.6372147797224161	66.75962229006007
0.10935159709197234	1.0527820981945224	66.7346394385494
0.11482892722239929	3.105791638632962	66.29216561102456
0.06774951046985175	0.7045814495166257	67.1431674056753
0.07313105804588223	2.7552269660065853	66.17702219325083
0.08947898167562633	2.185143231495251	66.5245221896919
0.09894469313790417	2.7814043644815727	66.16972549898023
0.08188172618404589	2.1497752494782607	66.23210741023695
0.08024785879191133	1.3220151419326662	66.20246219605743
0.07846995815008988	2.3303250267055837	66.078384772169
0.08452440128023084	4.364295429833053	66.30835116026881
0.09809610061176222	1.8090318608152112	66.69526862068803
0.05831034092165922	0.0684368325739927	1.9338111025923197	131.83408851421592	66.49665037622503
0.07845371548240564	1.749435435700732	66.43725386724273
0.07641200844555444	1.8860873473277278	66.36402137796547
0.08299239233455584	1.9413500121799994	66.35379372882048
0.08398319669913473	1.6110598872149609	66.25840077136512
0.0971252552147401	1.3530200691325116	66.1786022263306
0.08084846038860823	3.2992646643265355	66.14776433786
0.07101958784655867	2.3919289531845904	66.41410492652284
0.09775447498250402	2.3056975260403516	66.14217918380135
0.08807001972245118	1.351477040628648	66.30283865098055
0.08189006172213763	2.363263213354818	66.10041188892828
0.03619960814177875	2.0604918551225175	66.54050944848987
0.08063609290439776	2.646869876484062	66.1283821169125
0.07215427945744717	3.853394733847891	66.11226429048871
0.0777601480459383	2.518923375021749	66.29993749499529
0.0795003692272493	2.9550775394709476	66.16262672645729
0.08225004383443106	6.170830957139967	66.27070749093984
0.07482424367189665	4.031856484516525	66.234869909456
0.01938096016706092	0.06983805156099819	1.2868338291703387	130.05232215565493	66.43893679412578
0.049468277199132014	3.7618233577798637	66.18702475901611
0.06072078631696716	3.0665196695550976	66.33913162748925
0.07812441399998245	5.864906422467722	66.26632445306537
0.0848897125215102	1.7094969254754286	66.38439652689004
0.07670428708637612	1.7648734042245786	66.21512094436855
0.09383290644241403	5.191325649458206	66.19571582311778
0.10180702566292062	2.7004924979542784	66.18194779347625
0.07627313710897449	2.1627692096791735	66.1610558136528
0.07656449890476269	1.281115504762514	66.2929275651067
0.06813622296879286	2.872366905156869	66.20709307245174
0.07310678876028971	3.5300611921131853	66.13981437918983
0.08999799864050147	3.0146868167299625	66.43663889457116
0.05545878774867128	0.2889431877611543	0.10658252108759785	1.4638925554064293	124.82233055568366	109.45825969884906	66.35392089353677
0.09299824210547296	3.528674482574946	66.15262390169184
0.10611278880344849	3.711810999309875	66.20493053721665
0.07809240258006253	2.716048943134409	66.21204036996444
0.08916478237936408	2.739440445276894	66.45215484466905
0.07598174802913901	3.045906289425053	66.19036466494393
0.09760413003552919	1.4015585254989558	66.69564171428613
0.07120706259071795	4.764763301010068	66.06904908708367
0.06949921071693949	3.2125281429362196	66.22064175489878
0.11016921136721784	1.9354171565133746	66.38096988930342
0.08547347566419453	1.2629481704384478	66.251602090015
0.11098576789782501	1.3269633538249679	66.18749095026755
0.13165750766852238	3.111180581064169	66.18767392126078
0.09639580901696125	2.831536943593218	66.38430199861742
0.09597410028547665	3.111141141212526	66.19169341271811
0.08540951804928337	2.445020796967264	66.23412382362409
0.05866826318469759	1.4332367092478508	66.48510242226065
0.08851528599855145	2.287243093426258	66.22240604915297
0.06512188498004987	4.932565235898387	66.30729798880868
0.11802341671258819	1.6041950005739047	66.3916001561953
0.07873095391941025	1.8278690020727832	66.08930801364698
0.07714306286619928	3.6241393776390467	66.19560649781316
0.08829198418440022	2.7687583550944357	66.29829241478468
0.09837828194212232	1.5223258050684967	66.21923952690658
0.07315031636719661	3.283745676711663	66.39919875121706
0.06705203367873258	3.2033878262251276	66.26552473847778
0.07444089131604566	1.989479355729109	66.33348628754621
0.07907146532316793	4.583088716480863	66.21668412395549
0.09058629178562254	2.357400884480664	66.32585508661442
0.11409470205816556	7.018483501496963	66.20653986971186
0.07268053414768076	3.1809097029305224	66.15186537330636
0.06831110640798002	1.9239637529861648	66.39192246183336
0.10197703515605204	3.951221774974119	66.24768662418582
0.08410644270864348	3.2082335486738116	66.12114642386837
0.08447523761058127	6.52825590025501	66.27795628332878
0.07084612654168304	4.036925886698503	66.22263058197781
0.06835751556718757	4.916832446793082	66.1628850637531
0.07845583665129856	3.532774831185908	66.28544006059887
0.05355711524688264	4.129335329278155	66.3331491442835
0.07841355983846746	2.417329838001746	66.2430347754526
0.151885684879871	0.08846860370493842	2.988406519129841	151.1398596579378	66.1180488391586
0.06869199218872048	3.056957119058469	66.38875144938088
0.05571988596558563	1.948385595478882	66.3852151306539
0.08515905951565751	2.5216975887210387	66.22569709075817
0.07378164392260428	2.39389410432711	66.20288763127941
0.07998664257312352	2.673194620154536	66.29699058955562
0.0815153207958882	2.1341163202964686	66.20281264872848
0.09814980359174615	3.10966522169489	66.34680262706121
0.07929098567412768	2.959602308050435	66.19510459404181
0.0916085853435047	3.4548847264620797	66.25299255775981
0.09968884260976471	2.2515376312219835	66.28631913283213
0.07205539615849281	1.7502564699695105	66.41083214152883
0.0797986860300986	2.1153873604603213	66.41660461535153
0.06207026938106914	0.9242065639049762	66.88921622789019
0.09653015160149905	0.38378400791323763	69.35873146636787
0.08849794049857088	1.3857074821209248	66.52370841932196
0.05833093966586	4.155297374957724	66.21170747553289
0.07452005763640296	3.2642770770331766	66.2756899975057
0.0700424021487168	1.7296608099517121	66.26146681287719
0.0912236044311319	3.7878966210000367	66.23936231091342
0.11129651227734533	2.442410776901444	66.3378482863228
0.06487966663199829	5.026106767065756	66.45864582541384
0.08879658473133153	3.6691472383415547	66.20672296565995
0.10751637614548251	4.782455921672164	66.17219385577229
0.087970446838211	2.4180348716016837	66.29722207097798
0.30540514502005284	0.08296601587254863	3.7039452066144	148.00279109236388	66.22225126931093
0.10652989552519776	2.8884481858301596	66.27612488870885
0.07756935436547215	1.1110574155676642	66.27337954983363
0.09352276551712697	2.1162411881541745	66.37353597073685
0.09451663134142076	2.806140896764502	66.32163911110412
0.08161929189903784	2.3884085449094767	66.32353621871223
0.07774528021753899	4.691408604490644	66.23025880043643
0.06876221360856706	3.89832120405212	66.16421689447597
0.07016118768164475	1.0314510854047663	66.39524209886659
0.08875939728659574	4.22570269600454	66.33682329544766
0.08204876859116268	7.719274547902543	66.23046298512814
0.09202995943227163	1.4698696961615325	66.48752196424105
0.062114069010685696	2.3019688782355585	66.39742843748711
0.09980787466673849	2.6165266559551186	66.21164122887522
0.08873604657944312	4.479740787335292	66.24534776949211
0.061304191427381687	4.031788841867952	66.21874289502237
0.12902167152701738	5.714448812033849	66.36761141701685
0.09189418827490774	1.3667621438872588	66.34658184597254
0.08297534174982014	1.8032182864603268	66.44100117565742
0.08816152401233936	4.443377677964612	66.15182012588197
0.06171345599965012	7.007748598202873	66.28116418547407
0.09344700424516268	2.3378953455681377	66.16169433485511
0.08006227075028678	5.948442096414694	66.43551289874723
0.09399328647886777	3.395772067665753	66.26089288227456
0.06641046012468753	3.333213512201022	66.50519762487916
0.07066316238763742	2.3726940836005315	66.19862597019937
0.06734462253549701	2.4137273288481786	66.2660889868083
0.08044229108492283	4.005662226462316	66.28964727432839
0.0646045981298316	3.381985975002175	66.19060793837603
0.07476985773979401	5.610441232455385	66.14208468953335
0.09370190548581439	2.52082594019558	66.0946057080954
0.11176393573752423	4.54293680606333	66.24808675530726
0.06839097599172936	5.088572869557029	66.23764451407217
0.07616984698288881	2.2123462630936492	66.17296264599483
0.09339383856539674	1.8141323532351123	66.18155914176761
0.06478254785905398	2.8164468934252094	66.27719960434128
0.0929557188863968	5.202030802478731	66.13840842676869
0.060640303912447104	2.9497313242774594	66.1732277094018
0.09677973171815446	2.6093005298853935	66.2511241952628
0.11052691042220192	5.081229783610031	66.1574844872
0.07700937360896452	4.503739511926117	66.17817293279131
0.07384299796426547	2.0266629676629004	66.47539370947517
0.07411181694846912	4.6701077096150465	66.1427829056614
0.07663118843559409	4.999431757771203	66.19127342553207
0.0827990221318716	3.792923319987792	66.21091301893912
0.08031431975308498	2.6994864055083374	66.10110459164329
0.08902507270069361	4.543563408559301	66.31733183890498
0.08602866068697954	0.7307318628412809	66.54958141424693
0.0769075756900325	1.6320617462873173	66.37907903419371
0.10093367487561457	1.2831898259154702	66.86484890879764
0.07652200084123244	1.2811725264205234	66.75021559236241
0.07976688463613761	0.8802477986368925	66.44123318849775
0.0680734809792494	0.9987556582307319	66.45481381294316
0.09209080112427545	2.0706689466348154	66.54355132748186
0.06691993816478464	3.5600176488930035	66.41543879318726
0.09029123602948137	1.17812208926893	66.7248574561289
0.09288099252353345	2.0582081532363916	66.19271884126721
0.1000337839391411	2.037172402515442	66.1951455421107
0.07326358304289902	1.926021091902143	66.221199738474
0.07978306204668997	2.7249420661698083	66.23449861403869
0.08588332931246809	2.09923988223192	66.38579914600568
0.07260765589917416	1.627693418469467	66.50305843837037
0.07747347170666849	3.3895825451017982	66.3107446847638
0.07645010604105401	1.4286869582408304	66.34766390359167
0.11755215660657198	2.124303066379182	66.34602033298185
0.07649784238932966	3.0097191380231085	66.11339428550512
0.008264241066797672	0.07121642109016352	2.133014290788524	128.47525750026801	66.39101707835546
0.09429781062554231	2.639787152098379	66.09569242660217
0.2034501009916828	0.09979162640664677	2.510782323610234	150.13933461383346	66.37561080232629
0.08898672998926764	2.0892759182236893	66.43288036322589
0.07796090668483845	4.471567840724621	66.3433065648891
0.0879756274359198	8.437612024470546	66.16720101794715
0.07776092255773122	4.549949640266154	66.22524387313135
0.0717689724228593	6.280596877989081	66.07931547148904
0.07772163543646632	2.3395837329811724	66.17186918946
0.042621677491067315	3.1775033626763145	66.27185772728487
0.0846561707322328	2.240276344451907	66.1150860754157
0.09209048435118827	3.0203710221168634	66.19842083756348
0.1075722219111768	4.51767471221062	66.36221696367842
0.10293997600731326	2.987933604055755	66.15306263234706
0.07309997396156769	2.428402119500774	66.47849439500547
0.07193307739414637	3.5082239932511743	66.27368751953495
0.08848543004717525	2.164900807218562	66.20510966447887
0.06367026767589357	0.5988360402704175	66.1831013170534
0.08961744984747283	0.58719565406651	66.43570149722677
0.0790496345963258	4.55610278564788	66.2095171678407
0.09221419647941695	4.0540343224134565	66.20107177116098
0.08105643361035318	2.7310296339415303	66.28120207031365
0.08311671135703028	1.1134971305155192	66.80919186584423
0.09067257594599791	1.9219320421139348	66.57045492167201
0.08937678786214685	2.746201625561943	66.28066411664588
0.07797519224742186	2.126591761628177	66.13412271791603
0.08399897867107373	3.7470550014395605	66.25728660292526
0.08435728625610964	3.6102737962673044	66.20538010127
0.07883038268535426	4.7477329662915695	66.35097894560039
0.06439043277792109	3.649142623851988	66.34005447013055
0.08816805414639163	3.843293395142612	66.17545902096452
0.05555871359752861	3.359055154988444	66.45628553776207
0.05820866233886786	1.708160709535377	66.13620921345621
0.06312800014430793	2.3866043870827554	66.27662829062814
0.07403201499518748	1.8609035457948369	66.18519294998423
0.05942381802169824	1.6205425874185904	66.18173945612298
0.10173432735664494	2.7829248930954997	66.3839300587949
0.07183510442224217	2.2114459513309725	66.29141155538997
0.0936479373342415	1.8151794613669185	66.43597625586804
0.09800768755799957	1.8159913861482795	66.4120906099795
0.11389432589523285	0.07909418931951612	1.521095836066933	122.25738810691348	66.64642369655131
0.15357939115917024	0.06319878060459398	2.5725074620219597	147.17768208245974	66.21234552032429
0.06350443674350609	3.6441085095032353	66.36164835912675
0.07894605261494783	0.12872651792397866	3.7034144599979633	101.50075710911987	66.25212389852014
0.08574692420208381	1.7025759937447558	66.45075836589864
0.11226561794335772	3.733155278144545	66.36535096295978
0.06619219975725285	3.193673597504806	66.19589768340192
0.10872279666241037	2.235213964777962	66.2551768020543
0.09618995882241348	4.470564446567254	66.24406457892457
0.0706388872647649	2.5533735567055773	66.39226397378022
0.10257934582629519	3.770600809565036	66.19761314010938
0.07719495704015143	1.0644675909797618	66.65308481544179
0.1261051383175096	0.9478445536565803	66.65997803508125
0.09991963002465837	1.8510755483409298	66.2839246494919
0.09912799890498286	3.5153135374727134	66.36355807735093
0.07356343701108575	1.2449215534556006	66.64262134428733
0.08477209644327588	0.10965955494680862	1.5875468848551846	71.01344075352131	66.3354679894346
0.08942450989699008	4.334932841945863	66.2271540196132
0.08880182039422072	1.415687520457397	66.59306658319711
0.05779381364601412	4.884392594066571	66.09413422607977
0.07010447961378963	2.6772971310933733	66.49394159693409
0.09034517034036582	4.529050047601261	66.20617335151287
0.07253606237083024	3.259952613614266	66.17421050500018
0.09283021900516276	2.9251579900611655	66.225008663612
0.07838877488225929	5.555535798855197	66.17142983600137
0.08876259059944366	2.154000569926297	66.32628826254663
0.05850132559686953	0.9483753337136862	66.26480234144582
0.07787787051232518	2.6540830582660964	66.21537677969178
0.09963215200954367	2.4140965204928913	66.29711392747879
0.060819541067601894	3.4159528359492493	66.06827554481916
0.11834785424924733	1.4965682515434644	66.18699768467754
0.07811153234540433	2.8409550631288885	66.3171110594981
0.07823405589387042	3.910664747050362	66.22548001665788
0.07809837079481957	1.221173927063963	66.7298157719288
0.07538008991697509	0.9736073326008926	66.70453262420399
0.06475297642998652	2.1567347416165643	66.24561965378118
0.07579773490915147	2.2551784686489675	66.33205759508442
0.09167541414243872	2.7634212457174003	66.31104998447333
0.12530263039961778	2.898540935491126	66.1882520250958
0.0927275679560118	1.7354158278233494	66.57741520404603
0.09116726334491228	5.493319047855687	66.37302822841659
0.09478566544504143	5.84526423675972	66.25050669762724
0.0712331337183876	2.327343109327704	66.17796189471176
0.06412886960614549	2.796179420180657	66.22848982942281
0.11089678166074987	3.0743223230434733	66.30036860125837
0.08987372574296446	1.1270817231345365	66.18962927059363
0.09200085959037081	3.923135562784458	66.37242838203606
0.07168777547003073	3.9731754984340433	66.42130456407408
0.08682219079977671	3.4516853539379566	66.43673383054747
0.08859719845697597	5.768108449722714	66.32896944800879
0.07234553491810965	2.115974749256378	66.39200189519309
0.10091867343706508	1.9111879465238577	66.17931524201433
0.0805433805491703	1.0612708373572295	66.88333356524592
0.07446589102548166	4.727435966287766	66.31013306728963
0.07412184550938915	2.6302624158578274	66.26481832633773
0.07518352686501574	3.6548693527296714	66.3480000589781
0.09749236534743956	2.795423638186297	66.21445219128034
0.08059311938738105	4.529749643325093	66.16551564507314
0.08808367278300411	1.2542333799098897	66.5025730262068
0.06598114386392756	1.8373012025818476	66.27646250627961
0.0942183317056072	4.247495420872934	66.36167620339347
0.0879820096637985	2.898003151318448	66.34727026021801
0.09133442957101087	6.781412858240312	66.12185178422051
0.09776397411851422	2.8289787955134367	66.37772306099542
0.09302927842262626	1.9526309347976107	66.24455399692141
0.08293001137691912	2.804995178674654	66.14288287998555
0.07716735442268655	2.1490763543736433	66.33076844175005
0.06413293644937432	0.10745700751585469	0.79391793686071	130.40606856970166	67.0414861899454
0.07853644172556233	1.9805424576680648	66.3795539585483
0.07299162975718058	3.8492983083919268	66.12220917276836
0.09461666019568517	3.4639965216883404	66.17637350227179
0.0905417003089594	3.1605851390373947	66.24555183557807
0.07807967688287006	3.0663299410678606	66.35251202724804
0.09712514195775425	3.0049962400692687	66.15112996050695
0.0798001265169515	1.7646686545763632	66.73070730820858
0.0846096698142788	2.84534557797764	66.21408933389125
0.09692367389151982	1.8937369906236938	66.35825270475665
0.0715129964625321	2.016845551554534	66.47868796381024
0.08104530705817438	1.6529259422374414	66.66832358286268
0.09437457204549218	1.5051013311448393	66.3455573285817
0.059753417664878454	1.9701061931532546	66.2023906050714
0.06918687917262857	3.5331752701806325	66.2152389704195
0.056629130328271216	1.1443872813678746	66.43292521548103
0.1024069202597767	3.086278882936404	66.29229956925106
0.08407140843909934	4.181814564644304	66.22747271395941
0.09238956397908435	4.646657607861995	66.32852275779446
0.07627963321230559	3.4767271299128057	66.35615401888353
0.09510481806150753	2.151755079698348	66.29816908044347
0.11785716406540207	0.5959254841205294	66.5947991273228
0.09397510021313064	0.8236149374323214	66.74166507387095
0.07575406071231042	1.4246777080858601	66.77618303582042
0.06948680555631685	4.593051649488413	66.25101850380456
0.10528232589328496	4.620869244528921	66.22276171507714
0.09848008669663971	2.6169126854653526	66.12385340760028
0.09262387639541869	1.5195328650691227	66.59179088383853
0.11913484206254976	1.5081845706087718	66.49752643164335
0.10679687184473452	1.2653790583877227	66.27618290186749
0.09703562474411712	2.011554618244839	66.27475789330157
0.08623641202628145	1.2482316601624095	66.75453867663
0.06889722952162429	0.3360061243261258	66.74826286270518
0.08130467340541703	2.150537448459165	66.2029471455032
0.10302956277604274	3.7279672207904637	66.14161123891641
0.08979562849630333	2.091329255893319	66.43178834739587
0.06563820739757446	3.2447108093689625	66.32806086927259
0.0888305468825724	2.8857883465314345	66.30212816361201
0.05482138330041488	1.2892452237012444	66.48161320286033
0.08091611269884486	2.9212239506660365	66.32536508677525
0.07910071046805245	2.657418915464267	66.27886055872047
0.10827002937150389	2.1856796885643446	66.16958294853453
0.07949255769761718	1.9163239168578614	66.57317300697953
0.07742974327812928	2.4220475524555822	66.34630545841051
0.05776938522262217	3.2813412309113206	66.2746738435041
0.024991218038308737	0.08679534090942388	4.664252711458683	131.6756012004824	66.16961701606742
0.08419764413193073	4.617364483941992	66.06681482692314
0.11684919672023672	2.114063223512572	66.16571660070454
0.08446155266196925	6.019696454835427	66.18977501201752
0.06869465607032106	3.3210602547599533	66.2057235223187
0.09209435775581895	2.7836969321104217	66.18494484383025
0.06861087566395609	5.222980263816473	66.19827521203801
0.08079871185954683	6.546111385430822	66.19138795109
0.054487898750767004	3.874725564598103	66.36066407198173
0.04982297014725322	5.104004276793672	66.13356562599006
0.06496309245398521	2.2455335648321473	66.3873200345781
0.10994369946606036	1.1958401143679485	66.82213716966388
0.09352810113475551	3.253044831448457	66.24801191246014
0.08857902882086646	2.594090772014516	66.41015857636681
0.06960313917154119	5.176447476263026	66.21960042935613
0.08570174680056127	4.420572490203908	66.41178635231324
0.07338091847659749	4.163029571690773	66.27610890001408
0.049180382016464706	4.267508032782378	66.15844441611104
0.06367383181074783	1.4816684518315892	66.27122292560227
0.05764672794932535	4.7047773058714215	66.21478586011959
0.049744922103363814	1.7021232810980345	66.75582334167636
0.06939675192259455	1.4023176727325686	66.27755774799688
0.056726375305772285	4.26248379402272	66.22465035286541
0.04264166832399257	0.12737310606017493	4.2260325558167375	124.86382929795502	66.16923491727458
0.15539750705908745	0.09097816247309382	3.1210781294058627	151.28487837498025	66.1476448046873
0.0797334035461819	2.743352279515813	66.08845782549636
0.0521414580031688	2.774322918644925	66.18395567090091
0.09435366286691153	4.883566169584486	66.17167235725223
0.08437456899084904	2.0333336611061466	66.30330403572964
0.0757326450515135	1.6858088069988284	66.17353252885262
0.07250370610672083	1.3900371751515326	66.74062526694797
0.04872584619263059	1.0691387264435943	66.55216100636433
0.061437060114897156	1.0754099224580491	66.32112280338238
0.0823033702747259	0.9769043064045004	66.30219822599439
0.06172552612745199	1.4349186345036475	66.20330486147363
0.07225596724930464	2.027420707408208	66.56319488883327
0.06896890550872095	1.591123003517177	66.41274169963717
0.056464989398533755	3.9184869844720445	66.2045615330018
0.07428763014771189	4.982342430398996	66.11387914102731
0.07073944715165097	4.187631813066504	66.16061759995371
0.07288854313237518	1.4279853083378096	66.67508409643263
0.0528732073458945	1.7031247314430982	66.49089449272589
0.07123076376139595	1.8260830962519552	66.43630265588719
0.09061207326353089	2.0819545687989374	66.45883957093247
0.08320955628635555	3.0013047161620774	66.21950061924161
0.05317203326513818	3.3049184619332936	66.26239770805857
0.023796050484999116	0.08872979528773517	1.5627740234133412	126.07276879706586	66.33990093188311
0.037133411616718855	0.06258682420306894	3.581474657050709	148.0000633847667	66.24823903310633
0.10203788934961655	3.842326837164178	66.31963530312738
0.04916721690632865	2.521864183801401	66.19193697294666
0.055675119461377	0.07265870011088844	3.127212128323116	85.49707372897042	66.21323173070114
0.07661379871976864	2.748521582115418	66.33451876870318
0.08064429575370584	2.4278198132550273	66.40786119377783
0.08046479145170113	3.003906674549033	66.40155211948417
0.08316099537829633	1.9036877598714894	66.3989776291158
0.08901522390038909	2.2336416277129536	66.30303778816167
0.10051705255329262	2.3768395109281557	66.24226630838068
0.056944923308439	1.310720905716381	67.18792238892857
0.07465029743802269	1.9750107190057589	66.2252126878082
0.08636467919558986	2.897521728680881	66.12647080591447
0.09916157802733166	4.66566223492498	66.24918241039508
0.10886989033996908	5.50780078235648	66.2448317405219
0.06664579291856144	4.4267502195995005	66.17112831693626
0.06763716053867573	1.6365661999644692	66.59729365977496
0.03902904166064972	0.12177277138450508	1.7415845659092402	130.608140085829	66.35943095589957
0.07523075757249345	3.2751955463366773	66.1928779637546
0.07977356631502402	2.0295207937675914	66.3979810981307
0.09246278979288271	2.7060809600536233	66.25516318692678
0.08527060435877565	6.282234969177383	66.14188104252268
0.07572806063415644	1.929288969345809	66.5268246395803
0.10075340076859901	1.2712450354467286	66.26493841547772
0.10466500956962214	2.5894843781321373	66.27874583545952
0.14074983655833687	6.1025224803560345	66.16446496859913
0.08835262990277988	3.327872655878702	66.18496132979459
0.08950956235268015	2.6648717885357978	66.46275327158047
0.09091640545158707	2.917465283964772	66.48493122549816
0.07100225483665744	4.132398210175339	66.19405979021158
0.09170928771443757	3.826488261864356	66.17646865511674
0.07600370896377738	2.9362880303889494	66.14868776166699
0.07960927300134643	1.756811071312559	66.24930340288866
0.08282897697891874	1.1278896984694717	66.35540461187257
0.09438976478109244	1.860579394201899	66.14307772659798
0.0834897049926422	2.2647691611601966	66.31132062408899
0.05642427886721502	2.4684570066454983	66.33030539938736
0.0850227349044237	3.758456987191356	66.28726825006025
0.09282512143681455	1.8041199031614519	66.38951540265319
0.08745812311702379	2.2667531744321052	66.27256159533589
0.0880628355202531	5.015821510915673	66.35615567456536
0.10003406799603826	3.6156416701248704	66.28354783577
0.13417289823439188	1.6736935565377684	66.46032700584858
0.11009695233996107	2.6127696247760315	66.33005071430158
0.05447433385932871	3.2843833396854016	66.36682235327524
0.08692097175412239	2.0432339605904652	66.32455735002378
0.06135628656032628	3.7604352205681923	66.2467122907044
0.08961436496753497	5.263784612791001	66.22894017887525
0.07299234162397394	1.0139979520029954	66.82383719186066
0.06271875994123975	2.3334443720268943	66.41021524493623
0.08292095947449804	1.9510931619466854	66.4048060061293
0.09809281392671311	2.3874993188054816	66.16538583956293
0.09078542584302146	3.424373778716293	66.20335372159836
0.06291092614630261	1.8520917815919034	66.72104700525423
0.0854127027408759	1.1090542944527984	66.48782260840656
0.0785656545995813	4.815195854512389	66.37520338449124
0.06485298298190874	2.030206660130662	66.21309027385495
0.08453810201107857	1.9439312903207122	66.43151323454802
0.06994442943416408	2.233339283797829	66.106707858916
0.08245105186790065	1.970983991146159	66.20432014928997
0.15902681720961398	0.09895356745174853	3.676443898250086	109.53996421051814	66.33496490837042
0.08536731769891398	3.4311818617229664	66.30234598762162
0.09677145638004131	3.5001507255936395	66.26642809544225
0.0746028387696397	2.1999681225654815	66.49107248225036
0.0725431553356881	2.49451781172458	66.19604976919602
0.06452975290308507	3.0449873681026816	66.30638757822162
0.10053387431370389	2.7767380439779688	66.327284759728
0.10936178844023271	5.026835006078771	66.16187752275205
0.10512404486017	1.979799505654283	66.46033291197794
0.06395072229990637	2.2003226630229396	66.64061661242631
0.07788782497771853	1.5657195201722447	66.50002301587729
0.01706458554965687	0.08797412096966716	0.8536775648357228	125.1008909854696	66.96114995789887
0.05036821412733579	2.6600350650415683	66.25924178606611
0.0676769680366095	6.47048415529024	66.3065436767574
0.08061167170709096	3.126317423453824	66.19137623948572
0.10828788588526671	3.4705753252926903	66.33545440986363
0.09306683812045055	3.6228782461394986	66.34077755379792
0.0992234137684471	4.281350818318999	66.22731733254007
0.09436320885642194	3.044216124921949	66.19275164958911
0.06197139103290206	5.284924479443535	66.20060069702436
0.06539967954122174	3.239500259441693	66.21751897446866
0.07257405542619831	3.793895843477415	66.1792820751404
0.06570147401322848	1.7496211530102084	66.4192042836122
0.08493099168935264	3.494777899571995	66.28783245269467
0.3000050629236022	0.051868970753533535	1.7506166912897727	150.58919888334748	66.40440234070736
0.07206812169909275	1.8046931944714406	66.30566526065675
0.07146115897916534	5.285108933853599	66.26125393434478
0.0941929130995134	2.051604108909627	66.23121294848804
0.06407659748620695	2.706094142830156	66.55807742780534
0.07975054693390611	2.613439522648207	66.32955599422078
0.08520342453132702	1.2750151664230058	66.47510263482148
0.07978368449336225	2.8518128990312075	66.08554601305617
0.08879282204763951	3.2716886080443586	66.22094302016468
0.07427483747350329	2.563056061149909	66.33148925245759
0.06402223044252392	1.7261041253441627	66.36501608333268
0.09046599605704796	2.9027928854008924	66.37050018563396
0.09315306995788553	5.298655517980286	66.23766557522515
0.03881377504972182	6.077680038972242	66.2341649758959
0.043545780464143	0.07963367337187924	3.0986441711535053	131.53279645000603	66.18658920520609
0.0651549411070202	2.8291416220330254	66.29558238493347
0.07829697127095782	1.1365498430037972	66.64678752319975
0.07878401745916759	0.08573566110857138	7.314155569007974	83.56613192109427	66.18284709324871
0.08574979794765446	8.48831880480745	66.14878093178982
0.10704259274816741	7.834061126953888	66.18182081650284
0.11221140132584927	1.4789147676932224	66.19809606162494
0.08742947906552793	1.4051183285085922	66.31359972503854
0.08337761148238493	2.6508554689489827	66.29891846924127
0.07655733447417451	3.622837960038993	66.1845870738919
0.07654508694894123	4.20463457919261	66.21428930112258
0.09575652991980547	3.503314897238242	66.25661948619754
0.06098407019556538	2.4970684206986107	66.33630526549362
0.08112115005089107	1.570255755993241	66.40272446854539
0.09349847575906928	1.3842332407445785	66.1089107597563
0.0983957688546944	2.2588761884329838	66.24096506225847
0.07855684386587532	3.9000919885661394	66.37612635524007
0.10703988516685049	2.053075146338854	66.30016629078516
0.11408433151763567	2.9345760742157623	66.53431848632427
0.08830120844865931	1.7079932318637778	66.07635202104338
0.07079261816208456	2.061918106760099	66.35163066279347
0.06506754334629179	3.198833286447165	66.15951437344775
0.07097113572330294	3.700185680750607	66.26153468390237
0.06448657883143212	2.443026173086407	66.27649380492457
0.11655468906039566	3.1438463534362735	66.44025689474299
0.09786949287490866	3.892891882101487	66.12425687299117
0.06572791056362845	3.5844231663238455	66.37859623946918
0.08277915620825099	2.7296872504290977	66.17796791674529
0.1065797547410229	1.8884104769679508	66.18932347878271
0.07244666418489391	5.018152489960138	66.2195497866402
0.08498055766767923	6.646428227516552	66.09988384927844
0.08827099985028727	2.5173846530292927	66.26545198703113
0.11374436024468002	3.299369111357567	66.17093886356274
0.10963318570318487	3.6714702488544697	66.15440412444052
0.08634003537089678	3.520832392813835	66.1833598141418
0.09322009495480336	2.890022807569929	66.09831975121463
0.10385540290362058	2.72899622907771	66.22687501307696
0.07206935787947145	4.018463633366169	66.07430354470098
