0.48432191303518424
0.0672642953855176	0.2706547725897152	0.07014547714648678	86.43280586367239	81.53316879129716
0.060458049206277266	0.33114604755483906	0.07079957273659021	85.57690794282959	82.11019334983193
0.06397376870411735	0.3530683124149359	0.07257107915142391	85.59696261893674	81.87120679005965
0.06959678941030896	0.5236027548816923	0.07406815394489735	84.84866635983263	82.58664606368912
0.07087424144767655	0.3232887130582341	0.08889155924359819	84.91593587008784	82.62515694854869
0.05528473724069861	0.3961298112216302	0.06327360435414255	85.2791998065647	82.6689618450695
0.08153612173820222	0.43418907732970907	0.07678955866236907	85.2033099282676	82.73855816922274
0.0625090699713845	0.3794595853862834	0.07250355701376948	84.61141038198456	82.21031685597416
0.06421647104242584	0.6467911634898056	0.0782717602380275	84.93374223359703	82.78400190785881
0.07269750745298234	0.7815260201506553	0.08137304803115776	84.45732171075467	82.80315201173299
0.060354292480096626	0.6205235143847193	0.0725524942198885	84.45732171075467	82.80315201173299
0.0675293991613595	0.9670294940599546	0.07378051320086208	84.29192603488012	82.81682709048091
0.05849436281401173	0.7674385378351901	0.0771008424592097	84.29192603488012	82.81682709048091
0.06583446961368755	0.7672714280772527	0.06750864843272825	84.38717999016686	82.74707617414839
0.05472185317377787	0.8470847496347919	0.07246267988233933	84.38717999016686	82.74707617414839
0.07033781139156048	0.625565717939574	0.07698289931572669	84.52598615848446	82.71138840767239
0.10119376981910819	0.06305835339114407	0.5952194734096559	0.07476506960661615	152.418715517349	84.41659151201863	82.72014977998916
0.07995854911970829	0.8103156523078763	0.09888021008772174	84.62806949066496	82.89478878443511
0.07133743496401262	0.4764741962524814	0.07675723313790772	84.56533686402665	82.8327732152145
0.06475440454209964	0.8286599242033488	0.08568570547928579	84.33385151482737	82.81272807552054
0.062068779891526	0.7556025676891209	0.08198487399734776	84.33385151482737	82.81272807552054
0.06854610152920361	0.706863740446245	0.07354476471126913	84.48668104548625	82.7238062185939
0.048149794597526045	0.8819214886483544	0.09320336736009363	84.48668104548625	82.7238062185939
0.0640228940702189	0.701894269464374	0.08602264187006764	84.48668104548625	82.7238062185939
0.34399918864271223	0.04847213836615303	0.8685550690175851	0.07792926520122935	169.99411008106867	84.48668104548625	82.7238062185939
0.043873005965818196	0.6989712813839523	0.0829597015217265	84.48668104548625	82.7238062185939
0.06651053884582772	0.7680670499221076	0.06603046761867964	84.42456358976008	82.69317863664759
0.06979339414619404	0.9453851225710631	0.07837571217506728	84.42456358976008	82.69317863664759
0.06442584868419181	0.7384814146607436	0.07562485072657571	84.42456358976008	82.69317863664759
0.06895355359600504	0.8141260113931484	0.06812401264256177	84.3430838812857	82.76150268129932
0.07502591402070041	0.79147867004695	0.07688818333518299	84.3430838812857	82.76150268129932
0.05501441964280732	0.5609801519379702	0.07148662278129522	84.3430838812857	82.76150268129932
0.06216871846261097	0.8857404365353301	0.0735379825568901	84.27147872946658	82.76122056723237
0.052345854229158974	0.9092193551719843	0.08771094449723706	84.27147872946658	82.76122056723237
0.05727085254228221	1.0124130177946935	0.07517037175088975	84.27147872946658	82.76122056723237
0.07348375343549919	0.8816883970901134	0.06560639925374998	84.27147872946658	82.76122056723237
0.048486692077728634	0.09946384061022279	0.7348002113214588	0.06948886372258373	101.27373701604043	84.30595642140442	82.73885448765795
0.05675019637430743	0.9214947343491289	0.06998541366847115	84.39232361327724	82.73009822900413
0.12588922419633874	0.04804337390603096	0.7438562799862031	0.06959081712937655	181.66380208910513	84.54800612244212	82.6613801424355
0.06419623336093885	0.5818255681941474	0.0787407055933981	84.48545495039279	82.46676082643953
0.06364390179257423	0.6056509422202997	0.07036036282325296	84.48545495039279	82.46676082643953
0.05138319068091709	0.8707092526923407	0.07693619994610192	84.17399565361171	82.67588400609327
0.06001421650176346	0.8691151342276305	0.06482416522617773	84.17399565361171	82.67588400609327
0.0662881893455007	0.5568710497681157	0.07562685744069478	84.17399565361171	82.67588400609327
0.06394126929641322	0.8550310867497523	0.06599920073102354	84.17399565361171	82.67588400609327
0.06660572607404061	0.8497389740704975	0.04591048799891227	0.11954522244399574	84.17399565361171	82.67588400609327	73.3581164926362
0.052341306557194	0.7034486177705382	0.0723586094155367	84.17399565361171	82.67588400609327
0.06349761863439647	0.8833796940522496	0.06393680758428834	84.17399565361171	82.67588400609327
0.07210535479587256	0.6485730988854682	0.07852664574716842	84.17399565361171	82.67588400609327
0.08589773579703928	0.8018800483864601	0.07122213328200776	84.17399565361171	82.67588400609327
0.06442242923105085	0.775264079347867	0.07343844337822018	84.17399565361171	82.67588400609327
0.0594536905759406	0.7817596414710345	0.08136086112409352	84.17399565361171	82.67588400609327
0.08066941808064883	0.9616854897374949	0.08073361373775392	84.39231271721971	82.7075613215584
0.04302152702801309	0.8170002310750459	0.08594784366079442	84.39231271721971	82.7075613215584
0.05775164438391258	0.703533170049437	0.0834575641825738	84.39231271721971	82.7075613215584
0.062437262225072995	0.8723910287587286	0.08941581465385563	84.39231271721971	82.7075613215584
0.05598607797945741	0.824146560849043	0.07112000986120169	84.27987251252428	82.736775269278
0.058452280686012374	0.7661411675468783	0.07936379805126947	84.27987251252428	82.736775269278
0.06260162404677888	0.7485242009758325	0.06504867007944679	84.27987251252428	82.736775269278
0.05971277840012875	0.8770430451300593	0.08061513083054092	0.11146315560641551	84.27987251252428	82.736775269278	67.54070412198405
0.06562781990250237	0.8856515052325943	0.06683455236037857	83.97314218487821	82.84027644355449
0.05001081396592395	1.2808379411854784	0.06320336476699694	83.97314218487821	82.84027644355449
0.06297624274423129	0.7433147360068919	0.0754447370075813	84.01372215764997	82.86504576667603
0.060566265639036485	1.013464793524635	0.06691907986717477	84.01372215764997	82.86504576667603
0.0622470135531431	0.9952434280349264	0.0660852312228367	84.01372215764997	82.86504576667603
0.06019693964453751	0.9953390059355115	0.08159244387265281	83.93195909593068	82.8059803289179
0.07045987531837006	0.9121559233999368	0.07935993815679539	84.1477278094444	82.90423023053253
0.06338002735151205	0.7893729670051116	0.07441192227152987	84.12529329569304	82.80970276158648
0.062163875215223804	0.9044536989851002	0.0845827895323833	84.12529329569304	82.80970276158648
0.07173719664490916	1.204550933817193	0.07732689063540069	84.12529329569304	82.80970276158648
0.06151385794664804	0.9534390044025519	0.08369248120300023	84.12529329569304	82.80970276158648
0.046102879913715415	0.8170448822243752	0.08268072013739851	84.12529329569304	82.80970276158648
0.08908517642031889	0.06831642075740896	1.003240668047927	0.08452633060331892	143.2160114383757	84.30402011932956	82.81034629993806
0.05177629341533142	0.8410344164915684	0.06595871806996442	84.30402011932956	82.81034629993806
0.07116507720294683	1.0619461863189215	0.07592956643009872	84.39039415332607	82.90394155115003
0.049539930098408076	0.04661189066466783	0.8764098504720383	0.08907389698920973	160.64055349494575	84.39039415332607	82.90394155115003
0.053875548756964625	0.7959784232446112	0.07299621185158546	84.39039415332607	82.90394155115003
0.052347964603823335	0.6728869533391526	0.07593348093969124	84.39039415332607	82.90394155115003
0.05417120926888683	0.7432678579669377	0.08442321633645145	84.45694492021511	82.90701667795003
0.060654934306744956	0.8128165766607028	0.08583003426652812	84.45694492021511	82.90701667795003
0.06810812868065988	0.86556378260724	0.07046834527889836	84.40027396600968	82.89336598960391
0.0579717932419003	0.9192514589444146	0.09508233817684142	84.40027396600968	82.89336598960391
0.05180891381587969	1.046232728280958	0.08515261081539008	84.40027396600968	82.89336598960391
0.05752188427524414	0.9594882948575483	0.08545410730676749	84.40027396600968	82.89336598960391
0.05021974326960638	0.7266381376529427	0.07295259801498012	84.40027396600968	82.89336598960391
0.06490699236247242	1.0598788754632313	0.07797069541615174	84.40027396600968	82.89336598960391
0.05506071170754995	0.8396395182646096	0.078610533267272	84.40027396600968	82.89336598960391
0.056367085015929505	0.9023755700820466	0.08242252799396016	84.40027396600968	82.89336598960391
0.05235943612260767	1.1110901171508627	0.07530599039283119	84.40027396600968	82.89336598960391
0.06099322635236987	0.9448812116584454	0.0735296700351099	84.40027396600968	82.89336598960391
0.08140602825284883	1.026115019236833	0.0720243280415279	84.40027396600968	82.89336598960391
0.0568479727320357	0.9751089321694697	0.06504442820248091	84.40027396600968	82.89336598960391
0.06241699050209882	0.8958437334876292	0.07555563672229698	84.40027396600968	82.89336598960391
0.05432236175633059	0.925249164714798	0.0817036569252884	84.40027396600968	82.89336598960391
0.05541956288755763	0.8914797621778418	0.07186029445691754	84.40027396600968	82.89336598960391
0.040102823658254176	0.9139476406767006	0.07877656537788767	84.41112557025099	82.89191647020287
0.044017565204571216	0.9251300126617539	0.09030927939779076	84.41112557025099	82.89191647020287
0.05297416270642812	0.8990001414890896	0.08513985249962774	84.41112557025099	82.89191647020287
0.05347575503572886	0.95717796529016	0.0732339610987187	84.68847828818289	82.85925742361816
0.05011012206804694	0.9290029599020332	0.0689857953520373	84.68847828818289	82.85925742361816
0.06526426078581862	0.9403222690553437	0.07480068665615304	84.68847828818289	82.85925742361816
0.05309993011198569	0.8273992223067385	0.06321020755886995	84.58438406327035	82.80856805810578
0.04035041090548291	0.6651276188110724	0.07056213118918842	84.72806195154182	82.72086414870031
0.06402434402764595	0.8991687623449206	0.08044781315959854	84.61491169415204	82.68323803152288
0.049090090584550015	0.8579165530161503	0.06883643822058155	84.60016947075215	82.74779680294569
0.05703784305513972	0.8842095971724974	0.0688304009653488	84.75480396743323	82.81598077181808
0.7955905956481555	0.05392901525335705	0.711440398772397	0.09084686684965035	187.4068010267201	84.92293405815639	82.86863229388972
0.23740257562355474	0.05198685267630434	0.879150089214731	0.07049173843187707	187.4068010267201	84.92293405815639	82.86863229388972
0.05244304172234101	0.9591829359568762	0.06633853103035972	84.92293405815639	82.86863229388972
0.06757759149622558	0.6898449793252577	0.06709028820427698	84.92293405815639	82.86863229388972
0.057137241953526756	0.6721961658216132	0.07267962716762817	85.20077146585238	82.76852537380233
0.051079853375141274	0.5828506703640159	0.07366189360951933	85.20077146585238	82.76852537380233
0.06045146744832438	0.7252836890571138	0.07859125488039033	85.0540811669023	82.76055107114294
0.06662212825129687	0.6607173097152805	0.07375790898310897	85.0540811669023	82.76055107114294
0.054595137535164366	0.5334328772814434	0.08826611212516094	85.0540811669023	82.76055107114294
0.04359685123184126	0.7191753782584254	0.07437278751819629	85.0540811669023	82.76055107114294
0.06150761341611906	0.6881195315705085	0.06524779187677425	85.16233818338866	82.7190521758274
0.05897316607331741	0.7922423887976592	0.07790055977213192	85.28091652893896	82.74111335094446
0.05216532209814476	0.8412921271914076	0.0823689272210839	85.02908580198974	82.75091163267417
0.05282303383884635	0.8048701694809947	0.08026234985839842	84.87957219670515	82.71211445646406
0.06975335532264622	0.6180502566488677	0.0840656454136141	85.15752541337659	82.73045045564487
0.05508651150579321	0.7328820674269022	0.08256480189233117	84.93799646717518	82.74522672121141
0.05117854600163042	0.05036339340754335	0.7482831471176818	0.06971224005145764	109.41695018564253	84.93799646717518	82.74522672121141
0.049094407763505606	0.833564467723388	0.07888122014195084	84.93799646717518	82.74522672121141
0.05101405228429437	0.6220530370837482	0.06219843964902459	85.23770082681582	82.7441027566816
0.05462732923612832	0.5827843334663991	0.06517032984332177	85.54436746117912	82.542038300186
0.05927554821018383	0.4682838468746102	0.07906279379148842	85.51412790168449	82.4258272632221
0.06400336355403628	0.5112532841584592	0.08294129042336297	85.37987014565796	82.37786634177127
0.06536721255798753	0.5559197006053347	0.08351138118201151	85.48594920099775	82.3439766644838
0.051401422922601775	0.5168350302949714	0.06867104336348895	85.48594920099775	82.3439766644838
0.05053005341042565	0.6348781228311541	0.07524810906122142	84.98339097957188	82.7139832140164
0.05686926451724537	0.6152950994523008	0.06729847528663904	84.98339097957188	82.7139832140164
0.06013778391565144	0.6801384884347855	0.07089454183312935	84.7680538946908	82.5543331149448
0.05026387865899375	0.8223172488358869	0.06734535459533293	84.7680538946908	82.5543331149448
0.05656555473610794	0.7622510498191409	0.05986150043350976	84.7680538946908	82.5543331149448
0.06364780201221393	0.619643456801614	0.06882236223922679	84.7680538946908	82.5543331149448
0.054133057343674136	0.6919634486995292	0.07131299049069638	84.7680538946908	82.5543331149448
0.05747521526248151	0.6056006309946063	0.06505574082953221	84.85220993969659	82.87909874521182
0.049002138845827936	0.8713952632030568	0.08239420586857225	84.83475129065566	82.87791511465905
0.05019602072876366	0.7369717923233473	0.07696990299190737	84.83475129065566	82.87791511465905
0.0612041246169845	0.9256056003496197	0.09306963453283836	84.58528255602452	83.03233074299386
0.04420165424292697	1.0404404978652162	0.08033139095189787	84.58528255602452	83.03233074299386
0.06037265036398216	0.699088830914498	0.09099595392165429	84.77059392945898	83.06094838814916
0.04330417501571818	0.9814737064210807	0.08359607633467765	84.77059392945898	83.06094838814916
0.047190050536104484	0.8422598945241724	0.08804645749256744	84.77059392945898	83.06094838814916
0.05487916426414955	1.0706406704164124	0.07593974218682002	84.57056296843885	83.18014339710248
0.0482661364408497	1.0606386019425837	0.07119807441327483	84.50653772489466	83.19158246170016
0.05639903745228737	0.9017777002499178	0.07354047849754475	84.72348290485563	83.19305176403184
0.07196307181884917	1.0058177175409322	0.08701004424315609	84.72348290485563	83.19305176403184
0.050293937326966055	1.0464449574890435	0.08715819442375959	84.72348290485563	83.19305176403184
0.04302302460345673	0.9950304867617231	0.07597302046230478	84.75424217870082	83.14917162346025
0.050556305521930515	0.7531536409791433	0.08011068035863836	84.75424217870082	83.14917162346025
0.04811681748054829	0.9637417149719213	0.08326682966009955	84.92186350767936	83.12398616446164
0.06346722611727525	0.8896962498967157	0.0951088606617449	85.02173811222015	83.05102387216509
0.055984644598194966	0.9781091526429628	0.07463720353267675	85.02173811222015	83.05102387216509
0.045681582157832835	0.7423640958819278	0.08642987269175492	85.08860960164807	83.0457191832886
0.059814732744946836	0.6288820590917242	0.08330974939451119	85.5756407260705	83.0157919352474
0.046124980890593525	0.6021229451840081	0.08241174365336801	85.61842886467501	82.84290099711272
0.04770450477899574	0.49795614997644483	0.07692998640057283	85.66951611743517	82.7830153638099
0.05800483944498678	0.5076259073161558	0.07794396713839132	85.2137910948209	82.54862337716735
0.05728521381617046	0.7610543637581512	0.06866518945094306	85.03741213768978	82.8001422937695
0.06417015098577754	0.7884157650044095	0.07570365474917712	85.18746356112425	82.76407306856315
0.06660437952416116	0.6205066532841151	0.0760467686514821	84.80312715427198	82.51238813681925
0.041614120018705306	0.8851861149345627	0.07081200878887113	84.78248741757281	82.52763508551841
0.018608524937814324	0.04378568436653361	0.7670636962500347	0.06685241088089018	176.41386694750022	84.78248741757281	82.52763508551841
0.05768854670512842	0.6742494877719734	0.08170113198553558	84.73353640471088	82.54979952750905
0.040355457182519455	0.8131188079886215	0.06261468888692388	84.73353640471088	82.54979952750905
0.044561845358738146	0.7191296469951404	0.07532788559669389	85.10226027977227	82.54553110407282
0.04284683291939606	0.6020737180251651	0.07134511764356687	85.80457457451165	82.82160445540183
0.05328558578682015	0.5112938694927449	0.06999443597421526	86.0032916107828	82.76403284937159
0.053783891043661866	0.6143652546035065	0.0756031030590149	85.91822199269942	82.8055507327013
0.05972215499902387	0.5266307083344081	0.07926569660873467	86.37751456426959	82.81225016293936
0.04090404293203754	0.4949817519506722	0.08775137896748618	86.01974473932832	82.78732756010731
0.06117694646386279	0.6443111360368209	0.062647846351702	85.7364416781357	82.87016845357525
0.0478552669234897	0.609631568523634	0.08221515571905744	85.24095060139246	82.94011877521743
0.06362221760147131	0.5615967917167282	0.0687391552108108	85.82919586503355	82.88760278966951
0.06850591473105648	0.5854142439376642	0.07426535182555727	85.62638021525082	82.92416925106154
0.05324891171972451	0.5503150689242216	0.06513487915721704	85.66254943937473	82.67636587021903
0.059289052615776716	0.511329185796477	0.08442395730077054	85.73275892179393	82.78195239710568
0.04664902544268233	0.5267435662528595	0.07839893915484525	85.4576891408415	82.79264374178157
0.046823140679635195	0.6415106067487525	0.07856775574265053	85.11946639712008	82.90182693186938
0.05091273234453148	0.6898615258681292	0.07197181807560318	85.28810752898377	82.9039268716063
0.04270955438150375	0.5760838131906412	0.07762967619459152	85.59974421741578	82.90092106890391
0.049948018223128096	0.5970554244961231	0.08096221934061017	85.53940725748903	82.74061132062454
0.06454659169370874	0.5785435678285061	0.07990694881434239	85.4145201934075	82.80652725499877
0.043781776083442824	0.6040939394524791	0.07635886971778102	85.64063290485613	82.97058239191284
0.05375627758555141	0.4991687770995328	0.0741808097643171	85.90203598926956	82.99043350777464
0.05011631529929459	0.47528182478694075	0.06416868016553261	87.11477342983271	82.33046722694881
0.05359496329395124	0.45521125205650637	0.07796577532956839	86.53542853651336	82.73342757418483
0.051830738709373964	0.4967027100097799	0.07912003166350755	86.75728798852741	82.77091770343809
0.049996989478838634	0.41662738077367956	0.07366723219692059	87.10277635692752	82.58049577966219
0.049421486595721674	0.4383854564246431	0.07121981512011213	87.00073928832754	82.79604013119382
0.058619869604807945	0.48527149652534474	0.07959956518932176	86.97045831205637	82.76915337023338
0.04243507849484972	0.5159234148352236	0.06719451227535393	86.93037570268366	82.6147758160984
0.047861681815432176	0.4690974790978713	0.07578986934497296	87.52426476877551	82.66278777223746
0.05728414240883508	0.4201979885505699	0.08014223667705417	86.51983767025934	82.837948816721
0.05843561258588888	0.5120895114127082	0.08167796047127371	86.26100114034404	82.8936667118644
0.05347842109426491	0.6201376035106224	0.08700769867901023	86.74688206123085	82.87430402650162
0.05349685153176721	0.4823768652058395	0.08259204729936441	86.6459077594757	82.64271775236998
0.057215311692908	0.5139851727508892	0.0807824698280518	86.27687649361857	82.3866422932484
0.05056735230707183	0.6272717593275342	0.07735664935125058	86.14979178408893	82.7731865576223
0.03962323638009472	0.4782922540986518	0.07909586290284465	86.37674044966779	82.74390019099218
0.07190265629490836	0.5750946562570552	0.07893425185896215	86.09410353581102	82.77397429224204
0.04136477577078992	0.5084687902829317	0.08037886185957849	85.88790872884795	82.81239434167274
0.045711547681218594	0.5887887890875285	0.08691220580373725	85.42792501673438	82.74714433607095
0.053714313388091635	0.5258386750923038	0.08313844207565421	85.54583166106634	82.718746320317
0.05325605442657943	0.642266187789291	0.08175816701238584	85.67338053024696	82.77319833442735
0.04926761226541601	0.5247874485241564	0.07688659233692861	85.84328361569823	82.66335721878997
0.048100114724243956	0.5084105176047564	0.07298850995591517	85.46420394640474	82.4405816653564
0.0550297830114289	0.5167547815785241	0.06490773060534386	85.69169858468828	82.4097875697411
0.05548659985197997	0.430538004842761	0.06962256053076973	85.73469872244912	82.34975902419922
0.1931960489212554	0.04062740968806907	0.7143851466656383	0.0771035344228828	150.0013114801965	85.73973444744048	82.3920275868251
0.04855256142068328	0.5325103557819869	0.08359785273871878	85.69976078906281	82.61055534801197
0.05733164121742837	0.6178368272408642	0.08532342384532916	85.32824340236944	82.54880221114358
0.056512435827788254	0.647378993553444	0.07734603837087818	85.61088686459297	82.74487301414018
0.03687622921885187	0.049053821677588004	0.5302474223598489	0.08355834364741334	157.27289751922854	85.68302550310034	82.7470423551896
0.05391510255192737	0.6080922175210225	0.08114281905212344	85.87362058270867	82.76937494453107
0.04789490562551368	0.6220076233317863	0.06748212970390689	85.84281218712027	82.76777354753024
0.06417621530019171	0.601791187178269	0.06944824198259202	85.57906207319478	82.69705903753778
0.15314894472032684	0.03995768456435949	0.6852536599126037	0.06528312065543727	183.5121208419204	85.20613252205888	82.93539475458432
0.07001629193434959	0.6507372471827175	0.08205210010374606	85.42006217310151	82.8369804330709
0.04657583187152363	0.8398988716054993	0.06744622022381784	0.08158908642306267	85.23845113222964	82.81652230858383	72.95111251729023
0.05303420264469191	0.6809799263420501	0.07823301165999291	85.60941151999016	82.79467287169021
0.03848468647014272	0.7061823276999418	0.0817738360580474	85.44249991175646	82.84519567959774
0.04091868066620531	0.6511199634729008	0.06931037155370595	85.59088154580513	82.84271774869472
0.04444464475847273	0.7668314951557987	0.07456628094040436	85.1246247574796	82.76049560453487
0.05083811793339379	0.7924522775994339	0.07820332922293738	85.3025981837966	82.82358743776518
0.05049762927531206	0.7079864752167803	0.08311620975291474	85.24895807638357	82.84359344109896
0.04901574968797889	0.8454429110440143	0.07914233977883653	84.94088928577597	82.79488588234688
0.05185490923970176	0.7871124745203112	0.0806191039390388	84.94088928577597	82.79488588234688
0.04657612706221953	0.7039015678870814	0.07565932818427576	85.17743593347457	82.85723919677874
0.06307158011699138	0.8768484390321317	0.07423940326037475	85.24554196076285	82.85891945554442
0.06428843469234778	0.6564845453395277	0.08248349828536745	85.29264545304589	82.65176786762598
0.06878848641045736	0.724380283429463	0.0778114870613483	85.0614965982637	82.80314086348484
0.05512528762889353	0.6503273933816616	0.06769434099676361	84.73805228223232	82.72515670376912
0.04214407095926495	0.7521438750755287	0.07168986279143845	84.55234174217814	82.74127660871784
0.046579693851057084	0.8565467513844502	0.07205319038235787	84.62764145860925	82.91426711310292
0.048046416874103305	1.1510579679100899	0.0787767886907379	84.57517754341107	82.89131857828043
0.05349275620919279	1.1231035490645678	0.08731798363970986	84.35205528073462	82.91870151096569
0.05511421385596847	1.3924130677313173	0.07944383266590606	84.35205528073462	82.91870151096569
0.057782249071348206	1.0932474549606765	0.07770387581380525	84.21266105563218	82.90831095112505
0.05709781627670788	1.0442058168237203	0.0828016199063196	84.21266105563218	82.90831095112505
0.039041404425729814	1.1588060785000165	0.07075263375402374	84.17444146389727	82.9499218875355
0.05532440289330084	1.2127248758770783	0.08839782554273952	84.07643967975335	82.88763417951645
0.04647864174432121	1.3808069817126507	0.08705735351138544	84.15212286463928	82.90297072467058
0.045195468538658905	1.2358936003814462	0.06913005523298629	84.15212286463928	82.90297072467058
0.0639172584928126	1.2836042517190658	0.0788154064399837	84.59241167074856	82.91651924524975
0.05436740713502924	0.935699254454702	0.05755741272806391	84.59241167074856	82.91651924524975
0.05885340281228647	0.915585881373963	0.06691910435373065	84.59241167074856	82.91651924524975
0.04659581318664262	1.046434424530046	0.07460944510954183	84.59241167074856	82.91651924524975
0.05999225485466632	1.036638276814017	0.07768752520974427	84.59241167074856	82.91651924524975
0.04668322675146827	1.1207926718759917	0.07951416468252129	84.53746638844748	82.92607980922162
0.04301183306212726	1.0664223447478867	0.08106841529962097	84.53746638844748	82.92607980922162
0.018458869472687142	0.05307443401238652	1.2102480229925199	0.07732180094915415	182.15230879474103	84.39822985306976	82.92520547299362
0.050830700943190116	1.00785848115327	0.0672911827443557	84.39822985306976	82.92520547299362
0.05680758569473465	1.2300396565069165	0.08620880390062484	84.39984629466852	82.93250466729104
0.05299791337938611	1.110169058347589	0.079715515567371	84.39984629466852	82.93250466729104
0.05028586974956071	1.0340258103290716	0.08339670897139428	84.42942437508279	82.86277970494135
0.05006693150626168	0.9001451524360512	0.07860974464404527	84.42942437508279	82.86277970494135
0.046601253005766785	0.7726721145964537	0.0772575646743262	84.7229789477162	82.87939656524138
0.061364069253269676	0.7886469885102031	0.07024510098652594	84.27185587764104	82.66584498000819
0.05435071020994779	0.9130381999788532	0.07029903419836163	0.10167026638656176	84.27185587764104	82.66584498000819	73.7186454671174
0.04579186849595135	1.0352292571492363	0.07483322394159202	84.24829218540606	82.79669014265251
0.05816068449276604	1.0678257201691406	0.07673348685217048	84.24829218540606	82.79669014265251
0.05450547432435971	1.2978135305719702	0.07709049588998663	84.18220747221305	82.78835468116249
0.04910512069035743	1.1729801578042158	0.07150939258106703	84.2219752370191	82.8457879958815
0.06607711585889642	1.0655402081324297	0.09366093433458582	84.19106863807501	82.82304392337444
0.03852475228918304	1.1617317707182706	0.07827858080095502	84.19106863807501	82.82304392337444
0.06486339516550588	1.1865703089397315	0.08266657580345049	84.49403483953556	82.7451505040059
0.06056712719762363	0.7148728431087269	0.07207664559635292	84.55436011743545	82.70334366411
0.06097464794459912	0.871801996820998	0.07101981428573582	84.6610095223586	82.6835642435185
0.06049418694703768	0.6914647343432805	0.07566276765708205	85.11710354567948	82.67226496130023
0.044317840960341	0.6770259696083877	0.06368455871187646	85.22108335004833	82.59623942292673
0.0520500356617849	0.6160890739869387	0.06555347426151972	85.22108335004833	82.59623942292673
0.07114798663210554	0.777825390302402	0.07472709522797795	85.32869737728487	82.62168939576624
0.04924229997836654	0.7375322684287176	0.07871833459460663	84.66975886384913	82.71772694299126
0.055582632335730006	0.8454095062462402	0.08647016499948615	84.76919703028635	82.76453539854316
0.05602176401968603	0.6946883600159959	0.08434154519845245	84.76919703028635	82.76453539854316
0.04793757955155956	0.5124388391066049	0.06997337345965264	84.94625685468542	82.68138189166076
0.05492798845123881	0.64526241441944	0.0743916460513092	84.94625685468542	82.68138189166076
0.05920377456967794	0.7099929977581838	0.0679192250151782	84.94625685468542	82.68138189166076
0.050585925699222226	0.8015873232164474	0.06709814477385044	84.94625685468542	82.68138189166076
0.04669690192278142	0.6212791868175243	0.07892568567623294	85.29145364422291	82.39016620443714
0.06812905586959689	0.6288507333863925	0.08118834409365919	85.91420669290599	82.54462717758318
0.0477445376718601	0.6528920273106227	0.08299876735229478	85.71304227139595	82.52993670805654
0.04309507632691377	0.6352748424295308	0.07307674592373498	85.65543317959802	82.48083483115438
0.0725710044415832	0.7245545044019858	0.06789046318865967	85.82235121198772	82.38520791545247
0.05157991849061537	0.5932455172511989	0.06786121327950034	85.82235121198772	82.38520791545247
0.03881277554241223	0.6114070050143459	0.0793315366462159	85.47558838491123	82.28260814690009
0.045618642629121124	0.6369094251216377	0.09285223238769585	85.24726523080575	82.10728056994746
0.05071353985490047	0.4505016154447652	0.08600665119335155	85.45349553653732	81.91162888939205
0.04863065630834118	0.4981900347594677	0.0699026423601574	84.99196398357356	82.2430534693587
0.05196894709671176	0.560078082422848	0.08175860074660983	84.95513112189501	82.24067935700108
0.06002468131310488	0.6069865663988435	0.07073507958369527	85.21329359526382	82.43106894344542
0.03567632727936485	0.6740995858039193	0.09449343971674001	85.09698950587536	82.64238075892905
0.046988088319370895	0.7456164112747806	0.08891361478861998	85.20888802038834	82.75821586490596
0.057960548512325835	0.9470947173418695	0.08511101120872427	85.11863488347674	82.73165858538538
0.06456349900750638	0.6760475613078886	0.06365561998181343	85.11863488347674	82.73165858538538
0.058037801470381206	0.814393216718616	0.07537593308889617	84.99201899402439	82.75044435554966
0.057065763243774825	0.7532366992419263	0.08819928544126897	84.75109739092403	82.75597888435215
0.055710389708199866	0.717574257618619	0.09298246419189637	84.83759209504511	82.7319369625823
0.04722012662368261	0.6233228689442445	0.08212624430954069	85.04578295269759	82.69758343090194
0.055491553327047055	0.7216245036204283	0.07335765626942839	85.04578295269759	82.69758343090194
0.056399155611138334	0.7316071269877695	0.08217255916866982	85.05260707273722	82.68947859788041
0.05546797030958195	0.9175836208760826	0.07427975047842364	84.17107837037122	82.62053696605777
0.0651115365471456	0.9518683488340988	0.08954881515469643	83.86168346129217	82.80791975112055
0.05144048703015867	1.1852699963150444	0.08086179206317344	83.86168346129217	82.80791975112055
0.0539320140435546	1.1059514042549952	0.07603320969700528	84.23167191642156	82.70612297769202
0.05940601574295376	0.8903589282410953	0.08191116344677957	84.37398711940746	82.7014419278666
0.05678132390499913	0.9494376707889588	0.09305591037168044	84.34698430648024	82.72085298269222
0.009237510152310164	0.06575408160859969	0.8546901461464873	0.07583376357492583	185.3727687510161	84.33543265947367	82.65468702022635
0.06317946173169889	1.014439816418786	0.08020682132616383	84.33543265947367	82.65468702022635
0.05233890988772039	0.9755744147482729	0.075784387753529	84.33543265947367	82.65468702022635
0.07575678620827338	0.9351704254765746	0.08218927793006886	84.55800241482048	82.67775767268208
0.048437529318428534	0.9653997311404093	0.08324779315880158	84.54579743251551	82.72781525368606
0.06256816892556633	1.1441289584048566	0.07071486199571196	84.54579743251551	82.72781525368606
0.04975812373146827	0.7874140411833752	0.07965078576262255	84.62037747445476	82.74441545466674
0.06197195420063936	0.7510794610345217	0.086468800298555	84.59707595198353	82.68239030233
0.07765498648647874	0.9048569363348055	0.07998644140465677	84.34278347605287	82.93744144257974
0.05754780552323235	0.9687805924322592	0.07231778002655442	84.34278347605287	82.93744144257974
0.05210822264005489	1.1026764344247049	0.07838665155789674	84.34278347605287	82.93744144257974
0.056372281052102576	1.1663146269948885	0.06844006247699953	84.34278347605287	82.93744144257974
0.049817341520632524	1.024135129808536	0.07906732309424072	84.34278347605287	82.93744144257974
0.04854894876413417	0.9823469638354562	0.07067844984658328	84.34278347605287	82.93744144257974
0.0624448723991708	1.182813418635843	0.09133909678601676	84.34278347605287	82.93744144257974
0.044756956809646316	1.0330367730338634	0.07781376781012635	84.34999681195417	82.93459633907622
0.058432667673816815	1.0493259368759504	0.0770205064890325	84.34999681195417	82.93459633907622
0.06931698569221716	1.0580807863254238	0.09044282324711536	84.34999681195417	82.93459633907622
0.06932083756527244	1.0041136212242283	0.08061238439330075	84.41695606892993	82.91937392553258
0.05748411477754729	1.1421613314748735	0.06067113547944416	84.48907075865485	82.99752577501596
0.06162546403262115	0.9368494820824537	0.07083286909459335	84.46023288417054	82.97682780085886
0.053322226728059675	1.1657478000708417	0.07618297745075941	84.61354025972251	82.9773093181784
0.0538748263275223	1.082221840840912	0.07067861575939773	84.61354025972251	82.9773093181784
0.05921175365357319	0.05975681044560834	1.0971641231875733	0.07450165785410948	91.47845801983476	84.72041221710762	82.95737903349745
0.04259237736636883	0.7930064169193276	0.06738730071370774	84.72041221710762	82.95737903349745
0.06311982388108407	0.8399417750982057	0.07610023803500122	84.72041221710762	82.95737903349745
0.04749863436090845	0.9101631841484971	0.08220157282305054	84.80880836861574	82.93025588677757
0.047486153533975194	0.7942407904235489	0.06298284857150191	84.80880836861574	82.93025588677757
0.04691610818727948	0.840704174057946	0.05897517066924801	84.80880836861574	82.93025588677757
0.059601862558036	0.828097983374264	0.07232769378517864	84.7922730695257	82.91430039958442
0.051280417907776904	0.8599487073692572	0.08960887582856768	84.80878302994407	82.92773153794802
0.04414119024693774	0.8099943577536171	0.07567490609857838	84.96486956876035	82.86437881699827
0.061037862869947446	0.7421190390094432	0.08004758110500698	85.06679832614266	82.83012471770166
0.05409324517430871	0.8123514710805986	0.08446139685827057	84.77194983866592	82.87723913978375
0.04860871982241993	0.7929728171259738	0.0615453493742643	84.665817551261	82.75975286769156
0.060002021378222824	0.7009022418201137	0.0824726069523304	84.665817551261	82.75975286769156
0.03755107720988867	0.6784596585786548	0.07524194307524151	84.90819162621322	82.75643396594806
0.05594879914746563	0.699496847837348	0.0788997453877674	84.8461977290355	82.72144097952592
0.056155490526961116	0.9124680541133318	0.08218881156445275	84.4927681838255	82.70450158348046
0.04439266615744374	0.7521688872866781	0.07491588516693591	84.4927681838255	82.70450158348046
0.045420138417249525	0.8929474778573461	0.09208106505810901	84.32911872395321	82.77952863709478
0.06523050684141532	1.09858376551148	0.08047739349670972	84.023443247522	82.76432610016904
0.05398649878636497	1.0100634307921812	0.07863773874423634	84.023443247522	82.76432610016904
0.1406191973097989	0.04575343153959066	1.0623671682555427	0.06772320712218927	178.13581311378607	84.11157104359889	82.74872566486675
0.05551847204773216	1.4174835824788177	0.07314153512818902	84.13420069632643	82.8224531385948
0.07109956827829537	1.0856257270159855	0.08494982556281505	84.13420069632643	82.8224531385948
0.05144150375999167	1.0807235693769144	0.08730839032858395	84.17223370730854	82.80262272870576
0.0546952082081633	1.0141560803043168	0.07266378495373284	84.16488857614176	82.7567538688714
0.05676197451835597	1.122512466766524	0.07847421749685626	84.15932797389111	82.72406218029464
0.05895395078555511	1.3680019185795216	0.07833212037238876	84.15932797389111	82.72406218029464
0.04469241752850473	1.3224126288406493	0.06500382453720087	84.14283555609482	82.75939131955862
0.054506263529975105	1.131162814931559	0.07481770837668344	84.27739760415206	82.78556166074021
0.10350124780950798	0.05479974165929376	0.9041949572179112	0.07807487879936935	171.60208707281896	84.25106983813238	82.7974700832104
0.05517510252843881	1.016155206087002	0.07842081919911231	84.11877359885527	82.80616104548888
0.04537449551711614	1.1668089870716973	0.08923104608222183	84.11877359885527	82.80616104548888
0.04245708371334044	1.3380269560447138	0.07266373759515328	84.11877359885527	82.80616104548888
0.053181363887786985	1.3394390192896743	0.06490818724767443	84.11877359885527	82.80616104548888
0.04833785993401729	1.425246387798433	0.07719102340060774	84.11877359885527	82.80616104548888
0.04602560309821924	1.1036754135672633	0.08082974646685952	84.19405440648632	82.83322079528774
0.057963492359680985	1.2745142156115112	0.06704461210842236	84.19405440648632	82.83322079528774
0.05514705840764108	1.5369238596848114	0.08113474717830371	84.24891830832374	82.77630701061356
0.06018000681215325	1.0878188653921845	0.09134346375666355	84.24891830832374	82.77630701061356
0.05152745911032697	1.2787609614477657	0.07581323927775727	84.27241364717104	82.76499453270452
0.049162465990892475	1.018156238787717	0.07257699698427708	84.27241364717104	82.76499453270452
0.049308557177724394	1.3164481758544524	0.07831637279750192	84.21671690256635	82.78946094969643
0.05643585491208722	1.1662437228125742	0.09429996795425699	84.29131545677429	82.79333726393865
0.05790544344370597	0.872556970341752	0.09105052671898291	84.26730438535142	82.77103746075329
0.04764906760749678	1.2632813208174047	0.07274833813860897	84.59329302706965	82.82424635391504
0.05592728366594766	0.9296711522624052	0.0785362583420272	84.59329302706965	82.82424635391504
0.03565508092414859	1.034182726627071	0.060415944463287234	84.5436641336891	82.83601722389966
0.05366177213048855	1.0369675000772043	0.07492869471697539	84.5436641336891	82.83601722389966
0.05713647013199608	1.092371161677116	0.07711142138083849	84.73451519302779	82.80902145343345
0.035502012807426576	0.9158807731668267	0.06654089112119266	84.73451519302779	82.80902145343345
0.05013649540822387	1.0119062938699852	0.07215022908223787	84.58403549778903	82.86075836201613
0.05700199502726205	0.957714514119	0.07835858957182923	84.56093613130369	82.82907037990728
0.05398927843880157	1.0974391719672665	0.0892098385591548	84.6927621769289	82.84957686360818
0.04689741639217517	1.1512670116385681	0.08102494255892004	84.6927621769289	82.84957686360818
0.04686558745259442	1.038236296802676	0.06891274711180469	84.5124752984393	82.88295994921847
0.03738232792073094	1.1008498314107213	0.08769177891962181	84.5124752984393	82.88295994921847
0.05465157832962079	1.170849295540195	0.08224079150858027	84.5124752984393	82.88295994921847
0.04165943157143708	1.2291049079078797	0.06752791327694892	84.99250642723489	82.76137020545528
0.04926326410625292	0.9175633356183708	0.0661272925301279	84.99250642723489	82.76137020545528
0.054919337359437714	0.9446332544886885	0.06883174925224808	84.44465630007949	82.73785725176069
0.06144588324888698	1.2108817353701666	0.07942254444209591	84.60938567177634	82.80180417396407
0.047381433690388365	1.0373169589075049	0.09298937471358722	84.60938567177634	82.80180417396407
0.04918219228325032	1.1030785321354244	0.06765476272271968	84.60938567177634	82.80180417396407
0.04600855272122036	0.8553312933858623	0.08485960727338547	84.85590476568271	82.79448852893476
0.05749643652683332	0.8681874845430821	0.07356737915537893	84.88327336006887	82.76635782306614
0.06406564987511004	1.2709028166280174	0.08235917228753062	84.46189368568014	82.75155950348284
0.05742085780974818	0.045719064564444134	1.1018545180073542	0.09771901772746526	164.49283760116197	84.41809945110792	82.70285900656356
0.05162790488579883	0.8174539473751076	0.07039201100244866	84.57455486897297	82.66884263071013
0.041180931269385504	0.8685296543959518	0.06402794317990447	84.84492790066084	82.76329325677713
0.0438291073675935	0.7857153626062972	0.08865597893929977	84.84492790066084	82.76329325677713
0.04614188118975319	0.8671440131532396	0.08645792508233058	84.84492790066084	82.76329325677713
0.04851977870909535	1.0434959309312923	0.0742269410572583	84.84492790066084	82.76329325677713
0.03859700118020583	0.8055102219696929	0.07405865655082555	85.26048057855617	82.69642423740139
0.06796172459523947	0.6076116495472863	0.06131483490114683	85.46316634765607	82.76990501346413
0.052591183930790056	0.7182716943154371	0.07202994825641079	85.31298444885152	82.66655217825942
0.05293553588220323	0.6003552035294938	0.08425622272164648	85.31610824224956	82.5942032174598
0.05530351310556273	0.5678609066430155	0.06358459505114226	85.04519610214479	82.5664745682801
0.039119865175698265	0.8589442944515515	0.07395440901738944	84.96776721894096	82.61623614785252
0.046101635697992985	0.6671483275480747	0.07845835741292263	84.90785088726592	82.64620876731367
0.04502948538983785	0.8463238823945771	0.07703842188823307	84.90782193081166	82.75529271186811
0.044906623467581196	0.9929640000317044	0.08397697400747234	84.90782193081166	82.75529271186811
0.04644456393088723	1.1470527429432136	0.07382333779292534	84.83349501313829	82.78235049496122
0.05596591841885699	1.0440653754220306	0.07058515957334603	84.60857408902875	82.85183292433163
0.03951732419253013	1.3238064961763851	0.07407935266255597	84.60857408902875	82.85183292433163
0.04280058648702825	1.086123642092828	0.08130186422861055	84.60857408902875	82.85183292433163
0.061606601205687325	1.4043551123933258	0.0846111471473185	84.30842476505056	82.8911403841597
0.05803519478614842	1.3448174095025323	0.07524081514341904	84.37415099815279	82.89494842796607
0.0624646311131603	1.287683058528588	0.0688989750274336	0.09280376395062509	84.37415099815279	82.89494842796607	73.86070571114034
0.05645723186784372	1.2590817971712616	0.0862650914874989	84.37415099815279	82.89494842796607
0.04843621113985646	0.9398024441211322	0.08824970784976521	84.7996390248734	82.8767779419955
0.048435398008504986	0.9977026028411764	0.07687444111846872	84.87121712409484	82.84764536644936
0.05076826295399656	0.03678763063884871	0.8538519668981711	0.08001198695926709	110.11630558718537	85.13706451786199	82.84844977103782
0.04985799548462573	0.9150987263881571	0.07837079895882006	85.13588973088115	82.86943961914778
0.03912676683797132	0.9802131985742025	0.07980696120792825	85.13588973088115	82.86943961914778
0.0562173956774815	0.8768633028470896	0.07033346004091326	85.13588973088115	82.86943961914778
0.03272270727054256	0.6551083427909342	0.08115154836455309	85.26275987196826	82.75948996375497
0.04633255981388331	0.8024947959183434	0.07464996557526365	84.98422300547799	82.72845337655632
0.048874784570417676	1.0631000500526029	0.07928068107888378	84.7631271219933	82.76422725809509
0.11154743933141949	0.043613426713881576	1.1263207946224756	0.07094308992852691	170.73591268998368	84.36408605016928	82.74840538287543
0.17493743944630877	0.044522219893885356	1.040199470920003	0.0804585745555869	170.33438966935717	84.36408605016928	82.74840538287543
0.04824615853710959	1.2398058252425426	0.07229459241924165	84.36408605016928	82.74840538287543
0.12923210577432212	0.04698635435880051	1.0231895973375469	0.08081766053396873	183.8890981683499	84.60604593304156	82.75289798795329
0.048795487634222465	1.1738155874965177	0.08599190048712985	84.39094844453939	82.80385261220795
0.046512930690651905	1.0172456144788724	0.07030198043573076	84.60922052477899	82.75013799411354
0.059310605922699294	1.0499144389354396	0.07550190127454248	84.62132681444197	82.72678575733319
0.054064449281980065	0.8940762065404516	0.07197790120661686	84.80440388474149	82.72922404308427
0.03815077496968905	0.8935998445184641	0.08456449458272143	84.83878621053734	82.7456124664414
0.05537326642930239	0.7305948044137048	0.0737621988612015	84.83878621053734	82.7456124664414
0.062280615464746704	0.7891173861869821	0.07624467822568669	85.22273515562391	82.95042252283729
0.0468685326543011	0.8101716547824355	0.07409596441231765	85.10766164898308	82.95422443467709
0.06515074251096196	0.797201767822732	0.05874884531118204	84.72743369959599	82.94468477293346
0.07329599001931937	1.042673531924143	0.06565634408258934	84.72743369959599	82.94468477293346
0.04672415570660528	0.952582606224803	0.07730274108120305	84.72743369959599	82.94468477293346
0.050127384192048464	1.125127501429365	0.06979100434348848	84.72743369959599	82.94468477293346
0.053690569848679	1.2497336471373695	0.05809798499839339	0.08450701208457714	84.72743369959599	82.94468477293346	75.83807934271496
0.04413357853743646	0.901242998951925	0.06590296144800478	84.68004539673139	82.92822152670887
0.042501852662711184	1.0833721264454885	0.07834703306906313	84.68004539673139	82.92822152670887
0.05877948652705859	0.7418703879450183	0.07243626355156536	84.78291236522016	82.81498900389552
0.05077213113227089	1.1281851676471901	0.07279415967640887	84.68591035822064	82.82006956941412
0.05288665997505294	0.9173016625103644	0.0858989103984246	84.66871775424514	82.84752893567527
0.05549149576512718	0.9924751024215198	0.06647085557734832	84.66871775424514	82.84752893567527
0.06314258999474734	0.8689135420039436	0.07474946036452461	84.66871775424514	82.84752893567527
0.04493223405668736	1.1099190343480254	0.0658725762992582	84.52128288896675	82.785466435635
0.05237249521931523	0.8881886640523936	0.0673276879596824	84.52128288896675	82.785466435635
0.06243881889051894	0.8643944264792442	0.07306724259829235	84.52128288896675	82.785466435635
0.053803782013699376	1.105197698673163	0.07460273681466426	84.54476668377652	82.89018412876202
0.04823830578438055	0.9557571722492428	0.0675186542074371	84.54476668377652	82.89018412876202
0.05462032624417307	1.0110879969716504	0.0720286221873392	84.54476668377652	82.89018412876202
0.06057232437013356	1.0789592067505198	0.08867967570278507	84.54476668377652	82.89018412876202
0.052691269657599904	1.024482055401907	0.07711905584587032	84.73240117073021	82.89336487732487
0.06499086954525675	0.8981623213072405	0.07082965568123671	84.69234256688883	82.88490136775509
0.04573634863005745	0.9181378086547831	0.08134420635996056	84.69234256688883	82.88490136775509
0.03331270153184391	1.0000703530828334	0.0765084359368053	84.69234256688883	82.88490136775509
0.048207406755305555	1.1230429911790263	0.08757857760400915	84.69234256688883	82.88490136775509
0.049594069117512074	1.0699147441964034	0.08469542746423016	84.74468461126546	82.88676220609389
0.04553045629597198	1.2749655523640475	0.0749584404556779	84.65713773387948	82.85094286909882
0.053242413599217976	1.1497213422272357	0.06267670880707532	84.42634611766515	82.82007145498737
0.04465148102354085	1.0177376974152208	0.07348624779031185	84.59729348555747	82.82861712786648
0.037499768286598734	1.0188728978882702	0.06954378362585788	84.59729348555747	82.82861712786648
0.05302032951995051	1.0201731318485638	0.07157800356711362	84.79640334913852	82.7904032109646
0.061003102478246876	0.9114179472292353	0.06510359855687249	84.73441703169647	82.78476781210448
0.04361958414838773	1.002307284787059	0.09349634705086932	84.73441703169647	82.78476781210448
0.04065895621448616	0.9612619318875595	0.055916023874157623	84.77347082387224	82.83642941066482
0.043728875428146546	0.9941880430281086	0.06552093915708564	84.56485299348984	82.84318328686189
0.0532395854348259	0.9963318014042387	0.06258545366253754	84.56485299348984	82.84318328686189
0.045477197785151455	1.2003402344750336	0.08319425390538633	84.56485299348984	82.84318328686189
0.042353014264596485	0.8691361477259735	0.10093358319269513	84.4797641910341	82.8753068525305
0.04875665949719586	1.0888648691606828	0.058711002420407735	84.4797641910341	82.8753068525305
0.037676009203086405	0.028617410690455706	1.3291306734416477	0.08303813000234914	87.45337041644558	84.43768048550177	82.94037469099274
0.06231301059027473	1.3680094494949562	0.07714652941636828	84.43768048550177	82.94037469099274
0.04694488126079167	1.2304982496323449	0.08054734387723343	84.48219523813536	82.93937103170596
0.05421450676186105	1.100670026018382	0.08681891583427091	84.48219523813536	82.93937103170596
0.05391022617987108	1.0181145557918818	0.07284772210788207	84.36391106513403	82.93844132580071
0.0404771464785503	1.3743871164660084	0.0888363149244889	84.22680714111087	82.94710196947922
0.048355279545445634	1.4513856077457625	0.06746165864565695	84.22680714111087	82.94710196947922
0.04158609612340052	1.436897048129103	0.07902185693122275	84.22680714111087	82.94710196947922
0.048860304357384116	1.3586742201949413	0.07530485211011803	84.22680714111087	82.94710196947922
0.03813499832147067	1.481194603250638	0.07890124091821427	84.22680714111087	82.94710196947922
0.05382891632713219	1.7335514981863214	0.07863145378797362	84.22680714111087	82.94710196947922
0.059904797502713845	1.3118137081009047	0.08055845791462447	84.09782932908756	82.95671507707404
0.05660170099339655	1.1618795196148857	0.0704529481547692	84.25072419606043	82.92524164682273
0.04118494454276679	1.318270758329776	0.07431086150881232	84.25072419606043	82.92524164682273
0.04695794773312623	1.3016814451383036	0.08084242569460287	84.25072419606043	82.92524164682273
0.046757130801786034	1.0908404175905373	0.07395938669547124	84.25072419606043	82.92524164682273
0.03544174024204691	1.1550414661553745	0.07394946348376559	84.25072419606043	82.92524164682273
0.05124924141626251	1.2549119910357436	0.06860980988900581	0.09160190650953808	84.25072419606043	82.92524164682273	70.94123897073058
0.04089370297706159	1.5616717399809317	0.07463250759364189	84.30170898937189	82.96080223463768
0.06149316152343516	1.0340749626334067	0.06693445866762943	84.33107603232352	82.94084990914789
0.06270411208501528	0.9379137586181836	0.07172537289852865	84.33107603232352	82.94084990914789
0.050904558819389295	1.5457203232607555	0.0779457973885042	84.33441285932217	82.93925001021877
0.04961084751811525	1.1440331012142548	0.07284291072362357	84.33441285932217	82.93925001021877
0.04872408804165025	1.2014991946015403	0.09170049420924911	84.29870356165165	82.8651823283836
0.06247255457621905	0.997972890940112	0.07361639520163263	84.37872245765196	82.8983144726579
0.0649625757622016	1.2165759222862884	0.08973690445848155	84.37872245765196	82.8983144726579
0.047023328284987044	1.0819237010699956	0.08532524399642345	84.37872245765196	82.8983144726579
0.045649495184046034	1.1028886447605553	0.08837407347115342	84.4216335520901	82.9001880202373
0.045369477713232825	0.8535412242413437	0.07475931096896116	84.4216335520901	82.9001880202373
0.05246017743476769	1.0613552269377868	0.07494650558033097	84.44670426483594	82.89201163822257
0.039781124634512666	1.0856392190455542	0.07648210269583586	84.44670426483594	82.89201163822257
0.044375805735152415	1.0060009904851115	0.0767249942061708	84.47634706153987	82.89968490435889
0.04559841274909101	1.062182144466745	0.07448427985312973	84.47634706153987	82.89968490435889
0.14630221238720467	0.05369668687159487	0.8844938003346134	0.08695248585304378	168.1758432728156	84.44776760266015	82.86982528211276
0.03732208400718081	1.1042797730477654	0.073809151309782	84.44776760266015	82.86982528211276
0.050014530772338486	1.1213054938489213	0.0685529879982138	84.44776760266015	82.86982528211276
0.05852644189290854	1.1169190810220566	0.06999926839673333	84.44776760266015	82.86982528211276
0.04333380284011596	0.8615304155609006	0.07913719237730782	84.58079756196433	82.82605399182009
0.03948572515969499	1.3501212595118575	0.07407848539741523	84.44087801732954	82.84023305924912
0.052918159833526664	1.1329137706931733	0.0929729981549347	84.44087801732954	82.84023305924912
0.04341096632668357	1.206921187967106	0.09073003506959207	84.44087801732954	82.84023305924912
0.05635596653908435	1.2069509296181158	0.08427246048956104	84.47142079064074	82.83948537805219
0.044914410141602135	0.9928909107916931	0.07496898311294498	84.810352742475	82.78464499119406
0.04515230033291332	0.09999615526330942	0.9692505262484967	0.07750070803830746	94.27763340251013	84.55322216472531	82.80806582489997
0.055332065855589176	1.0693899730849707	0.07944690177008433	84.55322216472531	82.80806582489997
0.04396445377672717	1.1000447678474912	0.07727198260918285	0.006819419198995935	84.5248995258835	82.79119308992516	66.29247356408413
0.04268056202215695	0.951235162237207	0.0780107194694059	0.006581586156158677	84.57283201954988	82.8312002603591	66.4160960285532
0.04781696023214481	1.0005674977046093	0.07593113321709638	0.005919895775079862	84.57283201954988	82.8312002603591	66.4160960285532
0.05205539493403815	0.8012305569829755	0.07968287542944351	0.003999928707226019	84.8554841691908	82.76846213154886	66.42307671044063
0.0601835423107006	0.731225082944452	0.05688451468531704	0.007071443024679735	84.8554841691908	82.76846213154886	66.42307671044063
0.05156757768969797	0.7785898265005587	0.07213870039621986	84.84474783936642	82.76135434206944
0.05157857481147783	0.9700912673150273	0.07578793608563761	84.84474783936642	82.76135434206944
0.04624633422115866	1.1225364642103648	0.0771740188817043	84.44939607506335	82.8455291386761
0.04659604367669964	0.9350294090316191	0.07200789030378954	84.61803849454249	82.74800100885014
0.048866464315315446	0.7326412255215072	0.07477552506494467	84.61803849454249	82.74800100885014
0.04571355734396269	0.9330224981477935	0.07155812689708228	84.62319919705412	82.7680224023233
0.037931923637878444	0.9570445927964077	0.06637029639859865	84.58930032435342	82.69942917192151
0.04954684277342495	0.813926886112176	0.07949813660727173	84.98359996961959	82.79136712231963
0.04832278970838324	0.749938209476927	0.08204096688734647	85.00023670346948	82.77220585803032
0.055262634448493164	0.8426190289726856	0.07871753470258012	84.94555879561698	82.72320278577214
0.042033847129312414	0.9713424622498873	0.07921660927379563	84.90827806024147	82.85205074355717
0.060799540628935084	0.8453607549882415	0.08191773237849583	84.92701671942125	82.87241229623638
0.053264762068047575	0.869535663076254	0.0831565268778744	84.92701671942125	82.87241229623638
0.04181881472516013	0.7632458531453388	0.08514947635155666	84.92701671942125	82.87241229623638
0.04936051237346149	0.9339650786545384	0.07930454685581034	84.48888399815526	82.75344792858415
0.0405442935123154	0.9981544077720882	0.08267444626086214	84.29474774096688	82.77119191401394
0.03524916274794958	1.0292894716880208	0.0678199591483084	84.46528202447338	82.90199753661437
0.04606579979550518	1.1558443546844006	0.07393528766980793	84.46528202447338	82.90199753661437
0.04174358649064792	1.007394087937715	0.08188036495403499	84.42563154989602	82.89379443378002
0.04266744682127287	1.3571028213067788	0.07436824425633634	84.45691324066112	82.89852846632856
0.0399370308472733	1.1174765486428724	0.08137297472174002	84.42120517351499	82.80103759292693
0.05481121085053246	0.8043881711952765	0.08652444863960622	84.42120517351499	82.80103759292693
0.041133606245358396	1.0702778010494887	0.06930649125169677	84.40708237360192	82.82265274614035
0.04100864578994937	1.084844491369324	0.07158291158045264	84.40708237360192	82.82265274614035
0.046488001482055674	1.1163044652464686	0.08295066521194258	84.32014981186546	82.8203377994303
0.04279918396654731	1.4558413885064803	0.07855255388011581	84.3623418731486	82.81570979712835
0.0422424144520126	1.1315612356776197	0.07473234366378495	84.43139676761832	82.84986413494224
0.046710322558400595	1.0071390994273928	0.06744002289060087	84.43139676761832	82.84986413494224
0.03835890046692055	1.2775854401507394	0.06959326941901671	84.34048442985508	82.85330480435807
0.04477805174199735	0.9322982497798683	0.07382724143152213	84.42401506153799	82.78935389849659
0.01650610725188578	0.04232497846231553	1.1263110464105903	0.07131127277615038	173.5443574888576	84.42401506153799	82.78935389849659
0.043968632912815664	0.982091606145471	0.07756533843120843	84.42401506153799	82.78935389849659
0.04596659780114564	1.0311375308308062	0.07907522669331944	85.1286751726822	82.83772557781133
0.04977393524062432	0.9095937896631513	0.06832458849815343	85.1286751726822	82.83772557781133
0.04488704132590303	0.8738173944942119	0.09023196611817531	84.96059006714422	82.85588074473579
0.04303485717717795	0.9416855832108099	0.06698809749828802	85.0234938508743	82.96114721922653
0.049020802249633955	1.0097946665611115	0.06679228269458921	85.0260704068489	82.95565939490835
0.048125055503917186	0.6377667272699227	0.06976416789870256	85.16106139892062	82.91988705651181
0.05128041657970787	0.7344057832167872	0.08376103272921719	85.25434432869987	82.86222073942398
0.04488677127969042	0.8780005068067419	0.06583231991303505	84.81172860408304	82.84410982740968
0.05110111049048618	1.1321667338469803	0.0851605678762215	84.81172860408304	82.84410982740968
0.059721746257015575	0.8024769575189832	0.08150554440238314	84.81172860408304	82.84410982740968
0.04425975575741291	0.8170558552753551	0.06579309750429944	84.81172860408304	82.84410982740968
0.0580890833900301	0.9565811751433598	0.09205516379975753	84.81172860408304	82.84410982740968
0.04529378665125981	0.8866466781965394	0.07859533427615625	84.81172860408304	82.84410982740968
0.04111745171034293	1.0438032102685246	0.09024277115026641	84.54679044187817	82.76683079636328
0.055877885127888334	0.7858370167582727	0.08239368231017231	84.64363532606511	82.77804636527628
0.046352493091244736	0.8751860479163539	0.07865703284458407	84.78431235958413	82.79919181538624
0.12496712093306449	0.04704380897528666	0.7780393197843318	0.08759590817286833	184.24531645833264	84.65775573669423	82.81761416762455
0.04041132672656737	0.885155989630651	0.07881218121914543	84.36078227052128	82.81685911670928
0.05348411175590796	1.2563878208871468	0.08969886758448786	84.36078227052128	82.81685911670928
0.04863707427411855	1.0884836078265292	0.07921083667550133	84.36078227052128	82.81685911670928
0.05499838765171614	0.8303083354394705	0.09175215684402586	84.87360055901496	82.75827297044036
0.04404911835305275	1.0983858038938235	0.07469463293435605	84.23631952878581	82.62207259954712
0.054068173127049625	0.8390254478445786	0.07703865967399687	84.86515055266038	82.73060603243829
0.04533889115788401	0.9267752400175336	0.08095710336848633	84.79258368855665	82.71397995594594
0.043562810465746386	0.7816981961109406	0.0806110825800397	85.10669272597268	82.63505062167438
0.05147849373585669	0.8961056603354525	0.0966221770079957	84.73510361502669	82.63403344794826
0.0589813705474963	0.951435726048242	0.0745106234493077	84.76292698696334	82.68991661805708
0.05172047059938174	0.9339740673207301	0.06913890612865006	84.69854957193641	82.78057106618456
0.054151802894144944	1.0198586572709172	0.07433000183292894	84.79881577979079	82.76890019687316
0.05262815857102024	0.9488664103745369	0.08188102098649294	84.79881577979079	82.76890019687316
0.04790884617255462	0.8627095208357454	0.07300514758461148	84.73069497878413	82.77608970243085
0.043217336283957165	0.6284524609492314	0.06880163437866894	85.0207048785438	82.76952032451278
0.04671659556100902	0.8940022482823416	0.09628506445443213	84.67305537570684	82.75795996625199
0.06495206175516133	1.1125014305774559	0.07226802505393623	84.55514735942286	82.77316468131913
0.04763746463673679	0.9978492051021862	0.07109392067880593	84.49515547182726	82.83962021062025
0.048763805747145714	1.0505490854722417	0.07461985111876146	84.87250277414891	82.87172454970818
0.04189796882589018	1.2703429535507607	0.07641299239041242	84.58663132787764	82.85720810422646
0.05126690793887414	1.2639996818613715	0.06238808610150856	84.87359157727454	82.89761539693902
0.054055201907935224	1.0694637690053168	0.08360545006396965	84.5842226112357	82.78451767597352
0.05093683368743512	0.9474778993527664	0.07823864088306653	84.55101516595894	82.77759215738638
0.0439171408466781	1.0107435515349978	0.0714472018784624	84.38258628993148	82.76430119900415
0.05042677299003912	0.9690110156480196	0.07175217517986328	84.38314258091482	82.75991028295795
0.06335870966856676	1.0776243809152057	0.068590244354788	84.44008897316718	82.8418693608407
0.05621177260210911	1.0015219279503056	0.07155766043276403	84.54643163777607	82.84070175663885
0.04517402995804972	1.018895710174986	0.08086776335922265	84.54643163777607	82.84070175663885
0.04332961673303226	0.9356669496499248	0.07391821460639328	84.59515153362429	82.82532171201863
0.049392804197876575	0.9726400272376154	0.07672729909492466	84.59515153362429	82.82532171201863
0.050070913289837926	1.1436886131680553	0.08797084160064983	84.52872787680981	82.8856310329798
0.049329824467063875	1.123074872387587	0.08180657045014443	84.48944536075436	82.79364161982531
0.0411645879809705	1.181462279745679	0.07872098794931046	84.5978615618709	82.7967169206685
0.04530689590220002	1.046260793319184	0.0784864041563784	84.64654437560445	82.87062427254006
0.04071027015364241	1.207644459969134	0.07714737974867471	84.43296226857916	82.86864127546079
0.042886540305613424	0.9214385725065505	0.07818174139229003	84.55051877987862	82.87162438386633
0.04462575534124524	1.2057402625727052	0.06718709867937012	84.55051877987862	82.87162438386633
0.051423734336755976	0.8153023033173314	0.0761555871851455	85.0286010706653	82.79731613444295
0.045242254662945444	0.7522901025873093	0.06990924904735235	84.92223020362921	82.68313228489379
0.05345620307320763	0.7223887310325634	0.06087463160160407	84.91856380538428	82.68065590131864
0.050350085703803525	0.797498628935071	0.07735847477120948	84.91856380538428	82.68065590131864
0.05617495026199188	1.0109213229440495	0.06774195404334876	84.91014046765599	82.72366353493959
0.04827725518800044	0.5906700448535918	0.07639439220152615	84.91014046765599	82.72366353493959
0.046795761288181796	0.8856607672405299	0.08040579674323663	84.91014046765599	82.72366353493959
0.04929612741152074	0.9190023688761684	0.06141072749150008	84.61098083017804	82.7510446351537
0.060407494719179285	0.9021699056778821	0.08427517633237976	84.60660319451054	82.718325054558
0.053182452193357585	0.9210196953734161	0.0701122297852009	84.64770101225294	82.68423443286005
0.05042589579070292	0.8740186935613334	0.0687500444378612	84.87447617459544	82.62269063619797
0.03943849389141067	0.696746350387102	0.08327440066022439	85.01640213572063	82.53700288033227
0.04805766684442652	0.8612569953990038	0.06672510550585632	84.96986800126311	82.55891581172605
0.05055074095700805	0.879751067050132	0.06312051104082161	84.7191941658147	82.60294292175689
0.057500815881074904	0.8182110486795753	0.08394021457815029	84.44398565410114	82.55893138292248
0.04427582945929986	0.7304597888564393	0.06948049317475002	84.54647495212913	82.64361431815351
0.06043375383155486	0.8172941396891009	0.06458267572684137	84.54647495212913	82.64361431815351
0.043312880978714136	1.065351367255376	0.06816297576439233	84.47803843186152	82.6771528485719
0.04463627828875133	0.8340645027075195	0.07030902949386242	84.77393992378515	82.64919698787348
0.05054590040638524	0.9176425560078044	0.06794461894912333	84.77393992378515	82.64919698787348
0.06405859763444063	0.7999309772239529	0.06878437481089507	84.53792014433539	82.67163685562299
0.05049556518633296	1.0768059362953621	0.07558431917591356	84.4612447284282	82.68985205882899
0.05436544078231967	1.3032359121757724	0.08111494135742985	84.44324719574409	82.82319995994428
0.03164594364433153	1.20941573888044	0.08592719749141432	84.44324719574409	82.82319995994428
0.035231226499389603	1.3718028182484765	0.07642433140152952	84.44324719574409	82.82319995994428
0.044571953773203506	1.2721980272726154	0.07482076962941207	84.44683149679923	82.73369994973879
0.05340395880258633	1.418278859882417	0.08486040130861026	84.34183430629932	82.75168920748476
0.045876134766656605	1.2824500085926969	0.08967889610067611	84.40210754550581	82.74806072703697
0.04855396889284121	0.9515579125141018	0.07546536793519296	84.40210754550581	82.74806072703697
0.05609894245647347	0.8510904258920113	0.07657627849484665	84.40210754550581	82.74806072703697
0.058386088512961766	0.8140734275246073	0.08166108002954253	84.33245683769427	82.7682383888627
0.04077942248178973	0.934839611334517	0.07404662092145123	84.37052915132773	82.81688544321335
0.050180503722786235	1.004636993786655	0.06948519503278695	84.56837163465933	82.89579222258376
0.054763603304937084	1.084325942670551	0.05813674094091268	84.56837163465933	82.89579222258376
0.04539765395400834	1.1233721188636903	0.06805154050339707	84.58984705820968	82.94640668023075
0.0234325474404238	0.0555998987563488	1.0962835924468117	0.07789067331423584	131.9039415421568	84.93357790216056	82.95847325780433
0.04470989967990182	1.1349778793005354	0.07035826082575652	84.63015641365791	82.94569757722682
0.051088847018747774	0.8636221141508009	0.08429117018278602	85.1411478517324	83.01289358827191
0.061464135933198716	0.8635307605650014	0.07884630113082561	84.89913672594373	82.99298960257255
0.0704287723727576	0.8350267644310266	0.06731843136045926	84.98023325434798	82.84165819068997
0.05152516917278095	0.7667723569677926	0.07693957200147944	85.01182636994909	82.83572206940747
0.05155195336083664	0.8330262090171877	0.0857114338560337	85.01182636994909	82.83572206940747
0.050625684839614125	0.9972751819653375	0.07247965718285193	84.63466967316944	82.79747735539725
0.04290825527502814	1.1392331124565116	0.08188194694117445	84.63466967316944	82.79747735539725
0.037502220470207216	0.9777427931638782	0.07189667133717335	84.60658112488736	82.80550118229746
0.05855371122258389	1.0686038407627967	0.07035142799054664	84.557110367775	82.84302770716276
0.04858943734084704	0.8944617860207436	0.07530269991548617	84.64120538189606	82.84821842666916
0.04012958339696292	1.1302139230408599	0.07086364417478055	84.25117041642086	82.90517783917572
0.049527997771391885	1.1750222545215485	0.07361063670957735	83.96805480328402	82.93155095293022
0.04502370564622917	1.3141851196193015	0.07847218447574979	83.96805480328402	82.93155095293022
0.04518451451245781	1.3747515134382307	0.07908617954369894	83.96805480328402	82.93155095293022
0.05314856638920369	1.6886500294201898	0.07243029076410792	83.96805480328402	82.93155095293022
0.0347118822985209	1.4707191673917854	0.07078062132495468	83.96805480328402	82.93155095293022
0.04220719857148495	1.4956049705434646	0.08091443429631096	83.96805480328402	82.93155095293022
0.04288018141312084	1.8924050111056292	0.07324409491948927	83.96805480328402	82.93155095293022
0.05054090970077488	1.3685318564816549	0.07265677696645964	83.96805480328402	82.93155095293022
0.053517513643192474	1.4943139724936316	0.08623652581857329	83.94397306450817	82.93454853193084
0.05541610643308439	1.9740275114689196	0.06523886634888759	0.1073101890538997	83.95163466593289	82.92017328377017	72.98036452958512
0.04942989555711808	1.3505721875777856	0.06722476038754603	83.95163466593289	82.92017328377017
0.04766204711028292	1.5927846927863984	0.08334262018360733	83.981197695307	82.91296243344058
0.045162049194499954	1.5336616933475717	0.07491271038889279	84.03202036938269	82.82775739321946
0.04605160222012493	1.3623259094484803	0.07141431151287264	84.11270410981531	82.8096901550681
0.05921583407247556	1.044212885498303	0.0785739369778686	84.11270410981531	82.8096901550681
0.053025723744271655	1.4479621220910932	0.07915378555239229	84.11270410981531	82.8096901550681
0.061368947360614226	1.198019485758864	0.0862215738014152	84.11270410981531	82.8096901550681
0.034819112223614807	1.2989108530864115	0.0881980122641803	84.11270410981531	82.8096901550681
0.042389718610189434	0.04930083762982719	1.0657015804073864	0.07491549273450024	158.57128492618483	84.31105226244534	82.81252903219793
0.04316851037074598	1.4742269225731772	0.07316579623133974	84.02474755817373	82.79299534141502
0.03815655951924332	1.6683309519818452	0.08485313111359255	84.02474755817373	82.79299534141502
0.0439424094336268	1.3178953106856122	0.082934816252188	84.02474755817373	82.79299534141502
0.09271574556541572	0.04640912368287662	1.2569834553379737	0.084549186176816	118.95462896540482	84.02474755817373	82.79299534141502
0.04822643262166434	1.2823297556175712	0.08527211098382217	84.02474755817373	82.79299534141502
0.061989990222830665	1.2829636371489266	0.07275273373671594	83.98901774162881	82.79693848954858
0.05014287366889164	1.197642427245953	0.06778025813868953	83.98901774162881	82.79693848954858
0.05224360495927575	1.6123097387844	0.07049950530794034	83.98901774162881	82.79693848954858
0.038370209114110036	1.5829200815794955	0.07838242101962313	84.0178722936257	82.77559011675557
0.055631780656572365	1.3011053801381889	0.07198610213688622	84.0178722936257	82.77559011675557
0.05107638243121253	1.4824705232936604	0.059823801511033024	84.0178722936257	82.77559011675557
0.052009588062688655	1.0298082974394156	0.08134060260521832	84.0178722936257	82.77559011675557
0.046538651912139614	1.3748812192252595	0.0848467339976897	84.22332405140101	82.75412954048765
0.055014854501962585	1.3526308643617493	0.0734875762366739	84.22332405140101	82.75412954048765
0.045818511995284	0.04703796012869	1.2190775181805353	0.07672765366797069	154.64060820830073	84.41719796160348	82.76914186351377
0.04661417753532473	1.0674610156952467	0.07664904461691661	84.56094777381566	82.82036717447728
0.060600923123571994	1.3045263671826157	0.06954728557313483	84.56094777381566	82.82036717447728
0.04033145493835934	1.076760256300093	0.06412532896351034	84.56094777381566	82.82036717447728
0.05841579567440008	1.1380571270658928	0.08101276976519498	84.56094777381566	82.82036717447728
0.05976763061324877	0.9807558093578262	0.08689171002565504	84.76219199008692	82.92824487561995
0.05296203348153351	0.9348188433489111	0.08092000146098954	84.75455059617376	82.8299018994942
0.04956900066902468	0.8319626078713351	0.08884559196095464	84.6724085983015	82.84403681739776
0.051470339882466354	1.2228028264465092	0.0789965840881932	84.74355304698567	82.86494631412451
0.05690462083392077	0.9276588568166328	0.07308207653873375	84.74355304698567	82.86494631412451
0.06510714073970059	0.8488465747088892	0.081100515923633	84.75087866263155	82.87607511993171
0.04889751227636523	0.9644354587770407	0.09353616845265358	84.55118191088317	82.81483913796949
0.054381818230706966	0.9817460490532035	0.0715422467292052	84.71601363653134	82.7748197168103
0.0457877914974501	0.9796796849411905	0.07850360429813281	84.61127439806042	82.76872322739814
0.042884182742552096	0.9252494909355273	0.07568023389801179	0.08370295761396826	84.61127439806042	82.76872322739814	75.54061942571369
0.06003666281348049	0.8383330900528011	0.0754243139625522	84.78317362459752	82.55369817565351
0.05695963194524531	0.7676921927267253	0.08343430786552393	84.64806062807031	82.5267015279318
0.04560475402200383	0.8927578201591136	0.08344048909638624	84.54760379615838	82.54139582045798
0.042187997490013014	0.8963393889475597	0.08431341930075568	84.39853142877732	82.67664475707792
0.04020203655606996	0.04302608680234671	0.9883331449770324	0.08002263034876096	133.9888483471585	84.39853142877732	82.67664475707792
0.050492808878073	0.8308435859762465	0.07949130239819513	84.39853142877732	82.67664475707792
0.050849522965142446	0.9060771087927777	0.07736636293292415	84.39853142877732	82.67664475707792
0.0460946160152388	0.9565575883215758	0.0733946727868046	84.39853142877732	82.67664475707792
0.04479203471409207	0.8376439986246562	0.07625229161450883	84.39853142877732	82.67664475707792
0.05110739036485717	0.875089571801801	0.058476764966248485	84.64137828694511	82.82500262672004
0.040657817397561524	0.8937269092018765	0.07369366689190197	84.65221761746633	82.81939075258875
0.04748646040512486	1.0175376135763052	0.07809525009015024	84.495328502391	82.80151051972375
0.052428570125639146	0.9031984474379584	0.06926652699447264	84.495328502391	82.80151051972375
0.045193340972631904	1.0289899218646494	0.0732405185755892	84.56770857499795	82.79486398344264
0.05881967686155918	1.0430484069713746	0.06911908546162962	84.56770857499795	82.79486398344264
0.04095467507245434	1.0064561253764557	0.09440572912114908	84.56770857499795	82.79486398344264
0.061792164895793145	1.0069239363805818	0.07936418259765994	84.56770857499795	82.79486398344264
0.04987987857469565	0.9739118135418545	0.08352773781149368	84.56770857499795	82.79486398344264
0.04672235384362474	1.1491342090667418	0.07231062658530792	84.56770857499795	82.79486398344264
0.04847236901785844	0.8429552534069348	0.07318243725174617	84.51807876001716	82.69793046152344
0.04985883271607699	1.1614130668383016	0.07587143112654876	84.28456759032417	82.76447598994747
0.049739329644272086	1.3413368516010258	0.07210123671643408	84.11131236380669	82.82749934220794
0.043919135421495094	1.145491976522812	0.06289540100888523	0.12141002572263061	84.11131236380669	82.82749934220794	73.39031875912009
0.04981621799196165	1.2478872277569186	0.0888574763535639	84.11529479148217	82.81168797747699
0.04093937711167169	1.1126079267613278	0.07514281267677234	84.16098561060954	82.84781010587585
0.05074298790305756	0.9418230168458631	0.08597024850972275	84.19324059722902	82.81590750738397
0.04682475461176895	1.0294086882881193	0.0699219436531548	84.15385578298819	82.76746611035917
0.04907281603488622	1.1208759157658663	0.07998626892388622	84.2191128371636	82.77703871319706
0.05333168849827803	1.0779765091009907	0.08203547588438284	84.2191128371636	82.77703871319706
0.042794195989026	0.8558397749910986	0.08432792453899234	84.22661805486337	82.73124780758866
0.05063361765160856	1.1937744296470825	0.07776221296594862	84.27352027755397	82.79384223610735
0.054678242054180065	1.108446047391435	0.08498200145939244	84.27352027755397	82.79384223610735
0.05721243823742927	0.963108040927834	0.08523200217634756	84.27352027755397	82.79384223610735
0.05286625153149318	0.9052803004763176	0.07808043079458743	84.27352027755397	82.79384223610735
0.049151601918482835	0.939774506766486	0.07812165933170866	84.27352027755397	82.79384223610735
0.04647242574499389	1.216074049361873	0.07447009138062631	84.27352027755397	82.79384223610735
0.03365164823729987	1.151035732819543	0.075732022568456	84.46809498413067	82.80148209865648
0.0505816304760124	0.8219622811357084	0.07575197134331645	85.0975930665174	82.8310170398972
0.04631424257102894	1.0094573881207434	0.09369260165961758	84.60642614030269	82.8604286661436
0.05009074240180628	1.1401898838899585	0.06770555294229227	84.57088518889427	82.8807904654912
0.040191743004490695	0.9498505919803567	0.06312902593849978	84.57088518889427	82.8807904654912
0.0401824486442704	0.9985052687538827	0.06568568118374186	84.57088518889427	82.8807904654912
0.04620424728409108	1.03036008597056	0.06234884547472774	84.65845925045049	82.88411542437328
0.04769405591620989	0.9834615920849958	0.07415530680949292	84.65845925045049	82.88411542437328
0.03588590282998855	1.1995251951008015	0.07283076420425601	84.65845925045049	82.88411542437328
0.03657773650371771	0.055915101467748786	1.1536750705757024	0.06753086640848546	90.56680809313883	84.83521381252733	82.89696096218448
0.05410837668676836	1.0827479724255136	0.06900450662761716	84.86411192483946	82.91444644521063
0.058603533221541236	1.1430987179714818	0.08452800210020683	84.86411192483946	82.91444644521063
0.05259204663310422	1.1055789527221815	0.06379287488702384	84.55724065986763	82.87115574785855
0.05672307481259326	1.4428914602242597	0.09096005386834755	84.60662261001455	82.90344152731329
0.04167542659711166	1.2142492966742648	0.08438514607558804	84.52483421416136	82.91107620319238
0.06225930349503648	1.176421094511145	0.08761012462120613	84.52483421416136	82.91107620319238
0.04972320656927671	1.0571479881614683	0.06598313903989883	84.52483421416136	82.91107620319238
0.04938857027874693	1.120507060876099	0.07467817587615747	84.52483421416136	82.91107620319238
0.05475953322405382	1.36697030647471	0.06861104439780648	84.52483421416136	82.91107620319238
0.04379466245857748	1.245306843497436	0.06201564761843281	84.32018716944212	82.77497755737198
0.04799745166665416	0.9699652801575774	0.09247876422518143	84.32018716944212	82.77497755737198
0.051212175795163635	1.1132579108222764	0.07276045460115314	84.24269591930268	82.70503585163951
0.04805325821149113	1.376697802673032	0.09288089460928824	84.24269591930268	82.70503585163951
0.040157193010409334	1.0207536233597483	0.07936901821682178	84.50908371002052	82.70499123496246
0.05067741161627968	1.0014226749578583	0.07843995245911145	84.50908371002052	82.70499123496246
0.049867331374719256	0.9561095504837123	0.07122017954467744	84.50908371002052	82.70499123496246
0.04034296752926052	1.1836159600027618	0.0701981511356688	0.07423662646470686	84.56409438156001	82.77963517585128	76.44041572688279
0.049998850850107246	0.9741307718984744	0.07932544231017749	84.56409438156001	82.77963517585128
0.035215778191131926	1.032470017480121	0.07636166753462241	84.45587619501312	82.7874749997205
0.04925182915942823	1.1245620797017293	0.09185476542852243	84.55639575719455	82.76817001501766
0.04968906291054634	0.993981577548504	0.07620621284052063	84.45188332181714	82.82983545029721
0.06076425476190628	0.9769245724008535	0.08865173608306184	85.15571221038599	82.82628354635743
0.0518921420293715	0.7232996827898297	0.07241839011661229	85.0433561259631	82.81423199339791
0.05341893096401118	0.9108656259134331	0.08469239464834194	84.66512331897307	82.68773658545538
0.049503019638905604	0.8249059966674442	0.08119362988525528	84.58005309809121	82.52812615853524
0.046704281266891086	0.9446626692066777	0.1046923130974305	84.64781782231991	82.74145066962538
0.04241106734444112	0.9870055023701524	0.08814296357079955	84.64781782231991	82.74145066962538
0.048771975902489835	1.1581406969492225	0.08061395335070685	84.7149055133686	82.82309705677433
0.03797877517158112	0.9304957580037045	0.09296864621458406	84.68870437729272	82.82326874594006
0.045952412007528684	1.1435409961477032	0.07610010876834224	84.47077470942051	82.71481821110093
0.048407639823587444	1.1310460696886382	0.08726127143131653	84.44926884590531	82.75355787343491
0.04831178437520999	1.2111290333925946	0.09770258774014087	84.19802410217002	82.78689271815543
0.057295063551884295	1.183278853797968	0.07480651238342488	84.19802410217002	82.78689271815543
0.059163519856981026	1.0225846250486945	0.07658884787280976	84.64215734994603	82.75789554925598
0.04822343797774038	1.008938921913785	0.08192117452379367	84.38668860554463	82.81930649084552
0.07408149722893044	1.3964702147892207	0.06566905537790445	84.38668860554463	82.81930649084552
0.04704821652775186	1.1425078646775442	0.07531807805753264	84.39189100374743	82.80189130685076
0.0529944542421743	1.096872615679257	0.08160850455928619	84.39189100374743	82.80189130685076
0.03433040202220944	1.4629413516396081	0.0758914661275677	84.39189100374743	82.80189130685076
0.04982529155756365	1.0971686109734993	0.10133922818954443	84.39189100374743	82.80189130685076
0.049442774164191475	1.091709186704993	0.07026756910073546	84.41276695931714	82.7800911712238
0.04466642284423526	1.0571528193081925	0.08518229898904806	84.49612372506733	82.76330389966894
0.04970174588165178	1.039806092259928	0.0820932358421666	84.49612372506733	82.76330389966894
0.047274519016460965	1.0851824652622248	0.08289383649969885	84.49612372506733	82.76330389966894
0.04681538815452095	1.1053315061595992	0.0691183154497836	84.49779565279827	82.76619445781638
0.03796017917971833	1.1065375175300776	0.07266182032906109	84.49779565279827	82.76619445781638
0.06104630025342178	1.3087902723609486	0.081035992101397	84.49779565279827	82.76619445781638
0.03674479013363872	1.1124075914418219	0.08159486420628628	84.37231212661044	82.76064751499106
0.048156103902444604	1.015484642548206	0.07951132197917467	84.38301356316165	82.75297771316585
0.044127742514831585	1.1276862353606747	0.08876868017247387	84.38301356316165	82.75297771316585
0.04504866023054105	0.7885993838763237	0.07400065368482522	84.61993715047304	82.74395034947305
0.046407539153986925	0.8846084202977625	0.07281157681477958	84.66277450444669	82.69791407951699
0.0372546263438946	0.8805467595584133	0.08512268248340986	84.60367329586283	82.78393493320347
0.05746622746417267	0.9450165446245952	0.07241353749428635	84.60367329586283	82.78393493320347
0.03720593733722505	1.2050805069451929	0.09758289628640036	84.51328743078537	82.81015696722795
0.04608873510175254	1.1260667035695267	0.08331410593803747	84.51328743078537	82.81015696722795
0.04913931055068017	1.0236615211339393	0.08395467195757769	84.51328743078537	82.81015696722795
0.056882454241802015	1.0171236044970002	0.07622023739878979	84.51328743078537	82.81015696722795
0.0423272082129204	0.7386221319881879	0.07865024598380461	84.51328743078537	82.81015696722795
0.049348903197847134	1.2303018702278408	0.08239364558754439	84.51328743078537	82.81015696722795
0.042237230632092185	0.8813315961961288	0.0678408452225137	84.72778040026895	82.83942889549698
0.04327188938564351	0.7737368039689916	0.07764832769173505	84.74936056845145	82.7183034064854
0.04300866509537199	0.8627856408795336	0.0772364559583606	84.69489517113777	82.74713163984643
0.04231038650571893	0.8441085021146504	0.07590008919005144	84.87532234662488	82.862587349625
0.04976678027331268	0.7397357469866955	0.09304993251414731	85.60984890522393	82.85099593319943
0.04774258617669715	0.7567596806119754	0.08225306812477128	85.3364427092088	82.87192387082598
0.06002968257409992	0.8911590277317318	0.0755112330258941	84.90375125377675	82.82781293720727
0.05128606499940526	0.9648658515009652	0.07387286536236222	85.35877663681441	82.86843301554681
0.04767072938244378	0.8758033985980789	0.08722023092214333	85.09929538690822	82.77375640344661
0.04105469197778191	1.1865217015214504	0.07128181907589433	84.54765995632727	82.83526812269942
0.04620960948896078	1.1131228588213193	0.08905434388870935	84.54765995632727	82.83526812269942
0.05132787375160183	1.282446059120461	0.08129139833340165	84.5623267690101	82.86371143737753
0.053946226719047016	1.0677201616136196	0.07573223497968964	84.57876385248956	82.82460738663337
0.04618318991289385	1.0824314194123028	0.06742885578682908	84.57876385248956	82.82460738663337
0.041668830554667025	0.9254502022022326	0.09734655706117208	84.60348256823372	82.82142998456698
0.04610392433643593	1.2873310762125372	0.07972176809481113	84.4360128148983	82.88058227638847
0.03979585263842821	0.04249611623820037	0.8658491900552414	0.08225949941039311	154.46263359868138	84.4360128148983	82.88058227638847
0.045922847758540296	1.2892863353945154	0.07551840337326322	84.4360128148983	82.88058227638847
0.0656283614800231	1.0672599562418759	0.08244676918538947	84.39993005530748	82.88445150506226
0.05386224660096023	0.9187603398538161	0.0773900718748097	84.39993005530748	82.88445150506226
0.052382573216179625	1.208742347455395	0.09262522338788765	84.39993005530748	82.88445150506226
0.04564713756521054	1.3171744714986442	0.08821817802682955	84.41459704397128	82.9246025229785
0.05142757872570331	1.2400640469767314	0.058104210470734066	84.41459704397128	82.9246025229785
0.05843072780148247	1.2560914009506752	0.08471756324494491	84.41459704397128	82.9246025229785
0.04228122054961503	1.0680838092034508	0.08057255227780884	84.32507962313181	82.89746088192997
0.0490403618992476	1.074985480245752	0.07639468655437405	84.25742126653962	82.8307315573704
0.042025472438526494	1.0434931673715324	0.07319020238248879	84.28433777934028	82.83295924972609
0.06639852576295736	1.0571483442714538	0.08193628696769219	84.7621086347774	82.87403729676122
0.05034526375520384	0.9744892509814052	0.0804422807062962	84.7621086347774	82.87403729676122
0.06878126262113918	1.1727610605091923	0.07733677302834788	84.7621086347774	82.87403729676122
0.03876147563434987	0.9714839204036514	0.08593834442692515	84.66163593276355	82.8779793941294
0.24911609668797455	0.04461820543908219	0.9778912079416435	0.08470396389471135	188.58467101922292	84.4013409545032	82.87609916071902
0.06543866118388317	0.9074104144281112	0.06580744599640682	84.4013409545032	82.87609916071902
0.057375772007184196	0.9552365554732869	0.07592551651692936	84.49890324136068	82.86527298213508
0.04484495187798782	1.023632063837985	0.07308964681699427	84.49890324136068	82.86527298213508
0.05099288675069416	1.1085343650982853	0.07591132609394499	84.4615907236555	82.91376074157817
0.04254763656773105	0.9606650672257073	0.08628688283392753	84.49629948756728	82.85232342681277
0.05597726198678533	0.9749795387968252	0.07040281567862236	84.49629948756728	82.85232342681277
0.04860071475190469	1.2447471832503803	0.08549173840240662	84.36720349903413	82.89072807423369
0.05976797817031082	1.3649187187437084	0.0718289174392444	84.36720349903413	82.89072807423369
0.06130475454830791	1.1807446453926396	0.07536272540215154	84.43251213392516	82.89089261288174
0.055187222502889065	0.9328554385764924	0.05030184842107213	84.43251213392516	82.89089261288174
0.04870897046828973	1.0196951027362455	0.09157071371004681	84.43251213392516	82.89089261288174
0.046429125955338754	1.2620105994229032	0.07081780752340933	84.24274817609732	82.87523485505557
0.0575753104864294	1.145111005864315	0.07080623951876587	84.24274817609732	82.87523485505557
0.06262740604734798	1.2253710762520906	0.09254590660278933	84.24274817609732	82.87523485505557
0.05235115017388153	1.176210595117109	0.09723497279727966	84.19350442295494	82.85950003221004
0.05024226640351926	1.293255014863675	0.07837186659999576	84.19350442295494	82.85950003221004
0.04828565716818531	1.123988545729782	0.09096241787380137	84.2215994129864	82.86605956955829
0.05221270131794063	1.2818024956489444	0.07342554792649991	84.2215994129864	82.86605956955829
0.04685942830265375	1.058193914978617	0.07795282389996035	84.42402979734656	82.87327957693405
0.05745765872672181	0.9392582916146114	0.07804354696137143	84.67894463324836	82.84947838761703
0.044258360448956584	1.2368280942782126	0.07766740504342112	84.67894463324836	82.84947838761703
0.040147262789081914	0.9073980300924092	0.0816090251072907	84.85463794286562	82.90586647628301
0.04416793849783848	0.9117569620008498	0.0828869051592798	84.7415421806173	82.96231651339113
0.04077400969584429	0.6356641845299337	0.07818770239967444	84.96910412962956	82.87528728964757
0.04344165913402686	0.8588145530929319	0.07654221326443172	85.0972122067415	82.96104750689877
0.05225920549557637	0.9092531627088698	0.06603100183971976	85.13236642623306	82.87307773545108
0.048905467562409176	0.8048103314619243	0.07306306369451535	84.94439673204812	82.90290853137968
0.05249445112236742	0.9591682889456614	0.074927133104719	84.62301564027376	82.88312168253859
0.04328550229061445	1.12110557771923	0.08351581140664205	84.62301564027376	82.88312168253859
0.04529874223037119	1.0259170505515767	0.09548871697326175	84.62301564027376	82.88312168253859
0.04763019775439463	1.3667821960553619	0.0656905034619571	84.47725649774519	82.86407357309764
0.03859430089502013	1.2655336305023124	0.0846838770734982	84.19063130886748	82.86396839223498
0.03880115169759622	1.4613047156418053	0.09097644391173888	84.34428809809783	82.86162487335875
0.051816788175065014	1.127300293537814	0.07947072429308019	84.34428809809783	82.86162487335875
0.059722382958844036	1.1837165086399504	0.09078021034026477	84.34428809809783	82.86162487335875
0.05429038477196845	1.2106663873113883	0.0789143459822908	84.39703830439717	82.74504183075314
0.05363558554307618	1.1251794257808252	0.07075397112442733	84.34021845875498	82.87524776150555
0.04960500985081762	1.039134864022623	0.07738796734347375	84.34972469723976	82.75657429432427
0.052904919423639105	1.0939525851901217	0.08043264759221802	84.16178518631743	82.74310327127702
0.05701824811268759	1.1940804762319512	0.07256980925929189	84.31423804007404	82.9412873041728
0.04033763255043382	1.548777545346121	0.08135159288988268	84.31423804007404	82.9412873041728
0.03488879983076005	1.6661899588618763	0.06970239923643416	84.28045285346306	82.93785644472379
0.048297959613611545	1.3047175723018178	0.09548654355982762	84.2749149001101	82.99227491413701
0.04738900539241183	1.0950031148581068	0.07559115638303318	84.51554490925568	82.98999518915862
0.03954305773000876	1.472672792175159	0.08882046812628701	84.51554490925568	82.98999518915862
0.04666913813242681	1.1537958271064446	0.06980423204870047	84.60235972874182	83.0155935268515
0.060453309765793294	1.042977374873407	0.07458822597680118	84.51655868970116	82.92322747214548
0.040035673875246834	0.9789539207596056	0.08062044370083613	84.46147227293774	82.91761837961256
0.04138119491769477	1.0468469406384147	0.07232229058421691	84.49964279752923	82.92140708941272
0.04036739412449505	1.2295618962016044	0.07833492290961859	84.49964279752923	82.92140708941272
0.04524897028247812	0.9785075838276268	0.08694347558204191	84.61488294223759	82.8738433126777
0.04634976273731974	0.9975369859933272	0.07453935385861703	84.49047797653019	82.8762916723942
0.054561287127491004	0.05372349355854259	0.917206634386547	0.07800417919208627	182.27924637581506	84.35122582026099	82.85480112593946
0.04269224557725485	1.131567820784067	0.0745729225181028	84.23552484409004	82.86146992233746
0.05994314431627051	1.0876491471613512	0.08485295565008165	84.28134234446559	82.8617227886141
0.04492314374106613	1.0445837529073692	0.06790055250537841	84.28134234446559	82.8617227886141
0.049612279507493695	1.0626974559082785	0.08271408421056647	84.16176230208654	82.87651033923446
0.05145061712044128	1.2795640905552574	0.07792124136282962	84.16176230208654	82.87651033923446
0.04511683602817612	1.1623486939706935	0.07909951378406338	84.16884357638185	82.8630583124961
0.05877184379248329	1.1682424523914725	0.0759188683489149	84.16884357638185	82.8630583124961
0.06057395709500532	1.0352281093324038	0.08281144315293174	84.16884357638185	82.8630583124961
0.04765240323341018	0.05564545068638066	1.1422820631207005	0.07788984639274278	137.66232121683743	84.25364383373979	82.87720380210844
0.05568813740071077	1.2598913731131614	0.07294191992249249	84.25364383373979	82.87720380210844
0.04941704055414853	1.1985050521527363	0.09518732894812558	84.29638931656197	82.87954216935397
0.05327290485586372	1.1090121069920724	0.0750231395639449	84.4025796811185	82.87374948319136
0.04078297314317053	0.9870423497194333	0.07711984162587433	84.24222549267945	82.66429642429038
0.022822464763483166	0.06006732420336269	0.05845475047281376	1.1599099156361588	0.07699265555046644	142.7831493680177	101.4338967076063	84.32604389937954	82.80210535354854
0.04445274903034888	1.3102356694621562	0.085297896698173	84.32604389937954	82.80210535354854
0.05947977702117104	1.0760790176434656	0.07719757334791144	84.35298533803838	82.8083569310195
0.044732410715332134	0.9804728426266558	0.07856826961184772	84.35298533803838	82.8083569310195
0.04128688977217467	1.0578435445286236	0.0774664598781531	84.35298533803838	82.8083569310195
0.044588555777884134	0.7617965279716413	0.07855294659470702	84.35298533803838	82.8083569310195
0.060284063324740254	0.9383523715893959	0.07950130626916524	84.4015826023394	82.80602114297722
0.05358355704093431	0.9906632848701765	0.07136200869357158	84.34460437439635	82.83118274284588
0.039594162926057615	1.0032591181028017	0.06977276766822069	84.5002937604047	82.81522990643288
0.05552604492097703	1.1884548115633058	0.0794922569525035	84.5002937604047	82.81522990643288
0.044584682901511664	0.9975522992409199	0.0736640987770211	84.36982168419729	82.78778841457715
0.05272844134557248	1.4506724803308884	0.07736481109473667	84.10354083666766	82.88014855178339
0.055390617604053144	1.4171380335134718	0.07162057428452305	84.10354083666766	82.88014855178339
0.05741424759282879	1.2585523191144916	0.08175935247494327	84.10354083666766	82.88014855178339
0.04251833078611914	1.6356326276618265	0.06632136516596283	84.10354083666766	82.88014855178339
0.03848446851897793	1.3825660971978364	0.08072199505038713	84.10354083666766	82.88014855178339
0.05077381528320742	1.3089437716824728	0.0709537178472387	84.1140171797001	82.8781373936483
0.05360432318054948	1.1812887695160252	0.06949887747817304	84.1140171797001	82.8781373936483
0.06509717048777443	1.1480395273292214	0.07227799711061086	84.1140171797001	82.8781373936483
0.04445233438172824	1.3669150312783875	0.07856372145943676	83.9852468109695	82.79879054490198
0.04724292041077569	1.6505772616858623	0.08405716726019662	83.9852468109695	82.79879054490198
0.05145603021275492	1.4419901333158713	0.08401860914023251	83.9852468109695	82.79879054490198
0.05819715474858635	1.1568246344213626	0.08913793141204396	83.9852468109695	82.79879054490198
0.05269337676330776	1.1574496259756766	0.08469459820493443	83.9852468109695	82.79879054490198
0.05823500018353345	1.3575749104548664	0.06659305822694468	83.9852468109695	82.79879054490198
0.04077836270618732	1.264733083876135	0.20344495156128545	0.06829921892825212	84.0544954486241	82.85303139896938	81.41846632059429
0.050154173849828884	1.544095184075457	0.07549988165245311	84.0240346055412	82.79695354585786
0.05354822837414446	1.141437711340222	0.07127334272037329	83.86628845010493	82.75928171372415
0.05982907041665773	1.623442237370496	0.07867325704028293	83.89571622849186	82.82773218657789
0.058977121102339575	1.162745804471155	0.0698579097604045	83.98486328453119	82.82356505132424
0.0549443954719965	1.3452012632166699	0.0662877471263015	83.96913373071047	82.83591293757267
0.049414298467215304	1.2992805018597484	0.0813527824605015	83.96913373071047	82.83591293757267
0.045699825573805225	1.3653131667907636	0.07432891392994276	83.96913373071047	82.83591293757267
0.03885853267132834	1.3690812849064435	0.08094806453568534	83.96913373071047	82.83591293757267
0.06323442759588788	1.3933840260336503	0.07785174000618852	84.00014223582936	82.85643026198757
0.05619631959265966	1.4310109023837299	0.0790747559538345	84.00014223582936	82.85643026198757
0.06555983304584409	1.7055946643487865	0.08027943558274248	84.00014223582936	82.85643026198757
0.05505183380574579	1.631513492846901	0.06788878486808825	84.00014223582936	82.85643026198757
0.057163252708808815	1.33858010775666	0.07073605464461503	84.00014223582936	82.85643026198757
0.04281256183182972	0.09558554353598876	1.0846541357842845	0.0857304573782392	97.77089506475785	84.00014223582936	82.85643026198757
0.05747797351798512	0.048333638252772	1.2775437567601617	0.07651274144861839	147.89117346400505	84.00014223582936	82.85643026198757
0.04687379359196534	1.4354790383003957	0.0832606813580407	84.00014223582936	82.85643026198757
0.04744482065803035	1.7526025636699205	0.08082268168293882	83.94911773872565	82.93507922356952
0.05752907145676615	1.2587250542388637	0.07300995397243422	83.94911773872565	82.93507922356952
0.05563475839788227	0.7832160359938148	0.08284870714458044	84.39288061428616	82.93946931062486
0.05666757844167018	1.1314692663568333	0.07690168883381475	84.39288061428616	82.93946931062486
0.05097627506237892	1.2164368762254392	0.08578609137665848	84.39288061428616	82.93946931062486
0.04786683004848217	0.992199543194934	0.07731390122994948	84.39288061428616	82.93946931062486
0.047986163917173974	0.9413776024625682	0.07503315255955999	84.69784860487727	83.01822841480742
0.03981931310067527	1.1465935564163767	0.06489993060255388	84.2372764897946	82.98045767119987
0.05180894357669683	1.2528590353604754	0.06823732793665373	84.2372764897946	82.98045767119987
0.0495626700955963	1.1646474452107887	0.07416617425625183	84.2372764897946	82.98045767119987
0.04752390624037963	1.1149563462503882	0.07736151531857728	84.08391072360443	82.95012763187825
0.06049847865739677	1.507217482169332	0.06922299043220698	84.09540813441082	82.96735594059459
0.054620975330755765	1.3107733178284402	0.07412400927307114	84.26835262790347	82.97198465987194
0.04870986163849484	1.1383209738629914	0.077355205173406	84.26835262790347	82.97198465987194
0.04777800432048594	1.2706751656813873	0.07809713410725207	84.36802957086066	82.98061174577155
0.0513153244842739	0.9775560500164486	0.07484739338567378	84.28828732817577	82.97677387989434
0.05272652213305709	0.8617982175250917	0.08299001399314025	84.28828732817577	82.97677387989434
0.053627612569363964	1.123011269271485	0.07068513066258114	84.28828732817577	82.97677387989434
0.049272691772154986	1.0104537067317794	0.07877751481876459	84.28828732817577	82.97677387989434
0.037156923290699126	1.440363503565726	0.06821596766308634	84.28828732817577	82.97677387989434
0.05776489160431839	1.3658546921503685	0.07394399584299235	84.28828732817577	82.97677387989434
0.05047418319747121	1.693589898838813	0.074199993855244	84.21830555285369	82.9855370125306
0.045417939774957394	1.2505918141695784	0.07814266026291261	84.21830555285369	82.9855370125306
0.04433469570524672	1.0234118718885197	0.0747971614606398	84.37893866047297	83.00275167438592
0.050259967701469226	1.0977017887416605	0.0847201325319775	84.37893866047297	83.00275167438592
0.06754723108583965	1.3847988183273154	0.08194499533200575	84.51901200325992	83.02023360514143
0.04434287520930353	1.090786946596399	0.08319395472660522	84.44175581647283	83.00702410564315
0.05862691511146729	1.044516369535586	0.07265893060290451	84.88110204493347	83.00342774593541
0.05464860593354765	0.8333762946898434	0.07018664240143108	85.18017658229219	83.00986863668585
0.03259530878189905	0.7923128795048151	0.07429820407144673	84.76810385264008	82.97282018393204
0.045167527225654105	0.8570253261330041	0.08400704612545315	84.76810385264008	82.97282018393204
0.04584895332020643	0.6226215220968535	0.0801731057656711	85.07033964196279	82.78149742916192
0.05300057907152358	0.6098805651209798	0.08433526549403826	85.24720194924339	82.80630769550906
0.04856786581279554	0.5764904246147073	0.0753791602077191	85.04706631322571	82.48798726970305
0.044436126278871134	0.04968308176773727	0.7112247428329825	0.07548558750403099	110.55226541377391	85.04706631322571	82.48798726970305
0.05236509529540065	0.5403055592988856	0.07211194754467412	85.12992729738066	82.34181138291243
0.0672763520775931	0.5804239127431451	0.06584244634890953	85.19243342523728	82.34033250868522
0.06268309167760591	0.5569260351167502	0.07731482226974774	85.06836797297892	82.20965193350955
0.0441086143517764	0.44611965923026814	0.08056111038145083	85.49753860752081	82.39635525983651
0.047129598243299146	0.6220454855761473	0.06971143352649478	85.56958010886322	82.51867137047824
