0.295860897712538
0.058257618567562154	0.3961623092836072	67.56248741689446
0.07385026225846697	2.7475152056131047	66.40170984193956
0.060207202589376695	2.471874163274947	66.22084104541823
0.09048241390312396	2.2255786810231735	66.48069940896929
0.06820331557213577	2.270519325381843	66.38660408616866
0.06153468507530823	2.998622846731077	66.36861881867851
0.05205474017210799	2.7096022937679267	66.41386187128369
0.04505219931611955	4.88945349569325	66.34338614115377
0.04523798597811093	2.210518588748572	66.40881050754152
0.0725190641899183	1.7788275545419772	66.40692546706595
0.0505695590982488	0.04183267778308052	2.405914348359268	71.13395469667046	66.70868849098925
0.04279392929911498	4.789399188683519	66.45779925737254
0.1784873817180115	0.050566055056039616	4.346396717462549	121.07122374213554	66.19987102378332
0.0508461208073101	2.8440353242887917	66.67391768947638
0.038062496028611795	2.4759196912574115	66.59179173674656
0.054074901300302146	0.84902662905195	67.0778482434374
0.03187317630320152	3.066156850430728	66.38007585954114
0.06073665416407422	3.1802724538082927	66.58373426612346
0.053434815261877544	3.316087693840449	66.49293077925539
0.06208606601753653	1.4808872692172295	66.73173886414736
0.06726790206221903	1.966540134495489	66.66213864597302
0.039625654426561754	3.0552379268516625	66.2132289506094
0.036320807858256185	0.05360801193390666	2.3867574323150005	97.24212901539565	66.6206077139843
0.06289742540017834	1.8717310825711624	66.8018848501182
0.04999382158720603	2.7357806593898175	66.41785803199896
0.06465603526357411	1.101950762692697	66.50197452133187
0.05018724725500804	1.7784700430459557	66.6799166909204
0.05579627465932315	6.191077966871023	66.26482943630434
0.06064322715152581	2.2701376553906036	66.32854229191821
0.00875935004399515	0.032369106639453665	3.448708246583029	103.78207960330414	66.50210911946903
0.061393384449176934	2.513202599964716	66.33411577675805
0.07439489635577128	3.430548881254061	66.49630392671105
0.07139529141809453	2.295625832144118	66.40558678699301
0.038236510693074585	0.029373846190906622	0.0492762581611431	4.295399024381801	98.52300612589748	76.31940160460731	66.4361721748647
0.05242845330693994	1.6781732231513509	66.38664289594632
0.05318729022414295	1.5845608188277112	66.78737730009561
0.07359473958369038	1.5864466933143095	66.3895255033632
0.025978338432942914	0.08467285433769993	1.2172590264768437	73.01569215463205	66.25748018331335
0.06181619622391763	3.5675326767496824	66.31362746246899
0.03736751548577232	1.7968723011792591	66.51726452355786
0.059477126104832564	2.048291627171071	66.62277167143532
0.05146875339589852	3.216312106186758	66.3821876886507
0.0550216710771362	4.662588463887756	66.39952112350089
0.036072254541887123	2.4120041598663082	66.77542997066595
0.06264549420828465	1.6984953865123238	66.44648819414859
0.0457359634086612	1.623836393715579	66.62690985194185
0.06624797940635367	3.431224588296569	66.24035929039702
0.05399724852602693	4.407110216725264	66.25610313514375
0.05809256996560062	3.3865248970077935	66.41411462418696
0.05307180466072119	1.2956569433236658	66.27213561924823
0.06750596747269189	1.1426674731075939	66.61417936470775
0.008919560603190137	0.07607950354385686	1.7143411391315082	86.80515198046737	66.14220566454102
0.0051418532681325934	0.04923029330261684	3.393505049452174	88.31699447250105	66.20450896911885
0.03658574242735895	0.07457223219786195	1.6513089614848222	82.4348516212593	66.93253027454602
0.02801392641448532	0.8303054257935782	66.53255991169301
0.06617990791781388	2.3158288222173953	66.86169507536462
0.030531284256199404	0.1476954798736854	1.0018046201110202	72.6876903846852	66.91407362294754
0.06235150445622528	1.4229405211429473	66.6212419323445
0.05695529040565959	1.6551997851546947	66.68028597547476
0.06549732480812706	2.0782874263724236	66.37995232951621
0.05981873915990074	2.04065123370413	66.56440851403768
0.06278422315389717	4.255846906095087	66.33831766333151
0.01580489345314355	0.0947380279946189	2.3324978719673686	85.69190779988448	66.52314354825786
0.0355310626743259	0.08726286500380534	2.5660091588558305	77.12859936457362	66.31493603734236
0.04102759534849847	3.2283276675723505	66.44633140514952
0.04680915132671482	3.516266504578852	66.26555227360619
0.062008678302323345	3.5381653478114474	66.44310615489049
0.060607735428557526	1.9764566558926422	66.22977868495381
0.03056207752931582	0.06715117383191285	1.049467586490446	107.47000510223361	66.95934548049527
0.05290053403804901	1.6655443817501243	66.48549959604424
0.0679963720855077	2.0163007016486816	66.31415672250819
0.06896004384679788	4.961286796430999	66.39752834326059
0.051556194325590624	2.493849764510494	66.30835698062137
0.06999231014835397	1.6151102917361773	66.61248068131653
0.06160519199759359	2.1633202879699547	66.72672035392291
0.05721333844047051	4.1790029168281295	66.22467682802417
0.05621403702300983	0.0404372174657474	2.950969477082169	118.44218978267769	66.74374496270467
0.037391930226606335	2.9069407300013315	66.45940110538231
0.06047734897851795	3.91952065572481	66.2132031287366
0.05411620808883755	1.3645810637889286	66.22654021193802
0.022263096830009176	0.05110466322664504	4.47909829374469	84.77910836851312	66.39419306479824
0.0034866989906741897	0.07555685572836554	1.0088042543384628	81.69048067800765	66.42593368614271
0.0032088127735540144	0.04686329018680553	5.209747531464422	81.79268348915467	66.41365575356797
0.00580613976416802	0.059888511056951706	2.3963120162924056	80.80288968290003	66.66214653496878
0.012247997018506845	0.08095832585625433	1.583038862587398	78.32599975666653	66.7228564407835
0.011368513269234588	0.043475136312038	2.2262869902541245	89.50044453260395	66.69511353412588
0.027101541891908387	3.7234435706001445	66.22675321907046
0.06269292143270061	2.8011743181883713	66.4103086132088
0.022000893127633078	0.12290641168116141	3.8941582432984796	80.94312976040945	66.43439408668982
0.011833303686729699	0.14182152722202543	4.034367277378998	84.51846497891712	66.26723083015033
0.03696168816470811	0.07743062525885441	4.636340202513907	79.19085221461863	66.10085634533705
0.0115687631530424	0.06576755879910817	3.1372501278187035	81.59423481226241	66.42081417257772
0.010639114607655832	0.1377766428945874	4.279489514660023	79.41677424870251	66.29040360572608
0.007439952084019204	0.05390961786161424	2.1820683440116517	80.70505801973272	66.45821774189362
0.00637984475014197	0.11010804121600354	3.0065489221528874	77.0946231067915	66.56730862627758
0.017318983642662687	0.12764698518117876	3.069341910225347	79.21373457884653	66.37137346519391
0.005027350919492259	0.032940202332000006	3.213173880999037	114.1086647883989	66.43381172119548
0.0679506048817339	1.3715244884286182	66.62973574537546
0.036027227699742884	1.0830497932771654	66.6063604782575
0.010769580167401283	0.09142784719046988	1.9854155459474836	78.46700282616347	66.50446884349904
0.025575740425349942	0.06608819806166122	1.1289586392387778	79.23488690172442	66.53250637357824
0.03111117519326048	0.05783233023080578	2.3082446549869085	92.99431201464057	66.64265632148415
0.03457264037003172	4.242074401631777	66.23027997755135
0.030743935632060244	0.21841997503389346	3.1059671405887492	69.86985495024835	66.52014661291733
0.020026355414186486	0.12199934352142452	1.765529121970593	77.72563495888345	66.19236416943883
0.011149806154017703	0.06312510316439604	3.7247097625037098	77.58595323249745	66.4309773856522
0.02282746357591285	0.1071188533314718	1.707521599084776	76.22408173830915	66.52205777234254
0.015552413875636396	0.09825493452550435	1.9852466488097533	78.64719845646741	66.45276878414386
0.014946592490328155	0.08907634618120122	2.4067184661232095	80.30091317796425	66.38848203688977
0.012184753996971092	0.05516966270939328	3.47591521684118	80.60284435924572	66.38728103461077
0.020700714106608006	0.06358271897744126	1.621489396235411	81.80082822013682	66.53793006747614
0.08180337463024592	1.3735103684437786	66.59835001806336
0.04756339615358901	4.252359221638261	66.29413774052901
0.07217597651806376	3.652550355444608	66.48838923632765
0.08157174480302147	1.9955187632824032	66.39177868711893
0.05093388715544446	2.1169544369923474	66.50265089992536
0.052841572555254276	3.6417355911769405	66.52163520418804
0.07717810557850527	2.7681457378209386	66.23058222218674
0.06394290946579737	0.14992581788202938	5.383540175915657	74.8479039837657	66.20344257385013
0.043817285409396355	1.3075755420683344	66.52589590666558
0.05009824501436194	1.0972633418058266	66.60076369125966
0.05271490854298775	1.2123509115261435	66.76823942808959
0.04349686549445093	2.701694113557097	66.41531179332843
0.04506491974191745	4.357834605745293	66.32897988909582
0.060320688788704176	3.9245324549704	66.61716308425312
0.059958987406915	2.4664860127013006	66.65166887637963
0.035280521425082575	0.10593914989144104	4.49074354371312	86.61570880232962	66.35501029378662
0.06826797561888122	4.343200146752904	66.22761522360967
0.04379062454459688	0.07382260718505446	2.561271925855963	77.94210021754547	66.44695645630298
0.044981207483855555	3.809175815804106	66.43225482690423
0.017204536464678757	0.08215936355836256	2.238964373390217	90.29137243768844	66.41348961673845
0.029595736408875722	1.9276951818837387	66.55745981430141
0.06664222824268727	2.962132712297473	66.53928975171382
0.06482157561308638	2.738710535694691	66.60451641262227
0.04308057720676774	1.3550942275006617	66.89187930001971
0.05633395128993945	1.1020277458142416	66.76223982489732
0.04163276034333306	3.833471839851667	66.23506735283888
0.052315900125442794	1.7392836420679663	66.61016157456005
0.05985690809333817	2.264780914584948	66.48985023207517
0.054703809029944206	2.3580046175376586	66.72065829808419
0.047849037358553434	1.5150277926305045	66.51995366193441
0.07300390071083758	2.783416603251753	66.77047121489741
0.06690882603254222	1.5776137743688934	66.47166209255619
0.04446858412013579	4.171651430679125	66.32949301617451
0.05081241281518787	2.2486954780100135	66.43976959212583
0.07876555478007477	1.8594300495565632	66.52248726595641
0.05901714846284745	1.4303543517313237	66.6401631791539
0.0670040695445259	3.9941262339511767	66.18357200796466
0.06393467780618532	5.7074615766263594	66.36719497795247
0.05001611155285256	1.8887320404541694	66.74029773461764
0.05193530013831173	3.336087559980253	66.33348556856804
0.04205394797659104	4.4165690615251	66.37845224974144
0.04185562149668	3.4208346348836556	66.24689000564392
0.04068151230729331	0.13617428597080472	3.55486366102692	73.16834769749036	66.43272081433594
0.04597983099661447	0.13915585189144442	0.9192857209930114	71.6912430149343	66.50913850160985
0.04989078891589625	0.20419860351533095	3.135609401630622	72.69988610449587	66.1843062378815
0.05060850865665523	2.7129254226175035	66.33304913100294
0.07853220826930965	2.593458351372549	66.50025758919855
0.032152398706922596	1.579213672075415	66.64094231075802
0.04288278153210396	1.9398059507700227	66.47417795147945
0.06863074335736069	3.0836574795435716	66.32361164766517
0.04373907066697828	4.242683003671507	66.56904181354403
0.021407500249240752	0.08315187048967247	1.1560647960149506	79.14839981583461	66.33183353068328
0.015458437249633646	0.13095914030681302	0.7918342470691531	80.3302686046829	66.7573756488625
0.05346862559056957	2.6196910318869984	66.63407727780864
0.05817342790486773	0.125001040701446	0.9440097770290177	67.88808412976455	66.45374802533334
0.04280778891755674	2.6064306598708664	66.42650195025651
0.05746873096127701	2.0693450519417143	66.74290618181885
0.054227387340127255	1.5082653350662394	66.55533796070165
0.057502165609662294	3.3491986197108146	66.29818812986218
0.050363685625910475	6.040704831961182	66.20567350951745
0.030102998303859336	3.6809349195463907	66.28092056546278
0.05315363496156206	2.5971365343756494	66.21500170021521
0.24554320451794717	0.03608478627541999	3.0846451435656324	121.49191543436798	66.34691482150082
0.028523110536828527	0.08611308536911165	1.2755649668253373	89.87197698379524	66.48127829064097
0.04983884213362099	3.455408774412027	66.58141552280385
0.05900991741791024	3.7707713375908085	66.18446849497255
0.08765541024312073	2.4427314899758903	66.21205717265029
0.04731629008368255	1.4239475372801025	66.2205753878027
0.016231059677378024	0.1353176935236492	4.166202805258988	76.00946178701072	66.35850564735802
0.012818350348222741	0.08819174168198561	2.262186955200167	79.01015050857686	66.3618727011587
0.026601044737530544	0.11502984249708567	2.8113474991420766	77.2827394010612	66.40068856828516
0.006198242282630387	0.11588094746085185	4.006720160083718	81.59594473184183	66.35358178767787
0.0025092279094818025	0.13110633298628574	2.376073916508328	80.43245291162098	66.36149984506072
0.004556972695532969	0.14526407169766234	3.2033949794679657	79.8733261581371	66.41873413913066
0.0072161145026446985	0.11656099603775556	1.9948261176649618	77.36222049780505	66.63877769896222
0.017711770276581093	0.12184005625092563	1.7346534612768725	79.85771429790644	66.51415299597411
0.044403546128644306	1.205308442734715	66.64720548712455
0.06418627251844153	2.2951842327191985	66.5378082317525
0.0717232572896996	1.407177455249563	66.61881194426411
0.04684840455394078	1.472243555123466	66.28637964235834
0.034743886663189935	0.08166097025743659	1.4737373305303982	77.49501362408975	66.31589762636743
0.07953698496694768	1.1630060193423457	66.59721957609958
0.04042181868842302	1.4278055509897238	66.80946276243861
0.04718467818518938	1.5798982898719873	66.4373834851527
0.053978481664669946	2.618418849080057	66.52539750169565
0.04812466890898993	4.205971344231499	66.20249629964418
0.02347393594824879	2.549531136906245	66.73540396688269
0.02841420041044616	0.031229674150527208	1.5003179182010469	100.45713477783407	66.75107399190738
0.03403959571685272	4.788547764483329	66.36724008665755
0.039783339112111855	2.9018530414879775	66.53662900056277
0.04092142945355273	2.0871945723212604	66.65373141495556
0.05574213457227509	2.4797015249537115	66.56015987046744
0.039271263970796416	0.16525418756198892	1.3542289806410461	76.416429905837	66.3968813325133
0.03866334355907613	0.9707129845452801	67.01832711305977
0.04908319661136511	3.5590360972652837	66.33657492978207
0.07184662001392116	2.414710264207477	66.51830581347473
0.1670834320980808	0.039953065801347526	5.372452286059982	114.20604444258738	66.34815718074516
0.09174106354288611	4.8133248445528185	66.34489980976804
0.036080698277965915	7.003402703827598	66.38067273078691
0.049878923975614435	4.7363516033031	66.1797970780457
0.04341998294246264	3.093765599047728	66.23436752077018
0.06371917790917318	2.4674029983220946	66.25021199879568
0.07355037519640836	2.9947652643219786	66.44046947024879
0.390465292168015	0.05145271409966506	1.7619810970056615	121.1400770666718	66.51752647726958
0.05155373829227296	2.459654351496865	66.53321558913305
0.05990461339800774	3.389169699477621	66.23164679193027
0.009296101601420826	0.05315460667991485	1.6393084263151076	103.86684420912583	66.54002648117749
0.0014139905083233265	0.06146950441281702	2.3407209604632673	103.91056401093809	66.32238091930958
0.006641708307294287	0.05774256291816681	0.08019445127791557	2.0879457955168137	98.81354511193689	74.94961811545087	66.53113477091938
0.06922739191797844	4.205493662960006	66.37985166643848
0.048998672524341	0.8015860213785987	66.78272800685716
0.561115009764629	0.03638051892037118	0.08611056211858276	0.09066766454390487	2.9383293952652787	119.74384116058047	93.5011346508021	82.49246727338208	66.27506953252708
0.07688384073210662	2.6217042180479098	66.15754573492833
0.06884634797542684	1.8770993256796904	66.5066924937339
0.0822766675276365	3.4748497150729607	66.42744031398526
0.11924747031229571	1.085507474369939	67.1168521609346
0.06537670949077709	1.0244323594615823	66.63424936456329
0.07623651542849263	1.4118572069096873	66.94570587906907
0.048255978505093465	5.038619015528973	66.32976291817903
0.054259198073258796	2.514778964560774	66.43688088948564
0.04714008649097758	1.6523518949280276	66.54690855307265
0.03745673196636714	5.27067429145126	66.4216536606979
0.05985758229508927	2.88601267691388	66.34220094805934
0.06449980340783235	1.6685897137997254	66.41927215123455
0.05348047227336712	2.2593911272038913	66.61371593700319
0.03722763579611529	1.6049985989530993	66.53077866348197
0.03424136470520433	1.7788966802250288	66.47570237501033
0.04161541911094997	1.7130348802620514	66.41928467023669
0.05110304726335662	1.540981164691228	66.50903488083888
0.05133538595238772	2.794254732406484	66.55686734118159
0.07126174623934006	3.0876150839764525	66.4549076107743
0.05523548746938596	3.393345053907569	66.21951932858448
0.0644246775599411	0.10430911879597578	1.133644048148429	70.19947168952272	66.50450574173084
0.058593962815405805	2.407310166543073	66.54625824621276
0.05222402525852556	6.931723765592918	66.19567803712421
0.05329394481161249	3.268914141164527	66.36468257122071
0.04623647993757573	2.2753908426370444	66.5496552802957
0.06094276506823839	1.8021555534116294	66.86855364456457
0.04734144277150892	5.554904895482816	66.30361747554075
0.08529215862121105	0.06743646451423814	1.9104360452234121	106.59830228758284	66.68588785984812
0.040747862892885886	3.721959572550214	66.41387931330739
0.05415309881718081	5.103508037647852	66.4514572924682
0.07857601119305808	0.503296040976354	66.42780276573177
0.017438312793906886	0.13214546903136895	3.1062452774066154	77.67319524905118	66.38456739392629
0.007712408608824331	0.1667217467219504	2.4357224188303093	76.79277167901391	66.25033206988788
0.009138338476833084	0.10080265080683562	1.7152327544521122	78.37125350072183	66.29769489188891
0.010291550434956376	0.07035571809399636	1.8136014936911522	77.52815757666995	66.53936216254165
0.013362904837469833	0.1409074758879257	2.0273407686228713	77.9936447722026	66.55724432273634
0.04903893192216321	0.16013784553641536	2.1973781662014495	76.90519534720393	66.2435367317278
0.055250684443751204	2.0945160004564594	66.74504465493865
0.07327851169478779	1.7534001777363015	66.79296795959044
0.06355462987905312	1.0010203292021471	66.96155057882419
0.09078638327434121	1.8509365121578945	66.64024942791656
0.054806119470107925	1.8724167613167613	66.43398651108585
0.009311096088520718	0.056314625231826274	3.0985047799655123	91.1484359720194	66.39989965689243
0.06331077488589856	0.9545873231786588	66.38179479941304
0.03928730516680092	0.07387297146323984	5.652036353018226	92.25362268437046	66.22834695917382
0.03843277597764436	2.500499502152714	66.45686989256714
0.056004110490395144	3.377793646407329	66.30733658527176
0.034637244013271694	2.9046439648208975	66.4729343481916
0.039155319251483224	1.9886650827988461	66.588778461911
0.032638005836871875	0.06643674339994157	2.785720818247831	77.37076053754977	66.46403032708601
0.05618743038288312	3.2378168910567635	66.34094847033536
0.06836330350687961	2.102638967592325	66.27749767407984
0.06737704615941102	1.8438694024286	66.20133536994322
0.05904166843622102	2.7257769008815167	66.26717470177869
0.08497359463486637	1.3609977221963798	66.9047558838027
0.019292594975782503	0.0449423193900168	2.238747894972944	97.74232582447041	66.2212789159503
0.06702306867818819	1.784975595078372	66.56410952786412
0.06607360692869545	3.133739069566955	66.40624401892357
0.020256039058072054	0.06740959359582649	1.860778035225719	80.88587941633075	66.44543511579728
0.027476799510717888	0.10706024748121594	1.9169500608361196	77.31278320073814	66.51331085162325
0.025731719791523902	0.07137111707277909	3.2618406096944805	76.66580872379753	66.40296349256012
0.0231491970605111	0.07498309279632695	3.2371495646664434	76.86676929440759	66.29892490147472
0.010306473210042666	0.08006716294692356	2.7542004573279564	82.32581282315428	66.46603760524562
0.03787330494523558	2.9540284257688394	66.36526373867419
0.04197946305788719	0.07409809495792209	1.6513582906424145	81.6276121613955	66.24533671640133
0.04940991637085396	2.4087689530715624	66.62495202929651
0.023971394691401096	0.12962156224697685	1.4158130407442777	77.56340173032433	66.68572341696616
0.014726240497751196	0.10254727366074491	5.182193515081137	77.01591679763918	66.31658398378767
0.018252951829963393	0.10516763104242381	3.0351255291532357	77.25846088940371	66.61678790484603
0.009780917702426705	0.09033453218334074	4.1964599881683595	77.24261624106036	66.22911858696165
0.02693778417184679	0.09047953673660428	1.9624740377496288	79.10398501060367	66.33675371864841
0.03842582296676726	1.7045612587999401	66.55362712121341
0.057457478632226514	1.2602570657006376	67.0313022696102
0.053549093735035136	3.2855892447148864	66.57312243554243
0.056277099531649576	2.9757758719855736	66.39850525387973
0.05048462477199461	3.866065249394395	66.31686444680005
0.021645718026992274	0.09679296476004588	2.7738115918151673	81.53128357659035	66.33886304555331
0.04338735173277301	3.1871575197427324	66.49433296955037
0.03730580492015028	1.8195897304555047	66.63063386943715
0.07336755564474148	3.4244472500226673	66.53983645605199
0.04514784552633513	1.395420336485824	66.8059575226303
0.0641470181507063	2.0375572577730803	66.77257622989418
0.044460259334557696	2.0622467020365156	66.5772894732414
0.048646628460907844	2.468270658207336	66.4385124243002
0.0707745813401137	2.4752425756916505	66.34748467296934
0.04658695363889852	2.341674424227636	66.42653362301371
0.016035959803459766	0.06256736994805628	2.4191735952402738	80.24365010996799	66.5628758317734
0.03770435440333682	0.1348756987645943	2.9565742548971716	78.71470592536578	66.44855864123188
0.06500087928747558	0.9468995313874603	66.40835046308676
0.06780218084900679	3.005552555906189	66.51988874079166
0.041007883334036786	2.3882036827798476	66.54454509491792
0.06046417038987232	4.601329349405422	66.44372055843567
0.07534367918497367	3.3457656893367385	66.36766029174164
0.040976390760214566	1.7261375356948845	66.55339643216001
0.044982109024000023	4.22565770735189	66.24499816615223
0.05624009753409462	4.542276523076188	66.35533001271715
0.050939860310187705	2.9740882367682007	66.35810466419456
0.05850928266605274	2.0120360513889888	66.5352053823987
0.06152996597845621	3.1117605019329457	66.41368766446672
0.05223105186485074	2.1615518469559514	66.4201952647777
0.04450530476587585	2.4102847292056513	66.19165028879372
0.07358703242965477	1.7322637083174515	66.2090172571092
0.055003041053838485	3.6408218451496808	66.40329145014944
0.0670272882951164	2.8904067705051246	66.38437879769806
0.051748939726114176	8.111215298991603	66.08674076772607
0.05641941581393657	0.10021745300232016	2.3429326527903855	73.03604999558362	66.46978584577643
0.0570364724998678	0.9759099624058701	66.70142903404032
0.04633448275952916	1.875444561365552	66.45641379896001
0.06073897992181872	4.208850155559916	66.49041407978225
0.029624231354757953	1.5072565067614632	66.61662788642757
0.060611500488188585	2.0886798646974576	66.6580161018131
0.05956099249745344	3.5646974318188076	66.20278861950541
0.05267327721836839	5.870754033604001	66.36345565359004
0.05807393972797912	4.113550605074853	66.32931146286721
0.051149676419638024	2.3050257420919347	66.44621202367448
0.039862017773149926	2.7204288811083317	66.58234026404959
0.03533630428331101	1.8801765514225088	66.37829426133294
0.07165373660069485	0.03299683970850629	1.7112462938930875	76.03520107323489	66.58892084388474
0.05069724144653433	3.1980064187808988	66.24716606009619
0.039875285291691036	4.707467782506035	66.45129374960646
0.053141187348047916	4.344758695028525	66.37496911180737
0.06291522027487949	2.3509068606018855	66.55818432825643
0.05285429637186134	3.297728870338373	66.63186840997767
0.03821309245111331	4.129410252391805	66.19921077817247
0.04292794523609622	4.87840124263455	66.30659601243538
0.041312192099034285	0.13810622697987684	1.289507662446457	80.75523197088187	66.23107879851513
0.02636583281920293	0.07856230022021715	2.715629251867844	84.2738144759082	66.30112810568482
0.08095473461491443	1.8799204828429772	66.36448374084604
0.025606289319888308	0.04519452131201515	2.634980147307338	77.39735056626083	66.27799274838607
0.047711453961549806	3.1314166683540448	66.5499577519763
0.05904891440461112	3.704329923671595	66.44464858198471
0.10004209053176377	4.420518425992694	66.28733655618512
0.0417032167775117	6.102315892874929	66.33643949563508
0.04823579573287732	1.5534810663753307	66.40382659075618
0.030534722766507993	2.2287673266575228	66.43962830232113
0.038296969754463055	2.7622850160196135	66.48297865277065
0.04839256021852355	2.0885356634311245	66.51787962417893
0.059988870531552704	2.81256038097276	66.14964515996957
0.017771143382127187	0.04428677860547652	5.523848393401134	114.09619185936052	66.27814342836763
0.06543177555777668	5.5059816342636525	66.07317637887336
0.0688667774792334	3.0688548293083087	66.4162523256201
0.036910018348365915	2.840322964607298	66.50959506044042
0.03716037256473001	2.069837685133458	66.3892587173544
0.061108383571889024	4.107394108544175	66.57270113110866
0.042254159438159106	3.5751387258314407	66.26258499004237
0.06013710349755125	1.7208557609831503	66.28801388277476
0.044260462351190265	1.440686124044223	66.66442488399241
0.06801281329723154	2.151646078839039	66.5328489924551
0.09352156855967868	3.348080403003285	66.43920879275882
0.07485421207965	2.618621418388066	66.24120686443013
0.07990868256898027	2.7845916048726544	66.52374487149517
0.029303858583147057	1.8364785771572696	66.60387086784169
0.025599933419237934	0.1001830346325462	2.6394640872374184	77.65065011606846	66.40542508159687
0.02500615732165895	0.08848984773108004	1.4151946039977952	80.08495704603386	66.87575616323866
0.09387797175940148	2.185421119346955	66.46513105000318
0.04379260394272196	2.6426086293838824	66.57408942958943
0.030540483170350893	0.06684536634962143	2.4511938300361957	77.29822695971906	66.62618210875229
0.07428824303365544	3.4788867025105734	66.32757875796358
0.031298016612130844	1.6268670614233394	66.58200538574278
0.06931647304300298	1.8623898964331533	66.64980013558754
0.0515330422837904	0.13834816476774725	0.7770973804818201	3.0299088979877737	72.62658326120395	67.33591037752154	66.06380826291117
0.03815641765631944	1.2731773641322361	67.06259229869919
0.04909212606910733	2.524146204854296	66.20570453114867
0.06768902247739611	1.7177011544812044	66.66875171829903
0.029580358807882064	2.3798016727262454	66.50128442736654
0.041755695719733046	3.33628025438921	66.31349691424435
0.044315356089331195	0.1517557718811711	2.3512898873632007	73.9903577788529	66.32263697778764
0.01733801315658212	0.10640009997053383	2.8444575813374873	79.09415771163307	66.27769860396369
0.036368392717416445	0.08404937464331667	2.5532051293918934	79.2242393849418	66.44491863931435
0.05613282318988911	1.9119372025820414	66.644534434027
0.029162142165732187	4.609888837960755	66.1174185210946
0.03906705149332054	3.841920465432518	66.34723808640656
0.04338268692590096	3.523588954701206	66.48605015889281
0.05678485806794587	3.1653258190440465	66.41022502632948
0.034072796003237496	2.585471703479309	66.4733359106107
0.034873149223773124	2.571225563608174	66.48670884292659
0.04452818260336442	1.700393082771883	66.38536602474423
0.059947488010175444	2.8225999081354645	66.69027168782041
0.047572019029099286	1.8798494624441777	66.50586084596988
0.030165417816285768	1.3752566895667593	66.41324587935286
0.07473229407366577	0.04678534201865907	2.044355494504236	110.81572426038447	66.6068173939442
0.020556251464243766	0.0806029535830175	3.4758130588934533	77.42459583566071	66.47088043100878
0.05884487628429683	1.4272796715812814	66.73818492944739
0.047279041948153744	0.9051086723883887	66.47524066998382
0.04028894086650838	0.12842797695522984	1.585851455678512	80.49681378057029	66.34382140981923
0.014400822193021193	0.14512498374210805	2.6820987181308964	79.12913749734228	66.5125157093123
0.004580970627752141	0.08109387626964258	3.1123506911686665	87.74223297457581	66.40948954317784
0.0017671706003970918	0.038649491898926594	0.09172699128490877	1.4695934047017873	90.66282387194367	72.75419321613204	66.91584042576865
0.0019048506627071537	0.04728332354004667	0.2317003703904736	2.365598197378311	91.10990050650447	72.33372472136435	66.31159964767625
0.0010988530682870693	0.06143932292108923	2.2609303785096695	95.72146733374942	66.59935831188587
0.0003543868072383634	0.06820031378822308	0.760111487100119	94.59249692225501	66.49132647095409
0.004587730706200748	0.07520001106161016	3.227398680980877	86.57291552384089	66.39940503475333
0.010661609900780352	0.05752844151198186	3.478476744927196	82.44109948696888	66.46934024166417
0.03876121412286693	3.1176250598910955	66.48180106624244
0.056483899896501974	4.562223034567751	66.19735245807894
0.07131557266711373	3.544469936532679	66.36989996004328
0.06284176592121678	2.664923151879633	66.22825177595192
0.052592881097982234	3.8010038016835352	66.3847162087493
0.050716963332106034	1.9822168309059502	66.54782899058445
0.04023680106395119	3.954988337160378	66.28045013082698
0.04426493293360132	6.770140985299952	66.25765199609255
0.0674804766530312	3.0118474060901628	66.44700153750503
0.05470295770592975	1.480985966037644	66.41634382191599
0.0550490987666659	3.9831604283558097	66.24044003776866
0.03678483964373737	1.3896454367479856	66.33377350294987
0.06154562779932514	2.3287281326632705	66.88146852051496
0.051639196335887885	4.258225294908169	66.33414040314165
0.06589920754806301	4.754060766899338	66.29869740256463
0.0688988813434957	2.3785936068355267	66.317110638152
0.032295856193846756	1.7267470472111242	66.41241615749539
0.06166835446740034	1.9675137203469237	66.57923061252805
0.04694311381582371	2.1591243378704146	66.36240435027102
0.06748227977368161	2.8216194194492097	66.32174866934753
0.06280960495731577	1.4486604619712324	66.52805445264572
0.0377540042887965	0.10689557146847423	1.6361258315309417	81.01931802452759	66.70064805759753
0.0462923710098837	1.5710759489095614	66.65645149458302
0.06800379543029796	2.4904746029713154	66.50029110927744
0.06527519351472369	2.673124748513723	66.47762170059214
0.06144889822683654	6.043663450144389	66.27872533243043
0.05313630983979484	0.06391007049472722	1.1153883364859287	85.17682676165923	67.19084121698864
0.0376459454487706	2.0594622763665145	66.57961404626346
0.06862817375179497	0.8981027269540695	66.52411827502677
0.06837651185415132	1.9914533619804884	66.51721621717287
0.08566119309628986	2.207555944133058	66.65320587182718
0.05962411476565538	1.7639683156809542	66.30487488849754
0.04942366775445356	1.46322162477992	66.4795144543816
0.07683266809801448	1.6028150057185313	66.39906681874402
0.07787400525104196	2.7252581951281347	66.47560965274648
0.10752169126393822	0.04682304652279901	1.7267617330155864	119.61912102502784	66.49367881588526
0.06708441090822174	1.4738523128012337	66.51298665358908
0.04665846832384022	0.7389191612671623	66.7253650945831
0.01887792317773208	0.09944677949321337	2.764852421316113	77.93132148103355	66.74357894729961
0.07126425710024475	1.2868568987501128	66.65913404638778
0.047260091357878044	1.9345155670847045	66.62322324315159
0.039871150691072006	3.4400737552493825	66.42897013252394
0.06632136104317667	6.359092541758157	66.18303894636921
0.05612265370491887	3.2796514103122165	66.393029924728
0.10047409371784434	1.866017811811488	66.52952937792132
0.03187330933373691	1.8211945319983383	66.66608225693282
0.053995142223955274	3.5839270414101825	66.40572383936103
0.07241221011284525	2.9947242154888487	66.38929019949819
0.03202203695866305	0.08782146702179353	1.1859596400226236	80.09756656531829	66.57335885410858
0.07205542406755264	1.668369398798114	66.97397260827333
0.04840098091179384	3.171354062065146	66.50554803677487
0.0447645153100413	1.88999951070933	66.61322654722183
0.07323537761796597	1.0933748450841931	66.36190491691906
0.078019478438674	1.3066200653995512	66.42004503649167
0.18919411587334084	0.2594187543520746	0.0598523644955767	2.2116748803488453	99.37108714186189	96.08550599296369	66.52914737029442
0.06170536338743736	4.249952326984169	66.32445636497594
0.056945634897298716	2.8518737334205295	66.47258044633269
0.05217917653464684	2.2821622363778746	66.4058714869701
0.059775039134455143	5.706231849461517	66.16486006824846
0.014332737617905107	0.06335850085722554	1.8001318021436588	89.68456345582698	66.48147854901022
0.057280996195091555	1.5232331007817221	66.60621806215838
0.05100321295344248	4.462020886578595	66.32751829501582
0.04923103889367352	3.4491578647506547	66.28261321032885
0.032725926457025475	0.14828388563517722	4.354730464299119	73.3471961669874	66.44386608025059
0.046281270836741654	1.9588353642566532	66.43834878635158
0.0412182587126438	0.12999366646935628	1.3152894103816646	76.65604765278394	66.82477636826694
0.006332880734640061	0.15149341363126675	1.7003700398175896	77.1979912537845	66.19566078028642
0.016634766332266668	0.11176067564086384	7.118152815713468	77.84235764416744	66.24052179776763
0.02564671481134064	0.08853216619303045	2.028840229539649	79.43588303780066	66.51133954899719
0.03448977980182738	0.11643525361634316	2.2871633223894205	77.4505397381805	66.518614886981
0.012133424049240624	0.11103672496915946	1.6399157103304114	76.998918680186	66.14088207727005
0.01570424158219507	0.12867742084572903	2.322872586370689	77.19479508290264	66.36915553596226
0.01068926570165308	0.18304998885098053	3.7390091212883148	77.67192779164141	66.43078253472275
0.027155078377353477	0.11711854561828013	3.2152474430105698	76.77023078226833	66.4127595929029
0.06573787432498357	1.474303615033688	66.92839514164723
0.07840946088139683	3.44462457356706	66.26200510549094
0.05240262243923402	1.007764642792231	67.14955090080598
0.030076701551431242	0.0738840028495995	1.4032479099912496	79.70564744856692	66.2625559845571
0.014332177458525294	0.13409416072036068	3.810609685315129	77.44199351775573	66.22849242056175
0.04220448218986147	1.9237393416146753	66.57549010407588
0.06259178115087972	1.4250083806664149	66.2903429439969
0.053751892907729096	1.8561693845194354	66.58923983045491
0.047578694007120115	2.2306230376342873	66.5151272658349
0.058517486413405796	1.1609991353090559	66.55365886378202
0.04833504332324283	2.090284656351062	66.68992433766965
0.03288186393035686	0.0660231618223112	2.0819253907582085	81.16126058816091	66.33684051227223
0.037093058059911255	0.12304161717705121	2.57868877828065	77.17975197153494	66.26725970124004
0.06594784859401966	0.15529852575295663	3.305153725906067	74.38420141567215	66.30841664769741
0.03156519128953305	0.09845219141525356	1.3330728297687526	78.94035498206517	66.33613884674041
0.013732933094547964	0.05543524505942536	0.11151947772891295	3.3959568898728922	118.0688206810885	78.12110645154304	66.34497201139382
0.06781596565348248	2.402551927483357	66.37112502216728
0.0829094856172451	2.327567973137457	66.41605265090374
0.04245720118750031	4.058622551994167	66.13437666626777
0.04981562789691537	1.6449746802224303	66.96880539254639
0.051262553166244604	4.893234761428843	66.41747282112243
0.061537002056165656	2.6358624490004465	66.23005539409438
0.09513077306336731	6.745970058564584	66.26416232868657
0.04290389839036112	1.873681970461359	66.35089145468879
0.06225370101453272	3.6559019250311064	66.62317824800726
0.04666168757317496	1.614897453340078	66.44989445823173
0.015724157359153005	0.05075734414012712	1.1885101591914655	91.40828366002131	66.97337493980267
0.04714156439877867	0.08637923610657491	1.1365350384541322	77.55741362838731	66.82963848426834
0.04280270324523247	3.989329011013993	66.23302363935063
0.06267625873597417	2.9316106951976644	66.40238940135342
0.06421785291036268	1.0466454431025227	66.22325209360197
0.04097577423210017	0.19188482067913695	3.136356152723658	72.78979864930139	66.13832118815992
0.04593144716708374	2.8520147549512527	66.35746105247414
0.05601380718326382	2.2309336388395127	66.27813786922638
0.021079438655166094	0.11450575856744807	2.193525347586016	82.11650324085049	67.0272664303461
0.014151712238389865	0.07015483356259589	4.421395822521072	77.19927192677328	66.45759194170824
0.014987075793344984	0.11376476449411899	1.708233059221643	80.38536416569258	66.21106987975027
0.09718031899204149	0.08205764015390737	3.305850229286646	72.16882995003529	66.53520426722372
0.08290588983014018	1.8148299136077417	66.69336417376388
0.038280276337698795	0.9520524867896946	67.52890184446225
0.02380943498597386	0.12728559979265616	1.5265476854489686	78.76400701415965	66.30146250013107
0.032971095210387685	0.09430289435797169	2.568914001005354	74.78884752913942	66.5409920916168
0.04612702571232112	2.916401190369533	66.33339370963333
0.0055839273375515456	0.09311658378061748	2.2871593598163127	79.83048239239326	66.47395234361412
0.044655212896706646	1.9648611113362497	66.39304810468141
0.05659994149506365	2.077017943252278	66.4871063014912
0.06639279453631902	1.2903177286392828	66.57464903265272
0.0543046669756776	3.3684679263539947	66.40944123446779
0.09691226330380046	3.460464232933615	66.52984943970517
0.06106516514233116	1.5197248058109076	67.12530595104494
0.04573006937743549	0.15390577040297607	2.620885407901713	73.14766161666323	66.63718640920753
0.05033402091334142	2.119281362315581	66.54554714594525
0.04983835472161088	1.722384213634367	66.32817069750433
0.07890072493019461	1.0571733664740925	66.5231177729451
0.048064203543337784	2.7291801925096904	66.28234342242399
0.0424922868479825	1.1037641885263225	66.48191767748355
0.05354303495198232	2.614332518659793	66.4929348845443
0.05523288839870038	0.07130243221151121	1.3232059375424685	77.05447220392396	66.73373801316536
0.05669154227502182	1.4613105124386458	66.45079532852561
0.0497482721648319	1.5856894879627939	66.4257128777252
0.0374437767872839	4.356182756886987	66.4564773152993
0.027303207855213896	2.4719604589293027	66.24423263025807
0.041025836394594915	3.344264371585319	66.39308913449459
0.051375698699476224	2.5009330373538847	66.31674685391371
0.03185796494326825	3.0990386062689237	66.64081217745857
0.03170955104346186	2.656195243486315	66.427012509298
0.05609646995488477	1.4426637325238103	67.13889604482279
0.04541081591708075	4.1889274805301575	66.35344750323324
0.04569324067588764	2.4595136179734287	66.33917205213358
0.08362253846141303	2.205736378543523	66.19992890113456
0.029247222483399386	1.2380583548255566	66.73046491649396
0.0436679858754469	2.4736711578858364	66.23349851913736
0.05767103824501389	4.558554618348943	66.13420069336648
0.03284843783513095	5.8117134869151235	66.26438887984874
0.061876166774362196	6.193485058312322	66.39581556116174
0.054802756011900516	2.969536591320684	66.36256218648934
0.04875022988928494	1.1715544408116603	66.69936636764137
0.065523137113468	3.694344748806052	66.42039692782542
0.051938219618447926	2.985145264651959	66.21330332720835
0.018590335721533773	0.03829490357440967	3.011777830958941	82.33199369459695	66.41348100126002
0.06458464995076535	1.858437671458118	66.64442188944179
0.0506615264869721	0.12235511766907875	2.3931749699107314	72.89133573423874	66.26962763669954
0.06711257829507505	2.701522683278015	66.13711756138157
0.07931325828982032	2.980374233645893	66.38208111396197
0.06666643825974371	2.8930765087619377	66.29835256838074
0.04448489768469215	2.0115182385438004	66.67492686676756
0.04526278872409093	0.041114035663319205	2.4215399116711898	70.11684252127125	66.49711895191204
0.06720293156919067	1.5432145602437806	66.5121425405367
0.06537127582015378	1.856243784492809	66.48752665024001
0.023302266490766065	0.06105070575008625	2.8082576729995217	78.11916539906959	66.68450038496898
0.04299934629817582	1.4580442389332338	66.60972040133714
0.04696730242149488	4.066639679460462	66.48955875850847
0.04222157834104793	2.511279193539716	66.60707356017703
0.0267468399879364	0.07754697686776196	3.6489486279975587	84.58882707767229	66.37566112793141
0.05319582998016142	2.703408584297099	66.49879828045579
0.055002466776527564	1.5888212102549957	66.67378555138717
0.04203893544565169	2.5775834689362527	66.55861523285216
0.03731819603746465	0.1374848042373726	6.008428513590112	76.48212195047626	66.2461161441295
0.04388353158032343	2.476810889907626	66.5619749241398
0.05325388764868265	1.9784510360843461	66.64659745860418
0.05345041580496429	3.432151071173098	66.36433532430752
0.048045614615921356	2.956193061903521	66.3557554937279
0.06587431474464867	4.576495745538282	66.38767111610233
0.0481276140720296	2.278020786374045	66.37607929510796
0.022452799916539576	0.10783910045380819	3.1846060508228655	77.53727895053254	66.47583604265743
0.014526025206652488	0.13281782722742527	2.5968993447235085	79.72236438717582	66.38470002594873
0.02645203602361965	0.07957743004524076	3.0989052931296435	80.59078746652787	66.57717577645512
0.04728115447033489	3.6259919812551837	66.34390735922639
0.03872324275460373	0.9914431338041001	66.49999777283908
0.0389452542394494	1.7225539145508117	66.81359974867266
0.03444409770175616	8.900650180940149	66.27078226155669
0.0542400418817303	5.601419759055862	66.25439435625049
0.06264902886652263	2.6588780707648483	66.62019001498922
0.025816375159844404	2.1931299409091958	66.53207206717515
0.033926943769951624	0.1255098351606867	2.719649468355908	75.52557975503039	66.16041052312767
0.014995234398319793	0.06833652358235497	2.009349158127321	85.96981589084264	66.61161387497084
0.02198779519581687	0.11356316909890507	2.8765248043068556	76.79583567801264	66.29680254603944
0.012670984709234778	0.050564101731030014	2.667646583350596	80.13966288538724	66.4711082386282
0.015641397444195793	0.05348286459647072	4.319577464243244	80.95720842466103	66.30679986325285
0.015264115810937756	0.09553275447405081	1.7072926739981218	79.8929542941828	66.31069946381325
0.030964081307411958	0.8913988989484789	66.99466815982125
0.04839062297043711	0.8662134112480728	67.58802864124173
0.044337707288642926	3.3932525892627408	66.40110676779729
0.04484683188754112	4.626788161933994	66.18423367457488
0.04825390895837455	1.1580147556122542	66.52402989968594
0.03092450522020129	0.05297287802961849	0.08279353425401002	1.971974297375107	86.56260190484215	70.94263840850888	66.31776096448093
0.07624966019530524	1.9466882240395573	66.61994674549054
0.04829461162681423	1.9909815271787326	66.64337596677844
0.0368469975094978	2.2808783004586393	66.3079012136189
0.052870759121639535	1.7248214385913574	66.65721414660185
0.03179667864900337	0.09896766481791507	1.795862235396295	82.34749702062882	66.58967615395201
0.04895750857410616	2.147755633123295	66.36276291632223
0.034657320552240585	0.09054535908976664	2.282928619953266	81.79469213702302	66.48877534595823
0.03933383222136739	3.157014240904247	66.66712046289113
0.0297740882393383	1.4393317001305737	66.28497588497969
0.037027574954921524	4.605182774497663	66.43884801816975
0.048743719122435435	2.5472077297358875	66.20259772275291
0.058557066961426936	2.2757322161217717	66.42594225799729
0.05837258441753427	2.3111927375089465	66.40674490422771
0.06950389308923437	2.2857714912616305	66.27470426991643
0.06812372518738438	2.159405244346559	66.45773687498104
0.06316037002540414	3.8332807758613194	66.39345751730767
0.044188942642301374	1.804952893922811	66.50053644774897
0.048926837157903365	1.0748814945753484	66.70521493151617
0.029835691189860424	0.10059138290554467	1.2225563204825614	77.12528774491392	66.59586997967948
0.014913020544052902	0.08217095075088922	1.2217929300764279	77.53755318443856	66.62639245236812
0.0586792916097646	1.209485761626815	66.54119273433774
0.03938971354728659	4.9026253187722775	66.23377197166064
0.046735367607557095	2.3518747257995116	66.47259787697325
0.011341234760824988	0.07255694802305283	3.843132329000701	89.14671872804448	66.32627915154092
0.016144461288564806	0.06320308830862396	2.5281862331647216	87.160069730396	66.50919887944646
0.002862770501337106	0.05397503045026822	2.7440540329817504	89.03562250095297	66.34826526101725
0.062331951208424136	2.920515423750669	66.46592624571657
0.0283631061263686	6.202738558356846	66.48000293409905
0.03097562231979498	0.06085554611706036	1.4335517189960603	83.52052169343908	66.70773723569008
0.02433165183241257	5.629256734055133	66.35308380648146
0.03284764603817329	0.968833942100683	66.7103552271849
0.034844915093661596	2.803430569362863	66.44441146844007
0.01795675808520107	0.1446937031721867	1.9341261449046703	77.70533993130464	66.64057056422845
0.04396984358562314	1.4113480098334348	66.84729472049737
0.06420278152567094	4.801757878992244	66.41661837436023
0.014885923351800353	0.10281708380243088	5.354675031462286	85.73492422991832	66.20082142745696
0.007803559226629909	0.06219300149691356	3.270141862219242	84.16251894319251	66.48835953043806
0.004890430501632348	0.09491145319039293	2.76980646643172	81.13089774398907	66.55571273249993
0.0029981149147809043	0.16664526093457707	2.364003583330993	77.54255917699912	66.5160800859314
0.008050550097032708	0.12145568816066102	2.1124824483208586	76.90707140881322	66.39629279809242
0.0020635409088376796	0.08555159059284187	1.1203675294952575	78.3144235679891	66.59555290324015
0.00901404015079629	0.07741734850383096	1.1831962480754827	81.52569243209969	67.03645315158532
0.017925749674600026	0.0663665022339976	2.910908032924279	82.47091640696563	66.59439037641934
0.004492585811188641	0.05601919366115056	2.9985756878279526	84.76098853908178	66.47436092276338
0.00835326370243929	0.05199946162717857	2.4925276146626536	84.2286053054657	66.50206631617738
0.015222353998887942	0.0404689341352036	1.563707086358786	106.78498456488819	66.35056778147505
0.046884061415980734	2.0195238890762313	66.27012232249547
0.029501220563295655	1.6257903426520977	66.36862101146784
0.07490917482428955	2.3200052933709507	66.47303386508267
0.039448756222636785	1.1666525594650017	66.44889536523361
0.05944085700687196	1.9984912085253772	66.52664571110789
0.0411882437620152	1.8850177959610688	66.14647844936093
0.04466909264926063	2.298885985521291	66.49740819700578
0.04118283529822664	2.587654695929294	66.73720473480792
0.06357968940615495	3.0292098382217243	66.25976364367006
0.04810559218307509	2.5318644024239108	66.5209682205321
0.05398785277451581	1.5693767484904042	66.39127219190844
0.06005826467396252	4.149475422462537	66.51828175627523
0.06558628205410168	5.074315700398562	66.25570402650042
0.05441356414924113	2.7339000917873717	66.41910652976149
0.042507972983175414	2.0034347273193345	66.43252720858025
0.061562344100541386	1.6848142108311717	66.42807033126795
0.04063373739624515	2.7859129427205787	66.65770641366962
0.05157296485310192	3.098099712972473	66.42213173629705
0.03227340795829331	1.5686635575258392	66.40966547878251
0.027073373298167745	2.7197770514875463	66.44733380604654
0.04648170889419423	1.7543664301674156	66.75407411226607
0.04869132682931764	2.7362757030882605	66.48835379074121
0.05207082342631492	1.4221021969222163	66.66448977329146
0.051657383449918305	2.284601538797123	66.49040298170564
0.05232446451724751	2.020535875004631	66.65355484833117
0.029815099896453756	1.7226149057553046	66.59954926811037
0.04244445994741423	2.4904053577406047	66.2716054565602
0.016814462445877414	0.18363203892584715	1.239991840090422	77.14405464297778	66.6706362711425
0.005413747886631406	0.10065331040956908	2.3742258451710896	77.35579011358305	66.37701460749969
0.006582531094817923	0.14662274974360945	5.648750734009085	78.86853249468318	66.28970408593459
0.015963897065846784	0.15406064905182992	2.0044423758008647	77.64221260897301	66.4718323897762
0.010892387363832207	0.09674596175097366	2.430170547949311	80.76961885265254	66.216402486716
0.004026413558316729	0.06284404651538834	2.8318703502824687	87.6417898988673	66.4125051778137
0.009915970366186452	0.07203514991715167	0.19398191471257348	1.9082033671274026	88.28474195865164	68.48745754485859	66.42481609620894
0.056763217500917416	2.0074512444505057	66.30116495638296
0.04468186524055852	0.6327660282923568	66.64700690381609
0.06547913508397821	5.048669119244126	66.32098534741183
0.028262484720078633	1.9720640038666064	66.56396008110086
0.017294753498227552	0.04752745932983398	2.2185341404854246	82.14560997722268	66.38846688749723
0.033759275459694024	1.6701131717060618	66.59009190472037
0.0803633561648158	2.777875557756348	66.64582636661473
0.06232827684982497	5.261259119652403	66.29335374573569
0.09216715455990757	3.870256976498204	66.35454255907891
0.06824972757205837	2.6102791327084076	66.53576329276393
0.05018603014570009	7.149716414100033	66.32860541236566
0.028844488231198475	0.1551281285803817	1.6193070812188013	79.12068785502046	66.72304326190924
0.03668629445618229	4.146721739476426	66.41642116590529
0.04272619504920808	0.06544447185618182	2.4636663566819523	74.909334796868	66.12887229038864
0.06117606700705559	3.9145852969613686	66.2378587540914
0.04095894875850121	2.0073618345094677	66.18495455751973
0.03552432519404912	1.6643025185125955	66.56819804001529
0.03008749570908691	0.06696631055334297	1.5061730889500622	80.16959975084833	66.30352034643212
0.0629455254629202	4.213653829259044	66.19185683621143
0.07453615514949805	1.4275751131802317	66.5799241728869
0.049256491111678485	1.4133333407592201	66.25113351804639
0.04191214831081259	0.07580134700355744	5.627619752258384	74.80057046414063	66.46185735805211
0.044135949177370674	2.782211253538672	66.34058801983146
0.0581827641409902	4.678033909864601	66.1911863977345
0.0531848438330839	1.590258131098329	66.72209156566318
0.01932061227039218	0.11622291322931894	3.6903518676011857	75.97751952144931	66.47633548243452
0.020847572943937014	0.09065587347597917	4.196648515604717	77.16449575849124	66.25020237420796
0.059737201211800546	1.5167216431745771	67.31963417847679
0.06462368763508616	1.7263615382944644	66.81864354514529
0.056037870233355457	2.705749705082459	66.37151099543769
0.05430246219723471	2.984340999632907	66.40652741306435
0.06842068099864324	2.679202128893995	66.60680920154115
0.04862715224066045	2.1514247385162406	66.31266555584668
0.03239322916972515	3.870595869660926	66.35356900003478
0.06364419993549007	1.5935966155677082	66.82952441099008
0.056209513878422636	2.014928159960302	66.6403156223169
0.046903209773167115	2.528877915778338	66.29191044328336
0.053708451926101124	3.574572673946007	66.39729276089722
0.05307015962393969	1.9852986332910105	66.3000148966903
0.04502072387205907	3.6692821284083386	66.40455973802835
0.07426173958402499	6.523777873971592	66.21340173309831
0.027730345231101995	0.10404210647756197	1.2496918156912005	77.83980423904376	66.65852968424618
0.025355203193124422	0.07540078733458473	2.364342180103902	77.22806976380224	66.26024589401001
0.02339997088529693	0.1034875854542767	3.7240536347146764	76.6268309928132	66.34694380079247
0.06550136669627074	2.1932376681860104	66.3504978744322
0.009545797266308144	0.06775853721045422	3.7573481080368296	79.89869738694236	66.26986720104637
0.01327392952514139	0.05985226373799447	1.452114836987728	77.75920072730842	66.68347532962814
0.014703197785470652	0.07527333088549405	2.4860535589614865	77.96415172797195	66.26209859878288
0.004319123121141819	0.08664261830268138	1.5202456123622023	80.24331462991111	66.56135830231874
0.006265724061044092	0.06285547523417259	2.210934683763189	79.83545731440454	66.65156341046224
0.01592816954865013	0.1419580434046918	2.0072831168129333	80.58532836921583	66.31720760186242
0.009198661485984845	0.0847584953582675	1.6484675963661768	79.00929665216434	66.7181183562572
0.00832462959766619	0.12836878909962393	5.0831211595759	77.12365577537113	66.18120867354209
0.03133046284239733	0.12393310942155786	2.2511051685772023	80.4267018440579	66.4132299034125
0.06910391349682031	1.5924521232671902	66.6312504232415
0.052636719351175705	1.0652603016344897	66.42795412545173
0.0679922617734765	0.8745223574037766	66.84968472132994
0.038685346510804706	1.539966101576591	66.85017771993172
0.0345259613028294	0.1055335573678778	2.103947226632997	72.88463273768448	66.39089654498584
0.04472616293918506	1.3709824451145023	66.77921792104756
0.036072396995295825	4.0126879602229755	66.31924640416906
0.0460221134988941	3.07600962484948	66.44983025899718
0.07123592838102509	2.7932788217963633	66.4127457103546
0.06787424978490583	0.02100782876300934	3.876457257020045	69.28909954739584	66.61287824764581
0.02226401979759513	2.2926483197693273	66.63273969219586
0.058217346033418604	1.4929761874810412	67.17040232823068
0.04077553589491962	0.07104457557758287	1.1334953126506389	74.2735647300739	66.74608527535015
0.056754743644568756	3.164176195826694	66.55653420729227
0.033818534369849974	3.9224789731103207	66.39940126651365
0.06887957481693177	2.623924785557452	66.43771375265169
0.060348896731678536	2.71463960026387	66.37013563984254
0.06370050942300357	5.182215608453381	66.46496344253329
0.04943526102657398	1.7249058577996892	66.83037231207066
0.036713490988367965	2.6879084374918	66.53151982878794
0.023742917783840776	0.17646757958401077	1.6359453306183398	72.22405808431887	66.57144970582222
0.08254030016962094	0.40664169041793236	66.7992100202064
0.06321200320544468	1.0669080169661869	66.27433292593045
0.04603134341332534	2.904176077755401	66.35140336239664
0.06702473186052903	1.982231245533465	66.1720052410668
0.043918230784446344	2.952119427651888	66.66308425705132
0.06696295709526516	2.1039150968932665	66.4610938060344
0.05274814719869116	1.462814499455354	66.55659615717364
0.048022045901046924	0.12131053084038348	3.269980364875488	78.00606106809681	66.24373636218922
0.07415415804838478	1.9909273409217936	66.87688262906896
0.0524303292382677	2.7895688879081955	66.39669128084323
0.06910935132770674	2.528112589038033	66.33349612032772
0.04658573797348153	1.8678224591443362	66.48531183813148
0.017706877644491883	0.046693081972454	4.936049586966166	100.32522476418107	66.2157552377818
0.05313912787659064	3.340793930288634	66.52507190301529
0.06747419892811767	3.3204175111717236	66.6134394743631
0.04485929414572183	2.097308184729421	66.74664478535271
0.047265478201222025	3.1982546569978334	66.34126998616136
0.04882029620403159	2.483168683110042	66.52082185959925
0.06418320208978089	0.6640630541861053	66.55823731695614
0.027297788166940246	0.10844811989526514	1.3055851899747566	76.79971375279972	66.58752925077589
0.01582742556931794	0.06514843676431127	1.9778477872153513	81.44625043761444	66.50539953130698
0.009748436038528279	0.04813250413283724	2.720857301957913	89.03199482905748	66.60868227122158
0.053034997053686424	2.0208508532113223	66.920179212211
0.04780645385916901	2.9285862582512228	66.64413987470965
0.049113759910972825	1.5148637691403175	66.73002895212514
0.026655749939219167	1.3417096627636271	66.77789467542456
0.006334381189700822	0.06591318136904023	1.4695587816013298	76.75644327158068	66.48831118012541
0.02760670768898965	0.10026377590319012	1.072302855876928	79.5777124580786	66.5927947118895
0.015650012971442254	0.07900394452034502	5.183421975010712	77.93596516797177	66.43928759668239
0.054502369690368584	6.064179522099614	66.17266846916192
0.03425615938895692	2.0084291824948255	66.70432564135065
0.05690468971644882	2.826824603509392	66.25150161077629
0.05192427741060453	5.856861163501047	66.18359205103454
0.03504423243798401	4.029117720012986	66.28969867249465
0.06157881432167433	2.53293095072717	66.54340009218123
0.0567356817284784	2.9266798619541037	66.42964613194535
0.052136233848557846	4.009584957270288	66.34756551304523
0.048368460258667124	3.2467809961460024	66.41490395433362
0.026004973065531692	2.439021969451443	66.43507544367515
0.043694592298453586	4.456305059006453	66.28140410180642
0.04141091750254062	2.4250610268673403	66.68355859688258
0.03163449001965647	5.41843880833321	66.26279604445878
0.030256344049651072	4.331715113678158	66.08082190617871
0.053715285170302246	2.4110888290321926	66.61514330711064
0.06185548816879106	0.08768674840792515	0.2694874525152181	3.9109976527494337	73.16136457783004	68.823521198443	66.2854306260501
0.1405004542089063	0.03286481285742855	1.7794382543688574	116.42272312299181	66.3893440027353
0.013161505378593053	0.09378300246367102	1.2908574062165155	80.37493098970867	66.98271597386855
0.045564036438049266	0.8635922843164273	66.9894427440862
0.045863719828178606	0.12758262428196965	3.144819017049889	76.84778351224901	66.69449260122006
0.024521448326520277	0.07750063720629283	2.313274501141094	80.42525397783005	66.51414113016985
0.0057196317763674185	0.09596332798659199	3.2992762019946693	83.67290540900392	66.31403857741796
0.013412399161258434	0.06932574199664404	5.654443977612526	85.49808431051396	66.23062831740957
0.04630576983802574	2.1819911743715577	66.73243724253176
0.016928138331862606	0.0881555078543741	0.14190250441375699	4.4341441536911885	81.80254282631888	79.1648664122505	66.27535420302702
0.027529106668224154	0.12257333048384324	1.8099139006407416	77.61492169546638	66.26417328019862
0.013091701092288582	0.06274614261168385	3.020009415036802	77.70702943224612	66.58323532215832
0.010262432025330254	0.1009907210725826	2.9777572346531196	79.20361277419937	66.4087144614566
0.011916945315821057	0.0757632612441399	2.0959776625470496	80.42123059574227	66.38703399191226
0.006154994501507706	0.04838455894207644	1.8556020446082115	80.57027725599538	66.67339021433679
0.028401817332353	0.14567634345699643	3.055647661235624	77.35155579163172	66.29561913610438
0.005638104182298953	0.08700328651064466	2.0583697558405865	80.04290658937686	66.41656669902876
0.006868389059441293	0.09596773481400261	3.995894525712542	78.70450810222663	66.49736804331721
0.011406296106470983	0.1425186437213472	6.209891789351337	80.13370419885548	66.36823287622806
0.008257925552135875	0.09088945353499121	1.7563148722310626	84.08272451486245	66.57387736717497
0.03999227141845856	2.0959234787723893	66.82119192410404
0.0535098486896563	4.243879450164808	66.22981077282527
0.0353495683659191	2.0402084570090313	66.36133275536476
0.04882865963158551	0.17070545534709455	1.8992833249328647	73.59841879693138	66.401436923723
0.0453957934205461	2.448475695363427	66.33285068149063
0.06180590105377271	2.654695510563351	66.59461187694912
0.03789492637003872	1.4941761236969677	66.68402564154049
0.08058896382883765	1.6735275354513812	66.65157256730735
0.04909659840652839	2.4040989878629695	66.47286892723648
0.04468647484273243	2.6366916408787757	66.538566540678
0.07039735953061566	2.313689424387965	66.33550363995184
0.04241446072692329	2.0622079336687804	66.32626059915656
0.007832504878043513	0.005323426673386166	0.09580426400275353	3.6663119781949107	94.84565883798219	78.13168387671351	66.1783041072615
0.005776413966856351	0.10099295924275391	2.9298736736358406	81.78699337393596	66.35368786036277
0.002076124023246769	0.04803265444776033	4.8557095174087275	81.33762491731918	66.32399922947856
0.002628978819129058	0.05701579271794417	2.788662009217046	80.43411449343327	66.73772098844704
0.03689676009535571	0.9874719873626897	66.7128247865437
0.04456646967037943	4.317836577912277	66.42475765821189
0.04708107673082924	1.9111027106368141	66.91277298611332
0.05725337334410963	2.6859915393644713	66.32081346804506
0.08163339391859042	1.6780567802608486	66.39392289260407
0.05004931028029159	1.5699842453184218	66.54192089367658
0.04511396489151383	1.7699160739466377	66.43012087457389
0.042297115983101284	1.7996357139548533	66.5616065035645
0.035024375042406526	2.990855249905402	66.47481894377691
0.05066794199117349	4.415251394133452	66.19529763789686
0.05778016074962751	1.6369707180534958	66.66326315283597
0.04276262724224628	1.3947497041918266	66.72689224328133
0.050470885524373864	2.9845693280041177	66.46061645550473
0.036017757917119836	1.834739734944322	66.45249908874389
0.01977773691873619	2.7314858876144834	66.65508166062963
0.04396027579875352	5.0415451865065215	66.3962281106013
0.05060566283218799	0.7173566973694757	66.70024869978907
0.050591752465472	3.4001300069964007	66.40750710038132
0.03169364125188789	2.700222962316938	66.48269457497446
0.05105135192501059	1.507079732543859	66.48709566815995
0.0453043610630655	1.2516564121259648	67.116016808388
0.04347352542517571	2.0717225344949997	66.54992957201533
0.04572302040120702	3.157085166193782	66.64209251578501
0.05509158696278241	2.3733628100726682	66.71814114729061
0.037997413022415355	2.4629322491939707	66.38081012128156
0.060119788940575174	1.8974703766406964	66.55401637083754
0.027032474787804735	3.903676589509061	66.36771667068398
0.09160753531520209	1.080479210827338	66.61802651943401
0.07865853624505066	3.060842511287975	66.48600853068622
0.07806209463672785	1.5320487881363845	66.37581416708295
0.03183200737665799	3.0233901941073307	66.70392821093526
0.04031824795533699	4.080861536438871	66.30645727482184
0.03979660634801139	0.10194783398851581	3.9348948381625473	72.09180224090117	66.37049406154374
0.06320738528394318	2.4964231400750374	66.4342327973972
0.06657992563273113	1.804232254716263	66.59153169376935
0.05320500162091686	1.0336406235047566	67.04045629522494
0.053398978791536995	1.2267324856950672	66.52195317341703
0.05453980115493537	1.6767170509896214	66.69913377597778
0.060467970734668364	1.3264554347949875	66.38382451383325
0.05176502979525435	1.7006393877661992	66.38552827180565
0.011994680842752809	0.019791663987266183	0.10445718904796007	1.4965382188882297	119.84616104255352	73.72648677594839	66.73435848200198
0.02008024615224031	0.09010766723232343	1.4771195257724992	81.14836499176305	66.79282328687174
0.029350106635525782	0.07950171680204102	1.786457275092211	77.41272113395154	66.60738292099103
0.01373946392862147	0.09829820420493177	2.7231026511857066	80.505069933094	66.47853818142319
0.004541699021570513	0.08224016125621073	1.8486033561579447	92.14516820043052	66.34289874298457
0.004875165167767939	0.06288287937052871	3.12348193314606	89.17747726190663	66.57655643679611
0.050129587591687376	2.528203088323473	66.54496884468658
0.04537311492711066	2.61048278773825	66.44107360561019
0.049660188356062555	1.8892269444096723	66.77248692742516
0.06301319132914794	1.7915261328522016	66.55019727555135
0.061918435816774184	2.467188680127545	66.4855196855813
0.04470311960082432	2.6577497506773353	66.44153673253712
0.07208052382370175	5.897239121927497	66.33989370495372
0.02652850197500888	0.14249340805675087	2.4004290498424705	72.57112436603279	66.37756115577675
0.020750881651778935	0.14940769344579774	2.634088716866658	73.58903729852406	66.59580174884779
0.03386733768094884	1.7096151925323637	66.4615364628041
0.059577025202333926	5.876551236627222	66.18266770781722
0.07353522026222786	1.8224844151869697	66.48289181631654
0.06651085603234184	0.7894420356808077	67.18794678156678
0.03840244565345492	0.08744504140151053	2.484265222476734	77.85060447761418	66.53190812448422
0.023299883656560536	0.08080267058523756	2.000042798876872	77.09402267957167	66.47416745964968
0.11989918818326724	0.05671279909445115	2.7966887433113783	117.65207849661645	66.54626035845926
0.031499063530831053	0.10357773229116454	1.4212700753706562	80.52919639522459	66.68171794431056
0.06421941313130643	3.093984017108527	66.27461033034781
0.014059204688387473	0.20682554544051185	2.8913780987925195	80.42822058709585	66.25884823300491
0.01098587556558799	0.12212720367019211	2.652770387093383	81.24916441599885	66.28137461907771
0.03134156965234362	0.15051628779633858	3.932413348480987	76.88236553627067	66.3765184327789
0.009627192379818636	0.09077640617061646	2.0229321042398736	78.09035286389023	66.3522834864232
0.02092725598660175	0.09913769162507335	2.130864321731226	76.97581730525826	66.54355092266664
0.03184962984958618	0.09095663309807031	1.242715907340923	76.47529216335974	66.3425660226005
0.010620389042561238	0.11563846598365267	2.4257793075735856	77.97615625945595	66.4677152175235
0.014831726417502746	0.16622942759466103	4.488874097018516	77.33466676726921	66.47866071323384
0.02649801937024539	0.11724295569888363	4.097445957091683	82.08880558574295	66.19216498035652
0.04304061540507885	5.811282270336231	66.22248026620211
0.04657358959358866	2.301596873526922	66.49808464016304
0.05519735631023647	0.024844002578398697	6.205157526038135	71.4024972611001	66.29376198296279
0.05367123162608993	1.2507198004011275	66.75485429644783
0.05587875658225573	2.039933111138051	66.74612067796191
0.055021625807615625	1.7663983169596535	66.62168164322918
0.04680567196287177	1.8563601342548313	66.33695639800253
0.03408778844735698	0.036259424283080106	2.6092545422210094	111.26906034235543	66.56530882911963
0.055670103595826324	4.0733468180497665	66.43879729183763
0.051500547026412644	2.6627540559266016	66.43395382332622
0.043360100858522606	2.343501634586411	66.39203809132806
0.06845064415428619	1.3281533811691417	66.53691078657855
0.03350251722695082	2.6463809933102267	66.39145621201259
0.036314643139604454	3.8788364234230026	66.34730541863557
0.04514978600971558	1.6325721274189822	66.28458988986914
0.04120512065877645	1.2305799903104437	66.76212318963913
0.04338985829023426	0.1162944840294737	3.9586557857737925	74.1014534188842	66.19372369046499
0.06715854310370434	2.3703136072317843	66.42119866772083
0.03469222094638561	1.9574405270198234	66.6548966294668
0.0567611723363379	2.1166566027212923	66.52925114057354
0.04968436840404247	1.759054713993956	66.46698102082922
0.04868237003877827	2.0683413233427257	66.55844164943653
0.03536204781062848	2.5067264963222344	66.3184786714623
0.04094171723103644	5.015059868320845	66.18017241125973
0.05869451557732523	3.61666035695029	66.36494431351474
0.043200582501185164	2.9403391681422013	66.4350999542618
0.061749067412325914	1.700598536637186	66.90536458234467
0.06387311970455074	2.2161560691947693	66.37133827413389
0.06023024215399988	2.000815520457527	66.70065535454368
0.05168213002726956	2.650657292081641	66.47238127451384
0.010198677502619298	0.1460387679502951	1.3989482497581553	77.02136154715421	66.338086546211
0.019746317159723824	0.1064557953894265	3.493220965776696	81.94135761766829	66.41625301767488
0.0146159231801364	0.12097371168149137	2.1398247649852475	79.96474578999315	66.411659987011
0.03127572078525043	0.18851805744998398	2.182742837496596	77.22167236873689	66.20376449149416
0.05521943847733191	2.605834104935986	66.32664144431014
0.02857289930657024	0.10997297389168982	1.6657981875607204	76.87448391518907	66.42632993967989
0.013346558002602392	0.09085179352082438	4.368538985357668	77.34779374577012	66.29862900796162
0.03916867469425783	0.061477517477822034	3.890986813430813	96.52679887577105	66.14613710665851
0.4629138102085513	0.0663906560291392	1.54557097965245	119.87998063549054	66.97052877059814
0.07709634954485935	3.500582865628514	66.48079964929155
0.04995915403622184	1.6782001403877098	66.58993154951972
0.016656967692805	0.12885007069981788	3.765295783313682	76.55651950551598	66.47137068705366
0.07326118834894346	2.74416708149442	66.60536929499135
0.05268731564888689	1.7659050803380807	66.6594045575643
0.03635685739556759	0.1673653584055686	2.036762044539774	74.0602068605169	66.44876884244589
0.03579927914272423	0.08488250246585247	2.4054689301290115	81.58399541544884	66.44046884534839
0.0551043829227585	1.6594029189852764	66.43593216420994
0.06956696075522857	2.472936353410952	66.42178229850761
0.04737422073120091	1.1996927482333184	66.57617055996747
0.053699987211141685	1.971529892314204	66.74373441634927
0.04510017778683033	1.6083304514741834	66.49640077642879
0.015697690227195017	0.0500593302142014	1.2343415005104732	87.74293344635637	67.04522288561664
0.06634434967110768	1.9545768132894916	66.43653030039388
0.055898573330717516	1.668963507420724	66.45814129456554
0.03774918029848081	0.05137321950543012	1.5120081704353716	83.76325191585936	66.71169157051902
0.04306297592208079	1.534927805596029	66.5358715066876
0.053544666449894904	2.952869175214915	66.49628195322033
0.06701355486710897	2.341914564787311	66.5680640012147
0.028341046749121652	3.1812286163040575	66.30648925375546
0.044261936492657666	1.4609522920744553	66.94562799813376
0.043779339503703725	3.1554854145841484	66.40569988496551
0.05514814988162608	2.630434237348296	66.61352676747718
0.062496685146618304	2.13829163719511	66.2729019902297
0.04510719776462645	4.055948265104511	66.32504276546817
0.07516650228914053	1.6390055766801668	66.5982184887706
0.060344107749999445	0.9920863544829435	66.31968950465223
0.037324757083670425	0.043132860857403484	3.1046491880765887	86.03594786816718	66.41660922973897
0.05530325342863003	2.0432161531566795	66.55253228919499
0.04256530187784511	0.020936160589304944	4.281883611818074	73.29649359300133	66.17770451041912
0.044505589205831565	2.585257476758626	66.44427997958948
0.04812740847062012	1.9861627170541316	66.56300887078996
0.02063572485387045	0.1272771420107055	3.983187143473168	78.41734428589388	66.50733927156674
0.02214433209162941	0.2811063221257961	0.05801499005955184	0.1539438901619079	3.8774776609774553	77.09855728568652	76.0294314302953	67.41516724120785	66.3278031326956
0.022464950657198647	0.08834106823057258	2.009830794114473	80.1347283455987	66.22664370408468
0.04067854600460053	3.2858237661697336	66.21114374412782
