0.12935390417561687
0.15118271584135679	0.1025285912819319	77.55941270696486
0.08154926609535541
0.0803066670494432
0.11834856123973889
0.06503630295044376
0.054819301281832454	0.10173005154329276	101.73661283835715
0.1088910751733124
0.0992589725660051
0.08701574461474249
0.08895276656888086
0.3012701513898615	0.11542925875243466	110.69061740728787
0.0661486479721809
0.0847986953614966	0.32030298905385224	0.07678975714922784	87.41720125614414	82.95677810220782
0.07846148877241275	0.7453167987684775	0.04911775858839624	86.05207594482903	82.07360245369456
0.17183993165575565	1.4396132890837823	0.03885830571170903	83.81617401662616	82.688277124676
0.4621375317515911	0.05453731449597093	0.8247929905962681	0.04979984176333277	115.93273943587151	84.05542266337208	82.38065602220621
0.07408327255260251	1.0753567610271595	0.027426368375799495	84.13602397629032	82.59186427379692
0.0921120487605349	0.8583405031697197	0.04504805402892447	84.23471907936909	82.52683949736227
0.08150806972691846	0.984317895683865	0.03596455162639061	83.89263868661158	82.32981934572109
0.10739522144549879	1.1527686382825577	0.039145121155668657	84.099355790458	82.53442163558313
0.03133802465760889	0.9968653497608568	0.04094485183051934	83.88630484879418	82.85246367672725
0.1703185320933955	0.8307115619239432	0.09592827221540212	84.65316232812927	82.1202314952576
0.18537399787349604	1.2644132408927626	0.035582149410926106	84.6586152770657	82.92922161015632
0.07555104097376762	0.780401239116057	0.10670690535876758	87.49928799354085	83.8474493694237
0.0886252729528927	0.2499690720893014	0.03103751942907002	89.70880309139112	80.08597373090568
0.10474640732807021	0.07122291421372913	78.58086791845534
0.08984715735709281
0.09299238368893996
0.08520972077709416
0.08808981667918993
0.07069032255002031
0.09362344824651772
0.10549835594332747
0.061424615389676744	0.08162561185017324	93.71492913070401
0.08996866095464928
0.10866576228529706
0.11673415187234255
0.08262427946987953
0.0908880798523687
0.0713691382844929
0.05726390357631735
0.09225608774046341
0.0560519495337389
0.09507543182098813
0.0816853042048776
0.026859311795848353	0.09734931010891981	106.85822322297685
0.07772613278638718
0.6312564811668082	0.09230311431390965	120.69738232208827
0.11440132955650226	0.048789179792201307	78.53811326382115
0.10704027953727582
0.0889721912084449
0.06612351304355503
0.08265798611640256
0.09466175438904402
0.07953679577174745
0.0795116551167029
0.08562162432560598
0.12145335309179053
0.14195578162160594
0.06668983371059253
0.08774342669965776
0.08793843066704998
0.08660330643403379
0.11068760004878915
0.07973963991147373
0.07845097199620309
0.13296620464695494	0.07372571999487172	107.64394684207866
0.15346054712594204	0.056315554843913616	80.82678988649673
0.08400726870771442
0.20657234282380033	0.05575047874502404	83.77562021865968
0.1470116808022257	0.12737150720470503	114.18133468825431
0.10111309108882283
0.11798209800021303
0.1419144866448144
0.09768535959077818
0.08683185306193654
0.06204474309328914	0.42812431486011876	66.9036162952983
0.06075291765135758
0.05616849005226378
0.06803174076719475
0.051997697995074914
0.06525981908956514
0.08307734395717277
0.10444608473254506
0.05188533195512983
0.052738910510613586
0.058858516757844585
0.09267254582596479
0.07642640953762449
0.09522575061585756
0.07308148742781226
0.08004684953700905
0.10459839098135149
0.11678889559393224
1.3114672768490423	0.04947314879165323	121.73188924690061
1.0474464247078794	0.06975276612434127	121.27490041033523
0.21679161016070533	0.08007680390192798	118.57803992791666
0.07863137417721384
0.09066350895596367
0.04904992735163835	0.09241929047660784	96.9846520455786
0.07813146214738191
0.09841679995783915	0.06862488361799461	75.13239774002058
0.08871485190567874
0.09442066410456783
0.07533710676199884
0.07588263421678818
0.09138252706903269
0.31816817487795185	0.06662694308143224	121.0085406871777
0.06832457705404175
0.0857344451623958
0.12361887314708897
0.06734427332450288
0.12690566078835294
0.13866281845997336	0.08986140356768457	81.00719040850318
0.08629981160136908
0.08788008798601943	0.08495635221394607	73.97424292542365
0.2129017885943282	0.018791064685399997	0.09123509123626145	118.58128047858138	117.45963563149661
0.1734493669135334	0.06991219317644819	80.32458871890049
0.07154283367598442
0.08467785712655101
0.12109934155887682	0.07207989009997944	0.0814694444323005	106.54506595402763	67.35778553148374
0.07904663252226896
0.3515324858825262	0.07311627721262258	90.02128397902854
0.07864862790350077
0.10444593216103921	0.06469495015957191	83.27358328204068
0.09337448930643312
0.10363168712204789
0.1067969086906147
0.209876748403631	0.1098298913965926	117.72786619620292
0.09196036794373331
0.10612450538368151
0.08320705699385644
0.11253377437166427
0.25577951994653386	0.07896183666753259	115.2831221721198
0.07868964705915531
0.07356200111879056
0.1827290424095533	0.078517181988091	119.13650913444476
0.1192789526756757
0.09586983851402829
0.11015221803139036
0.09971874602206862
0.240430342908466	0.06435961497174478	102.01399346836641
0.10278453053805657
0.08299700999197945
0.13845203038871307	0.04241173909990236	80.1509227521106
0.09529931206445415
0.10233364373582561
0.09164059126347844
0.10663714940041448
0.10706584404501872
0.0696248555349013	0.2071053603580238	66.73455501304205
0.09119865625345154
0.3028762166296804	0.0757578363612987	120.92468405035504
0.08575286734932805
0.08313968900586306
0.07822164830989575
0.06307167711492961
0.0987224200107997
0.08023923363677941
0.10148345396503326
0.07043919224469103	0.06658839133987407	76.98479435514254
0.107444799553564	0.28297449663989105	66.91113025770764
0.10424723047855883
0.10147011878526373
0.15161680608104783	0.0650380062284872	81.35564728958411
0.1242040801695698
0.1221387221690181
0.0843432039345697
0.09722109907963689
0.10955041407804963
0.10178692621962115
0.08268000556924832
0.11344708540367687
0.10996660135166066	0.07597707257033205	76.61567533313824
0.3971100194960157	0.126120291399015	112.1216824244039
0.0825996473761301
0.10604971642821964
0.6365435784824096	0.09736360216526199	119.16195238455249
0.07353848932971653
0.16479031462711788	0.08842771694318306	107.63841736957657
0.08650058614990518
0.08489121958691835
0.08576663218391845
0.10991245666534634
0.09073837852286702
0.10830553691568029
0.07809734987878313
0.09392487629199296
0.09872223696829967
0.07764411154384782
0.06647986699007334	0.08740032648631503	102.58059038296088
0.052029677202861196
0.06780430076813258
0.06708261284602567	0.10133972375909261	106.83127010493614
0.10599107450708425
0.07243274371626056
0.12255118427452893	0.12158991504050304	79.9778911715173
0.3041516636762139	0.05767471576639152	121.90067052905428
0.07969439434169458
0.11884256991808576
0.09716881898883531	0.06308370604982438	79.94488003003607
0.11980367738815319
0.07240188175521818
0.1693931824543795	0.1031035662610299	83.3321947514743
0.09226967972790248
0.09046570451876854
0.07805720335643127
0.15419028518466002	0.101241574754681	80.15367010607329
0.11877950537372343
0.10161152698300933
0.0631972811976007
0.14143100253432786	0.03534900915016583	82.39493386669879
0.1121235353648982	0.03995333765037662	79.63748459907629
0.10503561381073429
0.08934358395574303
0.07393861464343382
0.1636972146424382	0.03922278862561663	81.4747581530273
0.06553762418215603	0.08927071457737254	103.06605683201514
0.14969896221481882	0.09302305919056543	78.00558431693503
0.11437913763689259
0.0949915335558665
0.09933126353405108
0.21860453452972914	0.06534272725414549	80.31396490127388
0.1206488822770868
0.07719276899555697
0.09763766348519562
0.14221432819446042	0.06745617597596441	80.78259965403946
0.10926909320891952
0.08842419790473077
0.0868264063922691
0.08906178160852524
0.08769082914974408	0.03526793597850842	68.6719131311992
0.12033744311282114	0.030404844004831774	79.10510375981056
0.1611376806690843	0.10968719376953769	121.8253939459308
0.09862030118613951
0.09114954407324417
0.08374284264418676
0.14095346204478096	0.06307984675077084	80.29749621221198
0.10693606361819541
0.08376711074001059
0.09830219480069298
0.07071206527049355
0.07802170441242376
0.08018003126710103
0.0424836299659998	0.07343443717164105	95.58802487490667
0.0842900788766767
0.08891219503045597
0.09427557620964926
0.09030887921418762
0.07090084665913249
0.07312030752597791
0.10391088494510989
0.09698844025113795
0.10203632794349503
0.05323656450932626
0.3272306809788079	0.057041203212820434	119.34432291732638
0.08482584845633043
0.07521083231167994
0.09648772509720699
0.11465540286637257
0.2297566255971656	0.06612142431350847	81.8625879196061
0.11057950079093154
0.14514994301517775	0.35858356029777966	0.12017443901977837	0.06543901490846851	118.9766972420617	117.55951913247073	69.0797545254963
0.10275900030099226	0.0415994078237964	81.12711707827677
0.07369025048327447
0.11505945402882044
0.03871538010618482	0.08495688413556733	97.2845692019576
0.07264806066477308
0.08671049260267669
0.08999433926169285
0.0661216713045128
0.08608085358240565
0.0597821527978574
0.06252980257691249
0.12626781269241985
0.0918463605608923
0.10865185584055444	0.04977281574876706	81.3262435558752
0.09185837762668714
0.06455289448202715
0.05020992951180923
0.08507975390268636
0.07458649560456072
0.0706047700627797
0.07633272776407758
0.12652464903961497
0.07205845423000884
0.14496281729531135	0.06785821841529807	83.18180413369836
0.08266792592897386
0.09135221519335851
0.04666618091580961
0.16138983826036843	0.083486792841441	88.57786149276805
0.10417279982655202
0.1024738812771837
0.07440210985450665
0.07049081226188333
0.12542187129530666
0.10471213157339568
0.09605563500402878	0.06059750817191816	71.33588623154645
0.09454972617609896
0.0755625341372582
0.10379516132478855
0.09682478321309197
0.08492636096882844
0.12006806886801248
0.09452717010725652
0.06744456785179055
0.08635056389013884
0.07183217127629024
0.9202158514278648	0.07343006100571957	121.38041908514377
1.0510452670154566	0.05669322048382744	120.90113908050326
0.5330488354345949	0.10677043182273765	117.58197989255646
0.11241705787748153
0.07389502729863377
0.08055457582719903
0.1257734939173513	0.1497528927538821	74.13523110985632
0.3175229426161287	0.09089599252143794	116.1728764211979
0.07737608079629102
0.13546650232358598	0.07835191173373808	82.19559012367037
0.1329508611864013
0.13444607727385183
0.08380186157386402
0.026114430216477906	0.4965132489115275	0.06862026645315483	95.00201339428627	83.22578479242397
0.02968818825078946	0.20991457394456162	0.07323956745634794	93.28733619529005	81.19275975474281
0.06878255121500068
0.09689811001186592
0.08007553082079866
0.09447914803546871
0.11510633410567911
0.1116341615722089
0.09700151683651288	0.10762566035833342	106.94887358286938
0.09165914019673196
0.06818108425980011
0.12821511306176273	0.08844292094424533	75.92557494087096
0.11250327824540499
0.055941497281113625
0.09735916613682744	0.10586718723251812	86.27751494801062
0.13108944414820775
0.15879845864550884
0.08330598837717508
0.1558159252710816	0.09873439366501936	83.13489001577909
0.08862303909859044
0.09520774405497615
0.10132178185539953
0.0478426512234161	0.14143736396923076	103.73534318884975
0.07568866708414526
0.08005163918515669
0.052316743482070126
0.0777427943089045
0.08671254114053627
0.1045631216160068	0.06559528450973492	0.19240848423294163	88.80925158855537	66.12771202249243
0.07252381295606695
0.08801498272301385
0.08184092405280383
0.07817165467884873
0.11060213868738722
0.11462668395984324
0.0775865503817517
0.12362805727105156
0.0944165352759893
0.08545705060749775
0.06308543963750857
0.0975454355136645
0.578394884320249	0.06504854526897666	121.44060070084667
0.08825438964028863	0.059892455720985005	119.73508826665504
0.08424912271687561
0.1234870177638937
0.08208157825202413
0.1576714955838836	0.10696866723411179	100.1852265584119
0.046586943090978716
0.07216808473460608
0.122287874285854
0.038774506443150024	0.17037757057289848	0.06707130795597456	101.82039132636744	82.51786030953424
0.08841777521519022
0.07805903822169707
0.0694688106774247
0.12150228161395044
0.1005605232535452
0.07519932364022604
0.07025395824049019
0.08908469087618187
0.09526551019672003
0.09002404073768303
0.0626839967332587
0.07618323973709627
0.08765879739311525
0.08180991426736599
0.1335743575376207	0.052792507149180094	113.7353261370813
0.09942188872478239
0.04222781885762198
0.05748688393341119
0.06600036281957325
0.09494586202948825
0.09939482433545853
0.09860412186652945
0.10525842196880283
0.0700724602090521
0.06426489409172571	0.06100519520476176	90.04271339527351
0.08482802196177153	0.04319941305979641	115.42294021962915
0.10047391699271337
0.0999772842881496	0.034568337974249616	71.96912647933674
0.0688672241661003
0.2830754567677749	0.06275282778808118	116.15385857793193
0.07846963902732518
0.050447362702464686
0.0893490641984009
0.10075931563155742
0.08673844101949707
0.08717595926925141
0.1090747285796062
0.12085302487715045
0.07450945079137736
0.07381596115378862
0.06832007063691477
0.09536921470095643
0.07439457947311791
0.10055025081939181
0.07497069628740671
0.10235423798417159
0.07412609349539682
0.0679063497040066
0.11283206464786097
0.03179989097171067	0.1295040303051386	0.06277106249508171	108.2452982903927	90.23528827185541
0.09319189775976136
0.1005820125249891
0.10185074821973963
0.06794144838653149
0.10020240609942115
0.08514474822831818
0.10792455645327341
0.10127545345712242
0.10510573231888629	0.21804364704035914	68.16689337894418
0.07861169345906574
0.06758394539619891
0.09562570953823113
0.07151852276862966
0.12997031645944843	0.06415256911342619	80.0688407038669
0.08723623280760522
0.10939305208231158	0.27326952982338293	66.90176630978856
0.15630323982607397	0.10266105367342543	0.026723497784925394	87.82924193347449	74.82169692319692
0.32407305045950163	0.08626375612553476	121.31173639006728
0.07367541872652614
0.07810878249793562
0.08805318052571984
0.06415986199653595
0.08404337715784117
0.07582763903857048
0.08699117203507184
0.12854734165258966
0.11926070893499476
0.6944579306887821	0.09152079394277225	116.33865933333408
0.08633286378630588
0.09731188392373881
0.11712165059090685
0.11975168852388778
0.08031859134632799
0.10741921448591597
0.07796081039434719
0.09538686022710473
0.09682164523183999
0.017747066394378185	0.08123143070849263	102.99995641302064
0.06456909386934279
0.09314554276138957
0.07420430413514054
0.1124579553177616
0.09684779151349425
0.07438600207130174
0.09028971746358008
0.08472406312725511
0.1564047129010307	0.10635772438320662	87.6614784323684
0.10577997527630024
0.10082630032177967
0.08776346799678127
0.07380741576937896
0.02196161259323556	0.2649066440261911	0.06128611487132734	92.53445277307362	85.24212736413917
0.04314286919045559	0.5302794249804879	0.059764050559863016	90.6330034597243	85.30702397889668
0.05957980152566419	0.6857261511218752	0.060786229069392766	93.22941182307011	84.52412549165749
0.02706809084016026	0.17333480126803402	0.05049187167291562	93.90766921088884	81.37430446722554
0.04581385219725749
0.07541664861829414
0.14764930915300786	0.06988259625506149	79.49949251385945
0.23617607503322396	0.10409180082168192	0.06739771599311978	89.94868850272258	72.07317776270878
0.500277995368118	0.06403086477871159	119.92650694412261
0.10762048892074835
0.09274211339498417
0.07984870239253343
0.14056270603952367	0.07941723414562818	120.412221795043
0.09381126384304678
0.08824347039962677
0.10700312754788968
0.07730395275340526
0.13320847515391634	0.053938726525142464	83.70730545104679
0.07354680681693737
0.09270818120035904
0.07990355278508446
0.10489341650619137
0.0918889322704313
0.07496848360059305
0.08535964745593316
0.07125297850500789
0.13643777204317
0.090434102387279
0.09429666112323816
0.1166437740758531
0.08473926760258697
0.07063372357515246
0.06738186549170112
0.09580213923024283
0.0681809997099209
0.08650258853821496
0.07084645862422911
0.07584434835640681
0.06847598191598872
0.24636076952948316	0.08847242317610295	119.83417265281506
0.09573727689480376
0.12541292949652408	0.104488199830828	102.44459569091339
0.3274684013714224	0.1029769602173968	121.04602381434579
0.11267594816508286
0.2675363726517148	0.11378725967767256	117.17555914286652
0.8116177504347736	0.09316314901735873	120.89489140718982
0.08594743608298074
0.07350259718736253
0.1591603628906999	0.06082779422752349	84.7383305236803
0.0833349660043801
0.10696094835472408
0.0717408141149397
0.06044078298398722
0.08245227824705313
0.1006438134758078
0.06923962874578556
0.08459910202569565
0.09263891000023167
0.11428173188297301
0.06941511864126257
0.09975726352359224
0.044042092401023934
0.07019725927462722
0.10092574824629484
0.12217413465845095
0.0752336142610511
0.09978343567373035
0.09918519164171581
0.07551121360802343
0.08747770580898975
0.08508030881135777
0.09050202345131801
0.22380023186302997	0.06842933842554472	82.4417736832863
0.08899448167311523
0.0723832380407937
0.08815559290227463
0.09951416778102286
0.09480629204729674
0.06682025737787829
0.09228039467933258
0.06177886116072089
0.07616184121517218
0.08016436178225841
0.10185025647469331
0.11883704330369385
0.10163138062588845
0.0600339237235553	0.07487332968138836	100.49324803220954
0.05859605110711579
0.07423632534983014
0.06996314178565727
0.0700693602790642
0.0996022782244045
0.06080337569266038
0.08337286635476338
0.09195123926279021
0.07422582244466717
0.08218670419438193
0.11269267732842353
0.08844767253254972
0.09370757412354815
0.06569926117101998
0.07418519324192137
0.055109381560627606
0.06599233286562019
0.09749598266034902
0.07944156930340497	0.03408852790248778	79.56354733646737
0.13020033198441655
0.08029884718599561
0.05427999940023216
0.05493564031054836	0.05346126736416279	106.02378536031239
0.0928370843500779
0.06462419826619356
0.06614445556851843
0.07497732670288114
0.053654443488553236
0.08065163550727372
0.07416959036349303
0.1112234326483455
0.07396708152131685
0.05709050866407583
0.07453578420545791
0.06126793461606266
0.08493562294328878
0.06296486777458465
0.051761915830748385
0.09804762002128654	0.055241893926752716	72.8011324019327
0.043122053397638985	0.10316223176898301	84.19593577822653
0.062072662254738266
0.043824102513313166
0.09670149716083606
0.09806693114027329
0.093470248203646
0.05170175709774688
0.13211532326172126	0.07573558860881974	117.0072405076626
0.10930938457802715	0.07617600239178846	122.09062388953457
0.07280361766604909
0.07758076687963916
0.08280365707594058
0.14407799632463505	0.0810321820794676	120.26054027116676
0.07089765747159921
0.044728967053027535
0.0699952084852829
0.09733705280976153
0.07924671995070397
0.11159194590871731
0.14049780983251933	0.07197554737819947	114.78905706821926
0.08375612809427489
0.10340999964329792
0.07881336861045884
0.09760818710687393
0.08964465189155645
0.06979751948689114
0.08386546557613907
0.07759571827910704
0.04937542138072366
0.06707120065878937
0.07162261613981116
0.07384948434298194
0.06882756626699464
0.06171197292514029
0.04367581767286741
0.09299941460665366
0.08278832686317876
0.6332094516218103	0.07093234352348649	116.1798804844201
0.2657773559119422	0.08777179050298406	122.10889617789903
0.08251742912966452
0.06973073538694724
0.08115771846657331
0.8060663000194893	0.057753306772082014	121.19455173710058
1.792159968380822	0.05488725385938345	121.26706120076818
1.7551426814544526	0.07204713713517573	121.99180265704044
1.4456036093249678	0.06803960326785312	120.85424922320726
0.8956756905418454	0.05838183423705108	122.2095172857824
0.3688464128780241	0.06067599505408993	120.88384240897439
0.07234231009940338
1.4941304557257937	0.09809434575359242	120.77851287635019
0.08398408616112539
0.05861493049360612
0.06532082492892585
0.07326417545234369
0.08464139083769318
0.07207674411807685
0.5353113726797173	0.08266402100034712	120.66206776340641
1.1858552436204148	0.08804966191319322	119.91879989466361
1.0110825441235993	0.07717900610165171	121.29317976611259
0.7633335133841683	0.07368840768413763	120.41137072406714
0.06381988163545199	0.8956676088973891	0.060771602533891335	87.24200481691813	85.7799338957312
0.05729623454144193	0.9381435064418212	0.08141693092872782	87.26745172552467	85.71524576436661
0.03683528510113891	1.2064706568339842	0.04623620341269673	85.81795528735465	84.7678933969017
0.053917863586865296	0.9422204927914334	0.08006062284629799	86.33525467006399	85.24111555147665
0.04731895927083848	0.769136375744389	0.08152724312898392	86.85246981140918	85.55169976991787
0.04002554077401472	0.9916079271446805	0.06282498670596781	86.60342210422075	85.59284748893192
0.2239235955990194	0.10661135458956367	107.413190465433
0.10035388359675639
0.07090866207365042
0.09929964845198354
0.10206390479702296
0.07228026989526977
0.1045608829713961
0.07919526128964316
0.12292049045752812	0.06245291670033957	117.6991768185858
0.07885657075201061
0.07217305371564711
0.07931235066090273
0.41218731972777556	0.07530604791576324	110.93311133193694
0.09218708770073249
0.08581897661934672
0.07694286990208424
0.15726477017562562	0.0733350281610288	117.29932243156038
0.07289988749886424
0.0958230018775864
0.07830007710572721
0.0860397747967423
0.24203593932297746	0.06975014699375097	120.36611827900249
0.08336926594495646
0.11000198017434243
0.09748104142871707
0.17919038494570577	0.06719322478118672	110.60473360310908
0.11548727342849309	0.07711517845857316	90.95113165699063
0.09831619170088707
0.05944243079038259
0.17784566465035317	0.06282417671744268	119.91870629825007
0.2773674850551955	0.06996863895203928	119.06547395731602
0.09088013794188021
0.07608754494244735
0.08821327176231311
0.08819546693836028
0.04734133291940827
0.16411351589767584	0.07344139109653701	120.5307516754528
0.07104747788161957
0.1078368430480587
0.08983648079184281
0.07964872006237043
0.18723839218575897	0.07160376050661059	122.08883409016016
0.11584910467054046
0.1830938169381496	0.040718235582644806	83.4324630797064
0.07486019517664737
0.10692144872223408
0.1323140248406446
0.09826580226872035
0.10865019790903761	0.07190468055878652	108.98477495037532
0.09861945686661103
0.09786780245505723
0.12047248073765227
0.0965823283582345	0.03289291123674993	76.32723859541738
0.07479289755870991
0.10216465731603137
0.1351917421586637
0.10924895469737347
0.23017130694586285	0.0814799080911175	0.16794659011512716	0.030152409874141407	121.15853926817653	91.04529798262615	78.90670807161584
0.13334317827582431	0.07163451449365013	81.36815291526752
0.1412299000022291	0.09492824091503609	83.2719614133103
0.08023697449595239
0.10954226039663288
0.08461659161619564
0.2658132372068096	0.07120558006332921	113.83492817909303
0.14011265065763062	0.05114023171336423	74.93043172268159
0.16866962244962974	0.03159621259661555	80.010963560108
0.08675737986265802
0.09709937620828761
0.10926874580010668
0.09109583525661821
0.0779914368868264
0.07363013853440421
0.07262500816066683
1.0941932417780458	0.07039290435654856	119.7363935777238
0.8793383690997044	0.07022412184248286	121.10210122315615
0.4411229503802835	0.07341057957772316	121.82582669126772
1.0693591673570324	0.12037578026491724	121.1955911673604
0.08551252195907752
0.08968623136224266
0.05977936485151026	0.080708727497372	93.64453596625876
0.05775386088952266
0.08189868246583386
0.0677417221122438
0.0814746012471473
0.09992982338868715
0.24016380330320872	0.09237671688618103	120.68489316670806
0.07147232948227147
0.09953745392416756
0.16253002741996475	0.11853169394058069	97.84559700871128
0.10440531916045279
0.09619911815752843
0.09951907092864444
0.08798530768884949
0.07181035718294607
0.08222908891325482
0.23021840673960764	0.07300671400366458	120.15817462720607
0.10673109586520248
0.09745119867171424
0.10484400629918383
0.0777032096673065
0.07278205531405824
0.07120112209265153
0.08123968182685952
0.07105147260301285
0.11233900793652177
0.06170317123836029	0.1933166743362492	0.060956602423729106	86.34027545798446	82.35519004065884
0.09366307389667552
0.12649386744330343
0.09501959472882814
0.0790269816911838
0.08587099978289989
0.1471143268994995
0.07448889474120922
0.0762373676851474
0.08054828847157577
0.0829626898918265	0.08130462230485395	107.72714042275348
0.06992292895064539
0.0815185634292691
0.058301214869599605
0.06788592351451737
0.06945472333902927
0.08253363798336821
0.07488996562533345
0.06165830595139195
0.07016199041062537
0.5355797083809768	0.06959572042845409	120.45186584917953
0.2957789709326496	0.07369654709361291	117.67173895455008
0.07828776859987403
0.07088212924506859
0.06887779038135186
0.08863778634351384
0.0628955521542302
0.08915824437441189
0.07299432005539272
0.06780683815173875
0.08004835174416343
0.18108906790489862	0.08104392826408435	112.2096212604972
0.09278182106602333
0.10222764841062927
0.057028764578728616
0.0173931783041911	0.07643778194862447	120.75887357670139
0.06105602089676993
0.08445632457314128
0.11888312661653548
0.11783017781067202
0.06951074724875507
0.06468878539060155
0.04867200200289049
0.05398682926486856
0.06804799711371524
0.09541848149964932
0.09821259396545427
0.08881790291957949
0.10890154997875533
0.07407278585857954
0.7444063225122496	0.0667953668180709	121.13974617364187
0.07492517340328377
0.09050430262751868
0.08103302497388248
0.09273281911640177
0.04707623525733777
0.09417792486161566
0.061949434735893184
0.06610537001355381	0.06282648118996534	103.4386788230073
0.07325351319877603
0.06515980443990527
0.07814711602572043
0.5868779744320483	0.10390326626375554	119.77378598311613
0.10669686214932342	0.03702131596225727	77.73718128233399
0.09149105929307948
0.07473727477499961
0.06489290069164327
0.07017496777439204
0.6537862853197376	0.06718535392405148	119.00690447362572
0.06983821992543726
0.08103463759154071
0.0839928536574834
0.09381439696616475
0.06595309172847313
0.004693273178336684	0.056537520786396955	105.32672729350466
0.08567771524179309
0.07741726271611904
0.11971170199114115	0.11135454789073751	117.30722087530788
0.2910452639635362	0.06151480841235847	118.21814790637201
0.0661080990699513
0.11089277424730326
0.07507178050916627
0.08158804141208557	0.03646976044341902	72.09739707923583
0.07465329256422662
0.06939301869256494
0.08823917710880327
0.06498386286730132
0.12385010132147528
0.1015052607210469
0.09104416295737235	0.08230072592789016	93.68329055251962
0.09092165362703979
0.2528558073689102	0.06909378783408587	119.35051619216607
0.08042831975133514	0.09708681822935884	121.01546064544081
0.10229175594980444	0.10487543865198827	97.75740081240156
0.5634222589280291	0.08140989977484575	119.15038030090236
2.2516104444098173	0.08611121332223767	121.67655339317474
1.5816391901914828	0.057766179604814255	121.17750730858539
0.8107487882135201	0.10476088612846221	0.08574865597505296	119.94055391424979	95.63786234596034
0.06507119625617945
0.08918825143089402
0.08340624348249387
0.08082246716451963
0.1951094112356966	0.07100048514582716	115.46852560699811
0.07344134681530019
0.3099063332049159	0.07466539957935764	106.83072108706085
0.07480418390581763
0.07316700032920892
0.07265114464668487
0.08775834396981384
1.4288710095093242	0.13187240349261126	0.09371280511525112	121.4089155537075	84.45489649441195
1.3151172784902287	0.09233164615742469	120.57563798294139
1.5563084972841867	0.09227447739227844	121.26290296864833
0.1207943255621103	0.06624684864776854	119.88512154443275
0.09527341987291867
0.07367889691141319
0.08763445098220651
0.09896026125017783
0.0754942759434453
0.10120423986716848
0.5408924314775607	0.07713994708684631	119.13430908874085
0.09149179966039694
0.07997775440529198
0.11589133263661411
0.08355870197955449	0.08892500965392552	66.18525267397571
0.10075384854299978
0.0921089230913623
0.10227933389852521
0.07413654167938141
0.11309842633188125	0.07207266758706533	83.81941851532348
0.10499025659879041
0.3183129879820514	0.09506242563170543	104.84326689188305
0.14329559316692367	0.07493794194145176	80.98977302667787
0.07859680865937518
0.13435390932583263
0.05160036788839549
0.05057221519857499
0.08858117618153091
0.15438827746651584	0.05493792464042998	79.51282317467425
0.18168611915038513	0.05458219091203592	80.92142529322341
0.5350876858003442	0.09175361279383318	0.05610744989595169	118.88276476742102	74.67322992041424
0.6878316834558337	0.08345104814478484	121.06811462291915
1.6048394548470246	0.07821279256585581	121.70370905845034
0.49533104964489116	0.039851359709081366	0.10118715747369667	119.6392677509293	97.75491603024288
0.0790612432184731	0.31548594523089696	0.06178639595642351	86.4087479579877	83.87462118937606
0.14694369137338784	1.11866368278502	0.07714067615398036	86.04991588784625	84.63225998903575
0.13495468169461075	0.13131464038880328	79.36412283184671
0.12946972359428977
0.10539335107495468
0.10203188328365716
0.07242482119673452
0.07110580963259214
0.12532950172159657	0.049937222011065124	82.49536249071865
0.11064791381986021
0.07085589322867933
0.09672997234643979
0.09281214365524477
0.22669320447929733	0.09341718437331281	114.54805860525688
0.10118234269965534
0.08382192619415141
0.10695737765174584
0.05374047456327265
0.09810252092227531
0.09664291645495918
0.08753619220244617
0.16505082913870334	0.07778461207844288	95.98425081888783
0.12255513108667851
0.17345027995703657	0.05033063058966381	81.15333134131552
0.5935022029413546	0.11019784490151739	120.0279396614835
0.6452703047042005	0.09920623476990627	121.24689738972984
1.2927645098452396	0.09655061934973695	121.1523068032112
0.10600460411641728	0.3937957680205349	0.11030947465905058	120.74778031143774	104.34620325863544
0.10251706452081154
0.07047564361700662
0.06672595832942378
0.048997661797087054	0.13027161558741657	0.07387967753713702	86.33813983739536	77.16159166155582
0.06392268549154435
0.19961366894118457	0.07866889989056634	112.2159335996907
0.07079321793579986
0.0690093006593647
0.050279109683121	0.0653495669520386	120.35932616502829
0.09956527878643769
0.09194585876449328
0.08285726604364743
0.09932633453973361
0.439856557431536	0.07901424573997312	119.09639386312033
0.10481515900229418
0.08299727270829993	0.06058217503595072	71.67271414532807
0.10462397709894287
0.07737062535159214
0.08474046251287194
0.07469039272700026
0.0721988183859479
0.49416784132254177	0.09870852701397415	121.24748495709342
1.7123273235662249	0.07499954293312956	121.35914433701188
0.10744987579652214
0.3455952466473011	0.07465982261249164	119.22742145902599
0.07463896353003656
0.12474323085591218	0.045872756501592095	80.5172884152137
0.0865023297655378
0.1038474467879373
0.12183138462756576	0.043615563219740486	80.04298395482036
0.12905190382375523
0.09271229481668301
0.0813320041293946
0.09256438632746947
0.07045123403287315
0.06584459811918765
0.09106935974398823
0.07115229537480469
0.06981789216480001
0.07556198146299573
0.0838364841779174
0.09344482962254208
0.08593093351395012
0.07243117384699907
0.05813296930371712
0.09656454333974342
0.09019735548096584
0.5778985894360401	0.06190422924202831	120.97824294450442
0.09458803825051501
0.11920308186368811
0.09360973554860232
0.087782413785919
0.21724292703543618	0.09297546190878435	106.53441394453114
0.08527711413092028
0.0927028456903713
0.10690017920078203	0.07492715808014998	100.28822579895657
0.0966794830702082
0.0678393402322817
