0.13770617300268062
0.09951696453802483	0.5102376346712737	66.60484693393596
0.16929246823577207	0.04315058687695172	0.5356821898505892	108.55597586076838	66.38597930802621
0.23100260406239356	0.06881988990209666	0.5143476553779917	107.89478558923639	67.72689072913454
0.22976706443265957	0.06819637642284389	1.421785043635534	103.44958525291037	66.4180424631961
0.5739331526178645	0.18570759203548828	0.0862044318407215	1.2616400890415562	129.60706881362552	117.63737864784062	66.19796617677959
0.38931324029360137	0.05600512443646496	7.095352371530082	116.91653896018147	66.1045146422335
0.14083711654179668	0.09234883373777492	1.8560416240424573	115.046084513436	66.30154024712094
0.2747505532707813	0.08452443361811483	2.198207582910592	114.22725257015503	66.4739309939134
0.22524104406572618	0.07391721080863049	1.0334807532048769	107.84008137074517	66.64666579527865
0.315311903738433	0.06823207141316477	3.0304636553895024	110.59688878021683	66.35239560764033
0.09280596202172343	2.03210131708004	66.50518030008098
0.06665493747216573	1.406116166552162	66.31306068723609
0.15213010462076038	0.06846867852541853	0.9345109658774098	113.66999315420976	67.91914509241676
0.13861453851293426	0.026886225786537314	2.39934926583898	99.39550387982092	66.46278366187055
0.06967699064691918	2.816976446460104	66.39064172201525
0.10769425655698481	1.3629101748012846	67.03282080456681
0.4075062202464081	0.07786488765315214	2.3849296463922194	128.33193844150333	66.54728139118494
0.06806116112343161	3.4389438870100975	66.55906311779812
0.09038045545297875	1.4497083621551556	66.61515591487407
0.07944720081884991	0.44542381274513176	66.54192063597863
0.09197909719071036	0.3753296304992264	67.42594600785688
0.08426622023897964	0.5116697988866746	67.26241510538595
0.2294923072498964	0.0846764075339736	0.079355392944048	113.4514155123306	98.22106961598486
0.2884851301759186	0.11984813394620068	129.8565587612483
0.3411334385632518	0.051983536909493	0.6029337774427248	110.53109377577998	66.86166701729431
0.11658131350277043	1.289270457953711	66.40421883081308
0.18442241259717437	0.05345465314372433	1.4811094267449323	113.60464285633664	66.98541361000684
0.2791439869176843	0.07905428708705106	2.620182942267619	115.27890081209867	66.32115375715216
0.12816505185362911	0.0831198350051522	3.1329003931707	103.10781238681858	66.19847424566314
0.06391566202827302	1.6194977476910715	66.1282521227609
0.3076488583153479	0.11156082805453388	2.4734419059262263	116.14785237770317	66.4632283911144
0.24170248483311346	0.04924990324283458	1.1609373320598202	115.77876192690006	66.81044184485255
0.2384064219406943	0.04728201102543836	2.216042541472929	116.28415751896662	66.48420493661443
0.36923001809789646	0.04568284560889995	1.4971952864668467	117.69585829083631	66.60463007493708
0.20290237013960818	0.03571438862979154	0.13854508155342024	1.9549238028720886	105.801963277944	82.82919463701425	66.12863389980022
0.1306841577024555	0.028505594156505956	1.756860768981364	110.26277370962056	66.2921997972059
0.09948451053629104	1.399101407330608	66.58961920475448
0.05343291152798184	2.4395648125686344	66.6002078634827
0.09133221493094107	1.3490851062225406	66.40418152112962
0.06859310227553851	1.3173758521959207	66.41759171769866
0.19605929746883846	0.05597974388135271	1.0138465558561303	104.0079305903989	66.8434340054514
0.08224889261177051	2.512558720724835	66.63489267787537
0.12442791976048385	0.05824427045265515	2.0170560152644166	114.32477674819839	66.42750227894403
0.07008255927221622	1.0917314407383494	66.27451240173157
0.09923163234521108	0.04711699374211089	3.0495293339265332	70.93145933903521	66.14178735982792
0.1884520173425547	0.13250899831797108	2.690177245464407	100.02129556836454	66.70398075512972
0.14679593209097563	0.10950725014744633	5.608950304713128	104.6706448386958	66.37983715738986
0.11178166407953682	3.0071095317311243	66.14564477540569
0.11551154131438283	1.6792367324288582	66.51046529075654
0.09067412983558018	1.853519868688918	66.31041833292595
0.10958175384216443	0.6977253522636684	66.66602647666251
0.3604181854180599	0.08920817054253184	1.3232290160954072	125.11156745754147	66.1064995163795
0.3190586237146452	0.09453371531471895	0.9286692445530356	128.99810305071787	66.53636928778435
0.10311737977427672	1.2242945589241834	66.36059500176046
0.1298641541955025	2.1004548387808715	66.13679188611087
0.06300914727466987	1.0155330565829996	66.62985610589391
0.11614485808939444	1.2373193036012262	66.26400671982319
0.3347061391312097	0.10948866982393643	1.0528995443166491	130.9563453310472	66.6695794167094
0.09449790648729066	0.7333025897136423	66.71039054792072
0.08991107031699894	2.1483399798412988	66.1745200564852
0.08713927174649763	1.6393282071451698	66.58573122474297
0.23005174674990697	0.07399627961864393	1.1625439087821194	105.17827468169152	67.74956507367531
0.06471437426774014	1.0942683723362086	66.27751372957546
0.0978354776690265	0.11603789747869632	0.5835274032162044	132.9942317116559	66.46566294737576
0.21817233681077913	0.0888493478045129	1.464422915556202	101.91700256744554	66.74990579731312
0.05850309194512971	1.693203820295836	66.50525461305642
0.09434996227097596	5.657743489156145	66.16647676271184
0.10300202018873739	1.131132397677443	66.36884631129492
0.11833922910713084	2.7698226670421815	66.5510719387865
0.21319693085653485	0.08075756753705163	0.04726183412864113	1.5189855245355035	120.32291041019303	107.49634594374561	67.80655697267824
0.07381154473646798	0.9628000113794315	66.79269775144901
0.07494974853965389	1.4112343213911933	66.62096307635214
0.08703561999056925	1.1497874204520286	66.4295916732255
1.3786624587391134	0.0897617551767236	2.071307175402924	131.3154188343449	66.31960359512324
0.1054328846830465	0.8015132806675923	66.45035129359702
0.108116732022086	1.8721101736028136	66.57864962703383
0.06003184369004888	2.6537578621574327	66.30536925496698
0.09452305211517441	4.885363517847769	66.06521151253153
0.07664673653236541	2.1063575110364763	66.39576775370317
0.2053123963258809	0.09031392526664644	0.7849900167185123	102.5123254231371	66.91084059630843
0.49149405619873565	0.09625911034202649	1.4489175524092854	132.1950380696062	66.35984871343275
0.09015532447908427	1.0794609047041557	66.1318165514442
0.08725255518188609	1.8593501812910815	66.5978472442951
0.12163232553383417	0.808563756419402	66.48143041458152
0.10442399629507819	1.5413233456414135	66.29515745827575
0.19064450887866066	0.04831554393131351	2.578884447475992	110.80407006210717	66.55413295022832
0.10658123938537929	1.8919874871979685	66.0793203189792
0.1442199558422194	0.11105609164693657	0.936959584288657	90.3691360330713	66.9998837445102
0.0810289748645374	3.2743364404269903	66.30734279825107
0.09318964740759648	3.7434994055433335	66.29196267887826
0.11098881659983731	1.9101394814051458	66.19685745168779
0.19352476012872244	0.0555490264800498	1.4632406484506704	109.96009488128622	66.90976012214443
0.3338404883415002	0.062302577739010774	2.0885720559447294	108.3804791836495	66.10307691709536
1.0527083930987988	0.0902245499743055	2.1280204277255192	127.48343036680582	66.67825555521196
0.34563137970016755	0.04933021997381151	0.12075372813759337	0.7621433944761655	115.72667913561234	81.77604157638405	67.20385506247285
1.5500122578650972	0.2512272942494492	0.06314170042006748	0.2654313611504056	126.14512713250124	115.5468009428627	68.31850349530913
1.691695807603199	0.32097122550086127	0.06035091889251889	0.4636028844250232	131.8825457870851	117.14318072762048	68.14237465817317
5.254117288998591	0.09598784682116449	0.08413250909762687	0.7029273057322837	133.57586300499455	101.80380457946795	66.32879712187268
3.021475320912668	0.11834713024244743	0.05656970565888414	2.960731831473624	130.54652767336944	115.00733667085953	66.45938235903866
0.775452912617443	0.07575295125346462	2.2826566664842427	128.21570330956484	66.46919172563837
1.5520035563481867	0.06961475608836878	1.8359727500930672	129.0670941124667	66.21113698460498
2.207172020427388	0.07029342170531376	2.866209335069735	130.2546290617086	66.57754694104905
1.3504991592931643	0.15606584339594726	0.1826364834395509	0.04779830732265089	1.7179317397398681	128.30461364869788	110.14136737312731	106.63040852233225	66.53020891970628
0.11117891744317167	3.627361557764455	66.18638828900572
0.08370395560905422	4.6481490704973565	66.14641009619042
0.38849568383018723	0.05678394624388871	4.287638991282188	115.23484240491995	66.03535041410089
0.31049019498962843	0.06949525214759437	3.566034834403631	117.83310769588212	66.2504860797312
0.206018802091232	0.03552930817961067	4.630805056712711	118.76063883209113	66.11044149284837
0.2539784064767186	0.04918555655825184	4.561956203616448	107.67436490134668	66.34033919541561
0.11214431611955122	2.3722424857605744	66.51528102332006
0.09726731714102609	0.07484131427779761	3.7904185493341807	129.82292253662573	66.25374638136172
0.06364896994846339	1.859760917989683	66.72799260763375
0.1605453507592275	0.0401645690028116	2.4022098544895045	106.23100062960742	66.3022018389394
0.08830921632570225	2.715528390278263	66.66536954576108
0.21990985536551688	0.0935951776812982	2.583165990026	128.9176444769044	66.50605540495545
0.13801269105177189	0.45690865358597305	0.07035361442026304	1.2715273367859772	120.61205088993879	116.03753412722965	66.5088414687208
0.06959677544104183	0.08925565676505716	2.2620256006569393	89.86440683105731	66.23442219100983
0.1000798478486532	1.808024260002101	66.32631114802498
0.10603719943659906	4.725760376462191	66.20184726974574
0.08731074046263264	4.817943124339055	66.08693088324364
0.49827290519559647	0.08147906424121334	3.781997478885947	132.2334564791633	66.08350428439121
0.3038380148619581	0.0735473096629002	3.845023008893315	129.9725134605017	66.1136463571428
0.09925559894341625	3.1349897264293705	66.20061450617531
0.17968691217284902	0.416270616756324	0.09393882153593344	1.946267848062923	108.24129979737795	101.78024124239302	66.14828772298547
0.09254215079810861	1.740237205283619	66.24624685773121
0.07393902866608142	2.0455548258080536	66.24159213327489
0.17138348177051024	0.0715591439746784	1.5484226003236272	106.35318480540494	66.36446094081057
0.1059422634021175	2.2754581790426673	66.13153166401443
0.08594399286704184	1.3980474858134193	66.22669028291688
0.1006838264407144	1.3925088966433703	66.04622456487924
0.06703879538333138	0.952896216558982	66.8864633625356
0.1322831107970753	1.244855455599314	67.218712076333
0.14691477160439842	0.0779597309595221	1.2021721910732148	108.22540868273106	66.39017974584071
0.21125762131881717	0.09491644652309983	0.7009331733367664	131.32579752848383	66.57440148002061
0.3346474252976663	0.07941692918304119	2.984417792710081	113.52608715303033	66.20088786643163
0.1565019751391438	0.05443155096696711	3.728948822964836	98.89269163457641	66.29645470974282
0.07668317848303376	2.846751435022287	66.14983815458051
0.27290120079969027	0.07356569722226872	1.8955595614264584	108.51061239439795	66.53207940968333
0.07712364713466353	1.3841897922844557	66.23481396040182
0.23485546810596175	0.08139855530629682	2.17057094622744	109.23987939961279	66.26176638127801
0.34836465069356937	0.10679637933007484	2.142847214451983	105.54689121256469	66.06758832695736
0.14226245193858678	0.06422820436753464	1.725438695649083	113.87952430423648	66.46825894156274
2.8061590932432865	0.0799800753010449	4.329374387880109	132.46671969226063	66.36340100843323
1.0611320220785532	0.13872990407196703	0.08695539886874237	1.3438747960233903	128.71555256092478	91.38301658392992	66.45113732431058
1.368452350250882	0.1680769343274901	0.07032249137706587	4.060159294438238	129.05584671900792	114.17145071154388	66.18093400200213
1.3441984966624245	0.09736130497904888	4.972464436609412	127.18891797512993	66.18459680893726
1.9976733820711887	0.10943803237996516	3.1968133477977427	126.73614809451003	66.46074316740685
1.9744772382374958	0.4841490294775978	0.08321640931050216	1.7318531432624444	130.09655223554023	126.38754083483256	66.44332171486894
0.2580353275000348	0.1965639766665114	0.05813646272099987	3.4612676257282247	113.60558529455523	104.44444095165953	66.50005065694293
0.144094507029574	0.04807464684673003	1.686887657431163	100.67219546643865	66.43933517713542
0.49471476287201593	0.0918948194162203	2.8097576893282046	129.683296799599	66.533862831003
1.820107817364009	0.05403610177714454	0.20144978199488053	0.07025505693824961	1.530068655900371	129.25846539134395	122.4442193279694	116.81613227610784	66.51754549299218
2.0088428149879802	0.10512265798261691	1.833126802497746	133.04603110256352	66.29687648290121
0.38867467741146644	0.08041625632963727	1.3646565967083335	118.1898463583027	66.50652011307857
0.36014658925904536	0.05201703898289111	1.6112433105402322	117.82609563791536	66.64731656530657
0.3107379175660798	0.05604013684270379	3.6159998917564	115.06091340934093	66.39298536660735
0.6935188263551586	0.14261986814462868	0.0723212254338091	1.1745836640210412	125.46837982752513	113.8733760524397	66.55372646323673
0.10821397129661696	0.8383262290315466	66.28195461569194
0.14647334484990715	0.08730310832076256	2.1864105351084593	102.98946558140076	66.09202493687154
0.1598691697928288	0.0594541950366004	2.743968278749879	117.13944633737364	66.13400773812633
1.2873774501313333	0.08990501433951664	2.9893539407240186	126.688156466157	66.14301712132784
3.3811615391781418	0.08579926080912154	1.4085840724459375	126.24355081059132	66.73972990585095
2.0069729239565617	0.05633155174903858	2.2006819745373907	126.16046631936983	66.35033790409847
1.2330621072760555	0.05557444730177561	1.5705548604463537	127.86052281348736	66.42277879957484
2.4279758679127226	0.08492098032580436	1.4163721925720856	129.97355246959413	66.6277326817523
2.495825469077326	0.07571066444914508	2.309264763333993	130.51420676680848	66.867103524807
1.3328148181242858	0.09226135959730054	3.2177871751695157	130.72316060183502	66.2053540960613
1.9513987402374997	0.09337071210739346	2.5126690702080166	128.52293986362304	66.79365055411246
6.535492495661713	0.06788993713220055	1.983182533629848	129.64835984553702	66.45017446596117
1.6342832343792397	0.08740225732260998	3.1385593808789682	131.4440953926982	66.26576332256437
0.6940747145196479	0.08255834364913728	2.209298073002328	130.10333212648723	66.17829966588414
3.1861749025819894	0.10901238316592472	1.9489150223363179	131.21412099712288	66.17933566910695
1.807660167160111	0.07757797083701874	2.854232104400183	131.47171161793767	66.57881377449704
1.59576953893105	0.10236044423904614	3.218484802988415	130.7809535410882	66.41364569253176
0.8784367443506602	0.0936640646381921	0.9434978604582275	126.43666876666218	66.8396789198362
0.11232852171326813	0.06360358159754924	1.3815033598003035	94.67240357817278	66.60031701701912
0.058753097632222036	2.0907610795125824	66.92153422372009
0.07588183376447925	2.388240789406053	66.66875598418707
0.14809394528991943	2.6836187689102164	66.12855280081398
0.08228690303714908	1.2432981791052848	66.58265157022961
0.25079423710059634	0.07721528882225134	3.6808350925904754	113.27900623014224	66.12294209492683
0.06700304758090549	4.285663174004216	66.55383339440927
0.6069269272207461	0.420942826133176	0.024854147605023424	0.12734136072213253	1.6752317643839976	131.3800099675807	114.31879306497761	97.1953020007097	66.56087882882427
0.3213987071004025	0.17980139763302275	0.07093680137794414	1.3069648945812773	124.62037211693445	109.63743202363314	66.49541245754251
0.13404347572047284	0.0651086264492066	0.43257447126961357	103.85170442651804	67.06295511028925
1.2642996989005633	0.10201340167947004	125.68497975048751
1.49002704717002	0.13482519307131208	126.601330890367
0.7843643671272911	0.08792990272874988	1.004474505488998	125.4941047635281	66.6624334714121
1.2798272289634829	0.06228949582213043	1.9374668049175339	126.70824400997564	66.58772660670424
0.1977748610147098	0.08386783837866271	1.0598486803335843	108.00832003925998	66.6459093707182
0.07550216702164711	1.158792971668707	66.17638098728803
0.09016789518018728	0.6923110279689924	67.42398004464275
0.18754131580392247	0.06676020202751623	1.437549844164807	119.20405487498833	66.53158256059321
0.43990695888346315	0.06800587691587594	1.3432698780770629	113.52270702583573	66.66072938063166
0.07461038769640194	2.1199866388043427	66.6593551542543
0.25658210969479567	0.0753037730366114	1.6906643583191978	118.86779017278684	66.10676852855734
0.12915066927434238	0.07324990454571048	1.390720442593476	107.19521463320096	66.54200556506787
0.09258187115644707	2.6109148426293887	66.50976446191589
0.7170390515207261	0.08705405391103338	3.1834345872360723	130.71538537490156	66.28656439670037
0.6102598014883386	0.0611018561912865	1.785500586109411	131.57889618563837	66.3971398209791
0.13251527794374732	0.08033112462681011	3.6524825463485753	109.04346443381259	66.30263063470856
0.12982598014473076	0.11257188712382597	1.7348208488175496	112.67828043881238	66.52971971997522
0.07877365526608261	0.29524961947400047	66.82765833076675
0.0805500616056125	0.7446479489811171	66.97957370866924
0.08072751862520203	1.08834732594959	66.49296881174284
0.08491203946983178	0.9635194042070172	66.11209920938171
0.07806482434434434	2.1224255273693116	66.14666405341677
0.056942218778828074	2.2510334665143006	66.55347776953236
0.06000775916343615	2.6663526024918554	66.51208451120102
0.06345848404551721	1.553106923869944	66.6368570084524
0.06387606014026487	2.000611241299268	66.16659832098807
0.08667752540524178	1.763172659312382	66.44283830043898
0.09668987067191237	2.83851914349817	66.34427650791979
0.06458608873686729	1.0438620417154756	66.27915212619581
0.07902557892079633	1.4806213806448547	66.27165933690469
0.08362453765186234	1.4336390408574853	66.32483926215498
0.08887814577243465	1.1280341739108215	66.3138684386346
0.07596039726357977	1.3702467364554274	66.48160741106174
0.0602832461826762	2.454868743863664	66.18247666210895
0.0908217749391908	1.7137156493002892	66.56506341816211
0.08413513203428596	1.2669854674381213	66.3367497111945
0.4900066187934992	0.06177345389483698	2.7106791639610566	130.43497867354787	66.27733413860726
2.8908029986674664	0.06240949949430182	1.5838777604898462	126.62503451124047	66.13834673029245
0.8486708124311453	0.213256205229254	0.06329318401601947	0.39287914240709354	131.8153926418734	105.01839896007904	67.60170901195471
0.07947066262156231	0.45058669093677023	68.56141869009288
0.06083969619240799	0.31544876044527415	66.81284521712637
0.0937415772021792	0.9030087671016629	66.54397901908933
0.07821439494403568	0.9541032654769405	66.60489592408825
0.09126355659753303	2.4606831950666277	66.07257986108635
0.07006336919219246	2.576175754340291	66.1049148619447
0.07055965344828655	2.1995541630625564	66.5647385583791
0.0820502326052074	1.1273173328463932	66.37645202677624
0.21292587896173334	0.0844495640345064	2.4813766223209432	114.93830436041321	66.59534960418242
0.22272960939884806	0.12471059192415214	1.3494797014947912	105.7165139037164	66.58714075827264
0.3084309277482636	0.061531332280388366	1.1394016440623533	118.24143252342824	66.55494379022262
0.578288659419196	0.057791695717020135	1.833796916507642	127.8611025181109	66.16304394784707
1.834042136990948	0.057112975554532756	1.284087135758815	127.73214584553635	66.28209131673036
1.8996277276860765	0.06736438525190674	2.5760673263432605	133.546154682294	66.49850322134434
0.44520031211846356	0.07333739806694124	3.0262067620076856	130.04553316298615	66.57191713914834
0.1632033468038167	0.04599179912105343	0.06507858776464107	1.1308643068175055	117.68208748969842	74.06594816782764	66.91904157328814
0.11089407691786582	2.270621921301163	66.49541458077351
0.3105608189967581	0.052372910297587005	0.8271743397394695	101.31192405749671	66.84253568322235
0.3601678653939039	0.06531637088409015	0.9044709716714073	106.52953667548056	68.33020549483797
0.13692391544879953	0.10017405838285061	1.1227992106716966	131.1242566149298	66.73071225331098
0.10441704682734985	2.233735679364442	66.43331270277702
0.18909680476476495	0.04539653524836279	1.353458613348344	106.29557868144964	66.4007365394152
0.8954148788374794	0.09996104183597355	2.4219079255717704	132.85567264020634	66.29175233837955
1.308877763255789	0.10869244581901931	3.307917263176091	130.18435328733668	66.17854113378165
1.421144826184696	0.07852297540812522	2.106779546268901	128.30563861582152	66.14879320379717
0.5672660239949372	0.062129780044751656	2.9014637032287736	126.91340170856994	66.13582658878617
0.7145322970803072	0.08789587382432636	2.816894791705844	127.10916552301468	66.12262011393838
6.500451261903249	0.08064117926823473	4.310142897193442	127.61137406156861	66.15432143577388
4.449721215049225	0.10101957593246975	3.2782078198173696	131.03193011035668	66.44280930551278
4.495388854582477	0.07161221870210178	1.7738854063380525	131.02174844244007	66.83413477911046
1.3873204553289131	0.09286219649304966	2.0353442168411133	133.6940028017658	66.63145215534661
1.2129399113326635	0.07430363041167012	0.845066665526095	132.1374019185654	66.76547102943053
0.8869462442966319	0.08336598076186967	0.48568563930012404	2.4231349164675855	133.21019500754704	67.80398240503864	66.03481704606236
1.4982823589607348	0.07686772719710751	2.1265918525491894	131.21545768742217	66.66565984284416
0.7013624749209768	0.06040555060743175	0.9615817980579477	133.36934599027393	66.51966133224785
0.1239182187775898	2.3801593753494594	66.41630405419242
1.1491830961890939	0.09610471673084515	1.436401356733481	128.35938760941934	67.01281719707018
1.5566674569553083	0.07877241623331423	1.0528335557274697	132.32570037622918	67.38288044390312
0.18217676761327428	0.21483522999922514	0.07123068318470738	0.7192511577135676	131.99341393253218	99.42673858273557	66.50360538406373
0.07082697269694278	1.619703424860328	66.5568769083449
0.0728860074080281	2.0183694070874165	66.49928326910246
0.06735402937301871	3.517785039076618	66.14993459301137
0.09395657197180632	3.563075623067064	66.19958502717004
0.23735011459533017	0.06775230490188328	2.116598277271647	116.04650367654278	66.57439726705752
0.14234948999806823	0.044635119106816744	0.968097580119073	115.29229587176032	66.42758033538848
0.25937373930697294	0.08061012698759423	2.231873138191676	114.02993121879746	66.45582107799504
0.05754418529827764	0.5582124287682572	66.34410673951668
0.08825812696864173	3.4526205327129964	66.59147976600133
0.18415598199639518	0.05580606890977601	0.9276939958547334	105.41734007716802	67.23035982669231
0.11281805561161802	0.5175755017953269	67.43576101931572
0.09043517072513897	0.16845867153415614	68.83868028730043
0.14733362016697815	0.619339914072524	66.59914503035145
0.08400035536332015	2.548652980761279	66.56195664719928
0.09506995047142583	1.7684814234722654	66.46436197864655
0.0684401834316588	4.862507934597536	66.31677469623492
0.07376858524645004	2.4292231491547365	66.37796096182446
0.05285426276701484	1.6193916629524245	66.6632574729318
0.27557396054418787	0.07418904158466175	1.2613536307806184	104.25191575934647	66.52291952997477
0.10126658799769268	0.6079038578651543	67.62768606212998
0.11697394039140557	0.0503340566512444	1.0463799303876258	106.4961656816063	66.74315291003174
0.18682274896695372	0.05387104384535558	2.7335113927062404	97.54752445900338	66.21667672780968
0.06415986190456593	2.0918948042328496	66.03153238736705
0.11799661583676875	0.6661905193843038	67.67444637631466
0.2566452915614094	0.06829419561369565	0.8978474868449279	112.65949147065533	66.48625649388671
0.1822619556714052	0.045804703414570484	1.3377011674274444	117.01655772254108	66.98089384496105
0.07585201845365469	3.288914022234571	66.17444110054207
0.07202156945388462	3.556612120661003	66.07731885077322
0.0787283254829848	2.1473728562260064	66.48244709677952
0.5309673680441045	0.0743441299693693	2.0532044107731493	133.77635388040787	66.50022198762547
0.06272500271457945	3.2960188012913667	66.53034171518689
0.06730943420138101	3.3224134292178706	66.40914437886553
0.07824236654439269	2.7004469557394404	66.5629406008536
0.5186052266799915	0.07169803067016257	2.5435609937336445	118.62347515633314	66.10124516120271
0.1454271007474738	0.0500043505759201	1.184851953835111	103.21509373100851	66.75626794971362
0.05068164856018353	1.416407472980785	66.8551984703021
0.11846088390966007	0.04615131552662421	1.7000263245765634	108.39397026443453	66.35977201036779
0.06745523669062532	0.6558024197969649	67.28552032586356
0.07539426692731666	0.05806826412626191	1.1549843948663896	106.81626543874985	66.86413606217334
0.06566409828332392	1.0549420187771639	67.0682523008244
0.0635922574437926	0.8714945369319083	66.70703536981014
0.09483607246492957	1.4820748843605638	66.71908197621845
0.0717399074294026	1.8670632951331905	66.9085813627359
0.2519052942305232	0.057028711375044124	1.62279316088771	114.5639550636171	66.54874853259673
0.4046788478654995	0.052817887183630806	2.092373825543158	117.98473775638452	66.49627261529008
0.2988903742133755	0.06511074886367835	3.219429283598594	118.11159588385902	66.45856462447615
0.09378612346168289	1.5030231291121818	66.60397325348315
0.11564642527584149	2.746085908033034	66.14639348621179
0.707303101842676	0.09001717551227946	2.36506666717316	127.16799872777949	66.5683199726291
0.2084384639435701	0.08174756421685148	0.8289801575840744	130.2512550855379	66.76602862914783
0.07501687203504975	1.0663378260701548	67.00801778641517
0.0901621370351274	0.7912803043231396	66.53080762893683
1.0995904231766094	0.07476893004021783	1.6656499727687597	131.90772663871425	66.5507333424845
0.679049948247985	0.07194292847925325	1.0630346491003073	132.31626021388433	67.46828990023496
5.289153352994847	0.21917552791312503	0.04546859335986241	1.1940014108432992	132.22368239438362	117.92495803713572	66.39581422091896
1.6795872981393023	0.29032378200555425	0.049711099634801185	1.5164962567583402	133.43383334995895	116.97985144478348	66.43449750297181
0.6671726747824125	0.13789495471270138	0.06400326570447427	0.8654048067587904	132.6719436023016	108.34405660249607	66.50079920550195
0.3421469661427682	0.07641186485684251	1.1590506987327562	107.59844391226986	66.36286225852136
0.08913599141154763	2.1218845320613857	66.55264316556331
0.14368228026546725	0.05471101639045413	3.528584535584282	93.53712481844721	66.41764100629702
0.11068732909370654	1.2589879327308018	66.40329537147166
0.09631496600077859	2.6154163046313483	66.22629332569537
0.1823606001719929	0.07984158737339196	1.1487501416768415	97.00553651771139	66.5269227873107
0.10226382153121033	1.1335055759550383	66.5307388907367
0.11194849588696623	0.928722428296754	66.42131025171989
0.09004053853280498	1.9291031342809835	66.24680765256515
0.09527798901226672	1.689872155035522	66.09302262563395
0.09912731814070753	2.896051308962475	66.27254469120955
0.10816253869807588	2.6174287013178636	66.4350216094171
0.07782970050259977	1.5148821984544776	66.52996363963729
0.08810787179482232	1.837886042248527	66.48565471789892
0.37298801554541056	0.09112391530569354	1.3919153953564356	111.26984264357603	66.70175593570843
0.9380631212296779	0.09879477995988926	1.6876762943157169	131.82588496195032	66.37426773837633
0.9410729929247398	0.07465468494549882	1.824125401138856	125.78667608589339	66.54861309080036
2.522691076778699	0.0882645870791612	2.8932294513648067	128.33405227241053	66.34442385343146
0.23114876979091012	0.07751928039115541	2.2094121119158507	103.24510660875093	66.45533078430704
0.08649228168468757	1.368336999100115	66.09728173693095
0.08258914568432862	0.6360530437233232	67.54807616816161
0.10164489795409427	1.5513126202600558	66.488909362405
0.09280986052970755	1.5963228211882288	66.53434405763903
0.08989515429332781	2.048340507597371	66.50682004678634
0.18618107408249973	0.094492984127518	2.847385068263373	107.22816187709068	66.6127165795746
0.35391521943259363	0.08157473205928335	3.139293995974467	110.70714040627871	66.42930373014259
0.08655690646708133	2.0748737040227754	66.37585546692726
0.15348997396388153	0.0443907787317011	0.8504893179325332	107.66487573406134	67.65626911464946
0.24186385419371484	0.09531306409617704	2.656624713273247	101.87509351909999	66.39204668099508
0.25531980669483234	0.06638538781890355	2.325026234211196	108.48587385327353	66.18026725029357
0.1062527964018689	3.098473713005355	66.13627153761445
0.2429276599304717	0.09679245131623514	1.1641371038718489	127.77880823711153	66.99335963278499
0.0780585422524938	1.1401888799379618	67.4777264586807
0.09539081327721928	1.1375185415328528	66.54352098038008
0.07703632673574864	1.1058441463838729	66.49685374417415
0.062482217477970656	1.6962644156331226	66.39418176831191
1.0583252538928998	0.08774529490052954	1.144003367797948	128.16948196467203	66.60287604973118
0.21407521158428136	0.045080155936133764	2.801981316607831	104.49760158873549	66.0761388173852
0.07673868034944854	1.9417955198566987	66.42504832340774
0.16589986829056622	0.05982405502590535	1.6698143976004618	113.47817063813918	66.35795150233034
0.1472625457574307	0.07301255130485708	1.5268114855709016	124.28779437809166	66.9847657798496
0.15269929484450825	0.06375394230232478	3.8277783362877287	115.54817134464503	66.11048088150291
0.149854401471243	0.07193945771359525	1.280274908254191	115.6806450277365	66.32388384869466
0.15523061651380698	0.061026436838766886	1.701101794821514	108.4293654832028	66.54935003135448
0.0995033425664835	2.5270771837507846	66.32980068253303
0.25720464022708206	0.09160858542703049	2.496776883405783	116.29411901842433	66.42089823266602
0.35316640848203684	0.0629255200571052	2.2990143664259706	118.5216036831707	66.4317046483156
0.17438806979307467	0.07079524174305471	1.842626279177353	107.5635545849247	66.6199994939007
0.18006719531540827	0.0876707883866371	1.4540488348193072	117.49125447453937	66.77513255470282
0.09807022398311142	3.164662872785783	66.26369504469807
0.0737008203835378	1.6782791667552766	66.54252964428795
0.06616134360660338	1.0336648548530163	66.0948495548906
0.09694380434611485	2.1426475312461277	66.69501187914649
0.08314645757126071	1.2306204125223925	66.33441056526206
0.17686203951251947	0.060673631509514166	1.4213825802612745	103.26327119077811	66.72982420475542
0.16298318603852047	0.10848806496222936	1.674830027876901	116.44733846099551	66.4072839279352
0.08608646398182286	2.6060257147460844	66.26044049070934
0.07566825846592244	1.3238893090583426	66.71842780129661
0.6368682396291441	0.08637017133114419	1.3974263153411954	129.43961350023002	66.17719037357935
0.19366365959552836	0.077257859397201	1.870130205949055	114.87741683821876	66.43059583799166
0.10327522580579783	2.1836139832587036	66.03206691353735
0.09157029908039767	1.7541429732552223	66.26071189483068
0.09957118245608684	2.685917384390774	66.37952506997208
0.0889725185851141	0.13533610643926766	1.225991900320412	74.33436475258688	66.5340888824717
0.11253603671676321	2.8612641388710567	66.38818926884225
0.09309665269810603	1.2800792905815597	66.55539017114715
0.10966209484606704	1.3543471705071082	66.236056795189
0.09326860266295177	2.637773815064259	66.54115376844456
0.17320589209842285	0.4503782839458533	0.07644296977656176	0.9559145251962297	104.63445857636553	102.21763522416647	67.2269390615428
0.1887425592240403	0.07297350368151061	2.8563959960900935	103.16783416698354	66.93480097370023
0.18219799998369635	0.0926641344286008	2.055343713901644	113.9366683451462	66.4202151051913
0.07351743856802735	0.8670560889279182	66.5347611464125
0.3091556662280088	0.08224408126449037	0.9899658831450036	118.03342992102179	66.5298352130761
0.19745637767637955	0.10960397736449451	0.8900024545396393	107.72494057332061	66.18997650628644
0.1536434086094902	0.06337841617043558	6.181877601282722	107.63827791202544	66.2583521181263
0.2115193964492681	0.095565689528426	2.5038567577579594	110.78874816410908	66.52200138413285
0.13080050376429445	0.055073446084798985	0.4690869448450706	114.21483977902844	68.40960704738379
0.1430940184330933	0.0538224971185317	0.3579803509495382	111.706051232321	68.4125845864088
0.13786287758476307	0.05175813849241484	0.29915341952489716	112.25783552500968	68.71448803113572
0.37246022852888105	0.11017594517092667	117.69324232586997
0.3978579215258657	0.05230742149219899	0.34413643583190384	118.83531079441008	67.70733885719406
0.42239022704603285	0.0654727226948498	1.2154990113337114	123.7019533581426	66.15461984720699
0.2576465572815065	0.06107752320646398	0.13796503926953596	3.2661321518758464	108.70657327492387	74.3244889151949	66.40870935321519
0.24966962573815688	0.03446224731218568	1.2958080616142118	110.04357454028546	66.68765261622531
0.09671196447345587	2.7816384327233563	66.35789172396655
0.16868070222148956	0.0736983368512845	4.152265770464386	112.92523340202138	66.30819204779952
0.1246528951994701	0.045385490260429366	1.372098023116392	108.34583255770534	66.74680184772637
0.09216539079916357	1.3799530035006762	66.40661068816328
0.06841105375833004	1.370904059221533	66.3276522679731
0.09073387800618007	3.0728513648859335	66.16835010055117
0.07432561174653435	2.0275476618471506	66.64001384572676
0.06958750963259686	0.4961470382257712	66.52777534979225
0.22134526162137239	0.07074673045211642	1.8346162372569805	114.98427087259867	66.65745310268768
0.0860513197605255	0.948184938199306	66.35607222235508
0.1513668629609308	0.04644945988395002	0.9881761909989284	104.93120691236018	66.73088194693763
0.05806353274674904	0.9836728957778366	66.53674290595507
0.07478795042799348	1.7072033399331872	66.1562791159017
0.11705693434789063	1.4654134378880517	66.68854901121256
0.08060028648482456	2.3034222110683182	66.50784082627519
0.14386607366409684	0.07693465310314718	2.045535016570504	132.76982680339643	66.4168839998446
0.07303026491546372	2.898790093936493	66.46593939787418
0.10875217336942736	3.3300332945227757	66.94780093250598
0.06999672829097411	1.7517263685493751	66.33135425060077
0.08824778511073463	1.8340545920298565	66.33029670427248
0.10655198445426273	4.046593835024206	66.25060540130114
0.25654876538059207	0.09298261116809782	2.310534244844154	127.16406257544922	66.19578876287194
0.07633548849589979	4.031871680002806	66.07271977755046
0.770047147152985	0.20245600394434848	0.03914205720855454	1.2349736570474315	125.80483302543907	101.42825361648585	67.63951721895884
0.09370915712602462	0.7491420789166308	66.5339665483629
0.3169554069666099	0.12166376073743317	0.08058944553012101	2.1096692886687927	126.57293052895935	113.06808280406432	66.60943243609258
1.680501754083671	0.6781656858526798	0.07546888366083908	3.0724176233347875	133.5081260993675	128.1490429272136	66.05447875190144
3.4952920128733393	0.09361763913223475	2.3709079941453597	126.61408442972068	66.45493020281904
1.5311657960940197	0.10295078539898377	2.1207347224310618	129.38662420108233	66.51065879323255
1.6884051885742162	0.09394878532492715	1.9609278416222964	127.49498919036985	66.08230332543404
0.7890134767128817	0.07508853150903527	1.8535802815706701	128.5122837937448	66.74256441372994
1.4464662834528617	0.07814881624400584	0.7962103088804583	126.15592758413624	66.40910737528131
0.9058110706730661	0.09491208214982837	2.79578282539771	130.78620212888092	66.2472540474181
1.6183325839499891	0.07293408763083417	1.5418614581630337	132.37915985065487	66.267179111793
1.033089869985161	0.10611375131809057	1.3997078676760781	128.97550240751752	67.14913880788501
0.5204250035767453	0.06754275719344147	0.8964150139013217	132.68868613699794	66.52797153302525
0.05215054614971345	3.3426437978300605	66.38294743542968
0.07798660937337898	1.6176363156912563	66.76454857505003
0.18615221163569307	0.05525794981844454	0.5924769195495477	110.23398963986867	66.99906753529493
0.22078812921688648	0.049077484935770126	1.226208534538924	108.67640314297952	66.40145079222296
0.8706299955679738	0.2365376934095182	0.07385515371356276	5.0335789950554295	127.2581931589648	107.68603682092538	66.23794222851367
0.8221586733485914	0.07233398781478541	3.5258335612235316	127.88881197574634	66.28964136749978
1.766317049952777	0.0842301192007519	2.018408559224033	128.04928022507946	66.56320397483942
0.44043955334877255	0.09025102795554504	1.0762876567059798	127.78781095407085	66.77370677736789
0.15129425186111056	0.05593779826226153	1.15665710227081	91.74585684128877	66.28867866904562
0.05432148473147139	4.844706221077475	66.2924478119874
0.06879383483800654	1.8778878763865787	66.44144208390378
0.05933428041092889	0.11980028763913639	2.4386711263030687	68.44910177178508	66.69313466828798
0.2499500389301745	0.03738670606459943	3.5046632256066	107.57580957046645	66.14409649675872
1.4687416756182672	0.2169752253433973	0.046797718896627254	2.4832601317526404	125.17455920722718	111.92436039063818	66.64632718681459
0.26576071555603686	0.061504269091118856	1.5502280816388683	109.00228505038662	66.63764172088729
0.19998768702272665	0.06208903975765829	0.6588679215472829	109.2892510288802	67.27180525020282
0.0636033319999397	1.8161964509434596	66.54367491258861
0.10895143405591944	0.07139381635626338	2.5907763034166793	113.34656517850114	66.10447819555718
0.05126807581759786	1.498098695875984	66.76422112036114
0.07232613246284043	2.817735595750169	66.4957962755528
0.08473816979548965	1.708257834251509	66.36977654286082
0.17089855517380004	0.05032938949178996	3.448473381261223	113.88534652605018	66.38254204089752
0.2201434621960377	0.06012997622249862	2.2306320353556055	111.44527435556495	66.49975963368797
0.9119512633741917	0.16645703708526238	0.04154717203603799	1.2009864055421544	127.00569856262071	104.37199968914699	66.29272073893222
0.214966694282103	0.05049077933357377	2.234305617991463	99.80224320551547	66.27269148131032
1.9067452395512245	0.09249342222078911	1.4564193636097333	128.08781202178884	66.56978054362212
3.9951190220260475	0.060658539077356376	1.571619630696697	130.38575351266192	66.71820703345415
2.064880164611112	0.20723143584790463	0.03184744632394255	2.911469773171977	127.48951657498475	105.28059435480877	66.60086025771632
0.3713169601983719	0.6831803858385981	0.0821710728345273	2.69357545812308	128.76368951850057	125.4353788567299	66.3240903601687
0.08413471676870397	1.7716547458043923	66.63398790888216
0.09547167738526248	0.1031196469865374	1.9075345122711544	83.37299300911509	66.21721582505361
0.5892499099677999	0.10598773068598406	3.412745210676698	129.10961771415586	66.36354877204951
2.7871806816549096	0.2442240220380262	0.0927347574908959	1.9192237533407834	125.89137780986036	109.62482757037833	66.66854114791767
1.2700887231267683	0.07072939688111483	3.0174124986482833	126.27693953599699	66.24573189783469
0.16902123117693002	0.05552466598788926	1.7631492190567528	111.02206634379094	66.6193402605379
0.1219037977096295	0.5218381091737616	0.09249251917636071	4.745024301983736	120.45427518342632	115.94202404239111	66.38399538105705
0.12054406887627012	0.03919288811952861	1.9213362230924471	106.65272502075777	66.22299936663055
0.08380196810512498	2.6646982052446906	66.39587239386756
0.3620886294125237	0.07485170248511218	1.6318628177851329	111.38278113214605	66.40791722422115
0.0683530294330046	2.039291138216962	66.82949882254974
0.3271056983955135	0.08786482048066643	2.3923762866084126	130.04852619968833	66.28863977312137
0.17231558198028116	0.08587969856270346	1.550589944744214	116.79874609029714	66.64724257488425
0.11730041855496086	0.0774981180443634	1.9315871554665511	103.24272398076403	66.13294727398885
0.06923191804714857	1.3087514181702409	66.1679000539389
0.5279599654025312	0.20653454422580503	0.02223865317217002	0.0943618559194049	0.05996416441879625	0.8629207227275164	126.85635111562623	100.79009452327652	77.99276706362458	71.62658938096534	66.68108296346732
0.6418138289639655	0.18776609882645143	0.06288649461527811	1.4270605300054005	130.5102595144181	117.41842929818452	66.2113003646036
0.2262661335723911	0.06652228984671979	0.6530071644259225	110.16879100636	66.70308701832721
0.10919902048569817	0.04020431636068968	3.138149895190373	105.12939280732076	66.57365078429979
0.2457957921925635	0.08801570719037576	7.659368179566226	107.84635481171561	66.11677141264272
0.2767300497185315	0.060006991691179845	4.959949336145626	108.52105322491603	66.18124334838356
0.21146596768979742	0.05593600030158869	0.08138710341815258	0.5587807650443001	117.21637052505034	111.33171049768922	67.8072473526524
0.5099757702798103	0.08893855283872686	0.47814224899074204	117.91717371120652	67.36952333738252
0.2965023211510677	0.06704610166819636	1.7190103863878838	116.25178262098564	66.93957568154512
0.5285366779598779	0.0557135609020533	3.084881038518489	119.42718306447247	66.4003738814923
0.0999407478537111	1.628660072723055	66.5388552863876
0.10865456560536856	1.9576056066977623	66.64935744151128
0.24452619243036222	0.07245209210791358	2.852701310897725	114.27050631504198	66.0718671970889
0.3731055486766048	0.10641859634765184	1.2725148310970125	117.19392463895959	66.17500987414137
0.3921144465457791	0.07884615684617186	1.6290045667267845	117.33993619902796	66.40909760892424
0.08923818036711492	0.8486408991548898	66.1052663638537
0.08404877267203371	1.4443868871718468	66.54204910223542
0.13972031059756973	1.5130574253332856	66.5168311438038
0.20396918447319853	0.11126507596909326	1.7005109325841068	110.61899046162729	66.62434650418385
0.22533646467586715	0.024941421157474813	2.375273740204281	111.54983369710583	66.5238301575309
0.1816859102014237	0.08067392243409112	1.8775913365396708	103.86672600291709	67.18509413486237
0.27353427932360963	0.06430351304261211	2.786475327287529	110.39091627204212	66.20094337073535
2.383084744353347	0.2142582980918653	0.07753862753023785	0.9436117988934283	130.2787630078269	104.34270482521617	66.86787655988624
0.27853474380148857	0.06349812229173184	2.00270071759605	98.33579891035309	66.36389334592974
0.8132978594220183	0.2071743542343514	0.08482867474954707	4.489477391567358	128.74558672079073	103.57708563266246	66.21173023205517
1.3102801062932425	0.09863289525234571	2.081275041719802	126.56312504247441	66.20820189612573
0.9679695888845055	0.14917485361925942	0.0629380754502143	2.2403689895837857	124.3221730322875	100.60613529279283	66.05319902560538
0.137558811823595	0.16391064471320202	0.05929749393143132	1.102623614022476	124.41306022114536	102.0824802389903	68.0614918505808
0.11739534958198262	0.2659363405226009	1.4058327859294242	70.39669649102743	66.0867704343935
0.06302520492549829	1.3883564221406877	66.54838167042546
0.09833046323797007	1.9858829680719186	66.39592309291436
0.1559811854502718	0.06812386479159209	1.9036457559978703	120.28154133954197	66.5041747032991
0.3151598224524155	0.057802355599684115	1.4968287300992746	119.98259995097645	66.35436265020128
0.19248126649500383	0.10250087268206583	1.5317451645411986	107.5499684427914	66.35973061917602
0.2573587165242359	0.06498645000486299	3.0195710930727806	102.34601386805734	66.25096896384872
0.08432374734185588	1.4917692487719891	66.25789279394938
0.2879742842272719	0.10559424877594928	0.531136060582049	118.73684513078317	67.29271414930464
0.1341126232717101	0.04418861291344986	1.0563373073820346	107.03599758864621	66.2241738291364
1.3099251513443289	0.08561380659801902	1.0676280771949553	128.41394955757505	66.26468468215748
0.9379534592887575	0.09411217779785758	2.1784956810614178	130.61850254514093	66.14323628556495
0.25270387092160973	0.0805025241590849	3.367489996826225	106.09820636468461	66.56104755907809
0.09477469460585189	3.6744583295511304	66.42158700374402
0.10835318426900632	3.147073349661327	66.5065467797703
0.19073813644021947	0.08651727974305902	1.901986709137968	98.20847234187067	66.35533032162496
0.08509096067457911	1.1498170277572413	66.85535330148336
0.30904186554634233	0.06839986062167928	0.6630192343307694	116.01524657179004	66.77720949445289
0.45150553185960735	0.04879202116625265	2.972859105563703	117.34187921189368	66.90641124887772
0.31370458857190275	0.0641544996132848	4.198672449431904	117.41655681640172	66.63741614830522
0.19921702740451966	0.04513811547581785	2.380652228304151	115.30615207915113	66.24020449346072
0.0624463521212837	4.174208697730229	66.16707679153407
0.31106092462935653	0.13199425448462868	0.06075215323228561	6.08596122785978	126.09856493699981	103.3785697390663	66.145796490241
0.20345730588108332	0.10568281566640512	1.9300135643018708	133.70121191776948	66.14367331589261
0.075624172080727	3.1636790534206853	66.32769773072398
0.0835211604761357	5.405783579971279	66.10079534907577
0.07354971637651468	3.5622362893177546	66.14683762916746
0.08244086056577114	1.9024990488147995	66.3145309880977
0.3588861413539602	0.06836508567498209	1.365051468335646	118.29017579532781	66.93670355395354
0.19377993472386387	0.08982128865343203	2.527781828004972	113.57516582608002	66.43566343329702
0.07281833528192437	1.4390671506563408	66.58024742523506
0.08418263874168391	2.1349993938020217	66.1300008238921
0.06424016702444345	2.504198719235396	66.55552560157183
0.3045978542900246	0.07733957700964449	1.821231628139933	115.71960536449629	66.61072295407791
0.10308400274581625	2.16327714332613	66.10928823809711
0.28219309147579574	0.07524691975464977	3.6279430857893975	108.42418137522998	66.6112178476599
0.08805182408241059	3.6951679859216076	66.52781313562895
0.10936033072493925	0.6021258099345319	66.34341487496904
0.11663325195802637	0.08670844024076124	1.147564474533582	122.07941276451592	66.24655493251441
0.06674498933394252	2.6599026045807164	66.371863862893
0.049411656468726035	2.664409121007839	66.20180654650667
0.08649112032357749	2.6545595463679947	66.16636878749149
0.13326585607774202	0.05754117873023571	1.1910855847930528	105.94805728702323	66.85506487767418
0.0823298311768261	1.7521009669602259	66.49486431931894
0.3536051501314937	0.09403533081439401	1.0504642568181377	131.23257776291007	66.88904146740138
0.6235828054926907	0.08111655455274262	1.0173479192922648	129.62368688863438	67.17623897766204
1.3933512954812983	0.05859340820311076	1.598688134621947	130.00234347540052	66.06973230986094
3.7219425784136533	0.3168025648127056	0.0784783093285841	2.1089179016236774	130.15598382466197	117.63584703935118	66.04017255296507
1.1146897863847758	0.1707596903526199	0.051387062542849964	1.0487649196670517	132.86704346541438	118.32041057452831	66.83548838250067
0.2455439572196868	0.06982855335870211	5.608932301611765	131.93313041226676	66.1405082987216
0.053032505711357446	4.614479940302964	66.13134140133131
0.16410944407158637	0.09447294638769069	1.3185410033874545	115.49818521108189	66.52811458627087
0.10584064289717765	1.5443878507719289	66.11912781080058
1.4404573774244067	0.06699325417085017	0.3514959242041367	131.7641435130748	67.42290573991635
1.1512256058479977	0.08193217929495769	0.4544112791813163	130.45511531570065	66.63587032237055
0.46053447946099546	0.09753992356637158	0.5329820210220635	132.48094303535032	66.63810263063887
1.8527095346501645	0.09691941596143967	0.178694400447794	131.04471059671874	68.13219962622318
1.852398631756118	0.06795459092544295	0.4053018544503964	129.51690012071475	69.08145837340268
3.952996837063494	0.07992375552469505	2.5504928276002996	132.12000043242634	66.29569086932365
2.704289193998498	0.05869969501691678	2.3662796238464687	130.5238321810228	66.06167203738124
1.6461535603526234	0.06851079400944217	1.0142033823669656	130.07691973201412	66.24076374831833
2.470929195403056	0.0834122623381334	2.160591034305504	131.68524542649922	66.1366103069871
1.3933840715514236	0.06364274612452837	1.9332497695096986	129.55831829867245	66.35230265266463
1.2705640687735253	0.05093505215839177	1.3340781021121848	130.8865446278663	66.66206626065076
2.047037912418435	0.09838881328324327	0.05084070727733058	2.801720373670649	130.92581262355674	94.42719259605472	66.48498428158638
0.5481404552030383	0.07118850221581807	2.193004038188879	130.13080365230255	66.30338766471391
0.6928289518503643	0.06939216286184814	2.254415055987953	128.91548212402006	66.51397476065895
1.1184549058289777	0.18644911604214334	0.06120214322631865	2.103276799938349	124.94296388643326	113.65958105056251	66.19700384927407
0.9930075781598544	0.08856390233398796	2.2045537691220094	126.85361148567026	66.16935034320198
2.091786458765179	0.09141886310042424	3.3660699345774003	126.46714085326289	66.10586396219882
2.8660367551433996	0.0839701281818058	1.716748146175117	126.88831112344012	66.1394455747839
0.09397123806178999	2.562361645146593	66.22062493637729
0.0867784921857394	1.2976606283215109	66.52733183102019
0.42987492052051646	0.07458704583622328	1.4870072550575713	124.74667768398176	66.63968916961927
0.10413548658210488	1.1945426923865723	66.60743192468006
0.11690611651140018	0.09727104520494238	2.1323470044456423	121.53464782022104	66.74325282885214
0.07267590905335261	1.2191883299112949	66.6845162628063
0.13367771687747418	3.023654560061678	66.0980449256367
0.07802111655064886	0.7306187942665233	66.37661148134123
0.09689849859629884	2.7134843809586373	66.47308212929606
0.08878982798987177	1.0285921448433724	66.55610680806575
0.13829309036767642	0.10360228183254397	0.5829602906013313	123.9512045096801	66.46305754011954
0.06477791339473438	1.5406760878076047	66.98791838033276
0.08930840449148188	1.4057158596329087	66.95365408499269
0.0637800606530052	0.5180566096389578	67.50133648944815
0.10523214265444512	2.0885190293009095	66.40922671936235
0.08477189737561575	1.9607622360314252	66.2214963519592
0.2008012591494382	0.08709953906201602	3.0095210056442343	119.8140428735635	66.63995275137277
0.11344107075488725	2.549085635300425	66.17435231112046
0.08786935551512502	3.8915913565526825	66.17616131897577
2.8510931862836326	0.09896520468056792	3.5098008693157827	130.3116395423518	66.26115415031158
0.6052588419034873	0.061600672296475485	3.0145312976645258	128.19436613726091	66.50172747332536
0.769612369083766	0.05323267297683814	1.6388463458532607	129.43150595598556	66.60977534657285
4.819698615269607	0.12222253361061583	3.014105603815149	128.36388538809933	66.28461503589928
1.1742903285952195	0.04327321304116677	1.2775875093863578	131.60742077618818	66.51299010526614
1.2194989264639327	0.06849183293893328	0.309275950436525	1.711231648033187	130.87060530789483	68.71118908542975	66.51074096614904
1.3622246418632364	0.08535823071751189	0.7903296068176189	133.29364860407807	67.30365513446414
1.5162119363988553	0.06364497781960687	0.3351501388861652	127.4166260484219	70.1218466321228
1.4673822674140893	0.06444130568550077	0.6200194393227515	126.39861302811462	67.71540384607268
1.4956805052751145	0.08183737389845754	1.5561704274099213	127.02310027098297	66.54239229583614
1.7485838716959807	0.06474966797279365	2.0390410229219174	130.7981065138248	66.16153581086982
0.640267956117453	0.07313565320669994	2.0507370735856534	131.4345249905851	66.55658756136623
0.2304387150778399	0.09548764291967288	1.5796578920173487	130.56045765943648	66.39630836336235
0.08721347543204257	1.710314709471345	66.51119264648129
0.0690484829221084	1.411322361269892	66.56434669723649
0.1950320782509276	0.037474142625187036	1.8812233390671538	101.09612767863636	66.1920037838123
0.35427239482063116	0.07480618761724485	1.5155383823928374	126.91930387777158	66.69459055606671
0.07869240983531955	2.2288815169156875	66.46902532926255
0.1654915987388121	0.08491552096860974	1.2894793108584803	113.95123732222086	66.68660947180945
0.1270760423351742	0.0921966922245207	2.573223242496929	116.76310702905755	66.36192185021761
0.3203269756166903	0.048096667416514916	2.153055450788812	107.00066815980797	66.10165419343224
0.5086229835216617	0.09216080404780203	1.3842037346807508	132.90218777823608	66.83310835571108
2.61270729471176	0.04321082839931328	1.6859376926768428	133.290397880386	66.17808597920741
1.5558551439736579	0.32051861964939987	0.05862634356240152	1.8611065650687661	131.51943808330972	117.376800274087	66.39923316926235
1.2444923636022511	0.09890813785384181	1.5837620588804824	133.2679537634432	66.31065822635152
0.7398702297973305	0.13655052136928358	0.055462149388110796	2.1458280083122148	133.18645800438372	108.07573990891377	66.3131199950295
0.6448135654617069	0.06736421630091444	1.1722229467168244	131.58208213554462	66.45327415418133
3.994168885631311	0.10372997443423329	1.1839245583044564	131.8368951742149	66.13424472401552
2.6666759074169537	0.11625464339336794	1.422137460765084	127.892066009079	66.63957005387732
0.9203459054057422	0.09589828043663284	1.8356015320870867	126.34012329469515	66.5078800365751
1.1790621780572086	0.15286352783113208	0.05126566984624784	3.178781493598205	127.26447040808408	113.19126950823261	66.16863554594515
1.4956904897542425	0.07194958721801029	2.1274771127012593	125.75290937885701	66.09909800241829
0.35203624827642815	0.07961039335264265	3.009027203181058	121.5614285473704	66.17320574082561
0.7984038517091286	0.10246194976548978	3.4013049810147264	130.52696343691423	66.37159310768217
1.7605149081794422	0.12372059147655227	0.06305034384217983	3.40667468550068	133.02068378169207	102.69517873784915	66.41423276211744
4.077474713549957	0.07412439350619068	0.9173939681049077	132.71037965233398	66.73478376646295
0.6994547713687704	0.07306903697444196	1.91755225221887	133.72590316044872	66.11184387979539
1.9302638737242062	0.17873312046951503	0.06869912208005366	1.8789769571894555	131.16268249584195	95.04131980688537	66.06744098432377
2.211087195198017	0.05091357865830071	0.09195693152471895	5.339366263252519	131.52859014783618	123.05816289013798	66.19642311629298
1.1915012295551106	0.0798146388874449	3.2333366190704473	127.40360741410252	66.04556099764943
3.1165266292421694	0.09204927884862552	1.4883511079708651	129.67466694863728	66.71327578645828
2.525891400824371	0.13629749433352537	1.9513992076570155	129.16794643298306	66.07779439685999
2.0626259133426843	0.08954084738698723	2.6079324258427334	132.7757826002326	66.47785607541937
0.8100834621968149	0.09938256445809489	1.7831224820436176	133.5642707686676	66.47680640883527
0.42824522839641055	0.07846621370412636	1.5295565235104036	131.17062852236694	66.45050896647294
0.08688735797830767	1.312265374403844	66.94091981943265
0.3326575359015148	0.0668626875009697	1.6490830242749934	113.93249638984884	66.34702002392387
0.2454624457272111	0.054121822403845256	2.011990432633441	107.19404151139935	66.23631141590502
0.34714697129283323	0.0831442104946668	2.5444325853970207	106.43975320618136	66.40548851426543
0.18122282492241962	0.08643333745243503	0.8839176747640228	111.03448014948431	66.59645872033002
0.26548707310245634	0.5722384558845316	0.06019510104039864	4.121224719689476	113.51844955214827	106.33829382809596	66.24529599594725
0.11618049729750866	0.910430864270564	66.36459376451792
0.2907027485383383	0.0901692483169381	1.8688316207529463	113.83995121921971	66.4513043048712
0.18750815353805123	0.07903582386941196	3.2132013608295864	117.38052044475121	66.23207655577546
0.07632445675141053	3.7847938676149524	66.12400907086938
0.07788532940955631	2.84603794298948	66.49087576661685
0.0884075968543896	2.2692207075983286	66.64785635898043
0.09456401682094108	2.3448676578283902	66.5201708027169
0.12427603108353256	0.05107367160487236	1.2892836574038296	105.04680545607935	67.10397280111621
0.06961463830462399	2.2089854239695903	66.26433648175991
0.10691447749616355	0.8566953876762577	66.57413447724497
0.09645902155018297	2.245729220692478	66.23271874135852
0.07101905521673905	2.929304293953468	66.73924224985028
0.6732835188674158	0.057351666734028306	1.1504087710684063	129.98735044219424	66.55839504924512
5.328420916714314	0.06593825631762214	1.6869685206726743	130.5181743715604	66.17855181849396
1.1483507812321307	0.06928510871297078	1.6287558418772765	131.08536653043745	66.67830741572288
0.09106853417514796	3.7822442300021812	66.11864695532266
0.0840854006125877	2.912621837473839	66.55826747534044
0.2329015688418464	0.07599814225696686	2.2715216910298723	116.06148881763153	66.74502836340642
0.10369639106182066	1.0250017401447185	67.29321838034043
0.08727458909280113	0.5110960713024496	67.66930309313912
0.07307466636150717	0.6893018929422511	67.71341051021113
0.2669174859600101	0.12243440368981685	0.9220238857040707	110.05731227836115	66.32836000895581
0.3104054448893769	0.09988375855860714	3.0366694029450274	110.85186508677323	66.33041320025329
0.09609206526171232	3.1409911170474842	66.52349017175347
0.19900848616208763	0.07002440229485746	1.9289572981494734	98.0761650398791	66.39323646356978
0.24206371793884654	0.08354942495104903	1.2244396604759453	113.71037615944554	67.20305928885483
0.29605597509800063	0.05791960312495141	2.199952215000532	108.77264498787	66.46198248534432
0.07072092007998523	1.0075712021309977	66.74036502812844
0.19107824233995274	0.07140598773250546	0.8495210001778609	96.94043720548132	66.88298766187368
0.0999493737221577	2.2273428149831034	66.52920161552888
0.11879440339668416	1.5253212471803048	66.40474691495557
0.1618838220410336	0.1007056504370043	2.8669375889526596	113.57715692785033	66.31937587228207
0.13197677357188814	2.371955428861446	66.41063300786622
0.22732464595332588	0.09354497805426715	1.1678114624054239	130.3846388529706	66.20520233177857
0.06239674379470965	1.6949961866372762	66.67866802077148
0.08983800612521776	2.213448666700757	66.4659433213891
0.10214838525921116	2.428954103255399	66.5766079403846
0.10361970189738634	1.7529948013867873	66.8011482506267
2.544349735291409	0.1719279130977933	0.1490677420699511	2.7927368239097072	129.8197877623908	86.2148002961724	66.45488237020821
1.904385703560408	0.08586790621923168	1.0476273909020977	128.5980174509248	67.05103432723077
0.44524219414522576	0.09018692751234869	1.47571994511377	118.01558464902492	66.94343657725564
0.2694001322330488	0.07013841890041882	4.019112929414128	117.25420607774139	66.38948620816156
0.8006882642576978	0.08305636206926668	1.9677332679293176	125.73095706280755	66.22022449831015
3.7073570424060494	0.08274270106858662	0.9848692050682918	127.4450071240103	66.88516357714866
2.0264533139690104	0.0766176599228886	0.7616545258887042	128.45794375623555	66.89483047052757
1.7004654922736229	0.069088043776336	2.224727410980507	128.6067610762918	66.531571150847
1.182728476301868	0.10224785048402886	2.3838330099791736	125.59268754952619	66.0597787057766
1.6284615159701827	0.07447104597116073	2.988613986981184	130.01035803931066	66.08072287663254
1.7815909647711738	0.13711982788452584	0.12531633209434573	1.0225920757737856	129.25082253664698	115.50615416743246	66.21005945105846
1.084827215447302	0.07906664005285609	2.7037798749785504	128.8747798911596	66.15306489413625
1.3762127063452358	0.14118989733787526	0.26774370331366604	0.04363616221026927	2.577690871528967	131.02020082590093	121.44617459158765	118.14938145258998	66.15949343083605
0.10959059962093218	1.3611348037129576	66.40426623374371
0.254769972154019	0.054991927956076686	0.5337276658200811	108.41210939704006	67.37852257249658
0.06687151545961446	1.8462756378809266	66.63488824581079
0.07951149768516928	2.2633813763594737	66.22765058667696
0.10944585801691457	2.2817834322831194	66.57183993029663
1.0292478130226665	0.08012105762773611	1.5427581997554625	129.2373176779369	66.54389937123548
3.798578853869491	0.05592827935413859	2.8702627874106414	131.7465159928711	66.09141076046112
4.612564498177106	0.0772231634759943	3.614649496663092	130.96228856348236	66.23109975579398
0.7286705871046035	0.08054851657067387	10.028806411492464	133.00549992976966	66.07059606959156
0.261917545448086	0.04529215183338818	2.9099517565406408	110.67166344958841	66.5090818247688
0.11031666769507854	1.0148077546561998	66.25819272392734
0.06580651253681424	1.4941224309439634	66.50010788701444
0.07901357653490948	5.040315063206138	66.12606616939479
0.14056650564846215	0.05177162045701174	1.323326447048568	100.83046335961392	66.7216043771603
0.19530178444005736	0.06003055311240348	0.7851698661292532	106.93629708581112	67.21981576745938
0.23901991439805198	0.09720132325499238	0.6767109228211361	122.55146867922271	67.60050565768249
0.20477880003128285	0.05290767558757526	0.09054087926809952	1.4863266112302909	119.5151492265611	82.02293130636183	66.47271317991853
0.07147514522880087	1.169467231136768	67.12892033567672
0.06588428861915817	2.1177786785235138	66.32547690092167
0.08738583460598418	1.219164917042865	66.76725382429886
0.08445801024577781	2.0559679569345737	66.3957667012345
0.08333336538171661	1.473965542087686	66.65390690275929
0.3272404673926895	0.08608132262898073	0.4252152855813269	131.07734912065482	66.47490960513827
0.6868262322804545	0.08515889838969587	1.3934093748675827	128.3548948851678	66.3528514790159
1.463368537202563	0.05728736891676842	0.984597223333511	133.7973507151446	66.60601566271212
4.502447551957918	0.06451618146198482	4.204268583856952	130.8397227479085	66.17281255712184
1.1274313056754894	0.07845641621544427	4.028149347609342	129.24539835726645	66.16698421665555
0.06664405569772255	2.69369861984753	66.03751712365613
0.07573739008814726	3.8758843378555503	66.38344601987977
0.09706586039762413	3.018550126941551	66.09729021157088
0.07156874743332957	1.4709557623193081	66.56627440685838
0.0802204599794634	0.9272824873047908	66.5018778391227
0.2050986715375104	0.06302639850558332	1.0694143597107668	121.01411762950364	66.44149028711382
0.08458471808771766	2.5264497571771796	66.64668465912436
0.19321230226069497	0.05289882651666178	1.7404324182701194	110.49811030336356	66.08379230974874
0.17170067997203248	0.06488655472102584	0.6434700093128234	110.76727311569398	66.61779500696937
0.06021628035881509	1.5189896154301095	66.24838714500261
0.27082294801976553	0.05453077043446639	1.0515164548988518	114.15165689487945	66.04997392264589
0.21117996236018255	0.05035601012858273	0.7579586142292309	107.52002249608958	68.48835962360599
0.22787740842337717	0.07578984594204272	0.6066238036382512	110.61026895687347	67.11797998265808
0.22546401339722968	0.057440870826133805	0.6829511050991439	110.50399835079374	66.6962180986244
0.09266213299705824	1.272656206789124	66.74024293337845
0.2568520005826341	0.13172624080694142	0.02934904873437092	0.10370672414789195	2.3123659103256005	133.15708737567894	109.43754141487253	78.92687001709824	66.19286239655358
0.07252869090807228	2.451048249529482	66.54512642048881
0.08296562413941172	3.8859805702387735	66.17426548512046
0.13581895329132712	0.10866630877505128	1.5604921140153671	109.6953032072535	66.70502617859117
0.07201756425705996	2.3016331374777113	66.29196751592305
0.06991345544788789	1.4579088093166073	67.16659858057226
0.09013224733923936	0.5787279570002636	67.58435972419066
0.06715341958858273	1.2452225861898503	66.28392224668538
0.08383440394988793	3.806628394026127	66.13447858116277
0.07672057453572832	2.940327932010331	66.09208820567595
0.3853894020009542	0.09725764449875605	2.418901660997189	132.67572239387826	66.07375071449131
0.06638962636674403	3.567220479518372	66.33597360521428
0.06916213899535835	2.755445740408371	66.38491598971183
0.07364895245743001	2.6646831744864867	66.50721459649456
0.10312917583683023	1.5226177995217625	66.48871890073745
0.08853921377866342	1.5780325437851963	66.9600545380123
0.07713809611212877	1.4946585520303828	66.5230822720246
1.521577837237197	0.08875892010920049	2.513677596717814	132.3541844808758	66.15712859237115
1.3236037680013941	0.08994013179698816	1.7452834127376695	132.03759473078205	66.51087795522245
3.87851929327208	0.07167998681839007	1.6025762055163637	133.42003894309616	66.55428536492764
1.6022941689352228	0.09260719152197795	2.899392244266041	132.2366727683091	66.62486205543902
0.08366319895463704	0.0461081280940707	2.036766825346172	133.7508844305847	66.67095802995097
0.07521396700161422	5.2668664439841235	66.08495922339739
0.06422408965381148	2.6399489082300764	66.04110709658528
0.0632288316373744	2.148297932731131	66.79348712802737
0.0827869527758759	1.36639821554009	66.71804875736896
0.0622444070342625	2.041653766067729	66.46423667628582
0.08724806122314586	1.3145567197052486	66.496993807107
0.08191833694109708	1.2601627732888092	66.64551391170235
0.08771887549323176	0.9451655814204137	68.04553294207194
0.43291483044121015	0.08281666516525107	0.5403141135385966	128.2898923793587	68.36036058086765
0.09620144051954367	1.4461446386070895	66.57986812029822
0.0755006009234997	3.2265022143302393	66.26404507343852
0.0914160315024732	1.5279637785789906	67.01709100232239
0.05435748908129829	1.1768774553832668	66.56036618147235
0.07977664691986175	1.5893993090762324	66.40760210619511
0.17992162743026652	0.06209340094884786	1.3248562270187876	110.74064313018064	66.33215424635492
0.06808905728330222	3.742912046349039	66.2704685904357
0.11327176405249387	1.5209609294851323	66.29458860655625
0.10138878996825197	0.8880496908885545	66.60714208557147
0.1877067391558899	0.17008200571203327	0.245192777219922	0.056072082371733487	1.576444697405609	122.13893285514543	105.38753777521794	103.41310152463295	66.40721477151553
0.07220382063279371	0.9143004662898742	66.58276338550054
0.07755921016794692	1.155168480691886	66.92654335586171
0.18979897083480868	1.5423555014516284	0.05797730046674719	1.1990119568408293	116.73590819376312	115.5582532421167	66.60543874865813
0.061545141454759165	1.2184309615705073	67.32843557618452
0.07568037396460783	1.0960798220536574	66.31362067136209
0.08100911353568269	1.6261519448489445	66.75479742332121
0.22481897966476116	0.10750622682571614	2.8422590904793275	133.31105415446365	66.25965392889576
0.21316995814122458	0.06048780168993463	2.5129526757039753	112.01099319160433	66.37882493853536
0.323158622460373	0.3152246820528175	0.05614315512689752	1.8164499045038192	129.14228913663493	110.72603003234744	66.74366645552713
0.09209058337388552	1.1022376376319358	66.76320841443416
0.18402521323143956	0.06769679223797802	1.6690654865837262	105.61097553145392	66.75002157688243
0.07834321502214026	2.134122884822014	66.23862940249334
0.22975350425087854	0.050488716777931625	4.98455311862838	111.56319732559493	66.29451161854921
0.11774825039128901	1.8268155319688912	66.17518823879574
0.08426797578865841	1.86330065644013	66.66410337989043
0.22614980812926186	0.07101231521832053	2.230296418395775	116.60157054018474	66.57142337116989
0.10556692205322993	2.7876198037596547	66.09934031163769
0.1313492295340786	0.06804173316200661	0.17177736493584214	0.9497190610448191	118.93960924552071	72.27033978622444	66.07890399811377
0.3689216192907149	0.10129261510500073	1.9965251616693815	107.92736709529639	66.13700528443555
0.09657371123525946	1.8619779320225942	66.26066450452674
0.07807725578979934	2.0138581482377034	66.79278642740536
0.111113244183412	1.0713272523876523	66.56569621313136
0.08804058213758124	1.398016559320338	66.66114291383468
0.08995759350331026	1.4717168226125654	66.50009445992795
0.09221529414255761	1.5730021986634268	66.04949580903703
0.07875064975588522	1.4771694615573239	66.99440088660106
0.10717434527347248	2.4302573959242135	66.20912959387046
0.1038629553326464	1.39681699010927	66.46065208961502
0.13345022126375983	2.3010943672852595	66.5903527877597
0.4439169357635224	0.05972474652169884	1.040813054271613	118.11313712100967	66.39479741443057
0.07290493246506141	1.4964772362640282	66.30969846832792
0.11079774394537836	0.09431685091263962	1.3952189802877841	107.93877550936759	66.8834212207394
0.09478064563265581	1.9352306992748987	66.65451178731584
0.08912363286870292	3.3917937185374916	66.15029426120628
0.13268121884690584	0.06808941618979152	3.197270582690826	117.65164570963115	66.49569014996862
0.23482501258436445	0.11981443569815332	2.3575181767914732	130.9377494394477	66.14777115876339
0.25021520802278185	0.053546938699230766	1.5792734335372576	104.82367859155976	66.29034583519716
0.09536572231870281	1.5345760335795746	66.15183686705161
0.0727925248908588	1.2042758249085581	66.40524004888593
0.0804284432978135	1.0572934919196615	66.65828565612024
0.09060862127502535	0.09720226657786793	0.9946171666864739	71.19844563918339	66.9722569194728
0.20360045573596566	0.08575572533040851	1.5464574579215102	97.15597230432228	66.70692321605499
0.09331297973077303	1.8787354269348178	66.53025258545676
0.05652509390886531	0.5435376438891751	68.40433909032933
0.10741141170499946	0.10975752877690616	1.468078392323367	103.15095320128648	66.15052663101773
0.1923060194251108	0.055868697118904284	0.9679863706015701	110.22365861028027	66.87116371754955
0.09028892388691584	1.0871192429873755	66.60184742520055
0.11042612103379497	4.112434852768193	66.38405385120919
0.1302671935759337	0.05975234604578144	4.861964233969402	102.35006642951296	66.13714432016208
0.2308828723521644	0.06598475423078098	1.238605492613681	107.30873759352006	66.42748379736267
0.07838865537870322	2.2867299114847586	66.53580845627998
0.1298536154666585	0.04849383348974752	1.3556013967847669	91.78716913936474	66.08786976813836
0.2285237756482866	0.0792644532812418	0.9474457315990326	116.95727125459909	66.15811249317227
0.07991549879301789	1.1684837625717017	66.68806861771557
0.09978193627501583	2.247322428465463	66.23392975670963
0.08906553469013721	2.078431193868966	66.24350118961236
0.23267694422234572	0.04649499596707303	0.21101549865481442	4.948236919248658	114.67509307208579	71.66710829211829	66.07848837283265
0.984103051037981	0.14804504091176698	0.05714155453568549	1.9242981382930897	128.76055715073875	97.60504668523886	66.60361373225686
0.15005643332051513	0.08399301275869572	1.3964951270852897	118.3150832405142	66.41847276100847
0.4122949855486911	0.06649851689011414	1.880728277946763	114.34377304205836	66.41965838796676
0.22610301386852547	0.17953314863409436	0.04678693422785864	3.0927544535915703	119.59327435750636	112.90027645683386	66.28420699148677
0.20565899533236143	0.03986718750262772	4.725461826469215	110.39785144591998	66.34615350403486
0.08271379707522829	5.346484370442785	66.3199991112551
0.09440815123638069	1.3394484252818615	66.10885840553102
0.09369597850443066	1.8235749251507454	66.18253899245833
0.09757000138713368	2.834169773817067	66.07724817290018
0.2596364060892559	0.06885636584762359	0.04303899950872721	2.0732271813455916	114.63634524339707	111.95533734566803	66.5523246152379
0.7501621063245976	0.11184714819859626	1.8003135022830563	129.40694971310532	66.66066193956559
0.21774174897204815	1.0620396330569504	0.1635667092428254	0.07614798507000639	1.639986025966599	133.22861382353835	129.4685204202163	106.5388099341336	66.45151807260055
0.6294529557969695	2.0022499439503183	0.06785586118004715	0.09257146487759685	1.194049159737772	133.32720709323297	131.64257703522551	127.47954754012706	66.12591215627893
3.930879625748547	0.28466676575469735	0.05136131719393803	1.644651777025397	127.62124496026135	105.53838653339137	66.41033757393446
1.853687644541207	0.23472354839794332	0.05821346255765473	1.052192416314883	132.0097586625338	107.4673014296514	66.39009621479237
0.8483418474886378	0.23023279202586217	0.03242235889781541	3.7089230443942105	129.56123423039992	94.61411925894122	66.13470093710824
0.23877856332231073	0.06999864015722289	3.062332246287369	129.86770807507048	66.21187466434833
0.11785595920017304	2.711346633658374	66.4031347052355
0.4943570588100454	0.09093635606101255	2.4922960996027452	131.9992240493635	66.54803179647645
0.8429521428687614	0.1031167450018271	2.343742279292124	129.74899920883095	66.04946672380794
1.1418739641796036	0.12140516083461012	2.2643222959758607	127.81507949890977	66.16179752642311
1.8212920910086636	0.29671600663523756	0.06944914050602992	1.8646156882617118	131.96183389453782	114.13567727248967	66.82689886044764
1.7303413195056403	0.08556595196288554	1.567268754886364	126.15590370204569	66.52868636084087
4.384655755802328	0.10896784076251453	1.722228157131475	125.93550741227843	66.67593972303906
2.9706306561240714	0.10568841407570025	3.079357587220377	126.60379666024515	66.31441023370485
4.187207986838827	0.09477044993108578	2.997254393625113	130.08324695384283	66.34076368808883
4.215473690330933	0.0678534384947207	1.6175985728250182	132.6532843104179	66.53688671452446
0.6924034947947355	0.09202753984787476	1.3853423076512223	131.99796127196728	67.09928843059083
0.08854339001172531	1.9461671992086695	66.24170679146486
0.09904360270373964	6.077232002734735	66.07952674261512
0.1944749803392873	0.07182736985394968	1.5947294379099441	110.58327946578774	66.52120396553586
0.2340300846837692	0.07925081498547847	2.204902234647792	115.57225904699834	66.28131403065382
0.10738194682434546	2.454143067458869	66.57604266085164
0.09950049380542055	1.7248007420709806	66.38090920301038
0.08353054115268774	3.238187907464691	66.25037474986767
0.09391440753289443	2.4333383817156924	66.4727585429828
1.1189097590340495	0.16538080977275507	0.10301918636729107	1.7918181209185364	133.4884199757405	118.0354687206855	66.75866382793099
2.7952978791373853	0.08809460851929818	3.6142337038735888	132.55950726706544	66.26299419458566
1.6144365370000322	0.06655290231242643	2.225557547796591	132.28748719357216	66.50439366027257
2.2043822666317086	0.08658235069557164	3.656287178655677	131.81483219278698	66.26661558906592
1.3289426929815387	0.0721877543868569	2.646795105256955	133.70503711488664	66.03890192068664
1.028124478487628	0.09144929135572717	0.7859169596782001	132.16218448245115	66.96340504976705
0.6789775362934616	0.07842259268145413	1.6241776113873052	131.37118706604377	66.49994269528571
0.6020990575746924	0.07900385739823501	3.1443877760757593	132.09009587481975	66.11806349399153
0.0750338439165958	2.6956753099726862	66.05533439903044
0.07930911591705908	1.457391828776496	66.48102718023698
0.327753455054407	0.0688337099381272	0.6438528867682414	131.74541159403915	66.510301352553
1.6255893203090996	0.12663946177989277	0.07378412824993333	0.10647592240948373	0.7122858679183862	129.0338032506235	116.63225799859562	80.20052948200298	66.77961688924442
1.1677668925999816	0.06970955910978921	4.251736852807039	130.24638034143152	66.17092146555122
0.7362437908449408	0.07951297194373058	0.7008479604172526	130.44589454445529	66.48357528499899
2.0469047377407303	0.18106751260264725	0.06866840128471459	4.863453885212591	129.62203056881202	111.86326072350845	66.09112433071074
1.3426050514313692	0.07212789942456932	0.07605091368122853	2.220577019636611	133.6485485462334	68.58392756349363	66.24072113802045
1.8543327409711277	0.06487970989359816	0.9667401825673356	132.24456867172685	66.7062300229323
1.4159645940566132	0.08338465192852183	0.031112737586383707	1.426300086508606	133.58875691328748	107.43251094439879	66.77722227390939
1.228607045991596	0.07620755953646581	1.2137030068354215	131.29693808219128	66.77496393561023
0.998340310196097	0.08363347117107044	3.391201265674012	132.2135785003705	66.5727849335211
1.3882651706529177	0.07566362235520936	2.2311547475531155	132.27682294872525	66.11363020245771
1.296233836008854	0.17239398537064507	0.07162757904549887	1.6203685010985631	129.71959821569573	117.23584749618264	66.39669910991239
1.7787378912639693	0.05179040398152647	1.2663570271053513	132.12652576626644	67.09284746110329
1.7394192218992686	0.06759951540072301	6.193189773559031	132.82432358688143	66.21945258522778
1.904499157242027	0.04238532360224876	2.3893144895898395	132.6328661960285	66.58959027990676
0.4623219748229882	0.1036116509287564	6.018779232014427	132.22166733485727	66.11661635957036
0.5813341694669036	0.057040570410021134	1.9090967910761807	132.70502358971763	66.09259470277536
0.5011654104129439	0.055137643818181634	3.064487302007026	130.6437368295816	66.10769518473973
0.9329126703325623	0.06527751918240844	1.4894602896454088	129.11208714656482	66.90691437960263
1.4141344287943305	0.06709990930698106	1.9429947982822775	129.43827052848334	66.46009628258902
2.0696239597262696	0.07216033624022891	2.110946525493285	128.1781843631024	66.23167513557624
0.30786289988765914	0.06915472513271384	3.378302865576089	129.55420524470102	66.14642428842795
0.5354237388852918	0.057903954325599236	4.330466058083485	128.155959582085	66.1041345908117
1.680493756422344	0.06625009512896148	1.0442958273252299	128.5040724574965	66.36781482727105
2.156025259071308	0.07701816073956654	2.3345261489243723	126.24873315371106	66.09174888923798
1.4210519348189052	0.0732611140669456	3.413490603754426	126.9894951981978	66.3124042057459
1.0112871906510867	0.05768394459029718	2.3150022267825956	129.5304223339317	66.54962351127926
2.2533009707756615	0.11673324711735808	3.5713856901533614	130.5203690095362	66.39577174068546
7.410472761635442	0.06218247533478113	1.4745300135053523	127.97294499449828	66.58621562027469
3.4069727978239284	0.07892790921919618	2.009249144952527	129.32219795571893	66.42939447137267
5.896913254693329	0.080211761343692	3.08217996073521	128.35087628461545	66.19294303389405
2.4873296052073055	0.11011354629318804	2.1572086609257473	128.85436556122508	66.14522439614211
1.3901713434348044	0.10697283508428967	1.2600175355640306	129.50582991046406	67.05882632622625
2.2565505986086065	0.09309883476167395	2.090508219964981	129.71139198018048	66.60725029185575
2.0705203628545963	0.0667634646417177	1.4830046275556625	133.48547168084562	66.7150379374244
3.1159751882072664	0.06743803685694033	0.07136792252406816	1.5836244226932832	133.366218688638	121.73721023862629	66.50361257574735
0.791994322217098	0.10104507807111453	0.6954817752129185	131.8465417946291	66.66183394540289
0.8612281886629007	0.09745475999151731	1.3914553668219662	131.26335244208326	66.7367783439701
4.05098951432766	0.0923256596656522	1.0804040466050795	127.45902070339831	66.73278729712172
2.866052434130722	0.09537355449350753	0.0814727375214101	3.4022214396386654	128.1769714288563	118.63149085280449	66.22700862970147
1.7953698292589149	0.06992399597702098	0.9274254104380338	127.09887038944876	66.98082326345428
1.1315725674907575	0.07716761676288912	0.3087734821751797	127.02977626417739	69.08106988857624
0.9488114523625539	0.13309135857368376	0.9660776357375628	126.45921171013174	66.76957484388868
3.0966794941902065	0.34504232702965126	0.053701081869289104	1.5464231061734528	126.36372227567101	115.1723328948583	66.93883571590841
3.301602855698302	3.4535144725816913	0.10370065553362637	3.184632004547879	129.7909020516857	127.58788684914269	66.26834495377317
1.0587321344713465	0.15732218293925548	0.0797317577615958	4.2512139619144955	126.09317360992904	101.01230031445577	66.2072069989717
0.08327444836544758	2.9300860138878195	66.11207204817914
1.6168843181070183	0.09709244184832612	1.8727419139077532	128.04814345494447	66.63669882754303
0.8704353429658855	0.0671245584414044	1.3556788192632798	132.42929312551607	67.06701032148135
1.2681816492284306	0.08497605858068902	1.380845491115155	125.59715813755277	67.17581290114303
0.7362592468192383	0.08111202904409132	2.178354758909462	127.1210281149292	66.32531512775344
2.395757568192352	0.07717597949948572	3.129835871693057	130.45441117340727	66.18737923815736
0.7832379889596183	0.4183436144372244	0.2365185251623879	0.12316103200854144	2.64954357237587	130.27630303051637	127.80735716716465	122.37456550367416	66.19584366451785
0.08221276249436624	1.6881408996981055	66.36954940190999
0.09411204349409111	1.7999632951182638	66.82617393054099
0.03922285339320103	0.06399050767767027	1.3719521009743392	132.49417695691523	66.31275551898322
0.07978372491167401	0.08189384342205844	3.4826513777302415	77.44517692705155	66.20601393565136
0.06117793799087617	1.6041539630219988	66.90265587943591
0.08154742529890933	1.2525985790142709	66.30548404729949
0.11273517135088792	2.8596047669416453	66.66261142981875
0.12465378273897487	1.1528826310591227	66.68231005993078
0.2366889342308478	0.07943768968265152	1.340454165237989	108.12437146721805	66.81000655802765
0.31119546595736947	0.07231266030394809	2.685147852501889	115.34893725735837	66.26748451207517
0.11160007089443892	3.0086787014937864	66.23791911098895
0.274670268631128	0.09994480204116034	1.109740629302857	119.45548144423209	66.70963485594854
0.2557065910035284	0.0422387192045407	1.394071872067745	107.35988598639369	66.45992794611685
0.0782924747826589	0.9148388603607356	66.61202118940831
0.093269022219149	2.8316520121788353	66.41155824846693
0.11561400058842233	2.711993426515897	66.14804487799483
0.2497965153994746	0.0594190421149499	2.3812541189518073	102.8621621165924	66.29934539285529
0.0747157939610431	2.280433327410844	66.5063002445163
0.0766683592080402	0.734953780773674	67.89777937825893
0.229301279608089	0.08968785439488587	0.5270248826433732	106.55564040647909	66.29255781301515
0.2749304612800737	0.056108590773903504	1.480534519451229	107.80587181437971	66.47157943918718
0.23458227367933213	0.06395830609657045	3.6638532748582247	114.38185926813685	66.18669134687647
0.25611825364442997	0.0776144826827349	2.117029473083017	113.33882257971807	66.77267979715222
0.06926894217968621	1.4363983216578575	66.19082301433747
0.10134397008080001	2.3211419441683248	66.04794321401421
0.06592499411298636	2.1787458513046882	66.06278350005482
0.10177098593840869	2.3675529555482946	66.16721263008259
0.11632248733538972	3.968756260631786	66.08911892007085
0.3893121795250108	0.09015414298356678	0.795829459367097	123.69000345357675	67.31861196899311
0.10370053558861382	1.1771249701449522	67.34909362758675
0.07192303592471781	2.1085963302088846	66.34685562647773
0.6395432849932146	0.3746846780984072	0.07066811641141466	1.7599097496161669	127.18385064743579	114.63404963435264	66.57874903582889
1.2215625165572535	0.10260016958683554	1.909779632981339	131.0693422411678	66.57779873462628
0.7701467400659413	1.188130825026599	0.07531168959270135	1.5106591841983301	132.56483130305247	129.13452598201965	66.4997893209404
1.2705083041688232	0.11782117607623957	0.7223135787994377	130.63040598339498	67.35729040061351
0.5602180701648491	0.070589555064246	0.38569528013864623	125.72468332056803	67.52554878027907
0.2755344483480131	0.05910567264829289	1.894935513789401	126.05585408064432	66.48729294753464
0.8698083422047078	0.0619332779263045	1.5609498302556764	127.06846949893949	66.67735459175772
0.04914020411138352	2.1820006421926355	66.62403820660897
0.09638334572155512	1.9770035807077535	66.67233544771011
0.07269128983688536	3.5483380954493904	66.17042399311187
0.07436936518313937	3.340588751162484	66.28377257356868
0.07773723394128348	0.1325728935473222	0.05490475311988705	5.226959845276957	128.47663844512965	93.30038998153043	66.216110348999
0.11156400787280556	1.597375311873724	66.26302670483507
0.0723044830401641	4.150552268381784	66.21017267590993
0.07305574327147683	2.3097888500558286	66.50951430556309
0.0929916412032212	2.029109096280454	66.60110269679585
0.10640663050932582	1.3457377193595275	66.4942837822029
0.06988894534623022	5.375563672771472	66.23072261835385
0.10981069465599014	0.06043395704837958	2.5175164053379797	110.64344403036468	66.53157590048419
0.11856532584373344	0.15131580829299102	0.9867101560165066	68.04623280997188	66.30614881948897
0.05127201772291716	0.7268518452141901	66.62671997719961
0.08136660457038325	1.219178196710215	66.32411889349173
0.07727522069449685	2.0560031127324336	66.39866932176679
0.08523773315987829	2.6225822248436037	66.3570356502926
0.09929892705679787	1.5650262676280384	66.92295355238791
