0.2309815825725655
0.26091368127905196	0.09981892861905135	119.75115847128231
0.4490848027149099	0.07927942164034628	124.43517284891777
1.5997775132514758	0.09353254412558264	124.24020842835839
1.1021417436602865	0.08674681157036912	123.92587100719956
1.076588017107321	0.11774122093343259	123.71982090254815
1.802098343769223	0.07908466619164609	123.9984790796136
0.9236800155091539	0.10595765376839493	123.82715817960074
2.6815271912816514	0.09703716801516117	124.89534547510763
1.1361891087281306	0.11945345017724915	124.08970983021135
1.2162805296973505	0.08780895172914847	124.04080818123177
2.206068226692434	0.10234741246946812	124.49908142409558
1.18986043418207	0.08123965369833651	123.91618242215769
1.8531088714362305	0.12234258961626832	124.31523013911122
1.6293799797736033	0.122939119028943	124.58753602589279
2.0298976905861075	0.0941366445656304	124.65951089245
1.8256150803915097	0.10049457587606783	124.35146327039234
1.09391443442388	0.09611771321525052	123.80750050211915
0.7628810826182217	0.07692124848071233	124.56163366670519
2.0495399641334817	0.10714868820979806	124.4511356373983
0.9688999210759407	0.11009539694337274	125.68109853138508
0.3793054005494222	0.10608052708092279	122.42278084712841
1.2462941075244638	0.08527266166795751	124.1707920099495
1.6207930579434113	0.10123245116101774	125.03059516017132
3.2182924462268865	0.10442932508248758	124.97178575582268
2.735618137579501	0.11575886349891362	124.98781228105254
1.0719402776779376	0.08942099242430951	124.40623436958181
1.1930994902213676	0.1394635523569046	0.09228673471556836	124.19387647426248	83.44053325182446
2.600245389324533	0.09404333246328539	125.15963596351912
1.2603720629685278	0.10073924146008574	124.69199950525605
2.7161052375446806	1.1060047354786282	0.10242311729994205	130.1926810019798	124.78141742954344
1.0898482223237047	0.08439859147980348	125.24781328333356
1.5093780970593076	1.2172288167858585	0.23646347273996504	0.08865060683371002	131.57976417666643	124.67477122147946	108.6910299269447
1.775781808322471	0.08702966965186824	124.58602147670373
1.6774959113649415	0.12836569745657406	0.07722311501438028	123.9906537224852	101.96852707476006
2.002528903460411	0.08609666342908891	125.25726455544957
0.45676179940093004	0.0843120581108578	123.4564131940275
1.6087265680457994	0.058326383803636465	124.23892463339602
0.6347301220186456	0.10592217701288166	0.04319310395004157	124.95223997925928	66.73085371803201
2.249516004549394	0.08403239536965422	124.65285391173747
1.5232879628309786	0.09605388170299041	124.36803987128053
1.2460824557731904	0.0894330678640301	124.73952274370417
1.1530714735396734	0.07816256337465637	124.54321849163098
1.3986598121973899	0.07146110812316377	0.1191139209875368	124.52144516529621	70.13438349438455
1.8418703625088197	0.12175966186746413	125.49616477092657
0.6117042683877776	0.09872975882792101	123.33304925433825
1.3782914970519933	0.09298965091507388	125.12397963798932
2.6873762758140964	0.1046185013591135	125.51662708648479
1.6200644447666317	0.08957333194086999	125.20640801746161
2.8987114082252536	0.09688359565605877	125.68513053678483
1.3687651450966947	0.10013434127237493	124.5798775006296
0.6957052372526293	0.1566338940678679	0.04055730183497024	123.20048684955287	76.51452171525689
1.5410904560039338	0.10076091420957607	124.47202492720474
0.8506702284553227	0.11190138501054858	124.34096314860143
1.4656529076513594	0.10009945677610993	124.52842240365071
1.3834987668236185	0.13175559503512663	124.33829932375119
1.6054777889970153	0.08130114243873875	125.31992953488827
2.0026730220569133	0.11300851205523083	125.64844708632513
1.723330232635884	0.09465938742901917	125.27416014910885
2.66654442832346	0.8148161972194254	0.08644561313658078	129.53417576420316	123.30240144669155
1.1052356004619976	0.08853014371973168	122.55330758732478
0.3766026976216842	0.06030778370524813	122.90191362298589
0.7637289256161917	0.07895060681132375	123.99129463429756
1.3097479026572927	0.07664708088230529	124.55212870133293
2.285938744646893	0.11509868329221085	124.51774137183648
2.1016796351618288	0.10480433195299357	124.57715261250543
1.9778663198397366	0.11660647552479457	125.67261164399405
1.2568122744060546	0.09599621547416765	125.33719038050636
1.3547054635961802	0.0785678856451744	124.06823235527608
1.4781971262899534	0.08778286982139263	124.29937026085163
1.2867907094276785	0.1383467564505071	0.1066942316731234	125.42475825859972	112.25303655010568
1.5297179259710216	0.09462613774928941	123.39678533988062
0.7853996827593621	0.07161429676708563	124.32514006090584
1.2200573816043114	0.07724032554634294	125.07229848302217
2.317773509217603	0.38806552575767894	0.09657536681189254	126.52592391174574	124.36003849029872
1.5687306238907925	0.08816002271716634	126.56406421429968
0.8278669752697508	0.10136520910986767	125.96428952314172
0.5216445153660888	0.09098717467330883	123.89335247364743
1.6606825038931767	0.11106033093824137	125.40475933923399
0.8746280729354432	0.08749067285292618	0.050438189185218994	124.44898255226406	98.54471564022705
0.9017397030647661	0.1224612162701111	124.58860123949876
1.6613642797948156	0.06482983249448639	124.3212772578139
1.5161575191928403	0.09059512780573133	124.94285317758879
0.9014715885755229	0.09640431187013689	124.21733364719557
1.196166561182907	0.09256709706473185	124.12799785797456
0.9075725338852625	1.511640296751838	0.08727555393547423	131.63792000065382	124.0515452605142
1.243930425186683	0.08250901873856596	124.22242756111102
1.880817493754942	0.06505144176666508	123.96343977687118
1.1765365216287196	0.12363631250230328	124.16726420713151
1.3864658363423745	0.06940500910473264	124.68659280412342
2.686914608842315	0.08617294397048479	124.61792829179792
0.9697501163932118	0.10817479558532256	123.32956767347619
1.214393768035848	0.12646835867238454	0.09320667274640436	0.06677374416497081	123.82918076497886	85.15900216371794	76.677774827236
1.7990189525521119	0.07481936684783053	124.06294532893183
1.8576813293843522	0.0994984585243085	125.43112825386213
1.055784863641903	0.062243311312506586	124.02592895903577
1.4713247660475517	1.0017757573840993	0.10656275379124376	132.71851156437356	123.20707098944789
1.2576116686753942	0.07192880677570687	124.12999509492573
0.9375357554058087	0.07674421796442703	124.61669630913315
1.3773933266233678	0.072735839649555	123.77998553628689
2.6910777335727865	0.07800819692703259	124.43047152237982
0.5571671770555322	0.05947979321185816	124.01205220917123
0.8536690947078551	0.08559654345531169	124.05835310337379
1.4000790092521096	0.09947759851848297	124.47953756182702
1.4164062364877665	0.06721279309613026	124.35407210786349
1.2955371752255793	0.07365844753393597	124.40115022261408
1.3158910257236762	0.08916830223610693	124.43969532356638
1.7110160619195642	0.06985413131245875	124.53348970468474
2.7362684701153697	0.09788717054776562	0.08862077997579214	125.35846325668383	98.48066664961887
1.9117215208965366	0.0867380820964983	124.54225852221784
1.2395280402994655	0.0709288066385604	124.68355627982761
1.7079708650540064	0.0771271948637294	124.37023562614645
1.3735176567919296	0.09734559951632614	124.75001684916057
1.4633964743504675	0.07069127983490177	125.37310158066926
2.489314514717538	2.801321634810774	0.0915666687673362	127.63646765353833	125.25514313217401
1.7238743915467354	0.06404255916607214	124.73269840929902
1.263184257107258	0.1226106594819503	125.62208516285783
1.4181413234680216	0.08834898196203161	124.08646661315383
4.8579046652162	0.09609405669093941	124.87926602237825
1.4978126974725565	0.08247202227944027	124.4023251166801
1.7851736616106881	0.06608040930327977	124.37889226238815
1.7462479279384184	0.06922371381050876	124.6289388792576
2.108540582267253	0.26448658249940526	0.07928495921882833	125.71528604737674	115.28028280810739
2.7609868896357415	0.08939461679732837	125.31476433163067
2.401557109397198	0.0844346887214583	125.8078294877109
1.524399359645252	0.09555949079329788	0.1355349420600095	125.67903925538963	106.74564613508274
0.4048692413926529	0.10446476957686991	125.37582426695097
2.0642554879603914	0.09776490861303835	124.83408391594374
1.3084402416171212	0.09840802698985622	124.38960189967845
1.689489475296734	0.0993592936254223	125.54369286284938
1.8351787277035847	0.08504806982860849	125.57940205452996
2.418510779449587	0.09810573408383767	124.70532727917511
2.108194037695858	0.10166053960773408	126.10631887403642
3.7204405051634346	0.08110002315727263	125.55859038439984
1.8711957176813838	0.11193313608820488	124.91482912621224
1.1898916739821197	0.10982213643202304	125.86482543283336
0.8563372333350889	1.5847951135922889	0.06235132886597414	128.27942091320244	125.35801008255964
0.8983709588306098	0.1185478353167698	125.31561646808785
2.3976344451402816	0.10968075556541397	125.14659035063718
1.882309016591202	0.1156420677957792	125.7712849451335
3.016926858083083	0.09103385362896213	125.26500975328283
2.623280405667897	0.12551488349707218	124.4859647987991
0.7866528090686353	0.14102487862279556	124.69985386455417
0.3843922406232554	1.8376078207209972	0.12303045710404861	0.09020277326830084	129.4820182374713	123.8522794782954	78.48538491151719
1.360957167685047	0.07599536948208128	124.77794049076832
1.4510047709347962	0.07614845496030241	124.54802673399054
2.0759849908029144	0.17090133232305682	0.10575591679494711	124.60981110859957	119.4946783952283
2.0088856959246737	0.06922809770280962	124.35568641182019
1.5515209995584431	0.09842815255243875	123.92936294747014
2.3545659999873894	0.09655402115627082	0.08530863706317808	124.57939111776875	73.48817285748513
1.0561570381785466	0.10002720512764779	124.23765800417202
1.8368180572570842	0.09972803408984664	124.5978384403186
1.1583185575402828	0.09516891154027035	125.55144854190999
1.7787161144249395	0.08587270948762427	124.22963045394927
2.4664724789228463	0.12483695563261915	124.52105249227631
2.5893334324092323	0.10825657642697521	124.85942874985142
0.09560510634862096	1.6199780463948266	0.07635974238865588	131.7951743558577	124.28717585391449
1.2404970640263657	0.08608289882453085	124.16317819443098
1.4001268052943134	0.08593764119780418	123.78965966108203
1.169710275772831	0.12502992147422837	124.52820562960076
2.060018338728887	0.1398319877235629	0.12159957979071238	124.25540370794063	94.44399694436122
3.1598358026258717	0.10430283494575092	124.52025127486046
1.0202266862361695	2.661214736734043	0.13356523658363936	128.54098816651793	124.17407754572451
1.3986603517475886	0.08277201350492659	124.33731191888211
1.548973150181723	0.07435009943490231	124.88240519565971
1.2758233679561382	0.0702310041014278	124.04762048585323
0.8997971860068399	0.08110291669529036	124.51363535531468
2.356632508386812	0.10210985385487621	124.61072457992087
0.9323545063530921	0.19338199428183916	0.09504855399605057	123.91430205779089	93.93541459096181
0.9753719752029669	0.05564589686103423	123.31999535579776
1.1954203833064316	0.10157034887177209	124.17987880368457
1.6299576610583586	0.10952688295649539	125.95850676475388
1.025872676281457	0.08920208655759722	123.7645172604737
1.4299820349126064	0.13762245150346533	0.07533591616139873	124.63234938966492	103.12435365600383
2.677476161400692	0.09157987012429249	124.63948739998672
1.6016062050030706	0.141414468397839	124.08672169910183
2.005311627409418	0.10198125305892555	124.86336140553094
1.5409925400337197	0.11359432195168252	124.6556451483709
0.3301949771879072	0.08851472020094567	123.96210572694272
1.1545380510822418	0.10667870314093951	124.55799851739049
1.1315647474120683	0.111330572897073	124.49390728208333
0.8156837984459391	0.10537919561213716	0.12687941389058888	124.44256366622486	78.6064236743775
1.2876466063623278	0.10870378892785039	124.9667601891198
1.1081543172736426	0.10322182372299339	124.47633431212762
1.1886768436133675	0.11566881674226506	124.42856435343494
2.2830802287991707	0.09107706141870514	124.73857628893015
4.016042035923303	0.5158689340632174	0.08955306525672205	127.18713025818542	121.3778734670358
1.284442526464714	0.09614801920795887	124.19495095763286
1.1518676032123147	0.0849691342387933	123.55531080362269
0.478107928113149	0.11341837147690843	125.06125638753282
0.5873147125040641	0.07547864117604537	124.74047177664289
0.5729055572260179	0.08702819929716307	124.12223192110298
0.6600513499828982	0.08298733547312848	123.8404367771203
0.9624760232902959	0.08377597248561078	124.05119469975573
0.9198194674738436	0.07267296092357828	124.49886944689335
0.4792070939617325	0.1554597119245627	124.21274550464601
0.6858806261051531	0.10329144443353783	123.24009599818538
1.3812519977929927	0.10155935144343742	124.3031575769063
1.2390382887437619	0.06397207058610908	125.37080756348969
1.4028583149661968	0.09040130477803397	124.95573616094815
5.3273404535486	0.08079889525673498	125.39163384025174
1.9649324814071822	0.07693417658132501	0.10081231006206186	124.62028268482875	86.86996151920589
1.4797417957385912	0.07502347947639694	124.52421690334845
0.9065705388768776	0.036394343578495296	0.08062693611152769	124.03526704594812	120.19406593940897
2.0179588280354026	0.06668999038092853	124.6555932763919
0.6009335514550974	0.06302717929411643	123.14865231195974
0.854974105197656	0.06791480654344402	123.72243121032123
1.5373551732174766	0.09109999250405267	125.35752190098499
2.1389922015699816	0.09906562849852558	125.36985905168035
2.275250754561602	0.0774896267671749	0.0759701603789283	125.39553890147063	68.046665671469
1.8827029073677275	0.09303529313107621	124.82603523934874
1.512621545229758	0.07973647606283331	125.12410242668885
2.1185518153383764	0.08017883621814603	124.67859086711022
2.245436912606474	0.07662241428683482	125.73816713889433
2.22930294186566	0.09251589150394414	126.9431430387555
1.7702872380803085	0.06701677996572514	127.89765356365515
1.9442482425318772	0.10034024158119143	125.9797057234562
2.582545872259227	0.1056377672457812	125.5514653303232
2.076775568045657	0.09327286535601446	125.88150272722787
2.9965872154305373	0.07140267781285396	124.96866987849637
0.8603086040771911	0.09762985061736278	124.60755994634997
0.5932834311266809	0.09713011183440415	123.63605362980921
1.6497087990624073	0.09723287596878742	0.04160879557813507	124.45437056851749	83.20274589379258
0.9561394173573874	0.0645119516784125	123.86355876890316
0.7539186264698629	1.2826548712676662	0.12702187143732807	125.6013707576418	124.53517246253172
1.7059819203760451	0.07983201259945487	123.87511331743835
2.5326879382810006	0.08426466289938833	124.94104002546533
1.4432859296181457	0.10332262987009677	124.824337649704
0.568431684995706	0.09518701129935753	124.03779664451883
0.5358005944933366	0.08775498901245968	122.68322957941301
1.1288411547827568	0.05903898321629074	123.91590260542885
1.0513140118265338	0.07107287295844177	124.00219138083602
1.12747211863851	0.0675589944003439	124.53957591391908
1.5796186437815438	0.07361490648495504	124.9281848574098
1.0111313242010824	0.0839922069223291	122.83928820868958
1.793085975909572	0.05919697395346537	0.09834537592056103	124.4839740511695	114.42608915632736
2.408940100296607	0.05644479778966597	124.45933101729443
0.9715805508767384	0.11391153598556898	124.50740060879859
1.866429644145975	0.09477016625401706	124.1853329019008
1.3052516523504274	0.09530793258964979	124.21013489593635
0.9605858254639756	0.6213707383195238	0.08044983693603641	131.97982505150117	124.28225847929677
1.8810000942805765	0.059956401061450657	0.0901660686696441	123.89754630967838	86.24598155328742
1.7768944533974764	0.2695794117454788	0.099574742530996	124.88508894519951	120.85580746236361
1.8580142576250642	0.11382514848326146	124.54819908044507
1.78651015900458	0.07552363380969404	124.53087791932506
1.8983557604636878	0.10317627769326657	124.36886495196082
1.7203276387393924	0.10046070001734138	124.75900674310589
1.2529992490421964	0.07338849505895341	124.66636477650991
1.9611957708391627	0.1244290611183108	126.17166557792657
3.8782274179596326	0.06331557148986369	125.37394736753865
7.8841428627139285	0.07685816730199535	125.18114882970877
1.2281792720013447	0.0923438151793365	124.613321644133
2.46222192946034	0.07617480853776387	126.10831421974108
2.5496641942031832	0.09059492255272132	125.6166042418678
2.499583507078302	0.07205888324431596	124.96752244402637
1.4498568548132722	0.07195803890256662	125.43095482534505
2.193455103654316	0.09929300742180891	125.27106460839869
1.992640204203701	0.8030998558365884	0.09241790861781143	133.57768060431553	124.5766002413216
1.6824854886105793	0.09112189384622689	125.85259113429125
1.3961880641812696	0.08495412348701237	124.34585511038122
0.8842992877778778	0.08665296908985357	124.61891716518525
0.5871233642793212	0.10566083372365878	125.22249829570399
1.8304038121568853	0.08677679006416515	125.79916032327628
2.1410489503893246	0.08512744139755668	125.47499804131121
2.396494075017252	0.09055934511009382	125.26401010175462
1.35361759027285	0.11026574443314432	124.78127706336443
1.8938653452039913	0.06172443819568385	125.44231681458541
2.1425643349411616	0.06203765439339865	125.87216908040682
2.4066726694529232	0.11788422668320922	126.3434291967156
1.9248525888893477	0.13540533619356507	124.90794100699765
1.3862921886020036	0.12443186262784889	0.11404717444608087	124.90069533514009	90.30500929546366
2.039264934078917	0.0958404002962895	124.54170914765425
3.050277639480372	0.09964084522747294	125.4028982739086
2.1354440971779685	0.09156935661168551	124.68772190661143
0.7681743319904849	0.09399273294546398	124.52491580138859
1.1160291234607749	0.10596411931937824	123.82916786447615
1.3532212765899052	0.09097021758422213	124.47229188037457
1.4410450215294497	0.08825674783890222	124.14422606072378
0.9223327734416605	3.3976396800128694	0.09846352967059488	131.66421834117256	124.95287792968104
1.6874944500926783	0.09683477319866769	124.89589968223342
2.7366210678469183	0.08365947100342135	124.87898296358816
1.185773906347414	0.09172261743846745	124.62325947827136
2.666930702409687	0.128061813344645	124.66044931292589
1.1862069410653422	0.0582707351541279	123.89513592123596
0.872768708348117	0.08285159178202875	124.08329894462443
1.827992664400897	0.0541207109699095	124.90713977290034
1.159530536109736	0.0599759268162004	123.60325464333933
0.4754525835621948	0.07865656861213081	123.68109820185512
2.4924765815904317	0.05695976310178373	124.43550874864543
1.0576702902913189	0.07302711777992436	124.94478844756047
2.984282848651253	0.08412317998728344	125.22369405771056
1.0399318362542098	0.10007100635058722	124.27747052375801
1.0704813336429089	0.061267828920477954	124.62420974935009
1.1532670734813002	0.06977157832403931	125.32525411843478
2.9951698730079546	0.09699807107063595	125.29148766202152
1.1575118749429	0.10599202308496278	124.77145665671577
0.9071799977444471	0.09490616635340844	0.07202597605309727	123.81188605551922	77.83150615906182
1.2803420916523518	0.7898604802052774	0.11074196571230766	133.9910252431189	124.70143726089842
0.5081176420402335	0.08916619487719793	124.09160154995332
2.060862808037386	0.08935537322595437	124.26675220464956
1.223717004543239	0.09921968694457264	124.37799591375094
3.1913905449575837	0.05945189857509158	124.86610486414664
1.084760947880616	0.07109094773030297	124.5925097178993
1.390162634367191	0.09981370202942344	124.13572727921546
2.497916663318362	0.03700224519086133	124.75915391522743
2.6233739335017225	0.07819389579606521	124.2795520697388
1.2892876818731291	0.06892296292937428	124.03588417333104
0.829805601625322	0.07945377364639819	123.90549321648751
1.2106574276164284	0.22087221367279256	0.06330375714992495	125.55192288080225	123.77513980493663
1.246501963662271	0.07309150950591746	123.90379958437835
1.355341824389968	0.07537855211218246	124.68684945583452
2.426459714203239	0.11846861980149838	124.956174085802
2.4057711571283225	0.668484299806488	0.09042184193574497	131.07835752661165	124.89093405150176
0.888091555385644	0.12587930328706037	123.62285068200563
1.4230857196970983	0.0984176082193179	124.20129078433455
1.0840623965469105	0.11435664290779901	124.29099604236744
2.166301074349882	0.07315288272682094	124.31616235505837
1.7665483004300435	0.08883723503415053	124.79020402307854
1.1386609898706195	0.07088470898940374	124.17715994936158
2.0925144250577827	0.08909572838245108	124.69904627783521
1.5911080481534685	0.07340782096321073	124.26423195526658
1.7705599504957734	0.08723926545983098	124.34104177725496
3.1666474585227866	0.05675179244602671	124.54306976452392
1.4600496904277	0.09494206165999929	123.88031585704242
0.43314610662681857	1.0724174241239908	0.11043255106784071	127.06726737848805	124.98008195236065
1.2029573739446573	0.0979121227088718	124.40762841419091
1.7462592514798054	0.10431126396774187	124.31655849782607
1.8969155886790368	0.05020154103665352	124.0871722501096
0.7821893731884593	0.16745358080966652	0.07864068534690141	124.4985597021644	83.44851239636995
1.3178654627937894	1.4300097406028198	0.08325319275639968	132.09491707521968	123.93916466136439
0.9305376177956884	0.1108699680875963	123.97318572513618
1.4292302933978962	0.13321036978864154	124.67639442974637
1.1595939577949292	0.0708994942295156	123.68659099525591
2.232809953467176	0.0862705868986275	124.30855892109744
1.234509644646096	0.0999334270977955	123.95492682784234
1.5075670816580522	0.11307223344372565	124.59426764120462
1.7562378703665662	0.10374719104123645	124.75575458662202
1.1266340100500833	0.08944586043064132	124.37349956631218
1.0402330283821917	0.0720594266848502	124.5727464461636
1.1337462899557116	0.08557024131005847	124.6138515012743
1.9433770724504784	0.08954032101305248	123.54404853047251
1.4441475777061685	0.0834134335906105	124.42882346838014
0.9561064953757386	0.07635493069823222	124.2630044455595
0.5526892714329825	0.08970162605292574	124.15431929966786
1.643818931560303	0.07655432822599109	124.36938177896042
0.8835702887110353	0.10099786334248281	124.88811220472189
2.0767422980183867	0.11779982212581187	123.87414251394743
2.0009811852287784	0.10872382890765604	124.48972731744863
2.0170911013099317	0.1151650968456373	124.5059846080134
1.7508809204740952	0.10143395277402525	124.85982474145071
3.860873230916867	0.9242721548024175	0.1301570657138146	125.62174830992862	123.24666145138758
1.6674573275615725	0.07854992932139658	125.21089746748406
2.239952719452578	0.110742327896404	124.97468769560582
1.2117325566847155	0.08476944735515785	124.65207803340083
0.9772452488517437	0.053363139278627195	124.63938498230004
1.2176645818751677	0.07552508228027673	124.96628516030572
1.597210662458341	0.07137420740263867	124.93816976937448
1.9335081787176978	0.08685229924079167	0.0854851173506974	124.51563905255198	91.93874180243337
1.1981211047596045	0.20933095307164867	0.10584480259566847	124.46744776818707	120.06981215841105
2.1150446335076154	0.08843879391632478	124.47838320404789
0.9662875918276331	0.06735980509387658	122.92916828257219
1.1376920873313339	0.1139115514592625	123.79938516655625
1.340457749899386	0.10894462340010706	124.18853795435399
2.570639235412283	0.09670255238052006	124.5257751327637
2.017480159877435	0.07542092555481296	124.08655815060521
1.071075300122928	0.11301766842579983	124.24236140778122
1.4891003272134438	0.12397533449278703	124.64508681919965
1.1229414553644252	0.12256079804393887	123.87641436127463
1.2085844262960757	0.09246060848300505	124.3570954263847
0.7691855426080673	0.14003748372060842	0.14272531700520427	123.93558803124695	103.08120252573556
1.9946829666223238	0.06655213516496167	125.11934546612143
1.5068008015578023	0.06778800824226384	124.51335329671412
5.133617960984794	0.09424605981677774	125.57495600643732
3.4309723242181	0.08173521508479333	125.24699457732787
1.5862253058989617	0.08658577748348781	124.35804999275472
1.1372630906004433	0.1233918011455543	124.37295197081698
1.9752160662084677	0.07892865495342231	124.40644512874582
1.9311856429486427	0.05536621247541279	125.09527863069123
1.2081251841146918	0.5478276079241186	0.09842704193074092	129.0445367588267	123.60026466323194
0.9693424999879284	0.076192990132921	123.69960824051022
0.8809366212788056	0.06792084749656306	125.26943069367887
0.7253906004063396	0.09660683128531292	123.74330082449357
1.1752713431987187	0.06915667244925595	124.66649091769196
0.3628715600958682	0.08489101694958977	122.46214500394544
1.181244099831928	0.06828636817591906	0.10243571065522879	124.49728996129915	93.71447012963557
1.0589968065694086	0.05618628815602673	124.20286989442248
0.7346790846140746	0.1218583300015175	124.4794812408523
0.6258292357415164	0.07853287807872526	123.4474508230315
1.518387958744385	0.0890498901351024	124.64112511612872
2.0930784180436732	0.11406177370049939	124.46889961161808
0.6143275200684091	0.09079495574374936	124.10379661008882
0.9661219741055218	0.09138768698229074	124.06878448989362
1.7997627654392108	0.056127857593622814	124.84903950072857
1.3060115280394464	0.09090691550677323	124.04552564360506
1.326739092327859	0.06578650129139721	124.53279750947037
1.280360999911067	0.08880626535449268	0.08028713524983443	124.7631226191077	105.34873984467686
1.1771139278769396	0.08697217580948277	123.979734746241
2.3086768559316826	0.08940830099917763	124.86886289045654
2.0313307329676618	0.11079959781497445	125.41063699983543
0.6125436720497432	0.07848037594062761	123.58266501553369
0.7660164269507582	0.08707162377811295	124.39556735717927
2.0574171664800986	0.07999481438834267	124.12133145181863
0.32921125750368807	0.09205109588999617	120.52062320704037
1.227731058542312	0.11812479586935495	0.04538839882691001	124.13081858524141	77.04070280768504
1.0093640271839002	0.053968011217129255	124.33817797288268
1.4457092953645685	0.11062333423727999	124.45893172133648
1.3894853109582501	0.08087113619950456	124.80704016858495
0.8695266682140543	0.06980157860351313	122.8504320548947
0.31141590532001984	0.06723715037992468	122.85914375121493
1.8892832946007339	0.07001903324217319	124.9991005815977
1.4679418998405493	0.09294574994354475	124.60049342786506
1.200365537822758	0.07760527737090611	124.64516312014632
2.3184970063356856	0.08713068517567135	124.5747267501561
2.39008620339136	0.09217636093220119	124.8351574396451
1.0304845922295096	0.11104509300093127	0.07574783029228477	124.79714523961596	88.37556120027037
1.33388837116117	0.06277314285332558	124.14351938825118
1.879825271556681	1.8189782534786738	0.07215994416035845	132.86963618105702	125.3794268683745
1.370773722811994	0.10629376280508679	124.55003664820939
1.419533800199166	0.09836318799798513	123.9282624670725
1.4355434411799841	0.05145169537149098	123.98828928614589
0.7449158219217794	0.08891531160201117	123.72605239818108
0.8868092876642909	0.06164995412388307	124.34211423763244
1.7722995682113871	0.09404462236371036	124.24781099030855
1.669082838684312	0.5137533739757539	0.04225312528232641	0.0940434637452434	125.54595254293407	123.36323889313779	115.58108152341724
2.278287523273217	0.09722119788137416	124.73590477869222
0.5709135079259403	0.09229867877018662	123.32778716491926
0.8417001906439641	1.6715614683364515	0.0829097035688026	132.6247857013991	123.92702631628936
2.4369652618876785	0.08695171136278763	124.5915305218073
1.3662165760982194	0.10364652436195998	0.14035183446219768	124.00674136903453	95.32023997396277
2.2697097657414487	0.0965767015403746	125.30141218098524
1.7850450143403669	0.06897525659230813	124.89672426096428
1.0274916190377599	0.10968853578520762	124.57850912189262
1.1711492634617906	0.0928353962822942	125.63204722875847
3.6671856986261817	0.08774897574529915	124.9564144306853
6.321061277060128	0.12447612561645315	125.55481156242591
3.908609110834151	0.10061092809801317	125.33221532865313
0.9677104815033596	0.0723572534278125	125.0670438721888
0.9378509740319494	0.14980667958654884	0.09413376484020063	125.26725733057181	85.01190628329967
1.1070827977673192	0.10024820118474781	124.5934316567322
0.6370840373035599	0.08824990263075629	124.54383872748078
1.3327968750385688	0.10378174773226724	124.23293986271844
3.3264179250207495	0.12093130544796929	124.62135040376062
0.9842451408577024	0.07379902771672951	125.30511397212892
0.9281190573975443	0.0866636403949263	124.6202098661914
0.546678591079281	0.11697701014508877	0.0662775290593452	123.54007111297736	100.79907122418639
1.9263183975392824	0.07622853322754428	124.8293433985395
0.809546316474077	0.08232890547563962	123.9514032356352
1.62707203444279	0.10093175325794226	124.50880513522029
0.468664171338204	2.7914602637911945	0.11327523796787947	133.1829443048361	124.64020209522054
2.581578079823881	0.08647181047488994	125.40429925357473
1.8131602220042085	1.454178556186673	0.07311617272800772	126.6386964214023	124.75302282228996
0.7518265246864744	0.05559349172938768	123.02178284144313
1.878586802068679	0.09542849200418824	124.31466577779392
0.919580565900923	0.08562076417983183	123.97035371618033
1.3587565743230585	0.08473288458363425	124.11869716526188
0.29878208842836995	1.9451612470001178	0.08590370835436949	131.21588071336075	124.48255003094008
1.4858963947360617	0.07073314808186028	124.18428179561496
2.2789367882305362	0.09075849447906746	123.83350698267768
3.851868677545756	0.0673165163719452	124.68626285536253
1.7099202845100288	0.07585097210469144	124.65671915317755
0.687861808233787	0.08703192006653729	124.34355007294819
1.0412372308332025	0.08067717550469788	124.20795719641657
1.2746330804732557	0.09561466133061193	124.36539360104825
2.323711807331373	0.08638772864591623	124.31057643709194
1.0569784122354233	0.11204157081600523	124.05521925803018
0.5504595784934317	0.0712868750890681	123.8058153774136
1.493714847350199	0.5724678196049986	0.08700541949497356	132.30379348237614	122.89663426935583
0.779343215729906	0.09071444485164108	123.18653133602564
1.1881443540603631	0.7646790263094974	0.10148435330637519	129.9863142086185	123.71546992463061
1.2681905013301487	0.09886268679293135	124.74972748410285
2.652379222069714	1.1438729465454767	0.09760720474126768	128.62903870104597	123.44243902370148
2.0939631991194814	0.09837606001758435	124.2805898033201
0.37366019446047427	1.4067977697268217	0.10236376075127236	127.35970168714	124.48776132281137
1.6450154314756062	0.11546210657623164	124.92104053241759
3.6098172565505484	0.13582736060121017	125.25218169877873
1.2486095755750863	0.08950516584673882	124.37893947794052
0.976347192836348	0.09323273848514187	124.05153796607543
1.2874871394358869	0.09845661831105786	124.4579377309189
2.3443765899350475	0.07546605985803553	124.7039530719516
1.991641510858561	0.06865020037083289	124.66585087076429
1.0221411313829953	0.11165577595201201	124.34257940064505
1.566701526377949	0.0786961438243326	124.85555439198903
1.0599782527019341	1.7174127008688367	0.0868046865076493	125.31295324931439	124.22181008739312
1.351670970184464	0.07798407226827504	124.72555425647343
0.3810236574976128	0.10398819847158294	123.60543450032083
1.156292331684963	0.1309710635058386	124.71875667249098
0.8595056998754981	0.09723545915872238	124.06290855052289
1.3560268793151786	0.08735147010091028	124.84370200530135
1.3589668634730576	0.1183476106947313	124.15522435057025
2.3270910158620497	0.0842653217907262	124.11751072982428
1.1494500258995841	0.13028433300778763	124.2797019036689
1.642151702317783	0.07560889876945576	124.57408517363298
0.7575190596571805	0.09202575385583087	123.09794012726553
1.2005489457888034	0.17119972274620346	0.07509562128532092	124.03449417748178	121.09209949115449
2.0172798756197516	0.4033229550500712	0.0917139256728929	124.94972789383583	123.76883870506646
1.5120477403995083	0.10955591065940598	124.94446160607482
1.9481790400648773	0.09878777027129029	124.67734839400535
4.746000324196184	0.08125611407185644	125.34760351013712
1.386192492275692	0.1203013129052741	125.20586392401506
1.0144492018563702	0.09942549548155988	124.27144759834192
3.264561585249302	0.13213655010909586	125.5992548686924
3.690885235282382	0.10040688616346514	126.10205676527637
3.4080838433244187	0.074212787135952	126.34524454651073
1.3856800946244927	0.11934534284603764	125.60029220946558
0.6012215553239113	1.5682860946715214	0.08509371960168358	129.2941974233279	123.77532191554478
1.608116827238224	0.0658314718986943	124.08037903535498
0.8216436216212444	0.06944471754597017	124.5600964573886
1.2934935913063843	0.10066151539498859	123.97634928296785
2.736194790300155	0.13489630864927227	125.11756867470528
1.0440612432040404	0.1728518830594774	0.08141215640565157	123.87562394579903	85.50339754980419
1.0282925374364615	0.1035859637777608	124.41049300999582
1.1750864892403667	0.09992384975205605	124.32584329293361
2.2159382255664832	0.09048482284377439	124.35007244110105
1.3820772920083615	0.07286225710590133	124.33100730708117
1.2426664175360471	0.09316001086482026	124.2706815866037
0.76523574043792	0.11491262610654286	124.13562830799435
0.32297996584697836	1.1789336928440926	0.11979689466566987	0.04740816285648432	133.13916745657014	124.15207816080952	75.40527607484779
1.370906797216277	0.09758744960229616	124.52608954881869
1.9420945641768632	0.12549828478824396	0.11829535419623116	123.9302514376582	73.5829065090366
0.8296144333950499	0.10446677555209934	124.33464421327946
2.0094419171087172	0.10677597615296894	124.79285681248969
1.143157685346045	1.1109909598371914	0.06653555241509639	0.10064887617880554	128.87073462182468	124.2059879269381	82.87796346790735
0.6584588877155242	0.08831753385436845	123.86429911249041
1.770512209087015	0.5962972859647883	0.08487575302597719	131.40746555591494	124.25499302504375
2.1082584227359558	0.09826303041034014	124.10834011752942
2.122637429094494	0.07962270679619667	124.49276552515802
1.3868101501604653	0.10723830636078922	0.0373312430679994	123.90901171441358	71.86706802817183
0.5333612073174665	1.590649572615306	0.14094005059798992	0.09402591493617242	126.50428876339573	125.36524048745397	97.16859646608343
1.5290750851485497	0.107578579412971	0.12990194768952537	125.26111308628074	89.57920750621415
1.3581625244458095	0.09183374463306436	124.74525371914534
1.2745379672423385	0.13163281938811816	0.10991560722553965	124.57158097061762	87.66716127083436
1.3916634798467133	1.9660092571529892	0.06387289096606767	129.52495141612107	124.30930888162777
2.990842757391244	0.09332230966214489	124.95145167364794
1.246120107135168	0.14129391546675119	123.75953697110609
1.537727333406912	0.06915852445447156	124.50523801237016
1.5585880695684065	0.12776875799094148	125.44567380172886
0.8195019837815339	0.8638536091147818	0.08567964385308065	128.05396252577538	124.74103901115087
2.466784585735141	0.060760681315218584	124.62335478272438
0.4741365206516036	0.046634481435866036	0.12151676412095977	124.61921729805721	122.56797988443292
0.13335780603108646	0.09041872108065295	103.69954666234909
0.19932903208484976	0.0743404121773615	85.25723161050513
0.3374438041242625	0.08759799696623417	121.0675016719545
0.18594728344449685	0.08107206018001355	109.07816670733357
0.24719370931651313	0.0791112516766765	122.91612454500842
1.0263502879565591	0.0683632226861363	125.72158603075599
2.419193846183846	0.1074660604940419	124.75257040836922
1.957923500688163	0.09226190892599688	125.02031319715437
1.063377209377123	0.07782380777073952	124.10892712619317
0.847349301649113	0.13282640596606876	124.1644621036687
2.346662830899305	0.09185287908376916	125.15107339552786
1.0091528773623386	0.08940912241619821	124.34110399435212
1.0131969772596152	0.10658532984323987	124.15313184823056
2.265393479977164	0.08724735105295565	0.06842365526297055	124.43653592618638	101.03218198591443
1.6508560265315186	0.08511629540956801	124.5239894836859
1.1859596942968462	0.1109629807786521	124.4035501388562
1.0814230084113379	0.1196624160519075	124.06131534980648
1.2823081656599211	0.07821893743156406	123.93696080148261
1.9872803234696854	0.10181286623748281	124.65788859410814
3.25503642514435	0.08984723561557868	124.85833691843827
3.1492880559396457	0.03592725853686401	0.07620902769783172	124.56639878830269	117.44282453419
3.414211625437128	0.105308501623769	124.56345951498234
1.8549922919141795	0.16715216565495483	0.08413748930863808	126.68268822094787	105.24720457576761
2.7309333479826274	0.11223213480531027	125.09350775740256
0.626617971060537	0.10023419171872501	124.12362033989147
2.0761821425093703	0.07831621022258553	124.86872544791291
1.860463744972634	0.06809315091131121	124.21244055017027
1.3210226527568851	0.07195532780512097	125.56688255088922
2.0492334501713176	0.07470821274790461	125.50141348034464
1.7750599326850673	0.07154122959436483	125.28506005614182
4.5430006672272585	0.20537835898924153	0.08690979857626847	126.13904775699794	112.94916924091403
1.8893121120103271	0.06922206449517634	124.89650653505373
5.905849135531398	0.08266556187047518	125.43613996852497
1.4255532316884711	0.07934641142325861	125.02393979292559
2.3037543713597226	0.08513905165436812	124.74959794641514
1.8219675534250053	0.09750749551465566	124.21553744204995
2.569260139483921	0.08243464842023641	125.07986239655776
0.7159653225025826	0.06408785169826003	124.0321267063361
0.6915272014873598	0.08240405714274718	124.18958363139262
2.5514665482127117	0.06036758323576893	124.55066926509784
2.04382737836879	0.07992661862868188	124.85354273187234
2.521176430671723	0.09674498150969547	124.50573958749997
2.6734440116576668	0.08559054086018227	124.54779169823331
2.5615293451180206	0.09304014374269481	0.11710548884188998	124.84551648048017	114.82937774585879
1.6009147001640294	0.10373065291786401	124.51172511761172
2.045038794857603	0.09676015330346062	124.47249961263046
1.7169124914575762	0.13329109818748064	124.58491898375217
2.391486763409377	0.08487972097055814	124.83513849690048
0.9913602914294048	0.09484642489696607	124.75218974281589
2.2428725882556866	0.09086218581918824	125.25202053811508
1.187078166213533	0.08218148306256158	124.60228110169169
2.6268822668564535	0.8575689214554503	0.10303208508468394	133.5144740590663	124.4216269992103
2.6835817882359745	0.09934272386647283	125.8036566476672
1.6948405539266886	0.09013132724928023	125.43103833791967
1.1058171981371132	0.11633483277023311	124.5947753431569
0.8982816869291985	0.0721264961381147	124.32709847841822
1.31952151573598	0.09973061410397815	124.70077132989172
0.7410343987360418	0.09816680595561444	124.0018499177764
1.2679238316155634	0.0806245653425103	124.72986009567697
1.2679305472773958	0.05624218228064982	124.92049853337524
3.0754266206307053	0.06812633358928152	125.4732951324839
1.393502216640331	0.1169676175995926	123.9775018869829
0.9113487046405027	0.10484828662166897	124.00815063689541
3.310862350869269	0.08813878980262604	125.46377645805065
1.0065960967517629	0.12186501022640216	124.96547371226106
1.5350585575074862	0.042838669977730726	0.08000659569318776	124.00620955105967	84.50105116353947
1.8518001357542204	0.03826874570957787	0.433351834163083	0.06425887785537719	125.6465236996428	85.10667843530126	82.40779998104391
1.2357278618288272	0.06383407948767732	0.6647806662815936	0.10021672207965644	125.32034730062918	84.67201090244946	83.12462978721378
4.461325914259863	0.1066589806285987	0.9220764773962645	0.06517079698135503	125.54437792651929	84.23359654819046	82.8747057090443
2.0737860038661604	0.06797467742118322	0.6091244646546254	0.07952285473842312	125.87575793407127	85.29487001846351	83.6415319044331
3.553894446512178	0.06043808856261858	0.712941448754721	0.07412160213030143	125.11811484105844	85.77080831511788	84.24132303114649
2.928325269377057	0.10455978426055543	125.56358214323477
1.9596134372091765	0.08959832861518444	125.45443219196693
1.664420708781672	0.0704045688390241	124.23642483511915
1.173527397334939	0.08583429302048456	124.57973330076277
1.3535970633288013	0.07350550057295943	125.20309242699285
0.7036120613023786	0.10614935738292144	123.98789842102073
2.2909479598536033	0.07385766416008786	124.63709106425965
1.3869830495546533	0.11293344829361547	124.4526432439316
1.0802706355991198	0.08106035953628157	124.68081803659507
2.6572253370873073	0.0810222903819849	125.33947562921277
1.638106892663142	0.10465824516005784	125.12359594055518
1.1522807383309737	0.08305078076719703	124.32642755216044
1.030828986184372	0.08290591681660506	123.82301518682522
1.3620033209742572	0.10727871495741652	124.2907665191007
0.46318218144185197	0.09678827555761466	122.93597083078156
0.6642483679870714	0.2027974055037971	0.09229651082631657	126.23361330762873	103.14982201629263
1.5590419234264876	0.0909248903737136	124.4792806715788
3.9963291366978715	0.08472787119641141	125.40149199417954
1.9815338451395625	0.07053072569328556	126.32171843176812
1.3537652826221318	0.07483439197192557	125.08030933865122
2.2180930259608416	0.11301824592375194	0.09131265647324001	125.79264242176585	88.40983646791493
3.111122873755269	0.11626195770159192	125.6462487971985
2.848719904927905	0.09922819569951861	0.09619584292021628	125.10032153159307	109.41793955884344
2.5423557031741897	0.08422048342828369	124.7860511018007
1.6253376261194803	0.09321413345450072	124.56122937016772
0.8128788333333765	0.07403203787137239	123.87453671975128
2.5176298264372146	0.10365087244228838	125.30175540893148
1.6655050124379929	0.03840880200290074	0.10532451144521729	124.31747482626034	103.05773714992091
2.5339974568294124	0.05476824938056279	124.88282578166118
2.8499450425602677	0.08384660458989653	124.58653327097494
1.0982087184521392	0.07461956525825661	123.84971435334417
1.135698240821841	0.07298817969565607	123.6389060706696
2.72234882350878	0.15475456665770693	124.4701226790447
0.6063023330890145	0.09523778625043705	123.07222435258248
0.7636722880153721	0.0857607561921435	125.08114917706133
1.2620833048084807	0.11765352768542747	124.67957629685462
1.1396028318695945	0.0784399191786133	125.46915161949316
0.5740580583466255	0.11455632863257645	0.044240204355103514	123.50800115009737	69.56151021494996
1.3676305978046335	0.0888230376857642	123.9858914277763
2.5859040418509034	0.11179276301776847	124.58563335240078
2.0802423960368075	1.6510910616157277	0.07612522565638712	127.58238393737409	124.78332020951785
1.533941859209503	0.1134488393412651	124.12934871566868
1.1583250000293248	0.11200104259921356	124.60945707819512
1.4362404949822338	0.09569738901332525	124.4447794336112
1.2186117835314458	0.0928842598958751	124.35852715588419
2.648889142975309	0.08325305762630443	124.53738279631972
0.9460379146147367	0.09032157701741744	0.24641354594773882	0.05936059108952078	124.04056843361082	102.67464811621795	99.51853025758545
1.7306829670997774	0.06186411611281457	124.30114931200289
2.2948721466899924	0.109509402447574	124.66415256888855
1.7779002740364882	0.08838226539825589	124.43528399484538
0.8459002104835215	0.07770184441742241	124.4144118208743
1.9466774070185293	0.08818979461884549	124.18417820972527
2.7797192915394637	0.05032791343653948	124.80519971193247
2.106491532110645	0.104284805948807	124.5615622562682
1.2478858439259777	0.0901338639696804	124.43149851981283
1.4793488598706983	0.11821207339052986	124.92100656331019
1.5727169900763196	1.5935894864008944	0.10607054170259422	133.25658262523294	124.93904668806393
1.7622801076680699	0.04911317234842489	124.19890182836944
1.5265239390810947	0.10549169648732172	123.65535177470217
0.843677396335918	0.09443352194179382	124.13707992696587
1.017451559487826	0.1584490787605392	0.04337007531830071	124.15510164341926	69.04220207365887
0.9128743940705162	0.11676308888974901	123.58291248994969
1.1634403149669161	0.11864298971409756	0.07284339378259821	124.71913416812404	74.55410192930071
1.0214317140974347	0.1194453651623024	125.08459671327941
2.131978673398083	0.13781112187600048	124.20968902450805
0.8679727734708378	0.06454191739800268	124.2184618250197
0.8130655298177738	1.797959172987459	0.0772267834038782	129.72504965488002	124.47089289531314
0.5124956050000783	0.11232279800348226	122.09009743928034
0.4462272172838546	0.09038182477138831	123.75200916975831
0.5723961014987634	0.1390995084521791	123.83785357238166
1.9851241095389798	0.1517797252957042	124.15803987085093
0.6663098449780871	0.08801544211268597	123.3676861556479
0.9407677069884148	0.14958927808529676	124.36874526567141
1.011434396973998	0.12155752582491679	124.76568497507952
1.0051824218611265	0.08008357979052118	124.52573858486454
3.4969096068010193	0.08106090184522143	124.5930697273898
2.04834213673535	0.10247717330395142	124.77725617156298
0.7897186527579951	0.09671982951726434	124.02899556602719
1.2234048911711197	1.3824847664318989	0.06980248133870288	130.02689724158301	124.07634759854999
0.7362457680371336	0.13766817140626023	123.83286582221062
1.3835306826447178	0.1080705584309483	123.78134527242787
4.183345236913633	0.11733537458260054	124.93264900261833
1.0620587130483472	1.5317099216470669	0.08766276593658885	126.63076314892669	124.22955799776139
0.7959660921943009	1.8216630947460364	0.1353650743243802	127.73522367584171	125.13254187197356
1.4711225034404958	0.11906201515398254	124.01960635362202
0.7499728680912237	0.08248772215178088	123.1762372332608
1.7346328745245156	0.09441412992157562	124.67159540346437
2.1766725001128022	0.09539305633813043	124.18461711378545
2.488545940334408	0.07017753743780984	124.61720094167137
2.7451875119305753	0.12074757887862736	124.4697113948912
1.8401845917790578	0.08169807210919672	124.34478962873997
2.1514696029149905	0.0775698767307163	124.1139136746827
1.8556536668940329	0.1162922782326562	124.34545276453075
0.9276908695392042	0.11424800263561073	124.51262826682428
1.7017412620707737	0.07549006380655486	125.08906300560483
1.3960206595123439	0.09241952234587719	125.1831610194011
1.553178759086332	3.707876401407303	0.10692039992821235	126.72477991868273	125.28548517925312
0.5375228313013729	0.12135711704857922	0.10525455503518014	121.99784980565538	118.90468276740864
0.8276417022276503	0.07323711675494583	123.88975654391508
0.6222877937736151	0.08782250614332428	123.34540087488905
0.9017937297022267	0.12849089840930097	124.08384677420904
1.4550976708855092	0.07495002192851495	123.70742561592267
1.4651479297571623	0.10601388222289357	123.89476222170065
0.6293109385286416	0.0955503927802326	121.00423574390273
0.7928975502779143	0.11092212070229382	124.1736764915481
1.1115196243369085	0.0825173996306317	124.21327129888783
0.7447718439280657	0.13102552711766258	124.34638906702901
0.710292432376817	0.06655068784311101	124.45346744582052
2.4643356790927475	0.1009598679514579	0.12974792831023713	124.19706829679944	86.00946148778223
0.8489489714379063	0.09861046238528443	124.57772327778461
0.6068651265046803	0.06495772862839448	0.041810488933754546	124.02743487982698	72.90442200436074
0.8726518574712929	0.06282149704096056	124.11015379239478
1.5402447607780159	0.09606581379257692	124.63292473421178
0.9120529439845884	0.08724976400143504	123.24348678750346
1.3210690319112757	0.06766013137976427	124.0701870332844
1.221275925647049	0.1005025219537671	124.00270623590143
1.8681653299344034	0.06708487706361412	124.59457260404713
2.822130274111708	0.06554115214006255	124.89456260828041
2.7362613172682977	0.11075251526264394	125.22833901129947
2.0750293883043227	0.07592877331332032	124.57818048629129
2.857638103479497	0.07780921556921148	124.47257004043885
1.2419639279930124	0.09100214032772573	124.23138472559198
1.6311885412348512	0.07269710110027885	123.94326434018092
1.1560237821022386	0.08303522256694554	124.02772325821249
1.1794029585100156	0.02212878259717774	0.06394734903820486	124.2959896268894	118.05958493053465
1.8491267068823403	0.07120846483055207	124.7431986328789
1.662509612488204	0.09575248012401281	125.06277039924197
0.9258275254098692	0.1068024712973333	123.46241421634065
1.3965811420694596	0.06450707751664496	0.06550182868904837	123.56496243951234	71.2390468502702
0.3873802237478432	1.403966132477547	0.053741420819296094	127.16831914152674	124.82150153894281
1.9553384268203369	0.11598807147682323	124.28592330261817
1.9404304374931751	1.0221707862380371	0.10802861364979892	130.2338043324944	125.04736493198149
1.8066317468304833	0.10847179654315034	124.5376870247063
2.783771206760417	0.11074504893377424	123.99986152751204
1.203567331828179	0.11455840777271273	124.2270567512084
0.8868714602823192	0.12644553990494137	0.05897768425642547	124.45344928405446	82.8132020524492
1.713723329071528	1.357616090414404	0.1057770278995022	133.37483971127978	123.5135216219882
2.580487338459797	0.10376640054240761	125.71397932747911
3.442555963178049	0.09238711002286275	124.70856935458457
3.4716913232254742	0.099648421822302	125.43313252298307
2.499538918366251	0.12114165433262321	125.52905819347386
1.8311267832685543	0.07528185291062209	125.22822055477285
2.2460731587969107	0.09612355313126905	124.97968405335857
1.4443924274779134	0.07977561833397138	124.19011687689827
4.1155078905137135	0.09930099384148096	125.03770792861535
2.0692561903327107	0.07524386463439521	124.55753086201396
0.8593095148998124	0.06955951161506674	124.53183733417698
1.5642623256490829	0.10522935305707462	125.5877874313155
1.1403836479673022	0.10606947451990402	125.39145477627761
1.510814058916178	0.07295313152889255	124.7303800590869
1.4681416544538881	0.06324519380832307	124.29868817863482
1.4331275234201195	0.07749465066570985	123.89323495911974
1.594126567538762	0.08883368853489805	124.43525301325879
0.32343723589890166	1.280654528165136	0.06203840747079812	126.21293832643013	124.59695913886227
0.9372127453915583	0.07074593595377597	124.57797171847298
1.892520059088966	0.0753482337524048	124.60224612747108
1.104992826706067	0.0743889742892483	124.27859801993665
0.9324063704153457	0.07800161544637038	124.22312538774776
1.541165330860503	0.08258971619469653	124.54671670975911
2.171894841130748	0.08082654732263335	124.47155809304239
1.5174020199703082	0.06881450268830137	124.03098918272097
2.566228299668152	0.07237968543940212	124.819424941215
0.8365368648702904	0.0685518949973535	124.00367674307535
1.7246542950267851	0.07193032068483529	124.64715137063311
2.3725288688371444	0.07094124476744647	125.093736082
0.8594648421532463	0.06655935603479012	0.11548426001829568	124.80565177000602	114.83728072393554
1.3072045247497264	0.0790617870744731	124.24556848615553
2.5391221899286687	1.4716018175779082	0.06876252597754792	130.99595034333825	124.59121971546709
1.667064424131336	0.06536069228531398	124.24504380371326
1.1102097924842687	0.08454296497467617	124.1932812312549
1.2731475188022272	0.06955017307585792	123.76453248870898
0.9125797557551243	0.07923798063627055	124.3480592217947
1.0614073203841021	0.03921512397374635	0.12807774583791484	123.7875778609174	115.1555478703734
1.7486852966146647	0.10101289606471592	0.14230985299102855	123.94636970958263	79.6871202345028
2.206415589789164	0.09469771051732585	124.97080363278215
0.7551315677950298	0.10405926234314992	124.48793016192754
0.412469600896053	0.09353661677084774	122.29108663686668
1.0181518615372989	0.10936221073012475	124.28705869174111
0.8611436150544358	0.09674596428498479	124.21722757197257
2.1337093125686617	0.07156922812595296	124.97920165475433
5.13783123682951	0.07796828842262613	125.43643745154728
1.3414733371237382	0.09938943996111195	125.50622070939484
1.419839570360596	0.11982191887207948	125.2634242614402
0.8147445169599777	0.09406687824468246	124.48198597618652
1.1985879041052745	0.10044365950627326	124.81707406196018
0.7922480283666863	0.08509055519497913	122.95963463025932
1.3034449566397748	0.10075831758353447	125.64943796040686
1.273096623810693	0.060151107052315536	124.24782668571187
1.354050655916054	0.15109611715280788	124.03513118572151
1.8819247273786663	0.08401612715419311	124.88490696190392
1.9971844750365921	0.08260664399111568	124.57103401526989
2.521838783832219	0.08785370107097293	125.22054894346074
1.1415234655633963	0.1481904465274568	125.99583628507345
1.693015027648534	0.0894993938344176	125.72542754885282
2.0008619675076917	0.06440510521962306	0.35028521428898673	0.11445659009885804	125.29663674125192	90.29768248438101	82.89087152381533
1.7342306815708077	0.0815699332613316	126.20562259174615
2.996890732761591	0.11308726544750729	126.07831939016005
1.8942195949879088	0.1021747559979651	125.24032000668416
1.5140103594680823	0.09569671430878099	125.43543291039336
1.2836044989177422	0.12064822285703893	125.06921544885961
1.4336636622212198	1.2260804873761586	0.11145127867431312	131.28623745918156	125.63355316382483
0.8449939834440757	0.06411492393828272	125.7695584869941
1.8893595657302313	0.09524985294124379	125.32268054458909
2.0579289784481083	0.08610857444424544	123.95110727136601
2.1668587306958984	0.09223990041714213	124.07288187869507
1.324110398592022	0.06965226813745509	124.17894477677915
1.2111032063080795	0.10491501047452635	124.10415161635122
1.9143269207089837	0.77607390820221	0.11907957151262698	0.08775514265329548	131.49849963162788	123.46613117264803	99.60622221236405
3.550379988542258	0.06615688085920314	124.44611437557217
2.271517837038274	0.08655541385896248	125.04810166356529
2.1079712432154283	0.07951722352289825	124.54521344267907
0.6292477630792602	0.09663994179947442	124.90809293887686
3.2307445491327327	0.09116150713909454	125.27242622147115
2.054819418768894	1.1241219648667595	0.10762126552473032	126.03064844015864	124.29419992319873
1.0190356773089533	0.09761810521187793	125.03561902453107
2.698700601681903	0.13349166478975485	125.06959445165188
2.3864622376515308	0.11663461739259737	125.77250087508091
4.441270980241906	0.07453070367226305	125.41837388657703
3.0259079453250095	1.523639554738035	0.09906847214386857	126.63844725579119	124.22814694236372
3.3956412294295593	0.08342586909277137	125.84699135953103
2.552658665905601	0.10245564753924212	125.65715725317618
1.5352983875186328	0.07448165217252485	124.65205077010175
3.2529187254644336	0.085325329531717	124.47368428319125
2.8881113707188715	0.08275139831953998	124.46667665170332
1.4130396330305677	0.09710808365728803	124.6684192459733
0.5017378478280122	0.10584762644134763	124.8571402023211
1.0943192454295771	0.07826957401873033	124.17086166395703
0.6033220520362591	0.0959054901484243	124.96347902585596
1.6309258031987215	0.12161782374736928	124.32980734106047
1.019097052612722	0.10133462111059527	124.89611913110986
0.8833868636002153	1.7345750589706086	0.07946440924632556	126.12528908617547	125.00797704969717
0.8717481192709232	0.022171389816407098	0.13504784733290667	124.72242916753797	121.35678866679258
2.4419368752305237	0.08957896909654624	125.31231330346382
0.672041542104332	0.07881583599412319	123.88726673878782
0.5883034356642899	0.09908972354967738	122.86396301676012
0.9046986022915244	0.08965417044690875	123.66402716817895
2.174052271356371	0.0823899198130735	125.33862830024232
5.430593421308275	0.06397163882641091	125.69189650368048
2.609462668308671	0.6148061661518851	0.11065627560117665	124.9660408162814	123.7817721285493
2.72518966003414	0.651463621486948	0.11312199419773922	0.07696874646431295	125.5541315071105	124.11645638037666	76.91429518207774
5.4659370381918935	0.0845128533961444	125.45020509769614
3.6072797766271365	0.08582736205262215	125.05487958482497
3.248536385000023	0.06364743658348698	125.49129610935302
4.5433764706236195	0.06879820067311807	124.83196723831958
2.5315160881775745	0.09729452837373129	125.44532996029152
3.552313151591885	0.1024531447992257	124.56949389632135
3.4196548621778375	2.406036723798653	0.08203454803826112	130.388159532419	124.98191807073222
2.2669059126944062	0.09854874268741004	124.20215654174288
0.6985388853371219	0.09244006656497068	123.75204449560705
0.7297134077706094	0.12708614718184882	0.10217227694828063	123.23162517482425	120.82861120497643
1.1510911093470084	0.1250173951046757	124.87741706184832
1.5386850951334494	0.08015641591324767	123.98262153224547
1.9233318513032458	0.10700578589397394	124.73204911273241
1.9952738820306735	0.08844848549272058	124.894824254015
1.565451000367711	0.08360535706057051	124.84995927231014
4.051866454826349	0.13129365144957827	124.58867985424823
1.5996144116256283	0.11735489133877472	124.56375702783785
1.224318896516545	0.09375638592654574	124.51610977084903
0.8809556666941321	0.09215691266011179	123.83964378688006
0.818174562298636	0.37004227419677355	0.08450418985963572	124.00104419820688	121.38602098119698
2.5048936044468064	0.08874544416458852	124.57917627639861
0.5956393232936416	0.06981835204330444	124.2397966737693
0.5848588413883722	0.10051592597823623	123.12395207743698
2.1608689393897076	0.0933626228727722	124.7169997476601
2.037493286576763	0.08321464961141406	124.00249031008255
2.3785415409377055	0.09168953870470055	124.71629903865445
1.3402453050844598	0.10455649212566989	123.85291403301173
3.2837665904273368	0.10282245788118419	124.56071233091447
2.1369173762572906	0.08004229586935048	124.3607502110432
1.276892865926554	0.09935814936952003	124.05759464597516
1.8760668569446608	0.12154137363283687	124.42819980456729
1.0441872743729372	0.0888007034051089	123.86297569030944
4.929590890450138	1.090641554478433	0.07842033060184535	130.45221230151742	124.00673043277692
2.513047342204992	0.10478848090615006	125.2202190954311
1.1545494702233312	0.07440640828334505	124.52961881769814
2.515745065739252	0.07562361853322608	125.14966202992328
2.6730548198440536	0.07841811580997168	124.85898843105556
2.7607097373797234	0.09192470948588205	126.23235771430976
3.404930978813092	0.06357502544402956	126.75883232028883
1.4191979667795187	0.06185265862798517	125.74214182517656
3.7147063975834516	0.06152315014289354	125.80066774383721
3.045124792315612	0.09971847882208555	125.48062273555911
1.9184699388081266	0.08452960922116062	125.39140402354722
1.5147202551899066	0.08232786760724853	125.6953415412489
1.3105210505160467	0.07737119359966164	124.26659147895822
0.78617610974502	0.06669503232732095	122.86301390146673
1.1157741762860034	1.9953511481241053	0.07861331025815715	0.06060779229668523	125.45726631877612	123.40261429701333	95.19347347049805
1.6337398855409149	0.06694458043184172	125.16017165795652
4.140167109950887	0.08949897835183117	125.13291062285167
2.103929677150271	0.06207143546487469	125.04989417002176
1.7592655252638685	0.06057880439729913	124.79242648919508
1.999538852890268	0.08438284794509775	124.33037352728628
1.2689868773877984	0.0862135635499927	0.06901322018404743	124.5254817621925	94.3297493136809
0.4986766534969853	0.07269071826097824	125.6925184977153
1.1148360235059613	0.06472288635590172	124.88135579842576
1.0690603671059953	0.04599860856809932	0.07111532025510804	124.85856190622809	119.47633745551973
1.5745920165250267	0.05782269457546663	124.31495728601043
1.4415147024037875	0.042433488367856737	124.35152059763328
0.8851240454806881	0.07766650202665695	123.83116271872285
1.2985848415959353	0.08168589219981046	124.36546914750139
2.527314624707272	0.04972845543382198	124.67232237499137
1.8510340433335557	0.06870429849638146	125.02136668440454
5.310864140505798	0.05404876319077976	125.34221296941531
1.3637732252125865	0.08797117020908929	124.26683894743095
4.96878256945524	0.09348874468066824	125.13259740019004
1.6356515885642826	0.09175210406465911	124.68026538625746
1.8651507928573248	0.11252602992915581	124.83426783416785
2.231418237727621	0.0721965479359615	124.70804234517549
0.8122468757482708	0.08261689758505682	124.42626970370262
1.1465071774242706	0.06064594739734215	0.16207604364466616	0.104967796389788	124.5714962951201	90.53809306208673	84.24491254358529
1.905864079389226	0.053129003049079235	124.5324069196758
1.7436036514556155	0.0513646046769513	124.49296517624774
1.9230484715779659	0.09972946757265108	124.69524589628243
2.023199784818986	0.08559717312062928	124.00734766268384
0.6149640711087296	0.09517289152000703	123.74620336112768
0.5440580665795867	0.08113883600220102	124.87012344986181
1.3568281955626422	0.10251903445070072	124.46202014082506
2.335825856171296	0.06904381861510409	124.66570797004456
1.5195572617225888	0.06519403736580497	124.33792034479723
0.7979374253259031	0.06965797213812447	124.22693769616741
2.5590749412471476	0.0734566402931254	124.56073766850322
1.178947356010253	1.9967326539292616	0.07075100060311124	130.4292835747697	124.69896932076843
2.220470694685998	0.10108399121824438	124.6646554215378
1.961279344139744	0.08282650557323123	125.54075932551363
2.7848472167698364	0.09709845857861181	125.2268118664187
2.383135636094596	0.08132155565255772	125.07560881075655
2.721973406331652	0.08091951155268909	125.47551574629098
5.633460190058975	0.09212712319093476	125.61810217902662
1.036556952919924	0.08524635930348246	124.44444816576585
0.3473444107216881	1.0294130346631507	0.08362505289411694	130.93772673077922	123.77419260660983
0.9939383975135266	0.06937330005820087	123.93922023904905
1.4641366386901171	0.08612055184487981	124.25770772174448
2.7984059537487758	0.11411937833178197	125.42308764162581
1.9132383478395933	0.12217744158586337	124.12710090047831
1.4085440466227126	0.0695794241267699	124.4858444639424
1.2151486407664802	0.1146512595545455	123.94071155163303
1.2790953648293097	0.07862269013285282	124.61363608102295
2.3729147794161713	0.08700710871005861	124.62181805611459
0.86977161362119	0.10495378696017509	124.3369941971194
1.6595949808141663	0.10176814282957022	124.53153827259901
1.9616695837256186	0.13901082776582138	124.3015737671362
0.8760391757529276	0.09923378405952338	123.76152472027749
1.2047853890845925	0.08762320377652155	124.11584286762684
1.8481677009857	0.0971633727116088	124.1100254661668
1.9127337155422715	0.07891732750816172	124.68491990479902
0.7428760830689821	0.11268339273399229	123.54767131996985
1.1635845556271456	0.08985960852209003	123.16227033094063
2.7831914790227055	0.10627505396698736	124.72629108343561
1.3020944564917163	3.6421575517695395	0.10127736917953228	131.42723610207136	125.14879073663647
0.9774527213328656	0.10516594346078074	124.58254076533387
0.6793272984815948	0.10079697121159718	124.26212065118754
0.7818125441223138	0.08438647222543866	123.99628828011008
3.178573687453093	0.10535981886694677	125.45735848420306
1.4052845546303736	0.12227585514401434	124.33983818035904
2.387362778956462	0.08823785147869931	125.08171329694547
2.016809807293783	0.08399034883870952	124.33578915485224
2.0412141162938986	0.0896812561668627	124.605964215197
1.0256754127021417	0.099833898048396	123.70640094238973
1.5011666929259015	0.1261318893475649	124.1167964725759
0.89830174611842	0.09977988211488904	0.08833139118285989	124.7809715285444	112.63021591511797
0.8886597790646528	0.8626731033272839	0.07152336093168044	0.10424670652455449	130.45713456262254	124.14209528798645	97.02701034895354
0.7917129275481449	0.0809132031421053	124.40907612819714
1.7691918651547882	0.08305315599008238	123.93749160780328
1.460219544897092	1.5738720990172659	0.06423810968419465	125.37350093114239	124.23192430207692
3.003531509468081	0.08041359253756662	125.04214859146438
3.534767361684738	0.07604517760414761	125.08100184433489
3.57118819732596	2.0063694863848225	0.06708108148471253	126.77423618255774	124.14604315444662
1.6074772910767001	0.10948880667675148	124.46724634761891
1.3696524862780664	0.08526324886292588	123.54065296246391
2.6917387113798714	0.08202834012835307	124.49280105478567
0.8835251518230677	0.09715731104840677	124.46387422616203
0.9638764090561373	0.1030831393243001	124.82197224324047
1.3772276200864781	0.09144229592571836	124.64266097927262
0.5662491884416389	0.088800483129779	123.95156654385673
0.8736792628439667	0.10576472337616384	124.23577854827563
1.8384856961047382	0.09588229789005821	125.16862874801743
0.788235302815133	0.08314970782866746	124.10200033326642
1.1382434215736237	0.07692412363231316	123.97098609142296
2.313049012575829	0.07289095830481318	124.68100564160044
1.4303882078016241	0.06541026959608656	124.03376435388762
1.0774345967601087	0.04756267743198977	0.10478518974817512	124.45845521691044	84.68301238594256
2.1766239350648595	0.08974586228905423	124.63436388494142
1.3310161066738821	0.10476868180417039	124.31172761313937
2.8335886518414535	0.1133767582631385	124.86091406336146
2.1466847555423465	0.08725269996467049	124.28123794577395
2.4366914884609012	0.07943385125708444	125.51805159952845
1.145531115031276	0.1206740298324939	124.40833981140017
0.6236141482008315	0.09511860601126258	124.09546620152643
2.0370816106295546	0.06596560954549237	124.66961008123772
1.9190255107565826	0.06458111192441707	124.53673551568275
