0.30550423771141666
0.051842042080248146
0.055269578842428606
0.0512556320793506
0.06180896255261325
0.07241905443966008
0.059256464041820535	0.017600383254869924	70.52781367915718
0.14104422913964337	0.04434952356446332	137.22337842457097
0.06765390970730602
0.05388622003351922
0.07085048844902167	0.030249629379424214	80.31679688765233
0.05237803583447842
0.09133960377182468	0.05385940839663588	142.29878350909843
0.05746516098408562
0.04146317286243883
0.05292707235059337	0.05820434293839985	87.72284507761294
0.05709566001734433
0.06321831190226752
0.06734304913287839
0.0566728424853466
0.08928759236851135
0.14351362031625178	0.04673599320891864	146.974096444271
0.05831671420034364
0.06222545934584584	0.036024498943673634	75.9541625179283
0.042481897442692304
0.04527166762021344
0.04733295120485507
0.062001964356799666
0.04990600444563476
0.053483845976438446
0.06663802879092479
0.06316072333885073
0.06551084850082003
0.06178216365294651
0.05507983375533309
0.056450562099537985	0.009278836192143926	69.52818819477511
0.06473752851863519	0.002120482845630058	70.38202795221652
0.3101022414227134	0.03796289332557165	0.01056943574203433	152.61973278755946	70.45565315960606
0.062309630649209226	0.03473506643819589	79.64732749537893
0.04831744156081175
0.0543313513839954
0.05492978079677775
0.05347645488803511
0.04791221289404051
0.06355542268072178
0.055847131140380285
0.05368841351286904
0.176537062553146	0.05169322716557388	155.25493264229075
0.05817536055027995
0.06822002700048621
0.048278452496307404
0.055395584152689366
0.061470686718024
0.05693317428407299
0.043736176655533136
0.049023468005329154
0.06540650661870281
0.055720023612560135
0.040713108937527887
0.2774628065507506	0.050313345213509705	154.80660947212607
0.6394748263514068	0.0554356158178131	155.09924567647545
0.09881060128020469	0.05486435394055544	138.6386456212108
0.04424670740741814
0.3428574740595044	0.04702629774559641	153.38102450843576
0.04276640507540659
0.05139148152677039
0.05388795546330651
0.051865155005027974
0.05029969786186325
0.06450531868710363
0.05953613843318597
0.37994055196046334	0.04538621611484989	155.9831249103671
0.04592944865068056
0.05921101626232629
0.05318662794675961
0.04333261533302543
0.061901694017094444
0.05508024349041836
0.05577676980358966
0.05723629788697016
0.06060915517192669
0.05145665999440635
0.03542279091664188
0.1951520275783009	0.04768061897992859	154.141962521979
0.049404631694403275
0.11259583486880008	0.04475830816461423	155.90741784562948
0.07373590114721808
0.05058744568101429
0.049650848526199394
0.05469981579121869
0.054981437571247495
0.04627902958103999
0.055609083377448486
0.04415507390110812
0.04902293378292884
0.051322741329775844
0.04234291605894351
0.045050819262629445
0.0445272537580654	0.04536210014978603	91.35704577720558
0.05268866419078095
0.05284341455659678
0.05877935766827633
0.05789765225075643
0.043902765707336214
0.062239477152154145
0.04055014069341191
0.10149063145495671	0.059347635113442605	150.44319260056315
0.04230528456848562
0.3244899333059935	0.049470802041042095	154.49596689652725
0.1444356195617435	0.04243136482673532	155.02284427240534
0.763653251225575	0.04638197143195542	155.41113784593668
1.816529587279995	0.04148196833741705	155.84070112549927
0.9136147760353046	0.02870182807669241	155.8044574182755
1.1520773643696163	0.04172132824895741	155.6426329093055
0.7169664331880667	0.0462070109914212	155.3867249174737
0.5182492559092085	0.05554322862259555	154.89652407641398
0.3677329578241338	0.044212706675460685	155.47241644194784
0.49176749164244044	0.03885922685823825	155.90855622188934
0.7632341011513415	0.043104348887018376	155.49803215736708
1.2751153165824345	0.0592275042807552	155.5873701685606
1.0181217895403332	0.05259865247985734	154.80609567176225
1.0318622379965372	0.03602534849318941	154.1529950115133
0.2601549465727664	0.036643960497427006	155.8754909449798
0.4613289519277338	0.04460591895180562	154.74839314316517
0.7777718138654822	0.04118704258492679	155.42433631371884
1.218716232764447	0.03945275262615315	155.92830333638406
1.8483497996836242	0.0401844816838383	155.9045973083796
1.0067727682383594	0.046592702484089504	155.33024878256498
1.497261376291854	0.05375401909456746	155.76374477735718
0.9929025419981627	0.05127687314557492	155.65283635275964
1.8032911938684397	0.049394387892115296	155.93657572517768
0.9949569541361698	0.0426255818648624	155.74345477664434
1.5305404792175459	0.04628226307108641	155.96985749452958
1.3608688273009388	0.046005480423831464	154.86650634941145
0.30245385850568374	0.039619162910676936	155.12156622953228
0.4122819476921445	0.04580341360442764	0.029504347415997986	155.60584123146808	80.22848093191347
0.5671296992467467	0.04471444668178667	155.22801462983045
0.5484587144281916	0.03605174197656872	155.88569704906024
0.6416085813228114	0.04762324728404428	155.2311278207485
0.6278158051480685	0.04756189197064402	153.83536545150605
0.6173980766630034	0.042233481654055494	152.77497215777777
0.3615514738772436	0.03934844217552425	152.5668477755587
0.5548983805649117	0.05327112787440698	154.714501759297
0.9424530571018951	0.05293468965979698	155.8155013352342
0.534437848911095	0.0457274356869056	155.5686980538484
0.5989041673562263	0.047210636351283565	155.3560452520851
1.087621954359827	0.05106527277625152	156.01605427321718
0.050033827326803046
0.9872461202194623	0.0413869011033806	154.87123741331365
0.9520298312300033	0.041505340419262286	152.94620669233234
1.0229039926331112	0.04482387884681291	154.1910396694221
0.8351393207892497	0.053408676429822395	155.31940091749198
0.9262351924705089	0.0330326078114316	153.7020544738265
2.062276307584293	0.044603368414203495	154.68959930862047
1.3725740179579635	0.03804955683370195	156.00102526083245
1.3436336181042905	0.050519033278643224	155.86618633807234
1.3144350144805226	0.04097980904608673	155.12723327469192
0.6811021890376806	0.035381102048102187	154.85752091492387
0.686240567062185	0.04055586362838945	155.2234192528068
0.4299570122639759	0.03862659665533465	153.46699113750194
1.166968614205541	0.034640320383777866	155.91967362521373
1.1859792234540385	0.05092349013272799	153.47435061549695
0.3108515076936437	0.038743383012332586	151.4500354244347
0.039815362993765514
0.04446068481385209
0.05071537072195319
0.046408479088859346
0.05132504843834238
0.05485259016329468
0.053460338995071716
0.0497008247989956
0.059667214305047345
0.06433220364820937
0.05160371668832351
0.061452724613161945
0.0581203725562093	0.053650040375357165	74.14294594362636
0.05664719381387046
0.05124969798986155
0.05944803428585623
0.04849983353560968
0.06843764623567493
0.06233075482078353
0.05371448924441552
0.0503912155302489	0.01316096908036351	72.94619839943614
0.10137786153244034	0.059412060989146635	124.248941927156
0.050852388637045165
0.047738587284541806
0.06508224270300851
0.05327315501614631
0.04073399582882779
0.05141071148203137
0.060875650430245426
0.06436194906385223
0.05489406876054177
0.05661817013211511
0.06724745022570347	0.05460692803113893	86.02394056872467
0.05310119323694571
0.049045024142643376
0.06858115147788645
0.053779559627890806
0.05903024638095602
0.0588901582460692
0.04400425639865651
0.04708396338560877
0.05704292551049688
0.043168291658399235
0.045231560339811204
0.05522233622405596
0.05464262609027078
0.05008447522162457
0.05115363505750893
0.03377523399820591
0.06578444130273509
0.04572713433074556
0.05160483552661644
0.04912364971429708
0.057025722939472334
0.062102335013800684
0.05463355499896279
0.05119131161318302
0.04869782451114406
0.0778635400095657	0.04371029114920609	132.44798381381494
0.04866370635770054
0.05055634922793087
0.07457416904880687
0.08224196082794571	0.05035034102552592	115.24489904679155
0.06004175242010668
0.04988788507172604
0.059819741065244306
0.055557292546431644
0.060644605573575275
0.06767438650034632
0.05354809704166073
0.059783473532965994
0.053689176146246055
0.06045195481957489
0.051592218530848694
0.05055606200542578
0.03842950776695783
0.042999724953504466
0.05136908958704769
0.24903527811756607	0.04773699187500491	153.84683814252188
0.15983851008495983	0.0396489564181965	153.51016831752966
0.1249138778216078	0.057803648589652167	141.54503119937894
0.05670857036906221
0.04953577697043053
0.05134280372394976
0.04288780670713433
0.03232760324948866
0.10582277959804691	0.03794108162353047	153.12417422054278
0.07855472340943227	0.060432529290223636	140.94952497647188
1.0483428554971335	0.03941669722540603	153.51038102914737
0.8312214222643944	0.05635138279738118	153.33287179365786
1.0617096063658897	0.028972507814728602	153.32702809568582
0.6594483192718742	0.05616343704368617	155.66298694046765
0.3909956456291396	0.055599420228304476	153.19120817680886
0.6682519784833053	0.03630035213690523	153.76995413459716
1.2000968991694339	0.061679654536061466	154.93300182536288
1.4314846177359	0.051557981351570185	154.18292695498482
0.7039079651056238	0.039186725582592875	154.703382683646
0.24902342816477563	0.05555529831720777	155.18661115394465
0.7152128736764983	0.04945757302859062	153.43317722781043
1.1395341453891707	0.05425461189815289	154.630589508852
0.7471394579496443	0.04731922995111154	155.41186174102475
0.36700356182958194	0.05189850701116685	155.43528955577065
0.5647318226043054	0.051823803828692935	155.6177419639418
1.1500211562801024	0.05458034378656999	155.30186700522367
0.5299632327567078	0.05821960641872681	153.82552948740758
0.913935409157725	0.05804133482160672	154.573816878814
0.5466455422711892	0.05382217848255006	155.6521829239038
0.45157303720616127	0.04313962358920438	155.09747000330378
0.05473925529049029
0.04474634771305083
0.051258840271004455
0.06817606362438403
0.05854516279396186	0.028451620448656293	84.47042762462047
0.0513938220767233
0.0489835250944702
0.053577048573286525
0.0462103947799402
0.0627259033308242	0.04659515850299056	76.0422547250401
0.06160294030702346
0.041707999410405185
0.04835224666181964
0.04021631378382952
0.0645123170111457
0.22871748753021368	0.05406236673280107	151.99302591554093
0.04598421472625879
0.09020428442934167	0.051978041243200955	146.43323498831424
0.05344553589082541
0.04894704840981423
0.05502525471873107
0.053426432925775216
0.04639324423599809
0.05136395215386016
0.04738691145085784
0.04214308138044286
0.05709739713988489
0.053806567805020016
0.05413752910076846
0.04521265481127254
0.053040474834690064
0.05024475207827616
0.051065337297668205
0.051670520749706246
0.054513444975823847
0.04848770745086124
0.16388225084348743	0.04241764538619419	150.96895311386058
0.061431271606068066
0.04857313683273095
0.07221828109411237
0.053810591068781784
0.23999289895794712	0.051106877174220695	154.55398933551857
0.05679353990100086
0.06034553101056512
0.06282104573879978
0.13930284860088255	0.03583161824060543	152.02424710776125
0.0629679731161767
0.059898217518809055
0.29257155273495	0.05797570720454886	151.66388250270768
0.048666234041218656
0.04400168602678976
0.06349866363835698
0.05408193880415964
0.04826344618875692
0.044670073565317214
0.053518524805291824	0.018962879021668717	74.17495880956133
0.047192971888746625
0.05464205894153902
0.054767798941876424
0.23154902356702212	0.04946139457875676	154.91781368286826
0.3946828029559432	0.052942511254581964	154.04725222226259
0.31633967500538107	0.052976159158924056	155.47728969653232
0.06911313171838529
0.053501130376170755
0.05400339645904512
0.07239919311866996
0.08563032196064191	0.057946971117503576	142.85168330822523
0.0659903156917117
0.049749449085731305
0.039897959620334864
0.03474644538055678
0.05003809326909046
0.058397349403056055
0.06266954593189665	0.015713920474663107	77.81346552862173
0.5543371282242902	0.053091013339780904	154.9748322793309
0.18303754695119523	0.05094649255189376	153.425243440719
0.05075287657121055
0.06324157965986968
0.04312276062137377
0.05117982336476353
0.06398221034118821
0.10893825819628632	0.06935880026738155	145.9746651489284
0.0973773166476299	0.08010708448161136	0.05621928221164683	141.3037946799919	114.79157496435552
0.055258306513522
0.05426674612066549
0.07553584310710719
0.05836535038896697
0.06413880116178072
0.049795829059429336
0.06498535482722294
0.086397935593367
0.13772589767076548	0.05948135621747146	151.08456569490062
0.37260881030557164	0.04800497314115996	152.96404501123047
1.0013728513563636	0.054501788360788166	153.33825972893135
0.37680317513038264	0.05223218767981639	155.65606349015476
1.2116123126595706	0.06264242903071718	154.44629740856604
0.38795851970399664	0.06254942979779803	153.3563827659018
0.37210901489585774	0.06814350256129394	152.87332240587378
0.5061561504087382	0.051652721775153426	154.75423511180512
0.05151660797169513
0.055917782133644456
0.05950724549694243
0.05264985593323936
0.0747570994912691
0.178656281730251	0.054343967961399016	151.92737190399663
0.060590529640000355
0.05515388368440473
0.06675635703442105
0.08861411590678617	0.05529009065688793	154.16395343897273
0.2097976374452174	0.06705990943390701	144.07230165804236
0.15318306263144113	0.05538452413662041	149.080740551887
0.04804258956381305
0.0700248777829439
0.05679624051631473
0.05970566695177624
0.1098323261563251	0.047884951141238	148.9567945220697
0.06747604391138834
0.04077655812465536
0.09164516665399504	0.07229108717155218	123.93655541819022
0.061495784170614486
0.05466020115922858
0.04802533258926649
0.05620189524474894
0.06304854470548794
0.06718762905447084
0.07044144834822871	0.04008735738929413	66.88905098896745
0.0595481126572781
0.04759335678701488
0.21445413701271848	0.05072147129464157	152.45761265727936
0.059770030111259954
0.45376319952777217	0.06253945605711725	155.86446702759673
0.05849670720990178
0.09007403383707681	0.024076469946540818	83.11866413691988
0.06290593839895574
0.06091059478116997
0.06497510295948543
0.05936670325099629
0.06533352325563212
0.06462006865986603
0.06047081291670998
0.5635457772901141	0.06652642731460717	154.41512370415614
0.44202053707918487	0.047165519067488525	154.22993956789168
0.3656477202824232	0.04790036864366342	152.94970525173704
0.7467256264181762	0.049595792739030364	154.30249765305751
0.5154458310531426	0.058541540354532254	154.17574096980604
0.06729423894810967
0.48283758294716594	0.11424517414558835	0.07755944662269643	154.50118768326652	153.05213212763675
0.07561300429943067
0.05602131917483064
0.05438303208437166
0.06096715349118598
0.05686051762940967
0.05621131337322111
0.05668752840554031
0.055946214854551896
0.058516016298424955
0.0501752598234186
0.06165878002180947
0.06061620273244928
0.06051445973496073
0.09598259046898645	0.06589476537350356	150.7441071564415
0.2997243556124786	0.05156976302759114	152.65407137694268
0.06221140375941177
0.060682622265558796
0.06575539938437072
0.05902824083576029
0.04985126114771042
0.06005772073765226
0.06856758762835458
0.06396825230162845
0.047319331780355696
0.012259157384511889	0.055338548077292535	148.2661373410414
0.05555649395439835
0.0825209307129396
0.06914026245407709
0.06799731149954277
0.08010056670718894
0.05319247497638216
0.09210891564852357	0.046686875159317916	121.38439436512552
0.05932367493406518
0.050344887249220475
0.07653423466991963
0.07388689346852792
0.06740111310126974
0.057004014018947786
0.04413975315747526
0.04544488895380715
0.07338726639840959
0.05138489204687753
0.04720194091740357
0.055895013580880566
0.06205403573282005
0.06062741839110199
0.06298019616450923
0.062337173401268424
0.06479122584614348
0.06514858366012893
0.28768768575275927	0.05124260876967357	147.46511366206656
0.852271632210686	0.0487969989125674	155.80443731069408
0.9881839948176327	0.0660342381291159	155.4051855661124
0.5661585415019338	0.051532058380924464	154.3398912231559
0.8020282399084412	0.05586266470768723	152.8971901153739
0.9690902119657449	0.05371181410522259	154.87394955770782
0.8115151564291395	0.06531158002195239	154.42923630652842
0.9784008908493379	0.03286759619027452	155.3735099741884
1.3954890067918928	0.054374315312052286	155.77740358540836
1.3370617443963768	0.041325082418612345	155.82560103550858
2.1970430630013236	0.07721353807483192	155.6565830012377
1.618730312043055	0.0541534606220262	155.82600538274428
1.3178856845687157	0.04834096032139606	155.52556885280225
0.36371784884285513	0.06040982379027812	152.41815157057258
2.6149033481754045	0.06592999365267936	155.3389251287721
2.293429738671108	0.05386661948599115	155.84177381314913
0.6930030969975662	0.0559961192479198	153.77961883721636
0.0564334382575633
0.07818489039199354
0.07814082084731917
0.32531991829313395	0.049439640747266055	151.82550777334603
0.05189891652498909
0.34564249747554254	0.055635591102636904	153.19020651485002
0.3910868030974089	0.054898248411076635	155.5378153127094
0.731487905908324	0.04957638205524181	153.27598928995695
0.9416845245813628	0.05784952860755085	155.29926280746594
0.6066926210905732	0.05592447989438462	155.820374336736
1.1308617980137519	0.049082147739849986	155.4612613625629
0.7945110081076091	0.04536334589626263	0.059943654075489676	155.01489808906996	130.55572327453788
0.7037711481101175	0.0507480019831769	155.21181159629555
1.0409632625686713	0.06115266382825063	0.029143618664429907	155.4803415148715	76.3536212800368
0.845337385574111	0.03936340395180709	155.60668971016037
1.9588553782604254	0.041555845898766236	156.01173633518522
1.1797998850640985	0.05708918936918984	156.01375567631035
0.9144911930926503	0.05548644194128192	155.27237076774543
1.4261310334209196	0.056969369734596986	154.59639722556733
1.0365834646919656	0.055013509578327215	155.47110047990859
0.4093754392869335	0.05110624863185791	154.84438508241757
0.036514125965921795
0.05232382520471648
0.03969432408402403
0.12714171016725978	0.043973704248255835	143.41145504491854
0.06136591579654893
0.09134391822565092	0.06144556914821965	117.17613606431715
0.07561622421859181	0.066017691400475	144.58661609715708
0.056874985678942024
0.05200349081485868
0.05469585583768994
0.060724907066892146
0.10355284227776002	0.057009936914965496	155.41484442000856
0.05255246491337027
0.056918389091144876	0.06433625794716033	123.52022618926897
0.05957244903364697	0.08942589894579536	73.10222404493904
0.06764063004968543
0.06514471013362133	0.017878662717244375	82.37564825328701
0.05831803286138187
0.06092579884329963
0.04106628390175363
0.050506449180061724
0.062091617505249413
0.05257732364390957
0.06067075374280049
0.052637957810954976
0.06273628737998778
0.051016947308377
0.05096967127256825
0.05950619260742442	0.04310956413763343	119.77069613832593
0.05197315292692589
0.04667661489604163
0.052371607847362556
0.055866312946522625
0.05256480391493107
0.06404050008989635
0.06706083310786652
0.06208501171944756	0.07176068821374185	0.03561764857498617	103.29490651620436	79.7318821366154
0.046344052401837435
0.05449021974322165
0.06552555734951741
0.0507334864139829
0.07684868053434686
0.046911472555813204
0.047532482208230475
0.05169445446308536
0.06161685599111722
0.047446454211257226
0.061885674823259074
0.04409961750017883
0.052603397761645715
0.039583109210258136
0.039265383680517914
0.041149873522305806
0.05191618276919798
0.0543339147966718
0.06243098544495716
0.0579349453639729	0.049215703654573326	152.48196396363167
0.04960688364109008
0.05331119311349021
0.049837888331319156
0.04607563973304128
0.041730068563565
0.06325995722641728
0.057117292769435495
0.04709249415960608
0.04043729905089977
0.06269688849638154
0.34218924670331047	0.04298789872627563	154.22728334447478
0.10606152168613221	0.04042800282576343	0.02639592553827646	150.53528991156472	70.3210193616058
0.16631543457121079	0.056138487525396324	146.65581611892807
0.055403451701185415
0.05593041227769989
0.043598539095575685
0.049518922186334045
0.062337782509380685
0.06614810724930482
0.04996747748919392
0.057284155320085565
0.13923369040946298	0.05722730703077146	153.60321704632656
0.0628512998119463
0.05231194179349028
0.06268872478788157
0.06328666651964462
0.06350359646876787
0.05220453945423299
0.05621506952257332
0.06236465864288687
0.06204247643053335
0.051087616395349734
0.05248574826588329
0.04728729633997884
0.04890709036247513
0.06612648958236923
0.048170660729321406
0.05889346245514316
0.06195691061541691
0.06686822701105381
0.06012794441163212
0.06792885469873478
0.050889363356431384
0.046398286644481194
0.055378806367160194
0.062731915830099
0.05795952820888705
0.05318740376590414
0.05251160584740658
0.06396372214799727
0.18328364621367238	0.0377566741529264	154.67473098504908
0.04413718310246812
0.04701368835818773
0.054560005757805986
0.06685825275680224
0.0634243910392562
0.05733821142779896
0.04141561442067625
0.06311284357044174
0.061106695063988734
0.04845819611784871
0.057516649523802414
0.04188506997857916
0.056153552690011994
0.07173434290446606
0.07015418240335752
0.051273842916368856
0.062423076678222875
0.05719929039364837
0.06731908876122573
0.04695692626216621
0.048218742468396754
0.0645350681934364
0.04836245332471941
0.05661227231466508
0.051620670971959826
0.05314734300633464
0.03258323911833591
0.03953955019903355	0.054636549610762024	106.90743346685295
0.04811829413690185
0.045181009014258394
0.06446785821263018
0.058632794044996425
0.04977779885090244
0.04902080177346254
0.05758273430474641
0.0676977507557005
0.054698029478376174
0.07015579186390626
0.05643825290710085
0.052307844564987244
0.059439609875460764
0.048211681495626775
0.062068637619555604
0.06405681830233455
0.04695044401023585
0.04488143329939736
0.05146776332985123
0.06467453760128172
0.049250402171445724
0.0583851548629147
0.06863058097108254
0.055805402046047864
0.34381368300452775	0.050810307171029634	154.25876866553935
0.2890651714776529	0.07157354928430443	153.554454299131
0.6815373350533102	0.05646421680665372	153.78819314182275
0.6633213223242054	0.05112194118820896	153.09294635673493
2.897066406777082	0.05377914026301964	154.57224163859263
1.028868269123632	0.06662047270717521	155.33555533337343
0.8949815068029511	0.046043652982275925	154.65181343000935
0.5447717374537494	0.047442380936509765	152.69783818728476
0.41274428023647297	0.04515482762495279	154.07769660350723
0.22368614294207778	0.06061202160549712	155.25686285945585
0.04975833351144833
0.04988494518002954
0.06175462976150759
0.06204296577621923
0.043401666812886645
0.06506235340699984
1.234899714230251	0.04030087356376454	154.06261872313448
0.9380646756529146	0.058950676617879734	155.42322282485182
1.3960613632010614	0.06045929521520764	154.81859396385954
0.6198316140761871	0.061980914512760235	154.4112713827892
0.5821676663599911	0.04221223953679254	155.11197960710064
0.9045781749529594	0.05853902497216786	155.91505364152079
0.46914372649933156	0.03891165973255581	153.85415469306622
0.49891468843380876	0.041197980107492455	155.45529308552588
0.2070127810670384	0.09899751066492844	0.03825115073102567	154.46335001872396	151.93476318623007
0.4086543295117356	0.05678132436731427	154.17302071644934
0.5001711752173158	0.05643254017068085	153.78749364330338
1.3303790085442582	0.03854158191810251	0.0431952517535537	155.87213839154225	104.22255092457935
1.0087724183851627	0.061337011681264306	155.3996424621366
0.3488926833407752	0.05579069506452817	153.1496092106048
0.4336069272966657	0.05180873965109575	155.71423697874184
0.6066647539752983	0.055600374609316404	156.02304821928726
0.3754119985751918	0.05388551912003802	152.3243267564926
0.640647091906403	0.05508457860124906	152.72437356521422
0.5125034302968967	0.045418668724097506	151.64087373845533
0.3234916128004256	0.036977913415061694	150.5205489302595
0.4459056261448501	0.03408208216290836	151.46793623140405
0.18732139172297177	0.04962706967175821	153.78684539927556
0.04703225617514049
0.0452381026049955
0.05678953204239939
0.05417020415641098
0.05227058272729428
0.3671920911770878	0.05576862325884469	154.93129773643759
0.6396281452308338	0.07983825822218917	0.02383789392380814	154.09534393359334	82.15763739196508
2.0730468519586367	0.049578267480313284	155.1635975922356
0.995466508645462	0.04855288191171514	154.6219575341907
0.6696999113297881	0.04988579452479746	152.28608922164594
0.3807412163250117	0.05323249243465333	154.84357212653845
0.47894705491692363	0.06429578092165651	154.44737919856755
0.5103601237797295	0.07553413874554571	154.9027000572788
0.7661314725158734	0.06088679588822832	155.518326384527
0.49373472836398585	0.041553954520028136	154.12135656405147
0.5477195677387177	0.06248326933818626	155.69403696781097
0.39981373139864196	0.04788212484716749	153.84458816459937
0.14669413695505482	0.051120767093140985	153.69871608099862
0.06256017214339614
0.06980218782384393
0.043975324197143124
0.06161500408680552
0.05619875847274683
0.05584603536265362
0.07166787701785284
0.06393806491621738
0.057323892791105384
0.06192679196222383
0.0520453968003379
0.07759251165913553
0.06578394824287087
0.05441804382656746
0.059676882770032226
0.1103555425498527	0.0649331525179121	151.5827767367622
0.05111032526356055
0.046608830916409376
0.04996018516342404
0.061767780298358714
0.04957827105258293
0.04457209426514827
0.058022741983772344
0.04950918454331825
0.04337698191708544
0.1096817178294931	0.0686122281674295	130.45650106611743
0.041740365956029736
0.03918168603328159	0.050323582723101015	153.99924829652124
0.056839137178494314
0.07881141517114444
0.058633177834728906
0.03932571353891146
0.04454144660252837
0.04215028313526062
0.05368598462117432
0.050622736306982434
0.051255234722495185
0.05771436271465223
0.052497566614241375
0.04733288985162277
0.05369737052004637
0.058406780610827436
0.04629359355045128	0.10916462652096492	0.029485255102317545	89.19405746594398	82.27826399102878
0.048506549089729574
0.04612006346997985
0.04726143710576224
0.05749985847495151
0.053071836411383154
0.07311971563803292	0.058535483535415	126.58795264263347
0.04609279337443905
0.05273269613628987
0.05363648110689163
0.05821187036613575
0.04770090152874926
0.05971618168658389
0.043868504717026746
0.03832761669588231
0.03770356430212062
0.05476159424072911
0.05091603003700049
0.042066712841510846
0.039066856967863155
0.05735886031981878
0.0548015123774778
0.05028020223651303
0.04125147116222945
0.03566272614029378
0.04614366587640457
0.04742463423982469
0.05308120478556577
0.05208883894778322
0.04334387940645723
0.0493693061322419
0.057437720895890915
0.04892317810386251
0.04812500651005038
0.05912966984125862
0.050996071467102104
0.0658793503836822	0.05516217330494784	80.1655399043851
0.047514681892955386
0.05350274028051199
0.046123753175785306
0.0572918653100046
0.04056708558271385
0.06040729074041783
0.04862810615882165
0.04480431207459566
0.051945025245218705
0.05695391836392552
0.04846170310332468
0.05710376566302295
0.05909052690231012
0.04046069930639279
0.05958870702410369
0.050792897132222826
0.056515137667039736
0.05860656642622353
0.05579029221340861
0.061163078136000644
0.05381385478516981
0.049737694259929126
0.04946665903213137
0.04742498931402765
0.05105673501623874
0.055724696521500666
0.04986599286671872
0.060329750071437184
0.053541116566548405
0.05197521419779206
0.06237036890390488
0.050269385039455355
0.03158667305116655
0.058590251921448844
0.04746346338516494
0.04110949884432669
0.047296683653831315
0.05686587371961206
0.0551222480132765
0.051967453561448336
0.0699732777236994
0.05152890121606848
0.043479455890695004
0.05788249564661574
0.046421972658253076
0.04817127146675682
0.041758830743926056
0.05655223053702142
0.04683607501572007
0.05873995647223073
0.0721962326855919
0.05264610640105797
0.0575523660800379
0.053530787357854076
0.06052730684545961
0.0573072253036395
0.07097197997372916
0.29333944658654576	0.049156810680801494	154.1870865711857
0.26342173895706256	0.05285460389091751	155.77200764321915
0.5437786148310255	0.058445870008276696	155.10523613180402
0.39861524645730967	0.05131596428567041	154.52455324703436
0.5906928951665821	0.05544461943262217	153.39786356817396
0.4329338517098837	0.05783297659643495	153.31045182032173
0.05623808502275866
0.06012004360728251	0.05077944530635761	72.04462293143253
0.058048374642294
0.0420076685094767
0.38243646981667795	0.04840097663084671	154.08443836822659
1.0644957505433743	0.05799094869450843	154.64104547295872
0.05027605725122489
1.3229431919708075	0.05757235208648328	153.20689411352743
0.2833492694781438	0.06444143289178093	151.7131817184169
0.40730101102143695	0.047102351639483765	152.58121723355782
0.046609655898744794
0.04791950278602422
0.05298546327448987
0.8638187828136915	0.05934920853021595	155.77314452864212
1.9354263808584058	0.06872510809528926	155.97890915459203
0.8331226044061898	0.043794810555769656	153.87085394021787
1.007547770491909	0.0469126423307106	152.4765254224746
0.3947148295270644	0.049511069603950096	154.1706690253781
0.6298604295892525	0.06333649532652214	154.6515995062505
1.05114906691662	0.04101631673111243	155.70601260770454
2.5647346187537052	0.05213689761417388	155.89513008384588
1.430299723451339	0.04900654571480131	155.6722975829676
1.2249541190859965	0.0432350030628323	154.87411747639845
0.4530978798657641	0.052003432903371595	155.79984311721404
0.4049012691054916	0.04422089783677604	153.3638708185018
0.41929231453948845	0.04813960821672086	155.2945724514149
0.247272412787276	0.03273675309856525	154.18184713758876
0.14300059906026025	0.05870587096854258	153.3240522225613
0.05622919458853724
0.044026722307098504
0.054973502616446734
0.06093673315166986
0.05044924390020635
0.054769470074340985
0.03964494633728022
0.06191258104506171
0.047042439117072316
0.05064314498174316
0.5424020997472028	0.04878743459093002	153.46910359742998
0.391382510216478	0.050248052835512855	152.3519135350175
0.4998231251238686	0.05850514763644526	155.35807168243596
2.4693881009316283	0.0420523151690392	155.99548547792435
1.323882539928655	0.05264602921951467	154.3074543323393
0.7886655617719215	0.04664848087175328	155.5417854310164
0.8603050563292384	0.04799191203838	154.35458692544125
0.9200026307792477	0.04213437314442453	155.70237838963035
0.9323808385661424	0.05550016179201383	155.91219228648205
1.59514413347094	0.05511545801452827	155.3455304577661
1.513209853425569	0.057870561049118134	155.8995339238306
1.1940337918035377	0.046551924481202586	155.6571574827848
1.3629844249299576	0.04196607354803537	155.3323429292947
1.899412751360056	0.04628677538267131	155.37274779559408
1.0971346148150933	0.041215005321773725	154.33930957872494
0.43209367817884303	0.05624687699478954	151.5326322053128
2.2557377363870583	0.048320868561197036	155.90906361046558
1.35014395656402	0.044392752594488404	155.81076937579172
1.4770524738735475	0.05674531361289235	0.046713438470852825	155.62833355675772	72.14394962934634
1.8704521699913996	0.05144311294361779	155.9653819432812
0.4895195812147709	0.04575332618652797	155.38078838293245
0.5923161212810689	0.05115451721278606	155.25101292655444
0.7626655454897106	0.04991361203161037	154.03701191266026
0.574387764734892	0.04102369717961627	151.76090714002623
1.050923724051064	0.04981989763460502	155.99686214291253
0.24716959000904123	0.048704246135223575	155.01394601923238
0.7756138229041872	0.037178711804757035	155.25375617279343
0.42811852334621	0.05178101368909238	154.44379513484998
0.5738079097983692	0.05311948145082521	153.93544561156222
1.0636963654508973	0.05711661726215493	154.02604477075576
0.5559799577542468	0.0456632865427974	153.5352609709106
0.5235486319239446	0.05193586240400124	154.76329541466012
1.7635303118715282	0.047524720734809615	155.25447510860224
1.1684493911229887	0.04164149732459444	155.0347609648065
0.8764431799367698	0.047233085400499704	154.17552630990048
1.2922634138390503	0.05237474846420993	156.0211177976786
0.322948481424075	0.06221513700680791	155.94521370725994
0.6280969921200037	0.055107537050430186	154.97669642240297
0.13755200219434954	0.05352788813495876	154.46796584709782
0.3536123812527015	0.058738887927252015	155.40607864608785
0.264072777637103	0.060888201557734375	153.38250860781386
1.0248263488338127	0.44114784845182986	0.04156434035108837	153.923788217264	150.3813957183459
0.06507752306980896	0.018311366195682795	76.48880372037104
0.05195268720339898
0.06436685882930357
0.042701178998840225
0.5337264566260487	0.05097238017616148	153.19878421258278
1.1749158855328092	0.046466580668385264	154.78801848739715
0.5400409894818765	0.05471156947673626	154.01636321671037
0.3580396205386887	0.057787409818029545	155.44414705188316
0.6455733926907857	0.05353399634462083	155.51298862160158
0.6318345041463638	0.03466038042656809	155.4287115819462
0.5338530268478927	0.05896367909297155	155.71911765316702
1.0289299168992145	0.04845677223245964	155.19536145573093
1.2049020118911637	0.0525571255302844	155.09659694189398
0.8313166092622499	0.049624278648129794	154.98260525005762
0.5250474193265183	0.05360962877378171	155.93458694199043
1.3913031251756474	0.05038298031452096	155.41077202372938
0.5680098328306162	0.6893419822534674	0.047094818941551646	155.01448145173015	153.92477013622613
0.444781428723877	0.05225572862648532	152.8160781959965
0.32869503959309837	0.05647766012564762	153.06669893502556
0.775892186755016	0.048279694900337275	155.32858252661015
0.8146617809801352	0.053431606330293195	155.99740092859517
0.7666992336970911	0.039866267394965405	155.7858466795727
0.9837064185715175	0.06183209292724605	154.75876213587074
0.8652182124931411	0.04506887166376823	155.1934582121828
1.1936941023981793	0.046868228917620255	154.09624564766864
0.8660181300211747	0.04964702196729336	155.9860843887154
0.32408340546545394	0.057939540730417294	154.0051169384516
0.4757512374848033	0.06737051409897209	153.76533853948243
0.5228124927105561	0.0586133943714807	153.698030440585
0.19364040893395584	0.05562486431450733	152.55003096463486
0.06441314582695401	0.03897795135646566	143.5834175162157
0.05609186075361599
0.06093615595934844
0.07177561015721047
0.06432726065156746
0.2713534622802984	0.04094839081722247	155.86824720077362
0.4778803121070141	0.05263522450590376	155.87329385906915
0.051810350241117374
0.06198906521830496
0.08401351641612981	0.045472861200179716	83.32969300983517
0.04062610589503496	0.027909465319508206	84.23147169591277
0.053790748110188906
0.17973351857472908	0.055850611315174846	145.69810028658836
0.045885612758562386
0.04176706194261794
0.05414246858584031
0.05603919462518211
0.057478957747405836	0.02060758780015238	77.07032797017183
0.06794615012859352
0.05697740383317133
0.05901701159009395
0.0454609204049955
0.05547303647767932
0.03975028018840643
0.0532060086486962
0.051003903376562944
