0.17612406392527347
0.033822579734379805	0.4819194527746726	66.75610951821089
0.03882613346584146	1.0583196439857558	66.70239174571823
0.03427322556621837	0.8572574827204074	66.22937082133923
0.05228025997211362	1.0524790954413896	66.35524622568835
0.046163055869635254	5.102096976765231	66.19988041186633
0.03549223333152855	8.189084013389817	66.06207825702904
0.04867266798551626	6.389350871853568	66.12936170134677
0.04447541482897541	2.5055043577661253	66.23983600585628
0.034675488904303886	2.694452848799546	66.14729622646158
0.045106678433265844	4.293163246738213	66.08917777950755
0.03723843704982109	5.74193533335985	66.10948218172379
0.03659369757200883	5.919865169645747	66.09357269327441
0.037154850896299954	2.7447054476603348	66.17147348304896
0.039045508944546115	7.173351799546802	66.1019077779093
0.039759909323484596	3.465238627565213	66.10147988009756
0.049635615797747556	2.3422805409271237	66.20952285006081
0.03120634128151317	0.047470284453712694	2.2841453732913366	78.3481423377386	66.13852371182082
0.05239171347433315	2.6373858614217953	66.22756548285096
0.03906813189706775	3.124078350993228	66.27501565495461
0.032449563603768036	2.4642119462163086	66.08549559672431
0.029564628344773528	3.923607892212015	66.08207421874381
0.03972590005602388	4.3783656726484805	66.1464823419935
0.036083409902470824	5.254475733261067	66.05616467518777
0.03719990984273264	6.224432250505727	66.06307075006275
0.03482231260802107	3.580692759960149	66.2047355827944
0.033434824563272	3.0601157171044986	66.17533984802762
0.03430162101872016	1.7983395886708693	66.16438005864475
0.025924803499866218	4.713634098291558	66.11728356648781
0.03776952277213564	7.900727109315553	66.26332261079516
0.04221916533007485	4.561799944538533	66.12623308350624
0.03561662197090396	1.9992205880855958	66.231771085013
0.025868661661012315	2.3060965588967695	66.17268586459859
0.03808089740068434	4.135962447951642	66.10072577520057
0.040226820300855406	1.461483150730291	66.28108099259528
0.041889028182178746	3.5733340006134697	66.17806818491728
0.031014728772403258	4.278766401529972	66.03608503915721
0.039416602963506756	4.807466945170302	66.06205955216736
0.042118221332658225	1.5826160699987535	66.35611302097242
0.03394839932636668	2.928815975625677	66.30789760269211
0.03119420505053468	4.306505542010497	66.16111909484978
0.02440385065781485	2.3685296181818067	66.17658004118678
0.03648704607085757	4.687498590360739	66.18688718973256
0.033675206223697775	4.2572596185518465	66.03201788922863
0.048920011978088575	3.9744809513981942	66.10823506591377
0.027254904755045953	4.180432305139503	66.04889667765448
0.031138448336722403	2.6445419391540854	66.12689997035253
0.04783986451292645	7.75694645529016	66.11072109187644
0.02624113073578357	0.057640961957572824	2.5090643010029887	75.95418567986255	66.17399565785541
0.03253676907651312	3.0137140214562876	66.11316500671946
0.04131723988544588	4.216310541745974	66.04991406599954
0.035706080253352784	4.499443350203493	66.05210506141538
0.030614087928954606	3.1627933949495817	66.10256586461311
0.03548734257893331	3.7155847882948256	66.2100224592554
0.03486705094730446	2.5443526275659165	66.20608817435428
0.024323496971224406	2.748826940655354	66.18644910506137
0.05228915939487011	2.6788554822079065	66.06338413365647
0.0292788318487511	7.076163338001976	66.11037825589342
0.03794761029910747	4.098083791813334	66.09155669095605
0.030930432342766614	2.8174551627057323	66.2185464284305
0.02772651081434059	4.384313414077769	66.12654778285483
0.024943494378664024	2.651979804149195	66.15218847953508
0.03080944940019699	4.683204250457307	66.15903153007935
0.029961204873575686	2.966396213734365	66.20135254004144
0.04175424278594755	4.853696404005442	66.32472112824695
0.036439203403525515	9.920578750518509	66.10279984656194
0.036566738198230184	4.909857519778483	66.11384063439654
0.04566545131404568	4.078649017352155	66.09087734947494
0.03298897736000797	3.3541292535507132	66.16890541287243
0.04190653967633945	5.425570264536538	66.22951358690263
0.02133465741717037	4.888288343148273	66.2278510015204
0.02879619648496278	5.847212435706349	66.08448018155941
0.03041135140840588	6.635319601952529	66.0736890633059
0.035508571060360816	2.7659179777430487	66.12368153826131
0.03310624814958779	3.146673386291669	66.27591611959704
0.036194439379836164	2.871461346378937	66.14036866865277
0.0313663526821227	2.419741242089789	66.20440344679719
0.03155345615473337	1.8637030994912342	66.20100382002258
0.027953209163089864	6.292943427232656	66.15991879633958
0.038035625599114144	6.075595729451524	66.03885759162256
0.0282677259406505	3.9187034973777224	66.0903279326961
0.03255008564626697	3.48304477439604	66.1729334339283
0.03232877730747291	3.1617560582578954	66.13591824019346
0.03678030490944044	2.9676933676286508	66.197915931143
0.034410182961042646	6.136966267865729	66.19529419170678
0.035618495829078514	2.8709312596893026	66.25597316551354
0.0547295447453609	1.627873467461852	66.04242841469237
0.04241823353612429	2.2584002259439	66.22622639303619
0.03130784596603312	3.9119972028887817	66.22912584920536
0.021490908719182765	4.530656751586854	66.1803651105047
0.03351597208057779	3.855952750965168	66.11727389928592
0.029110951157900494	7.570131245989215	66.11199489093408
0.03159840115536208	2.6681784021877513	66.13507023911481
0.042152325584973685	6.360442602101476	66.10627552714034
0.050411989871116156	2.459335596960384	66.16606764838681
0.027550269687779745	4.217537511179287	66.06936131856166
0.04001354628137825	2.039068093200998	66.12717816742698
0.03802059495615777	2.4419553345692893	66.23851913737822
0.036321994525407277	2.59804549126984	66.1728936434793
0.03894496708295996	5.264961033300028	66.10119543387695
0.026972406779901505	4.180607260125937	66.15049331591071
0.03867009692727895	1.7596047745021635	66.15437194940802
0.030287827628026988	4.94063764624045	66.05768209278398
0.03080578683643662	1.8737702758548982	66.28526086697204
0.029941365981188003	3.954256908503022	66.11606777232899
0.02908674199631168	5.203574836217496	66.09571889996364
0.02112032361879705	4.90617447501385	66.21258922889608
0.03127578840856134	3.57045846861923	66.15758062595917
0.03142094442567786	3.6917028990566005	66.1029481343764
0.02911571441101159	2.9948916013520672	66.31824824084731
0.02474017498215299	1.5612179020433823	66.25805337592337
0.03355175354171419	3.7650133476632166	66.09586577960273
0.027413307569022223	2.8652159772329373	66.15957879541921
0.029426431574692075	1.3617705173770633	66.23364042577099
0.03202761150690532	5.319367649498053	66.13359018801621
0.02276353585439483	2.3073935188503345	66.22624388839502
0.03618861385627418	6.237769396523448	66.14833638844999
0.02045398841893292	7.407447038959613	66.11185191787999
0.03098514607788222	3.546331958541168	66.22128649918045
0.032297986402506605	4.358756877902259	66.09291186212226
0.02607987562243557	4.3952755136060855	66.07483310264023
0.03628031476526738	4.858647923084486	66.08330988486637
0.024098835277430543	5.8464925752021415	66.07005932495112
0.024553721123770838	4.725063171723958	66.09532781636466
0.02398302913181843	9.30820280854411	66.09303054386508
0.030974257739633828	4.7633772001219645	66.1597029304773
0.03513645024065566	3.585008603801743	66.09760314658668
0.0247888569730072	2.2178434496879182	66.27670180608425
0.0334233529743205	2.011236570825517	66.1660951028876
0.020718935085537935	2.7938300871197055	66.17444322583465
0.027720824090228902	3.1914960317462375	66.13029631802956
0.030508893683545882	4.699442741372182	66.08697741865902
0.031028256192293754	3.401579999667662	66.05108832040749
0.03135540683598844	3.2050189219967447	66.0926572778427
0.028475969289655626	5.154490629357827	66.14729216516064
0.02849800968105794	5.687934487072941	66.146707659681
0.036630447341385014	3.0901711145126884	66.23969182404385
0.03298072930091536	3.819048058504886	66.12392060760845
0.0344019842137763	2.2825907229743665	66.04129724119682
0.03555041536907045	2.1668447642375366	66.3846368171472
0.03605295082700129	1.9937357995865466	66.23463421469293
0.030103123921330816	4.7894976432698675	66.22588652089107
0.029510539972681972	2.892048433056024	66.17893726240789
0.0324897233227939	2.0819971036150826	66.21719945060615
0.02957710240287487	3.442452353119739	66.10425369417106
0.04161959006806991	5.16386331899168	66.03497179018588
0.02385465090979742	4.04145253605677	66.14963219805381
0.029970535636698083	5.895714137026667	66.1205949961201
0.035330338292508034	2.502519055547281	66.23041385088973
0.03769562362712878	1.4878000441017905	66.31656783887847
0.02825686064911077	2.8599442204406005	66.19779201983843
0.024118813389596577	5.446154803392743	66.13976421322717
0.03356912946361799	4.681794827044355	66.12757700914891
0.025188216648987533	4.471881619030953	66.17376991075139
0.028409823184647503	2.0555322378608656	66.17514478356634
0.040034559611678934	4.574065711726081	66.18731405833883
0.028216497507598283	5.542509979794685	66.10675476182462
0.02881739828129634	5.029520006833845	66.15267259479684
0.029139205222262987	2.692196966347846	66.22030912401098
0.03282842655103558	3.793820541462476	66.16431402444785
0.029957626299950108	3.710195101830665	66.07256989169643
0.044384262916108176	3.7172025066842616	66.1642503757665
0.02901818784743676	5.593933977232452	66.20297202508945
0.03288815133429375	4.6160267272203575	66.1975310298428
0.02898190170784002	1.9806013957022177	66.22887595730354
0.031060583709430514	2.794154944934721	66.15781070460801
0.032112926318403325	7.023206249254657	66.05769840471483
0.03307044667398852	4.588488577475365	66.0530625719903
0.022503016574272464	4.575899772668685	66.05324722359519
0.025663049337656816	5.0517244807194235	66.07554429450703
0.023199479872692257	1.7636585636580402	66.21223108633372
0.035833547857323206	3.5980755042757524	66.2010258241244
0.026471307135254377	5.241258876361191	66.08580275942369
0.034295402231711215	2.796137817438766	66.15973654914463
0.023943157849589784	2.9955017264831443	66.32090137482314
0.025441424092453195	4.8302038215351635	66.08875378852166
0.020857351864905737	4.642094142818342	66.09948629468431
0.035266515986003326	5.315706766257018	66.08829057113367
0.026071967159433534	3.7362570094575807	66.1381453010028
0.02980945658312062	2.2181091664837083	66.11624503698356
0.027915897936003093	3.0755819578916044	66.12440617609978
0.03886595161578688	3.1026518426649528	66.15763109635701
0.04040646840140908	3.6868562079860343	66.26542789341333
0.037728962548778125	2.196973432841355	66.11383055776521
0.03365780791072939	2.6815811133372978	66.16440897212098
0.032766816151613636	3.1230935914295084	66.06890092264173
0.02425415968484206	3.1419149521974603	66.06445275962515
0.03014945157340896	2.643242564597228	66.25226412909375
0.024927057584686652	4.022802108799675	66.2147414996597
0.03556248288916869	4.914160345382866	66.1820448230902
0.02561736203277262	5.779844738607069	66.07215454268444
0.03962695507393432	4.0453077293767485	66.15153417860705
0.042246147971782805	2.409043729437436	66.29207746994406
0.039305119271479984	5.061699058214846	66.13209075858813
0.04062747201690925	4.886781842801693	66.17419329853286
0.04471423375815452	6.6444973973095625	66.03545762546439
0.035731312636508625	5.041188892606775	66.14222483660602
0.03572645348260467	3.7094971039105995	66.21486830167804
0.04571185994363678	4.01213906083629	66.20415817575356
0.04202657047605387	3.250309635483222	66.12374725947029
0.03427888547717495	2.183067770944315	66.36818760002883
0.03838923863394257	4.624415145798171	66.06840559487175
0.048934578910153965	11.225136032323345	66.05061695739332
0.03349776486869372	3.5181830519755786	66.1156976376139
0.03489797594312222	3.9269977285452384	66.05949241885725
0.03883453318889126	2.593874238168802	66.11023342052833
0.057506153723149635	5.0051942923782455	66.1503544802458
0.030609459648895873	3.0072200868373544	66.17192834975836
0.04154253324929961	7.813251110045695	66.03466180832714
0.0391499068592351	6.642726151763969	66.05464452894196
0.04411963423458274	3.4312376093519035	66.09230648201368
0.03599569089119819	4.7174447691860255	66.0786517813807
0.034045445292960747	5.719373359567653	66.05310526159593
0.03436695402099827	2.997884545454126	66.09393168187607
0.04194176152275126	3.6887110319777094	66.36176978766497
0.036073665453893934	3.64560163587629	66.21598471355901
0.03347705596865782	4.050562072509799	66.15953506387822
0.03787531395370535	4.475001423509062	66.08248987495014
0.031013593039276317	10.361151421565166	66.03804611179001
0.037234786343051225	3.567780301354936	66.09310914620065
0.029906793046441265	2.670279227569326	66.15422170154801
0.03168046570988482	2.5295033117234733	66.25470462567993
0.036519131834145846	2.6743672276547503	66.07934412119496
0.030095599193801833	5.368143521023723	66.11797437339982
0.03867898265964707	7.974294044530073	66.12078721000795
0.03509647700655141	2.322365065862139	66.11710899444417
0.04965764121294323	4.7095569659011725	66.06300411689399
0.02982468971069615	7.085513504737797	66.07088235211239
0.03553230662343357	2.3413661809108812	66.34871579169122
0.03660442583817376	3.036318432820347	66.42885884544917
0.04146915621481277	1.4535574202535169	66.07792809296835
0.0396968688685716	1.8751876754381285	66.22438875690995
0.029650668586092187	4.28688577082667	66.17068136109454
0.02930043291565066	4.128489264341179	66.16280073062127
0.02506798766668516	2.3638088612806065	66.22249800332807
0.03454592547618274	4.472048021269101	66.22911883781595
0.03402207816958001	3.9047143663844066	66.21203354909105
0.026709256518298904	2.546832949602815	66.41229061495264
0.030775488275505233	3.02494881075927	66.15049214129584
0.032621531593467465	4.036294446814097	66.10543465825032
0.026770403334935848	2.4329571391572844	66.33619277329004
0.026105861004829423	4.037712239776491	66.1101990142527
0.02186444018277027	0.03792186843543005	4.157005407860018	152.99559826207476	66.17370118034115
0.0316532851675731	4.183070131978341	66.14025552756392
0.022401386378029475	4.4336390746028504	66.09729673775557
0.027501926532359725	2.3518976083641636	66.06102659639619
0.03783248885627938	1.959438364617831	66.07325484930979
0.03850478845318211	4.259165133794675	66.12479938558799
0.03813016823160862	1.5063483059623402	66.44760146336344
0.026706803508536086	7.3633924171212835	66.1789585673061
0.03675787508422946	9.874256232955087	66.12715264233216
0.034873728988059016	2.789840151232314	66.07310651274524
0.03888970436125987	4.586628292552244	66.21295525652368
0.028325131785200824	8.69864052609975	66.15624119542171
0.02691915523279508	5.697581820010835	66.11428548643137
0.026305373416229367	2.4196365690060135	66.18108905517107
0.04067700060088879	3.426389505096352	66.18723498691634
0.044554138711889395	5.64285947745688	66.14158693241605
0.040572273160574296	6.98294883799478	66.10362759442258
0.032618625585299904	7.073849976179549	66.14209863761425
0.042757923600844974	4.611397760421204	66.13152548280519
0.033321700727429064	3.140179415986331	66.20169414797276
0.032127516749376944	4.194739057903732	66.15246474107231
0.030881064419354225	2.1410674771561435	66.26884817585292
0.034147229793807674	6.808437523453207	66.08960713585128
0.032505618865073506	2.3691181300245385	66.31175127180126
0.026895382152178557	3.5881288246727228	66.25609196763413
0.04094781694720798	1.6524968481838092	66.17245374800707
0.0329153458646256	4.570539183923372	66.21350404721252
0.05108435347239979	7.134297678193433	66.13531997289559
0.039658850890175346	5.950196551992338	66.08911095679352
0.027199385046653552	6.229469012823919	66.13385780360221
0.04676843507294539	4.362713292045725	66.07747262252211
0.0369686624396964	4.190901473448908	66.07109228419047
0.03979653343327479	6.797149486120137	66.09701688047333
0.04057391208333045	4.2521513775570305	66.14327069349791
0.051662787750325095	5.238092366056164	66.13146356974393
0.04009034718832425	2.3456403095824236	66.28240203114578
0.02237087724123251	0.03082153688569852	1.881807368938756	101.5894933954409	66.44335537207306
0.035638582261609035	3.2159068088498195	66.2083817019803
0.04516301858786017	2.6444516874589135	66.0935010223757
0.04069404148740632	4.259875630015768	66.11962181447373
0.04261883422822387	6.530090216955009	66.08955582966357
0.027803122842496957	0.041464453279520676	3.500433756584246	82.58749270222133	66.03956623658155
0.0313765429566977	2.8417641490738275	66.2116007265401
0.044328923213104915	4.1771261610307	66.08190196903516
0.0343581453842805	5.366200126112845	66.07863701783656
0.033999472749741744	3.5712102382011026	66.13620961249721
0.03847560048271311	1.825433030115107	66.28419151919569
0.04507878098725419	4.400701325232529	66.07950674187494
0.04187711001774104	3.5786941047349563	66.2769135551231
0.04605783139526921	3.4464378243311513	66.2026393429937
0.030451953093019218	2.58191223668084	66.19389949000222
0.022170737412878668	2.4848757563805832	66.2094640357514
0.03753477755120554	5.900872366666254	66.07420929450396
0.04243177749406194	4.201092276174865	66.11581254755474
0.03137995430941497	5.2749913950464835	66.1023069045145
0.04997661295156238	3.3282731385667916	66.15347329656578
0.038230850535175144	6.752679039046088	66.06803127673089
0.04574848783389732	4.872745710880647	66.09226268325119
0.03557344803257567	3.569443855779344	66.20814841419478
0.0398311841920035	4.302497498353563	66.21677205289278
0.0346915877309434	2.0299823113902824	66.32284262620466
0.04518696467628906	2.5166723435442875	66.1393617386264
0.024099281600231223	6.140609731671015	66.18654093628676
0.03434337557815244	1.5798797226373997	66.13174809510431
0.03351177589228703	1.7515954873354163	66.50619745091122
0.02016547511529777	1.801322232052831	66.20438010527491
0.024423232932769146	3.960502733749032	66.25099980240834
0.03306723891733477	4.464271172148471	66.27026060997127
0.027031331267934465	5.8918563554773895	66.09102966969988
0.02959156165483424	6.150834275861379	66.134555824526
0.024832023579559194	4.254726565892281	66.19730171375802
0.04395001730509645	1.8280704581307818	66.15214439446872
0.03204887327030299	3.256853249880825	66.19762874512858
0.032786689811255265	1.7301585474254002	66.3784181164209
0.035125060968875695	5.832522027328688	66.12149902550168
0.03342321465821514	5.652545587216236	66.14676814046591
0.028785870801862217	2.3097462210442554	66.09024470934119
0.0341282005879463	6.436880400368262	66.1278718061112
0.038230768644761354	3.875848910482455	66.29365872958911
0.04350271482465448	2.561771234852668	66.23934759266578
0.03486005402774043	3.3563202063448196	66.0966818191317
0.03750882719102345	3.0435515013034706	66.19909628808531
0.04187891346292132	3.524611930277933	66.23656711692477
0.028482083459180022	4.435197029517552	66.17461222857479
0.03392977102007704	5.398977019433877	66.16976729680268
0.03317326781756088	3.8704064137490177	66.08808500495952
0.03268199167911059	4.921735946436639	66.1650174873252
0.028640851970165644	3.764215122519964	66.06163859296963
0.035265904666153244	6.0262422824226896	66.05348410466826
0.045768202504206434	5.275428226003975	66.05799995487271
0.03796595431336879	5.156476730833297	66.13359426653635
0.03235468459377587	4.762088955138497	66.11821368555475
0.031707803202081504	4.795161523586911	66.21528907988535
0.031633836794792716	3.8389064827630297	66.11667600025028
0.02239100925263535	3.7376922218888704	66.25318751450804
0.046430802507000886	3.532247908544019	66.03404705975575
0.03129807744874596	9.926585898526401	66.05755498508834
0.03300619828795808	5.349162141667506	66.13480105956194
0.03998949842493258	1.8684629595860447	66.213925604721
0.030955279594533196	3.033621700039034	66.34248175594198
0.03140196682615209	6.592686411577553	66.14795899465774
0.05242306690054532	3.6550650997268592	66.15569565190229
0.030175105511649154	4.1380594834367415	66.05230804449639
0.0272052054623281	5.408074162792064	66.17293650470867
0.02704347345855679	0.045086393784142684	7.349649130321095	76.95805708136615	66.10541115878311
0.03496369093712678	4.7884345226554315	66.09423336793627
0.03297161920799488	3.3999119818403543	66.08826461874376
0.03350434906950266	5.213066538984104	66.09726550445929
0.02709633169404832	4.348250956478061	66.2319864508926
0.029435329204832255	2.913338341885343	66.11914833076386
0.024087823388580405	3.9335851713953547	66.12298060019498
0.03578294385542012	5.048515409975433	66.15554821535144
0.04371374209155435	6.125759489280172	66.21383549035555
0.01982089449077592	0.03367129761992331	3.5942435461381432	129.4352614873563	66.1461617590443
0.05434368719806899	3.3365693369660154	66.15831514306906
0.027402545121406524	2.610289796974323	66.23657907916291
0.028213430208491482	3.275223988200761	66.31841473131523
0.03494757697382346	3.748154524754309	66.04464306832669
0.04213227179199598	0.05717557853986495	3.7911819434113596	74.60480055469263	66.19646455820879
0.029193571216964347	3.5773644057414518	66.09370402574253
0.046505750168100726	4.00854120255442	66.15785105199842
0.03929475087053755	0.03884526389389323	5.001039467718421	110.19384294260371	66.0891882620978
0.056070384298834965	2.5834436301834507	66.3672354522953
0.04604783261393165	3.4293330985927244	66.17547000028783
0.04328984492009294	4.152375614475129	66.1476154856136
0.030851606917460674	5.3069985099497785	66.13295722165014
0.034398082588749934	4.735054089475374	66.18416225331211
0.03235685400255427	7.9695862798970225	66.05253067584859
0.03964757002395957	2.8906240459955557	66.18477566854726
0.03516652401703147	3.466459217986708	66.12828618644033
0.038657092632831354	5.2284582821746834	66.08516400582437
0.032148876761312555	5.589948021385094	66.05586226937896
0.03652906100400373	4.071353567254818	66.1262699123584
0.033872210253787595	4.2207972162048355	66.23444152824217
0.038078773641750684	2.8217975786766916	66.30668610971384
0.04077794339376401	6.150857290466114	66.08777812450849
0.038452413577474594	5.107109722001032	66.09717884434704
0.03842758503521889	3.3070638705021733	66.1657567547186
0.04303259315391557	5.214688951075373	66.16859411096198
0.049761348076962815	2.7678465322901675	66.100079608315
0.0441543760443859	2.18619625359996	66.29396671703701
0.04411906475049424	2.186295345144212	66.30999373657424
0.03975165129961109	2.95801086222312	66.11671163938517
0.04312305161856778	2.83176683583984	66.2408791539627
0.01885809998375322	0.07192104193459795	0.02641150922926115	3.0416852189947456	145.02985235371216	117.07319354374964	66.14909534043711
0.04518465663175904	2.6528718132649063	66.11358714556498
0.05011842938485966	5.94443076657983	66.13996077419385
0.047404940655840416	4.258560497256564	66.09392035552136
0.046017504509558146	5.772956332425663	66.21877988925081
0.036537256715757936	3.0581757969244845	66.23914530462915
0.037167328162075366	3.301200432542162	66.21262085462824
0.04045217713540063	6.021784635201959	66.09416653631502
0.03224243996422652	2.9038001524882904	66.10253450391936
0.03216681812909477	5.882585349955776	66.04076173505167
0.03981004389464747	3.115218655818743	66.17828488841019
0.032846488200744754	3.2977675861832028	66.13738445189276
0.03718939972075174	4.1018353443725895	66.1432633987093
0.0440948548552356	3.8439430759664486	66.16724719874945
0.04206508347575291	4.256682194809088	66.12476955815798
0.03167058324076481	4.36835982946301	66.15125232272453
0.029387870771156104	4.345129328171885	66.13424230854511
0.03084988080898702	6.529641970021982	66.08427710444857
0.04077156738331054	4.724447803093175	66.06029056008342
0.032290261299174776	5.092568295150945	66.15902202051524
0.048304610314108314	4.7107731041444305	66.22366814197768
0.051662133213962604	2.252548870652956	66.19175534595858
0.049539471081207986	3.9155325637370653	66.0793289901031
0.04375201209008183	1.6690410123845596	66.19991588793152
0.042925339354844605	2.941950302016896	66.26339254490424
0.04149767212746863	6.637611867090546	66.11590254449632
0.038457332687526734	6.175550899498696	66.1335455432135
0.035781951330626616	5.947405324103817	66.10351555390109
0.03875278646404245	4.067370295305744	66.18400489764397
0.03567181269310091	2.1156709624953414	66.13828984479167
0.04057482548991739	3.7308249048328443	66.19120415345834
0.037509954060375605	7.896455327052887	66.13467676549575
0.045613064041635426	5.9042789782339735	66.11520029004235
0.05386479738021139	3.5924840846749935	66.13344614789696
0.05818472593218454	3.1021691309485178	66.33968318843884
0.051211008538665025	3.5279226849906267	66.0537718328926
0.033424059994546076	2.6405409324262865	66.3662835660731
0.05423831677609076	2.524566116801267	66.21577624752437
0.029377250711586287	3.5533666372403743	66.15327144778652
0.038651624625680364	2.6308067536414983	66.08945344181554
0.0313996771072174	6.949611911357838	66.10976989205561
0.04480600935417402	8.625410842512736	66.12670019116557
0.03832735755271416	2.837057512044875	66.24122154247767
0.03322708130219255	0.0927989330149495	2.8637818144614493	72.72558972481667	66.11848160703198
0.04195877503779644	4.07648231370123	66.09228907443013
0.041950868732457125	5.646068046760184	66.0952441901197
0.00799269614523089	0.03530291430940418	5.434613002829012	140.9619830040871	66.04738108660122
0.05429027703659695	5.349264423751956	66.06303659995635
0.03892431969429432	4.059754964374362	66.0403094632793
0.03430924596080164	5.628960235016255	66.11025573475499
0.04425361692915279	3.4929882860811667	66.12507522543902
0.04754862407182892	2.178067308165787	66.16509303165734
0.037260403360644456	3.043355837115776	66.3305435166368
0.047309027413594516	2.8697968553650863	66.22867480363828
0.05531817031310111	6.6500853906018715	66.09144605714968
0.03335287794983454	4.353062686581302	66.07390376962408
0.051778073305360856	3.997107594289428	66.18892909956067
0.04677874006490282	4.897158271158498	66.12102968274193
0.029927036120875397	4.393486254978486	66.09743735946802
0.02866494246741319	2.5220210971175496	66.07898181010162
0.035838673722231346	5.554569445314468	66.14118017024771
0.04109413545046852	2.831777280880934	66.06904556031658
0.052223384626267626	3.682289938684433	66.12557901881523
0.03258754546604784	1.9504226321729812	66.36310001945593
0.036530711165477577	4.764123263715356	66.11502884325314
0.030959225779328886	2.6410009446993636	66.17535271946741
0.0703210189405932	4.013394622145354	66.24007522026638
0.03936113659202422	2.917708367137089	66.10597548089459
0.04296364414137034	4.4673546985760995	66.32006833410776
0.05089869480724745	5.108717623961513	66.13600421318745
0.03677208550586035	4.884130661444097	66.30624440544373
0.036172037760659734	3.0623959558876646	66.32596824146756
0.044771239259806195	3.0942171407504313	66.09794648274197
0.04215133021056096	3.691790266621399	66.08738265084216
0.046639764975154686	3.2640802708372494	66.09227723230971
0.05088094613684934	5.116490175123169	66.08301681799144
0.04704740131848362	5.0404379373009816	66.16130144560775
0.042732660043076826	2.5356521290221345	66.13635944344814
0.049973980139485154	3.0745004699124	66.09232540282605
0.04317052152910358	2.7514508591590703	66.14921992191195
0.03775063556292888	3.4792312550734836	66.12240699321987
0.05126358665389671	0.04550314372410718	3.309301903544282	131.56319194070022	66.10372897502137
0.053845567247305486	4.033043665650148	66.09347565817863
0.042266307104518654	3.1878223601947	66.10227610969994
0.03506650115647955	1.7070239423037175	66.33440785185233
0.03936386045808438	4.494200420981215	66.10969083075007
0.05096384172493331	2.906530031302476	66.22920161509764
0.05147463229355919	4.1579762012780925	66.1207799907798
0.042552096888395785	4.692551329868156	66.18261939215432
0.032373230346464374	0.11633193245765817	7.103261666643979	72.84230988628396	66.08022002027981
0.04418938813610336	0.04142503766928789	4.016097765655293	143.58212744449463	66.0799870520596
0.04050249670369216	4.344359716037713	66.13291169863385
0.04144718209410923	4.77143517618983	66.04752787393588
0.04614149470604352	3.021493978095769	66.15497638927192
0.03877279191514403	7.046196437758966	66.20469206118717
0.03567670981498188	5.083540387574765	66.11343941042087
0.04367056844744859	5.280908218798462	66.09572428086919
0.02829174162656644	4.377426904774611	66.11168715479008
0.04612917072370761	8.230406416018434	66.14977698479936
0.04818462125139581	5.5178748449515105	66.21458813623669
0.039319971445375405	3.3159567669680907	66.08382356106732
0.03552744218570288	6.138865626281754	66.09351641933728
0.03864393459089189	3.620911227391422	66.06671624280048
0.05152728022730527	3.2430315834093624	66.384332749911
0.03499535398518963	2.2650224980663385	66.19659009231974
0.03797360815080739	0.7671867253667483	66.58207511232018
0.040426858774720985	1.2336579162944985	66.10684683488266
0.03716159351759713	2.3180333338480477	66.40920247243675
0.04687911053624979	3.3143932081839353	66.13468607282411
0.04392892234824668	3.924919484998662	66.1533335515354
0.0306313811052122	3.7373158240722093	66.09033104268653
0.04522372423843957	5.531825468305305	66.06433959013935
0.03738959094598856	4.270295251670156	66.06099621682624
0.03027711382974674	4.245556193878009	66.18834371612027
0.04013944219427379	5.667856845016949	66.06332733058265
0.03698174537284506	4.292140913894726	66.06187876835153
0.03563208599787729	2.049264106003319	66.21816390938578
0.038493297930540266	3.0926014695929935	66.23185945364656
0.03486713753496094	2.9918900599674068	66.08034637256621
0.0392088005255565	3.7425302251614787	66.16161716223247
0.024657510617414065	1.4590712145939955	66.35589020151961
0.03095453075575166	3.321657426693279	66.27426396973235
0.041174932660013874	3.4229318673429385	66.06843232542958
0.03753473391776868	4.6271572021167975	66.25012102628216
0.03588415093534474	4.6774089149214015	66.092872416088
0.049118982055214304	3.115611327263082	66.2525457969596
0.04146915919502756	5.042486665718987	66.12181055044255
0.037753321157423074	3.198624272283318	66.34219000761846
0.02883273480521348	4.232159242479397	66.19324895147079
0.03424415485767897	1.2200810528333166	66.36032076853986
0.031179156011270356	2.6898006736603097	66.1289219249246
0.032705222651496356	4.945437582774441	66.08257535602586
0.03700386866299971	2.7475143542428544	66.17719173323292
0.03797240926187215	6.341312787549784	66.08649603010294
0.043923129979895066	9.16884751011199	66.09665702565951
0.038748241265614734	3.8242535610520987	66.14156142042053
0.03604485411907857	2.7140309025754963	66.28918933428412
0.041183120296655364	2.065211368570616	66.2983583354982
0.029869061464405322	3.2058307751233395	66.0532011384572
0.031384677786688235	2.6305677292804623	66.03581678105509
0.015118294268190422	0.03828525574929397	3.429523293151293	129.98314141901707	66.31819240862497
0.041124952077135415	3.149103641288495	66.1942639347124
0.02893149063561697	2.4747255880857546	66.18857083140291
0.04341708385223052	4.809856999217582	66.22096495904957
0.022101932654689526	3.7897955863786486	66.18432918309709
0.029752332910830664	6.498206967198407	66.06216274243573
0.02226464927948963	3.4338830652910115	66.24431665705963
0.042684635003279486	2.7896066629552387	66.12967576958009
0.0486434280643591	5.4349722231442925	66.12074942398286
0.047352212549435196	3.0698052911204035	66.16483229795148
0.04203868178937074	6.045332339003117	66.19451739179979
0.03556714574874674	2.896553572593597	66.194589302008
0.031747983233237034	0.03794357295904555	5.9844264676010335	115.6156803256872	66.10625567393052
0.04875094908423132	4.350997292952124	66.10816236966394
0.03716943362943898	1.4272749276720853	66.27803229251792
0.036709913735531625	4.59222523405913	66.09766053765505
0.051123408185508284	4.143874676113211	66.08991497025984
0.02974871697655835	3.9491867137571397	66.04503164497835
0.0424724251474532	4.411787932548979	66.09548884619399
0.0337840517958625	6.7194628229240205	66.07845835975053
0.03954545040573044	0.025733232027625057	4.624590076412449	95.51855869488226	66.08964262952684
0.031162880827997504	2.1137590108338835	66.21598129971768
0.039670135034881815	3.5025585192475237	66.15773164434002
0.03318643458462098	1.7106825607911722	66.20098810946523
0.02615130639478711	3.9643948133410962	66.12892320131363
0.03282309430380958	5.8892996505655	66.18809365200913
0.030293729697555397	6.8379575417134895	66.1422052500261
0.04839779945678359	4.715668510032992	66.1447476752499
0.025856484931391917	5.651834823374554	66.17033414427068
0.01973261075920989	2.678598777909466	66.2874218864853
0.035960606221028854	4.774459354393542	66.23709510441618
0.03099737164771484	2.8644959901158646	66.23294840778121
0.04148656814970271	3.175563624916274	66.33158882480534
0.035674810560826165	4.862258075708152	66.09774625932836
0.02900301429177658	0.02519654059891672	5.935609513903588	96.08212578324789	66.21407822774822
0.03372719452325981	3.386583687518525	66.11830107663684
0.029219691662540154	3.8887068944732546	66.14543332942225
0.025674389682464552	6.563374747671181	66.08684754579116
0.04071938300190446	4.013484286121105	66.15243258390169
0.09056931506478634	0.031641918551523235	1.225909387253251	150.18137944030067	66.47445269200342
0.03366387763940284	4.837950763813073	66.2860401809784
0.021927314077600287	3.097851289834968	66.43488361164943
0.020803274197278142	4.119802173501587	66.17816891555356
0.032817633587283825	2.560867334654038	66.2560668791515
0.033731901104870655	5.035391826040591	66.07791432635793
0.03650680816261397	4.161337557266332	66.22909152041811
0.03847549183081263	2.9776610617146977	66.11968752080232
0.03153477650247751	2.9652114711093365	66.16634193599629
0.07830910143187686	0.05971453170284095	2.1490487124481437	154.04283366577266	66.36441856890382
0.02971368168823287	4.193257765269603	66.10481716399173
0.03704226315835324	0.10379829467588039	4.2348222911743365	71.54064743326362	66.12817496439837
0.034525800314485613	6.335189455560083	66.03679490262414
0.03544274019664796	4.04386414510635	66.06742119393404
0.035109543224489996	2.3157502472945586	66.28010650139584
0.041835195546845935	3.917836765592679	66.30245371211316
0.03384691888434084	1.6175945497760598	66.28927363701881
0.035649356737270155	3.500139897869532	66.12789115044293
0.0335626974378768	4.005552523466304	66.05315708313455
0.03130044819550832	5.4226851579742865	66.13228633006764
0.04450010334587426	4.7971497857842085	66.04992757546347
0.03746652612886009	5.498147761097862	66.05787582230708
0.04876769778257061	5.970028871117165	66.08282063033899
0.04452199525321503	3.7609917970693676	66.10903180395464
0.040708695741222385	3.390380112331889	66.12041476113741
0.036814325685923056	4.309130015480279	66.1399515061888
0.044474189493839994	5.772529651341177	66.24453664236354
0.030854577665167564	3.020310242023459	66.29818338094312
0.03775492643264679	2.511961522715107	66.07755414227013
0.03470612921069468	4.983971313228095	66.11788351517919
0.03949771366313728	2.166639725189155	66.09528474028039
0.02646026791081422	4.2650073677280895	66.21189195956558
0.03620997725180737	2.893227532863978	66.22804210358571
0.026543315866680395	6.623312756218704	66.17248367910918
0.05791258411874038	3.6571132321562434	66.10582629233141
0.02419458847589899	5.265900676922452	66.14034282270975
0.009432138278539372	0.03575005756117951	6.407243594330983	141.9019122378493	66.103567297596
0.038246379250606366	5.132227024737265	66.07134131701625
0.03605194055522566	0.033915755600599694	4.323415842782415	138.66200937472607	66.13073910373002
0.037972816364874096	3.095825860414133	66.12985187846547
0.04950051416315299	4.5806855334445835	66.06934272133662
0.04013222232436908	3.223841360023093	66.25963886368555
0.05162719144709981	0.04987621905218565	3.123769318459129	122.00649289451874	66.1517847836188
0.029343752967124253	5.9841654546504595	66.1202974822587
0.03690844806257312	5.034352520016063	66.11529015818239
0.0354534943532901	4.936016609863705	66.16066701839841
0.021325115088067222	6.334231520778947	66.0701572715718
0.03402196967064929	3.3015187660343153	66.11708511533759
0.03436196238629564	4.3701124669417775	66.04737978867782
0.034238669240228274	3.6145362673514545	66.05015565187867
0.0410711553703505	6.296333955054174	66.03746988203032
0.049047432014960174	4.8718030965731725	66.14048901554264
0.03844377384052747	4.75193830757724	66.26908703638708
0.04603881784709858	2.163685560311687	66.19839285622987
0.03725188045320567	2.4853201482825114	66.24776726424146
0.04404763245309789	4.540301776419848	66.18613316270401
0.029783147921957687	5.823889605712773	66.20894795024086
0.031132905836671405	1.4810636064308398	66.14891517164102
0.03645609559755067	5.1487437796651205	66.0851689893457
0.04614167129130729	4.061771900926283	66.16009331689733
0.039391417349165986	4.476448796882675	66.14334901313235
0.021694334599822205	0.0857876829893665	3.6265929562251347	77.85827948082203	66.15837750831905
0.03542211279389171	6.430451996073834	66.11858073660996
0.04372963519589925	4.5993118163945885	66.08500631042835
0.030767648233217055	9.433936645324504	66.04589800773265
0.03149558053000144	3.8902875176968776	66.04959760605173
0.041356337743583736	4.025386061859263	66.06055788850347
0.030826499073711773	0.03678679258479318	3.6591056834841185	75.08435610077477	66.09575097693111
0.03125192855792865	1.8690667900569318	66.35650214858482
0.03477912911518328	3.7252032979034477	66.16762634298514
0.03639043051722566	2.4165115685145353	66.20406645863855
0.02479458897116548	4.982528329457073	66.17278960800714
0.026771804170034885	2.213342507557186	66.33995888630804
0.024543558936453835	1.7853008618500623	66.34994459510636
0.020965533633778535	3.4424201642269607	66.2717931213073
0.03528674956458856	3.4811390649956233	66.12434536617623
0.035480053257612755	2.2724457645851337	66.33054743166034
0.04566086584090613	1.0220002420327143	66.3852092666708
0.03613975804671592	2.792949914965423	66.05246015867077
0.03251271863462986	4.386420340385355	66.15923972173249
0.03027801278195531	2.7567376935458876	66.28766503886332
0.017623690405208173	3.5710060021361874	66.27266681275263
0.023128675159593992	5.472131444563484	66.14894142917412
0.03437240744914886	2.812287652066646	66.1623124059219
0.0327398650658555	8.123592123617257	66.14862569678645
0.03893723833928931	3.186346321205229	66.11172271450367
0.030178244892793273	2.5034175972911688	66.32028687330344
0.040560004369460854	0.042702272270930236	4.306960300495392	152.77788002672352	66.33710899979413
0.04213878990901437	3.06370744065961	66.26674003178012
0.0330986446229607	5.643481204356992	66.03882866274814
0.036279467685890986	3.643143029830275	66.13894859321246
0.05914062273464146	2.194520129614008	66.10877382790927
0.041592751468518346	3.231963212965565	66.11393007929146
0.04789193882698525	3.8731108061737367	66.10911600981557
0.03848156464453793	5.5443421468459375	66.16032607189344
0.04823707989851609	2.995775437682864	66.22711694851475
0.03199939176095808	3.2672526406883464	66.20721034727707
0.028268333177286463	7.746157939594242	66.03208790553707
0.02080455565015218	6.721898859521973	66.03485936926043
0.02853636335350476	2.406607010003021	66.07413858549869
0.03922202392085968	0.03910420244997258	1.8937108853388687	120.1409118445093	66.25678078164523
0.041432585784027975	3.5286356990760797	66.27025975979441
0.03477707963007995	3.4790058598809255	66.10766744198314
0.04072717197119278	1.8243610118483005	66.14925883883497
0.04163374076849358	3.5506958545088803	66.11752240901546
0.04003071632141452	4.082474666313404	66.14977086459953
0.039847831092923815	5.166504181717303	66.09242441751994
0.030853893884121728	5.446102881970913	66.14146388927026
0.04704712567977482	3.56028030773659	66.17100862970851
0.02748406323811502	5.704900645259888	66.09595805495516
0.03180870697822785	5.640964678495068	66.09903002051438
0.05169304053119817	4.33298486729486	66.08886425177735
0.027123605404565543	2.470876476223559	66.1991358958265
0.03379863385652481	2.6207387510483735	66.12233290445256
0.027577064784513102	5.981189272929097	66.08298922237081
0.03871381006005052	4.98696965891317	66.12179456540329
0.04098897249351803	6.530155617089337	66.10246058341056
0.04188226693847479	3.1275880306629795	66.13976517851343
0.0383294984553537	2.1129855052597097	66.24462377867121
0.03793581754177975	1.8895190225482532	66.31033365739658
0.03407703090717196	8.406882523269696	66.13465833061511
0.03818440188583043	5.804200180339263	66.06379979973529
0.03945420014322188	3.132939107792069	66.18390015991159
0.04244405703814721	0.04085299299059725	3.6003717497261554	126.18994861607908	66.3152496155826
0.03900577464733063	4.033910164316401	66.23510575938926
0.02540896854277877	5.196229910235655	66.1500116518612
0.029791869836161184	3.8069842787425934	66.08223090432276
0.0316545318850734	3.6149483977471473	66.11007394036174
0.03739220611391847	2.8990173395758645	66.06003536368794
0.041930438132880284	3.718374148615367	66.10123215972595
0.037010983373747815	5.676704205027283	66.17005506743597
0.017662667065107367	0.035164760068120415	5.18942893631062	147.99702530177106	66.1125185833901
0.033986384007841486	1.858090971032043	66.23651896757423
0.03777061677694406	5.1788024235646235	66.25063008215133
0.034599762455526664	3.30689902586853	66.25873941380047
0.02436464182081734	4.706673858710716	66.15542740627139
0.026250327875180675	3.121358949532116	66.20268953810799
0.028057703571557756	4.636096573109177	66.09586315954233
0.030165504902313754	2.277655241290606	66.17999075638627
0.03854727022765141	7.887064694696951	66.09872764957382
0.044368798358495505	2.950170654958128	66.19148881772799
0.038269405547845546	3.455026783063836	66.21314481463688
0.04556075662847181	3.477061812809122	66.06739090881912
0.03846595793160835	2.99981441764018	66.10619449293294
0.02640157565191333	2.9545848742896488	66.17620758817297
0.03647717886466525	4.536018824892009	66.11092957245275
0.029202757128017526	8.73953852700352	66.10117303756898
0.031167046512703096	4.482602903808776	66.07468917490759
0.05240572184278305	2.7926451556141996	66.10267303508533
0.038136545242787145	5.47310011732086	66.03510349871642
0.040842033456700566	2.1410690469781883	66.44970477084833
0.0601388076130375	1.6733362905894578	66.37745086947467
0.04167568427935715	8.057323282035776	66.10408558902485
0.04589815492488908	2.5466793577907927	66.18107606980662
0.03207022203436092	0.02807901256043713	5.258386646125501	102.12296541159675	66.18942296362741
0.04413096399856069	4.118966156317756	66.17522659994303
0.05640845727034242	5.128305091657024	66.12516417049866
0.03799307799647147	2.9326777037730323	66.34884199297022
0.029025252104963407	3.6681023587881074	66.13090933788393
0.029484961810082953	4.979405412215191	66.25462626478765
0.06483262566103619	0.04279585514049572	5.11338560362195	108.74032147469404	66.159429186745
0.03330780656831024	2.1584853751677	66.24581253655823
0.03388100767933475	6.243543023680575	66.33465320279113
0.04663757324966698	2.0658484335763356	66.2451837619053
0.042653893964936844	0.03363814728999303	5.149452968489966	113.9639531837512	66.18603537889797
0.03966661262196328	3.5660411540156796	66.15560725189859
0.032317260550686074	3.327713605319004	66.35012831951622
0.03690648294970379	2.3588617081436234	66.10254037268419
0.03984940454270328	3.1591887400072944	66.29380886777855
0.05870077022293388	5.522048231190323	66.13106428308006
0.033224285995230585	2.3964364808884984	66.38317334923433
0.03406760958649093	4.231654701183262	66.15325473866602
0.034287044949463844	2.8580418807006063	66.13371649861166
0.03542908232971143	3.1696913954579853	66.08141053318352
0.02741298877885701	3.725143359592653	66.09954399294972
0.027527843622516972	4.3790432783781625	66.15779265923123
0.046762620637096325	6.693235745568001	66.039212635131
0.03935941028409146	3.2060810946682654	66.29875000133615
0.03414031072759111	2.8756796983528674	66.24022536621321
0.03587804799495778	4.97985531577511	66.12139876686814
0.03408688280482125	3.4292112540974244	66.20343405346996
0.0436941563308443	4.209173506146731	66.06259587820351
0.03914615113004447	2.6242343224994253	66.03880214159935
0.04445214812240652	3.457319005289707	66.06978251650256
0.03936141990732957	4.995556071575536	66.04302395885034
0.028837328818343763	5.049372055302591	66.06751463710891
0.040109638270539864	4.7661240047607185	66.09365717656284
0.02965567729953761	4.2497215643935204	66.04674177330656
0.03954925283376797	5.410317962112193	66.17964472325718
0.03243365901844579	4.438551234728379	66.21812614178414
0.04844766667803447	4.256246881779679	66.14917583609069
0.024298631710520588	5.291736780665445	66.1255020459068
0.03708801190987193	1.8190990474406068	66.15454496200567
0.029485428385222886	3.8481894196358786	66.12971804826677
0.033659879962545464	1.3981931434363661	66.36631352178551
0.026072565683536	3.42590632514392	66.10171497307886
0.04051812896682999	2.9578667179173936	66.18619669881515
0.03570268678737997	5.302733194054064	66.1451743280937
0.04327111872746748	3.2492115803516604	66.14434073516264
0.03828545288319237	7.966299555652432	66.12938032679529
0.035363266628300215	2.2129161780353317	66.24500907083923
0.041509927539480476	4.456446082807641	66.24691089348855
0.030092359960917386	3.782835789354703	66.2412017007897
0.038971639576401734	3.3816609629280547	66.17029271475992
0.02402137900323281	4.495724052544396	66.04225500383419
0.03717744897509559	2.0822835374584643	66.34178436775278
0.043182035108948365	4.19153216503968	66.1581662387108
0.03544867647249734	3.875256884396669	66.08223536297244
0.024390093018141115	3.438606644379568	66.22409613801696
0.034261992772877684	0.10256654501651721	2.762167859755941	73.20613443674566	66.2460428882033
0.03737929828064792	2.5236634029780523	66.21608717645893
0.033027533193189546	3.7542793194381443	66.20098532344716
0.023628344422238195	4.160501159505801	66.15483914989996
0.04331411026932873	5.206899668582778	66.17270459017442
0.03376568980895307	5.538661545734665	66.09782618103448
0.027056691583329337	4.835721921818761	66.08661527239576
0.034352489962851444	2.983797754286315	66.17082320562253
0.03301772862655984	1.5878856892516826	66.54476847104995
0.03625498178732933	1.7189453767259308	66.14195630676531
0.03138557628929603	4.883370622798621	66.14680876616616
0.03859798154419872	2.9515511196881397	66.2688669441046
0.02640177761154512	2.1247346539147958	66.20040900906335
0.04126204672920232	3.1153783173319365	66.05879119797784
0.0355516427226597	2.4775737024812807	66.05487513145023
0.034675873385942184	5.174011083811755	66.07625931843862
0.034164099877807004	2.477561681356123	66.23662910888474
0.026415403953354212	1.6570105977404468	66.29951213830098
0.03262685292602354	3.1658722868343814	66.14638593491163
0.043888417373914405	7.525139919499762	66.09573383271588
0.042301609036819635	5.2736137146562125	66.10053429616087
0.029444974396138763	3.7878758125766945	66.2503013142838
0.033975777674435804	1.511770567927025	66.27558727693237
0.027265440413645342	6.382219354610909	66.12174223318259
0.03573889573734294	4.19824305643365	66.12352185895237
0.03242373864896884	3.491811191828628	66.18911582517075
0.03974521531942344	4.959819331963321	66.16440825893558
0.035757802996806864	5.346557868935229	66.1163702571284
0.03734596102444049	5.214995294798754	66.08445783594607
0.04021562989980243	6.097589419863913	66.06226245293269
0.03772282175092809	4.810583920270092	66.06814565891034
0.0370918348287277	5.214588926225706	66.07357657686255
0.03381811045908488	3.425154900175672	66.19747056518133
0.02633874320163451	3.0219308311443998	66.08657582253848
0.03542375744668387	3.685830466120329	66.18904931340481
0.03509668525850028	3.4275263345595404	66.08452131510708
0.03514463300407484	3.724396626057997	66.22562256397985
0.03336218450377123	0.03988069605075576	2.4885716598252636	99.17368467671417	66.22263337364289
0.03141791743923113	1.6179296158138696	66.21698558354807
0.02455631730868154	2.889336493963831	66.1834675637568
0.03129297784512616	4.108937788529926	66.09074412865375
0.030712322533085146	2.7688964228736	66.2682492624382
0.0286753272835498	7.259622448964159	66.10339100887168
0.03978087206046855	3.2220372582530614	66.2405418955986
0.045481971378671	3.915151301147875	66.29287589119531
0.031952230664645746	3.2463983748058514	66.36009832787562
0.061452299585777824	5.088906840479366	66.15672275687217
0.037987002865737945	4.3931746211344676	66.12597665266603
0.030951496747651696	5.906155272320585	66.0690328502442
0.04293532733348815	5.371724713448165	66.11058331749614
0.031705670194020756	6.702530145988325	66.24254947176588
0.0381856213693211	5.338845074185073	66.1423425723049
0.03563165180149291	4.215756737927639	66.09876410071215
0.03158035415549196	4.782352322440622	66.14157854306592
0.03149652006043061	3.7396402560189963	66.0359934885999
0.04575858326603956	2.9476988834495046	66.19513962128302
0.03743210992931829	4.159470493288636	66.06604844746232
0.03206226705188572	5.7602990551900675	66.10427160979582
0.02238144511918959	2.551043039068658	66.05573429207013
0.03327793960087723	4.5016065552408335	66.12210663969675
0.026246054291934908	2.9939934918173727	66.12271700233644
0.035905219144208585	5.200279374262511	66.15620615747099
0.038391794079896575	4.943202173067053	66.20579033019193
0.04310238297860715	2.653143124333839	66.28489917880103
0.03271668282998857	2.680545955704253	66.23952868503301
0.04553997762357243	4.7641957742183125	66.29664048452432
0.04100756379963717	0.13633234016692794	3.5304611308524394	73.6596329022952	66.21868711969204
0.02596176072489482	3.944906885109328	66.13172297426176
0.0396419501310402	3.2068058738055187	66.15815255663675
0.029138145683309	2.8773647155321544	66.0435364372345
0.036838149167412314	2.4305265798188707	66.3489036521726
0.021135409336140915	3.013759976239154	66.07408229052248
0.031526451501596386	3.5113913983478406	66.16609200305736
0.03307046501534343	1.798822986481406	66.36173816969257
0.02656903061391852	2.7255461840670225	66.20754770021227
0.03323309948178956	3.1973728034822715	66.2570515384527
0.033912377658422706	4.296943147953152	66.05778420732834
0.03510956941588935	2.3032258113783235	66.10419838184453
0.03165953986205284	3.3680113988190175	66.13939022964817
0.02522963769464833	2.5921153560251677	66.16030348480778
0.04611514172736319	3.42451014788419	66.06109421460144
0.0465965432154695	5.932653780945278	66.13049723762967
0.02983770660544646	2.805975952136662	66.17012132245131
0.03606545956373157	3.3561229860870876	66.06873920363284
0.03514334965528705	2.9902329713733726	66.10973754692425
0.03153844230686021	3.805452935260961	66.1967515971223
0.042459320929850136	2.03230785498962	66.29477251334364
0.025761648047726526	2.0059566611026693	66.27879994560774
0.016226376280403177	0.03925066661373876	2.323765982106051	135.35897884582803	66.1644828426562
0.04038724944725265	2.516803485996231	66.10557321186243
0.02880234218564764	2.745489426966713	66.17653052426552
0.030648124589663785	3.5598689453306025	66.17128269571623
0.032000760338163806	3.8749383567470566	66.19953368764273
0.02570037710139201	4.564379663365958	66.13394899819563
0.03228392018087838	6.501503709529194	66.08811412401135
0.03488770940310743	2.8175266763005733	66.18464961652953
0.02936609774387847	3.835478918873986	66.25494636360504
0.03900496734764585	2.660329164641997	66.15660631896655
0.04440723172074309	1.8980348715353996	66.25927014183746
0.044306554996244994	5.341814730144864	66.05693871296359
0.023949398035951603	2.925766668285531	66.25699141034384
0.03211357788335181	4.2831011486785	66.08595522539633
0.03496957055055051	3.893686213178107	66.08748458129355
0.02751676589559929	5.867693150170425	66.1220183516347
0.02819900854774706	3.306765157046341	66.11039364600573
0.03257492708971897	2.344325916509674	66.19194698006642
0.03407888890271571	4.0875702892516825	66.12367690666089
0.043660097424465326	3.4207296577459707	66.11204613551655
0.03570436566352885	4.3195022552662214	66.10246669682036
0.03911091546502338	3.9552293376554424	66.18800634330458
0.034621128296811	3.200294248364581	66.24340299116813
0.03272565554761162	2.6088723196910877	66.27764884657626
0.046924230390977456	3.5754237424830744	66.2610828230952
0.031416380377160935	4.1655035392884505	66.08770149248356
0.03480636236440699	2.613982062297933	66.2974322801715
0.03935610546962163	5.5828399242869295	66.2215632364311
0.03743292671137705	1.8317684858888332	66.45886492428751
0.029829784774507803	3.6908379377448903	66.1597907771968
0.0289530127183576	2.8394136844893354	66.12239207170991
0.03340483071372034	3.617062787288269	66.26019609660545
0.02671443530122216	2.3701404652892792	66.16853604069989
0.025764548118591992	5.1608036316173855	66.17433375045833
0.02960305930701527	9.327346329631611	66.15063842975034
0.029148182524675294	2.6542119370704538	66.23202979442503
0.0309789504418243	1.7509412570229783	66.03582017367414
0.03209581202752127	3.888368426956078	66.22713912665463
0.024695159159850363	4.3756497793186915	66.19705850392073
0.029182490140005825	3.0282468999292766	66.31463902844226
0.033397369619573875	2.119309567814004	66.44154956638238
0.026107264800191855	1.7463750214691267	66.18607948135046
0.03310962641406387	4.743636158871869	66.11476534934141
0.04412139151452407	2.080709838222817	66.27370411576196
0.025053255286231122	3.024562455269869	66.12285307428773
0.03282996631140116	3.6329571491859554	66.12696983414475
0.03500706197810915	3.8538381750688684	66.05824979374219
0.032730612996211085	1.4099501384507196	66.34329744731996
0.036428074793698556	2.4274666747361886	66.38988767742362
0.031610271316144196	2.398171774997041	66.2350210856936
0.03171268427528909	3.881681675807318	66.24295540913567
0.03770886821952713	5.123474932944492	66.18154922548004
0.028643308035578834	3.931250710345067	66.2292730921111
0.03463271514946339	6.151419418245672	66.17085931005015
0.03403953479651231	3.4925971643572926	66.12259795795244
0.043454849127199484	3.1922349319760333	66.20346551788431
0.024093517004486385	4.581879459190191	66.15655264300953
0.027817265407213247	4.063804865772192	66.14361203514636
0.020767940724137242	4.556953794984181	66.16795559793202
0.04567296458390188	3.4635262683753205	66.22807843053214
0.03617839678499748	2.48601283072945	66.24141470486838
0.031370147011649765	5.507678846251316	66.22432032756747
0.03201207858201517	5.331824372512483	66.14643156526154
0.03740075796937444	3.613421056773422	66.13608449708147
0.0350808843778751	3.554553677935579	66.09638138811373
0.04511886461362932	4.964786713431795	66.14134854665454
0.03815679937747231	5.668834877937931	66.12008089736136
0.04539863039469939	4.443955717452654	66.11071290663527
0.03750313353534343	2.7526923725748254	66.28919593970683
0.04760178920053177	5.0512541530098565	66.12653155729106
0.04510395393096531	5.20399525841584	66.18460331382951
0.02508799513844857	3.4806638033575137	66.1549962564108
0.024664267659612653	5.217181720295997	66.17105107616705
0.04081416281698555	2.9982566880947283	66.17183931236939
0.030028345658965654	4.55458140100467	66.14719269181806
0.028562227143198803	6.527260450675037	66.09290433236434
0.04258239137353457	4.418663537934419	66.1276724116565
0.049817522315275	4.702566986492903	66.15761590216741
0.03365300931657935	2.8658851167352655	66.13047447685496
0.025722920466055184	4.64453386203555	66.24330079073493
0.024269227713206384	5.754368207551601	66.24742999963296
0.03392344072991018	4.004301341048052	66.14103838695091
0.017982045544879827	0.03833104770102367	6.156639643010307	145.79241748450283	66.17843542099088
0.03679662014143651	8.719079725620702	66.13391384734861
0.03539147442314077	2.8398496468903085	66.25167260949375
0.037043278590146146	5.127051821220903	66.30861994204089
0.03916909149469184	1.0878494819279494	66.21717753287376
0.03643060660081746	3.3767318588574633	66.05843766208903
0.028259443710664935	7.726758901741976	66.15333400761446
0.03596021969544902	5.840509772396082	66.11785184801909
0.026685004556822108	4.1242290335662375	66.07392276942313
0.03549508091922072	2.74336653762594	66.29451956143247
0.0393150997817983	3.858801490491679	66.15148209627401
0.0418590611588704	3.162395625253533	66.08205427233393
0.04553536990430085	3.991523432044048	66.11083126591083
0.03948899236654073	4.585073752353341	66.11554498232034
0.023657271027877867	0.09647403513722316	3.751042106459753	72.9021138421203	66.14534788050838
0.038847151184389535	4.812433650968674	66.17439902265028
0.04093021760262479	3.223596725765778	66.25370209392234
0.03138265966945641	3.301572563174939	66.12400674073291
0.037996002660994635	3.951252723516868	66.1548626996052
0.02704343566022058	3.438508323388174	66.25709341298082
0.03983073680051453	2.729484891722902	66.1198771479232
0.033053268151387885	3.648110945082338	66.12506416157645
0.020447246202408065	4.659339306430808	66.14297242244832
0.03377885220051667	4.130189173244628	66.19514076793443
0.03926288686146477	2.736725133212503	66.13299233445865
0.04812544552805596	2.5666150278695308	66.26629624752067
0.04209295542151542	2.102211656570844	66.21961763642247
0.02593098600869208	2.878259223944578	66.20399158723004
0.037783864985910826	5.861060013252533	66.13629571584138
0.034745693307029875	5.114562662984237	66.09070289262702
0.028293063935906203	3.0793267283769215	66.09625868348718
0.03685047823288352	1.6203463275769867	66.27241033918204
0.04590725437126291	3.755380420756738	66.1113164884511
0.042535751965560205	4.5076153796290255	66.29005365087349
0.03456953774262892	3.40322855574574	66.04710082424924
0.04256248181258925	6.353791000227308	66.11902327260576
0.029230059467381695	2.451742036701483	66.26748431130947
0.03695143145967518	2.1545961796135535	66.25237712763214
0.029793373859642907	5.06602513504592	66.11704089999932
0.033056538402898746	3.500558696688049	66.29500757272027
0.03846982080470083	4.565575000613628	66.13243625543701
0.04731663902719448	1.8256073807794715	66.36326988774414
0.0521705740606119	2.408766272861846	66.08801130681363
0.02683444704835593	3.8620259198197444	66.07406410326408
0.046973977536507776	2.5570331445118217	66.03535729127745
0.05447825454293952	5.418543125798484	66.11781517242446
0.04162395193299326	7.188349940314002	66.1604154510494
0.02619031878694586	0.02818617134039487	3.326846767415076	129.0910410311178	66.07241450476467
0.030934135886890247	3.2587839507632888	66.06434602582723
0.04648916642249138	5.203670697783541	66.10624380747716
0.04501144855816386	1.835876834993274	66.43221710952544
0.04816551990789511	4.016158941730202	66.23784813952204
0.02930989721998095	4.361417794137005	66.15229816245935
0.03848529306667844	7.890295760174969	66.10594759576264
0.035546473213451876	6.287667812087091	66.16671941524551
0.02649488809109999	2.4374296853321193	66.15500532607263
