0.4614054987326016
0.01621455111947815	0.09076369267524516	0.5044010569369287	79.40785659076103	73.43423657396627
0.0007801728658305159	0.07027264192226741	0.2875686995306955	0.49256063182596	80.71028095627956	73.04077586711198	69.37547059593982
0.000342828112010499	0.05501342698279216	0.45923726115103203	80.52012270703256	72.6515347343743
0.0014982325431105714	0.05027561895054685	0.4672614535000884	79.75022864202403	72.83911572985117
0.0007796996492743262	0.10400240910026651	0.5434267343645961	81.01935825081873	72.16693565751895
0.0012666219414252389	0.1497652692026753	0.8950332297741486	79.30074487482484	70.45168127895693
0.005671518657551779	0.1337978233730366	0.5715072763781212	79.88441474301656	70.90012794967252
0.002114841673867097	0.18402574899389124	1.1384169568765987	79.59791742792932	68.96343417323905
0.002005727340403223	0.06683657355654544	0.4199742399079855	1.396345740815875	81.5816200452225	73.23458131688439	66.31864171627367
0.0007235091139872197	0.0904283026765062	0.551315055641263	80.59484586229165	72.17161047070368
0.000495924519317357	0.09719924267611149	0.41725725327922497	0.9562654725532979	79.76307912797935	71.24230098777669	66.52260325637197
0.0014942050309505726	0.07703405640826008	0.5231150237782038	79.71473363547123	72.81221521964893
0.0013450697068835796	0.0750572157771301	0.5474127363210254	81.79620773781011	72.67027194607108
0.0012865585490464437	0.0708938159634025	0.47828886680891375	81.29024647201842	72.19610911466289
0.0025769898918882686	0.0662091347580139	0.5311464811627952	80.94714442430451	73.26096128126927
0.0010425747163191662	0.059928180269915685	0.5227250744693536	80.81732358355453	72.45307461868404
0.0008893568291611123	0.08361363839664943	0.34959877102962417	1.2090217124485556	82.27445833499218	72.21989802697286	66.1141760562283
0.001405747305728827	0.10090220102184576	0.5550776381521586	2.251335378125027	80.712859895969	71.42435475190658	66.53604147994895
0.0004174590685952652	0.10439930585334233	0.404430925887945	81.29301482541017	72.7416701296132
0.000197280774375791	0.13884253902942917	0.4506484953956395	81.60807916206555	73.05010502808463
0.0012223827710418887	0.1355514502156158	0.37694948566052255	82.67755681644499	72.00510904964126
0.00031152798669707856	0.1358738304237714	0.6906624208269714	80.88624177927477	71.24675669577121
0.0006691527312506317	0.15528350795835202	0.472138979675948	82.36903296762699	72.20174622829217
0.006325578345248876	0.06465375064094019	0.39679914587610987	80.83975516816628	71.12317977877247
0.004442131353901839	0.15286688647691224	0.8452815495932187	80.76931885287806	71.00881540503711
0.00647838197210106	0.08801193943460398	0.8786603431091701	79.7946359837545	72.29147470065772
0.0016380185119586792	0.09804003819181796	0.4876258778333536	81.06401727329508	73.07559545298767
0.014070316524871779	0.10130632711787826	0.5395063559224798	79.8705483937444	71.42453430061344
0.0255243407720623	0.0994315192620329	0.6458897235810379	81.2115964997183	72.14921384131199
0.05191505996771621	0.46795921912568067	73.17725465208004
0.04606602673302888	0.549176001869269	72.89702937984767
0.07240411643046814	0.49486632550958487	72.49187786149419
0.04679915646582335	0.4108726545227483	73.07043393249948
0.03695444243815094	0.4874338698557952	72.54859849636647
0.07256966511263124	0.34049933555512124	72.98677793672157
0.04067795087678679	0.3269202404176155	72.99515601396271
0.04331056089351597	0.42722396867245455	72.66780678558713
0.05559179839190941	0.4985031789437629	72.86721346311235
0.03608209368670401	0.39800178984301443	72.34538974630668
0.07367636674833014	0.42906542718704715	72.37352962007384
0.0786569994540227	0.42078873324942806	72.42018712511396
0.044334353957502265	0.4558639662804371	0.5031951039238861	72.70005559231517	69.52069281785639
0.07478972449854619	0.08136155669857568	0.5073001364736817	74.66374242848939	72.48983690375889
0.058614236831400705	0.5636834624888948	0.5528614924571479	72.46361175653722	67.18111567522558
0.050221198417831285	0.4839339076483795	72.52853486908556
0.05350387947458324	0.492298358968897	72.3798208584737
0.06944430163346275	0.42560829679428797	72.2504265454135
0.09249004013417764	0.48976959180205865	71.900971336363
0.06773577508841144	0.375298890397421	1.6464350428312633	73.22769036137609	67.1651328374813
0.09270554533748634	0.3540539431232274	2.330715082123643	73.07912636108098	66.50734460317396
0.0484129469903452	0.3847182520413674	1.6247891401105343	72.85958667618277	66.29503189297297
0.0960365004395387	0.3682281318754852	1.151458235509723	72.74435223757104	67.28805435891442
0.055281053743938054	0.5051632504459102	72.76161886189387
0.07588010668971043	0.43344743142109976	72.46190701186434
0.08566819333751498	0.44436316958436045	0.8384071200034435	72.477773260614	66.31962781965647
0.08979580724372192	0.5115851871573551	72.57921381434784
0.05709638953538772	0.5324372987844028	72.5837970505363
0.0457716366226876	0.34110282013987886	2.032937692505826	72.58078037723756	66.2511968629645
0.03633609522602258	0.5909650362386594	72.7457362183724
0.03306041072268298	0.43753544916081927	72.77434330572254
0.0643438715721666	0.6007935542249893	72.9746820969438
0.04140590064616962	0.6545308139070337	72.59958720681419
0.06311880931949279	0.4825669684743938	0.5489701078139742	72.85319839876699	71.0198115206293
0.06899366503473706	0.4597878358908703	72.24845501777939
0.04464777263287989	0.5598954142476072	72.92128966584634
0.05500962289420096	0.4900789471542167	1.4957179067451951	71.98924033362397	66.20015080916451
0.069401182587479	0.4396989691372581	72.29668765592439
0.05066037412123891	0.4715905606658656	72.05015846168023
0.023365384669923352	0.07197115626071142	0.7901527074261424	79.54740895427051	72.63602164231395
0.022346451380120688	0.10573212230405976	0.39987998043334044	1.3702122305733957	80.68097167207449	73.36925441833526	66.48759584109135
0.057765183346791274	0.4011996943795096	72.22354229476969
0.06919439846867964	0.5451937275371928	72.10880294120534
0.03412361534353863	0.5980519398936487	72.44677951950318
0.09304451549552398	0.35458411380403965	72.59028995566074
0.10110741509232046	0.48400968958364654	73.12633523630868
0.037329181391444644	0.4528585126489265	72.66246792795955
0.05236300942046231	0.46109905435209275	72.57007058599989
0.033101414630550746	0.48237120116994237	72.58685032170092
0.08827448574737891	0.54505115885866	2.737633981454552	72.401094780456	66.1746509389028
0.08279984946865543	0.37724549378337285	72.26005510436134
0.0519968563459608	0.5477123445925786	72.63710562208097
0.061175230969355406	0.5037243230010016	72.73675614124662
0.11880809289825374	0.3732402245781334	73.00237473145859
0.05963236579874225	0.5653142911626714	72.59087612855113
0.08439449223904175	0.5998032560319241	72.61522689796088
0.05164067640213491	0.366955169030357	73.5987274859457
0.026177962196190716	0.38660337986841375	1.4876636928557392	72.73407997097704	66.60289591034781
0.07557395151919717	0.5149661097178004	72.71084605060663
0.043251799096998514	0.39022862864340074	72.48523624680577
0.04638859821907444	0.7622357042780236	72.22160572586424
0.03636069878964571	0.34310416375836605	0.692239284934977	72.61347602714295	68.99348629290327
0.030948919344012223	0.6682632523840175	1.0784021713780176	72.64046554710733	66.61331592916055
0.07169052601173027	0.469078404793387	72.2432414754913
0.04389508109539961	0.4815909808222108	73.54299697179626
0.07965602691746321	0.46080915206791667	72.05161743291058
0.048135089173252175	0.3673874801970376	73.0225370780729
0.05548194412332362	0.5553892902965197	73.07720084267443
0.01570259990520591	0.07331382098051015	0.37679918694554015	81.69406175451628	72.81095269962518
0.06158242387378705	0.48783202385661323	72.81384482391641
0.05424476177745285	0.483556585431159	0.4745763942447588	72.38138329801431	68.85870974757275
0.03249822119635895	0.42645448102184635	72.50621245273496
0.09080969564839046	0.8299551000164277	72.41611422021069
0.06190288255192462	0.5782293871436047	3.0039213008828245	72.16762086117072	66.0829700676524
0.05703911963688736	0.5223985180723513	72.33267790613002
0.04720808269580464	0.5252151541215689	1.5971423063927208	72.62181029666094	66.16552063332963
0.0914827861994107	0.537577556856756	71.66036227027257
0.07441425261007392	0.7370367330408881	72.49755644231111
0.06795967501753733	0.6700139957729236	72.88746132376508
0.047202993329962056	0.5669013108988838	72.2870034123345
0.06404164055524726	0.5693078286833415	72.54411517348056
0.09444188751067406	0.661746733539712	72.28600670235028
0.09891598591787666	0.5861932128987889	71.93888886030685
0.06895193467464364	0.7014421616810086	72.25066185618353
0.07365208752089641	0.34521570735773527	3.4352142764993596	72.74100652830892	66.55385315605706
0.09081478999352657	0.28801481164113774	0.4269881412086765	2.8814746054746725	74.46670004820295	72.6370822023879	66.22241291908578
0.10365903400386084	0.29346394153079225	2.964199874468402	74.02016219210884	66.3396240962418
0.05827599483281287	0.5924619116229519	72.72600269247819
0.0936896917264651	0.3984731873716873	72.37951719392589
0.015915095907822405	0.05443421886351305	0.36077432828333966	1.456249598551707	82.25556644220893	72.5774874537258	67.04582437433005
0.054174040472041905	0.42749028471119865	73.72265934982275
0.07890200287174302	0.601410269356796	71.8669008747745
0.07165757035125689	0.6570610633888508	72.73323604297688
0.04845896499360537	0.4738615408057964	72.37068708355069
0.04444648888659766	0.6048440631258897	71.94905559790023
0.05406446183803699	0.38981275340452914	1.4378219113878452	72.36797966321633	66.60044679396513
0.06314918722435169	0.4553167835618356	72.65761677467039
0.050555192197340004	0.4474930997750937	0.8661032234374029	72.66152084156388	66.25862914833027
0.06158001699756477	0.3997287214881732	1.8796021013767266	73.35499144006637	66.24405878820812
0.06492500998197673	0.34145349793698354	5.410043559522237	72.94170510973635	66.1665683861463
0.30887942406044805	0.057819040620829376	0.20767552789666363	1.7657931338741597	84.68580735926977	73.38436626513864	66.09739814624449
0.37380169055174006	0.04071616426874399	0.48543873919309627	84.74529342999692	72.95770502618565
0.32394280800075376	0.04542329991226144	0.543011680768686	83.96509549713136	72.96017559048941
0.03562042640666432	0.07512988945105205	0.5512619762162241	82.836255302751	72.6590206295372
0.033211278675470045	0.28963425263909803	74.86842651144718
0.09032569308290167	0.49321622254010106	72.71935684443909
0.03572507920461456	0.47442570529503947	72.3764137030586
0.050356206000599084	0.4451005062439169	72.93684307526455
0.030275361512207537	0.36472965341529257	72.76675588487261
0.0557816457815192	0.5114767244952888	73.36687740167935
0.037393696308299085	0.5074519794953394	0.956937607509735	72.90065946693991	66.29729945131848
0.037028608457743875	0.584444672794126	72.49689556651265
0.04256331489616507	0.7846931231370712	72.71924947343068
0.06429972402623794	0.5425420564195186	72.61396598421047
0.06921164783160857	0.43938765040189415	72.77502090418507
0.07265701450256487	0.3507663599523717	72.27303749194957
0.06675379152367518	0.4139954801307341	72.91630461051331
0.06489595548205063	0.5448150238858405	72.34948244552784
0.07110305656377106	0.720625406900917	72.96752742917346
0.08125575530750365	0.36444346509798725	72.32471760126953
0.046932781733287	0.4212634884236048	72.48482324073062
0.06625379161576489	0.5663995735990047	72.4595274169427
0.07005600174747234	0.4117747406505092	73.04404943575601
0.06574391204548534	0.2655298711262404	0.940159756797213	74.06537904853799	66.68288320377803
0.043415805309664955	0.2476856588374616	1.3127217251649805	74.03856330728797	68.4415919218202
0.04470040948615564	0.6190125500933666	2.903927249839879	72.62825186724955	66.23777480368703
0.027404943765184406	0.47977194226956793	73.21375573228754
0.0427306949002567	0.6557190584470469	72.477636744169
0.06690430656198787	0.37735910559523345	72.75088559784757
0.07618056201048594	0.4313664771517435	2.9501284929900113	72.49865818948435	66.2844912761884
0.06453074906721862	0.4000222593387761	73.05347963536306
0.07049030839794031	0.37356069458585606	1.516501835863081	72.7366514367695	66.14620161620711
0.06557654078577715	0.3002527269126685	1.834810276107873	72.58613445879472	66.662156153651
0.06764476061048001	0.5437274866953975	3.2118652559013903	72.85784762372658	66.38854325283373
0.07646532255996664	0.23195403573934398	0.7718038908994628	2.775772590911724	72.40060885763465	68.50202217869565	66.24194365347518
0.06425166000986121	0.2748481007054838	2.397686194652565	73.00722695393014	66.67089514652159
0.025431653161491336	0.26057704594730724	0.7294790965514327	76.20980595855241	67.44167386895884
0.050144477209272995	0.42060945572432856	1.4666799217286983	73.12149357589327	66.69000175223447
0.03705538256894745	0.45339757928071023	1.7531038897263482	73.13472844374752	66.0834571766937
0.04871211572081287	0.38000738236977344	74.02453391538025
0.04001732033404272	0.3856796494717089	1.122259419942329	73.38692722868741	68.64780622049624
0.07885959337712628	0.6270888986310005	72.36266662043052
0.07387728070979768	0.5215514120367726	72.26741282618154
0.07892357622642698	0.44451167174169554	1.5355286853287566	73.61881443604204	66.3755556613061
0.0665249919431469	0.653716939604796	72.29058531107387
0.0685187583522034	0.32558374202863455	1.2646066639739588	72.98343533453318	66.54242891146924
0.07426573798242608	0.3982704328614686	2.225457598042202	72.55772129758515	66.3056058056029
0.07980016862743056	0.44080984428902725	2.2564176755599967	73.47891282820339	66.2032479870316
0.07752929522594344	0.5711726082439592	2.522370164472231	71.5845831927092	66.26730704693487
0.0721386029597297	0.3694428221231741	4.234968498002415	72.75023450080026	66.24010224826795
0.04777722563216931	0.45131144013755203	72.64736017500519
0.07974958893484417	0.609037236830666	72.1713102252738
0.022642525613774812	0.07410875949078793	0.6626842296428416	80.06332154026055	72.21982364412722
0.09212274114059557	0.7158060492036725	70.96201960763605
0.04259611547997101	0.3876321041993426	0.8608370585775847	73.28836960373664	66.59681604339346
0.053477646767836624	0.3449778364091578	2.70902926486091	73.2354283338398	66.20291758930574
0.04384202357593423	0.5700498567390642	72.65664858188876
0.05488078989823679	0.4411263644312785	72.70787836742835
0.03745325995260829	0.6398441516727083	72.21472065935787
0.07826637395621959	0.46034747090458594	72.99622849383069
0.10254972745884935	0.5755223223551096	70.44712858140322
0.12165350364080946	0.24883875103318523	1.423165984161114	73.51628730638583	66.79309596244788
0.10410983201229705	0.6431504421347386	5.439248448167987	73.02236790996072	66.15053744765068
0.062254331341156245	0.45253492281659724	4.100727643189835	72.23537645412826	66.14566811992734
0.0694100368299213	0.3892796947228374	1.638393000182827	72.48234599852958	66.36552965416935
0.04172873846859532	0.4702019357626875	72.20910309011371
0.0777790705627388	0.3762308040153248	1.3295574912438706	73.78671220573487	67.68021750499821
0.0335569840690078	0.32957155582827025	72.74608576540466
0.04963795601139342	0.42863773688864076	72.83835569273293
0.04409795502637298	0.5503903395334053	72.95153970344334
0.05484475378413077	0.22682403744734117	1.10127004233861	75.86525370968651	68.6871770669724
0.04843330937987713	0.6458316624714847	0.5100657911687567	72.66788811424371	70.44431190382136
0.06531817306500609	0.49254652606973587	73.12676337084987
0.04136737251421224	0.5676571127949308	73.29168288574242
0.06312749096104779	0.43332625138274644	72.92771156106461
0.054306141016517574	0.034046744220965694	0.6067607705719948	76.33011374038813	72.6114073668572
0.05199287905552008	0.41132278865994376	72.70000688757764
0.03433757919207658	0.40127885374575584	0.6086756208188266	72.70215550994314	68.67614568254211
0.04415797262722781	0.4502892738349483	72.6923791530891
0.04249540880876365	0.5341425783527304	72.60149388435329
0.052047819057378986	0.3023567796237385	72.48517697052964
0.05262826781404521	0.41258804527927356	72.6266717720362
0.08411608014162814	0.4771950604230557	72.30488859641763
0.07420664343624121	0.5924498576592477	72.45149328250315
0.09549905440348568	0.39646141299852816	72.74132006090325
0.10641789597752885	0.366611517782223	72.72265866399151
0.05560065101330883	0.48468974498966066	72.61378365780325
0.06477168453388313	0.305092325221809	3.039481449713151	73.07458209563185	66.08377984206707
0.0930433772812165	0.4651209042907598	2.1031439585817107	70.76388465360884	66.18387550405649
0.09397278942986009	0.582112159773913	70.89856252217223
0.07498302296841117	0.6082667113863367	71.41659306543299
0.06632618829647188	0.4952639310491319	71.03611731087418
0.0625476653543289	0.5207097271776099	72.50105419558896
0.09311564516498003	0.716695702266311	72.31577144910554
0.06610024134677965	0.5203983618849793	72.98895036865478
0.011514818493881777	0.08809683667037718	0.44658327282184657	0.9471773643734939	81.89078983642605	73.04788385944613	66.35981565897765
0.00509145999643142	0.10714654359475283	0.8201203164639533	1.6374143340740859	80.0718071090403	71.2314437545237	66.12197615972471
0.01395136765223581	0.10877464240066106	0.5017773624244274	0.6864474579605622	80.77484408662882	72.70010287635694	69.5742780703032
0.054627969789375	0.536339968503105	72.57984218683737
0.06466343373572397	0.39600422564516585	73.0662393128611
0.07237829409268277	0.43841601079389386	72.41600193473626
0.0803162228218878	0.3434730074634635	0.5873869036573458	72.04625314815411	68.53751165563885
0.05547358707025876	0.51266713191322	73.09049182046759
0.033875827622885386	0.383302653565037	72.85066772076094
0.060568022874925	0.11964112663113251	0.7068692120518181	73.7864012360316	72.16234535158438
0.05629417239562837	0.10840449436665912	0.5621912829365868	80.97595424257258	70.78363346497089
0.06759306175555418	0.747958561758785	70.91051393905104
0.05130973756557739	0.14855627703557978	0.862332915717164	77.89148075034663	70.73795644312608
0.016490076337666672	0.13517528953796773	0.9180093266817094	79.549078091087	70.78163452000501
0.048653618808008864	0.10674824113809993	0.6943205450277	0.7921631921145496	78.89915743297024	71.59030161696973	67.17734486770463
0.01906749142116604	0.08799597063694328	0.5817362248635628	79.65161826858836	72.59933075545027
0.024457773007524754	0.3738700497137588	73.37999460916225
0.024994127461878353	0.6223401737970602	72.64498098130224
0.07913943633849353	0.3904326003550521	73.00353965513392
0.05680420995121036	0.8360703276429021	1.3905277420428577	72.45065769076871	68.55989730009657
0.06656163373006214	0.4444081834249395	72.94097590279694
0.09575964327149152	0.719638409325058	72.19470666149091
0.08216515260196042	0.5041429058839221	72.61568623123414
0.050388695634773176	0.6331815204738701	72.62215800804016
0.05820705189318231	0.2985595385473385	74.23913287854974
0.07818173471492822	0.4282713048984172	72.97308265484692
0.04211287436394699	0.3720489470960061	72.79108593617394
0.07857305624212786	0.5201346778759482	72.64317850991317
0.09374737248482144	0.6230500648744881	72.08872511439797
0.07549125337797091	0.4474167169679575	2.9703907750700673	72.78167536777379	66.16474593188207
0.06572695482099697	0.37704043019030575	1.6465362331477473	73.34621582688398	66.12869933846882
0.05316033859038749	0.2856218848160785	1.7866086258527638	73.45002015305792	66.4221633262231
0.06837255778531814	0.6099365737033129	72.25629454010097
0.08159096063875869	0.11232602109703371	0.48155378233097185	74.40939573895676	72.61442462771204
0.07791881613057422	0.49392904652750236	72.73702376833361
0.07690203537682853	0.4162390329368101	72.88206536210014
0.04435184949273712	0.4725102224508829	72.3631157006916
0.03772060932733119	0.7264306306880961	72.40682543695607
0.03349598460457265	0.34571660030022283	73.73523114692746
0.05500023266482583	0.28995108189165275	0.6070562019602741	73.81397407238329	68.39610808628659
0.04677611843025196	0.3903066620474582	0.7502803790545506	73.7683570461158	67.7719474962103
0.07003350234199278	0.7872789489445212	72.197782945593
0.036637272680555034	0.11255254792313667	0.23212855221115203	1.0544425805784792	78.70618305432617	73.56055843793892	68.09057452674291
0.0622839509250903	0.6584867102653035	71.84609378427366
0.06351708258964113	0.44402903417608686	3.7944030446703154	71.41402562687207	66.27415656720008
0.08368279261965582	0.5947589318253799	2.355007032514214	71.07608747072902	66.30270575276221
0.08349108873727584	1.0700725413339376	0.7207426345859902	71.07848551473921	69.63064975325126
0.0057641844124402125	0.1273599473180074	0.6150490129313777	1.0492449005512972	80.82100671844333	70.70474503857801	68.58248201099542
0.0037446432104251363	0.09164339946200414	0.5125848814610793	80.62394973440752	71.78793143633797
0.023256146524647033	0.1426981783885721	0.5541329605405277	78.82732544513496	72.49492182927548
0.03395700182535823	0.35881700355810436	73.21155490160974
0.004373708807401519	0.04109642242222397	0.5082082290873794	80.9924624903091	74.19858306130303
0.001992750800380301	0.07178969961547987	0.08955435195565092	0.598331606001165	80.49417439179301	73.89204145393924	72.32891679721037
0.009474880053329712	0.07568346170293692	0.4868832893094363	79.93334047881909	72.99945122759387
0.015061485679924887	0.07013436656340244	0.4576504078200443	78.66067937095177	72.53807389669524
0.08328928163385507	0.472146106773873	72.55868191184052
0.049724880993862776	0.3051647753080085	0.6285230170055112	73.9132588616691	66.42320915341394
0.04834573449294079	0.3641119876976023	0.6418324001982397	72.62192880074528	69.56881902114687
0.03745834885860942	0.5586015481981815	1.0866894451877847	72.38040110936439	67.03516216485743
0.036083217030582274	0.48452565965000916	0.9607899953459907	72.6397866261168	68.54321036633405
0.045406642203313155	0.5749847900040855	72.45236315142182
0.026451174629713345	0.10677560028782508	0.40813930937495757	80.81008269125591	73.00592076888569
0.04500340030682449	0.31455445365719975	0.5899877305774808	72.97861038902303	66.32351015787367
0.08247305007624148	0.7729481397948542	72.52915763781029
0.07177991627095924	0.4185383541750789	73.031001235171
0.08095740213294167	0.5746900750742434	72.25386758932241
0.06330013680904517	0.35939051156162993	1.0935301727965003	73.05416740498634	68.2966804649527
0.043384450010446156	0.3850267820331479	73.52979373881908
0.08714352928778635	0.5623914488851505	2.0421117277752403	72.36502963046951	66.22011338649078
0.06966911477353971	0.31612927511178956	73.21942373495949
0.044800512967386026	0.4737372541811861	72.37893391417404
0.10604471653650238	0.4242521012004559	72.35898968223982
0.08411557910548091	0.25435862678348414	0.49844733413537895	73.35483031832365	72.31997401782164
0.08773077830251363	0.34553836081807554	72.99998274040367
0.07421009229799748	0.7725025176931477	72.26168888303448
0.05355448591568913	0.4873371653069771	72.29591244725131
0.0447200247274186	0.5401620736499275	73.12770388609951
0.03809367890406412	0.6259898558376277	73.2103063186687
0.04580342961035606	0.5215067176250484	73.18009838811372
0.08014428483722512	0.4701624037181623	71.94483186346912
0.046458556658309634	0.5170417065119162	0.45862354636676506	72.82942098717015	71.40905039200297
0.024209745025597442	0.4789547425790572	72.71388476416358
0.03854010889374488	0.6266290127305969	72.62789059884031
0.051038955186642046	0.46386571964525397	72.44391783722419
0.04676445155897082	0.2566590548094297	0.486561561812389	73.15626970089922	70.83860694643512
0.11455278021126497	0.42707663836453646	73.05353072957784
0.06735684493619812	0.5663029529793355	72.39876492911112
0.08730756897133653	0.3928032618950332	0.8689387256236181	72.98328242053671	67.97992832976617
0.10478657906988337	0.3965435661530012	0.7152647067812108	71.0232184451888	69.79661613119372
0.05673049829777406	0.5542564345061872	72.3996379917179
0.0762507025267409	0.599323511717188	72.64461292287695
0.051862217206856055	0.12946088810962883	0.6986626102271513	79.6146106607883	72.09368200198867
0.05813513773078745	0.5521602719074101	1.1098352862170917	72.51944537512192	66.83493407480633
0.05031560309454626	0.5830459275810311	2.1031273083732733	72.22447415183055	66.55100113820299
0.05650673070887349	0.5064077294671245	0.8382621942753342	73.3767374486375	66.29672338085426
0.06537771389378001	0.41162970703785434	1.9951520942135978	72.31660488313537	66.53667583774273
0.08648741888134946	0.6299497512294883	2.342261914844474	72.52531154644336	66.07846493099576
0.04476195439810168	0.6243547613992985	72.66975434739811
0.09710731975373735	0.6317177565203782	72.86416904732079
0.03913451451168499	0.4745158900098429	72.99224537299011
0.03384705948327078	0.45848606466394787	0.48369211525502714	72.52456320746035	71.1525889754068
0.04570328810015197	0.5520022057229835	72.5857386587048
0.048417344322182525	0.4409538747906884	72.79924549933247
0.0808193506054301	0.5608666204913348	72.42713492341394
0.049882046961733796	0.7648448870980648	72.76192173507495
1.298398095405627	0.04825100578326628	0.5567851400010899	84.75140470889187	72.93522875219092
1.0400522607240081	0.043993652144475634	0.5153652910229138	1.8752595247013915	85.34066166756307	72.55700341569639	66.94872139451245
0.6589373168173522	0.06535901095015564	0.47417520947373526	2.2560595392511376	85.6072756523443	72.01127039245061	66.11204560974082
0.29896111012390614	0.05505461838802684	0.47328180993332364	84.80818214056019	73.23594572797452
0.04340210457845986	0.581995336856593	72.57519072339682
0.0432066693318831	0.5577503538996272	72.5574611333283
0.05679560369728828	0.4195693380483442	0.4973899536662293	73.54053322621144	68.54064669200845
0.05416742157606239	0.36354373005855634	72.65009091421672
0.08788377632634506	0.41448072555291704	73.30217034801447
0.0785057238519693	0.504989415454495	72.34117120204782
0.041164267756658365	0.468672106487969	72.94508859852701
0.048051919057632286	0.6014338378841331	72.75897773295837
0.07139927315256046	0.6238822878132788	72.69798538855638
0.051630486976188106	0.5063604638907594	72.70412247512952
0.05113283202936907	0.40753621717205635	73.38427900368201
0.08698223687068518	0.35123090690881004	0.7469917827282851	70.90894547577582	66.27480821133588
0.09297400211523471	0.40095019985963776	73.49392580452752
0.02533205362834394	0.12348250360662132	0.40658669821761423	2.1214408929140927	80.81697544285521	72.97912019791443	66.67520007548897
0.08160083072315628	0.688484061196558	1.695766162103244	72.65760002345229	66.38292480418536
0.06049773465761853	0.4416745667752183	3.429750037061162	72.33822229803076	66.13609551270397
0.047546626319877945	0.12566363406821257	0.6082679698927822	79.20463590975734	72.13691715834548
0.10767397896269719	0.40768797312498684	72.37731003153137
0.07542502867849138	0.4329735706491442	72.29912516395639
0.0550084582714269	0.39176110753774573	72.4018576912961
0.0869424430481174	0.5996205915370673	71.11569905589208
0.10660855081164647	0.6788893224823839	72.3575385776096
0.113960125298207	0.6094190265651123	71.54570334573357
0.06278640775593085	0.4583173921942482	72.88307825344123
0.08965725348536398	0.98821859462756	70.89973103582976
0.09960380938216001	0.7043605652691859	71.08303675428452
0.10836080193374177	0.588993955156596	71.09299541816956
0.08666984899716572	0.3937046523852655	0.3939390271211782	73.28543780889157	70.14535946908484
0.08014259877982154	0.6840348034402185	71.06829915567091
0.08208637713091997	0.5350538032452647	0.9350904394145145	72.33236378429669	67.10644612135137
0.05911294218364695	0.43358961258302064	73.6485520359458
0.0764471987147564	0.4390405769651116	72.43607349304895
0.05389668481673965	0.43039974458013475	2.5479773297283184	72.7105797055538	66.19628222737335
0.0075397503351044524	0.11055170277891752	0.5923984834771273	81.02605781278231	72.76101378719673
0.004208826393655871	0.05981048870581088	0.48130887988890725	80.48881649131697	72.71359043274164
0.01670408278776777	0.08844669482508725	0.5950777858056642	79.91071831302202	72.02221757318809
0.03402274731217906	0.6652568019149635	72.012928065463
0.06344001692967999	0.6109915331486607	1.665597072796502	72.34944351974248	66.52140728947019
0.06580103011937913	0.5402847661010033	72.4439897204382
0.0879611630504917	0.4039057545035947	0.5916176156704891	72.77262405350291	67.75113263611591
0.058674782545135515	0.43500360793961046	72.96684971581949
0.012880799735081879	0.08915603713294967	0.49812489358056095	80.77220049316648	72.33103550615213
0.050504060323793926	0.3576590642711475	72.66352763164957
0.06259241639868626	0.7087108280982639	72.43215679619735
0.040792121777665585	0.4911706887187912	1.0549508346127188	72.66578922405026	66.36185110989092
0.0567353801741304	0.7260884801822941	72.08798988970767
0.08140354718150078	0.3381868947591844	72.84217224181445
0.0899270420617256	0.5881790972769998	72.19871017832597
0.07804105210320197	0.618771293860659	71.23470343532486
0.049930889794181935	0.5501181052976837	72.30158299884563
0.07541963293428208	0.5560617600216686	0.6090620031135109	3.7756353207321305	72.1524363359137	67.3581432348683	66.21775722299958
0.018316644286353836	0.3932022107057156	2.6779347165476635	72.8499613348146	66.81954810863918
0.08448306326796189	0.36361506034684526	3.4602703681520084	73.18800700788542	66.31605146638715
0.08694970912733743	0.5320071432075102	72.62791286151239
0.08347239535400348	0.5242188120687862	1.213117979227797	73.13345717096107	66.54405513732611
0.0496267168609885	0.3685601006983082	72.63000943685282
0.06451375771709077	0.5342502681373739	72.6200749602539
0.04129985669416622	0.4645258336489098	72.60761729361309
0.07252284223905975	0.7698411573955164	72.11233402351971
0.09416184488384428	0.48017716883163264	1.8508002801607466	72.36635706262625	66.32897941365168
0.03312018594771613	0.040664910960803644	0.3435792267435122	1.9566450450525292	79.92330825612157	72.52936486191489	66.28234070845379
0.04841349782099141	0.40147075769096385	72.81180763176779
0.07237344985327368	0.42181859908439007	73.94158289243478
0.05166108981893547	0.37464270647429665	72.39441611771015
0.0792326728469097	0.4116697981668669	1.1201916001971082	72.82082161173638	66.45406705649755
0.06670068409139783	0.3528762758344883	1.0554431655818106	72.51728343968033	67.20241708101024
0.07280552431322186	0.4756152988800581	72.68801825920826
0.05032227837213969	0.5341920876971346	72.73427527657661
0.053924941580573205	0.5006045754682397	0.9720734101827349	72.54631639193165	66.5798789319054
0.037573848589245486	0.4767691035670759	72.13212470297063
0.07073630271371907	0.5690371635038505	72.35057450952615
0.029494014894996933	0.13519542827027778	0.46812094419920963	77.6801745666854	72.16711829684651
0.06092979032066204	0.7316677590978021	72.88583662663933
0.0927038948756667	0.4270101871412554	72.91462655496721
0.09645042536773683	0.5310418121747873	72.31702150680924
0.06621073775930239	0.49395664992870414	72.37132439933671
0.12428386304993405	0.5008384741386231	2.6946042484912955	72.20618172049276	66.27775327723923
0.07247167412103991	0.5016647446777236	72.59804461067864
0.0656674721307073	0.5529144921378446	72.95100057979356
0.09252552355651472	0.32115402268081167	0.8678587978878183	72.76629513528316	68.56921203210565
0.0689554209869304	0.28229753292475895	73.67783969439593
0.05682772653801204	0.45993742362546525	72.86964317273028
0.06844629423934877	0.35900834577657215	0.4607788534053412	2.0182383879465076	72.75055382699685	70.9566694599526	66.12266900753346
0.031141640280054877	0.2171294961107818	1.512657417645717	74.76388477927102	66.84576321443818
0.08512443258233562	0.3669579947146052	2.239554829506059	74.57183357232327	66.0990887687887
0.05609642932550922	0.37394337954489265	1.8450377504805702	73.96172210257812	66.40593637486418
0.07442907450763706	0.3198487431133589	0.39146985372867443	73.56466477142452	68.55622745135403
0.04869794352881091	0.5127327129290762	72.79757662270487
0.056447030977075416	0.46975027960915494	72.89366093227675
0.10160206158613636	0.4882895058742488	72.30231683155294
0.054208065086228094	0.5003827258796776	72.95495558388323
0.06046506728070744	0.33081222156779644	73.98753623443758
0.02655822720701643	0.06064289328606156	0.2131011023626204	1.1593492992104801	84.19652154391827	73.97997392447408	68.52032725911097
0.08290693854232431	0.49928354046715107	73.14660587661052
0.07587886327384527	0.007944357527599954	0.44451423604112583	75.63703400943271	72.46624632108218
0.0723228638308768	0.5351997860236269	72.30537174513725
0.04830364508203427	0.4929868495834332	1.183537125238557	72.64649397501233	67.4094466163499
0.06393626131780919	0.5173826778785248	72.80667842036007
0.02192927247535309	0.05221766169721752	0.355777855545191	80.5008665608145	73.26259297175315
0.0545112980797732	0.44213900314267446	74.04116207281511
0.10169509186643243	0.5209609494903411	70.93666591675712
0.02197998954116399	0.11022728019772078	0.46743184399196186	80.29048180955533	71.008617393053
0.10440715977175961	0.6507232811611063	72.2522769330084
0.060015897001226205	0.5320503497655326	72.70488302923296
0.06866262001683847	0.4684525434139094	72.76405022558448
0.0518146852879837	0.6141022486939969	72.37866828225268
0.0676024786927103	0.4570544020893556	73.14706426824898
0.06899361459595985	0.4701540756252584	72.5742326184877
0.04276167658327968	0.5495973513480059	72.5746665254453
0.2896661373928479	0.04751170959965014	0.48726653786078455	85.14808332061607	72.27610841808311
0.028995531874047444	0.039997441323772864	0.38541944334115263	80.41307580932916	73.49318613125335
0.03646189298748265	0.5673153677474289	72.60545527871473
0.05739255452058255	0.31186434525805773	1.0313534194707263	72.63660591767979	66.26838943335126
0.06942770438761289	0.3980220786528464	0.6675856641507577	72.93657224024264	70.34379378347246
0.07634299466085834	0.5668942436252318	73.35319508532032
0.054309150653146544	0.4274562273544615	72.43761527297129
0.10469275502022775	0.4592936262643829	72.56730451120028
0.029430764303707828	0.0727360961541402	0.4945488945088672	0.7630721293615496	81.33512690848728	72.5491920192687	68.7629275773607
0.09967429518864131	0.7381887016758162	71.02615825454852
0.06277885000790075	0.5581810636682756	1.5882337854282185	70.66781913776646	66.30754585808724
0.07472667138396966	0.5900629212747144	72.08338873295384
0.04015854719095894	0.1479995722886085	0.46708458335996156	78.8622203582309	73.22289925807836
0.04340324098264175	0.6010230837943271	72.57128856231799
0.0661950782444045	0.6130243082458569	72.33981715445323
0.07404129038908468	0.5393131310314537	72.00271935599142
0.06568812218092786	0.8270799052343566	72.62438520165682
0.027913797023054198	0.17391941463455482	0.5183047224666948	78.0835996475654	70.70899208743269
0.05565184175856026	0.6393550345230836	72.91923845142632
0.030414230517069856	0.47427964063205275	1.3075647764240215	72.69038379964687	66.39693981666164
0.047514950307716006	0.3638791351319747	2.760292891461402	73.4798718696608	66.18433535159075
0.07584961848874075	0.3379538904047552	4.265634005263848	72.12336879960114	66.15097246497422
0.05322409151952134	0.3882003247227483	73.02920279970448
0.06991509383938091	0.35155574856011007	1.283644189129437	72.55981353670265	68.32318657426667
0.06653371188984658	0.3847058879115288	0.8410393125979072	72.6221524071925	67.15234367341681
0.044679721548965566	0.38050303271720853	73.29310334763018
0.049507639897014864	0.5739789876888376	72.69785869070661
0.11066614873331912	0.48694666282327287	72.82793812590572
0.0592847361002809	0.4655397623613983	72.63018144150824
0.06651617791804924	0.5424387871800371	3.249620937670615	72.63454212050208	66.09203826173753
0.02672732943269131	0.6968288004285654	72.66075548351967
0.06472376117811746	0.4104566730117789	72.97436045866348
0.05290479371962329	0.5457335832433898	72.74903076273193
0.040265739958366506	0.47943962850612626	72.22041806506364
0.06018216563502142	0.4729252414677222	72.53871501339708
0.056868458825928295	0.6740678736456037	71.12097862537115
0.0360442505063765	0.45726834126771493	73.08236106956153
0.06870815829464649	0.6388975371717741	72.41850368587833
0.08796130213267163	0.4858822709515375	72.36810686769903
0.030291502115700118	0.4909131021331412	72.70815651526775
0.06705810639653798	0.5867719058562723	72.40095111477828
0.05866551224856538	0.4731052172432931	72.03300664766185
0.04484628536030229	0.523656584108508	72.71613408288161
0.02314236791270565	0.48392718665248535	72.12014312721105
0.09035691421350499	0.5289907384090433	72.41987935687995
0.045269887993936074	0.43270433683792886	72.5696823786126
0.08552491011053963	0.26663374693515185	0.5636580376664934	73.13545202013978	70.65513050275128
0.08048589507205203	0.5389023152640275	72.43838496264091
0.041556460663709646	0.516508963108714	72.75190473700862
0.047638863418773145	0.5862883825748844	72.60326786212035
0.0649685828396823	0.47872963047264827	72.53100130711839
0.06088185125818971	0.4274975508723817	1.9353921876031641	72.13521385863424	66.14049654512979
0.06076755452955723	0.4399391171829201	0.8910262307420426	72.40946952334633	68.6375774567596
0.08663015267100975	0.4911462392543645	1.314300511809801	73.76080473245376	67.92077040334654
0.03448033392358188	0.6287143813987439	72.99467996004019
0.04537472808934083	0.5554069255600027	72.74748305362664
0.017424768716523	0.07510733845656867	0.5633982115586902	79.7680077363048	72.32905455424296
0.04929917521520203	0.6746105865743657	72.80221193765634
0.045088722143935826	0.5083568671099971	72.48938583403495
0.029414069664997888	0.521608920800985	73.14021366470435
0.022944362857773216	0.5891170632114979	72.88036774473316
0.021090585203766155	0.0988988686993371	0.590297000720437	81.28083708296421	72.22330960253585
0.01234783542457832	0.06074132175031417	0.3775599715931066	3.279079236717852	79.05716255439982	72.8078379761685	66.42041314291716
0.008610034557518853	0.08332069049345395	0.45966018986446217	79.74300409901441	72.5333510827298
0.0047467930807342995	0.07054995383319446	0.4884136381393331	80.62100573882444	72.42085477634984
0.0046466904225247775	0.08613734104719774	0.5390046996240481	81.32823869324992	72.31330049467775
0.00408883748701761	0.08525784722948851	0.4001076954537759	79.95105023396513	72.17052162626932
0.056576780329023156	0.4102043878654069	1.4209635805207266	74.13776133025509	66.60242433671233
0.06550570349586962	0.5062136151905975	73.27708733503171
0.057184802680917315	0.5247481908498618	72.36629265223029
0.032569439204989975	0.6487627454010241	72.74949228815574
0.03077912695119151	0.729341040932496	72.6478376846336
0.0373917270679926	0.43003011671673386	72.41828514516419
0.04496825585001375	0.42276028201514315	74.16899553185101
0.055408531443294703	0.5583715836276115	72.48184317237838
0.056376216241800794	0.5661729929137509	72.18635534828142
0.06161375253742398	0.6098533765178074	71.61515850869709
0.056801927658899215	0.2683565628411612	0.5694927800520839	1.5923397323774735	74.50862269307302	68.21426352229724	66.89285364282742
0.03143078252846529	0.5400764699510693	73.27643316847222
0.042765960955437984	0.31278938459661954	72.81563378803806
0.05372598346274996	0.24649014288055462	1.2370464011276292	72.9260589552697	66.09764994767897
0.055439292553936	0.2603778661139815	2.5178226790729368	72.61017591030314	66.10633734701112
0.06861554154872732	0.6548894095789772	0.4374896562266835	4.506780891194058	71.01506166262578	67.42067003209714	66.06470297379389
0.06282018516893949	0.36083027790155325	72.59404476947641
0.07603823632780712	0.4799980015469233	72.57145883764443
0.04455278142339704	0.6830307692742353	72.74978571222341
0.04601109159733458	0.5525895742275734	0.6571486485750522	72.39482917903445	69.45024603860531
0.045932491841471745	0.40154536055683204	1.6798695863488255	72.61340354091962	67.37702712094831
0.05996060372515056	0.45808142492602005	72.51887312397834
0.06406389511268536	0.42288708238867706	2.4390088817685625	73.5619623413038	66.38648028412949
0.04724644582275901	0.501548055120782	2.2004988828327225	72.72777967224411	66.21924456189036
0.07292786310937968	0.3417601932704312	0.7526650962386521	72.78632562306409	68.66935528278995
0.0681623873560528	0.40591951976274443	72.72669021169489
0.053690421984882754	0.7303137025978164	71.97234049310381
0.05105377785497523	0.6109512631620636	72.61131307946941
0.038541439893046016	0.6193661578093231	72.15804004569829
0.0640480581453432	0.28872116240644696	0.5967107879571434	73.2284128122998	71.08993810006169
0.05112338827497499	0.5127828944114244	72.54603611216075
0.03584874023472968	0.09475781027498231	0.44479796967737706	79.16212955242284	72.30905304306313
0.07189116958523434	0.03830514843565249	0.37418512165939943	0.8079575721605814	85.64728149863555	73.01597165576003	67.74111822035452
0.06294870079026783	0.49386364306697733	72.76966743736352
0.05117800516096516	0.33265233443678693	73.3453032971941
0.06082793853656995	0.4179513533214624	72.77887074106
0.03925117763693838	0.49430510407941264	72.64503803671988
0.061442112689210744	0.39477300224054285	0.7305198423699637	73.40709707520311	67.93844366050583
0.08846312905229968	0.5899372647760392	71.41641229140352
0.0478539181353112	0.450796191611295	72.77652889215321
0.0959286882204006	0.5538158518032358	72.5317166846531
0.04504225869910456	0.6389799541886135	72.70705928662086
0.04074670511950201	0.5984876104915413	72.93836250217608
0.07497917978880374	0.5210921459138244	72.0964952767677
0.0624427743289085	0.47372448513034965	72.9801764358363
0.05403672215958809	0.5741260807336988	72.23321688716715
0.007708505805181333	0.07866162847827285	0.4478247984407992	83.26079424827651	72.39061630985844
0.005769438840849342	0.1508191280763741	0.587564718885032	79.68455040203231	71.21789359532575
0.00865636157320697	0.09855438368263511	0.35790972814016314	79.84906503174503	72.62361972535109
0.02842260880865929	0.09122531870254716	0.5376239066140532	80.30335624361845	72.30176321923513
0.04327570003549053	0.6187670214172957	72.92595369734968
0.06438711773007197	0.606755035036006	72.84923649993861
0.06562435686002398	0.4167706831930671	73.18147183338426
0.05899523423008941	0.504958862515078	72.17961038336938
0.04056056132981332	0.14128495786097914	0.4368040293816428	79.44385783198686	72.08274290121537
0.09251506410568565	0.40330011773711144	71.87992324977172
0.06320442937885197	0.4795545041577312	0.5942111816236897	72.45893645146995	69.34516787871519
0.02638389046510566	0.08404411057365445	0.6792090136695444	80.92927110616442	72.79435746339591
0.013023697964082329	0.13549664094925828	0.6153658223488306	81.55142038685109	72.39636917175726
0.01601573863964802	0.1286064238362881	0.4666244687463107	79.96634164627227	70.94673063996177
0.07103238722435411	0.5088032086110222	72.77409013533831
0.06590830111152561	0.4513767826579397	72.9817365340397
0.061696025957378615	0.5769615736978607	72.71844654018903
0.04542649880872062	0.4154241767205182	0.8573701135035321	73.41106280330648	68.7974496300141
0.05409239514928871	0.6395486879360789	72.67773589152205
0.06760936055591642	0.30757838842669183	73.0813050176108
0.06983697507344884	0.41799480375430303	0.8478892708678046	72.74927033079277	70.19269245457875
0.046483462837540394	0.42600286312816626	72.74670244039659
0.07565462406835931	0.47899896718881	1.0018703657873411	72.67375709648549	66.7951060149275
0.07004470098158955	0.6413550591746489	1.2015616509881473	72.02635213960903	66.37556442774428
0.04564633605673514	0.4522883084302621	72.62291054908499
0.0667087260907833	0.3604262872030027	72.14247530988688
0.06464932350405093	0.5655000667503389	72.32020615450689
0.06248898712396989	0.46110064689722813	72.75344796328598
0.08819638583230893	0.43762193603477173	1.966008026268553	73.20650431139623	66.24561299167334
0.07103330350894614	0.5037736916114749	72.34019786395487
0.04275202240671279	0.5627849819876601	73.03596107752325
0.04443963140011127	0.40862807093963804	73.57527932490116
0.03699542228377721	0.43975675274853676	73.06947585639602
0.06667587094480781	0.44896208028964757	72.67202448529929
0.052384248443952536	0.4230353173655202	0.7689679107366436	73.03147231113684	66.88003783026646
0.03738318896928174	0.597441337731547	72.41250209234511
0.03700297318394847	0.4893662417176481	72.55049740277049
0.05145553576202149	0.4189970828140963	73.32047517529114
0.0666153923663164	0.510136934789089	72.24503025786852
0.10320261572410873	0.459625006171421	72.2767977205431
0.02840424508871019	0.5396577136671208	72.39933364798038
0.06374902585163757	0.3973913462278556	1.4441227830203358	72.62951341734613	66.21482299257298
0.050178687543143335	0.4803419469262899	3.409348663445233	72.81726002775741	66.15085166763484
0.06268753600067775	0.30228526073862777	0.5382744326443291	74.28215407254709	71.61923798100884
0.03687857398495462	0.46773259119693567	74.06608604680233
0.06053047048218502	0.45633619630583644	73.52303358614613
0.06800196023736253	0.5443853273303795	72.33589914646588
0.054544509036567365	0.7566149687169472	72.18673758781847
0.08632130698852	0.5213238616185147	72.42562107743696
0.03681169129220658	0.6095980259951918	72.49106110707082
0.08362776233513856	0.2369479065318738	2.8375497476634064	72.8670207536583	66.08599621531206
0.10750696632028861	0.3990901689973354	1.7401278106384004	71.32243819312971	66.80364370987827
0.10293391243834428	0.41869867373404246	1.5831226672326115	70.87453644584275	67.0228900701572
0.06462812133280336	0.41902262543035285	72.53083752959017
0.0543393737400873	0.6595233409953114	72.68153176861519
0.04946465391299697	0.5838015777158422	72.44501793610787
0.048042255575525224	0.529849234335724	72.44457772943863
0.07587110931739563	0.4405532649965423	1.0027744600264548	72.29941385572157	66.2118781433344
0.046108065679063746	0.3538985412095888	72.73732259476769
0.05902918667219978	0.4966281911967072	72.7486668823688
0.08202833383287599	0.48188060304237734	71.90763163926441
0.034502206623542676	0.44034750699638814	72.63838740675111
0.04370160291591136	0.44099206139803143	72.86129332191844
0.07012264867941309	0.46822059364979	2.2218248547527204	72.5761625417584	66.09209430514942
0.08139827671921651	0.681873850755752	1.1872165716694696	72.10304168001956	67.10523796295224
0.08557981993619582	0.42549474190381764	71.89300457445556
0.06475658324209432	0.43516734931315154	72.60571316184979
0.10627109946205648	0.36166204754615916	1.373371045105161	72.77627096916456	66.56416672067878
0.023642090070532907	0.06079914674763659	0.2556878632934524	1.1608162624530434	80.32443317205943	74.05830441297705	68.90969262622052
0.0600045116537689	0.2885816290367246	0.6363041899326727	72.89358583862963	68.62323984796213
0.045240116721308295	0.4471532721682672	72.94100558652552
0.07824517462130297	0.6580264910821265	72.75482948337844
0.05635767110929697	0.46314995259460995	72.71634564021825
0.07483229020578662	0.39479410448573016	1.4167371158475908	72.63192059624186	66.24446834864689
0.05238200894854398	0.46131329428986895	1.2707274358312728	73.15628332487555	66.71619368620745
0.053184124924658745	0.4684568490172283	72.26512974745657
0.0342860710177344	0.5898674809906809	72.302345743432
0.07848265439969054	0.6072390905606858	72.4950800427121
0.04485999469752829	0.5067601693357	73.3712406508627
0.012084068818013246	0.10865464607740906	0.41367357593909787	3.0069237700805416	80.10209870445834	72.31748847039353	66.17492891445428
0.04846884812247432	0.3761526867443249	2.0527854966531636	72.50343215618145	66.21522249701846
0.06479158060853676	0.5372537114621908	1.4652770865808864	72.45414927079503	66.23679310610825
0.06447588397209733	0.3385747868100945	72.50397193691599
0.07136295036143107	0.41521166040832796	72.77316932099166
0.0537550719000001	0.04908972369572172	0.3712606498172413	80.41763843469789	72.57232041196792
0.06027070990848937	0.37104421985862673	72.687802172397
0.05574113513741325	0.4147863157994712	73.20151801607184
0.08418986872029743	0.4918771217663729	72.50574290944822
0.07487150971058686	0.4785283612285808	73.14545994013528
0.03014120739540746	0.3289421167434282	72.95172758301896
0.03507421702016479	0.48305283073733957	72.67874165722328
0.049463687973176136	0.3190263795837305	0.720149644549046	72.85164967889558	66.56959855879708
0.05841578018435545	0.3934819945723996	72.93392115574476
0.06657031399204617	0.5250318968490588	72.45389034179794
0.04562093056252704	0.4461274630202853	72.96798205365835
0.06595306978693194	0.36326284407848214	1.8483758422433625	73.58589384876423	66.1083602717578
0.048668132622310026	0.35601208630334247	72.9827563037865
0.017923795943470797	0.06673711967629571	0.37700780349570373	2.0927653169360485	79.06821790402937	73.3881304728821	66.42845890968205
0.05199492984653974	0.3517677606801027	1.6429531061200948	72.40990486714612	66.45216909032537
0.024621041891823403	0.0844471351035645	0.4933053666316404	1.0898945614706133	82.07857689206703	73.42047008386663	67.96582694432742
0.07260354686815855	0.08430903930383313	0.4659428152861725	1.8196543363891522	78.97374986136307	72.71559401912172	66.3579835486808
0.04477321830458779	0.46030353133200824	72.87765625016718
0.047050325536384156	0.40999275651245226	72.44896633011616
0.027456063706651976	0.24699395159286033	0.5984835936550428	72.92442019157959	70.82602629210423
0.05775238321860608	0.3960341272004223	1.0198616212596876	72.49017436354919	68.32435590708701
0.05817622495348446	0.32505116060374134	73.26478602800105
0.040361943442272785	0.37740912463348564	1.7098030042858523	73.7852901868612	66.6102582484966
0.06793471445031296	0.2889795461725441	0.546442934111343	74.54722229399614	70.74319645508038
0.061659066350474766	0.39030416134700857	73.69489325753018
0.07336311268205388	0.6612817685653369	72.85633970035406
0.07839043309208613	0.3359097333295384	1.3298563095311395	72.16440581077002	66.11165706183814
0.06966610145424001	0.5515252244447661	71.55151552623393
0.08518088775809741	0.4566062536807232	72.26621306750042
0.05570288664703347	0.4505378676701031	72.39205122343934
0.03954282016778497	0.3638306505421033	72.58397087284605
0.09756321258432125	0.5177132806159802	72.68151062615856
0.030276817534842952	0.4884458346983958	73.07829010225929
0.05478557456584357	0.4177481534711069	73.15928485811949
0.03888251923021037	0.7130723857418058	73.363388421213
0.06337598155225511	0.4038646253177291	73.74233509857753
0.04893623745923991	0.4586986414905581	73.374798776779
0.04365026843735745	0.49886365460760884	72.76522779561056
0.040286669474952755	0.6777305782229076	72.46359800598185
0.03652173661054006	0.36098849098633334	0.6571981815337313	72.84726970627526	68.21594004843374
0.04554441534440033	0.3467404207347954	0.7246655914164859	72.59568889527449	68.83182526060929
0.057506472238804354	0.3598235381759024	0.8443389386094853	72.17908936358668	66.55204746772225
0.04737072999139864	0.575924853701625	72.28379360916904
0.04747343287871568	0.5368010357169404	72.34717045219608
0.0433569641035396	0.44166659059398106	72.66180138797738
0.06182856309134728	0.3453578592085212	1.730006627879254	72.77216060323258	66.39641054583463
0.016636376009478173	0.10848691240241849	0.4428643714258625	2.1987627760011534	79.4145177735433	72.16744917187597	66.29708447881796
0.052993528291286965	0.45036686244011837	1.252214177691064	73.33350896847037	66.38529672841965
0.054041406730095234	0.39569720731184904	2.3947135230648566	73.40566578774052	66.19306576379678
0.08384892899778182	0.4822468421650848	71.63007036422768
0.06379694939871164	0.5410776467696334	73.28713569265318
0.05257532951470222	0.429069082716592	0.2424748036967469	3.884608999023056	72.57022848770552	70.57965359269117	66.2280114984258
0.021320302021345782	0.10779127913913496	0.4957862144575945	1.9827835833620338	77.27360520401409	70.58097768864612	66.26769450554954
0.04100100438413915	0.3500686203017568	1.0861762455241344	73.22036946548252	66.09478006037885
0.059858342086813225	0.39469889978425027	0.7441099265905429	72.96037995483273	66.27239215023012
0.07868295342293585	0.5993380641662293	0.5667287284065952	71.84345952941212	68.45564185950778
0.043227784878046044	0.43521916108764164	72.87363567605578
0.06664334680627279	0.5380030848761541	73.14950851661166
0.05129365290507432	0.6932124248437538	0.9261959834224202	72.63406762566515	66.92263265229899
0.048803332866024174	0.5181983965101626	72.65195783939876
0.0443459167257362	0.38264167476959987	72.74098594281072
0.017122469359547053	0.07689294659255014	0.5866249655716681	80.49154431327194	72.72342087524291
0.04725765639407961	0.4482377084179317	73.8331247493148
0.03561134454981924	0.5261790754808666	72.52439771165957
0.036551980558623964	0.6915332893509637	72.47183970254362
0.059561630887629405	0.16798871898289516	0.6011042763415755	73.15654704786735	71.03295515089196
0.029756347253909195	0.7041195597105462	72.42284838933853
0.05779502538116851	0.39693172682241695	0.32252752950782626	2.6572244074356446	72.81275288121819	70.43399788288532	66.25604481455393
0.044270424032612936	0.14117463430026023	0.3765510870366403	1.42062508940469	77.7021053401106	73.48983143125557	66.48447272422385
0.05070277708455825	0.4545664845593775	1.0520002943389355	72.58527861364831	66.78965092678081
0.04585571250472258	0.5952692955640867	72.38499035499667
0.0515648574959676	0.48475726294958155	72.78813286730866
0.05261807736765963	0.486292907062005	72.86977756366525
0.05359161580850662	0.5878029937311723	73.1819416802266
0.07404645479897931	0.49304277117254985	71.94880527061319
0.047396913395354894	0.40205882066595267	73.11898297016945
0.06862225023859847	0.4524713642904841	72.89348788973923
0.0872758906811128	0.4077254866004579	72.60405624081712
0.05983655438354113	0.551561465986338	72.80160887500804
0.05817736903248737	0.5062828928109064	72.5681024082203
0.1158653047438839	0.04908353322831683	0.3667538976130669	84.75288491323938	72.6785794506457
0.045017287684635136	0.44360215289127664	73.11023670224756
0.02669567780158864	0.20973187382422256	0.5386367044320203	1.3722860247528663	73.76606369264816	72.20612772239781	66.52400812522608
0.04468337197706089	0.12443580613944544	0.492924774474024	1.46491265674334	74.090881625426	72.66115438104808	66.93640287830794
0.07149466765038494	0.7290329939111323	72.58628513030315
0.06280925417466432	0.5514692566295012	72.24061950529997
0.062008228695071534	0.5326919560214689	72.22162257571377
0.05007965869798014	0.4006779723312035	72.83970770761515
0.10395262729340887	0.47142399057173207	71.95083449324015
0.07792472817475614	0.39976060041619516	1.6043890244563213	73.35232616074555	66.38370407561503
0.1019341969514097	0.49066046205177866	5.52426106271902	72.17008923565025	66.19729811957414
0.04535988033501903	0.37963252194388236	3.2547789341897837	72.77045808248612	66.39827234573802
0.07717894105553362	0.44406668039118763	3.5775802472212344	72.3762617327411	66.06566278776243
0.06442934536229265	0.5259036407157969	2.4665963276185643	72.59785028784259	66.47875838568596
0.03546573303592912	0.40938154147961336	4.2139982815237556	72.6867439469877	66.4071535272595
0.06982894872621097	0.3647665185619629	1.556195144656721	73.84444045408527	66.26280863795611
0.033066616400082	0.38513288769475984	2.4742257758187662	72.48918884226691	66.20192401579004
0.07693180252534484	0.610108654978856	3.014623385626213	72.69076826243426	66.14538855717008
0.054262342497421324	0.4789884800526889	72.66775292913918
0.06165307074000782	0.38628963667279714	1.262640162489342	72.83734347260348	66.45573110111769
0.0707516548616683	0.4158996831228793	0.7080036438206077	73.98336778135523	68.60990147393814
0.0671127353190174	0.42275978767214056	72.86641168781568
0.05494353141290902	0.4428355820850224	71.88602915556724
0.05375426446133641	0.5677329933265262	73.01061498017948
0.0411339186619293	0.4712963493606482	72.66236640705479
0.0453863761075911	0.5097226034142585	1.2974003051607899	72.61166153630384	67.46213533231563
0.0533650516034034	0.4162829455708494	1.2966073640835578	73.26157370735797	66.91421451502309
0.06097084602237441	0.5902914751820696	72.7597737625943
0.07142843848486612	0.5254388517469611	72.47909402445475
0.07334279776807455	0.5977047439650076	1.4934331414535265	72.55597236464965	66.59367938778452
0.04042790645288458	0.35014922425382317	3.1140478021043045	73.7585922327631	66.12429675541324
0.05044649237135723	0.42441808215152454	3.3145757636521105	73.29253829345782	66.12030694113679
0.06372441913570309	0.3523764312541679	1.0261683789209366	73.30538894831089	66.72171196159113
0.0623660418847861	0.6228647904374945	72.60428166441928
0.05337745600479659	0.513017567155562	72.55553683844492
0.05392256497213337	0.4095338522372871	1.2763085308457631	72.66819315347838	66.66609474588559
0.06041904328170877	0.5643162664648986	72.812706830939
0.07020596000489034	0.5090740944724925	73.49994562359419
0.020223448562946448	0.4354625330225788	2.069395899761967	73.10589964479743	66.12639957121064
0.05228244578231526	0.4362675075031903	2.2221712882033104	72.99204926900615	66.29535525234215
0.058021705967438664	0.2602803689615109	1.4897975065849358	73.2533778553365	66.35527228753594
0.04722814696415078	0.40029320316038164	0.9998222456925208	72.33887470351301	67.90003075549562
0.06413669581942924	0.15266965541965344	0.42951146606987456	77.56130822482027	72.61078969148708
0.0682023425309335	0.5215555054823282	73.00093136753392
0.051512103552625844	0.7870622196108029	72.40596960372083
0.05837000077313996	0.5696551818386489	72.62489858887909
0.08242394931463523	0.6072496983554712	72.15390843203917
0.05399797735538777	0.6806607666742016	0.1681500189663051	1.48756867542472	72.77236787396536	69.3642187853993	66.80568985634605
0.046820460650514775	0.3592136041040388	2.458038782130303	72.82960684132946	66.1199539968911
0.08804332157035542	0.4552523667370704	0.4857955732422529	2.4362134815485033	72.88038681119939	68.45823311298405	66.40983756273957
0.041815462725236126	0.4459308552509383	1.5084584484180348	72.74641417875202	66.5181046804443
0.05714033492644826	0.3140535048606861	73.39599517178293
0.09125041287327186	0.374676453168948	1.5417312000609802	72.44773754001368	66.4131665382465
0.3061564784757887	0.08160772092821614	0.6768641594296413	85.15644179123154	72.32325486445416
0.05868646852368094	0.6202131438140539	72.45323370606894
0.05989655565420528	0.46346723012952995	72.8035971728994
0.049447358537444454	0.3308975181008451	74.21184365959694
0.052759040749684225	0.41597878771054175	74.23021890298324
0.08303828110429583	0.2729974238129958	0.5826470610612866	0.5147354468950771	72.93916958730526	71.01237088866759	67.6475433102366
0.07225732712831619	0.34437017078909	1.1187483119137047	72.65691698957059	66.9244190945881
0.07341016964058479	0.21225357835939473	1.4602134851832695	73.02713538223259	66.83327741712765
0.07176551467713724	0.40185585496876297	72.62137402567612
0.04540201978244066	0.3743934749066438	72.87318466927178
0.06146842241045764	0.5885735920826393	72.1166993012324
0.10288938730700656	0.6387527456507176	72.32611516101699
0.11355852473880579	0.39011979403195707	1.3050798279205431	72.76294430562635	67.92215097112025
0.027935250374604256	0.48227858431915865	72.76355398282581
0.04130376910263892	0.5334830589576987	0.7916645257230168	72.3874799063889	68.65013749061953
0.07691412370379513	0.26750460789635533	0.6074830950394116	73.43706726797953	71.56901992158558
0.07466627593984307	0.47871550024388476	73.52687964884424
0.06819445039308364	0.08949918593007705	0.7124910047198852	75.1789262524446	72.22789818724536
0.0809785405739965	0.3741309805020378	72.72437226909571
0.05435832092724997	0.544556382631641	72.3525078190174
0.02652090103375548	0.6809565502928582	72.20267042110554
0.036224359784621005	0.552647260075161	1.8715544252586322	72.59258380772019	66.30281949854422
0.06512141279938277	0.5741320858176766	72.26185931027914
0.029470323937055246	0.4083981664081201	73.0789965906662
0.045233481625205345	0.3885858746928609	73.32692710644875
0.08143074209962943	0.6885583378071659	2.4751335384769764	72.19408664351599	66.07939220815443
0.039247003836993366	0.04349253665902443	0.5669042585898738	83.36296700667631	72.71597376056765
0.0781275166378502	0.3781738765659059	1.4252207200660247	73.97093378812252	66.19351805465828
0.038640928597885954	0.5447338383729706	1.9243036103060494	72.38849932352943	66.45838394441785
0.07817277567680005	0.32429343346234984	4.559435553041823	72.37265714608237	66.3793543223543
0.07437665127473517	0.2860060109783248	1.3272766187677134	75.04325172850311	66.81760727464093
0.06568862051547569	0.4134965257419465	73.33613985094146
0.05455624407692584	0.3872867046046261	1.081898512089921	72.66134029700285	66.56465585231182
0.08530616003397294	0.7720277525106807	0.6396392105656996	72.2042998693741	66.41340232608175
0.055855904100540865	0.6408093406302239	72.65230233934588
0.0456154204399331	0.551354879970948	72.74327135053902
0.05405326299998563	0.4742850402198319	72.61173874771345
0.1583998727458941	0.052609240124974845	0.11766802816029194	0.6048570123901627	85.24253331367191	80.92099092908799	71.10975279852033
0.054494037002055545	0.3316095551270361	72.63069446688023
0.03566844745808089	0.49856907986061694	72.47169396241857
0.0452751671725199	0.5687612718242954	72.37410622982087
0.04005881030983634	0.36028357473354156	73.89655590201204
0.055010371333919256	0.3466805253208916	0.5120334074146555	73.37097579573211	69.8125758329939
0.07922751261608715	0.8489190044469433	70.73473150799478
0.06890587788038001	0.5292039380454235	71.95811264872836
0.06701396339928144	0.400075578442934	74.49096408998338
0.08625394626968855	0.5196344685767469	0.772277192133102	72.49775196485419	66.21820389435776
0.036952202520514975	0.45300060085870825	0.9773440531854091	72.73400173197705	66.57473580844349
0.06155672754340723	0.4223024436574054	73.33245132059203
0.0647259618678372	0.3507424180738873	72.81808126332706
0.03502011635735674	0.5602671978062352	73.37135783683959
0.10263901979559106	0.22009576216866547	0.7033379013348708	72.70498923209662	71.13565931065327
0.07689542236990538	0.4153680603086545	0.7510268621137415	72.09705911440804	71.07905934245574
0.025143457527055574	0.35436970745745144	0.979202993258887	72.98683625593631	67.07225025585196
0.069754753483774	0.5621313615876812	72.23293493938776
0.04490108069469274	0.45665879241550256	72.4212261803236
0.06700803426496126	0.7401224341549179	72.2070521018226
0.0700835965721471	0.3799850986934729	0.6268855548189679	73.3727298444294	69.40273565544808
0.06640159738060059	0.397559855637407	72.6535310456269
0.06651123731964204	0.37855731959983807	72.41878578639275
0.06636019521235645	0.39398536432550035	72.83353560861617
0.050900925004712355	0.43247080834560436	0.6122623341741221	72.94638696143883	67.95481999549544
0.07738158178959448	0.10497495594982623	0.5240483270423655	80.08019326652662	71.37725049183396
0.006605134535208318	0.04506453362890848	0.5245153306904682	80.92138279916422	72.89073362012651
0.062071527446362934	0.5013049667247965	1.2456031581739146	72.86238620852198	66.82248519967789
0.05097619061589468	0.528033802054777	3.731336356218476	72.7221147177758	66.38764225054594
0.0710493068596819	0.6422945338156059	72.25691261621493
0.062072341387156796	0.057810481680825664	0.4747474845722656	79.34910200675914	72.19273313913045
0.042404207487084525	0.5926420645564406	72.55360524388234
0.06535127745391023	0.3371813165740346	73.19767699633537
0.07091589280859746	0.9816401871421943	68.7897704253388
0.048724502433812884	0.21768507572354379	1.0877926482251927	74.52847636833378	67.98265207737545
0.02498947091315965	0.1565838644469389	0.6751554499999238	80.86658662451542	68.30406442378104
0.0657665547684933	0.14138125979245378	0.9764651227934782	74.79993884341066	68.87859501093014
0.08394629904672407	0.584292608438563	70.87717477424847
0.046845393743670166	0.5721175307664719	72.65256299597908
0.06297273717348244	0.5038825979081298	73.25053004778101
0.05716951664149421	0.5107388104645765	0.6374554791114252	73.18812488576354	68.67773829610816
0.03500140905832103	0.5971401027467235	72.85832163208244
0.024972116078473987	0.6154386235130226	72.68796766312362
0.02236337224186473	0.10816910368429643	0.525650929890058	78.71961311851234	72.56958490738214
0.06093678748565523	0.4915865726462054	73.14844496474502
0.0874616677887838	0.562143881931143	72.6237551938975
0.08980312204509945	0.8991399681034872	71.2694905088256
0.07715582326725287	0.3495075992473329	71.99287714217877
0.07081679050636458	0.5828713867327298	72.56346292438639
0.07442243060659966	0.32519036586518857	1.1728630925781018	72.84477686444619	68.73844407862867
0.06253445136911033	0.42792896749432824	72.06852043423349
0.05296089865856349	0.42068911302252593	1.2271917133783177	73.16611943896457	66.57782524395257
0.051924453366480626	0.5376449110137134	73.0845435385566
0.0879723744810749	0.6603500493304386	72.25557211394309
0.05927114326013199	0.6738303836824029	71.43111230110766
0.044916261321267185	0.542127262530612	72.62039556176755
0.05537277759733354	0.865874870782733	72.35181377203581
0.04007149384546	0.4336697978684665	72.73886216860677
0.04796630729107397	0.5611803598800142	72.88889057329632
0.04746541678896293	0.6160505354661843	72.5752205462168
0.03629897253243892	0.5040015073806218	3.791960425223166	72.6846395148117	66.21647996883155
0.09292703801704566	0.4217064025799077	0.81156877664809	72.96643133359044	67.4199049627487
0.057042509812039364	0.37290637918218766	73.90885055781692
0.056919399098815375	0.4684918372941554	0.2728112303480977	72.94714972043884	69.46095289771738
0.03501357068307364	0.2895019581001722	0.7152407376524154	73.25307483111959	70.00023580006005
0.06171208844612405	0.4020577645348437	73.15762398550848
0.047439546209486164	0.357104328257267	73.68878825302538
0.053508951011596494	0.5111680221942161	72.67733138939232
0.04395482600598925	0.5132270213788408	73.26516988291478
0.0771237340738471	0.5475522716887453	72.7758324966578
0.01714791527219198	0.11823242583552265	0.3820422644055645	3.0372716753919655	81.24784945979985	72.58711525666871	66.22127732396221
0.06661412252345306	0.4583022716355183	3.0240904869391745	72.56965124282657	66.25681180953377
0.052893029050331435	0.40832240232282013	4.302405227676579	73.21221732309066	66.09761416994795
0.07046275504026268	0.32789028204288984	3.510965851073751	73.27513275024016	66.15015896252179
0.061524680890676475	0.6188692369188208	2.236916834453987	72.39342990420936	66.17445424390519
0.06094012392905515	0.8854093433661785	0.5850914358109517	71.57539818068314	70.27457388544998
0.06020757994206819	0.39456104540399783	72.5121063201451
0.053858850247287655	0.5660676290464655	72.48706780614347
0.05691858887595414	0.3889357341003816	1.2066476844084102	72.94806765884933	66.65799966527328
0.02814134965209798	0.10083914746274618	0.14942090710581477	0.4443685679613737	0.8612563852735107	79.2770682340929	74.38345938079479	72.73256426052343	68.15333550059728
0.0485456998297708	0.24065606383364144	0.5906273268606114	73.18328897393242	70.36557919198899
0.0766191781535038	0.5880910284551993	73.09685927136594
0.04257158709060667	0.6030118285109884	72.51882111714727
0.007816731938933936	0.08242722285533757	0.4185817766659753	1.1913193848113897	81.41692494904923	72.84679077303613	66.30946279696867
0.0045435488334890205	0.05619569713429941	0.5097556065962506	81.67458412015192	72.71413011850497
0.0026634476460055214	0.06856499703496247	0.5171172439345184	80.74464296521565	72.64649793361792
0.002056383154472256	0.13134548653696781	0.42033928542815563	82.01196422593542	71.58783757859965
0.0020734757994975333	0.16172801798998618	0.7842821896581235	80.75706370945697	70.64532404359252
0.00230335145551663	0.11240682393594208	0.5695364294505281	80.85384671336071	72.54344166392461
0.001182213342068207	0.09119411245393413	0.4013131314009404	80.14695255079954	72.50078594565474
0.0012558919369216725	0.1491376849111401	0.6021484448198107	79.62438262749939	71.62343259294808
0.0014175464525991173	0.09069698600426149	0.5885235807812133	81.87265867501736	70.9632510328341
0.001549141227781685	0.09115220495353488	0.29528869879610353	1.1475798527938494	81.02177144401608	73.37976586514257	68.55897364603373
0.004081669644877282	0.12024342810964797	0.4754415447935842	81.03511187108451	73.15740226552215
0.005986608779993848	0.058552448381877696	0.3843944642986981	80.07786637290224	73.29895217315307
0.004276499369739016	0.05109552853028735	0.6643083532895734	80.59696264151235	72.07996352106228
0.0091394945941715	0.11386620410888901	0.47810638954037704	79.7989972459854	72.6936335995631
0.01606129945182391	0.12456610514550283	0.4871788793074197	1.4216459751702692	79.10548300191915	72.2713374511717	66.738955215823
0.047091725259884885	0.5064731205774752	72.93072629386604
0.04910214803099056	0.3983964246738542	73.11823828330779
0.07383291451599211	0.4501516173370347	72.49851293643785
0.09164204734912679	0.5056205895735242	72.09043960502166
0.1004778690607972	0.46072523341102395	72.86441483108148
0.05510060504356187	0.4342875336725987	72.9967153935
0.06780780944686028	0.16945047925132792	0.6833347974556268	75.06007348309359	70.95276913462168
0.05213049112009124	0.529479358231831	73.00448983253209
0.06989053336776885	0.6158498625695521	72.37035837500912
0.04760057100950988	0.5435191074297957	71.0865170698601
0.07192383656613303	0.5256929918117781	70.78196669862061
0.01997094771506168	0.09688843948479962	0.4441835940975663	81.52623760823076	72.52242002633905
0.1016320987213818	0.3437503494514905	0.4945290345479208	71.87769816367653	68.16185097633979
0.06837545806766991	0.48287636795015026	72.95477081018846
0.045204198242577126	0.57832164005295	72.55332402204891
0.04187796607276348	0.6125924242943219	72.2529565034054
0.0491728665393629	0.17735394715016375	0.47940232796236226	73.52720778947536	71.87620537107911
0.031433235593881594	0.20192866439487392	1.0367858994509425	73.95213354619503	68.94895439400038
0.05087871891477873	0.6612892169639749	72.84184457989775
0.05589836362626034	0.43961640655865064	0.7948725115540395	72.46605169847298	68.42962620752165
0.08328101858394839	0.6212623821359067	2.040701351376512	72.44840483595698	66.75896699819637
0.026065824934226482	0.584880782871593	72.56880937862033
0.06259878195080058	0.5011222759681558	72.46406013834954
0.0442799764538832	0.4951458807779074	72.48030814546537
0.0021685545624590837	0.05503727836666262	0.5410384121687527	81.07700587276678	72.28027081216244
0.0017772953124172797	0.07634875618812233	0.407355007854869	80.74228372944049	72.2924092042454
0.004995903784682192	0.10375195500824151	0.6546127188252414	80.90317191297797	72.54758867161452
0.007545944309711166	0.05216382603651786	0.3654869395873691	1.857655038807337	80.53584045048378	72.83726704749749	66.5678350918039
0.04539902975933066	0.34739698008876113	72.94446994743659
0.08587074528230679	0.4831028956537214	2.495710785001918	72.71967734143598	66.33903443558353
0.05672072696178203	0.7362534829786295	72.56053454016876
0.013866911792693067	0.10462712164032908	0.42221220879374194	0.6195829811311269	79.0887434060962	73.0793296064289	68.91110850069617
0.03526062803615312	0.5297971564585714	72.88304388511858
0.0511683267359041	0.6125882366136166	72.47303990398838
0.041137582027482786	0.5038660435176048	72.45667085169983
0.03766940736312286	0.6222064369777127	73.04693373852312
0.03314314048296866	0.5248274311389568	72.76503575442122
0.01192285690471906	0.0586098873568954	0.45333046723919374	1.0786148009994334	79.39652296445281	72.47991771382226	66.10307132078042
0.012705419292183934	0.13802404086569323	0.38867673664144553	3.471493217529531	78.67824201902884	72.39342747424085	66.11490453886614
0.012127435863018081	0.130753565887422	0.34898472014167903	3.678626809498778	78.49711769804848	72.98352720679493	66.14039620221003
0.05757896902200935	0.4861814096692559	3.7520366647283936	73.54145212811893	66.15944801140239
0.02650688584335737	0.47701418807721613	73.64590859156951
0.05308281667232718	0.580634285492606	72.53181290333255
0.04533745853299015	0.42140235234105594	72.95730924715247
0.019653603359336233	0.3681538075435913	73.57519271593922
0.01401333418938243	0.5285310139095704	72.64609835350875
0.047884551924842894	0.6675095566907796	72.73758906775291
0.038573988433084135	0.39612142082904594	72.97014440066204
0.05529268310446794	0.523335949395423	72.72089732426235
0.050925470427352154	0.5782028297050918	72.17399693697773
0.042581027171195274	0.44919937482148076	72.94654859644916
0.07046164273340358	0.5942945345375228	72.49098918248666
0.008038591896842638	0.05845296688158282	0.4597765172781862	81.29639883705138	73.39360904437312
0.006976186023404751	0.063131503460889	0.4044252207797731	83.90607137977618	73.0641305514036
0.011589737754792093	0.09464470170955075	0.43661702415941156	1.5580984217652951	81.3405771618418	71.40671378668318	66.50593319399516
0.03794340868761614	0.008623728729545456	0.14097412276682644	0.4301231894854637	0.33495492019186945	0.6599140078612931	84.23915317720355	80.63341518414028	70.91998787403219	68.77976194756492	66.37207585439211
0.026959955600536382	0.06931785742200854	0.40342751252290787	2.8067377026402385	80.98789476777196	72.25589023360091	66.71890245284959
0.08358282987878034	0.5673788372276276	70.99791565721301
0.07204743300155945	0.4034040692894883	1.3396856721803572	72.66012963475816	66.26540470667703
0.11379784122782116	0.31801178240172645	2.166787681231465	73.7550661034005	66.1549600261735
0.008473510468441773	0.06933121090334306	0.2368925759778695	1.3050853355456604	78.37420481050219	74.20963513408935	66.11621494823636
0.008233157910731296	0.08387530730985206	0.22164227649463664	1.2407631518487	79.45226930742805	75.33294763172118	68.30063417479927
0.013132032017313664	0.21837147787797465	0.8454085598417893	79.39030858258249	68.13826874379987
0.0067669671335829655	0.23484542596792632	0.999029679264223	79.26714070246423	68.81914212135534
0.006643960812534327	0.23394349249285007	0.5992095274023074	79.02101218523403	68.67622630187753
0.025563752818012844	0.07614509098585352	0.5215288145619624	79.2689361581968	70.74595842216974
0.005037813965821454	0.13349246856123115	0.4524157383374416	81.46249773427877	69.5894693943916
0.008995508130546757	0.14792149677126087	0.522762869683338	80.4245142798354	71.72595784027664
0.058361175956389025	0.43733086469391735	0.4682181596209791	72.78814297334841	70.45214356762061
0.05385385896192176	0.5073350726139588	73.47491784178878
0.039917312843410574	0.5989729770990901	72.94490597582895
0.0483224401519392	0.40951118334307696	72.64915922845849
0.08685173699679455	0.019147212130850865	0.07952474049275592	0.3956037442981178	84.51519229456808	80.26859601240828	72.64563344558991
0.06443903926987203	0.5224193058397508	72.85667608483199
0.03475577015258611	0.579260763687663	2.848173987894884	73.16489132561263	66.06861871556742
0.04411181842198053	0.413914040085074	72.81593925265868
0.04291857884130295	0.4568074178702922	1.3919239104726262	72.80189175364391	66.08443957303037
0.060449955807075295	0.32309403508621354	1.675213467185569	73.192059785013	66.19433318549018
0.055837050677433546	0.3544520484094592	2.40014504358087	72.82787573620915	66.3638511312156
0.04501877686169396	0.427446545735373	1.2913413061663819	72.49951018970707	66.19322992501112
0.052212178273551735	0.36137308868996393	3.6446778442175702	73.5347157006679	66.12806994302467
0.10391436498397932	0.4851076010326729	1.6696289995128955	72.74768915680924	66.62244374535666
0.06821714532611359	0.448212975147571	72.61628390760981
0.045498776687558015	0.6742516246829575	72.40453268206392
0.05838789859949407	0.6027652407124701	0.8172245394218258	72.80466935163479	66.17639099923777
0.06155123257333499	0.7507690290330826	72.58160993413111
0.05909782690031083	0.07999651579257278	0.38063590077876913	79.58709315335537	73.83161703979707
0.06842881584149577	0.43223261799621726	0.44595041067725666	72.70689976373355	70.09304150026351
0.02301031353221033	0.0584372328938698	0.34959718866304973	78.80042403768843	72.74664133523603
0.06365777108970382	0.07159126475350215	0.5985330215570663	1.5003845626351002	75.27133663907973	72.38742118477123	66.25435772165984
0.06462927880161343	0.518970589680573	0.6457397806478199	72.7304096392567	68.57939084326128
0.07002000689305385	0.2642169873160424	0.8059686261343816	72.12500169824405	70.17569505045475
