0.27685356190982546
0.17846753375556484	0.10039429954783752	84.92202537741706
0.141449886691844
0.11266290918273128
0.12815077433209945	0.28300608399645083	71.07532003825006
0.14664611951511852
0.1809604280341124
0.13830840633142072
0.11660871245243333
0.11920032613078062
0.17736548672709077	0.12479071306515276	81.65060759785445
0.11707124311598284
0.1012855302060646
0.15147468162555444
0.11337807210631673	0.1664364506686043	70.43535959551951
0.1600048448022532	0.14043840181155884	81.9615630826834
0.12731211746725052
0.13103227524116073
0.14719869465193955
0.12263193141936522
0.13524560057399923
0.1330694887413658
0.14184954595107574
0.11848323226610533
0.14879733997741146
0.11599756332148316
0.10050581866149814
0.14910668771761965	0.10989818345895865	77.8964835824711
0.12113492084362983
0.14636760952043457
0.14672311787339062
0.09974800144318362
0.13060834969062432
0.15244797754344197	0.19182627461672172	75.86987431072575
0.1579312751260942
0.14453386455076994
0.13231854148441574
0.18198385428638386	0.06984806643828113	78.28203167840121
0.46347041815963935	0.13741229717853423	84.7369640936664
0.1151725677557024	0.298724824963947	70.91451798225854
0.22236131845603618	0.13442292930645117	84.80968262546185
0.15770425733973448
0.6154385455872375	0.09690188697808105	85.36376921981336
0.14467132305885105
0.4989814290896355	0.15251458570272064	83.96014861924658
0.30624948581861977	0.10265542554674015	84.39658089938939
0.3579079879750135	0.10930048154067294	0.3355723585498419	83.86597292262631	71.76547252386088
0.4276730174021678	0.23516597068796644	0.15019291371961568	83.61525084534271	82.45186406210559
0.5343482822001959	0.10570618436296889	0.06960612298479628	0.3199285555560831	84.91360461334396	75.40590293861008	70.93086288454874
1.7353381344508896	0.16546033055886547	0.11677829799743056	84.58802263413017	76.46200983114622
2.1335100789429235	0.13077312652778458	84.72550817783181
1.0880785846132037	0.0964110100890282	0.2841088246364951	83.674074458624	69.2059909925791
0.9116386732218109	0.136218992351649	84.82751646118284
1.4816819433682737	0.10029976455393938	0.2991675553935162	84.38044008371114	70.59867869360724
1.6507224800171707	0.09803995619042154	84.67193098159844
1.9623744263834582	0.0900261574295328	84.51439932561338
2.5921411559633603	0.08002737943057349	84.65626218053782
2.911654379000176	0.11865074476142957	84.73642549589333
1.8801896689395865	0.07521930527286436	0.09712704487170776	84.78832935455398	78.56047062989094
1.394691654326304	0.06942515492295459	0.20030363358666217	84.61857507494682	69.46355341285422
0.9047735511636285	0.09380022383729097	84.93838765490254
0.9198426037536588	0.11993345693706761	84.13831180214451
1.5748939578713659	0.1236132923509083	84.93206444748225
1.8672494784926712	0.11021031881862449	84.70400150285367
3.0183934336328253	0.13137130407952086	84.73046728800963
0.9476257012175315	0.09878893141874814	84.41252563095932
1.3137901561787622	0.08926283572507189	0.3897009303056859	84.5825792282347	70.66341312784759
1.4452206652509363	0.09007996583042319	84.29238746081334
3.4973699238138884	0.10223656602560902	84.61252662283505
2.2058719755993605	0.10406350345336224	0.3654838961753752	84.6679713659087	70.71343296935527
1.8325920980469876	0.1574669903275219	0.9226488408519941	84.55298463103732	66.34239847003286
1.9504558500108622	0.07840696667944479	84.81645284029369
1.0930474812321251	0.09326064987168413	84.11833563245513
1.3624816108533335	0.10601193390108363	84.63219433334852
2.374695821837986	0.09750270507579942	84.60420304339806
2.358288119383499	0.10049186078585388	0.11027779501848883	84.68849080413361	73.99217887664594
1.3995194874986616	0.14285156311228464	84.81391934149586
1.6958670579282138	0.05652077179087492	0.09905948199750482	0.42037078380834664	84.43810915757203	82.21599182407566	70.8189848465503
1.9144867836384527	0.09246922362816204	0.3391298846329177	84.81111320520252	71.08071257614746
1.2789032079914158	0.04982901647580682	0.22147945772776756	84.67367063623921	71.1600991973234
1.9532684150797934	0.08476409463264979	84.87609690011287
1.7165726258232348	0.09659904896408976	84.81514791221477
2.6927386957478734	0.0972584883532573	84.59695763240119
1.7702925049318707	0.08178924218128174	0.13789610387471168	84.68906674060962	81.91175855761198
2.9395429534753887	0.12224043442770789	0.26879844172473377	84.84916250545528	69.81421061475898
2.2725354309127375	0.0953440767194208	85.15004780217723
1.1844618697374258	0.13869804015946932	85.18968509183121
1.5134492434739364	0.12700101806677472	85.30543557834928
1.4270404146052265	0.08981341276225867	84.48717178110866
1.42187483829231	0.14194765343234392	84.6761771210538
1.281208023677278	0.09437114715479869	84.59159597442854
1.3517309164409121	0.1081184890121647	84.63572493638267
1.4192216682764254	0.09152911824968721	84.88027569348506
1.0205782766630769	0.08823026091267878	0.6329081485824865	85.43874057973179	70.69359806607164
1.5497468771309815	0.07346679658462096	0.2159665611910931	85.12636078488356	71.3968857277144
1.1087882880312725	0.10694384994479952	84.3969496097996
0.4987928760232881	0.08575350663279122	84.62995352206899
1.249123902866759	0.17502740529705607	85.12923307624553
0.6622974600274388	0.08577769837492141	84.456545965598
0.6976443693836427	0.07951507181162354	84.50663223396823
0.6106719306484842	0.11711276315076842	84.71662499259975
0.5226283710857943	0.11234071758718775	0.3486404709546551	84.59502952811805	70.906090261665
0.5466031861956627	0.08546547384042068	0.39444109307372227	83.3397563033541	70.810674209054
1.0912988595792898	0.10629425503675426	0.16811923259094583	84.66917084510398	72.59494671286069
3.8512940944766774	0.10665191154130144	84.74052045982154
2.7430250499189106	0.09066891673414015	0.39814889034806045	84.6398087817731	70.96555550514711
1.0588025627103874	0.08519806056231517	84.5469769406465
0.8529540732468773	0.08922702206306149	84.43292563134439
0.9609276066151151	0.11268101664620545	84.71516704052004
1.0860344896585619	0.06750782493942714	84.27906878147138
2.1441639902579723	0.10659471662747631	0.1869540161103243	84.6014377691225	74.95938333491206
0.914086562012809	0.13696683708948998	85.12368947997528
0.8111427190690031	0.0693695692203377	0.12515717837380097	84.53801876257917	82.41430752694536
1.838122573824382	0.1194871850289529	0.266511910042755	84.79133941903565	69.12246189755005
1.6138849493228977	0.14839200176239742	84.69017736472794
1.4757768515200251	0.16100510524727574	84.66918945251646
1.750814097628588	0.14294926099905902	84.6440715297514
1.4796526010287014	0.1345428354964232	84.76220059005016
1.1387646621564191	0.3976458432035025	0.11675128357331108	84.49987885883418	82.49033566032183
1.5637290450019647	0.34773371281304727	0.1355739968778604	84.50069692668896	83.41430622420447
1.4914004979359503	0.129950306389231	84.4093450490569
1.114696621370214	0.10766906626772045	85.05903441949702
0.9878939361215532	0.16118176742451754	85.00981234428416
1.1398751737540416	0.08166233340258414	0.345732157547514	85.07806488761628	70.91287762768947
1.5447768259050971	0.09451013079690346	84.71223373210891
2.1980938812215554	0.1629034031647248	84.68608661126979
1.2854817745550216	0.10713644145640946	84.87966521286971
1.5424179509099374	0.12038344256213525	85.08304562455727
1.8860850353468468	0.11995382373170843	84.65521139824502
1.4160411602077299	0.12476435279074488	84.08255993295036
1.515491097231859	0.10559837899154574	84.73668323042706
1.2421229256631396	0.0995256813984729	84.72934741551427
1.3000260873597929	0.11599782223278854	84.25273804479652
1.1159028809490243	0.12533491209086692	84.42360817868264
1.02121544852545	0.13310569333772868	84.91329967467932
1.4283505518856372	0.12451904581350971	84.76475448645743
1.1728935121391542	0.1317118921730524	84.80879076080913
3.476724644167557	0.15669025453922888	84.66284472100406
2.4051932158983846	0.12535519961572184	84.69449365179386
1.6069427084261898	0.1473921891452188	84.61759884739928
0.9795823986159833	0.12911743409172305	84.29583710401286
1.1982272004425178	0.06565978072553101	0.27519104051599547	83.93559042992436	70.8046715243509
2.264355012584032	0.11001397218402664	84.44576295607985
0.622140065735255	0.226137134929134	0.1033867900023006	84.62465369702007	83.18056342038687
0.8171592020137177	0.11294679599071865	85.01294602540625
0.6333839210976231	0.09382804138583463	0.21645882772629876	84.68781346156018	70.52273705108054
0.9883862227207777	0.09418553318230143	0.287255324064247	84.51602648728885	68.98021731452567
1.0448830511180578	0.10786072855234012	84.61514672659887
1.188402424493293	0.10146092041801685	84.66952860042898
1.7464592305019282	0.1373251114199845	84.72947366760317
2.1769355090083917	0.09578862827329926	84.77194042951841
2.350705439942924	0.10181906425213405	0.08145436860501515	84.74314757614806	73.39605216793323
1.2143068311264027	0.0701970902159511	84.76390626169777
1.9931694048305737	0.11140884201300308	84.61721230599849
1.578843512247439	0.1044153615720559	85.12541241869171
0.7917447617978276	0.10390536003017391	84.67217534225902
1.5938346896270041	0.02057073302607317	0.13482766376922983	84.56451231545307	82.81848312250517
1.8177221696998025	0.013859613301316675	0.10137553900596236	84.91917138517827	82.49869596859115
1.7676126353439863	0.09150458891218047	0.12736673691844802	84.84130205972349	79.47846106493466
0.6741230914098654	0.008747432564168761	0.1242164618925064	84.04409736487318	81.59032869454234
0.45600200586712897	0.003542653392612979	0.12648560113366158	83.87799578515835	81.1198334009148
0.6089427077155606	0.36221434140226505	0.005187561079873332	0.12945951338033396	85.4013062179682	84.26589886713217	81.29972537195383
0.8093460299050845	0.027642886411560527	0.09651675009410883	84.86391152613132	79.89519863629646
0.7789150468038125	0.10888606441299892	84.89378020127573
1.3385612513269736	0.07560856228747291	84.1891364143776
0.8105431629045422	0.11224460937445986	0.13620285906516896	84.424067497151	74.8957462765195
0.4986800314058724	0.09480048503392602	83.66626329461079
0.42741737433082855	0.1269171892151222	84.37110951203702
1.524264967828379	0.1467273694837891	84.83055673315658
1.257667588715116	0.11916537615498768	84.74310066610087
0.9354232694805933	0.2267103649033399	0.1099555175110116	0.17436138046747301	85.39775617845206	79.9806905023096	73.06187473341527
0.7871889028656992	0.06595020655482162	0.1417874594187369	84.48001796046462	70.80349474081052
2.083824926022572	0.12655417108672212	84.56814185556335
1.899251757685285	0.09261463420936449	84.78726393185549
1.5694207904252644	0.09139432053350026	0.2344338556105518	84.70197204455906	71.08869616327397
3.9114276773195362	0.015995642705383062	0.14620657848852633	84.87984811076268	83.52362301443816
1.9759279052160357	0.15043726864686763	84.63994649195396
1.490553554342365	0.11411111801021051	84.77362318051301
1.3451102572688423	0.12636164572710334	84.21473090654318
2.0071388160671737	0.13610149964501495	84.75676529891983
1.6684704401334325	0.08681855333152695	0.339168600453538	84.64406302844799	69.02991090135727
1.6080393829354396	0.07297220364652646	0.3163381691964673	84.40216726275318	70.83400306267313
1.4976151065779282	0.04428972012105385	0.13843571255590728	84.82543975519673	81.73956925560235
0.7216346984930787	0.013170215532939924	0.09876624463871454	84.47527065889312	83.27631066061076
0.8660470307602381	0.10425567629071664	84.42008026685949
3.017594167658986	0.119656003110892	85.319784915627
1.7706334816888967	0.0892886687753235	84.81687978952179
1.034391870012808	0.1550383725805948	85.12678097534697
1.146409959291713	0.10811719326375666	0.14416548697104667	84.2943835012524	81.24039348366433
1.8171280453708987	0.12102948084507795	84.604641974851
1.5124457601431653	0.07094885492302733	1.123029694954918	84.62357894036694	66.37530842400129
2.4143388095399385	0.12797277619138184	0.1339835436706713	85.32359472750042	75.03244226509057
1.5639960996589082	0.10054913150062472	0.24494261688367874	84.48777448838821	69.28705206447681
1.447404226537212	0.06426871876663771	0.25093275884641786	84.62091080050277	69.74513394479408
1.88827379750957	0.06981801603347813	0.4332942818129311	84.75784373750434	70.78680083519356
1.257083585832087	0.09724861045923079	0.14895971048317186	85.1883504509102	69.84557239590016
1.6072793228215783	0.17132546235370294	0.334403531183343	85.50258090040607	69.07431026892455
0.5218220801419955	0.06782885294746639	84.54143647060641
2.1229499682636375	0.009864425851634922	0.10841159513315116	84.75376335110468	83.53126853264096
1.487001087594739	0.12237738490440969	84.7732269166274
0.9840587059491224	0.10399027274657073	0.3666270902110942	83.90649886766045	69.3966658987388
2.530531727431269	0.14227825603696076	84.76262890874067
1.168827473626268	0.13201511257738907	84.71349614492273
2.8491842079509904	0.1358941375690645	84.63953721128664
1.7675297834741002	0.11344214308219414	84.60942445644234
1.2859637380501683	0.11740933410848468	0.26896943485258706	84.37865920856197	69.77202833021336
3.2685891411406236	0.173964355555707	84.85542721822858
1.7110563316130716	0.17430974746512842	84.79032609542344
0.8671635811996361	0.11384285387772741	84.17590517250316
2.039246906079069	0.10282381842152612	84.58183511567144
3.06605506079125	0.09734362182803066	84.59083532355385
2.5102295453595698	0.0921103478018099	0.18804473463118815	84.72850360379734	70.53534127921078
1.67981684710222	0.13013670300356026	84.67219162911701
2.165603112830574	0.1021877257698289	0.2306451988999225	84.7827888452166	68.71088467940847
2.64403436152795	0.11232937937424492	84.65971724981958
1.5505374286921376	0.11077138193017014	84.67379442281735
1.2585052511543642	0.07473312328583072	84.43773880355731
1.9076519697305376	0.11591374232585197	84.7317241078856
1.0796945706499355	0.1320199007696039	84.78710059410656
1.46934018731457	0.11692032009907824	84.54886447130723
1.2277290726509282	0.10840481443177798	84.51835758274342
1.5991705962558638	0.13028093321820353	84.60146582349232
1.1564817013988467	0.0955440169113341	84.88277124966604
1.8918657565201842	0.1136484445491999	85.20190285480044
1.803245865618262	0.14682738622282182	85.35272363837014
2.5504888101869683	0.09159465830010187	85.25303995569308
1.375570357342927	0.0949056093276708	84.87060317656633
1.2634145011914228	0.10015743410963443	0.10475342669548604	0.3049590883012099	85.31239735693089	83.52849034336258	70.48433739320646
1.2593402899768875	0.12418737287035526	85.22861019085965
1.6702462070149078	0.11703599660195757	84.88936961070681
1.6149322486068634	0.08717897811380362	0.22309813261773176	84.98156784218482	70.44918832505786
3.10169516240606	0.13156038357920788	85.13276724930893
1.8097250959559341	0.04825952023961371	0.4452144207098655	84.88655340806044	71.16847936995192
2.117790828032018	0.09401040841579113	84.46047459149355
1.9351044718843142	0.07992281032662148	0.14730112570247225	85.17888202245433	71.23496037974154
1.1297048659719051	0.07870343861537941	84.57248318644093
1.9240726799901673	0.06492676190036041	84.80769252543146
2.461131176882672	0.144157127272583	0.0824297379453557	0.20429195971900863	84.76116721254226	80.11370031266738	71.57470392398344
1.709294612707171	0.10571954095953633	85.22758807412511
1.1951366689930107	0.06796581110618809	0.09800598463046648	84.89371788745677	77.52861318460488
1.453405960210891	0.07602695266463855	84.67189497440161
1.1688899465769633	0.1023921967181294	85.04555179686115
1.7991215278797734	0.12648258128321288	84.98942408628226
1.4908267890637281	0.0714628182620575	0.2523723108741457	84.97369332370981	69.74382737505992
1.4479255035063008	0.11184010937099964	84.66620558007031
1.548847949014285	0.08384479794389521	84.55551445468643
2.6329984682967345	0.10257687976428416	84.71094428495941
2.399737930300827	0.10121075776288588	84.76823929307886
0.6317939626627632	0.07397876176188982	0.15081576431471516	84.46870573463256	71.2247975282376
0.9198821181364024	0.103970300415123	84.49070945721205
1.9052992517643605	0.1023258215280632	84.38395909112221
1.2418439488985455	0.07718754491432057	0.7455402300064741	84.32966456710723	66.86715984557178
2.096426414869421	0.10877439208993434	84.88815205189123
1.5592481520242376	0.14048802455158363	85.10580146665065
1.103824646423445	0.10315923941734254	0.29693192926776624	84.91111173084761	70.71462583058128
2.7012769788586444	0.08688023404335021	0.26371649579627265	84.65998452452085	71.27380090452051
2.282146072423115	0.0822791443900701	0.47580876304445163	84.69848559820208	71.02923386476436
1.9250731055872872	0.13244343288645938	84.62680315978068
1.8481602737475806	0.07780995248848914	0.27593873873272745	84.72018435012322	68.08763283594693
1.127063374364575	0.11525317642677334	0.24521813501018333	83.90633492604537	69.00741018878027
1.2242373813713308	0.13058174099745928	84.22369188319094
2.4053242310050926	0.12281431907157381	85.57452803865874
1.4074458036259152	0.09258437694824587	85.27427354726603
1.7683884456028909	0.0884585499670721	0.19299313522535583	84.66318065442455	70.94554314691332
1.6503688959542686	0.10503683733306075	0.18482275277894997	84.89295377204405	71.67846533177614
2.1964482539472243	0.08299716452647336	84.68953686155633
3.091963908715816	0.07209356552254055	0.2410376237809323	84.67973423843402	70.74245578466174
2.3603632942043147	0.09301894780856029	0.3157859067807636	84.86415247512888	70.93449103813033
1.135285497006531	0.1144332440270646	84.65837362929805
1.888941001123309	0.07896236734983232	0.18531575834628256	84.87208151655379	77.49429450233504
0.7219841091210694	0.14404602816013767	83.82830552343593
0.9263151999069198	0.11047145300245814	0.12147902579459387	84.62460001843368	69.67390114081545
1.5140265907401087	0.09665686270489685	0.24531352310992025	84.52035104176927	68.09163798307247
1.9289585258648392	0.10106723488466603	0.12318451091549618	84.80996278757634	81.28190249349959
1.8751462749868664	0.13066182887303293	84.65445913119383
1.31957441639942	0.11781387910474563	84.71348936535036
1.2793890438778792	0.12504812158676726	84.72766435041073
0.5382414688135806	0.09330439290408464	0.41350487942979935	84.02855925356107	70.78740031565442
0.9719302301036491	0.12598624966583105	84.27224986004296
1.591609533211662	0.13745782702574164	84.61286435675073
1.8002597966835037	0.12284401218499069	0.16838856058841567	84.89357501718416	66.43726207434241
1.9839132022645303	0.11311944939755089	0.28965878837798437	0.5186795863906357	84.84595476381574	71.08273501641762	66.89315537622534
1.5157717032431282	0.08155512498980026	0.2546402399192396	84.75339290395375	70.83718480103303
1.277768220747198	0.13371055186132022	84.70114026792307
1.0994530068561592	0.1278484165715788	85.15746474029226
1.8006120054016086	0.10722934515994362	84.9447945026682
1.2706327833497868	0.09298606683825711	84.62720463462601
2.768767136166352	0.13952199827641648	84.93626145761037
1.9629074112642713	0.09125420989537379	84.71451845454807
0.8879394504949031	0.12064521705926794	85.26516828261052
0.8445452391159641	0.10493667094434142	84.43248061042055
2.349749387384645	0.1496564375726951	84.70744280469356
0.9952268246634045	0.15544267554045282	84.86291659245278
1.3469026892356564	0.10801302123748198	84.75197452403864
0.9933623225556131	0.10557172498617277	0.21307000609040944	84.73579235578283	69.39763821876817
0.644020846914689	0.10741887612359145	0.2894072125096494	84.68619884634106	68.76323635327977
1.3575814488601468	0.0937302811154421	84.51148104897698
1.8294053431891693	0.0768302576326837	0.26704660506034505	0.22332266589219404	84.16319480745982	70.86830790301956	66.28754363566212
1.2675474391516974	0.1717307071504647	84.89392198770697
0.994861919273954	0.13740367511278956	84.7323865068139
1.6711630858628204	0.12694867527698356	84.74208410622231
0.975959984646341	0.09297288374498719	0.3020767060452175	84.01592394805205	70.7999778999873
0.9277320315187437	0.14661292958971114	84.68413341704802
0.4545841036679081	0.11018400001553351	83.65264907170568
0.6732941957844456	0.1303892374671181	84.02994388645287
0.7139851046452098	0.09101075443126168	84.06006141240698
0.7297142081510823	0.09454914518640835	84.60161181124244
1.3437883760712581	0.08909354102657618	85.02532822079513
1.5860893114482901	0.13084020036600347	84.52493522735507
2.1225362765203717	0.12249642446710332	0.2264453492491654	84.28882741833827	70.79518135966258
0.7823296627695335	0.11298897806490023	84.57046216868204
1.5331204452343765	0.13112904615999607	0.31189198331225737	84.70593551434283	69.8749300125925
0.8985710599878061	0.1537149329279837	0.07774870804314168	84.75427677933449	67.48739763459741
1.6640137114267886	0.1598789808121673	84.29733335097461
2.997399012084951	0.12082584817883014	84.9056119976276
1.470117982957592	0.11295440168682655	0.2531978889215385	84.7306646399944	71.12350588684828
1.3536831746206377	0.08222002238594606	0.1811053126838866	84.81405106154808	68.10763334136863
1.2063492698255054	0.09063496861383805	0.18388020898422683	84.51308050736041	70.98271170969224
1.092178663439885	0.11368836103188903	84.52353803744404
2.166311196922594	0.1179525224541681	84.71900322011773
0.7901584327071227	0.1154467668864932	84.63277015133941
1.2447853994640574	0.11641643318688412	84.92870644123468
2.0577198197930753	0.10537598746636881	84.8556076627236
0.7992176549964786	0.12669728995335028	84.7513085980363
0.8671903281811159	0.16622328869715414	84.75713005776271
0.4870511188899868	0.17199990485254588	0.037858801975361456	0.3136475152628799	84.2461253694105	78.95486152319575	70.8917456708988
1.1749235370516227	0.13215759206662656	84.50445793673717
2.843722190924466	0.12220599145795935	0.40755176531440246	84.90360258176445	70.36872695844137
1.341149903969606	0.23987675555274862	0.09551623245372427	85.54325531937596	81.45654632035715
2.643273233784603	0.1448509542705161	84.8287297574261
2.596414803140482	0.11011185565143708	84.45181098011258
1.8632324396525795	0.10566884656497355	84.8352872832665
2.0988779126511075	0.09428615662802067	84.5496370144078
2.615398694335384	0.10752892644167802	84.74105180187048
3.729426634925597	0.1290438505558462	84.56536402840126
1.4012907139368642	0.1369575804783683	84.64728871865944
1.6958890907154445	0.1287215708116823	85.05003769557656
1.5795439363042887	0.11298699458705641	85.22828220446709
3.176407398863264	0.11629842464000043	84.64804492063338
1.7000602358815637	0.1444943582847161	84.64847523293918
2.4160471845813962	0.1438265510787546	84.57727538375798
1.917663385338594	0.12511317126067034	0.3231229941956092	0.11220205252778159	84.65624292171383	70.97760077905453	66.83516671931521
3.0965695214061864	0.12970893235858091	84.72741257111217
1.4244106869426258	0.10328501315343365	84.76419897925486
1.2336676848440356	0.1290957403426703	84.66969978889198
2.7123554887158607	0.10754761366732249	84.54325563765302
2.0091384764826783	0.11213355585560052	0.13751950273984712	84.30661180564547	73.14832385836104
1.3217144161138727	0.11603469156704908	84.68139685818
1.4214691575266876	0.08917447559195056	0.26053642929385984	84.29926782040623	70.29759833059623
0.6946876430199717	0.09299345420706703	84.58095535375728
1.1005922300092368	0.1135454174228478	84.74383349415477
0.9984251773634335	0.11913546248814066	84.56632392695043
0.9985228615471735	0.16034905610597167	84.63117529631835
0.9902080335142658	0.1738986826089032	0.09390359997414773	85.01863023723072	82.04055393955905
1.4873514407964434	0.09119967686409937	84.69722678678114
1.192815082407537	0.13882334741112426	84.57174542674525
1.730497963660918	0.13501635718177665	84.51064666741557
0.47334430644716474	0.07778412952602681	84.05836580258541
1.1275188790742725	0.10678171419570213	0.1684915033104238	84.73573357398465	70.55911616654741
0.8925683419889291	0.1041109138722891	84.33326727346343
0.5815267064813946	0.09264293355643821	84.37087171888842
2.1480257908879867	0.07359736767490463	0.14628092659438305	84.68575812502877	68.89320847668067
1.506111346134018	0.08425775662528887	84.7985360836835
0.7654202293888764	0.13108445922685588	84.96235051458993
1.1077734768987229	0.1093244531498959	84.77356922650779
3.45537851902587	0.0953982529209951	0.30695994848626734	84.7682067510425	67.9075167143886
0.818970372707994	0.12995861868029665	84.85211205704147
0.8911435955599507	0.11864762023731393	0.19657455150459538	84.52801007455096	74.00285061431948
0.8682511718809776	0.085062690910922	0.4230556401783417	84.20951561400197	70.81532521492977
0.4843404287896637	0.07830614940004986	0.43767013143639766	82.2662381996828	70.4575246008337
1.991752077055953	0.08117895721341702	84.90620671771549
3.7362719974162837	0.08914178066690048	84.67076628588147
1.692189215390242	0.11552390283596904	84.80935666068613
2.3889407115212467	0.1053499173444709	0.1599097959905082	84.72247940175366	67.97210503650012
1.556863545778464	0.1110187679359989	84.1825117444435
2.74459426077901	0.1285417545576279	0.2565869259290754	84.89769728087815	70.0249416816456
1.1600321007308958	0.10899528065481218	84.48429469817846
1.822184840554387	0.10995940366959421	84.57419445564776
1.0159433527104411	0.0976637172213395	84.39956148186121
1.852697100101339	0.09342753919020111	0.2182443994114873	84.79401566201254	70.76160195914328
1.0258099065496935	0.133707375359617	84.58973750404206
0.8519321808222007	0.10824960366381367	0.22922103518953132	84.49747160656665	71.00471834153377
0.3131325163485476	0.10544409781384911	81.58720567922887
0.6879617798825056	0.11666431477911164	85.02566737044054
2.7851980488442147	0.08727242651786866	0.42228368092565627	84.4582498172925	69.27219944938145
1.0537862222660335	0.06587267439331808	0.24720591618056978	84.40548220030021	70.95210991682737
1.6834428508564299	0.16871780840687137	0.056514759040064116	84.8492410847636	66.80101822754813
0.5193123321668516	0.10583621585063394	0.2500074616987099	84.97291645466969	71.56245268573147
0.8726896185662529	0.13708793838615516	0.21150267451827695	84.68008867094386	69.82274917849551
1.00406890372649	0.15050715893270694	0.2264627199257352	84.23876651748154	72.02792779543158
2.047183771869669	0.10895057459492544	85.04798808513004
0.664945616836094	0.13657851634249454	84.1219882280851
3.047534373084229	0.14359117010558925	84.88096955016937
1.5445859648939066	0.15118522874523355	84.59703872593452
3.777420781940352	0.10652186683469578	84.60139749714924
2.3111745575160656	0.11225980881875815	84.93145886436145
1.125152904781267	0.1203633132813154	84.82422693778719
2.3721551559732275	0.15286087064521545	84.7609051260437
2.4532123073223584	0.09780847982086695	0.1308884127385016	84.77216966801471	70.50350506942902
1.2698445162203138	0.13538438999446925	0.42315867311135585	84.64665808149148	69.47474942477898
1.4245069748348096	0.1507972857790288	84.5691121433568
1.4813981691798734	0.15019120968462543	84.36520200994252
1.9898728095909253	0.12096046894667542	0.3932885855949903	84.66794687190237	71.39694459669943
2.390397202767068	0.0807668443460003	0.19145480758939099	84.60047359655775	71.07780232769178
0.9065645459258014	0.07209776845550679	0.25157249582938535	85.27606862906431	71.10081041159987
1.486822308362086	0.07730828592444557	84.68708922323638
1.101146221258602	0.06484237852617931	84.71726326563461
0.9007363892715333	0.11098958473761387	0.3304699489327429	84.5899441669358	71.5080712679359
2.4012010090562392	0.13102630556447292	84.60683690264428
2.0486853494861124	0.15703404421045772	84.90939583256491
3.257199130625697	0.0950792803396296	84.8852133219214
1.278429934829099	0.12621831501243247	84.442845535515
0.9970634928249174	0.13709460308436042	0.08572855383363286	84.65145527642052	83.32192157929768
1.3229086026346237	0.1562258244358439	0.30177555973584547	84.63932228404806	70.72382583788796
1.6017556923096519	0.09729155937383138	84.79752840158133
3.5372460735349582	0.14375315601443298	0.3028141568773793	85.22033909771332	69.1549706526473
1.1226238182962753	0.08275748772094677	0.3442716058592279	84.9511516355595	70.32980436055286
0.7168402536775574	0.0959605875641666	84.65208057802545
2.339868569061292	0.1274010857190725	84.66595482344361
2.086645129435063	0.0718663237857083	0.20466710323515186	84.90765409960733	81.76356164727527
1.974967324695415	0.11802115023051045	84.605267771708
0.8794673684815861	0.11294919780764498	84.44982425655638
1.4079122739483425	0.1631970641576215	84.59623890938032
1.2875896256862378	0.11239494717033675	84.61914471301021
1.429266679060093	0.10212471117568153	0.036354026926235954	84.66823047819928	66.92760003108182
1.693543513439511	0.12235985374533882	84.45707096537085
1.0152257853181472	0.11916160414923285	84.71621451016824
1.0487433103271062	0.11254523316644582	84.27944845832195
2.03032610062343	0.09356774958582878	84.96990106947388
0.8832346118203407	0.13724547489364258	84.77030762289547
1.3274792625717715	0.11094174225562617	84.55205768867467
0.7356449480975819	0.12966493334399087	84.229262319046
0.620546928744679	0.10133838766139291	84.53999764640629
1.3523378246466586	0.07681358352160199	84.83821541251157
1.6889203087457982	0.09800030246107684	85.30795315690477
2.1056684133076624	0.11962829219845315	0.15200635091858572	85.25435439187915	75.03742645440245
1.3496918867900702	0.10200287839524423	84.89078152193252
2.417395390171443	0.15565161026511495	0.11944631051983504	84.95865210359338	82.5436947316714
1.2374015195769	0.1399660922171647	85.11224657748258
2.095390233958468	0.07677250684727123	85.42431417142792
1.5766234657431966	0.07935393779255408	0.27360289996943477	85.46725127434249	70.5184544260279
1.4012840982480275	0.1392738660697676	84.66218440721903
0.7808761156378153	0.10804098420160403	84.26959546994539
0.8205211411232396	0.09591336857073061	84.34812878469755
1.1963097440463017	0.09821277654336567	84.40355201513078
1.4210089161628878	0.09157981347414078	0.39803606183261364	84.78220680481137	71.18084235837634
1.9885798675269342	0.09812706956394991	84.4765002882064
1.2466755053753573	0.13198568403850472	84.09100167475974
1.5067190907656984	0.1032325307580904	84.52785817921855
4.595729072830966	0.12194208329147295	84.69455693780374
1.5513594835738798	0.131479950449857	84.5855138529322
1.138056483624316	0.13800930735366682	84.96872885654972
0.764101843001549	0.06840934414857404	0.08535238912264391	84.50494273387808	81.8458334803212
1.914443979796668	0.1020319562311485	84.6021792669648
1.6574025794985032	0.09765898601595788	84.54273892700311
2.961930692208235	0.1468780157171271	84.88165247776003
1.1053499832193423	0.10354622687463272	84.72733828421396
1.1800694463483685	0.08347122801969302	84.70986470431627
1.953960301406092	0.09851211443169229	0.8127855417195945	84.68047580736997	67.04538555481744
1.2772117072167104	0.10636660607655957	0.5897635664161598	84.82728199729209	70.90818796572316
0.8028306757821949	0.09592044737038641	84.64597619525989
1.6116484211448967	0.11364176819251848	84.78998810805582
1.3525652695859707	0.10032632818849427	84.38402138756936
1.3170423019599693	0.10221920155055564	0.2648017429431187	84.62465761375442	68.51550940880868
1.4021045713751676	0.13702797029224284	0.13074089096435204	84.93652242010529	77.9251762642379
1.5367137954684706	0.11832217303194723	84.65345330100638
1.6615754746520819	0.1672897992061599	84.6789088528794
1.5767671693928609	0.0794428007055251	0.1866884488084547	84.53792176157464	72.25543264480554
0.7618430442384606	0.09419663989811067	84.77038822592345
1.2113265153009265	0.10109257793295605	84.83528172758739
0.6648251310455783	0.1223527759679254	0.20492312308886876	84.64435152010523	70.96554883779523
0.6075675493166501	0.11470882514881656	83.77028728015858
0.9375077989831858	0.10293712888021082	84.90467146182554
1.8794120526980371	0.06555725943431794	0.2844083113213686	84.865743316146	70.89332552316935
2.2144532591216426	0.07516901139164166	0.2751829201665533	84.60911879556308	70.99766697859167
1.6880811561622118	0.11184867534026506	84.68848077797908
1.6296027044916166	0.08385306227434322	84.88023269311586
0.805619151120411	0.10928377768872179	84.06461864782236
0.8247946028605146	0.11346246357917131	0.1773925317786313	83.93921829694465	66.32853082655036
0.8364064472253193	0.11920722783215225	0.35406525044776554	84.55367341518703	68.36036575695152
1.3644222920514344	0.12408221458489047	0.25362897591597594	84.51063383048263	71.48366598848708
1.5267393206968656	0.10030015106390446	0.18757864701389937	84.52702406467579	70.95714994186034
2.1764289216658295	0.09190216288753164	85.06062831400321
2.62273263392543	0.11297017813134357	84.77313768973998
1.52252083092236	0.1377273572276142	84.48042142338856
1.7524606503555176	0.09122778445068494	84.76917507425972
0.7654856659976873	0.09509484314295087	84.68752164723382
0.9656526735989899	0.10608214424976427	84.95546052417647
0.635586758627623	0.08366027098065774	0.3144105082067989	84.5861153911305	70.07249080685503
0.8346274043076682	0.10865404382083275	83.81012676070237
0.8662844730174502	0.07717515451443528	0.42787243731476515	84.41636455609344	71.13184966817029
1.4094346963487807	0.07077429565569084	0.255929789958965	84.39305029727733	71.08875426186378
0.9647742939341654	0.05891385877905421	0.32733437499996804	0.022318757395215754	84.41162168445473	70.80849373583902	67.30687734863568
1.8750772614947402	0.05829716673032728	0.4159814515947808	84.90549777126195	70.94927333474486
1.6888939357141997	0.08749692833190327	0.25464001684391074	84.9476982887027	69.06009969792132
1.1780433686574283	0.09535641457057926	84.82822538653154
1.3953219999995399	0.0994231079520196	0.37389988098273913	84.60695380352794	71.07467209976593
0.8926377988653086	0.1068179167014403	84.44684159727952
0.40607765381642325	0.1070348914412146	83.90730160319545
1.4379117277352398	0.19190617493776332	0.10388504445792889	84.55858770536284	83.51764553861904
1.8039214386318456	0.11355015553742426	84.78230600249869
2.324245582320988	0.13062675166478557	0.12629231405745364	84.64927847136588	75.29451982550206
2.7595522914567794	0.07969985743874257	0.1238811316713234	84.76848843325129	72.41776337255148
2.4360839322233963	0.09440759287607507	85.10345022714014
1.3970868970667878	0.07513990002351821	0.257318606725092	84.65253543152951	70.95191268857491
1.4817232191158944	0.10641073232768847	84.5340424219911
1.1944444947763115	0.07105402873082733	0.15386647164214545	84.64910368263517	68.96172616367012
2.070799284896479	0.0931949099834527	84.31965524072118
3.5029166873157473	0.1314154648625918	84.72614435941452
1.4208066592400406	0.10916666309312971	84.45130139326459
1.5415747435673341	0.12909921133102187	84.46048705470068
1.0266282034784802	0.10219188985237503	84.088427069487
2.198373255115885	0.1016942699482615	84.67257576189111
1.2665605693615034	0.08277666935925954	84.5796681288461
1.5685713392979144	0.06634034674030515	84.33488589657756
1.1860603334088478	0.08120306936855898	84.16950672107069
1.4622244723090292	0.0819375833116204	84.91377528618105
2.065561947833182	0.05872875480256912	0.18451372649175987	84.68993587238774	70.23094045319003
2.073678466394426	0.08998280572999919	84.67156568102752
1.169423819424364	0.09021032993547728	0.2888034410067875	84.55170857899245	68.91519504749101
2.5973702998680115	0.09818279999737366	84.6239656104491
1.781042570200865	0.10174789078285337	84.58470629076001
1.563189191642724	0.077626872166532	84.76473858619076
0.9192360514868018	0.10161987093458034	84.66059439549231
3.5980723998006843	0.08387596964653106	84.96042620499884
1.147821208483106	0.08205341864130868	84.62636779575696
1.2032030981325235	0.08534408235870188	84.56995135446546
0.9370621475589668	0.08144414581662461	84.71448910291343
1.138096205279298	0.10509759238428165	84.61834439996379
2.0785646148215444	0.10132140026077859	84.59726666723043
2.635629851753349	0.1226112907403658	84.73852353806264
3.540547792568006	0.08526653300980407	84.71323552533269
1.8526393083741095	0.12652664024343488	0.16794862072123723	84.71699615434038	73.54780160315048
1.9633469894122233	0.11591720209303358	85.53687446039004
1.1162654738701583	0.14638680834276788	84.0947352378228
1.6938621842348347	0.12935661011395783	84.65311887631077
0.6289289986548843	0.4049510890004026	0.06091812809371442	0.09713895617917018	0.16549390899408412	84.60821057568285	82.98362048780498	81.0302340495829	69.54760512601173
1.4103953713586876	0.11598009828723525	84.95558476918943
1.6804795064409712	0.0728725970615738	84.39639494201609
1.847958527038153	0.10917740105636028	84.38876734329844
2.4898316031314245	0.09443178789531384	84.70865868458556
1.3073495389719765	0.11698946883035687	84.62581933272489
1.2214857067240097	0.1484678567471876	85.14370163532529
0.9578291708547397	0.10629109585367107	84.12086758846625
2.1203059282837784	0.12466536951889416	84.82148332567822
1.5795975684657642	0.08770246723639996	0.3923703446856445	84.58422295132564	66.37434540046682
0.9752913734156334	0.08966817569731457	84.44184774271407
2.036275939454471	0.1243442682506839	84.68319788675586
1.4700143049256535	0.1386230179000068	84.64329075698414
1.354249535788068	0.11451007974262001	84.81915506197525
1.383747653197773	0.13897701047536404	84.62502037910008
1.2421592496612512	0.11941913261458287	85.49292234403367
0.5370700112070581	0.13005648148897656	84.6829991279834
1.6680847374983236	0.13684627261568771	85.00694798084379
1.9281646779165642	0.08035474922020229	84.61155599372566
0.9028152395561628	0.1032669971746233	84.50420269117974
0.7608879232279797	0.10624628041091853	84.6075330414064
1.0826173398140917	0.08267491668274428	0.44441472033394525	85.03025841055958	66.93261996816948
1.4173098302020501	0.15655913500516203	84.51673693957977
0.6499340578640804	0.15195885128216072	84.99461850908109
2.442677146817372	0.11596318910190952	85.18043475036528
1.1275136075149872	0.14734036000451955	84.802770739694
1.6987812898493049	0.1150568696408105	0.2498519225440456	84.30591117119138	70.93541184958153
3.4993606462145372	0.1232959573456341	0.266787779987486	84.73668452070817	69.52766053062021
2.561687833348094	0.11237691171503268	84.49839494348133
1.3394723667617832	0.09613226549779862	84.60063404453685
1.6948305420314624	0.08649169272414302	0.24202733378483482	84.69339498590905	69.98145539444545
2.4660750095532626	0.1394736814089621	84.52772118583526
1.7058413242908463	0.09132978067064236	85.09100353528957
3.340471817862252	0.12055751426973912	85.21585858636965
2.304618220989627	0.12235577637148082	84.62624830649752
1.3572025339623912	0.15763631811264772	84.64151789241687
1.6807735679109759	0.13136899623380305	84.07263520117603
1.527752217403875	0.12793913188130368	84.65245819186704
1.3866776083607182	0.13330240094426488	0.08524819038950528	0.28587407341645305	84.10224644992726	79.24385624384456	69.59421851861686
1.7016413471722533	0.12225306532150831	0.5169820204465156	84.78816082295131	70.86173100458083
1.8316724747336932	0.10711546700348383	84.88475530695986
0.7331750521286329	0.09434271580381398	0.28522034313587225	84.77019108429693	68.75412422724007
1.3536962889978887	0.12013631595863918	84.70310601955204
2.2211660586180324	0.1494088239390326	84.72867355133124
1.415740628224889	0.14812040145268054	84.93647186742534
2.4231760041170936	0.04441411367173527	0.41238554281912526	84.68043268740408	70.82586074861763
1.4097294538679792	0.13093416717531633	84.7995534944154
1.378161980179381	0.1878266288043706	0.1607959576096523	84.78349098177165	79.62004185926445
1.4306374268424231	0.07745297953858456	84.7948268638789
2.4421796614911333	0.10275599264028606	84.77230543546384
1.7996229595995779	0.06726502779603608	0.77453619124456	84.626349624705	68.9190293310182
1.3331026334042397	0.14193162102726634	84.85222928022094
1.2282070607569442	0.09423686209338365	84.83495336952102
1.3472172218233236	0.11207359189943049	84.63441702667653
2.238993164081095	0.08571193063446984	84.7498794382847
2.42199028969092	0.14301117106885325	84.95022640883616
1.1999754664441913	0.1085603991616628	84.57267338924817
2.21816840640399	0.07751522847662724	0.21967715789827522	84.89076651608825	70.84243521968642
1.206836711392084	0.09557870209221529	84.2451058397926
1.0849987507186638	0.12831772102106812	84.73157319479678
1.3709157891914314	0.08643381337324368	84.39325164932762
2.383199889657361	0.09553072084254996	84.55606024948649
1.0158767798225878	0.08165356552296026	84.48106454269269
1.3930274817408308	0.11958911711963263	84.82029319930027
2.153878740261672	0.08588521830648817	84.57426714909461
2.37170092433706	0.08473093500431783	84.61259276421083
1.757159651866161	0.16081867052788942	84.58064491935734
1.144073387591659	0.13611439497011538	84.69564694953728
0.6279670022494318	0.1261479133949107	84.60541059170771
0.7487692659471844	0.09952565437498848	84.6769397253986
1.401376136155266	0.07782074764531587	0.44580226580789384	84.79448046118422	68.96530218708085
1.4060082134326162	0.08940632726051517	0.16420024200769642	84.68373718954392	70.78310155421596
2.703661232945174	0.10514090718605583	84.82788672367236
2.097350339288871	0.1041615512983079	84.79054103186748
1.1961494895072042	0.14926879597378961	84.63356277709417
1.4026940167023412	0.1488862743229772	84.64401111634125
1.3122485330391638	0.09007960665341112	84.63838386952784
1.3553670462676874	0.09004980039182355	84.78313655732309
1.7832095987077352	0.08716888176766688	84.62527219555659
1.6387269281208174	0.10830084472110366	84.84347509961897
0.8250656772438603	0.0659015236345228	0.17051288358751238	84.48919916911646	70.18054049938067
1.8826862170797203	0.09607775946383919	84.60082573555071
0.6777601146937735	0.11465277955998213	84.56538036244277
0.8582987140476355	0.15150013295828169	84.85682440463628
0.92011087099555	0.11378890531951102	84.27690218916325
1.6681011921994677	0.1307721514713007	0.10905171322128882	84.6892074663392	75.67678062172837
1.733411874887707	0.1103756386021914	84.74783957219637
1.3270615995157942	0.11799298715570096	84.21315840641164
1.4947073730238125	0.09529668107158135	84.75473744840713
1.4332883606406837	0.10004577839676232	84.53646941878877
1.3691468992601519	0.0670479420451636	84.12633302316394
1.4253154165944923	0.11721189347961178	0.33450877458498846	84.71184535691373	67.13030230487074
2.5540717404699755	0.10860380758286772	84.74506251250382
1.705654766757883	0.13912472032665885	84.67051545870076
1.5022970877434796	0.09028896973828694	84.85961024838753
2.6682143385604373	0.10481030673908934	85.33669840165605
0.8670024582530864	0.11608708723614383	85.01099353379016
0.9134419703545777	0.12901604831603292	84.45531288255367
0.8470926651686764	0.15549292329635203	84.32460298881222
1.6312027232611692	0.12606583668464313	84.94192446678008
0.7288884383959425	0.12275304062246405	84.84719229593378
2.025769041154708	0.07297539513880663	0.3560433113974491	84.71052959673041	71.12664667857831
2.081786247080029	0.08636156073148248	0.14108560231324022	84.63644181181726	70.55406295861178
2.7469938554049937	0.112331862832163	84.85114524021587
2.0837515479160507	0.08982702429802128	0.11696661194483376	84.70394423012421	70.13356184665501
2.1145452079269775	0.09619791885331573	84.68679351998813
1.8669521659550663	0.11228640284650215	84.66204066890893
0.9252296449064786	0.18065345369399521	0.11883716154619285	84.62521369840606	82.33730347977213
2.3725260331551556	0.08970818789182146	0.24078451288612457	84.65867003580254	69.01856112051969
2.9741053205100108	0.09565053658536776	84.79343365230457
2.715262991729779	0.11716234171402633	84.69781774060273
3.163277684836639	0.12245921108703293	84.77656277197947
1.0260676625719174	0.1034648418702731	84.76797182078593
0.8537234709798993	0.10071158463860831	84.60822086389862
0.7002488303040735	0.10647061357073509	0.37751488363739655	84.71299017736267	71.21244261787858
0.9977747245504817	0.10798024615006313	0.09178920914544551	84.68720695551376	77.77558202189431
1.3883210316381471	0.13004436358367874	84.73249450963431
1.1747613243080988	0.0980932746117059	84.51451865655297
1.4188248866645263	0.09902219564605039	0.1281089623716057	84.39641203215979	67.68438918169069
1.146234100981169	0.086345445676058	84.59365074204086
1.7941562708447643	0.09669081000507328	84.66207049323611
1.2303463352041495	0.1118412394366296	83.88055583433113
0.9233636801131606	0.07307453590992964	0.10337995085381821	84.56093201500707	71.83512151563426
1.0002861764124893	0.11329139409948054	84.65907485370931
1.026290538590445	0.08376105474421158	84.76894016407749
3.6929479399400544	0.06300832703476474	85.3879817195463
1.0523872094716733	0.10206524849163161	0.3696485060397864	85.02255830086915	68.6932188387921
2.026977116793862	0.10775892934480927	85.00080509940176
1.6089126481073568	0.13293465207478913	0.15988636689101357	84.71236236085288	69.94958773981448
1.764560818375947	0.1045630429505723	84.72067579603466
1.0113390992251798	0.12870690502929943	84.5494478618186
1.1549601317887408	0.11232352139434462	84.31021830409898
1.612494661059921	0.11708533226093695	85.67147374897195
0.5236105157595106	0.06421369278786	83.19882070661741
0.9702719145909121	0.1327687559802539	0.09401001673303082	84.28571010066742	72.21094337458672
1.1983377643849609	0.10749802534664589	0.3817541001326029	0.6828979661152189	84.12696021545264	71.3511445463247	66.25443897350655
1.6513352456365316	0.10488611324624633	84.66735351038315
2.107023491569439	0.1343448115564389	84.56163555828493
1.885842130655185	0.09611684524084135	84.63985615677225
1.5151894191711164	0.07074035405851754	0.11562216716823534	84.34659850863112	71.0703318586602
1.3594413489057067	0.10125546998565353	1.0239729896231187	84.4931940069369	66.50729966618002
2.6665250494524315	0.10630710048141177	84.84600027274318
2.817344818209729	0.10486099794598955	85.03796736127917
1.2116850174329086	0.06281902648317918	0.22585562043178634	84.7923702223454	73.29223586963225
3.517601088806139	0.08772342067330871	84.95247759233196
1.0380716927934563	0.0996175532864159	84.66950382854333
1.5549253468506583	0.1256527919315958	85.09804818974654
2.857406495358648	0.08831068094916092	84.59693788975379
1.2910308475370518	0.12485021413100375	84.53894198481734
2.3180583001080217	0.11758823015217253	85.16012736890193
0.7109577676335347	0.1303061738013544	84.6003482205402
4.694597824156628	0.08203331918263372	0.3402869300548791	85.02027573336835	71.1286364544246
2.601574374103413	0.07056345057094536	0.340219864289662	84.67402800012911	71.02133619034349
2.546164791097552	0.10526773217780967	84.52726516689982
3.143171163782175	0.12744568720983665	0.19131553079924207	84.86068799654211	77.27836916177588
0.9634996693567267	0.07492339068864705	0.15532413320405114	84.58768373612767	71.35641495872878
3.125869656076172	0.07237434456436354	0.14825417668237903	84.79515728806518	73.63292610566421
2.436618392285227	0.09369757456907989	84.61641501843766
0.7004921588410005	0.06932311383190701	0.18724068296498037	84.04041880863578	70.9543035297819
0.42045497409284144	0.06765924020581066	83.62079135020613
1.4322930109702139	0.10719499549084982	85.49834620757478
1.5049603607611737	0.1253258675396458	85.0265796695552
1.2706791691739487	0.09863934151607803	84.67064735811704
1.076798557206027	0.13276129125844782	84.31194016711423
1.4818938219556594	0.14138867798641924	0.1722318478912009	84.37903351555546	67.7155974032909
1.1667180893973221	0.06815980393058181	84.49348453106896
1.8941682968860185	0.08081436676948357	0.22224345371246687	84.57975047634748	72.51579694272822
1.415503080391562	0.11919966023210266	85.24874938796493
2.0928053327896694	0.10457741758852336	85.25289244104684
0.4659899040612241	0.11813814438305294	84.48710815775172
0.5601937598653782	0.06721667453564134	0.11121791261845292	84.69353185987262	77.75464366064651
1.1965580866929124	0.07786361300822923	0.26625755155418596	85.55645541463437	68.92497504026015
1.493712103059236	0.05953282190783201	84.40738247070057
1.4359302979540614	0.11673371995411874	84.70686559728196
3.249217454071138	0.0940414998916865	84.9991167893794
2.824087427458405	0.12636968433656137	0.10174427924812032	84.58128299699663	79.42529653185115
3.3669168637451095	0.07506342224585291	0.3947563495236087	0.3259944521333113	84.74790872905675	70.9460326914961	67.16551095459508
1.533227741976818	0.12286224188599303	84.91575638194844
0.6334509099226068	0.09442549462166212	0.46414745685733283	84.56880831419839	70.80186089633943
2.1030486588342447	0.13457122309353897	84.65110090999121
1.4172684646932876	0.12856054492944838	85.1374324971695
0.8317152121161547	0.1147745925420118	0.16454190603351856	84.99997047529304	70.48494125065923
1.1224167054125416	0.13199364347213383	85.28824055859977
1.5397567179446496	0.10086965438302782	84.21388324204823
3.827599667046955	0.09827546503746871	84.70990223353029
0.8415538287823895	0.09520278635117678	0.3944573058131149	84.0102020845793	68.91614337380558
2.4844454906619906	0.13351869637692484	85.23174064051108
1.128189890829835	0.12420094351609297	84.4409355827697
1.0158301330131818	0.14149643894098815	84.71603677615292
1.7758835208181427	0.12964607972397552	84.60997986098526
1.5110022914380723	0.11661053650581603	84.64935334715585
1.2986515417226436	0.16092628665490807	84.6472105687168
1.7243115187202303	0.1304349502784034	84.71407388659735
1.1702095135080148	0.1528305604963705	84.66982486810521
2.4923662599311087	0.10480684943719447	85.20486929463702
4.071503084245655	0.08932239489088889	85.28208058072993
2.1947401203028614	0.10411927986535771	85.03375294674018
1.5619331809517965	0.10125919784301439	84.5818379720212
1.3617104489189615	0.09592218662572716	84.93476948712042
1.3460020358593003	0.08194627342503158	0.3090711292549794	84.35042160688106	71.01817257923834
2.767523213593941	0.10447379719714459	84.89656070657259
1.356649777518844	0.10709664401693002	0.43665377100049024	85.40341815508309	71.28232767811356
1.2395395416961026	0.12116933314518863	84.73566754651921
1.7302578067000172	0.385275828030522	0.09318982700976827	85.58257424107569	84.14410723810025
1.0716843002179721	0.09897545378204055	0.1818679474867692	85.11270516864435	71.5804585144577
2.1747711424569953	0.11768455014602515	85.63213946358597
0.9057238447097938	0.10672093666068627	84.61533592980435
2.6820974543579195	0.11813324851877638	0.48978694267092626	84.83763843092237	70.9448158993452
2.7741343081769707	0.11938429110894873	84.69057279836696
1.2847301801914022	0.06999076366738109	84.77448458426525
0.6792745676060654	0.09971194045386393	84.27416302264388
1.1068198917665446	0.15232896324843978	84.7192716128001
1.1735980271672266	0.12025747000372042	84.54304121306808
2.493848940605237	0.09123761530962488	84.8551487589815
1.4708378485908944	0.10486047992904525	84.69278924054065
3.1698659808774963	0.10274872741777573	84.90494790411815
1.3951003758934548	0.0753117555114565	0.12079919323552857	84.53152316531934	74.9514879198258
1.5875982164708613	0.08207636915846946	84.99475160327975
1.8319926226875447	0.09092124912099167	84.93372832848284
1.5448838091308708	0.12082860167130861	84.75289328383862
1.5606604486986364	0.08579926456434947	84.68118957329618
1.2305125650783713	0.10010518789412055	84.65642672475536
0.8583730887823798	0.08971866696196222	83.6162907111293
2.157527475654344	0.10413355337467588	84.90316169893184
1.2823792492277406	0.08379325458682758	0.15028621254132715	84.50224524642553	74.01689922039677
2.137825589315068	0.08732910856555397	85.00511529520196
1.658645006103891	0.10435390034633978	84.86104060272919
1.2817967345910197	0.09561040248060908	84.73902177358849
0.7975003351828843	0.10838233287479267	0.9126842715953043	84.44713435582526	66.1218298310292
1.4226636855121426	0.10433360244591681	84.685475497992
1.1692149777345586	0.09280734551962001	0.24394445122671873	84.70255634703975	70.96327577784194
1.2755655586801704	0.1188568192868398	0.4315571806538139	84.64136226551435	70.31436710101607
0.8571259736976122	0.10517123391737215	0.16800222533974465	84.59659387921148	68.39452750610187
1.4870678791891474	0.1327354741118102	84.77550587381634
1.7645665942300013	0.1156130795304337	84.96020487298243
1.3691751817582987	0.13674688102084195	85.02425189771222
0.8072181572802895	0.10376012072641881	0.4287576852636662	84.58748456119295	70.73064794456235
1.8885449171479294	0.1677402585307611	0.09851127593360198	0.27877552916840664	84.71151480612816	76.28318808565771	70.71826280907341
2.1969029283929604	0.10215116706902183	84.36125389129396
0.8688615248177877	0.12296299828655631	0.24875234930576132	83.8352969893386	69.51755225565377
2.051305098096761	0.14849324739337239	84.59770473919036
1.6247787683354051	0.15179294398115542	84.85577323307851
1.1278365180195618	0.17275131674773833	84.87804207699568
1.935249626587964	0.10731652035235882	84.64693853737607
2.342339905947433	0.09328268496475085	85.20678891046748
0.7353928243869984	0.0976605706801924	84.76792193357751
2.220084227237238	0.1180558645699924	85.00606410917052
1.6841459227224183	0.14231165271998703	85.57985352734487
2.0421341141091216	0.14623783950838362	84.8447164787812
3.421462243912147	0.1057674336511231	0.16397278511720886	84.65316663528662	69.13074579096929
0.9964356326787467	0.08985491591069762	0.1898202241155522	84.59649126930746	71.7151535775928
1.0343700408709369	0.11209767376722662	0.09599628697719302	84.68485074769954	70.06098225160841
1.628240185293886	0.11723990059510757	84.2809069723416
1.2876693762647093	0.0925173854056723	84.33535544944931
2.5532242347617076	0.11491353825129179	84.60336907710989
1.0627526744857136	0.10240957991847928	84.72504482552827
2.400182194385746	0.09950271608291167	84.82466645828603
1.6562609257002265	0.10468145433819609	84.66178652741715
1.0486411999534364	0.10223552713909752	83.64538917388602
0.7750777013411361	0.06398150923091953	0.20669642480461786	84.52167343852923	71.00927653762926
0.6523471540581295	0.08851697540036137	83.37492301406883
0.9216983364492123	0.10577965715859107	0.23880052964528742	84.80119066370807	72.45126309234087
1.5826540086434135	0.07061316876259607	0.4201537758382919	0.30825411583114654	84.53951369440075	71.43738444521424	70.39023575715946
1.1062122697073549	0.05323055625119605	0.2062757066478901	84.28184983312758	71.12667369388352
1.7498131450248662	0.05411177615002708	0.4898084700117824	85.0411180060656	70.58051439825887
0.30594916298664754	0.15132182722591042	84.26945465441024
0.6421055697493455	0.11033838040338675	84.89851826112546
0.5687125990666269	0.12127327848765128	84.55183654806365
0.4261053849222578	0.09491859745063652	84.29281631337729
0.7243483619560713	0.11286419791931966	0.5846578850766012	83.9452116389862	69.74457979768228
2.3007599207013207	0.6595164705621467	0.10347801276899547	0.2688723701731149	85.19113815704452	84.0194120001419	69.10821853397827
1.0127312215090167	0.10390972701159921	84.97303075374101
2.9320989411845564	0.09107947958749167	84.63147645705074
2.439627692825667	0.10863891814053016	84.71126359642217
2.3859776596946354	0.14080047890251024	84.95825767498576
1.3065325476553702	0.12607356022953894	84.56293993328859
1.1300748775179854	0.10534189721031025	0.46252506617924743	84.89477273952326	69.21745991693915
0.7045093145716883	0.05589913450481924	0.23912341589465327	84.68621829223892	70.70133442799761
1.4582413206221312	0.100910728113628	84.48961849284954
1.0573372603223274	0.11642346486842692	84.348271893243
0.7025229771062158	0.13995662170439452	83.6645442805892
1.2772925863432045	0.11104522862543449	84.97967428163915
1.1481092689307868	0.12520529540241157	84.885607091584
0.9528131216792757	0.08253067367133453	84.7369280236707
1.367927290268755	0.0667210076123916	84.68197385494499
1.2198981831087825	0.12016505911533595	84.19508154645148
0.9286068595172086	0.09031631389190092	0.1644913887533029	84.55719143921716	73.11492595963826
1.921354326228832	0.12900331766918294	84.67241677537262
2.6960846215263023	0.10662349990484316	84.6939793766413
0.9054553741931349	0.11230135367865049	84.73961493921776
1.8424254732349126	0.22132581612091687	0.08774960086704217	0.3222417153848139	84.57325141917299	82.01844022628171	69.31634369064581
2.0216166246717147	0.11058438534785862	84.60563276834911
1.3443768965890701	0.11840732160579952	84.56276335056161
3.035988928385409	0.10919307083894754	84.75889742432186
2.4295034016272896	0.15178396422715462	84.83157278855711
2.643727610759711	0.14327757602899915	84.76256911368279
1.553986123379641	0.10535119566512088	84.80306352785016
1.4757718486867282	0.09780728471053504	84.94264868656066
3.070673244656829	0.10543264755865946	84.93157120862662
2.4558796602645225	0.11538090862638174	84.65276185573835
1.7092867069389197	0.09745640628583717	84.36196813769438
1.4715925484127292	0.10157755375407776	0.19576272051837276	84.6619096401713	70.71301800455448
2.663268138167602	0.15310793993106017	0.15342862400730597	85.08163298676695	76.95986079035708
1.4108249416563776	0.0927452628453984	84.78316744374114
2.4112428168437927	0.09997740446230603	84.67612957999789
2.158666182435241	0.09820716713161651	84.84810835636385
2.4550742589807992	0.10479875365838001	84.76442856989473
1.1854125568366358	0.11519962986149733	84.66648754309344
1.614224140576602	0.10128849871866503	0.13058529101526423	84.30539086301418	71.41348559452294
2.2732906348417456	0.13162089032381502	84.86103017890201
1.5847164541538412	0.11693977963477233	84.21612234454365
1.2655203508058332	0.15233934182297632	84.74443010861125
0.8893676070017469	0.10637419246419687	84.65049726362388
0.6370130537365081	0.10675641977190918	84.4983212350082
2.221072868233889	0.12259903425592746	0.2583686642311452	84.63237699602668	71.74910964933203
2.43368564636916	0.09865696129999067	0.19231256056497675	84.99009193365544	70.78204137202455
1.849955177916105	0.08448209268899602	84.17609357030784
2.3001385548283877	0.05626612219969944	0.24056260394035087	84.57647408556191	69.08667383710473
3.9733737345789555	0.08514524499500291	0.1931023573359442	84.67905889216507	75.70677863013015
1.0594328398303097	0.11589209193280241	84.87713153557482
1.6098951405767665	0.12395473692092804	84.77056065022525
1.7731124670017928	0.0926718375315827	84.66446760144655
2.080108921407465	0.09211331096213593	84.77583318705334
1.619721774536224	0.12159927096281006	0.19810454912298436	84.69696458490682	70.0198549675751
2.2375282042945304	0.11829119023675962	84.9821072444751
1.5038666262721283	0.1269884473938064	84.78963210756385
1.5199870437718763	0.11824826230686801	84.6800469708338
1.8320165266313793	0.16064989233801188	84.61921080055488
2.1255740202632754	0.12550632736197845	84.90637132314764
1.5782938327402922	0.08574190976304837	84.70766402715148
2.7663033069726937	0.09828241888180508	84.78048556066747
1.3627590614876361	0.10839822175594603	0.5383321969910906	84.6372943059148	69.42860665817075
1.2737395759511156	0.12464057541317553	84.30479235523472
1.3427058008682173	0.09191304101198594	0.20368858783458593	84.64587002245028	70.22142733663928
1.8927502051036325	0.09768374630846599	84.70486040552292
1.799189108897968	0.10990784330179912	84.06976017066661
2.1590811995434747	0.09448132734458806	84.65410396693943
2.3109847519694786	0.096848859445851	0.20438191140838272	84.75313040002175	69.44369565134116
0.9386885128067499	0.10588451807811215	84.70274450285655
3.101029997519423	0.0813404007878929	84.77589196756988
1.0655415419423218	0.1282142694209768	84.54955367828495
2.595814164823564	0.16638503042441893	84.59214086717921
1.023521476968436	0.09956629316470313	84.42263052652562
0.9316368520162784	0.1155634729488334	84.64383391765004
3.1053582694468496	0.10335316450872475	84.64239463165927
1.6470670081335852	0.1269974085626723	84.50459711036297
2.8074064038916218	0.104219315684657	84.60198200420362
1.9399324043359067	0.13102813452190976	84.32233303780083
1.4734960794336351	0.0935098165402219	84.61374991019032
2.048477532886573	0.0938509000122884	84.76787520755622
1.3082437112041763	0.11227583175404555	84.80231597832429
2.1233036443698348	0.09998639658993944	84.7074191304397
2.4490642903789963	0.07962565689598182	0.18698041581825736	0.18505907207156652	84.88407539577305	73.25022063735095	67.00961402557039
2.4703005701149183	0.11182747099836882	84.61131585316134
1.7982848042357908	0.11466347424653078	84.8492321189996
1.2631515452766413	0.11018000957013185	0.08939721031137601	84.79381982850397	67.79407499839112
2.202561085723258	0.13130317927399224	84.62522842444379
1.895870201293792	0.07835521848640789	0.3112588526853137	84.89292751579272	71.06273173635631
1.91229926185423	0.09726905430923377	84.53444335782554
2.4384921360326492	0.1302725962947345	84.85145852586369
2.2359230860276056	0.12006414813989513	84.65763109887067
2.5814228549565037	0.08623734449850126	84.69553083234189
2.5181238689759953	0.11730330977155812	84.5637148523833
2.3461045089351913	0.08153403796811111	0.2939988723895641	84.56525107474476	70.70504780654043
3.7985117523925127	0.09654578262201823	84.75117738134051
2.3327866159697606	0.11934939662571892	0.11890605190426955	0.24238416585878564	84.66484722519571	80.10370634370538	71.5561027709352
1.3474549265779983	0.08530460239243137	84.74042547110524
0.8016248820911905	0.1282021267014078	85.08441926775171
0.7887660402541375	0.10554707831883277	84.72692378927475
1.4822044150978262	0.09669821436381572	84.64120803614296
1.1553347494511108	0.12977320127365433	84.73917292483576
1.2700977155566637	0.06792378418946851	0.3034278494539243	84.64698210668205	70.80263820085774
1.2439262077525017	0.09024754749194527	0.278329861924228	84.66913445149599	71.93634348060587
3.160507615855022	0.06868935118077536	0.39631769064519184	84.95778912167947	70.87899879722939
1.5607352788540867	0.09057914905509512	0.19793881593848198	84.76997101634105	72.32305677416868
1.843726186791869	0.11948833425926551	84.79979807206462
1.8406508041352554	0.09070697784711412	84.65225520234695
0.5937937874379744	0.09022329039502233	0.3650576263043113	84.43428974871443	68.1757399272908
0.7118012340815824	0.1436223003588359	84.64692470571218
2.582837931264409	0.08701065109245056	85.29463250593243
1.4129542344659505	0.13410336364269862	0.10330467209727064	85.34892320145329	79.69965204005702
2.176027896124922	0.07970767734424294	84.66826395477261
1.385141585145762	0.09942409030904954	84.42018051855464
0.7056790770841213	0.13620563864463853	84.20940607488596
1.1067762496935263	0.08092180978183895	0.2900244075560123	83.81660680656431	70.72250486034488
1.3752133670724807	0.13608588620105483	84.24272563387555
3.7330872880782797	0.12243504496036424	84.91238756373106
2.010780739897523	0.11527157207301074	84.73094483117858
2.378947500435464	0.10839758248851868	84.53428630081088
1.8388086135543678	0.10337424398925392	84.75226059831189
1.6392878070104415	0.08017829044360028	0.27933152891038615	84.49707281630876	69.5351148946573
0.9307891291959252	0.10389582810283923	84.66724608261754
1.4551520910001934	0.11357417013035777	0.16663240182268862	85.29733674651754	67.29327456893036
3.7984088347538476	0.12659633620753644	85.52266924622961
1.414655660930967	0.10999578094775933	85.11420189712767
0.7631219821627409	0.09539350156603671	85.04256281826935
1.3154111392567935	0.11117942611005044	84.66506756557115
3.1275559117432623	0.11878531895717126	84.85543567519738
2.566265165012412	0.11069107045801255	84.38316264951423
1.0806430423393822	0.07864047040073378	0.47025545481729947	84.51792359942932	68.82479800779237
1.2409081641756652	0.12874105460680846	84.772015561307
1.7134069348059888	0.10579919964669561	84.55599221697166
1.0714238448754365	0.06951294240064693	0.05999685632375626	0.2219173509820127	84.62792808308674	77.48307184575778	71.6309740258749
1.946708765184906	0.08137421834764963	0.22566862800930182	84.70037819090415	70.46546874612139
1.7401371999976414	0.0953807468412398	0.26615756186259176	84.64315199577977	70.80877398953838
1.7062872099453397	0.10302909947848586	0.5664283470759075	84.64870929078732	69.32111985862481
1.9376604643233337	0.08820278367971257	84.47032391731196
1.6010026532880257	0.0668994785707675	0.30802036834814256	84.72275482763767	69.95097792042937
1.1188481700344066	0.09629741551263343	84.69336025305084
1.9433703726487586	0.08181868082405101	0.4462648594447909	85.00373890081126	69.43634047644265
1.5945977395844781	0.10810441926162727	84.97504665596807
1.7093103790981652	0.05383234867826682	0.24704187466429098	85.09450876921774	70.7136181905199
0.9226425820275953	0.09763965493474193	0.2936077821060892	84.99023727556869	72.0731067986653
0.5312858954550886	0.09657464369426852	84.335888504006
0.3503273804763951	0.09801432034460064	84.72994184143171
1.1891843494572396	0.019554333632547452	0.11918696882525413	84.68907198504341	81.13105138769018
0.5662807982912267	0.10730410261499644	85.00747801522893
0.8050284983102711	0.11869050339482132	0.26951521431993875	85.40393295100885	70.86105218012209
1.5018518712686042	0.06634103915779523	0.24548370050769053	85.30504342801333	71.59309330752252
1.2186160410651543	0.07079296318022985	0.31481198549104283	84.60152313997887	70.95844304246727
0.6140978717354247	0.09002116496213272	0.24164890335735306	84.48589023475859	70.76226786978636
1.2519707343019473	0.11298807198385527	0.17509216432620292	85.29260409891961	66.78783225196746
1.6031849594116134	0.07722187915372612	0.28877098683301844	84.6234635762072	68.80224992260497
2.508930356563985	0.09234296712310097	84.97023465394548
2.1653627422101365	0.09692251480425321	85.084495931187
0.4369576199707742	0.12514836776532903	85.17355799710678
1.0444859154511936	0.1161234114815866	84.6933961670098
2.1251798420451626	0.09905120865330569	0.13666987503750302	84.7195782585084	77.08639992107179
2.7409131233388826	0.10839908488503915	0.3930726678132627	84.69912690163724	68.6250380899498
1.7761596501883887	0.11032957032536153	84.67588253169261
1.3739928810259991	0.10661865674344236	84.57281617823384
2.065619102968102	0.0988168172903592	84.80735642642831
4.981549754744966	0.08403503398653969	84.76841991757028
2.6082896631498977	0.08073809156710461	84.81228748033095
2.6885282224791145	0.10438609740371697	84.92171566591881
3.405106305451905	0.0701230029099811	84.82577775546879
1.3369994664508758	0.07886834786090038	84.26726669854344
1.8348565113654944	0.07401542546656102	0.09982526926948207	84.7258767229376	80.19706609545838
1.6284940000132047	0.09568017328102627	84.45058658435968
0.8402183870481403	0.13027551517507627	0.046342328146921484	83.32443611119285	66.18025923505675
1.019667108966219	0.08534995863190094	0.4577275468997903	84.97229657947153	66.77968825920573
0.5952759819443619	0.09206217399576665	84.26996053024178
1.218074848721231	0.07099834008842452	0.0935929342961359	84.12243799519507	82.42066221077543
1.3248615825098375	0.10324112689667972	84.56853146191511
2.1278783089337274	0.10575741765675332	84.56463521311471
1.0162773195717987	0.0833848545477303	0.25930785511660703	84.56321077503556	72.01577126291505
0.8797228065046534	0.0748160837319437	0.2524762697079721	84.5808681887499	71.29772021836054
1.38443968545446	0.08872512278087236	0.28679108263508596	84.31476799930302	70.65635510667164
1.3016652549846108	0.06571378294894274	0.44699278368326306	84.95024913701624	71.08571367153371
1.9110921695627652	0.10267676251350621	0.41080668697886935	84.73069227464315	70.74442590974067
0.8479975465276808	0.09924069552806035	85.47416910643393
0.8941013054521921	0.06357503030533598	84.94740642156259
1.5255438138209878	0.09634252828934402	84.7847578853203
1.2261074269400685	0.11388454868191653	84.87800270823163
1.9657810162705784	0.007206101124981135	0.1341474961214849	85.12201492506523	83.84084079318485
1.2676615697847522	0.005744967703158071	0.10927373950602144	0.29179564450121315	84.71972308406579	83.70050659707648	70.79619687032786
2.5441050199751127	0.11210659368128043	85.02076478475783
2.1848883837719852	0.0773212577033833	0.20927746918058757	84.7338016260719	70.87544674083122
3.3390415500484605	0.1005286595536058	84.74130289968276
3.4539177058941415	0.1058162269052852	84.66869518301176
1.3014763837934284	0.13634449394689796	0.23645485204622257	84.82536310213057	71.40089931335955
1.287489806483483	0.110998654405124	0.03658090966598208	84.86496951959106	66.76716631284161
1.3430693003234233	0.08913699136083818	84.85813449696244
1.1369153489569863	0.09376383078657587	85.16026535126025
