0.42981490162791014
0.5977589293890466	0.09097443572934875	81.76486157954287
0.48719273789736967	0.10069119000262683	80.67910317961856
0.9220915859834334	0.08105713953463327	82.08055202279307
0.47422242128807307	0.08358792457232825	0.028681790931994793	81.2900622530741	69.22387870975915
1.6822944458687024	0.054979388469515195	82.44504371239071
1.411686938203619	0.06619748609138801	82.7897073626733
1.4044845775067307	0.04218151548839365	81.90235118637615
0.44311934994434293	0.05418346771438955	82.11787124763428
0.9941987338769895	0.04623770633056606	82.18586053070729
0.39690576680270995	0.03728080683653467	81.40416209596974
1.324458975598896	0.08565206164449835	82.29588662947266
0.9209912944093591	0.08132209505732858	82.07523559274263
0.47275723992085195	0.04808547361602546	82.10934360037088
0.6605321009537087	0.16786693218687063	0.11088006961859848	0.08688259101403555	81.39456627069282	77.60125573439835	66.32334544943372
0.6803909006422916	0.06159301943076265	80.84843538750596
0.5783675883592722	0.022486282359911788	81.85234678130254
1.0661503386658182	0.03969332804476067	82.39171189297375
1.368886690727912	0.06396840145506834	0.07159709420806494	82.73628170630857	78.83043521799942
0.4310958095924725	0.036300961951522444	82.22999912689168
0.7498064045560593	0.0426933930740914	81.28916398318965
1.008466368940516	0.05067150463764517	82.9006675102603
0.9283953754363721	0.05421897107505841	80.15913909492365
1.9288200021092934	0.02516508458249174	82.21393517295795
1.0311637232291442	0.08196054054672487	81.78812221372257
0.5185146152503605	0.16890505664277436	82.65305357084588
0.937560883177485	0.03628693636744189	0.13021998001538598	82.07798735522589	79.16070235549255
0.6400423946707113	0.14678840822643607	81.44679752245219
1.0195770948329248	0.08223601299158477	0.24361179164373986	82.02920056075315	66.34437522868807
0.30298406811254563	0.0797036166406528	82.03139956867878
0.957944968889775	0.03278434106234525	82.33163846705544
0.9525722555288522	0.11210563939141845	81.66374897771477
0.9550540778437479	0.05874252416329393	81.79740870414521
0.6998633009262892	0.11779163149670592	81.423430651519
0.9177429445269225	0.09343301712522074	81.40082226002104
2.072994629671629	0.10047106667800791	84.13745940146326
0.9922157867602488	0.038804292091182524	82.43386794282495
1.5702285512937721	0.26395659249392234	0.05053991514122069	83.53761527665158	81.18356393098439
0.8816758954749622	0.12451330178394691	82.31495996068826
0.6982068189430717	0.06770910169902518	82.01272513543582
1.1886726982805706	0.05236487574591762	81.95780888366279
1.338739037764014	0.040887248284043255	82.03235666201329
0.793019393046903	0.07517732085984105	81.8794822835651
0.4027087495983575	0.11490149164468402	80.76558158833424
0.7491819612743784	0.0370977525601321	81.74690831693343
1.1313953886689305	0.0632710753276959	82.15986362032183
0.8551297239757428	0.0664955707743838	81.0855624531338
1.4108793983025463	0.04378431900397522	82.17627341828153
0.8281730260264062	0.054825563575194594	81.82686067001973
0.5132866335784828	0.06790529311778958	82.07709196656002
0.6094882679464736	0.09709523633511624	81.61743057075127
0.8647479572503277	0.09358164698860647	0.05705497659402633	81.8464160573134	79.6450028993588
0.5675095074697134	0.13981129227311362	0.3136340977364881	82.27433613860693	67.05384613538806
0.4774383822489216	0.034743142168738264	81.81211245495376
1.2283492136105119	0.05902893270405234	0.2361108030482034	0.16916489993290362	81.94418397906739	70.19824083573363	66.90830608299073
0.9048328384652484	0.04793958896384255	82.03486439542809
0.6177542613535901	0.06042708150396302	81.9636873764199
0.8884907761218342	0.12887899838608483	0.036629320924465227	82.18983353386669	78.65984989396583
2.0975096892883123	0.8110008115547397	0.07084009412029352	84.58047889730913	82.10390536696565
2.2947571470992267	0.06885181210980666	82.88028676753333
1.1779365968762658	0.06978925602396568	82.13613124340665
0.7121549554518203	0.06594163030958941	82.09125453399204
0.9208017725967512	0.08714127066169707	82.07612873285322
0.8449194578547217	0.044363744553038514	81.71555100966866
2.338693359300522	0.8635248869229625	0.10522435143686458	83.93453257732348	81.31527560342239
0.7629337786692331	0.08972239131342787	81.09684466976798
0.8353379987475394	0.07704429271868647	82.4807187608752
0.6331984596899293	0.08154185593157208	82.2441930486331
0.5756479211778891	0.06063782268686293	82.32529186844954
1.2197008061961028	0.11445837093733961	82.47747084386505
0.9726838841085872	0.10530313540350143	82.14686787513136
1.234111752348526	0.029025752197503016	82.38619444471739
2.158064195072626	0.09578569449623663	82.59127494203466
1.035744669787507	0.07314046353998005	82.15209483674819
0.8567174210366636	0.09255658179201222	83.09242082348749
1.9484089738987553	0.09757968424577927	82.2373507019137
0.7012137884518986	0.12868283400762012	82.42405246637001
1.076939212826634	0.06420236853946193	82.17705193297937
0.3189163157132048	0.0800688553560024	0.12797892749120082	1.0209900032885146	77.44878154849923	73.69371611669814	66.44822337055058
0.4923138764255784	0.11397530938803593	1.1495562111520945	81.93730642878482	66.81170595008832
0.4780217470702713	0.051341028545450626	0.8656836531784293	81.79293642207847	66.1198899120802
2.5840724673977165	0.05297091435911116	0.7329373705220324	82.74652550455535	66.17600947078175
1.253105228707361	0.08464099509924247	1.3393833837343903	81.8085349164491	66.15618253928079
0.8131563030859468	0.08385173069947537	0.896833946351375	83.41696661888373	66.41671085804323
0.5701666594479675	0.09329884345865977	2.0605453337693342	83.35351984676889	66.71596306439793
1.0004333828528615	0.025597659218170712	0.18099438719749303	82.049015220565	74.79838228901518
1.3163045666482776	0.057225974800883796	82.66672453097884
1.0377666232586609	0.07253498665125756	82.2108660705702
2.6273980940279142	0.10518877722099079	83.27465921942029
1.9174557874232854	0.06562970726109216	82.20278841532746
1.4549334192237782	0.45230856104482714	0.04182769618366594	83.64047959929185	80.04313162247864
1.1140018040378814	0.03412265736600965	82.28528646409278
0.7426157152560482	0.12173466794784352	82.03783047547157
0.8191123830479081	0.0700265187995108	82.05496391346608
2.0617952596916007	1.118909791703792	0.02306704303323516	84.23045912381066	82.27626767777633
1.3713799239393316	0.05733466592677222	81.98231726896587
1.5091594647375348	0.03967590314460266	82.29377023459391
0.3250790800497866	0.04647583866316716	80.33213886543632
1.6373770326174863	0.06363657813758777	83.42386515371857
0.9369741476696242	0.06805230672686695	82.09343919794186
0.742285026589556	0.03853657988279521	80.84354765864767
1.0104342925853078	0.07610479604953982	81.9187801171993
1.658282287883645	0.08008639135130298	82.06611447312706
1.0388185080426873	0.10432431313946555	81.8188921776715
1.837924988055813	0.08842803089703591	82.58398329443158
1.1478796509457456	0.08837332266105515	82.3376873888777
0.4842406959835865	0.09019408534072947	81.99207791193828
1.068849708888131	0.0723118747664452	81.92497588799422
0.39409600536518075	0.05617051172791058	81.1325992401703
0.7060066521818	0.036086237357981936	81.1094921872883
1.2998653268772393	0.03629895989457863	81.88833551199335
1.1131394209643908	0.06524192336894705	81.90981475616069
1.1158804051497715	0.07494495078466822	0.06386784325335193	82.31858774453693	79.71508646390195
0.45195810544926596	0.07468582306592779	81.81840554803622
0.09109006534964237
0.4653122312953779	0.019017429709457977	0.08184686525408419	80.29773513832163	73.14248696483229
0.7728162969401555	0.054590929397095526	82.04251117019523
1.4247690014820147	0.01612584620039176	0.07064078430746945	82.13985429010414	78.43396149216372
0.44759837621028553	0.040001643950687275	81.6603490382658
1.9487753766376086	0.019299283680157518	81.84984700915396
0.7275945368673783	0.027129736368442247	0.08212508918117288	81.9177235354235	68.83116009490399
0.9481061497176886	0.06297057321682155	81.95757581678426
1.0960245299124858	0.08915201927059924	82.55249003785094
1.9500091585220471	0.06852543685574924	82.28238041329762
1.3445757611877196	0.16612035237139752	82.52157877039376
0.9966341840360434	0.08811680082471038	81.90360214694088
1.6543679250830376	0.06996380606144675	81.80961813914675
0.8682339108411326	0.04331883442841439	81.80352015409836
0.7409444339423291	0.042394627695629274	82.13977258469575
1.0097464054463148	0.05274528377228984	81.95944523889486
1.045489022136764	0.020183826613063473	82.15605422117326
1.662616529044458	0.055503356839803224	82.37384272050653
0.8319410708403586	0.030606405329539253	82.12058418615037
1.9424137326070343	0.01918685538070362	82.36486265863687
1.0221668358823588	0.06981879199578432	83.08080527655248
0.7143317639671909	0.15839186141862602	82.9822122211782
0.7120870705624508	0.06347826894752041	81.81990211315899
1.1967825410858357	0.018311152897334797	0.062082888869622745	81.97006155203738	66.34416801423929
0.6467970187276837	0.09786873403120469	81.54679927788024
1.0794463953467073	0.9414236198154355	0.10008740143167838	84.36702377097215	82.2352906904792
1.5047824626849162	0.06453899411890471	81.81009877217663
0.5016071299000918	0.025014407534363722	82.26264174680749
0.6378104943627928	0.1026478609746869	83.08701611866633
0.8197468488580871	0.13365512183733705	82.3622051842169
1.0521372827451667	0.08520552337389434	82.05516600282532
0.34874695534193173	0.05445995627007323	82.29789816921804
1.0654716693198396	0.07013991403778577	82.17351454328359
0.5593579791926142	0.08061228804352455	81.90606856608426
0.6044328282211574	0.10736081148439384	80.77554660281284
1.3727594215981498	0.1356551862683838	84.13281251421954
0.8879903410716722	0.7985376183335546	0.06834657669735995	84.40394252564323	82.20350568976748
1.441094205924953	0.043147608419701354	82.31052195851652
0.8686263810935807	0.08595484372244085	82.88317813589116
1.1861778295366139	0.08857234994579619	82.3716097602159
0.8116469859125498	0.0968028701672437	82.08615068974711
1.6365309937108852	0.10116829651335436	82.33626280285887
1.5132245742034791	0.13977874779734611	84.02686790462887
1.3839837174247738	0.09490197644569026	82.19150937313111
0.9531814691042843	0.06142387024798585	82.23914306669872
0.52698567563309	0.009061722966837792	0.04428702455878924	80.47655134438502	76.58866750171876
1.1595297174928627	0.058911712647789646	82.0796725322795
0.5881580933700999	0.06962442777450654	83.42614065123385
0.5279379088339768	0.0690202915602379	80.11340225100575
0.5567666315286777	0.06018778948990755	82.01731409431248
0.6746796084754743	0.07650186512615573	81.8782194684346
1.7969467742732066	0.03957941357090477	82.26747682899521
0.39325911332278063	0.03232992121827797	81.51899694089607
1.265991095506379	0.0888214330613247	82.32027028628855
1.4427688247552704	0.08349251726181817	81.96787466861683
1.0387776533681194	0.25032368973018737	0.10395201172473638	83.24274134042236	79.83757785559766
0.9145915448754994	0.08810356299915262	82.1517443658956
1.134720886313744	0.07180029061902148	0.07907166631915256	81.59231867343586	70.16426395432295
1.2548972934594023	0.09805844732685227	81.94953899582246
0.6210968505476522	0.14236311862577494	0.03945853295774884	81.93593909863502	73.36392566717558
1.1328192485650532	0.030916604425312633	82.20054369740541
0.7971524331200869	0.08606302635089197	82.45366785990967
0.6896014268807842	0.04082921436713402	81.21200205279322
1.0808728574831536	0.10776834994124972	0.2077236898083807	82.39846759579271	72.78554513805183
1.3412988265296617	0.15150672187923933	83.25971297925321
1.9004808803947224	0.10330728543144174	83.70396749554334
0.9811332802819864	0.11194070347849694	82.04837909948911
0.5958588580720007	0.10402761573092852	82.11866785891287
0.8532957580409443	0.05017094195974069	0.014954081773999756	82.35075005852329	81.00561557214903
0.8919437488638543	0.07297502813456769	82.47192555941183
0.7317783193129442	0.12309943627386587	82.25650863793388
1.4094392624374021	0.016631940520124455	0.1541118304036559	82.11446160712066	71.66478899349046
1.278418269529331	0.04887648115710198	0.10450413312575123	82.17147211649419	74.74061276707818
0.7519779545787897	0.08180183438599573	82.32555129788314
0.43698986775792886	0.04732107081812985	82.15706563816745
0.5082984577154218	0.050069094190640394	80.86811683916888
1.2203229252975318	0.48665970224334026	0.08980861113781095	82.41909576557487	80.50074166635302
1.0276695738178103	0.11104343531290684	0.11554467754569314	82.14114195482567	79.64084937508478
1.25392908516621	0.048680986763991366	81.80057323843648
0.8283523906463754	0.08861240045641999	82.35953760270333
1.0986735669767873	0.102487018518646	82.06793965986316
0.9288822834314803	0.08492020460877386	82.05738737426901
0.4964842270211252	0.06276701404094663	82.00011808615861
0.4632466623371715	0.08828393364297908	81.5631423080734
0.4376700929713849	0.032206149845349474	81.88791599104812
0.7573005018605481	0.05351493120507397	81.93807048250035
0.3935478377046709	0.0649981883813311	82.26072070781025
1.1482830833400604	0.04301903394800486	82.35816874831765
1.9981711009764547	0.12045213345534711	84.56128632857427
0.5858372703438575	0.06618153654665954	81.88657714235909
2.109580557944126	0.12101851123989478	82.43119493513292
1.0772763797150269	0.09636488072054036	82.10817295586516
0.3980286543783625	0.09261105265886137	81.61197449157602
1.28958386466546	0.0815716848333465	82.10035278555368
1.242587813951194	0.068126419987164	81.89814308113516
0.5032095954457619	0.12230073489919877	81.86853000224606
0.2424416590287143	0.14786230261776098	82.92564350150968
0.5608586724365848	0.10772563938643451	81.65272392315728
1.090277719638799	0.03692700909375706	82.02400904804668
1.1923179133427901	0.06827130933108941	82.51070500040217
1.0841348751137154	0.0908302882127352	82.20304982236377
0.5575437501112499	0.0994621022539228	0.07336670471185124	82.70018462396204	68.94295948496568
1.267843700961839	0.0889176250638151	82.09910865352255
0.6837918667224279	0.10568438111794695	82.76039282653764
0.7919949055622008	0.04728878748588861	82.20822599112061
0.424803674222887	0.12518951382479465	0.09710588040206099	81.62401918985529	74.56503549436553
0.32109245749884796	0.12374723743505325	80.17844555710457
0.14137243113769316	0.0856135076547397	80.8729768849249
0.5036331873658266	0.10983143941412861	85.16459427310906
0.7692856909774156	0.09305462452826312	82.02848592973208
0.7402831357300252	0.05043411950515364	82.15197003915947
0.5801386260652337	0.06344395697209168	81.7001021038425
2.1960617003917378	0.05909067179403823	82.10744011025061
0.534548313109119	0.04411220742778745	0.11319357195161711	81.64875027823416	73.80069893835909
0.4844868151324007	0.14600731405983597	82.34210444632991
0.3808934053597249	0.06800725948550976	82.00739541646008
0.6681648665552933	0.09997857971597464	80.83683556085383
0.7518702030524224	0.04657479057477837	0.07643693661620178	81.82387994202742	66.39258116515153
0.97136667369087	1.1192059534627516	0.04919881548083277	83.30996535037131	81.75181987728688
1.0409942977479625	0.028758347778375527	82.19152265090551
1.1579785214234384	0.049853317318175376	82.53593796777771
0.6881907510059673	0.981800108088223	0.039383602568756594	82.91957154065409	81.49391005073107
0.9774016002203196	0.03859965351988059	82.59863972127921
1.5747263143224506	0.5698929889268527	0.09351649181749841	83.89378724691171	81.71503669415691
0.6018161438569318	0.05448934300180293	81.75575800590876
0.6838363490987922	0.04633080991196894	82.04592971467603
1.1201274729252828	0.05019190830263872	82.08896620194098
1.1205621581244825	0.09067540187397162	81.94132321267175
1.5615694930104322	0.043370327237456825	82.0575502301628
1.3683013608359866	0.02018743482346014	82.13075103938435
0.6628706393828658	0.06116341923107191	80.3964199553804
0.9340983982547071	0.10931068332735079	82.1781273953735
1.0452002678707775	0.043152232261904934	82.03124065418035
0.777806233722664	0.042487189656066994	81.51399483322902
1.0963194651715389	0.13533695236584334	81.53485942015092
0.9970713102596586	0.07525798993057456	82.47452090841458
0.2847370250127599	0.10857897702854878	80.74367437038856
0.6570926508497813	0.06598351066934204	81.85033667163869
1.5505561918201867	0.07994347383785608	82.05070432500038
0.993125256652161	0.06511284033154173	81.74674453034385
0.4461953172508602	0.08839916416009562	82.4587060389167
0.11486183265472823
1.2289109414118204	0.053140368463010575	82.05162190213893
1.2030473735652945	0.13517705162054547	81.82435029171427
1.2214286755786727	0.07306929967392352	0.3443781438640089	81.73249876700912	73.01047282762525
0.6547607762377302	0.0745532598175267	81.64012467990176
0.997374352967941	0.11891708341307941	82.39161559386595
0.20914746893867278	0.0455825064968149	80.10998860894186
1.1843433726794004	0.07778293817485059	82.03081362062838
0.9018232256883443	0.10978777828348929	81.51640095862683
0.9407803822997035	0.0863805953954071	82.44876251387495
0.7457514898115003	0.09695871342619017	0.20156469627581952	82.27054875607101	66.49189802860636
0.4083019867252517	0.11753963296878153	82.16040784539089
0.621714308443984	0.07225150830770562	80.40571889258943
0.7543408758628891	0.051697671905490156	82.1487760946675
0.7566394019809116	0.06116308573252843	82.45340571493584
0.6383600530270596	0.09875398768359848	81.97055227442993
0.6435779006522083	0.11136209823223757	81.94491737927531
1.246402801237663	0.05536265660320914	81.9252046102035
1.0770935693223518	0.06688031202912785	81.52504357939948
0.8479020144998771	0.06506548259123675	82.21806455928794
1.2602262469689987	0.22414838945773427	0.6514066625795245	0.09353104955398805	84.11236877280724	82.53640084412089	81.10933588753326
0.17227974767089213	0.0732797696198745	78.27213594683298
0.29269892221237703	0.12322337476702598	0.07326888455588007	82.81153544818339	73.61914871341418
0.720794769844616	0.09124567537672093	81.68620291142265
0.2228220203697559	0.047070242317672595	0.02913931729926186	77.81510981116863	68.89222973494662
0.14470113857067313
0.6206990070733147	0.0925634296101967	82.53833259796434
0.614775192561577	0.0652974900552702	0.09997013841188643	83.40794785941927	76.02946614253489
1.259232829540667	0.08200151517388027	84.31060541450873
1.5767492053323453	0.10679323604725419	82.16415327231003
1.0924995144259328	0.11504379201836781	81.84146559092297
0.8267955825798515	0.054718916795572566	81.8318019376663
0.6130317733562844	0.09719814914956704	82.09587466155436
1.02681529515545	0.07689998882262754	82.17236788962994
2.378863599803286	0.0757339801630626	82.56793698914358
0.658526179070504	0.03787994583076811	0.07728121224210525	82.08781570781619	76.01355880857895
0.7091840310471095	0.03684178995458263	80.96791439615718
0.6302164782172395	0.04208328605689142	81.18294514982267
1.4483356164898151	0.04737453002928869	82.04138756117126
1.2548167171092108	0.02022158283827863	0.15318713144286528	82.27688179467617	72.13920200292945
0.804479199309708	0.008544755232324897	0.12748760401929637	82.00882978661092	71.94258393652714
1.148791941798332	0.0580976182042769	81.98283601602714
0.8002897840701466	0.048336166633276584	82.00421443668336
0.6070011380408551	0.05463140510490627	82.00560963787778
0.740681408983643	0.07643872394382951	81.97956658174016
0.7118859251248425	0.04799390231543338	82.0427467726609
1.575753861911964	0.07807825553259207	83.25958832086573
1.6192359984130262	0.05246890198121957	82.0781938753623
1.2821041971217504	0.1461888743647604	0.05368871394789327	82.18179957342112	76.05832860856985
0.7286918394289964	0.07108502958711992	81.60736243755075
1.7855951840075548	0.1435322366231739	82.8375686989183
0.16245407590428065	0.08101896481157599	74.80710791200445
0.6951258704967445	0.07937702764888216	81.81963929766657
1.4357699296236228	0.0786966348431011	82.269256503073
0.9047092120847355	0.11492534065959226	82.01737949619583
0.9290588718695058	0.14898666374050012	81.6107655263449
0.6640664136948566	0.474918894313523	0.09685171447037483	0.06161933144029201	84.18673085705198	82.00744977174021	70.40960739394794
1.1893030166436227	0.05955815020902035	81.82084681141424
0.7463272217082039	0.11118116258658534	83.01412476683142
1.1289499852646103	0.0708934311542909	82.31704539967134
0.7917825895436412	0.02502190418885318	82.23201443661931
1.8822580437349052	0.2145530073518193	0.07747093518309968	84.32355272085708	79.94887139751238
1.976428014568828	0.08891125224239257	83.18914087115022
1.4942326989016046	0.04295585460721161	82.27553553279927
0.7668571711235056	0.013814545951818495	0.10632264938910836	81.25202249230387	71.74988757991157
1.0722782386762544	0.08711978253312146	82.14699312861899
0.7169363676567017	0.0773896301252567	82.98315096505391
0.8496029402743919	0.12280947992965206	81.79435164442107
0.5904342794518969	0.09519563453192231	81.77155630344237
0.6078736319714491	0.10355678081401928	82.89323579648999
1.1733095930615443	0.0671785088972894	82.06069469018975
0.8953178717722265	0.08010333938553063	82.46992149341646
1.0893305737200814	0.05617183041270407	80.98094823441583
0.7508518017088894	0.07834998991321081	81.53994322455726
1.2175614813856908	0.09092703122288243	82.08496207789187
1.1512756664026484	0.06664651628295769	82.15912271341772
1.4041891928733137	0.07749017685610252	82.79533996113436
0.8911348598158736	0.05631041896912671	0.2550465448540337	0.037434258740369125	81.99549936767612	69.55803158639696	68.50410768673055
1.1259907499036044	0.11140355944842711	82.57320315255163
0.720767234945557	0.06216170233833375	81.09022558115906
1.2156837924712414	0.06745410448556675	0.268895949636179	82.5047687112117	67.20529135304801
1.804497350859997	0.07887229134007274	83.46228030467604
1.8905125508458616	0.07024699715786471	82.67147753738926
1.3437906936559703	0.06745481869087305	82.38676431195266
1.6673644742692377	0.07297122469322723	82.07821015192692
0.35561161242214767	0.08545783235657872	81.45590374458196
0.7668402842369137	0.07753645169695252	81.76473868571145
0.9388086489188888	0.054497673114601415	81.85941794592766
0.8119882522144156	0.06105716091509723	82.27395287160104
0.761118350868824	0.1180842652299683	82.22918537279642
1.5681888015567325	0.12798761312119128	82.02334659832736
0.8795046095341174	0.037386469267170735	0.2241770548875302	80.74619338665119	72.34926374747931
0.881349683741983	0.03905245360061899	82.14014346344099
0.7806936956811608	0.054450381585597694	81.91309362295742
1.7244844425989285	0.02673283292454946	82.02389945924955
1.0554817199250401	0.06717453160152918	0.09939326191354028	82.35664082833485	73.64356126061017
1.4157698288327094	0.09217985886727316	82.50916387146998
1.4510937787418454	0.07356934352333962	82.09730154484369
0.8519904454731893	0.11557708145630788	82.9667742053499
1.2883683766157428	0.04763627121219641	82.01367388939211
1.9426919415653239	0.052071452019826624	81.97606693081815
0.713666677281637	0.09346542128775762	81.98053615664658
0.8763426179669723	0.08295954875401565	81.7986619905916
0.8727446564256226	0.040572547999210694	81.92633745318611
1.1278599518526906	0.06167871176474073	81.8006869803128
0.7743116352699625	0.08051032396888397	81.06006519304056
1.1635601119592012	0.07533355671831327	82.47721258676145
0.8765157858189585	0.0595474201002343	82.66735144332137
0.7154104267967424	0.045193237706235706	81.08328977449794
0.9836572382783219	0.13960631393902825	82.64697041985464
1.2028625329668174	0.11656427543451545	82.62363285284894
0.27803622919036497	0.08720228251776778	81.88242829438343
1.0352313050306006	0.14626975356538138	82.00727229589121
0.6373273402078784	0.09149971495745748	82.24798275041984
0.5722452887345275	0.05903804183274423	81.34734552754591
0.8765922121943676	0.06010552917074246	82.26953318739277
0.7891016605647774	0.0504123965605964	82.09266258485036
1.4648415660743113	0.07130856388417157	82.07276594795461
0.9693344838357075	0.07516826849833132	81.99704947405742
1.3947358112975632	0.11719440042160822	82.2351594996184
1.3588443444199805	0.09388203835192915	83.49027231618854
1.9318571906846869	0.09971502902504208	82.40548755979276
1.150064818046818	0.024643551599806118	0.05900418508584717	82.20888690638294	80.40617855778748
1.2434961632984511	0.921001952600603	0.09699198602087486	83.38885604058815	81.87212209972883
0.7822367131309613	0.5730842348462739	0.06894812392029587	83.54439990104049	81.09703953532149
1.27829442776365	0.15031738928383923	82.13342198551727
1.3830488175588604	0.05731124970063825	81.88099157054563
1.139771038574239	0.07346102824142178	82.20720090566124
1.8121988128576216	0.07270635860869863	82.0082449840684
1.0832444258320912	0.07866068269071284	82.17661815263813
2.527557264470601	0.08132909966389483	84.7115732090585
2.0321647089034154	0.10938192590773735	83.70659805624062
1.828611055008282	0.09962879731483228	84.50926385000082
1.5012543902554518	0.07351776168836946	82.59354915186545
1.668930206209509	0.0775170171403236	82.03369106457058
0.663361936056269	0.04351093620187619	0.17638736704929403	81.47920980396081	68.46852728073651
1.3540443427617301	0.07005556836633736	83.58731859037624
0.5194119169035817	0.07650810424760533	81.8751865803868
1.2923141234157027	0.1401683321762577	82.42909008156693
1.8153091854992611	0.1436581527139606	82.90697405580141
1.3084916047558726	0.10465492362936558	81.84176730423182
1.7227558598745851	0.1318244870312068	82.9865311132171
1.1381946687410411	0.08219590626079624	82.03672703297119
1.6734191851858162	0.11980339498868009	83.27144269739009
2.665782044452821	0.09645144898014395	83.45474987811481
3.5336952617068627	0.11578418297533907	84.22733807832589
1.7588257852917564	0.18003126410976714	82.39091653317222
1.2427664678699823	0.06288829714253429	81.7588185091583
0.652693586683842	0.055785089441084866	81.9823272445426
0.46706368919180474	0.0526757325702135	82.07799585870353
0.6439604008788244	0.07610274963700446	81.523942159634
0.9467763107690322	0.08639757813383823	82.09034078604107
1.445486222173647	0.0782361427875865	81.48575299463138
0.6521388470345725	0.07265795059699086	82.26345154771765
1.3326597894552439	0.08646920795333657	0.03843600090512239	82.28641378225507	72.02924970125162
1.2103752362402629	0.10199161159711638	82.05262010247898
0.8807899921352417	0.10301643717887707	81.79528585424103
1.5093912562388432	0.14487481436063995	82.08099446904792
0.49468852224023246	0.06367504939123532	81.28076917714704
1.3130585633125615	0.05067456171611716	82.20243494251687
0.5379644211863861	0.06609035728305891	82.29810462605344
0.9596540316000788	0.036515327036758354	82.16911195462204
2.218792665008815	0.11029590741184564	82.59974805154603
0.5521416918546482	0.180761778442322	0.10044204376562607	82.67732370933989	79.79882685596385
3.4464259992075204	0.05498842898546689	84.22206330035576
0.8439007337282757	0.0884948011102493	84.60689878882162
1.8089810758054992	0.04731850977005737	82.00358862794349
0.5471965727628609	0.05950583382749345	81.15146108742695
0.5845885236673313	0.06686308331542815	82.03063886893523
0.8606661772486445	0.07399672920385213	81.9586327791891
5.55659806066426	0.2674296526621832	0.09029023028022197	84.15264830302975	80.79823095930305
1.8268726765328271	0.15592872006002037	83.96421274161199
1.7938658909263627	0.13832526034368955	82.09551370074753
1.409582495910281	0.0972630304981776	82.70794188648776
1.608970892772059	0.04839505649864507	82.38611017428971
1.2189233909733286	0.08691327347157494	83.57265783549963
1.3317889252507216	0.06554207339233847	82.67041036353919
0.8789169307246797	0.07890352209662191	81.94727266093835
0.7568447222215764	0.16907866219158582	81.67245723800276
0.559992242766756	0.06607029565092122	82.83434600872609
0.5976479981272423	0.09692959379794201	82.0548062025733
0.46207036334941154	0.05391758832408956	81.97045949822521
1.1339494917139765	0.05372799821787384	81.34622598439712
0.8175355312585216	0.0391089844883216	0.14038101823041713	81.25363917545504	72.91415952855431
0.7660312149517293	0.07273441402355647	83.92326018573574
1.0832961433414399	0.10725886521109283	82.34163710857355
0.9114210575971237	0.10730250483365945	81.44089906830034
1.0523492167584747	0.09158252613244673	82.34374402465885
1.9997218196202953	0.956434056936598	0.08730444178300878	0.23241013996127438	84.38305532928285	82.07014116250133	71.9140914982723
0.6047236700202008	0.1424707890167615	84.11418580004162
1.2673007414878272	0.09101046972095331	82.28981611045442
1.3382765149249791	0.043678300661708906	82.24409590197438
1.1733689505754106	0.028732342657324095	82.34529167798445
0.5429037112708872	0.04932026116112588	82.05884549536262
0.9150531985810643	0.1434716577880225	81.57631388628715
0.6108198067237657	0.0952251341351237	82.36864541658566
0.4536839936619829	0.0837770545758072	82.09566839718453
1.0149756171027142	0.0781933889185239	82.24584245718579
1.748158848832567	0.07285541245677979	83.65811663101351
0.44899001621702794	0.08324187664349884	81.59052639287316
1.0561183423834237	0.052440094518610356	82.12491190196316
1.3725631785372738	0.08098121659171201	83.6485912542197
0.9348131651089544	0.07308941760769777	82.34199226782721
0.8810246761706911	0.04745406893049763	81.60850874972975
2.6687016600228977	1.4477942016249559	0.04896558509091495	83.3401279799916	82.09262453234103
0.9400855773114254	0.06345271941255752	82.25185182656392
1.8413338825665064	0.3888222031694796	0.04204584896454759	0.07207484415677061	0.05852047362650393	83.5354635383314	82.05390759476248	78.91451497732768	74.42231186989376
0.9650049000675143	0.052803347098111963	81.83309894879109
1.1549803548628812	0.12050564943962011	0.07692128596680618	81.25797810865787	78.74097613405559
0.6550144677862263	0.05067319991198369	81.15278862714668
0.5236323742852251	0.028464538862107404	80.67323981118118
0.9273818837426401	0.0755812952038205	82.46263972179068
2.1504523031681653	0.4393057969329933	0.0950096246173048	83.68113190752139	81.67429753233908
0.4225159410464199	0.07902602907986155	82.19748671821485
1.0153218180533818	0.08725116762093776	82.46318713787169
0.8203271993376556	0.09472294175097921	82.17944608577737
0.9927296121839425	0.05563940000030965	81.20114500609333
1.2818655159175705	0.18670186383749535	81.95382422566382
0.757162429182715	0.11807125038952103	0.13729165947027877	82.33412269128922	66.7689656160595
0.9957397425011246	0.06606708152689826	82.29778472292817
0.6496529764410055	0.05657480998333257	80.61603855787271
0.8069220307076704	0.09326475739951663	81.92374833373206
1.281965724184815	0.06859395220113221	82.13705817958977
1.0232740194724592	0.042540983873451454	0.10038546400752105	82.14995008078768	74.19495552775228
0.8075950966837511	0.05685128743036688	81.96651895143229
1.129208403277191	0.10264310082121558	82.22269087494952
0.7665884304259335	0.08249397518671504	84.86381033766867
1.588366009985317	0.06679684840901852	82.961124816833
2.7397239849260426	0.1099950167746267	0.05801927750932675	83.86977133677847	75.94344095257287
1.3175376351335888	0.05226447325156827	83.11677007416604
0.7619708822545271	0.1140043945267698	81.74952668808399
1.0326360871819136	0.0657296336051713	82.54835888348431
0.7975789572168688	0.09494560937087067	83.16138598533833
1.5910120215760795	0.09598619730012325	82.14455627653076
1.1151236149022459	0.04495670720819697	82.36408887816606
1.9714407596630181	0.08421406875953218	84.19004682108063
1.0986186554571395	0.049457984187361546	82.14438795645636
1.8095678333993863	0.06095102006640426	82.0899808985591
1.8228050697315321	0.05659801793998061	81.95708237508498
0.725582573375774	0.06005118378003986	82.29497688434162
0.49739054187888876	0.06517450263484413	81.63198739335887
1.9105965732543018	0.036152961563722434	81.9198501528307
0.4939526192154684	0.126161281225387	82.10815975745055
0.5977289409340444	0.035335355849793276	82.34428355600848
1.820705195414744	0.02635621950639083	0.08161216873439797	81.63458762927073	77.16771224310122
0.9974599743063944	0.036365202555354435	82.14033528897745
1.2175607181843882	0.05697750186082906	82.02919929718813
0.9633190617592722	0.03833157966481521	0.14557864895801637	82.04100594306165	72.9857957794933
2.2954986661891974	0.0784069923904497	83.47800452903003
1.2272354814072464	0.009551126497602055	82.10996453376274
1.1362940956003422	0.03502960132167167	82.55339413196486
1.1658684141385836	0.0637446934004638	81.94102949106596
1.8859705931862538	0.0737756669576351	83.76746451430229
0.8362484023103535	0.06239650993586549	0.0324715683331018	0.022541689313779405	81.72196897792313	79.63358965444681	70.81443984682969
0.5203298256287733	0.03711526297214792	81.85657710580192
0.7179060303531608	0.029406146402141082	80.97532027045314
1.2042615515560369	0.09773442461553095	82.4148796263517
0.6371328509079616	0.06479478576281239	81.9471693455407
1.2866641158069092	0.08105664255327322	82.24247889127051
0.9624793423451824	0.1591870210901424	0.07755933386103077	82.81436096351331	81.77551352814399
1.1350276646447184	0.04281051046029173	0.20643137397121442	82.36461996877334	70.60888892793393
0.6361329136683872	0.09305615881023155	83.07256864638829
1.23397864396767	0.05937713885650392	0.12025353631861696	81.89957554302619	69.36079447643672
0.5162481612121238	0.1036924286992127	80.99557314173788
0.6142561902187657	0.10756312025441403	82.22406040834029
1.1300587216977012	0.04953664729008079	81.60423367137533
1.2423014897168756	0.07501396313928564	82.19175875943706
2.118745060204207	0.08891930924944626	0.14167330517812698	82.51908882327645	74.82728073104586
0.920163065386438	0.08155303493468988	82.0979712108828
0.6325789115832006	0.10692493709061922	81.68348704468667
0.3471860782105134	0.08011695251657712	80.79276408717001
0.44987405537088543	0.09876093581039774	82.40620093308411
0.2810498487946086	0.06877436900390474	80.46052335834392
0.7632592669122246	0.8522263298478657	0.049647978425951346	84.16272061616463	82.09681447349614
1.2198840854721766	0.07102203159493782	0.25032532918092	82.25686099101783	66.31145228067979
0.5782956560099858	0.03060374806783969	81.89968331020678
1.8523312892894652	0.18547729544783637	84.31455756579842
0.9476579513467637	0.09472621911052419	81.79247360180048
0.6479800434057988	0.08798633576256494	81.16563730781998
0.7378555420153149	0.061925923505212074	82.65214936643662
0.5479493766277692	0.09722387380358695	81.16492513206238
2.92042978001764	0.120782394243573	83.57106783532207
1.2052821410290369	0.0844954744070624	83.99348673055758
0.7445542481169709	0.09814515731612598	81.36308950889355
0.3939641628538894	0.05775953136026416	0.07965628781039058	81.37351889028113	80.16531283324184
0.8771911471188576	0.06918945083309083	81.80562350217178
0.5917783652642847	1.5511087380210273	0.4549780618728004	0.05791573640807151	83.78607685014242	82.66397398058265	80.29202700479935
1.274102798446058	0.053648634820890294	83.44536427120673
1.1816680463375315	0.11343404219460274	82.38379973245834
2.3539872093693175	0.060824750736188496	82.07937464888248
1.876440721378787	0.6812548450849161	0.09991578636634278	84.07535946674321	82.1647988015087
0.996809214532704	0.10062215766997121	81.64654749107707
0.860280819454654	0.07818074533115456	0.09538019736006975	82.63994088566999	70.08157259062759
0.9003332680978781	0.06661373326335339	82.21102858753335
0.5749641356139997	0.09304638450553693	82.12580385948847
1.090229465949188	0.09120500271274136	82.57816745462344
0.8056486433100797	0.07469012535121607	82.01470862195335
1.9423286971431275	0.08251026295061943	81.79821215864938
1.7713559608610485	0.0821235250102697	83.12093828976266
1.1382529010293192	0.12291508513862216	82.28230558806487
0.9788898221428772	0.06606088637935911	0.16140199448005793	82.00202745931796	72.85605357238252
1.5354771942109755	0.0788012143502518	82.19096953401028
0.9745525750580252	0.055388290659201075	82.01881637529013
0.92695388104037	0.1341493244081502	83.31227590989117
1.756864442612001	0.1184800220843146	82.65695551807315
0.9879561985364644	0.022188289642918864	82.22505749078174
0.9101224783822663	0.06626072743372367	82.02458471565664
1.1193896699554322	0.07102914274227135	82.32254501119934
0.8569431082186296	0.05140079500598985	82.16111483729621
0.7460395984516454	0.046644415744398565	81.93548810132705
1.386511962774107	0.03510229680880261	82.12739335831363
0.6998502379721007	0.041071981363924155	80.27811856314726
0.28750532432257636	0.09068344409228804	81.21528586162722
0.8826944727912595	0.04507856822939148	81.7318083169444
1.2893293393060936	0.0666544680839696	82.28901053372081
1.681167828056261	0.154218759676889	0.008331883748815166	0.0775126811139204	82.32977637453197	80.32401767520975	76.07669735552203
0.8849963637521386	0.12785512665004198	81.98725957915882
0.9305813335864517	0.0754708641065019	82.03547309203246
1.872640617012019	0.09401144492887067	83.7415960949302
0.7871663474739501	0.0486041992355327	82.06048923548664
1.2690921366438224	0.09172007101097018	82.38828201499037
1.1402024385897773	0.08591561669834169	82.33023546609532
1.4952183280324514	0.09900157650732835	82.4773634042028
0.817018151806904	0.08161328053275596	81.69741599010973
1.143439122014894	0.05895727497378716	82.35225421670046
0.7893856474254298	0.1458801030077496	84.07414298103241
0.5441902290076945	0.12782822071514094	81.83046955377878
1.500067014230834	0.06514012960509415	82.43393732990272
1.1060765948859692	0.0650876535949554	82.33071745820891
1.8637371121405653	0.10308036778612391	83.51816551867773
0.3830010778757538	0.12203244976024219	81.07103640351808
0.9560537506185665	0.1096888677384943	82.26167508615053
0.7944955727473665	0.06513339434493312	81.75163473281263
0.3706792985147787	0.0977481800205665	78.87316648699803
0.53998119834707	0.04899984406579186	81.8254994481511
1.2552499293667723	0.09829476218228919	0.08556467424452163	81.96264095860592	80.13470822749954
1.2670069337664858	0.09735311905439005	81.99798757807706
1.2269919183378328	0.10049716173620428	81.7484051721021
0.799784871977038	0.07083023593045648	81.94193045123122
1.7425980373894303	0.05610827918472434	82.36672681391632
1.1353517396528365	0.09031099695973852	82.01039720754893
0.9467876248913193	0.07308954879516232	81.85418586355291
1.6014736583524074	0.08619527236629093	82.94965469503904
0.767973519916223	0.051553120772676486	81.8616641863222
1.1135153943258917	0.0292434048362793	0.07343317312023663	82.53240989999803	72.83010942512415
1.3089830453430786	0.06572863607899031	83.05149702423721
1.4435577977953733	0.19383074436208794	0.05021917525100027	84.17545217071783	81.46099913569991
0.36511218815090773	0.10023276350794033	0.10412043759957035	82.34971806661726	73.96272540527687
0.35957831385610095	0.0888206314396984	80.09564349732378
0.376722944992639	0.09901535959712206	82.85224284789744
1.0315104026562296	0.13409031854141928	83.19518487874485
1.1494285688552666	0.08448190043738366	82.63751972950573
0.895284032520734	0.05908690749127077	82.0268075034332
3.062906576874478	0.053830618901952	82.654801923036
0.65364191836113	0.06986574503137638	81.36849865564807
1.1696688529490253	0.059589297327925	82.05739868098927
1.0970184039477948	0.06418017375120502	82.01669242236068
0.8281357210989267	0.07672289108694948	81.77001707630868
0.4460243778028266	0.12516479097607822	82.13366442275132
1.2550499974921558	0.06161682523912591	82.79441826992901
0.8260091190021861	0.0804268038211784	81.3699971106205
1.0048558160268652	0.17943426199460472	82.30187155497644
2.0811368096568015	0.1259965134562631	0.12228281916111644	83.3677451379927	69.16854434872397
1.5355204139401004	0.08881907800044149	83.40077955237923
0.7472332531980527	0.11146353260170673	81.8673006417696
1.879404852553554	0.7417932145164817	0.07328980285631836	84.15577039618353	82.35561401490779
0.5285195103105643	0.09863864883883108	81.46795118178231
0.7985992398035894	0.09875253014147667	81.96069232444962
1.2124519710281236	0.033414155003499466	82.00405214073375
1.520436834985756	0.12276134897413726	0.09869608659564903	82.4070400918787	73.64256558639562
3.0381450757303643	0.11524016527162319	83.92194592022405
0.9455332929892153	0.10562762747193293	83.99667569684587
1.7712619229834596	0.08507860015784684	83.45726082871383
0.17625221637168698	0.04710886140874854	0.26896453561504086	77.74003330705509	70.99726155462237
0.4316667639614843	0.5208221297677018	0.09101867966450412	0.10635366208542606	84.50009823682576	81.08060488562771	76.4115421053273
0.762300237189807	0.08086947423387308	81.78454954209313
1.2455377881427923	0.09757171514691786	82.04022524478033
1.4050882046312612	0.09475498100714112	82.86142944622974
0.8561106471056339	0.062372233362559905	82.08784513396719
1.8020704238675882	0.0504739777100473	82.07322243502809
2.358730013248225	0.10238493878466945	82.99344882790608
1.5511323696349415	0.10252060098231368	84.38653586403845
0.34001336062615856	0.044523827611165176	79.59598404065954
0.5557398735658086	0.09207385169393113	81.46948651394206
0.9793236571002065	0.07976187987031594	82.5800278016083
0.8999210992758602	0.11676031642298539	81.98995906944624
1.170112297490849	0.0608802876462147	82.25960374254981
0.5907348999547811	0.021055458258273582	0.23665615160344552	81.98125686110929	71.13831617198284
1.0522204204192578	0.0985081259689882	82.62724336062975
1.7259760907155026	0.024773751350656563	82.88301514332404
0.8229329059202742	0.015557512710635029	82.91190641489511
1.1205079051336402	0.022819292045924647	81.64983409492477
0.5488006409492804	0.028720884806938216	81.98465688305994
0.3071785645915824	0.06584985499886116	82.2066801110165
0.29920842932849484	0.06320630642502954	80.32668038660563
0.9309201283284312	0.02332300617315391	80.58995279525807
0.9570535168475831	0.05634051069550636	81.7345542879811
0.7113628744867571	0.1366668784267644	82.10977524761597
0.6204066219859562	0.08743867916010299	81.89348921623537
0.9375159999520313	0.10861478277955897	82.2932951017319
1.14178743945848	0.0723952963617227	82.6180402544767
0.9318788988533689	0.6787258973052264	0.04933615928610252	84.3043365527387	82.14188739795908
0.7934970672044005	0.07850292470659166	82.34681987078207
1.245772099404221	0.08559782053200223	82.34823460706689
0.4243038746020825	0.027668824606893332	80.46495293549638
0.7838390963101232	0.061930839680009855	82.3131328666873
0.5143318713612767	0.07682232988944383	82.18897974609686
1.9975492047098895	0.07835789504771655	82.22506075649648
1.1792181516969182	0.038110561071632285	82.01643308923595
0.7645216091526136	0.06120085482719387	81.89483580628954
1.5144464229415806	0.07741045463637634	82.89770950084353
1.8943958003355326	0.07097987352942131	83.22891248007856
1.2027548810721735	0.14736205927324933	82.99085135014238
0.8148443680359524	0.08477127925089355	82.21034415537662
1.2236889459868066	0.07083303531878253	83.2482646326561
0.7454256810931598	0.06863038239980011	82.29159347907016
0.948010906087508	0.0946538947023906	82.84951057216325
0.6884490056379337	0.09908478406047959	81.87099145696229
1.2263510613896116	0.09064085103212709	82.27419815959666
0.8447065348394283	0.06942544924800313	82.74586197190376
1.5405031328492522	0.06655225313962429	82.33449364941126
1.3707794870740568	0.028887380528287567	82.03400306985446
0.4431814916734534	0.06672298857487	82.72112108129231
0.48179689672884407	0.021079765287607428	81.9959631642938
0.6129601326327861	0.07535916004381828	82.01881678043128
0.6201173269856576	0.06764939340406735	80.71551579188822
0.9623556656439661	0.046669160022765895	0.08495330749471569	81.85065445586194	70.29521656359606
0.41102680060345814	0.0762159219916505	81.9705603188552
1.3253807192953428	0.044587213688188215	81.64186857079022
1.1760558583651144	0.10807831697350626	0.8822097582957726	81.98394718831216	66.23721425389243
0.7163999082598256	0.044130705067712495	0.6677484379301585	82.18623632488061	67.13053038969689
2.3791846752450416	0.064258349316345	83.98445279352637
1.287989714427577	0.07944349193638729	81.97852378310482
2.6285569700446185	0.10516935167061536	83.04134374242456
1.2980713442642007	0.08442448145998768	83.61629180446458
0.5891519094287431	0.08795595861956905	81.57242988635896
0.420061382010081	0.038167910252649984	81.8969656473531
1.7521760795347683	0.1628735359020259	82.13780383643449
1.0739587785629658	0.05934728533749457	81.66632493344483
1.4978660750797241	0.05184085673638468	82.00839611083683
0.6944877496801004	0.0656453579108968	81.8588159057553
1.774855475432016	0.20166903830369967	0.024472609602399262	83.89541823377606	74.2701111721977
0.9904017761895281	0.12156002050364367	81.6956683641379
0.7600664297636267	0.1056632155415263	82.56507147022474
1.2726509039681981	0.09809518734361236	84.12286514771928
1.004652834460704	0.04696015108146427	81.45964648321227
0.41226836550284046	0.06543459388924129	80.50171825060201
1.7077772133038545	0.06890006283863662	81.96562685574519
0.6089685696217862	0.148629773616252	81.51932579049195
1.3653432276754056	0.07664342187148016	82.2204043392521
0.31943519484549665	0.04692782715121654	80.9813617284635
1.1773151170187266	0.0977294002011218	82.33171086628901
0.9941476965866161	0.06251558348007157	82.08201871533065
0.6455980134507918	0.06236242525630577	0.01224504183683352	80.48352416323577	67.13196424988418
0.2649857297900495	0.11607822151042271	81.50056418638368
0.5575367581404184	0.18624429390188352	0.11418556345335336	81.74462065253906	78.7432924083846
1.552323450859717	0.0908473841776684	82.37165266045605
0.7327282691405445	0.06375551766949436	81.86766140808776
0.34523166584266163	0.11212247356738177	79.86473707816421
0.4387421959872525	0.08244226053841863	79.826006309958
0.5410557514847741	0.0973595171400715	81.171085144169
1.529648168745086	0.06414863264242003	82.32889249813358
0.17436064027360565	0.07864326953036462	68.15617190164275
0.26995036209716056	0.10608732256518233	80.71262061598196
0.995062449972945	0.07736484091608292	1.2615447328184541	81.56618687899389	66.12673869314699
1.0128388738328253	0.04526456305027744	0.18694601296328328	81.62378824924774	66.59264151727277
0.7465266740282857	0.05793163579044011	81.54648275094243
0.6142923346377176	0.1325576665770766	0.09247509531043374	81.4295600911275	78.8254001312441
0.901620683125071	0.040824894739948846	0.03263587691353646	82.25935427031094	73.97474994357374
0.8090500625656838	0.08345912633864412	80.83163282089998
0.4032359691767807	0.014713538809881629	0.06625303751539903	80.90277236470554	75.16342670888511
1.2534827190218507	0.058500978877257796	81.81071210018006
1.541927217055551	0.08515691653019793	82.2067903471008
1.4090665494686838	0.05910660755623661	81.98313382795791
0.7201734056989385	0.05800781547555231	82.45074432686653
0.4223266986109705	0.08931858097641188	0.06356883147466458	0.07860953742119961	82.53123746392302	74.939253284012	73.19030220097183
1.4200612667262633	0.164443071551587	81.9449358353001
0.7243447396748972	0.05309641125178514	81.56161573591869
0.7788465183739285	0.10594985329793245	81.0366108604095
0.6941779251433395	0.08487162084718318	82.87941007757084
0.8450985178277218	0.07705232482049076	82.01627232283367
0.45104771650358605	0.09621753063558634	80.48015362250858
0.4781331647369684	0.08257956064254296	81.71651357405972
1.7937879767355276	0.030374070724567718	81.90757896604217
1.50796178305949	0.03417799278930776	82.21650212773025
1.144120746010658	0.0462421227042614	82.61846193694952
0.8470595041729558	0.05441182712269024	81.84062363306552
0.6255052686453833	0.0503592853431437	82.29421423165465
0.7912128599667432	0.045477660013425396	81.8604145263591
0.24351678988879186	0.08542038892895734	81.15370940716282
0.3563760027876871	0.08880860175687873	81.57130350221396
0.7538005227051687	0.34876336853171613	0.03384939529088548	83.31385697702561	78.95623609880472
0.6673536218624719	0.07443576255500854	80.63916444593495
0.5072098621487967	0.05348267575431361	82.30311978457792
1.49807220927988	0.1215241718428298	81.87135931199415
0.580300824301982	1.3881479452930976	0.059520246883751245	82.73211322458107	81.28995582177681
1.2294095440636952	0.02226290834038437	81.60247175726352
1.1922712037765153	0.08812077733635677	82.27138320803715
1.014799569052542	0.07878948649610124	81.88531357928343
0.8828879295434755	0.5359444795187157	0.09790867279760314	83.46665372557767	82.271162818238
0.9809933423445134	0.07578244015766683	81.99818972834032
1.3148718859842123	0.01734787844460204	82.7679014980258
0.9393160242221578	0.06149981150807797	82.14214776757844
1.0361668923458593	0.07874566232019319	82.13851764351247
1.0508746133282767	0.10083959797755035	82.4598551231138
1.0161962895479408	0.043727960184392095	81.64104974545253
2.0344661485387645	0.03871292992671285	82.41912390000265
0.7946555168180649	0.03602104398250979	81.79367239631269
0.5625347852583575	0.04911112372453929	81.25902257130417
0.500361114825472	0.030209196486672397	80.95548396840113
0.6269443665700957	0.05582124645752384	82.13731333007695
1.033640199349505	0.0921188376016292	82.76214288685324
1.4901701658126956	0.04610886952911523	81.95465884821596
0.7334360052553885	0.07582495846439985	81.63760497347249
0.8392913188103488	0.08717316205455428	81.93094417101769
0.9339160811098218	0.03758331070338048	83.0163525626914
0.5892893512006752	0.06281114987344379	82.09567477495561
0.4594040613325673	0.11702663854495812	80.94029172394829
0.809042246321156	0.08886959971995533	0.21083242649950093	0.04625944908380902	82.06123261504024	71.92048107508357	67.64463417780775
1.0352713158397087	0.0746694999947149	81.94933313906294
0.6067016002287713	0.05801680651075744	80.43617438374848
0.5637833908240301	0.08978312484656843	81.38856992745964
1.0795899279127996	0.028598733493417794	0.08055723759670035	81.76114457924295	74.31620556264637
1.0322619987127704	0.09937936242991444	81.89763040518557
0.9023418014573895	0.0829992921753157	82.05776112655994
2.044055688872795	0.11536051632234554	82.35651347906231
1.3104567964475338	0.05372778373300588	82.41321764498912
1.0071584939603542	0.08038683906118346	82.32535793968805
0.7117118351689292	0.13719377123051943	0.11030680682147162	82.1380386756888	67.36454869335317
0.637043494368742	0.08520366357546749	83.9171462870358
0.9478687471430944	0.05220938671000609	81.35395367376137
0.9952932418075099	0.043066451592416045	0.30067400799824345	82.11740884900264	66.11068559568375
1.1384710745539024	0.10214827465288273	82.25274614595354
0.6012630006244452	0.06724050566240604	0.08068781114756524	82.05998134239259	70.92551736043634
0.5469690974342474	0.06692933221111017	82.04760610131189
1.536881690405015	0.09636157364901195	81.73365786569292
0.4896391366577466	0.6495998115424151	0.13932447940939935	83.34737160585954	81.01348367395275
0.5783207416361507	0.061442104058583406	81.91757343972074
0.5861291719651986	0.048905999501408906	81.54530167238428
1.3468464372535076	0.06974859373934064	82.12117780313136
0.883152500112345	0.06402133759393118	83.66062759047405
1.0918069439097218	0.07048008641160622	83.17825261723989
0.6410861641084816	0.036315203349105776	82.51679595352627
0.8262450344444767	0.14732512357846694	81.31366859926901
0.6225040646070454	0.08553515730493379	81.6565918415707
1.2201765868574737	0.046224498572026096	82.48253900662274
0.5228620064438992	0.0838055201777035	81.87410631062976
0.8387814565787722	0.8890400020325596	0.06703182992481593	83.47877015844945	82.40331581798874
1.175729222592858	0.02667581435330785	82.40201385526206
1.4316764831197466	0.05012916414362022	81.93286875340613
0.6875366065157325	0.0386904318988937	81.88064826681358
0.44613297321698664	0.05197009903338397	81.65560053494228
0.9341949619670026	0.09869735154278124	81.99427321843842
1.5974145664408628	0.8213168187514636	0.12595599392491763	84.17366744455799	83.08379034623015
2.0705436861268756	0.09145159417402846	83.55038565861504
2.6038048490616896	0.4532191424544366	0.08693018485098883	84.03852316153824	82.77944408186043
2.4165400574145095	0.06682630701904309	0.049748528762644746	83.59686383246567	81.07975570436803
0.8241880167807006	0.07059178454556805	82.14660534389989
0.8944639639922679	0.05800748248181022	82.0961057301158
0.3925449621213512	0.06000093129349355	83.56393018797976
0.7775663909170689	0.11023118946443888	81.91840928888075
0.93740406508349	0.06189844799113804	82.28567062347493
1.0694360433969914	0.1076067053398177	82.42827605054259
1.0514612750792205	0.07276224917643201	82.37555935651115
1.2996998376888655	0.0858876184260924	82.33415053103025
1.0551278153905523	0.05187537315182548	82.27884994012533
0.5596264627383216	0.10649447990548042	81.43085960870602
1.3037513459432541	0.051131001440394376	82.02936714729286
0.7991297093814543	0.6918014348173174	0.030979366619712612	0.4612255955188057	82.5173156295424	80.51172398657101	66.2050413648427
1.2712211722365854	0.10494499616362532	81.7632186221776
0.34011336819776955	0.10311274439036056	81.91379910360936
1.4189118250152772	0.0971557908131973	84.12603971570599
1.478920209776658	0.07108376130299449	0.13321309239844395	83.89341663925386	79.44781786993569
0.6569443072449151	0.09323844078376245	80.14679278009301
0.29110476007139524	0.21651702017284957	0.1122509414328129	83.7978426872911	82.08919678456897
0.8430749388115789	0.07991175295301066	81.63738217454613
2.133597067228361	0.12568942403530092	82.34750631889484
0.40104978505443034	0.8459841397791891	0.07517446407659244	84.30074837270048	82.45620323018993
1.1298170804089773	0.048902210221240146	81.82042460814138
1.977379640093261	0.06700803481877932	82.94514328901903
0.6851181044272566	0.138261967825456	82.9981282210783
0.9835478829399271	0.07031185529829186	82.94198183378019
1.8329543992906936	0.0575382111657194	82.01871763916402
0.364538109783102	0.11787901570851263	82.16971320123055
0.5047050082348291	0.07939232407938271	82.2030318879683
0.8481382776935671	0.10384213042944969	0.10308372444197392	81.31443807457991	79.31534773905483
1.2680662682258066	0.04095633455677499	82.49998433876458
0.4958524060016264	0.0414309764766214	81.7340746983542
0.933561300552093	0.10210365350333693	81.95428099761428
1.7587539457797932	0.05141002309774255	81.91802354080741
1.3702339542977628	0.43429827368102203	0.09039795558662603	83.03547211091862	81.63655992200904
1.063955883057664	0.07595477735328209	82.39526388437204
1.3287032441054625	0.09260103709044872	0.10503181636347732	83.70910366267408	77.34211646610669
1.7125630646941332	0.06387088241041045	0.10471511922574248	82.72353778564137	72.01912970331149
3.088062465155006	0.10529376756142769	82.91281958255833
2.015460871568035	0.060426529781820344	82.25553731284128
0.6951654707921034	0.04959294436519851	0.2257499050587064	81.81350931472409	71.77594760172015
1.5771722345442285	0.0652470670439801	81.94004463324896
1.3689470594903437	0.08619613783232738	81.99101294714382
1.1415944310511132	0.07067543034043221	81.75527895360943
0.6834613286115534	0.03760192604762804	81.8037612878986
1.2317851707648024	0.7794931946032995	0.056272329679793454	0.6437240818622788	83.42257059500918	81.62165693471769	66.56367577694758
0.7197555563207008	0.09221873403685675	82.00434270692006
1.1390768544195555	0.08334887646807751	82.05027279769145
0.9258088788842209	0.09980765357325547	81.79452749783252
0.88692485617983	0.055462000452082716	82.24422118168305
0.9430554940440711	0.5324202921007404	0.03087647381343989	0.06455901734395073	84.14617361370894	81.0770207190197	78.4636067481857
0.7305881383249756	0.05499297368931881	82.01723800080474
0.7765369882919856	0.16092233196661887	0.19469780657581542	81.99448804999038	69.1266160628152
0.40901291606034446	0.12902336969126732	81.08899650930827
1.872657683966052	0.0668453942320744	82.62841680437059
1.053544933344493	0.40731579847042254	0.057121257064687056	0.1300304061871577	83.28210471675384	81.82620711102517	70.44095803124914
0.6003517946765846	0.061685015268109114	82.26149537098392
0.5753856768752467	0.04764185625931201	81.99790441019687
0.9086477541033264	0.06326920670329415	81.65833040093588
1.0323706413064255	0.5301739220642752	0.0898786967656429	0.07191185704800152	83.36749356074246	82.04269339854521	77.9416074247838
1.1194370135817069	0.06852131893821768	82.32707920060477
0.8093068196457858	0.10308431649693531	82.02261141892147
3.98942416071549	0.0986651867514966	83.41080244497314
2.766326669548954	0.16260689403227974	84.3701996180782
1.1814286779879826	0.014384608677634414	0.08749207406330826	81.56139356803591	74.68351956827817
2.7348162776158964	0.0680523969756354	82.84699551252146
1.248699363240701	0.08389035823947627	0.08878402048709126	82.78392288783296	67.83081563428172
1.8449591899454612	0.3748074052526006	0.06758760628413661	83.3964405971764	80.41973856225819
0.681860089617543	0.03972080429281177	81.01400237504592
0.6101764717115636	0.07033759843139908	0.06164648614977158	80.38191951751624	75.35143148301911
2.3430996092262872	0.07338585398147346	81.91627994348043
2.0013040897269687	0.05988722254615066	82.77754963701534
0.47309267108578207	0.10125078795265983	82.51623368328562
2.9170907767220977	1.323449440194688	0.15468503208663428	84.15501552999072	82.41016586638565
1.928855816307035	0.035969044401557834	0.13284759642039773	82.88194821605833	77.75808194564439
2.007477312209619	0.10034351809146967	83.71948697390197
0.9830723127511856	0.13747848521259345	82.27363981232816
1.256710188591824	0.07780207247836643	0.4038471698313085	82.13634671279414	67.88083918660702
1.3499238973478538	0.08256032634491849	82.05980894854271
0.6837093947545051	0.06098129386652246	82.32244219388822
0.39866362017721196	0.06655696011297654	81.76038642242153
0.6469583103905595	0.033558441477076636	81.20169324548945
1.089679124213245	1.2504174379035073	0.10116116175327663	83.59991052521592	82.04567237075815
1.4467069636563774	0.09948878664161365	0.08002086961147477	81.93672779389466	78.3619109707917
0.9267208531948747	0.0722992030505354	82.63283255749822
0.9631157785175376	0.06880452719484362	81.81409368620693
0.9621947838578432	0.05753508016168594	83.35092017720834
1.0358478037000887	0.10316023978068724	81.80574301865829
1.0820550594561233	0.044800662630212394	82.44668659399822
0.9156371006041266	0.12441852753079559	81.57843049515982
0.7713010596017466	0.08879513532885616	81.58384513233801
0.8642676061066827	0.14280832876339475	81.8613204857937
1.531593363390592	0.07100883980678156	82.39053008863775
0.8324579011598666	0.783450716501893	0.08838637651824213	83.65489971701777	82.11517234797194
0.9795831139082927	0.04757015227183236	81.70341488218646
2.3251310382382973	0.056279278856517546	0.11863951242943045	82.50268295089566	76.49841179637029
1.178451455936472	0.02284155549037705	0.13373078978142763	82.1489259725669	71.13613195758337
0.8426396975389377	0.012926101425037776	0.1720101014276847	81.94744729685726	71.12663343078472
0.3443919712914495	0.0035481025264234973	0.20072518836699094	81.71642101190342	71.97796093844751
1.0196638945052747	0.006461869134131631	0.2802738104781319	82.0408409333484	71.89587842881839
0.42843150370925887	0.025147072212503008	0.27399055844197523	81.56547147629536	71.26096115525398
0.7122390399694507	0.0748065650068371	82.70441832982502
0.4508811241758398	0.07179536618830935	81.7002322036032
1.6946517053956358	0.0631157987971755	81.97090358199296
1.1400375090881014	0.16054221090371829	82.35675764115716
1.2272562257378374	0.08422688305146127	82.02292248861656
0.6163941666261623	0.0691250418049516	81.35902062506958
0.7778428448511605	0.09954132614439988	82.26416940657128
0.9804657709793766	0.6430412577443095	0.04749640159850405	83.28158284475715	80.92522255543814
0.9167370264237132	0.07845057561234138	82.14212407503453
1.222921129708382	0.08302911108288129	81.64992007596334
0.7368693268624648	0.08879467111370064	82.30596676411125
1.4536787316689295	0.07526129418603035	83.00973122258604
1.0798157458045103	0.08631916416920149	81.2992697212895
1.4799506371596718	0.10843470493284009	82.71119079199897
0.7072995203390273	0.08036904407671534	81.95000249948527
2.0560366239598076	0.24685023874345738	0.01918547130046143	0.11967393311512553	84.55893017604885	81.33587779570635	69.88795732238691
1.1440768673015922	0.7557298205730905	0.04306882706907785	84.25601116116228	82.38320961614639
0.6034272945724976	0.10915273507602866	82.10114831472514
1.1890461678556985	0.10006928428613704	0.11988293546708324	82.15081624919738	72.93458251316765
1.0328885682286433	0.10711167754287863	82.4945367927345
0.6805187186498038	0.09843090163333697	81.75334132109606
1.30414204812822	0.05825808461635918	82.80402204433173
1.6276575748031754	0.02686242723536555	0.16119886559609964	81.7829131596242	70.27666858598653
1.710334049652606	0.12559611180230776	0.013921934569645328	0.12312934364291558	82.22497932646887	78.69103533074775	72.21285201809167
1.5757958726783856	0.11598607854819425	83.37826403015265
1.1547793596670695	0.08239621516676977	1.0057387504716362	82.48783651842564	66.23666564393284
0.45659207512159167	1.086453237157796	0.05474453193242338	84.62015494212889	82.42872830029262
1.1425699580734627	0.05347808651983526	81.96367293309785
1.3952211539325483	0.04030562001984887	82.87444424972784
2.5165961452638355	0.2557127746637457	0.047050708215301384	83.66772778383752	81.97916654524377
1.6073352690075149	0.021084682686666526	81.96015993475105
1.2999656630005847	0.08123207600687177	82.0325202482796
1.4102243417043048	0.09417071888835979	81.919618857037
2.3671517691867314	0.15752810374118129	83.83937417328178
0.6447205770858156	0.08395981686331519	81.9943686620069
1.208167674896591	0.19449517187399465	83.59845846347305
0.3341822192308539	0.05930102317622893	80.56347893121684
0.9424997458471852	0.042270348065341586	81.97796719269817
0.7740627424340792	0.08231306338080224	82.01242993370926
0.7174734107196644	0.07369180866247386	81.54911768878802
2.0019560434184283	0.04899950144295759	82.92294719607116
2.1658445938809745	0.11057146332089655	82.25061651536927
0.9084073804199648	0.12726198374934458	82.30768057435141
0.8780130452786173	0.1076208922504076	82.08365934538615
1.5855339859413211	0.04661604125427376	82.12703118956661
1.2840294587787944	0.07744849911905113	84.23319181272161
1.1064119483161365	0.058814181933778395	81.77782123599685
0.8889927721821682	0.0627115104392193	81.60962560434584
1.6378508283434436	0.06796799633699147	82.48147642442025
1.7965014901997127	0.09511006792614579	0.10817388423606707	83.05558752571204	78.51423813246018
3.7242361817415426	0.13685838788633595	83.79275246895202
0.8502464862135047	0.06983869316394588	82.17079511516249
0.4400154295964691	0.13215576604816365	81.7549920247837
0.2291304782120813	0.09805948246481788	81.38155955779914
0.7783165729560665	0.0677843715502698	82.05033874242415
0.10169283697659834
1.5575414686193658	0.07939869881921933	82.42344646267705
1.3446591236472956	0.038933374134669775	82.5963331929512
1.5071270571345914	0.05017420921686865	82.27097483068103
0.6852487320193088	0.1179842352095138	82.35444273554113
1.0951642138115791	0.05348306854431833	82.0296894818034
1.1432172133744394	0.12997537887965044	83.43465917895568
0.8894875835056837	0.11190731984601653	83.065376905908
0.8525294403851267	0.034577545314914804	82.07067320428344
1.518474607262859	0.008236033116214033	0.08162735503535373	82.04495671025344	79.87671014010395
0.7194405925450402	0.055137785105318526	81.74963578349008
0.8459897440932868	0.09127261358088648	81.67067155614157
1.03658359719072	0.06917118101909651	82.29265252817878
1.6999143187585326	0.040410953518217205	82.01583268870074
1.7453760568134338	0.058640964296462865	82.08778582660024
0.858481831715265	0.05140983376398601	81.83002450350457
1.4939407675004823	0.0907170902945564	81.94284607960505
0.6190630704238446	0.05048254770448236	81.9774933271373
2.166120776348135	0.05799312164733139	82.43993364746397
1.3509309432076633	0.06074300449817102	82.6190789467336
1.2333019823491431	0.07496327511783733	82.25873297517208
1.8844425649993626	0.051944621579578194	83.42047559443965
1.1948615317584115	0.09100731109808288	82.56110867547052
1.3078273675386152	0.04530169877108443	81.92173586571279
1.232146942387604	0.06516877746805859	82.1778921984716
1.3568149618942198	0.0688352237498491	82.62564501470644
0.4681526728482799	0.05098558314338996	81.35358110252496
0.6205295017492974	0.056224552545395254	82.48580760747781
0.8387302451962522	0.3678758647095243	0.0507785085440592	83.54364589546411	82.46915540682222
0.7550351530915755	0.08535328871832791	81.68894894538003
0.7144976206132273	0.09508251694114137	81.7335427688185
1.0476922341326642	0.07678808399119556	82.2440871489328
1.232320870277324	0.10006387283857966	82.5406805634687
