0.22839184368410437
0.15505918834431462	0.9457672443648565	66.53437192501943
0.11141510060912826	2.954068217405041	66.79965704474046
0.06257636563975646	1.6660012767457946	66.64932728772746
0.09843443078573387	1.7387521102606711	66.46938314318264
0.10452601745564871	1.3537983790744859	66.80700703749746
0.04030409689879276	3.119034097834013	66.30743845556611
0.05381289113603013	4.430201382339135	66.3497095645762
0.09666213976902115	1.954993608403443	67.15875236950671
0.05222060385188892	1.266436284408828	66.73188531424334
0.04435037706874114	2.169895908504318	67.15203713090555
0.06736650655887477	1.8586644707801454	66.48648360662008
0.04833091326239407	1.6069622887920452	66.57316959040237
0.10151564599506246	3.479723649930684	66.58805914324171
0.04873294210583093	0.49042986796879584	67.27916357135587
0.0581352493440695	1.1683811061278675	66.88871030209754
0.08042482771072654	3.1683751464575396	66.7355874053463
2.4876123979261004	0.11657541171390713	5.718871462458313	84.20111029935805	66.45019384535635
0.3998151411637932	0.07697066551363091	0.3082210884309738	2.2497524821585104	83.51362169599786	68.05840752894738	66.34448572157996
0.09548946295839086	2.2034351134255443	66.69698202076799
0.0735428724897236	1.7092699451755233	66.85354142637438
0.0704720097813522	0.05152359506922302	0.8977888135179223	74.82095700688616	66.9583091490262
0.07611804647207268	2.697429305340624	66.89807374922503
0.11047530642344229	2.620748317271036	67.10304641989845
0.07031095427396106	1.5322655467345823	66.99483555408239
0.05111055781973817	3.0138097851369205	66.51919430213525
0.07809394930067708	0.7812052588352932	67.00816819990791
0.03263751621072482	1.1749922814990306	66.82163964492295
0.0401456055896981	2.0795828719767466	66.15725268847268
0.08182626018880586	0.8341411877767458	67.1233164363679
0.07386574404694957	3.1950740504028787	66.69243183732848
0.08219617974466559	1.1580100658153394	67.11847319034035
0.08144253110286014	3.1773726167995644	66.6217320549253
0.03868531177364018	0.23726251260784226	1.9687758883942013	70.933610006937	66.32561575674806
0.07129403124463694	1.7781946095692782	66.73260455652276
0.04839194434623048	1.563417717682929	66.71462064027011
0.08333274534845463	3.466713302442045	66.69514307067337
0.07432004569777444	4.157740544970011	66.69530750268748
0.0372876199694513	0.6653588171220942	67.12098039993377
0.2613148361394583	0.017754854626213103	1.6212104763042852	84.04910391930592	66.66885966515802
1.1786023991657835	0.04332444666762768	1.5689230011341153	83.4684318623706	66.72854089592153
0.6294090368108874	0.04151657645084159	1.866205053777006	84.19112471463973	67.49033100713297
0.3768064830527117	0.035403544342429746	0.943269752384414	83.40203086438123	66.83934267478949
2.871611165356972	0.05118438361139406	0.8343361628936076	84.49828794113826	67.0699268630947
2.5290409091218207	0.018983280516468803	0.5406148261458966	83.7378245462051	67.26725593449193
0.3050612529719582	0.081879205499167	2.3578837950958365	84.0715111734383	66.1883372143059
0.07000078081552627	1.7004877215425276	66.30997621168301
0.03926742911877086	0.12640860407396967	1.2707158745189988	70.87999310070829	67.04770920658007
0.026722307794151943	3.584990246378568	66.3527258126816
0.1219852490330164	1.4095692237063104	67.02451516972829
0.16362290836266702	0.015065976707026862	1.0593145750562922	80.92430877866111	67.59253946074062
0.0511792436446012	1.455228963844635	66.69462638455097
0.09729953221232923	0.955274623127998	66.96908997753617
0.04869597145496862	0.7607897516935047	66.51975237049459
0.08498746635545712	0.8655610277673709	66.7372779236047
0.06608244888430513	2.0652829475874244	66.7241423886036
0.053693800826740044	3.2143420169153307	66.57431363639535
0.07443329668431904	3.5489161010772667	66.55624326943173
0.09305251775634758	0.6572274584672108	66.7529611657726
0.1011893128702472	2.139907516543597	66.78672740714603
0.09963145229417908	2.6751657233074817	66.57940694567777
0.06325337916701033	1.142407918508879	66.66777012757557
0.43054091874618244	0.03799807980138954	1.7003081474439221	83.254578939609	66.66680587801979
1.1815028897642115	0.02210206975023562	3.8745352481061195	84.41973799998338	66.32010621531764
2.3111258482661987	0.049003488666098105	2.26471587048908	83.75522633779394	66.42007604258723
1.0408407369783599	0.06677961972056701	2.252610983022938	84.48566174838285	66.94820625103245
1.135112155517985	0.07217324339929429	1.5091145957301941	83.2734659782342	66.9149529478186
0.7415881535672385	0.061928289893719915	0.6902436159740889	84.0014055088907	67.15503398930174
1.2794582597336925	0.046725065579186834	0.6460030943961127	84.12463651551941	67.05952560061294
2.6747852955234674	0.02908979029635315	1.9941573308559677	83.92604527265867	66.76380285504491
0.15579907072146731	1.7761421500937837	66.90878743531495
0.38433079019215793	0.1234522708550208	0.5340457183517839	83.48766577996375	67.0248061856025
0.29708110079565936	0.03833565068794042	1.526064052501083	82.42193011572108	66.85321572124536
0.0734921045177515	0.8074702560324991	67.94901129636106
0.07899778703745809	1.8587033208205668	66.577373963732
0.07924796448116708	0.05376358266442604	1.14110608221388	78.89661871949501	66.47977082567519
0.07418364293658834	1.2652698711853667	67.09973541143033
0.05248972075917654	2.6421439193538037	66.47431993738691
0.10761766686976848	1.9672933683466856	66.61354489911564
0.04886314908010173	1.8944133137914132	66.57784464756736
0.05634877613431268	1.4865262979955924	66.55920657916411
0.05676398697097808	0.7202401577599498	67.07814798878131
0.09928052242753417	2.684050970165418	66.53511693426921
0.10364136605741443	2.358829842324653	66.82352413406838
0.14617220162233083	2.3064449837901355	66.614883517321
0.059190091250626055	1.1066943220868093	66.84716936334178
0.07922605166817938	1.4958919608889918	67.01551168829717
0.09139966304079562	1.6365560786862805	66.96767383445345
0.06367996560571833	0.5503798575209826	67.38080817435394
0.09281309793650727	1.0210803713893881	67.13295372495733
0.124597879028801	0.08517451748067688	3.0448759315323604	70.44690787529564	66.30126528310915
0.6658265480453116	0.03372519668018265	1.5879893328303791	83.34462095345795	66.56638748899033
0.08400781777211958	3.260479246897141	66.5235625806958
0.13229329601059056	1.8680262766566895	66.56168824699826
0.08002648255759232	0.9902411345522606	67.20673830423318
0.030076625065752163	0.04488905807492885	1.994520876566231	76.20700184916389	66.74147413864407
0.053664268217033025	1.5568858431410304	67.00530324856695
0.07261632671238157	3.7442274036724066	66.59579858811745
0.04404996895512938	1.4221601875945364	67.15110474850415
0.07645368599855067	1.2493431956183763	67.16485651799913
0.05908555538796986	4.1575297654801835	66.1305881445872
0.10332056890993169	3.8504248655736917	66.2854115178372
0.09795115905116396	0.04507199676610175	2.6368076232496214	81.43860549285077	66.41460806320995
0.3923598675162846	0.07889670434977868	1.3820631787267876	82.43047502162223	66.42700077687941
0.09566818382314995	0.10481595692358567	1.1290412556033325	72.07107925104607	67.00338818138741
0.06276906582979279	1.1342769998239288	67.06785516872709
0.0802913824330096	1.1909396136041066	66.90724221662695
0.02969057603292827	0.09357285628359766	3.296779094543954	72.0633689770945	66.5212649460087
0.11895114355559823	1.2708181290436789	66.30922796699338
0.030744951040565963	2.2034435999274327	66.60715432289587
0.07533872215273264	2.6769199690751724	66.58522546230138
0.04664536154998489	1.0193195615756807	67.76446093801644
0.08577757453294621	1.12776773510174	67.11105732470861
0.06571287781893011	1.6364747918654141	66.26267255739164
0.05659815951327007	1.2803586014260455	66.98999171106665
0.05030591197718968	1.7895771044729765	66.57497227633814
0.08192151155765055	2.612855993511138	66.31458350054588
0.05987981170460826	3.9034209962180317	66.4896095879213
0.060041280302884796	4.84701694944023	66.13339759318501
0.029239998119147237	3.054441688743356	66.2863467056742
0.35980646015106516	0.09186927943699547	2.9076634818382003	82.85641356327626	66.50326615827444
0.0332458716883331	1.4348667774939945	66.64199821894445
0.04498268142551202	1.8269379979281073	67.12627695420423
0.051738361561862005	1.1577510817634455	66.81238813666734
0.08519099510577116	1.6566896780546203	66.69303915116166
0.04550805763691127	0.12925386407605224	2.7203052638933283	74.08846808429216	66.61687242967145
0.17458121648098396	0.08199532544393026	2.956828797962062	81.22331372117874	66.34726346802145
0.05081466777603861	1.334870143356712	67.07151691281256
0.06607335100994978	0.0839101884800757	1.4513773250250779	76.47973513070632	66.77321314628661
0.05323208766451146	1.8425507514969748	66.81507123271015
0.07285354126184745	1.4570620017061184	66.90564037547045
0.09172901301972679	5.836861541718339	66.21846378738137
0.04483348540033433	1.524997480518694	66.53986899885017
0.0770743401064597	1.4743092489975087	66.93919620335274
0.027811439740810198	3.363722916339312	66.36078740098051
0.053322592481374345	1.5402693295016998	66.63735146946718
0.04555206511524535	2.716678542225413	66.24495516204942
0.03965136365504604	4.592836632364246	66.22392228582099
0.07922219328901936	2.550753402846343	66.3594014002353
0.059786947106094925	3.4287297933554974	66.65853054801275
0.3563723479586758	0.07417887239879106	3.1322240345209638	81.68183108271474	66.77327304490879
0.056912487804953844	1.1339517887379402	67.025883679027
0.10200359531493153	1.1826853347675692	67.51953536962924
0.11994884486034366	3.1677301900349852	66.43021037353734
0.08380197208880989	2.074062765758516	66.18146619938913
0.12032495038243528	0.7482791475584148	67.06998977941153
0.06261546161162206	2.94816007668721	67.0383047555454
0.058843052994808145	1.68152696730861	66.64155771777581
0.0210564151038987	1.5894664030326482	66.58855097106934
0.11227832162187666	1.7930312340113053	66.61723074630298
0.06303321085531592	4.10491644388494	66.50480966220024
0.08611200414923369	2.5960269231218724	66.22589801812299
0.09280795034346721	2.4455603778889796	66.54836305122711
0.07566786943740099	3.621053476231969	66.36922049877339
0.06822781774546995	2.0179770238897943	66.76755602544017
0.05520291515139587	1.3118517532142846	66.9855026538022
0.11791076894571913	3.574749660315661	66.4429563391976
0.1919827149073015	0.09916267841975142	4.168796932078961	81.20040726879353	66.24275918979761
0.02821150046489502	2.2531118621655137	66.72443019486087
0.03894973122373819	0.9574449841135928	66.91287748478723
0.0752187301921627	1.5573774023725622	66.64135961345407
0.047083471319596275	0.15101774965843331	0.9908031134479004	69.87147636589363	67.10867953409472
0.044482540657273244	1.1141111310567111	67.1495468921154
0.08083233810526255	1.6640630361104494	67.0779544010224
0.07623686603942048	2.044064217368504	66.60103738544588
0.09193614617153784	3.0362325775508263	66.87480566894033
1.1967136657867237	0.054646227187841165	0.8759489206807509	84.13110805613539	66.85648507861143
0.8433585043698641	0.07371108063532532	1.3759567380298956	83.1502124622478	66.89958646934791
1.02417221984244	0.05187554657583558	2.348516414216057	83.90379984831186	66.59757643391676
2.3133228794074823	0.0648956690735103	1.448736155955021	83.87850784596418	67.066401190051
1.2211407068595344	0.12223620398751699	1.3569499072082314	83.75557041088194	66.50593010598556
0.5638324815115078	0.09411379414283386	1.329368757986077	84.82549350601407	66.37543445269355
0.9191181685415923	0.05877365665057685	1.3011561105069571	83.52087220578834	67.24317353784176
1.5144746214945848	0.07322453433028443	2.424391898016257	83.47354721875959	66.50322997966306
1.7583659398515195	0.07952797488782107	2.1169237654940867	83.10183896043183	67.07040373719173
0.9865370073650508	0.03877856686681887	0.8868905576577392	83.96963493175302	67.71284763382462
0.6327141777384689	0.036380437012656974	1.1507304415869974	83.96386720080838	66.92031505482667
0.30111266602626025	0.0326863670999105	1.1014670725072349	84.33018252851372	66.36728452665096
0.17528075649962374	0.023264771639403495	2.8271081140824275	79.76047702870373	66.44042169761622
0.04489534574375143	3.16917459750685	66.59243166949427
0.049205419295736866	1.3054737692216092	67.07341257546364
0.1274261635725913	3.7885261995475097	66.5400783441014
0.05248510658702389	1.040965327135527	66.81847380529909
0.06556343155169307	1.141755510283463	67.05216095692532
0.07442260571399231	1.6817490733906038	67.12855658325088
0.13592935436056286	1.3491866470819665	66.59112524606695
0.0571629928602473	0.5953756016772709	67.01194472187937
0.1446840618542881	0.07469966901612123	1.5628774483720127	84.31620609834557	66.69664515837754
0.10349347107726596	1.8164828039655887	66.934051104919
0.09847857831987773	2.7129744617293867	66.56871401554953
0.06007452918208109	1.3194412632166854	66.9663722853668
0.10277161659718777	3.037341848371107	66.37014089252507
0.051466231868651215	1.782219324257889	66.31074648923224
0.0691617855921434	2.9623100247531977	66.65056545400563
0.09238259565179928	2.552236404052959	66.64845203264501
0.06558137790452774	0.6573468425254748	67.58116695985804
0.05326439445392523	1.2306415155469554	66.35747528354331
0.08763787681269206	0.3433024103937801	1.2258532758897756	67.25353286291636	66.11958348771442
0.06885536939776979	0.8285135977869691	67.08443804189892
0.04897306490282738	2.737727753395175	66.15013073111045
0.05150846365519449	2.6249612064558234	66.51214600378513
0.038537422630530234	3.4233745100359	66.33238116034751
0.07714308642788568	3.3677300002141566	66.61406577025672
0.11428984282654814	1.3826294799079095	66.8667822400246
0.07964907609590101	1.0013489695525868	66.68380940237323
0.07823234717520011	1.1176726459192243	67.2413547686281
0.05706655320646137	0.08884681287140908	0.7658501163404319	79.11069537989196	67.12711022197749
0.07288185894475936	0.9191400235125506	67.10459124033471
0.07714889097721639	0.9567214404217504	66.76489290389154
0.07180900618879961	1.292872485108497	67.4099405998994
0.05374232460537726	3.0100651595269494	66.77301753596436
0.075970513114693	1.5507215388157274	66.78772842325328
0.07618123952720987	2.9994259757735606	66.6229719920543
0.09366166051275955	2.4112937503679635	66.22757470401218
0.14970262164987944	1.1067266666862208	66.39622399730551
0.058606128966051406	1.3660698894887233	67.03544954631396
0.04867953171698022	1.127903191000793	67.08345152653419
0.0684632157598306	1.4681994298498318	66.99867663900349
0.08605199640543072	4.415846137079593	66.46440082062942
0.05569097666963469	0.1650192383550128	1.266345681265465	73.185483764081	67.0870303696502
0.05478734601222501	2.7478736115453843	66.55464378103048
0.08611543005558288	2.2253295024327198	66.59266761179563
0.04684592796966485	1.0463926340228225	67.11595217023165
0.0856337511199499	0.6512779212517731	67.8192042298278
0.10271067403619275	1.8166594919426	66.7264406608764
0.10466854930933611	1.0236528112869832	67.56353697581075
0.1036498720382305	1.5454588452582867	66.67275008923423
0.051200867589796015	0.9679061172618204	66.1558784242972
0.08935146940383086	2.3632094375385417	67.04195955464175
0.08361823782831333	2.1805019802064685	66.98972687407712
0.06617403707162378	2.905370873775613	66.2271851112923
0.05895774008956154	1.8800199171093734	66.75139512933582
0.0864457471429969	2.6116818139953604	66.61143736913796
0.03284844420481257	2.44194137801164	66.70963060562555
0.07285901446447215	0.6867170466521748	67.46710328954661
0.08642639640987887	1.6081206613093024	66.59214175123022
0.07842068108107314	1.5030997120453558	66.8283333532315
0.831582642773141	0.10275870651308991	3.4404262025972736	84.16820568424549	66.46332471999803
0.11632658556624645	4.529155260114073	66.43185705014017
0.062006185370078314	3.6263131742345034	66.89031400797555
0.2711761035251274	0.02590448392284321	3.5895735903436425	82.68089258724504	66.17391645327885
0.9305587655056228	0.024798827722881077	1.3793751116769266	84.32491999666591	66.76384114849202
2.31168064467071	0.057193837065222734	1.656752244834305	84.24925550279826	66.35780167680828
1.0467352345690313	0.04675368332612479	1.0241679139391426	84.2440183060796	66.34564228139148
1.263056163358159	0.04516555620593523	3.1602475307267066	84.1461080469217	66.33116628604104
0.8880230091782418	0.044323665980266574	0.7054485575489984	84.27589982802458	67.25078103476005
0.33598930663535787	0.06533607744686683	3.012626634664726	84.35408138248269	66.57064333757502
0.0519971665902601	2.6289875265658766	66.68174030029759
0.3040774377593893	0.05410789981173834	1.8902817253479751	83.35906757912174	67.10278645732487
0.14289200821086037	2.3474129808973463	66.28877945927172
0.10920547123916763	1.981514317249083	66.60474434741974
0.11878225130367932	0.07613315779661621	2.8129718853127743	77.34523622480557	66.62286375618217
0.09086305641077191	2.277783545945339	66.2051046761517
0.05097794484804842	3.8825181671874907	66.50011633352703
0.1079458851573529	1.9729055066928094	66.57344706352391
0.03483011078324413	2.6959245652600257	66.22503845491318
0.04692174424430559	3.278619550100381	66.38349159939523
0.06020318157614357	4.20914486119853	66.58041136751326
0.12013706728342416	2.542200451691208	66.39194457625253
0.17557972431615806	0.8552111633489149	67.84913601215568
0.08982598902669543	1.0694927692983784	66.8179409445308
0.07259833463748816	0.07910332733256488	1.225017784839252	70.68260298064484	66.93027920253117
0.08157804834811534	2.334598250867596	66.16169036134673
0.08113892003492847	0.5870852283818233	67.17311275196596
0.1179621694197391	2.155041872601726	66.6407922468211
0.0803971021322147	3.929319369829504	66.23674401090737
0.038220825105230984	3.013639008247994	66.77087155487779
0.11376414127573199	2.4913879580591636	66.25307278773892
0.11980998022619811	5.069481287422363	66.53485055087255
0.04782059056479134	4.50982700426492	66.26196314426426
0.05723797173109806	0.6081552600433792	66.94134283865804
0.035318265166649314	1.2212484632668958	66.95026191052347
0.1076014892360383	1.8005976749813632	66.51747938335312
0.07630181947099487	1.2358003756228342	66.94219956033479
0.09467901041882226	1.6975710070975187	66.49577394129787
0.050377676789384464	0.08164842470364825	0.524624027125555	73.05833774999614	67.47521494672445
0.056798423162902824	0.9378046213656582	66.98987916586312
0.04098003887315416	1.3744834453684995	66.86504347425911
0.07227661350323984	2.0258575187820305	66.64115610969273
0.044424089115749625	2.142588541124618	66.90066439806749
0.08040748690399202	2.573868353573452	66.45240104994255
0.050997708355989366	1.0304835100451217	67.44356002367492
0.09301480634252449	0.4962378294382425	68.075647529875
0.13756639068778823	0.10397388857933317	1.320763829334796	83.71534114896019	67.09240326574884
0.1894909093717102	0.06562599282406006	0.9109325312594333	79.40138306838	67.39628896914988
0.03408622085561693	1.8194224548833173	66.49110289827645
0.044551608786852444	0.06079098237584551	1.890837097424189	78.64663329497752	66.72859254817286
0.0344821279552084	1.2834774049038749	66.6312623495664
0.09680348930604439	1.0953567546727547	66.832302113624
0.12008173869506976	2.176577418483593	67.01866207631586
0.12584869805619386	1.7357959966236887	66.87158873060217
0.04282356746478865	3.8320386876301873	66.51488390120915
0.07653508683602839	3.5708088711311134	66.5877165080724
0.039048924832253036	0.9312627061447267	66.67280287953714
0.052079273193800825	0.9765180949314763	67.33299105694398
0.06245947841870975	1.20368684774259	66.62766639029714
0.13325484260215323	0.6479651142165793	67.1561590992992
0.05780314858034501	2.2001917055576588	66.44537621068031
0.08532761773146925	1.7711863848725011	66.56742333325263
0.0944795363983973	0.7294442146081929	67.59414108023361
0.054546660236905214	1.5726329163867045	67.01190509284889
0.06368464109696312	1.498208132287513	67.11785182735831
0.6594466318247715	0.08715700089327547	1.315194215806961	83.55720670864581	66.54515332311614
0.421255923015027	0.051781306882515414	0.8184812643058034	83.21498144369589	67.15211465148347
0.9105505240600538	0.05036756131125031	5.9795664421431685	83.73960080916149	66.20018656704404
0.41135160515290287	0.08374586125472806	2.1673692026910936	82.09290024248897	66.73886388011438
1.6768423025959611	0.015700489290718458	0.056184439429220634	2.0226251756918487	84.3701748065492	82.8989458834262	66.53026648105202
1.7916210095400198	0.09542789735736655	2.6792119392595044	83.76830508737156	67.03559225403443
1.8989005175400462	0.14266687177010737	1.3405864428928678	84.33959882564987	66.57198528750547
0.6712946259389306	0.046038952872173106	2.5703784390748288	81.38984963407397	66.39053905335163
1.096130527405526	0.04524304967695277	2.314416760851662	83.89041758629456	66.58110313336977
0.1476843263328605	1.3099220311339637	67.2118962156631
0.08654559897145399	1.9132329026302177	66.52333377402688
0.126159868259783	5.2835844495969635	66.18255112556415
0.09833846744979871	5.368123444906802	66.22638843672402
0.12041417595918726	0.09726656645098156	4.208982750128237	68.86400974310574	66.56775908734585
0.1271623502980249	3.200175520093951	66.1973980946922
0.10093926018873271	4.788477686039659	66.63988835790948
0.07523597982400113	2.4865843743542486	66.82027106277367
0.06490917347503153	4.561949155850043	66.50627129345185
0.057009006228635896	1.2286047385098622	66.9496240420508
0.2396773528651983	0.0852175418886448	1.0386980001479746	82.75501351353039	66.55395870560538
0.06421021667199289	3.744303293145399	66.21213723619071
0.06868538281391132	1.1806445984990632	67.11746250770253
0.04826647360514143	1.093728136426048	67.12907339740863
0.08217869106180214	1.861702054417093	66.33725284657723
0.23577112044824095	0.12093388191317009	5.259526545052536	78.27763569290897	66.11571972313183
0.07711729180435423	5.025174120343936	66.28711724101647
0.09001383561171458	1.2348275487971212	66.84251186727418
0.06597996496262419	1.4489670149432405	66.54011998761335
0.08592400200646758	3.3116238482825957	66.49602898975421
0.06731100585504564	0.05756646487518407	1.404322313703538	68.59040680159247	67.34158216179293
0.3823921353667032	0.1433246761682199	1.1392213819678831	82.17955712672993	66.55489142808945
0.045421462742124406	2.119087724141939	66.287216374343
0.14115725109370794	1.7285524755901014	66.74011196871292
0.06270853153131477	3.4823189506141117	66.32064998648423
0.056847033367057716	1.420027759851088	66.76185310951104
0.058954972222944185	1.3132217241229478	66.64235931030066
0.07178943509905136	3.969920031322535	66.17273871983284
0.07872041398478193	1.5857864743550212	67.09896891491677
0.12182676799167029	2.8546322270278677	66.42048877325614
0.1059658143696353	0.8591756678457796	66.90389913683376
0.0661879328462321	0.6744300041133812	67.20546131065683
0.12194712252042383	2.1965690053571905	66.55024329072324
0.02909148960319798	0.9742799262423883	66.6605119493827
0.06341177610021312	1.8303056928968238	67.05898982542196
0.09579809694030343	2.218621209151677	66.26386473631283
0.0681053279596008	0.6594736814631399	67.27987676839994
0.08431771372899101	2.307233786915843	66.42165425344757
0.307173798360466	0.09360968882617884	2.046724154047247	78.83062693790912	66.66416744325784
0.10481771061924192	1.6293368614143764	66.43199591030798
0.05589236074795632	1.4537392733517622	66.69356661343079
0.09186454113506963	1.5836228127021343	66.46449568592469
0.10171081490108615	0.5860713047957132	1.6526621834676132	68.08585361399356	66.76439863502691
0.0980153576333125	1.4849250010950255	67.3096760065987
0.050505070005335724	2.819548714462282	66.40173004788153
0.06578480445391888	2.0512605676078883	66.80091553065357
0.07522930895739395	1.011919052906393	66.81257335524775
0.06503453171888238	1.0025851895903604	67.0000145329694
0.08163154358134866	1.4004732785847949	66.81898939794408
0.08042494117059121	1.2167408866155212	66.13357061768056
0.015345889956995401	1.4557197311235572	66.68809125101983
0.051860620527118866	4.051658228070656	66.54191306605482
0.04448284588052623	1.2196744519370377	66.76850020594092
0.053662517051664596	2.6878966866425755	66.36961957598629
0.17217950857304115	1.4181237989902573	66.52394104469604
0.09349231755482437	1.346313951853715	66.75754814445325
0.09572762708527206	1.9878957149479928	66.32296311426298
0.020211992738440647	2.6875384294043942	66.84648414773845
0.06645525116488923	3.6754170108745443	66.56193516897584
0.09531876740060671	2.4899059811514443	66.41912285325195
0.12587692992472715	5.085057164841052	66.28441867132796
0.4300931518419268	0.04114389617143876	1.6118383100045388	81.78297838633365	66.94889264449989
0.36208930496323705	0.10972015747900209	1.8606218245954502	83.5495343106525	66.51207252248318
0.12692078394983555	0.7818333549739017	68.02459333085223
0.04518721279113789	2.3755194703608726	66.86377860375998
0.10151336835562884	1.9267662098344431	66.4469511515007
0.07065632402517633	5.229329392033421	66.43975598678459
0.08892223524321911	2.577269514130303	66.51079095505841
0.0970828564997056	2.9890895514876825	66.31413401460051
0.06294546483062073	1.6838865159479088	66.67150609349844
0.13222738538999795	4.248330906848467	66.11308323723
0.10732120469283447	2.9325164262790873	66.26354719887044
0.07817551006430566	2.049185217310932	66.63063776908639
0.06820683738327744	1.1709376469340917	67.1358924916616
0.06328541459402807	1.158510917797359	66.9847513452342
0.15786225327634648	1.3352651789835455	66.85775692415271
0.04455102016854815	3.9877382325184505	66.5059667405871
0.0691616243958281	1.9306292822167666	66.44345115722358
0.1768833709417114	4.2296270227661115	66.46512161782789
0.09483187714962901	2.1494890049440847	66.42606685179146
0.021193927890661383	0.20426130659275687	0.8576254311056304	73.07525220933691	66.88393967586589
0.08094572832399141	0.7892415240800552	67.15058033359044
0.0727772196841551	3.1004453809080217	66.26742171474845
0.23999678826724816	0.31381863294985174	0.05459766555338599	3.0332329334968597	83.28334193204164	81.50766096538352	66.27720983036521
0.11692590274119866	1.2408664438472152	66.68149584173302
0.051007418591498266	1.6758532870765221	67.00445383521036
0.06290288448215402	5.361878695710989	66.77210719988516
0.06641494602758266	2.3424340088762086	66.89743228613457
0.09778923163195291	3.249194524711893	66.2534746481087
0.0707198204726628	2.602076067593968	66.25794376552525
0.40773977703960107	0.04557707851989154	1.7080925960927063	83.92823859697909	66.53693059418825
2.0660508675459766	0.09350562165202009	0.262263446347841	1.274683657299597	83.5043266857152	69.21773747874548	66.47594179023598
0.14584529654392211	2.360248006099306	66.75282060862888
0.07000587363352812	1.2726853539037442	66.78135752493822
0.05622338493769199	0.08245026041890648	3.280198431409088	69.891594843702	66.3926683554709
0.07609224166625807	2.8607860827056997	66.53796762363419
0.07497989211369263	2.034311818257448	66.24387096542182
0.0931148825918939	1.3557301702241158	66.82190584001013
0.060328995395466614	1.7871376777500194	66.68949121981338
0.06669707798696772	1.5417301930691605	67.14755040285706
0.058995827073833336	3.650311866729935	66.51637054844282
0.08691753643394978	2.2166814848679155	66.87251695117062
0.1192809945922921	0.8175497098438076	66.51651675292337
0.0773348259277804	2.8499393373040443	66.56254951882515
0.3166745824747482	0.038655393463659336	3.4261148666030627	80.89195676218755	66.37206478930058
0.07609865447903831	2.008390400068598	66.60184544912993
0.09697332337157996	0.5771383515629307	66.96952112256453
0.05185268714839337	0.8252754468700427	66.43868901340365
0.06596274422193191	3.5909176711274675	66.47675168832829
0.06465693264146079	3.36097373560299	66.16708804429737
0.14606900372398385	2.2450936486726474	66.18104158645805
0.2604713989537454	0.0161017910145234	0.08699427630080629	3.996210420739661	84.11841009127062	68.11815733187667	66.70522825128822
0.5235260704385098	0.05112250253462493	3.405209086210453	83.66140088418662	66.43729554139509
0.8695100821112016	0.11439335632460408	3.4977531514588316	84.1144038055823	66.50235568851376
0.3181873458981679	0.05411752097065077	2.142504600070467	83.47595116974128	66.54548765642228
0.030349170492792094	0.09491002439268992	1.2345011438691196	70.85506911021913	67.0363886762851
0.09231597624087508	1.123835089981599	66.4606217357681
0.06286917284303646	0.10925012540946365	1.836663017939807	74.78374584295644	66.52634815869821
0.08064267082548537	1.2239030431567055	66.71139237991221
0.12400089922895764	0.6449871863051714	66.42016359002234
0.07859147451244818	1.335329513643022	66.62492717138528
0.09358403176183545	0.8471132676115773	67.2481603210947
0.05794231917770701	6.202239402420741	66.55579151433236
0.12628882624923218	1.1799244005969636	66.82185605308874
0.18323575060116876	0.0810141105276529	0.846087711986107	81.11786894481544	67.11910688716192
0.11698163992622929	1.860506477057903	67.00311971824816
0.06835603490778289	2.558950944066033	66.68237437616979
0.10817583367152145	3.150440771102728	66.38253773314737
0.03560442425244724	0.08482479941095981	0.5899229770806212	71.94090212200565	67.2026317141579
0.17116733740999152	0.05192245072887778	0.7345898495216775	83.43180488257069	66.84252872291846
0.08965940724442907	1.4287930907746358	67.02813635210498
0.11724949580207322	1.9536350463996262	66.85233128931584
0.09721072852840208	1.1650373130099168	66.65436362825116
0.078762608401428	1.0269937013387165	67.2185760120482
0.06607237765736006	0.8820705013243674	66.98301260547328
0.06023330470517333	4.286448405782893	66.60080783962523
0.061454380913801045	2.575100763279097	66.38013568066225
0.1236968640064612	2.8620966126847884	66.51297915605396
0.07515715031065534	3.3868271846206617	66.30902607436789
0.019318263123075066	0.06612888138038207	1.8682665498766562	73.53446600019095	67.14005516177684
0.0997247758348949	2.206140442554186	66.67831768142683
0.15674775496313906	1.9194659953075242	66.96042762555435
0.09014136514072536	3.124043295319307	66.57758196409588
0.06625868389864614	2.7859673361858164	66.46521122941981
0.02035618767569962	1.6718940068860006	66.68938924961232
0.08323649701603256	2.8007534499635582	66.34368202760662
0.10461615182231777	3.166889664622531	66.47481564892408
0.1171189219793353	0.14768023046775391	3.6306753395550717	82.70255588540002	66.76381978374425
0.12434595330021644	2.011900116863446	66.46676801621904
0.04790803436832481	0.8452542515023596	67.07879550709832
0.05794461773746482	2.472400687285908	66.58773739623896
0.07682470169335158	4.413407632621834	66.33854957488656
0.07506525105198987	4.367755197159917	66.47539189363924
0.09556233695342665	0.062227922571122626	1.8567217880398406	73.90249945473116	67.1693764974154
0.04842410951719842	5.047813456280139	66.41896079313356
0.03514982794288299	2.4000189648538326	66.76516524205779
0.9456504855504554	0.08865909187254824	2.3961968471313555	83.57676286104927	66.5316408211276
2.8317280301281706	0.07005170515963724	4.054921285221222	84.06471992061829	66.16752517945356
1.0537508453825624	0.10899561518971232	3.6884013265222504	82.98558931187463	66.69462894518284
0.6684510781248877	0.07678484517012416	2.407181219968698	83.68349194105079	66.9715605589248
0.17036135755053913	1.6296901701798645	66.4479177597276
0.07190894358830661	3.0150203514640963	66.42227633458066
0.09326846303673707	0.7208259479636538	67.42283811108409
0.11558096170358133	0.647691104241083	67.6559031149664
0.09056246203988921	1.3534306653628618	66.59533981854406
0.08249141446954682	0.8683056218356966	66.8145871091084
0.07199785574381497	0.9152069440736138	67.25440116682594
0.05644478643355699	2.91687423167076	66.99063353703993
0.11375432580269351	3.070278402532635	66.58792089750891
0.0740358013963946	0.09009500638594947	4.232804275298569	74.23315231868254	66.37800149545846
0.06217494044867079	0.06249518741839688	4.748228641620285	69.7205221830881	66.16696182753736
0.17356885462255855	3.6564456881463387	66.26547908006852
0.08622170280968501	0.6469797316462499	67.61077607900201
0.08668916925227617	1.2046158008335468	67.14089910635381
0.15358795497501873	1.0865065756454206	66.96421301277528
1.592839231895205	0.04465583524329068	2.0744430307149515	83.76604184102611	66.99320958791847
0.3544947672137199	0.01651638459534624	0.5697730839011496	83.20626799992775	67.14632055413327
0.10134481673037701	0.04493484346254927	1.4013598203523894	80.08277841649772	66.88443806057917
0.08892256017299746	0.10735677895079612	1.14014788893724	72.72406979196106	66.52466810962585
0.049368297137216785	1.7323213380742872	67.05120496923024
0.07041898017990342	0.1621772732720331	2.1836957474672127	69.27017350070923	66.44556008790693
0.0601175069478326	0.953062390238375	66.63310776021201
0.04669515772948069	4.059939151029017	66.4788054979102
0.06912852846857921	2.620541310476746	66.48076295144254
0.06076255686275438	2.1708686267731885	66.46551183610724
0.09957864736192959	1.6983203895149936	66.59031558884625
0.0711118120313622	2.0359877683594125	66.86775313520883
0.14898346730308737	1.1267340470395288	66.87463406146442
0.05139765964340123	1.8020796639658418	67.12344547032686
0.058257791355543154	2.3750793172676823	66.72395633666981
0.027664246906391864	2.2488387481176084	66.31354461407031
0.07952480308274916	1.0522045712937904	67.15140208568235
0.05174302681228931	3.241522184426019	66.5638499292463
0.03116266533669461	1.181695841323108	67.13652975071221
0.025059841194968617	4.051121206572896	66.44412119084618
0.030962996016434065	3.3409083847871854	66.6210412440541
0.028393092866044994	0.9904792418479761	67.11320489496711
0.13825925051767038	0.05506578314902548	3.3064715686817383	83.3464687758751	66.58572669990554
0.07452347221677827	1.6069394516918454	66.78612692389295
0.0792233471443456	1.1768563105952154	67.15541615635459
0.9577425096688766	0.04372679199220974	1.3070764357901379	84.44605363408996	66.84095880332599
1.8225896243211184	0.10033043497859025	0.7032381871391393	82.63084291170611	67.24308220887838
0.41410463107269935	0.1054952868017653	2.4876263603312445	84.24479562830106	66.2531285144763
0.06574762685431762	1.4079930687743152	66.63955594659109
0.08451265322047735	2.331285045711822	66.54803534005852
0.08488284126427936	1.4830688962597967	67.04234974309438
0.0521234689131654	3.942526859224514	66.41341114933539
0.06252145783938186	1.8544852240515588	66.38683219074157
0.08062687802642202	3.71857061366282	66.38018923088678
0.6780454638567694	0.06764094482688207	0.8240375820584427	84.0041362086615	67.00838684034869
1.4404512348231238	0.06869660481892333	1.4626805577333102	83.07029690441773	66.82742259687062
2.245844527777538	0.057395271583042244	1.0126065769755452	83.95059560044008	68.20759131758439
1.4015527264686203	0.039783813717375334	0.9326941077370836	84.42106353861041	67.32291196720173
0.7630223251342673	0.20051341861388297	0.052645730652944527	0.9968943539174819	84.09262016948942	79.35655589571488	66.89999466365666
1.1791135401163755	0.07963283974158152	2.7353815927167595	83.96011638640692	66.92636424570763
0.4125134339434703	0.10046857237532805	4.907535058980211	84.14162609110468	66.22513561554149
0.15189321546114928	0.9508859761416806	67.1052770099289
0.07721454839912839	0.045296756235294146	2.595659208159708	83.9519732967534	66.3225140399151
0.040266033414729535	1.77144235591778	66.82833527941624
0.08877340500649196	0.9826048668812744	66.85871300890385
0.07336192710106484	2.1247552441668347	66.23583244347253
0.04217751114896333	1.859133390084465	66.5878714381392
0.11148852279890421	2.765930288782624	66.51423933815046
0.04704620118736941	2.830875645273209	66.53945381912449
0.06420855275140532	0.6078946382681281	66.97821940063139
0.09141296030094974	1.2449791262379462	67.37988472032823
0.09266038862509779	1.6771724008628393	66.5502111448457
0.07991608702902264	1.0381009257163925	66.98651111485849
0.07739804599645511	1.716979355420954	66.42611499038532
0.1066785393591898	1.0035605797738905	67.07611907738804
0.09476713011887074	2.9737273501270383	66.61795445751157
0.14077307054389093	1.3381774325834392	66.73242918796709
0.44743407572472194	0.1783669286129246	0.06879504984411271	2.2280524114015687	84.45615314452591	80.96977298023631	66.89357306966754
0.08999567003919193	2.280027324865132	66.31834965057416
0.08592053675291503	1.0982818812922426	66.63493600862382
0.08985043748105925	1.4039921099905193	66.30036508088654
0.06794176744475043	2.1100905265512098	66.36731642572548
0.046290370207904184	2.760189856768204	66.58826202568606
0.08327694805313215	1.4843731352301703	67.13576566047492
0.0918231462645897	1.962413681230784	67.20535690468517
0.059892273052187056	3.3734666280432286	66.48852675722625
0.11868879783193856	0.7122042179190303	67.14537074492429
0.15310467017863316	3.1608012403047963	66.25937218655797
0.11616003923669693	0.7322275139422807	67.2183087550648
0.07017133224660718	0.8712408417582479	66.88912816810932
0.10781637654627278	4.5835166900995095	66.64637103058995
0.06160139197435003	1.3874679793038913	67.16149176715531
0.11235647773402099	1.2566058307805985	67.10350418635717
0.04860771688204208	2.893182644715094	66.26745159157689
0.11864103217840333	0.025120322344289854	2.985836459928396	83.92962609525932	66.78730935706616
0.14614211282809036	0.012608676317648872	0.9921816616402536	80.69538822282442	67.04122956937073
0.06035750960565645	1.3778305364816001	66.64100612885534
0.0997117496000102	1.2532438600412963	67.1936619674743
0.06806217360078648	1.5968841618469907	66.76393289874889
0.04712386682195757	0.8265616895393566	66.87118370273525
0.03938595062478905	2.517353902040969	67.15655455857426
0.10341531500496959	2.441990519026282	66.5235333971056
0.0928001339511839	1.4232002479391876	67.11605483309638
0.45099946835143084	0.07419081297575508	3.093530513214307	84.22006959295447	66.56228535016744
0.11068160941164557	2.188316869328	66.80536890171435
0.05054350144680824	2.2486210868084036	66.66517980960818
0.10524779504650857	1.1811566951136399	66.87238067849167
0.1262330493342512	2.058551551714627	66.55252038457434
0.05612795668954695	3.2444819774198566	66.49467202669591
0.05939610117125253	3.171368190607591	66.44051463221673
0.05588800223158146	1.2036528151181012	67.06094310177099
0.061720564823432564	1.1156680631576503	67.02638546827288
0.1071822268051333	0.7274445097388673	66.89145967912086
0.11704089334348936	1.636753404071048	66.48276053900749
0.06348331047900012	2.29930706982336	67.19051576953039
0.20939875521524604	0.050204694263964886	0.5353046833093046	79.28327257597296	67.59611015384536
0.137288777849068	1.1616178556503705	66.47764346664016
0.09055463214046668	3.1321812297456457	66.68061576922061
0.08198857849118298	2.3900896994160314	66.45799808448936
0.2982196789474938	0.10683895776581215	2.1960206794661175	81.16909499130742	66.44671221148835
0.06952440538624274	1.290766010134312	67.16453603269268
0.09633980815731207	1.4214093206584764	66.89121683512585
0.07603321838101133	1.0246320433127645	67.1289349740451
0.22868587610373517	0.041083469595018005	0.5748340244047171	80.331103845154	67.48489969401231
0.7299154771069388	0.048079962391732185	1.4628068152879399	81.76826165299998	66.75323812675099
0.7592458012123854	0.03785618790697146	1.451782286980731	84.33500898692816	66.83946668530238
0.45064134892137353	0.04236654715346816	2.550128610702923	81.57324068906102	66.51775437396428
0.05951533990855245	1.495431454698317	66.89957207186255
0.402714451490073	0.04681668856135355	3.582783657776106	81.85163705154521	66.43254859503014
0.050845408040209525	2.2201119841926373	66.4027056039238
0.04062069714935181	1.1098691588990928	67.15861816780867
0.085933753981929	2.7689633936559455	66.42624761755455
0.050428282044574765	8.827671254310014	66.18239427003269
0.09429122152192014	2.910682228387393	66.32689295194928
0.10785499475778938	3.5909592304483335	66.38681639376733
0.07489833925950155	1.5388695442534583	66.86186455538092
0.0540138509734906	1.2464678602287738	67.44624173873851
0.07364045917450336	2.7787540142525082	66.61087321271248
0.12693053473383484	2.286261862063735	66.99121118928629
0.08798268771760201	1.3771812873203597	67.27225528983782
0.09809725704731889	0.9218295022102967	66.79873062259853
0.06384427196914126	0.7731172540433126	67.05943441435943
0.0578092819180063	1.8212131578009159	67.01245459153488
0.054092746061828054	1.5257358057831811	67.10804593511182
0.07478963452173713	1.1366236265014045	66.69177966217156
0.06713100268626797	0.9877927476585094	66.83119686394865
0.06837545247868333	0.926738982311523	67.08691179377678
0.12592654676382078	2.0659973742558946	66.55184451852769
0.08988193903634771	1.493507930469188	67.06774063703445
0.08092774735279425	2.542662291553088	66.10879275350335
0.0969455625361959	0.012888565493113615	0.175913949034042	1.3173564639587143	80.08936571970386	70.89640613131364	66.61523140886466
0.16545863678683403	0.02972776976551673	0.1524628876590054	1.181135957873023	78.75378336605252	70.8570976013057	67.04769380475017
0.24636229058397258	0.028347084916967955	0.9996735887610655	83.61211281322466	66.64356700302588
0.2602048618820441	0.03702917927023133	1.6189579410441806	80.1579253858296	67.00687119420861
0.4207975274219516	0.05143430371533028	0.11120102153814272	2.783563148395366	84.1866539850648	70.93368042590143	66.66573707115947
0.6806235250180394	0.08324868948938807	4.721672795875643	84.93252464166817	66.53270055569067
0.07574938234209168	1.506706585372417	66.23392420972806
0.12614337896939776	1.816815874045208	66.91924103582501
0.13146117686389955	0.04181539686688173	3.431171136472163	83.86209395135754	67.00197586145516
0.06549996798049862	1.2048756632922863	66.69021158408319
0.046745555672408706	1.9015715806055775	67.09861465658908
0.08408183604142368	1.7786436366942573	67.10214494832582
0.04888754422310848	3.143687706224509	66.61678135341141
0.06547112209702913	2.4702499301570886	66.45691405418872
0.05228430672232107	0.06230838354890461	3.1155085568269727	69.43262354076786	66.44541016311459
0.048068121521345764	2.45284440899207	66.58303556997325
0.04680755760095795	0.8192919883232762	67.13974208868711
0.018969109665747684	0.05385106964139625	1.1614965596762485	72.53887013522737	67.06565982387056
0.021810259897403775	2.213127628443893	66.77370029998978
0.07095956585341714	3.246274836171859	66.52883593025753
0.0575938403404995	0.22673274713467645	1.3428535110112658	69.4116477236558	66.63295050152954
0.052338851937122	1.418040241945954	67.14806971686646
0.11349562102495953	1.1031478874165952	66.90576541866447
0.07101116540371447	1.2824880038061364	66.18948861060296
0.048529850189649976	1.8805294699953101	66.38417545979081
0.07112600191834981	0.4161118881514875	2.912060890733692	67.93837369269129	66.48679752519442
0.10687352100203926	0.9187198123803294	67.08875339494544
0.07287868156526306	3.932664282718079	66.41785678256576
0.08216751077440441	1.3562011118141954	66.43248803525778
0.018530516704904278	2.5641755728585527	66.61686062309965
0.04361072474035625	1.0431346366952237	67.0785798286133
0.030206587376046656	0.11219785626537966	1.6091833985613029	70.14679865936722	66.82538140549731
0.04554248904259266	1.1070552693257463	67.19042771672902
0.03686236690595123	1.1287684820915849	66.70292070981684
0.06716100762183211	2.104839571843902	66.82699532050934
0.03522252888859222	3.037471515790432	67.04087179871445
0.06242295213381006	1.36979636090903	67.27686946115955
0.1380361544718035	0.03600800965991567	2.136107297505061	83.60788666834624	67.13672318563205
0.05591507164683223	1.209470684057003	66.65501403245456
0.06896133328306583	1.6439775997950392	66.89256928960707
0.04444431011603985	2.4073673483548	66.86440178669046
0.03450120367382021	0.19499932179191393	2.059213458513965	67.47402904635025	66.3867879985842
0.06127397799466312	3.783252022561581	66.54734663354559
0.0762723893703632	3.9156816244769144	66.37959904970106
0.09620954286505538	1.8241550984165722	66.44382295857842
0.10481140284324422	1.5728950959521963	66.33386195380989
0.055335380335837896	1.0630169201592596	67.3551330964338
0.09021365435218795	1.1139466619900744	67.00720243411348
0.10178816685181133	1.4653049468779142	66.53583768381439
0.04962964780794954	1.186365822129815	67.02386892873574
0.07438874832588152	2.400485775786305	66.42548985902292
0.10050221144805509	3.5936536238825414	66.24408226387939
0.07090961069034685	1.5560402703153875	66.99386498205196
0.06747899270058438	2.7059928345316524	66.41133749579646
0.08457203801221172	1.4756365000299867	67.19490444458638
0.08396057024587149	0.7668676752894061	67.2257791425416
0.04183802432812648	0.5123632497134563	67.84832812124355
0.07462174366398931	0.9839476581960811	66.63819521645436
0.05611293979993778	3.0674942635279154	66.35891934685917
0.04773859883389665	1.613210414680126	66.6069720767661
0.11748098850178669	3.3959379092837425	66.64034723227566
0.0643649920148779	3.8592149040219854	66.53335974243666
0.11091390134005082	1.9066350719970309	66.23293368088476
0.09356373145152518	2.018931239577644	66.98471786233031
0.07183121701272015	1.8509378955684443	66.46854177770496
0.06879418332441656	2.7102864183171556	66.51965628572715
0.11706796482212146	3.0652403204249907	66.36982783605768
0.0960888428837713	1.1655318501133458	66.98075883869437
0.07824460710157963	0.09077688537618148	2.731650017208365	71.23675251387962	66.42199760025062
0.07821930995362746	0.740137335672562	67.28746066531697
0.060452114193433416	1.0040793091700095	67.48360018290732
0.09661570232236523	1.0040042000702174	67.92204455034174
0.04838789921309153	2.2367195859913642	66.22800577610644
0.04262461939312782	2.9023313638215114	66.26893703454395
0.13042856311136866	3.6233832224786924	66.3066362560719
0.07198896516461382	2.8479554603679245	66.94038233575023
0.1177232618959103	6.249228321517796	66.22979414722212
0.06574746405073797	5.322347337304765	66.55251551645087
0.062360074335006815	1.4010449276174508	67.04291486163679
0.06989955261160401	1.0303813231211174	67.25251612940046
0.03590916802461412	1.2925200446245861	67.55369812041226
0.09124632652560452	0.9011666315343116	66.84533467865643
0.08514394097170355	0.9405870801222332	67.16874880071258
1.3209583893666965	0.09948670228925957	1.3099089360520875	84.18500378397228	66.93069714270916
0.8034259266597864	0.052083746104703045	3.3665252050164667	84.59977115028252	66.40328152419094
0.09196034973707046	1.150058755670568	66.64387180518081
0.07207081136728931	0.9439901387501676	67.43542091922606
0.08400443287779785	1.0729786525691138	66.80864375789209
0.10463942735465347	2.2828793643642773	66.13156965034956
0.06999045237650096	0.8052701492840926	66.71236548516
0.03589338702670164	0.06878150537593096	3.0650848574105343	74.57437122844559	66.31406189450956
0.0715032666245444	1.110546496411733	66.72854046045234
0.10963245124714187	1.2022664406475216	67.27345177272922
0.07087744579606851	1.5256559277115882	66.6132638048003
0.07497691453169067	1.27608449731249	67.00151458787201
0.0686813444343195	4.9654004963108225	66.53250980802663
0.06761226493834865	1.3011108624962158	66.76539846959383
0.05282796630759678	1.1029315995488436	67.0737540283641
0.0505454010335281	1.0995206524544325	67.1369044033742
0.058204539383191325	2.5481649491497023	66.75494072865453
0.08637138884137534	2.893027220148513	66.41922973637533
0.10070036884587101	3.210279379476717	66.33193078244015
0.07341112057837132	2.3937673622793723	66.41770271314832
0.05813046564010545	2.53074326949211	66.57682444112132
0.05568462440335304	2.3196071008688626	66.78664940316075
0.04233273201652133	1.4555569197278044	66.5101964790137
0.04961101697851798	3.2047025817856065	66.45061450654875
0.08140079168351848	1.6411234396517054	66.66492023641392
0.048665715240630146	3.8691073727241307	66.4380622907474
0.060056889395839294	2.180910899893122	66.59300866528629
0.09297196707476162	2.181491788869086	66.35571311067665
0.07332291398682338	5.160461314654136	66.25640850029444
0.22547966040055506	0.034340354184953945	0.1700785195500897	5.211535290013375	81.26194859780486	72.26861694485476	66.24738455992996
0.04819826902293002	5.171645166206412	66.42853816246296
0.09445355350378946	2.774608427303091	66.62321262352582
0.07476786631733127	2.8923684638088902	66.55744735444307
0.031782806377580096	2.2965409252479967	66.43279807791178
0.04913423423538677	2.0793536534596333	66.32389631791558
0.08058899456432189	0.612905486333737	67.2119032444209
0.07969617244057187	0.06936028116652639	1.6871588746872845	75.62084577404327	66.80346118556191
0.06515157081507822	0.8152249036067707	66.63317153928105
0.03201810974701733	4.0072952557020285	66.50810429424621
0.05661711974613866	0.10371787717694497	3.610942370279767	71.7209034002569	66.26421231547828
0.07791484550247674	3.201766745594504	66.66355520342266
0.026919165108283596	3.957242926825596	66.60104747500472
0.039302600681692765	1.8846612364233477	66.85663355675561
0.10009432127933045	1.2191498969575085	66.41727152050639
0.07288624835031267	1.042498251824723	67.14712360026886
0.06575581591887421	1.371867721045366	66.52801075660066
0.07924228147122221	5.385126432767021	66.21413310458108
0.4269330345061457	0.03727213065455847	4.1930892271284055	81.6139396494918	66.26610177691322
0.7817400392786706	0.07038616199645516	2.8680441868910123	83.5476303122132	66.43821756420137
0.06289289705268891	1.0913785437625576	66.8845626379847
0.07493420603332102	2.3229564163407286	66.31598499001352
0.05035563870314471	1.7724309756408665	66.6273247714096
0.08073290884930033	2.197611808145708	66.47916979777172
0.12670580199244846	2.8799504021189466	66.66149005394958
0.1013196940292152	0.5610115300110067	67.05822243183587
0.03994433431544826	0.9773296565183275	66.24118496728838
0.11049281118919246	3.0659337990354443	66.51694852960024
0.06341845274261579	1.7354438915465304	66.50788804126198
0.03939546264619506	1.4671723460825907	66.69406020277138
0.0719619344793795	1.473958579232831	66.63856511837058
0.04794789905337537	2.5666217515740697	66.99303279203286
0.07717291347648793	2.8978199931477793	66.3879137619489
0.0758896022062639	2.6640393545369614	66.55088138189595
0.0761994817050272	2.967333288417291	66.77419402252819
0.05528636572242281	1.4008568970201296	66.69072782405964
0.08221509890221071	1.1495392978027947	66.48323121622636
0.07473513299579154	1.260049735178123	67.01842683047211
0.09026153285483675	1.0654865109372678	67.24765513896574
0.06962252802962537	0.19135984838868103	0.7020662334572187	68.80604328589321	67.09485924560336
0.06668818427074909	3.2137331048217646	66.39196991123399
0.04333959416983076	1.5561216179792	67.05532069454172
0.06802668969569725	1.2218595019747007	67.08835510094856
0.07573207464514672	0.09618069293704248	2.0945947457068987	74.78626805324231	66.30957250725172
0.07310317831368375	1.2472427745813501	67.14064910304445
0.12702997791647097	1.1187426248137302	67.19412786132241
0.07645060331800387	1.4972326563900844	66.49421818034357
0.05421811077574945	0.08561127087345048	1.2049711387477173	72.8970282952743	66.90696436723276
0.26220338878457417	0.05073999090576712	2.2868561513239394	81.23510559229301	66.5485786709224
0.24894297487775505	0.04234919544034465	0.5895668857233309	81.38438962389036	68.11970050982156
0.05654157271850216	0.5460597139127518	67.6576665390894
0.04341654974880513	1.326390231383051	67.20560579736569
0.054952330150429086	0.817807031811207	66.77698300284096
0.060229210619947696	1.0998351733350344	66.58996754702031
0.12258115900537916	1.4613167774919704	66.86329658930387
0.4538886147157842	0.021499244161400612	1.455087374056865	81.47020319524161	67.19482440386518
0.0743096287968191	3.742429920564766	66.35760300113897
0.034165607411096886	2.249947661597959	66.65376618627404
0.3157132801118417	0.05156726315379663	3.0460619865030125	84.35726248024997	66.63945576287145
0.07952021278063973	0.9890713266330272	66.89790671085686
0.07621218129754459	0.03749611931622728	3.7207033932395084	68.57416617982398	66.58009547668246
0.07865866836949616	1.7730788652586125	67.33055188420975
0.2994786910790585	0.037392602059343465	4.13057308401334	79.53225239945276	66.69831080353474
0.05491153158846855	1.663949848035216	66.47530523435316
0.15763732036257178	0.044084839453142316	1.4618610993214676	80.7402856242604	66.73605055305039
0.10779482660580286	1.4801080074544257	66.87371005186994
0.06915264233662911	1.0798818498634863	67.2803157874382
0.05826898701332446	1.8609577320453816	66.6120243593414
0.07780672279142363	1.1290948589989906	67.12501032048925
0.06736411837749162	1.5008039683884598	66.79477273251348
0.05561515082340605	0.6403992003778598	67.35672959337708
0.08042346058968695	0.5354446296892753	68.48574217970734
0.07132924140130811	1.9759705727002812	66.51025746439818
0.17864500700459218	0.10045967786010296	7.628760762636403	82.79795104908916	66.17050741010911
0.04820414108270902	3.3289712037282007	66.30977882858157
0.046308479069818206	2.2144626142001185	66.66271350892221
0.07680464288672129	1.1272770549559625	66.69121576536264
0.07243472539332499	2.8774924167667812	66.34396604882404
0.044826937285207785	1.4424378396460433	66.56724525372782
0.0681706999634958	2.5926917843599315	66.76857667297239
0.08896527058966752	3.474986770138127	66.50008497582583
0.05453945534855875	3.529404783723753	66.14873071978866
0.08015742470651692	1.7777485498272971	66.67454867596538
0.06899553949849052	1.0918445941503503	66.97237266617597
0.1191872622322196	1.7736348438249745	66.81393677994419
0.12158652255647937	1.9610418709754858	66.50037447846181
0.03938298545089824	1.0092743415857273	66.77114644305036
0.0896019982604074	1.6790579700663897	66.50032353609802
0.34279829397350026	0.0486624031698969	2.3434446311205916	81.69692240196015	66.57727187454672
0.030200190323282708	1.8709411468831345	66.28693783268248
0.0589771541240167	1.9400713444688578	67.03488899981204
0.042147888429633566	0.1654937556503623	5.359712908740615	68.71567671777308	66.42059265995678
0.053023494983418185	2.35755604162086	66.67535079633247
0.077685610928025	2.6172442208472906	66.35980219028954
0.08816329660706056	0.9079063487281692	67.04211065508942
0.05234090390011639	3.4674217363432325	66.16044394117428
0.04659914299671064	2.7912240593850774	66.52597507082929
0.09197286466887888	1.9756090938754753	66.62539881388197
0.04229290476642379	1.71543261568956	67.11761219922518
0.1020233398267915	1.3233009554984594	66.83934283659536
0.1106514244074555	3.482198174337342	66.44302999643595
0.06085152349799545	0.0768225699660123	1.2710094483806522	75.97481200716535	66.73516342681485
0.0859811065926877	1.4445171598123576	67.09923271521075
0.11399128937326398	0.4246121831556132	68.05352768892145
0.06528830322045467	6.633750725321797	66.22011593960917
0.16117993042859796	0.013762061970347492	3.5164648731618335	83.33623720218782	66.3693943640993
0.05502247448913971	0.05255404182868334	2.218979272226438	71.48904960478335	67.06029784804173
0.03477979042271701	0.8480013191276095	67.19854399805685
0.07187763556368026	1.9655952180521947	66.94278604472117
0.043675246892515535	1.8779434571547178	66.37348894715632
0.0705898208694439	3.5044067920040556	66.24293278599875
0.1098355175068734	2.0842112747511266	67.30749950283376
0.06867918853685562	2.0637153480015704	66.4441504415662
0.045039679369969644	3.4027424001637225	66.60056073407424
0.07673129669930043	0.6718360932977196	67.33064386467534
0.02865171437390922	0.8489635881759398	67.05276326436521
0.08571556234862046	0.8382894124405726	66.85202175047826
0.07188074078221182	1.2036282678783188	66.75047124902291
0.06895273142645543	0.11356665344686741	2.5567244602368464	69.66882871052431	66.3355874661859
0.0587971231723583	1.148520543638538	67.28396287734184
0.13609272999161717
0.1121586730262962	1.1323435571765834	67.59179082091086
0.11041638860775095	0.8351530656340922	66.43266062957532
0.025870335160554158	4.560651971804462	66.5498723031988
0.10382503847256348	4.443511892943513	66.23268651156333
0.057227818198214	1.6493378827719802	66.62281060256228
0.08078698726322568	2.204630491511549	66.55077215353873
0.07347127412710906	2.0263654760914185	66.68757493129314
0.06706105371294696	5.011696517855953	66.31386308975694
0.07312941052710585	1.860935267362131	66.81323822959102
0.07848498269186997	3.982714107440628	66.61658021254992
0.07828048970243062	1.3311689577155674	67.09487163547816
0.1266848956704948	2.349947350054316	66.75225481079838
0.07652979852992664	1.261210364007232	67.07284410340947
0.08566630589672503	1.0909996456760236	66.93000053456382
0.07196421323262328	2.344312557210698	66.43695456828458
0.11232066600972988	0.12141415519446638	1.5650065045625277	78.45130475892597	67.14161053820096
0.087621618215349	1.1183623324033476	66.6575254752083
0.08204863009833409	1.5006005659099617	66.55900207142768
0.05497834638122343	6.6041805985980995	66.3012517595659
0.06207218156090012	0.08960719543542751	2.499330640297081	72.32874418140361	66.38454035457674
0.08072541145014145	0.08754509625256722	0.84924852346526	70.00520780550792	67.10250279452195
0.11686647574251922	2.03461248712501	67.05705667159027
0.14677813542523996	0.05132910759363127	0.12682118667959327	2.025518733000013	77.37758426891595	68.00959565415351	66.28861284583829
0.03007564532147056	4.017806466056237	66.38784925159946
1.340251077649615	0.12123196684335032	2.9915561898193794	83.65940885977032	66.35010645477762
1.3500178234567863	0.09544143262822347	5.807368927796874	83.79486778352977	66.28912154696957
0.8573865088283981	0.04302050703300736	3.5190817301734967	84.35341544538284	66.13738068362875
1.4420074133970129	0.054026035013170354	3.7008532483809624	83.9581708736518	66.24550549965441
0.4258693285565071	0.06580592564687052	1.2880963499392792	84.07327294497789	66.28509074497266
1.8564653805299522	0.06681819667184734	0.6908074142659171	83.87160712621456	67.30350345779502
0.622258613647845	0.0720702759140816	1.1199114217178852	83.50820522187063	66.59296105344212
0.6702151691676441	0.05584834956214159	1.22952833271159	83.65915956194623	66.816579057949
0.4730284934648607	0.06128049602632413	0.8900606030281847	83.95861889851113	67.27763281452457
0.4607525175781948	0.08171764132096243	0.81760947569352	83.40628765720257	67.09989863637455
0.34056081695895996	0.026409095175210433	1.706241426857087	82.94123286556118	66.69433545187493
1.9880407900403188	0.11305191998087295	1.545067758355617	84.05889760332514	67.20061668701814
1.4494807470329645	0.05684974422777425	1.7188625691015489	84.2817641315647	66.59422275428778
1.3013242267076415	0.0813635388117196	1.7281527366388378	84.298867535787	67.31537244900396
2.968958236484545	0.12482305555161999	0.8673783318488302	84.07650757035326	67.082484925526
0.4352857221269063	0.05555355995179542	1.8853651461849	84.1475911495813	66.62593221808498
0.05868092280303586	0.2511283805984086	2.2165662961259076	69.26284433369267	66.6641852835774
0.047412539316311564	2.21179984615795	66.66702282097998
0.05663981600624537	0.06974683271979122	2.8677321821016943	79.7354972857295	66.78795071448293
0.09502017026279476	1.9641240653459997	66.92872598372394
0.08805631971318927	3.6869501394968003	66.19684433129979
0.1773272462908284	0.08934932171746074	1.4767177907192075	82.6299587911718	66.81605051980958
0.07775575613862314	0.8090725224052526	66.9477303986733
0.11101610871689109	0.901991221558918	66.53552507054975
0.11082932807074986	2.85825808865296	66.25429733783139
0.14762838439732415	0.0667807223206818	0.04573120237636025	5.0552279873628745	81.75170949815761	80.66069154662925	66.27719251049037
0.0633307463957313	1.4947486256274454	67.43096102879656
0.057098007657153386	3.6039968764344024	66.28311313162105
0.07144904571030344	1.0996148357722308	67.32736850111797
0.036371066539060914	0.1622240927700956	0.9452547257193735	72.06161404285324	67.48847197983014
0.07047047443823892	2.279424090894462	66.34788252568941
0.09373767355490713	0.7254850209988811	67.31998831861405
0.10266535361090978	1.644513458024694	66.53498978387904
0.07445218147154796	1.0886785563678676	67.07245901499886
0.07806711601954738	2.0978112805678375	66.50831620301545
0.04687236205836224	2.791863782815541	66.90722299124569
0.11066888520023999	2.3284373473520725	66.25601909178393
0.10105437768585789	0.7633407256113337	66.43990634157201
0.07774559685988844	1.731503192064055	66.93395461560318
0.07358635547921331	2.5740941717337176	66.18493410176283
2.386377014522113	0.04892371192335499	2.4190462043111176	84.30573572893672	66.60331079994886
0.07118814370566395	2.8754970769449324	66.24762153531698
0.13316873163189868	1.3344403137142038	66.51527615864988
0.06702971972561711	1.251353481777715	67.09857885214845
0.049494245259288396	1.7190848631476665	66.27243276744524
0.07699684384459152	1.9251997087068142	67.03649266980926
0.1544451201247064	2.105613461524495	66.56461854497843
0.07726575517479979	1.3294724797339421	66.50630620022518
0.09603613377827788	0.613827487010767	67.64963350290685
0.12582053587917608	0.18740227455939953	1.3470224317959543	74.00781248066008	66.7477294003036
0.08506795767548074	2.277964836334689	66.61781393032906
0.08999588520527887	3.679043430735094	66.35329818716106
0.0993522745103965	1.68310143553788	67.12773923083833
0.07533351814830554	1.8285463395904278	66.85081797146589
0.08052452377785602	0.3032273940244082	2.230437476886107	68.11844019359987	66.28304694459523
0.09058818706613035	2.181284499280978	66.79570978227193
0.06984542778258784	1.6116671633834136	66.6230214030963
0.052506928042739286	1.4388141345173586	66.99723990336085
0.040834960677789425	3.2942090213613917	66.69733854616122
0.060100042629740905	3.092160234812719	66.65326407641838
0.1001568406290999	1.976141130044578	66.65245985741517
0.0758641011296393	0.7568899307966421	66.97726094449482
0.05726094684044552	1.21539087816757	67.13878381966988
0.08436932806522839	5.019094248142415	66.53120092166726
0.054747416912810425	4.256398277122653	66.39128177155922
0.057567923638525	5.795640331209646	66.24740373481099
0.1477118154097567	2.941282562992248	66.32713689695838
0.06752105131443836	1.0527354477262671	66.33981885089626
0.04119212577738077	1.5145061593210616	66.39828195851784
0.019459941407909173	2.2094904544846083	66.49245712320112
0.03112053495273378	0.04125829576937506	1.6467314936672408	68.71692692936055	66.95439445531586
0.09486884013595462	0.04627284809288916	1.0675700419491385	70.10953628998752	66.55362664621836
0.053790118343681845	1.4718179946322778	67.11912612701238
0.08824963294925928	0.012128738637548911	0.09255679715834728	0.7874285766893613	80.10537095807472	77.14648565970715	66.71298998348965
0.07139427642410755	1.368816700557158	66.79826934131994
0.044260222321168434	0.7351868132008307	67.59651576528077
0.0847719255248794	2.6805870498085373	66.56202394730829
0.061861107681467783	1.5908249379374975	66.97427015990222
0.052247397187810254	0.22485808520309528	2.4754376722991016	68.27188734003693	66.48926447215837
0.15661940870034088	1.64276644520638	67.1828635264497
0.09036374175379662	1.0493869514312744	67.04186315771445
0.06249518786900727	1.2824883641112232	66.68649765843796
0.11916170402629922	0.09465666280826826	1.2408407812084619	68.1227685429264	66.99240049466745
0.052579037607335774	0.6363230914752018	67.05251284223738
0.05606783356007055	1.3510127685845417	66.68278277464309
0.044254810068872476	1.1473886225090126	67.19657460990753
0.05904702411223753	1.8588941277184108	66.28569272686724
0.0244737169947188	1.2069726341694353	67.21881682570012
0.07737397553837172	0.8715791808132505	67.16689941651931
0.12620397459570584	2.252442300546869	66.73085954488698
0.10691463835607101	3.349067627127846	66.09889577937936
0.06445519363106288	2.1669154173370218	66.51829477066235
0.11029181817807664	2.2347293204179888	66.74682144413086
0.09486391093470696	6.5644674461900046	66.25920964831663
0.06186088193774182	1.673334973353086	67.08758052891515
0.1028454297448132	1.3539591002602411	66.64067591648255
0.09064312944347631	1.788734216662275	66.78093595782951
0.20770706147925858	0.056657772773701716	1.8961919847283686	77.02712043107731	66.73713148340268
0.07310445908569639	3.4531418568057	66.55760475441834
0.08144787785851683	0.8303763795675267	66.68042506916973
0.06699063543932539	1.6091249289476246	66.89978448034812
0.04819551728948774	2.157068637811494	66.88306759112312
0.07040674284803718	0.46074601941685533	67.77982447418545
0.11196295912436521	0.08529377447228677	0.9804468453520113	82.3955296871633	66.2948608682304
0.04624508064977455	3.3302701405686244	66.61708416798302
0.12471997740284849	2.280347352435173	67.02688204349647
0.06362574214123456	2.115316139205492	66.50675386345634
0.0875203438590441	3.6179152545525275	66.3288330335198
0.04935644947370671	3.7391325082409717	66.47974675844713
0.0626951654332231	2.1176436927696294	66.61689133695953
0.039924159470691306	2.124298224536059	67.12536597997452
0.09679476658063266	3.3430876532592877	66.65966596629262
0.053275695974255535	2.991734514470501	66.76153921905502
0.0716684781644769	1.6148081596805406	66.5366911802377
0.04175489592471738	2.7049597433376515	66.56900751253272
0.060681267831964716	2.2171277147658843	66.87022879806516
0.045199381429490766	1.1871747847713385	66.9821558027834
0.078288352091121	2.246819444567346	66.3291217700643
0.09431988437980501	1.6287247043255901	66.57956328963395
0.042762187634439355	1.7774458618775677	66.36901268594232
0.04549570766013139	3.73942399934476	66.23514114733031
0.04366779032464358	2.3024809562639965	66.7112533599301
0.05703535634576374	1.380892046698536	67.08729537378707
0.05699030469824598	1.9586379811095531	66.74508281677825
1.687507069296343	0.05505592566671958	1.449148048463467	83.38533332479767	66.63419742014526
0.6159684641091905	0.04900034063491334	1.0224039462733585	84.13483279018645	66.92253880040587
0.5421957800436991	0.13476445294971298	3.386518086943097	83.95016571047155	66.34972666721349
