0.21530554629397008
0.06851198364084113	0.23107306592652244	71.51110473562267
0.051741930020180175	0.5299511520102191	71.40388265023323
0.010875507016817346	0.06736859526201247	0.3683283437457519	86.10597042599615	71.53832892058857
0.01975348535227132	0.05633181573359379	0.5219387606815171	85.39992448130127	71.38332642151829
0.04406127653499295	0.40500230227538636	70.91439124191434
0.042584571623787856	0.4594972078534944	71.32650381231551
0.052068450340440366	0.554161495025478	70.93876008440195
0.04498849672443651	0.5339863142267658	70.98763934291658
0.05477844563041477	0.638971984085547	1.9405835591111569	71.47012336707195	66.31429643186739
0.04464665996338411	0.4699599020195459	1.2189872172580418	71.54120344341874	66.2664317499199
0.013921016841871272	0.055861317231279434	0.504429684874188	1.9542262980449212	87.24733969914828	71.28191286803506	66.6776018008792
0.008868328486178651	0.07173565425127432	0.05937546642656317	0.533745386281779	5.400570598430447	86.08578758433615	73.42907683839964	71.33457379554436	66.1567003501635
0.009177735111898183	0.052891660142443786	0.45759113648506566	2.8140319819574806	87.58297880054259	71.27223757137585	66.1567003501635
0.007290669315527991	0.08361251397203316	0.3706722283921796	4.866290487013943	87.16962881010154	71.08240134758536	66.21982255432275
0.009619412115583849	0.10104546197600696	0.44490268550103135	3.9923806869643044	92.11064579287287	70.80697828632067	66.1596931776531
0.0026564869268002247	0.048988665566884616	0.4794261982734181	2.6387138517235926	90.98641099905086	71.62068034874925	66.17989552141495
0.014855705454059369	0.049287940743822235	0.31852735056193154	2.988820772336093	91.09643821000178	71.17171469844804	66.29119192378336
0.04320207864992076	0.37826508370295925	2.700114853363376	71.53659926729122	66.20150098674046
0.04505102969546963	0.376128492033535	1.8349537391176431	71.1596082201581	66.65004975124874
0.06858169566358607	0.4000686774287065	3.5637206159245562	71.24944415864806	66.24993324755975
0.05528218094395214	0.45639850154139056	2.0674131340361157	71.51596127021219	66.50834772716323
0.04306815583483601	0.31906426499379376	1.9047029898965189	71.65757486733217	66.89290436183745
0.056115987436676264	0.29743831348365296	3.725947914600555	71.769304071187	66.2293502330405
0.04789272398129404	0.5477200560746233	2.7474918809051454	71.20375305042407	66.1735059860082
0.05564407836977883	0.40650957016296907	4.636880029290421	71.21841652067354	66.27284856061786
0.04715046251830025	0.43109155338924693	3.090235109133359	71.36452638891113	66.31804796377995
0.058555492806746746	0.37581572372535904	3.5359173457597444	70.81807926669556	66.19085813961622
0.0823498171933318	0.3569682113174791	3.3432868537015663	69.94007519688026	66.1456104018236
0.06392360901190128	0.510068114064358	6.259422215340966	70.94558244257189	66.09658997802532
0.03973554272227476	0.08568668691351952	0.4680380348911151	1.551059806796173	79.64888866008428	71.47856471437838	66.3965600504776
0.08431383612213685	0.31830813117191176	2.4560243556979824	71.19858160822956	66.47045476184088
0.0713958538924169	0.4149621953523105	5.358568287422425	71.24218314405041	66.14919731501705
0.043119034856767095	0.4769108193985931	1.354975153321348	71.63769000986346	66.81659234468444
0.09582575783175615	0.6581941901704879	2.471073412434026	70.93889730386977	66.54298900002449
0.048817819843218195	0.45363679011217395	6.242478395679296	71.31415756946772	66.20539411822725
0.0672911853322214	0.5466637110722574	1.6570611572261855	70.93697606832716	66.25405268789143
0.028624178909284006	0.10651860163828876	0.33961796527794336	1.44547772086157	87.08372645050962	70.77977473720246	66.44835088020855
0.04815976201490919	0.45090970519439244	5.04220032643001	71.30570947711618	66.25887135112531
0.05947065785434318	0.39985125373868097	2.7738775327424747	71.2269182238605	66.22992536529733
0.05769112136529964	0.4021455227386698	2.359514434054485	71.65259814640447	66.45042841988378
0.06908180162023221	0.4887560364731324	2.7074096330852346	71.14161890038662	66.20066842434017
0.04614005522589707	0.4066836802613892	5.10312542489227	71.25079919228016	66.14008444578809
0.05301883699496297	0.29971576459560145	2.969328581067424	71.57494396379657	66.2255817048644
0.06864911775131861	0.5256806701754421	1.1411099890655123	70.62049371093609	66.28840089315817
0.06213234278872616	0.5182480156798805	0.8319590367342514	71.3061525674626	67.43300852825567
0.047801563305209724	0.2838280325246835	1.2514799440815416	71.16719786546453	67.41527351884059
0.06988681630168875	0.3351824348180183	2.204159428601674	71.29575549713665	66.13199381766638
0.039391460228655924	0.2925083492296823	3.176375413791331	71.59493150402514	66.25069811564464
0.05029340700173378	0.4951284264927461	2.334699199481615	70.83248851372242	66.32211503931762
0.04938399959613945	0.5313183781336057	2.1611311817668066	71.31890498151624	66.69929435843952
0.06361312862607348	0.4717022561753898	1.0761867042465887	71.52277107588779	66.57639266188593
0.06581150675861686	0.5951198697066699	70.78063577777283
0.060293495346961316	0.8293679576928662	70.63131380906057
0.05929903399266292	0.428479129802891	3.717897342020278	71.33130079364366	66.35949033040484
0.04365673123634003	0.3482041219286338	5.93060946023027	72.20059604532821	66.17407291503612
0.015850201298924678	0.09073710384505994	0.4376159351905053	1.397370553664561	93.17275742995201	71.16073358926344	66.20401741626509
0.04831798387391599	0.3752690611920964	4.667468088844022	71.01272773482842	66.16405023092653
0.06365750440900823	0.5394756589441074	2.4545641170007118	71.2273405799894	66.39945391562486
0.061725988978312996	0.3793153734108836	2.1705898322286528	71.34015944861504	66.4499338166175
0.05446096326914376	0.412090998573522	2.0253067732684333	71.16020087560592	66.47128107447168
0.0868614502970325	0.4250966642877367	2.3830744631631497	71.05747341007988	66.47981581400313
0.05455684533711387	0.46239138570394817	3.7533059924846883	70.73240033730288	66.2208752055487
0.0665662154079398	0.2784556576623378	3.2439020368424214	71.05959843019518	66.20625993941344
0.42920025207295154	0.06455549207125169	0.46323729915855627	1.826715404927182	110.48055834668635	70.93783904069493	66.11419660978451
0.04566497120619092	0.2638021400649859	3.8697301853155364	71.21647973529484	66.35311231718845
0.05463888474437978	0.3041363374777733	1.313200745354839	71.59731544379025	67.01671183609848
0.06395558841925103	0.3651884732852234	1.8336118546684417	71.19239823394376	66.53652072056498
0.058795035714093065	0.3033284597815968	2.5326541560960996	71.35704156529732	66.42861896286314
0.06466545919678224	0.577571756109923	3.9165395319165337	71.24441225793855	66.07134858685085
0.045956991897591754	0.7551456574362692	71.09413903041286
0.05074746743578792	0.5138886854404517	71.25650015341556
0.07736706646080307	0.5156335201704302	0.9813890301552889	70.86205903358467	67.62876645273396
0.050641113599594174	0.7755155155766491	70.99752564618
0.26968505246813573	0.08183852916763085	0.4558080574848394	2.092580674918565	111.07383058122262	71.21883404092915	66.14253855810148
0.07732516877649419	0.42501771194963917	5.423749484829087	71.06714807451054	66.20229648144398
0.02292464041974455	0.04579541609302979	0.4524533438422251	4.751544206010492	100.6306479973407	71.508645027011	66.20229648144398
0.07072084438052749	0.39831349099653474	3.1716524912011557	71.6182182898603	66.20229648144398
0.06790173907992804	0.47575459498241773	3.8738158139730774	71.55544219316079	66.23925709091392
0.07154159096375519	0.34789822312076196	4.456249489962557	72.55514785847701	66.26233455452375
0.04955858310510797	0.4769289856117298	4.739777934842884	71.12202459056799	66.22653500237244
0.07796668819678745	0.33666647347863843	3.626997719998696	71.2072216630049	66.2952892985723
0.04073637312096873	0.44737344968363146	2.950745721966144	71.40641073637991	66.63712485691761
0.0921156220193253	0.09266793383886827	0.6667311486309349	4.003272517344013	99.090225895658	70.60575841766483	66.25288536980277
0.07143094240325205	0.5110685164336878	2.440051676453921	70.77310501202545	66.51807307152409
0.07428443835739397	0.4084489081830465	2.8058887118985862	71.23118207987389	66.52310646545692
0.06191838845747295	0.45188839671535286	3.2501936692164315	71.29029322975792	66.47694468272522
0.07865117670052063	0.49624118630122943	1.8797742156160075	71.35030322846835	66.7939723045677
0.06582720443928486	0.39806041170657863	2.8509161336088966	70.99195458869727	66.22501871305795
0.07319753614759301	0.3811443890826315	1.7387120638536513	71.70333897932322	66.48289653525123
0.04094362718191165	0.45812048701552444	1.980979581663809	71.2980040175278	66.87866825897346
0.06474559629393234	0.45419692534997935	1.225184234866041	71.24884770099901	67.08649812035915
0.0474534694069686	0.41025082480754343	5.219016887432111	71.27793678708666	66.24421549636466
0.04982865912318524	0.4963092601242961	3.821456041090936	71.20995242112221	66.20315055756393
0.05966371697789653	0.4614522858946036	6.130485400156339	71.08382223679357	66.15895979525708
0.02527948683552229	0.07826379967966508	0.4074346093982749	2.4904107894454452	90.57668331235685	71.4631034687623	66.2076707614731
0.02165534231131965	0.06519028970614224	0.4072821503601569	5.729083697086541	87.64592738385525	71.22369576086432	66.14102462059788
0.07924390601628133	0.563080784023112	5.5923237242302815	70.97522600297161	66.17824632862794
0.04596173618556126	0.44219186380527903	2.253463984639882	71.69226187167062	66.25839639391836
0.02506856041810886	0.04020703799008176	0.41359676478340307	4.897837844643121	87.00816114097394	71.1988015243129	66.12543639142181
0.07045092463609064	0.4790513590385347	1.903880490624365	70.80977419156926	66.62568606222996
0.05329139503665739	0.4121899920598639	2.0529453198441563	70.72874201794762	66.64468986929761
0.06204882054204341	0.6257543794170386	1.6846399357794917	70.51374918904546	66.87478969077691
0.0639311990646269	0.46145816358580743	3.1092421979980727	70.96803406539783	66.12544122299265
0.050439633264098206	0.4198161837745845	1.8877765978626426	71.13046846965926	66.35607912333468
0.03372470312645068	0.694053271386985	70.7384571799173
0.04379733518099976	0.4209333933914681	70.95474763615897
0.047657750479643206	0.28906726163564217	2.1450274704526215	70.75447617380892	66.77020458561826
0.0937725715857737	0.5281957798174333	1.5681746744454301	70.8457454102299	66.3872776111591
0.05029207821411584	0.3200028857482957	3.371036364696019	71.1385047111602	66.44191480241265
0.05048168660308298	0.3017596317309771	1.6322721175656394	71.39678354396926	66.68059234820183
0.061343232651312564	0.7123167662754265	70.88749286126829
0.05720965204334314	0.4599475799317923	71.38216120364591
0.07238167959935711	0.3405922376926273	2.494163965300506	72.04709876095507	66.19209119289903
0.05099315026062159	0.38801689067161554	1.222913275055708	70.7775285280041	66.95908412175308
0.061523088258024494	0.3735694185900833	1.9741528735046634	71.87600692881352	66.25696997832044
0.038412401568321056	0.4086757921078183	2.7619065977138213	70.79531378266178	66.32685019399894
0.014634552988750433	0.06466659970310425	0.5769905444930529	3.943425908578266	97.71050743702463	71.351687928785	66.31634629943404
0.05626014942416571	0.4507152223573219	3.950567426100718	71.0665478718544	66.1554271177179
0.031940408807418164	0.036189177658896135	0.556867671082421	2.9774989066271096	103.44439010712628	70.8774612596663	66.17887605586746
0.053438066722292246	0.4458207774048721	2.968185853975302	70.81021434205503	66.43802111543569
0.06957221744728175	0.34841726237634063	3.616347207434279	71.68080453733717	66.20907178506403
0.06670155299865728	0.4312199582515976	1.9660364293880417	70.99874489382165	66.34794996231903
0.05187168761035258	0.3578144839335458	1.9697420330924056	71.51354206938396	66.41539543964059
0.05401303156166095	0.5829415937110605	1.9707101282181536	71.19012661075885	66.18364137134584
0.04170995234476741	0.38391864986129964	3.1730902520934556	71.54619543599539	66.14162282682511
0.0365890887846621	0.34769986106860523	3.285778242087209	71.4525495422498	66.53329556671943
0.04977316134981797	0.458443393406139	2.5317696811761574	71.14811323555944	66.53580032984534
0.07436759224882719	0.4019791708901216	2.463948854156694	70.96169910663721	66.44931354742336
0.06176210999131839	0.5492637064713269	2.576228939779383	71.36423148225576	66.30645804636768
0.06028490780282972	0.30050538789393266	4.543519798306103	70.68762831016082	66.31394707605426
0.05983876433281862	0.40298695402649953	3.219565418416065	71.24894731853846	66.18333438709477
0.053549983229407586	0.6027754367892425	71.34322077066616
0.05301012795671884	0.42542042237219174	0.81034495522786	70.76622719308627	66.69218044092763
0.05817257996399964	0.478138842013783	1.8486480365339084	71.09545114565145	66.7437214399973
0.082391064757348	0.41598563914091896	1.9359662141748326	70.72777354786643	66.42661518144003
0.036861420557962106	0.11978915844493641	0.4251098515808187	2.048312166536901	78.40399591898122	70.68986389449225	66.31997332092288
0.04712035739623956	0.4159830788939002	0.8161004516631716	71.18510532571145	67.28606424910306
0.05684952457255395	0.6826620316594194	2.0161722860803235	70.82828715038457	66.45384410981019
0.04450271712470355	0.4405359781633656	3.3778428554017026	71.45165126034334	66.24795465359172
0.048942538625370194	0.46197701671761066	3.7595814489399895	70.82455837066759	66.23937836551906
0.06833587742908644	0.3783494609021053	2.590389937537089	71.522223541418	66.17732334107599
0.05880775148700557	0.7339470809053281	70.95067238950203
0.06591414129883512	0.5296292365327642	1.4240970379992035	70.77742688289632	66.79628495396724
0.07355166296546331	0.050710709210840324	0.4102529884437971	2.452247504628988	77.62062244785173	71.07964409613633	66.52274584039951
0.06573360234629494	0.48525923803028453	4.357589539135452	71.1534240247243	66.2453083117376
0.060366926568401064	0.417853596860116	4.390322702571372	71.38875162716387	66.49549269383203
0.07367961132120533	0.420361880622836	4.987575447112526	71.28830452690171	66.29472780796107
0.044808357331204425	0.5894411758898068	5.546546766439904	70.95159507494436	66.14750188205858
0.04607639443801748	0.4399306309400321	3.406064987007755	71.31857459740968	66.2062622059281
0.04379195910924588	0.2972875549556987	2.318672041960044	71.81284231930844	66.24522287751128
0.04750296502686517	0.5332711295640217	5.036310997887532	71.35154176221967	66.25530242461568
0.07500571142283256	0.44594938687359204	4.302981299384231	71.0526823837708	66.18316998354697
0.029236692381561107	0.1262488600801671	0.08251023511359538	0.3689636271757647	4.754982836560509	98.84482158495155	82.5443065480573	71.41838718016687	66.41330996926717
0.04190715972914408	0.5067160184046069	3.0052885134713323	71.5361591178248	66.22334395917309
0.05767976306222677	0.5074877621237511	4.043382516276554	70.90253655511002	66.24081499672855
0.054429103406564115	0.43144465201669074	1.9032330125468297	70.8530125164884	66.65773954590279
0.051721323632515345	0.4172178551840447	3.898501719607764	71.4716110265238	66.27884536273093
0.04613765565755491	0.6134993921379198	2.581820748987713	72.12054791986795	66.52478947711037
0.048660886121918136	0.4453369738371049	5.203929969215368	72.03499379525249	66.26571949665616
0.0509231920089696	0.5242282500982325	2.3725812774006387	71.23968491721402	66.09816099754585
0.06318163409945084	0.47802464128928057	2.6305045926299773	71.05114670113689	66.26113303420692
0.05719538684297923	0.5098475460591282	9.624881637060836	70.76550944134284	66.10997020723391
0.08238041534475153	0.6339259908541933	10.658666213645157	71.2337697493529	66.10997020723391
0.039380669792632154	0.4855327334946976	3.0764273552554493	71.38191647235118	66.38213045131252
0.0463535617406339	0.5662339099590543	4.801548267398359	71.26921169917124	66.1468180002042
0.047239269548087416	0.6201577673908648	70.99332501189903
0.05685594250800596	0.5980380399062037	71.26256360856343
0.03421271257248746	0.3533356119956017	0.6710449260420476	71.43199413794422	67.2500601537731
0.04323811951102797	0.6333474810217693	1.8374991888123369	70.80135309656563	66.28963885156442
0.05157881058681592	0.6057738497615015	3.2233306082631583	71.05160328135415	66.20953194388947
0.059726143471189395	0.574736973224407	4.525611768111255	70.88666539794154	66.20414791790414
0.044476701227484594	0.5122129150704663	3.044540851614396	71.17449251174304	66.18716745125825
0.05792271443238852	0.33572086625606506	2.3660661838235835	71.35814041644062	66.28989100806005
0.24961994945899219	0.07301512384617712	0.5551062128719341	2.666118286031241	106.37509315824666	70.97597421521749	66.249937321074
0.06138420116686252	0.3226254013721195	1.4898939323778106	71.15159120313733	67.09534197459746
0.061370157749683574	0.574852354488506	2.152306951325363	70.33194777493556	66.26382874122812
0.04979783988439659	0.5431377719368135	4.580089700854257	70.47342341649313	66.15266406855845
0.07684146872115401	0.08634773495083924	0.5100806787121352	2.8323422348094494	94.52007939128121	71.28593818563373	66.19267569204538
0.036516083968467714	0.5413527799693577	4.323340535239408	70.85461189861705	66.184636337956
0.045044223459764145	0.5002682865596687	2.80292372908043	70.9284145485035	66.47063048196942
0.06400977506392451	0.4726243904523776	4.17990480062687	70.74063325851532	66.18293259298649
0.0817841312236166	0.3730408682203446	4.927486110283614	71.04648205523078	66.19051599698257
0.07897041038060103	0.3201132907493685	4.9839073631512205	70.80260798289947	66.21103283471808
0.06644946430582155	0.3399696237261864	3.148462896222798	71.10856187806061	66.34153740491763
0.05188750783144086	0.36188807706697973	4.550117143386406	70.8563961935593	66.14139146647071
0.06618490600562703	0.3818074524411141	2.8390356606542606	71.43926682229018	66.22293097471305
0.04424383254951398	0.38433150036111285	3.499652544408355	70.98349657735865	66.22350937298877
0.057613794813958785	0.40035539205759985	0.5419585708165539	2.8958375930969744	71.32955911442622	67.81450495927672	66.19817467280335
0.050814548931929805	0.5081868208976295	2.0752317804667384	70.83164779570679	66.9668937770009
0.04606942469275447	0.36203370320530515	3.6143828824321824	71.63574732287334	66.38645813591678
0.046656734287679864	0.3354959839578027	2.7258617790795503	71.27212564814009	66.65035082632302
0.05927365683527621	0.31992673591298104	4.274762666502399	71.22706882700206	66.2130103137803
0.05117623306785519	0.3728006968202576	1.8306160969247476	70.86390805167837	66.45231607711624
0.05307983571709878	0.5435701387666145	5.995363675462167	70.85760714057395	66.13893776243982
0.03774982711056598	0.4415712897132783	4.791642869405425	71.24022718220701	66.22212256874866
0.04984929147929178	0.7266118297736657	70.77784313073812
0.07281881208355961	0.5842987345862377	1.3514716787756884	70.83578528445263	66.43646358439179
0.10420706177034532	0.06809207028550239	0.40269815693711725	3.268166130574958	85.07101075337611	71.7678818819696	66.42881808518722
0.06564440977940493	0.5770506817971862	1.6334282697308924	71.50661001911436	66.40735510439009
0.05804560864893533	0.2437603417916494	3.151250513813436	72.08556758485362	66.22108694188593
0.08183825696181017	0.4937330023177647	2.583615016930067	70.09853306144642	66.25761822694805
0.005224113077766125	0.022423528991503766	0.08489930207249864	0.6066169328179154	2.683306916389426	106.99331159376828	88.66684767537365	70.92503574698335	66.13328375077195
0.013763732490931588	0.07585102469200271	0.32280743556047575	5.060987661339397	89.98246262901637	71.59005844952735	66.20585951602882
0.017936891591851776	0.06467278764231262	0.6088326497268863	1.6221558426321567	89.5508248308882	71.05191154557969	66.4343238969681
0.010408812936711767	0.04363652437433661	0.3942702968879097	4.68466741106089	89.12088370387417	71.26745887470176	66.2144087909618
0.015142684368356656	0.07148724612069339	0.432631676176255	2.262367889387482	89.63772391546699	71.07020035013514	66.57525601221953
0.0017995091564953357	0.06597785115666235	0.33108174110410654	3.2350403208621503	88.2559685830705	71.64942991083487	66.40169442741649
0.004720721154341516	0.05724788391686999	0.46681914680722475	4.213134973776966	88.81921312862198	70.66357931462657	66.11793724682461
0.009956791982320577	0.05275830158702554	0.36842004749025165	2.06600629510395	88.43733392607936	71.0574759493476	66.24227897524946
0.05139874403004984	0.4842545365983864	3.6118946518460793	71.01596056650841	66.10914614193432
0.07930640554185392	0.37732321603502783	4.740364371073523	72.06862049388687	66.27700746765426
0.06741345807546488	0.35658559533104434	6.714505350734666	70.84809260051608	66.21576291426605
0.046820335195022086	0.4841595702590656	3.3259675971841056	70.91860484068596	66.37887260203028
0.058078606745426725	0.6670283591663777	3.4558075259531917	71.23359105452931	66.21573731133206
0.0775907091234384	0.496887587336618	1.3291637973811112	70.72542360821794	66.4515904266483
0.10531204458657827	0.5048054717551997	1.5469224983054826	71.2415351370787	66.44939931716179
0.05834309909480468	0.3793927069254722	3.7856794698187515	70.84761456333618	66.207489337267
0.04978667229830555	0.6032563334995027	4.1968051479897435	71.41932258206647	66.2066179582251
0.06576879677372335	0.46741499021049876	6.3765445273139125	71.22183682090292	66.09908390025035
0.05212561199497208	0.4368244725901262	4.317407473834339	71.13921940018224	66.11447091754738
0.06777103654274148	0.31559197168965364	4.425018914150117	71.05238062515019	66.20340794746636
0.05261072482885236	0.27259147325006805	2.239434019228931	71.5450692796902	66.4063570748364
0.0488805817312061	0.395688701974733	3.7152646335203663	70.87888675141724	66.2471168874798
0.041620581252788225	0.510845519844549	2.915106230481916	70.98485943714857	66.19555794023917
0.015990506411221652	0.0946172933033659	0.4873078891626485	3.784697362994284	90.26741561488774	70.48920596895657	66.20352813233882
0.011262699816865581	0.06696577690181717	0.4022655203798787	2.0631346067786938	90.5051093667085	71.48307243633518	66.32334654546769
0.007156894524352994	0.052364170805814556	0.4698883722637568	2.6292912847070697	89.58981329335505	70.57426752514544	66.45599976600776
0.006009589371202274	0.09915687632460198	0.3389869025487917	4.186612373922626	92.81884162248532	71.50350889674193	66.18291510842081
0.0012315968659491622	0.07471101074641698	0.35889291384308175	3.0360239400714852	93.61561460535047	71.32672078569195	66.10169175763151
0.0011059860924382086	0.06596196192537446	0.6718915496872996	3.7517489717256702	93.202140791801	71.16182550340683	66.28654721591323
0.0003789502328678995	0.044075811518101374	0.43375959161963873	4.475014115975051	93.70401848737508	71.40557966108189	66.44060669436739
0.00015146675736279406	0.04570951067028982	0.4592319585895165	2.60782744940797	95.1452659544815	71.44171567183953	66.24110699558462
0.00010886478629846542	0.07129813952127143	0.3691902900757073	2.664308317936241	93.63914934002885	71.52181838806406	66.3737130620482
0.00021713271912406217	0.10229649654673992	0.4150751370354979	1.8077778682549108	91.98042973032592	70.72238625262152	66.39602368644674
0.0002757500199297927	0.06146091985508073	0.524992736804489	6.178492356305062	90.44236426419408	71.02636408540566	66.20005461796598
0.0003473059866703785	0.08688789874093561	0.42750863833337477	2.0676361746423613	90.32044786423882	70.76978035987642	66.78213751384948
0.0018766189168699468	0.06278773151319487	0.5197943821924579	2.149857230680195	89.06296331365253	71.31511794709539	66.40609625964318
0.003811977527207261	0.0858255781554549	0.38746044760035697	2.8660009020063977	88.13785116628665	71.58203671685413	66.28761663628606
0.01063302560844969	0.06464848143078335	0.5719667062479361	1.5221399978314707	86.82527024241287	71.9609327046328	66.61095376604958
0.0376159442193149	0.5573372422713798	2.219086404295588	71.64356923935524	66.25712458334979
0.03858565451112797	0.2962801435704039	2.6797127215027965	72.59546482356548	66.28310952398064
0.04198906503179666	0.3033251807641844	3.0185300770111674	71.77522219554706	66.12377358479394
0.05603118656326821	0.37792109877794794	3.0283699235838566	71.76567687386611	66.41121339088411
0.04608853753681964	0.49321207551390145	2.6391402960765307	71.4183903000757	66.25837891689349
0.03394354242763045	0.32395552384722887	2.096975905820657	71.92430280389827	66.53762149488028
0.06607699327778971	0.3487557752249785	4.089252888405268	71.32892189860712	66.4741793736218
0.06140360296651592	0.37499193164025496	3.167553105030506	71.25764165443351	66.50091428478044
0.06691355156014618	0.06605100406089187	0.35061510789807293	3.846340068120032	92.20269513448697	70.89079153326654	66.33487173639429
0.06716059809765051	0.6231529283924246	2.249764808026035	70.9289672888566	66.56996533878211
0.022049199095422172	0.07299288566219167	0.8897744605248187	88.90570419768859	70.77742734391815
0.003651556273035335	0.055861938300061406	0.3462093830851335	2.457345540375576	90.00631234230862	71.06241338361289	66.28646932949674
0.010210552918491196	0.060181188005521455	0.4501832635170918	6.844755536259633	89.5398885084577	71.27710620926945	66.12879821846612
0.06000545490331752	0.3251399787801088	5.22964317306317	71.7132634284058	66.18418375352203
0.06356838080845963	0.5012135884670115	2.8054600672474925	71.27483066677189	66.4821466935478
0.05608950170012778	0.6160593456474307	1.9763477581615365	71.47734162246557	66.34586639553831
0.05786485906651709	0.5632738318056746	2.479149714175292	71.24739195607303	66.55790984611068
0.06427602605076671	0.383177156124979	3.659931633649607	71.44675714633212	66.31663107986047
0.05649882831700595	0.4198634768139417	6.990220306825389	70.82188199156369	66.25085741987108
0.04802511730296969	0.32551409571437623	5.8182520983108335	71.15913607397493	66.15750635464153
0.048496995973885154	0.37261016473329184	3.861660584283371	70.92435189831326	66.15750635464153
0.0487109659553922	0.3508168791462739	3.692512007407517	71.3835136993622	66.17190261791247
0.05743415459578744	0.05537981958890233	0.4279899698306858	3.3171014200399136	93.60753992088394	70.96069569081273	66.18841739107667
0.05777166204299746	0.5207089802348652	3.3476068005426467	70.9717265296654	66.18117280516759
0.05305011906495278	0.38786356209695355	1.6603869463703544	71.43304242369486	66.16805260848727
0.03421937144249518	0.45906816087882546	5.062775534424269	71.54752447076969	66.18257119987128
0.06860164811921964	0.459919858469895	3.959833484039886	71.66479040429572	66.16276558827944
0.07159212973064519	0.4011741871104664	2.4389144661515005	71.76397915027881	66.21149307267736
0.06435582304735375	0.357864319428243	1.9056851170589744	71.68787168218724	66.5236617264847
0.05130257560717735	0.45758154102072274	1.970500647098053	71.15920048505585	66.58994812954319
0.06701672858165297	0.5133543033437868	2.9840933909936727	70.7660321422215	66.57084234640298
0.04268040213416447	0.4322159935487867	3.567075240688749	70.83643158391861	66.2133851639229
0.04243768687307084	0.31547956033990543	2.001267793799119	71.27351052365111	66.28667939730504
0.03716412904600629	0.06275802085831246	0.2937218763747979	1.3995153853756934	103.96937479750852	70.91612231891649	66.45852343567996
0.06360904775884654	0.39418306789758134	2.4968908589023275	71.38035312460491	66.16219543250149
0.04404463390053239	0.3985294966073915	2.2936351730852214	71.42192340114364	66.26323567807407
0.03674336604904921	0.4752086575323667	2.642381137583903	71.43734659693219	66.4463476218996
0.05027344393701452	0.4192185651550195	2.4226728111204516	71.5536549257017	66.57241295016333
0.05335339977635667	0.42376445943016844	3.142908293856619	70.82739991258612	66.6515222943515
0.06349807264120091	0.5206613521808495	71.38512869724394
0.056829081680408115	0.5876373693573732	70.97068466745668
0.08108702592413886	0.6393527254905111	71.2792915576762
0.09033616018423689	0.6593676491489727	70.86790066715498
0.08395314332279474	0.04696085172743761	0.6403668574151334	111.91390296060739	70.78163498725166
0.04028958179322902	0.5341614856145044	71.47391683094865
0.04605740830249716	0.3213626009882235	1.223667007677952	71.47312680091272	67.0727964726959
0.04468921086357291	0.5801132011094932	3.009942898261184	71.1803771284868	66.20813216944192
0.05486270150721757	0.39572427819088846	3.377934370065302	71.22251197872808	66.43862052404339
0.05851762695905619	0.4422192610610339	6.390430866197914	71.09015173161266	66.12487981696894
0.07625980579251637	0.42589550867118436	4.7094254125806385	70.76462504917117	66.09731807932532
0.07473465730281469	0.5205268870507729	4.719170660900654	70.8661289320207	66.12622073513775
0.07816637283791347	0.5582878419620263	5.240435459698896	71.49956110308682	66.10691491846706
0.062432679669287255	0.6067535203266639	0.5933888834582947	4.153943186231331	70.83156184815421	67.59872728990976	66.10691491846706
0.05716716713026515	0.44115500601692037	2.540614933769585	71.39221011665947	66.4861210912022
0.0488680775470935	0.45613967751986934	3.880229380645019	71.56688926715715	66.56294945741222
0.04780174942278248	0.36813723085398975	2.004977722537265	71.34025016431647	66.22867225662984
0.04299326703602073	0.4540261090834705	1.7286261072831206	71.15842567099197	66.95450188706168
0.08969629395912668	0.07655290168272348	0.5359554725091857	2.6922019729888707	83.10119008464713	70.34372183594472	66.28775407841277
0.06595350552455476	0.33780543383321615	3.6282208400810685	71.47166324854595	66.44653492756392
0.06018363831022084	0.3726006791741223	2.5885119655666413	71.22984280919985	66.60068652735015
0.06245577829129531	0.4768754381273889	4.959711417312836	70.82637585543186	66.27805417484011
0.06325609972180195	0.3790710896197321	1.3965238964348525	71.76936037065062	67.01837699760937
0.06656113522838267	0.6037940194880537	1.4128856389989772	71.20769883415629	66.61317800022532
0.05030723371885	0.3993715204976299	1.69696500084156	71.17954977667847	66.50924481010766
0.06063629066298928	0.46276992463803873	3.687626208916109	71.16470297435319	66.1655946409313
0.062459819634528554	0.3418522897699217	1.6969141572560404	72.00131040807376	66.7061657817168
0.07439130885120249	0.4428174880238986	3.489077414459426	70.81986034937879	66.19045459487583
0.07074269360067188	0.5312493089868817	4.34226120510074	71.25615816656321	66.18546207001631
0.047038994434006644	0.5367481687336854	2.9536613302103714	71.55740410194214	66.22900411679674
0.02837668259310849	0.055604630452207635	0.5442537644105585	4.20490717460982	86.71755661771317	70.72546915154496	66.15730717490267
0.013451969481593537	0.10449240459195865	0.5975245731602875	2.103634515125439	87.34212935306223	70.50823774272922	66.32937468229962
0.012419018378370757	0.04953361467818364	0.4172019593754661	3.9775882092259423	89.31790139806277	70.818233883297	66.27785690080755
0.05185091874101491	0.5233598883979917	4.3371414207564625	71.2611598025061	66.21895562566871
0.04619121139979139	0.25694436327436715	2.447336689054272	72.4269976482694	66.39111169329952
0.06847623301541249	0.5260421881548952	2.9570342890198074	71.63872428089262	66.1349241390548
0.04338957163061846	0.26265053705570546	3.71003211291633	71.11518162697668	66.20055753377714
0.047129554474497855	0.4961048471731169	5.886207528344755	70.61514016325015	66.19208744329372
0.05017991887741949	0.5436492482606593	3.658062473848184	70.86888545568303	66.15146883987644
0.056996755428311494	0.4248694022972297	3.986505362856104	71.85425077453895	66.1590239934111
0.07265867153641728	0.42325996558947043	5.483445779986251	71.17900141086633	66.27383224195563
0.05770390505614371	0.403818170467973	1.6562729589376843	71.0069265816326	66.31870040758574
0.05518007121434863	0.38999486821728285	3.064330439222931	71.32399343775063	66.4460122290049
0.05644608388228364	0.4398927449501294	4.199531793170313	70.90355534317773	66.15364276015926
0.04819281360838212	0.3896964067346063	4.186572944719463	71.22080809132372	66.19548078575433
0.051334508991964206	0.42547829015249555	3.4717830531780884	71.35765145756453	66.28382598729664
0.047013685227247456	0.4302143959537579	4.196385197036233	70.87362899251805	66.0884251302378
0.05680734007926222	0.3528033643706627	6.376361325895367	71.52105669700347	66.06689576301392
0.0642711441867244	0.3576476708352785	5.34043551401921	71.68771207927854	66.24284451195291
0.04781172771853132	0.4862447166729837	5.256492178897982	71.13184965767958	66.27567494445174
0.034467314638163035	0.33493121039185775	3.114817698796584	71.23126974959946	66.5622549518699
0.04971568804543929	0.4678283957433499	71.26267427944028
0.0730880823596004	0.3564303818271889	3.3400352864567284	71.38761292354516	66.5698916389672
0.06363518364722753	0.3824112969068142	2.2741417430533417	71.78620326574897	66.1663115663118
0.07069808249553805	0.5017674518140984	2.70758608119581	71.15156386642585	66.38727547665901
0.04121880355067891	0.3814170998180188	2.829105379062132	71.00417531921558	66.41029362226679
0.06169640669569621	0.38450956255221036	2.649814148624357	71.05995728686143	66.20582538824213
0.05768701333767632	0.4145051779717872	2.20491086143183	70.81802342683784	66.5482576103344
0.05281080998041436	0.3134951157925532	2.7133145346751766	70.83377597065083	66.32216101229115
0.055779920065431046	0.5203769379470907	5.117080677133017	70.6691165242171	66.15742952339717
0.05258301911757292	0.5038626816946195	5.913551528092945	70.7059059190991	66.09063193638282
0.05912006741335868	0.44872587915572965	4.318981421603713	71.22683119713682	66.1021732498414
0.0465312460066943	0.15139625867748432	0.4657225913931374	6.472738035130242	71.9989221606242	70.47241219132256	66.12314896701838
0.05820086504166233	0.3371253525088319	1.6349495781021792	71.29105962961405	66.1484589120151
0.04361221573634199	0.42737605071856805	4.922340990557038	70.97319730999217	66.30841090785654
0.06953296174994418	0.4646723444555303	2.867602547064019	70.92725842430632	66.56012604613561
0.07394446217066693	0.3799935755463471	3.183038270359693	70.80437491612162	66.267012318076
0.0647676190495285	0.5285735617820208	2.964862246731937	71.36100633929723	66.12147605307807
0.0462487004006869	0.4269106682312873	1.7334840534895657	70.83160727998629	66.93405996257638
0.04010561735264353	0.3914000677881492	2.1450043494117037	71.4964652288793	66.3985159098659
0.04723308990648808	0.3426068834533308	1.8269201586176858	72.13745584873978	66.60578250217507
0.04456941328058884	0.4343313273712337	1.2769424216002379	71.3326319278183	66.73137611074357
0.06881573455932553	0.49841947877040504	2.928265553500069	71.07403457049185	66.59953954967219
0.010474126873134513	0.059559475820864086	0.3301484737249948	1.9878323564399905	99.75671589001907	71.057010306653	66.61700732531723
0.045766881950860906	0.5297813032617485	4.477108189335493	71.29097176506846	66.24249064725362
0.05427446215605386	0.461121763739567	2.295385577667085	70.8937239591841	66.62001600045451
0.04880995837422769	0.4600286603974669	1.8608504081297883	70.96416546753284	66.45479407845635
0.05781731895245	0.8074036105332723	2.6693892527544474	70.97521937279048	66.25461737773888
0.05973853407930942	0.35139109272513336	2.1351479292272035	71.0549052392249	66.3906098137324
0.03249811681553503	0.07491337999424301	0.3435624149152619	4.349023129755206	83.5545732541596	71.05200764287255	66.54010102312311
0.05819462864900368	0.3908181910799654	9.279406555726363	71.44393824668786	66.2094494652195
0.0474561724260221	0.37807817024853974	3.722775915767174	70.95448953465373	66.16794446432655
0.05535325169928099	0.5537043216702066	2.1239619160059227	70.81316999003434	66.59932116056234
0.05141428071476595	0.3571948705993912	3.6854823460813444	71.32604820837683	66.44405443222632
0.041578206837073736	0.2787473553733318	0.9775253651164931	71.60920970922015	67.06788753467411
0.04496192511965388	0.3410574074391623	2.8917926849525015	71.15959242725725	66.41634815160124
0.050095304581134203	0.27978658542177715	4.7076191276699015	71.25353603610056	66.23915736398274
0.07525697078140424	0.626513870034865	2.9327945900022936	71.14940254793731	66.14129877783326
0.06222898931587315	0.33536256407658016	2.580549518737282	71.19056694775094	66.47410157371057
0.0572331615416965	0.4887194843064187	3.1066672766004864	70.94379466457929	66.41357792425109
0.06727245448191153	0.45898741106298446	2.933318039083061	71.38533654525428	66.63965386520805
0.0589722638868714	0.4966879553719074	5.0172226140203335	71.37935136110714	66.21765697727741
0.004462679601706178	0.07223443803068018	0.40088480949214794	4.293930766760545	89.46636456312878	70.64685292608107	66.12198878129874
0.04655377236579979	0.612645607183534	4.452007259192899	71.15292731704419	66.24467441347305
0.06257443691769458	0.36797043283444847	2.3161324622366113	72.08209644821497	66.47676291791689
0.06000531954196509	0.45294024685216483	4.2056343940000245	71.43397184072909	66.17663804595162
0.05061194695405356	0.4827628885485846	3.154752074557979	71.07128556246535	66.53668466086208
0.0551387540843622	0.4467117128774785	1.9583580801171674	71.6725108878664	66.7177322681861
0.04643845019765593	0.37564087436936516	1.2160880601358033	70.99466708002863	66.11575033282514
0.049884618185834735	0.3913560882465679	3.9253857821421887	71.78580502715003	66.44914040128769
0.08894652690720983	0.3698421644627936	1.9928602538378055	71.231057970875	66.52578007179406
0.08396208118641113	0.252278158574056	2.729083309009976	71.07783372675237	66.79138109388485
0.05137587593423153	0.3037753871883535	1.336236943655979	71.42052161117337	66.57407179252675
0.055357447955923005	0.27018158159132966	1.530874036547558	72.08735419786191	66.6767438699094
0.048381193639051655	0.5497228382944933	3.9241473609396773	71.19532952269901	66.29200455739158
0.0270074998760801	0.29329642855306615	4.7766367681455995	71.87198718657221	66.27311677462133
0.03635298650735893	0.3770972735966894	3.266980312488517	71.320128601622	66.21292271436745
0.07371720018557014	0.3866750133041652	4.945957421054333	70.97504390361566	66.26490855133606
0.04398881387612389	0.4436038971924255	2.8679204694805125	70.9489791601026	66.26490855133606
0.05608844791589904	0.4332790749223119	1.5434033467762645	71.37512537706569	66.75867946628337
0.046911829507504735	0.39304712707124084	2.3080544514994457	71.28490561471862	66.59049119371052
0.057556870554577096	0.48847487529636374	1.2474215129143456	71.2540551478001	66.24678561508085
0.0831376709316344	0.5986641270605837	2.493123493161483	70.89331705265731	66.17483679916973
0.0420878177736042	0.5517319046687148	2.0223702238650922	71.12900611905275	66.38715287586355
0.04855067578622656	0.4756538300451438	3.284717444401113	71.38859971462452	66.34787525922181
0.0511547989879325	0.5332592771053993	2.949956429279923	71.3169864912718	66.51745061792961
0.06540822766027542	0.41323291347574787	1.4887162641149259	71.30819784104808	66.40324380198658
0.06626655294091846	0.25948980457718535	3.116041423265425	72.12379644836739	66.48165563202028
0.051906918874559956	0.35421818681542405	5.177761054425272	70.63798191887479	66.21365103879131
0.010373384015823477	0.0730660308965026	0.34699573768986636	2.732520366856351	89.67675253758476	70.69748743555832	66.16597767609365
0.025968203920053664	0.07986795315920839	0.4802161382820143	2.9394062342734446	87.90315178825527	71.09076157664153	66.16032736085883
0.022185033292430385	0.06105174974167762	0.49900109406835225	3.5794498240938815	88.63427495129487	71.17457003973581	66.2780966831586
0.004601557310663242	0.11248190753022456	0.35361526826138057	1.9623476622449034	89.73440854803636	71.12092222952874	66.28414344646173
0.0036744934331863596	0.09224659605877494	0.3507770876583475	3.30133661137291	89.04926187029496	71.00477122120272	66.23425372104109
0.0012671890555566564	0.06893380715301124	0.7683784765024342	4.3625660343442805	90.23444429064452	70.40019336587761	66.13125277557802
0.001280953708556515	0.08044555304472523	0.4547148310286744	1.7910144133398553	88.9307123166585	70.88117483494896	66.28537595753171
0.00304678221281362	0.05294457886736403	0.35308321593515524	1.812726938162724	88.28853756948054	71.35472142229142	66.6521082846954
0.013392862044388288	0.055978674045830595	0.5041916515212337	5.391541701043884	89.79997750235574	71.37541629167288	66.10830935269534
0.06066017679214347	0.5461485849253332	2.2954775142390993	71.3164672515514	66.28830683662925
0.046679218541500096	0.3564058837262965	2.23919708763114	71.03069684367685	66.67077462256321
0.42714712259207777	0.053188559386253886	0.3395581065946158	3.0492476881733026	111.47774776021328	71.06781495045233	66.16117758236629
0.8778138514206684	0.04606339895575542	0.2761796120664675	4.47789069351231	110.5339941084146	71.98007743519888	66.20882945279
0.07370860275325265	0.2940617580808423	4.008185345470145	71.15558643557817	66.40475628290532
0.05511328485482899	0.41388728012651516	4.05574369556029	70.67787508671329	66.26971851544613
0.06737892709655978	0.42796458688404926	2.225549316309903	71.5687824583006	66.35288652563628
0.04560260209040052	0.4066544259754054	3.109926835377924	71.12484364976369	66.20821072080807
0.06030337305248965	0.44417928485152247	1.2516664754907632	70.92263109913227	66.27179267717526
0.07392375374260204	0.5171878708052553	2.0562146161992345	70.95091805015996	66.48116740524883
0.05872662208380583	0.3602424544628383	1.952296951101481	70.88773922993971	66.49791779635694
0.04235983583589572	0.4365884395398842	2.009005581862186	70.87596358616807	66.20629213584131
0.04393945975601959	0.4164946466755363	2.58300414389623	71.50364217144475	66.45091874758013
0.07654832225071526	0.3766699240677535	3.5686225350282683	71.23793867238638	66.37457399594891
0.05359542721987872	0.4436962158466587	2.1697984755418296	71.42019078050699	66.69444096842795
0.05301156991886668	0.4117450246708621	70.68003710352201
0.06461088927882967	0.5757729737238408	3.1070889556177024	70.78404141376484	66.29633891330033
0.05774328623156738	0.46238925268067554	3.176089338688244	71.25812445782061	66.60204652428322
0.07728810074499248	0.4586342127634536	1.9592822599261177	71.13911170507706	66.20881659406281
0.03859350404385319	0.4840303941721367	3.1144961581135426	71.2267686247683	66.23225046779632
0.055030378385992236	0.6059195616735606	2.2996072564478496	71.17401254907487	66.28853004528055
0.04298994628511714	0.30835417927699244	3.6194632035659757	71.45250568689644	66.2510800487953
0.05360454921947521	0.4665767456595683	3.754660429517094	71.13316168676576	66.30734800795892
0.03875699027422331	0.0575478402990334	0.3702006456744746	1.9061270188998458	105.56813887711174	71.5744035932104	66.59417794002611
0.05560216681377341	0.529757674190937	1.8785611748024513	70.93131243980893	66.71918818926203
0.08304965400971827	0.3074533397337514	1.1072816151294573	70.67533773624926	66.7413529279496
0.05658855350186298	0.5272654351668877	1.98895155571506	71.08877830568824	66.18091248433832
0.06654702924003028	0.5122981172804711	2.4561726628722833	70.54144162282834	66.55034957656706
0.0688923039169817	0.3830196893857148	2.1903203087520366	70.3020226188991	66.19281190067905
0.06284275072099861	0.45304835969315294	4.726424880826803	70.9647315549564	66.19835994322297
0.04457290325628988	0.08818783222978574	0.42244298968867794	1.8057439680170908	88.96578108173159	71.94075450179571	66.37016555040513
0.012660978712768018	0.049049457397415994	0.4227749994969135	2.25050163221472	90.27777419686215	71.32002543045749	66.7251381851323
0.04112511242844482	0.5930387645377496	1.8123129475754731	71.4539835631594	66.7324563515531
0.08323716175467175	0.2893338969567473	3.3546994107724273	71.09511390574055	66.30571747338813
0.06496271550413595	0.4493479898515312	3.737300266989484	70.66560355296376	66.32621832080483
0.06055018286900372	0.29452536095150783	2.488351054809067	71.06416613599285	66.29131866790311
0.04661787566326755	0.5094754996550893	2.6512991249916626	71.41021531886713	66.32792069518378
0.03822697031625593	0.05119457158287265	0.5133935915488143	2.721139283849295	111.24752854417534	71.06234948774447	66.60723958068698
0.06282117288155932	0.41065396160095047	2.9881108097301	70.67552605231852	66.22427452273469
0.055521020920570395	0.5026786597058699	3.2096447604815923	71.11532683475349	66.51661715481407
0.04306752395687999	0.2852123577824127	3.8708895748695484	71.42628936128047	66.30502455148518
0.0620929741129956	0.3090534389703674	2.170588870420281	71.67767956624832	66.5564427610049
0.11377330893766363	0.07652428057962814	0.38410655643525854	7.117945109025883	111.0670750098969	71.38692101720464	66.24176564808845
0.06384682232654434	0.4692952015610999	3.5944747036782236	70.86590138882855	66.35802309285567
0.056220717895686716	0.4462937960901481	8.320252717726254	71.14292299822678	66.19492739916532
0.06924974912678782	0.34357991337214744	4.362575068335828	71.21938160334952	66.08834912103217
0.053650438308131196	0.45467717336389246	1.5694731970978664	71.28733418383493	66.34857767295719
0.08766884233332635	0.639785740239058	70.90846885061828
0.052525554563491145	0.4847139472337116	1.4451624002985493	71.1700134871293	67.53518387558012
0.06683096449583442	0.38513423989215395	1.3458385523595302	70.81553060929751	66.55840941003795
0.06246426263287278	0.5273317155242775	2.128702294305419	71.31083547214975	66.31689749935374
0.06760811029076809	0.524925843848766	3.489603072517267	70.71401473325732	66.10436366409404
0.04599140545290165	0.5246777185175533	2.951797052403472	70.9602266660291	66.24679219462881
0.059424285305376606	0.6448662981856583	4.288527532256162	70.80342802330283	66.20594352794186
0.06166653349521018	0.43641772757869857	5.706793016812497	71.24980558494978	66.10155677779159
0.058206572365017806	0.6131268066783958	2.9245789719800386	71.37477455081864	66.27585013644615
0.06140641515903797	0.7524423007921621	70.8811216521009
0.08976189615003674	0.580195784658972	70.85954758585773
0.06151154287992844	0.5910988376923281	71.33029196045064
0.04341547389118504	0.5188451838849039	1.134941400678118	70.99600790455582	66.66374251351117
0.04997584155048421	0.41400741494479365	1.7739686349801638	71.54602436104076	66.33219719235255
0.05436229426358581	0.2900583434828627	3.4752503947482287	71.23714338678214	66.25273631959921
0.06295343729114014	0.3492906958552827	3.218395476443422	71.5077807370608	66.30444506374553
0.05355274220676375	0.45653865198888705	1.7065810319227757	70.97733652297431	66.56307010058782
0.07012590873530916	0.416151572637587	1.5671110323618977	71.27062874380786	66.22242626297694
0.0482198480729049	0.4817154948046943	3.945740659689468	70.59163477738221	66.13720096917658
0.05698273209750052	0.6232217894602415	4.597567782456518	70.74881316027597	66.25878788019328
0.04773954251785421	0.4980710644157491	2.1840805167185757	71.11794603048811	66.51871198404478
0.07002654821131542	0.253322681602485	1.8836909459394073	71.6872694367311	66.60554861420054
0.09080829655370909	0.5129892297434238	1.021514221589253	71.29300925484273	67.61843686065473
0.04096831116921812	0.6026988870978313	2.9487278600204534	71.29300925484273	66.46939980982316
0.07421650196889831	0.23686141482658046	0.42586415143850753	2.179265387420006	71.05470649109861	69.16347263099506	66.41131390845167
0.037150163844212956	0.26200996921554986	1.3690988731777702	71.15978958596897	66.34438137101138
0.05402543596709229	0.33529370761092614	3.669377591127421	71.26681257187822	66.43761175055646
0.042107266024393825	0.34089904677808247	0.3699041793940342	1.808734189157896	71.61166073411815	69.8811437763202	66.29032839164545
0.06290143943153366	0.7616417226056742	70.48737776579726
0.05092842325690873	0.439886034577919	0.8628348987704848	71.11198270149232	66.3155902849019
0.07175564688909225	0.4234711661873965	4.049816806646614	71.23103732050848	66.20032645229341
0.06690412800411358	0.33213833902259793	2.7166183034998053	71.0791026776154	66.16878463475064
0.050695453219859535	0.39266229593781454	4.134918268726426	72.14514697296856	66.11542068577758
0.04596399391501717	0.3413951939662598	4.080843748332034	71.6709604453113	66.07457629702333
0.047702675366279104	0.48057198273363294	5.899257176756278	71.36259820959215	66.1216903570129
0.05244024574481568	0.3229774756534736	3.472536577799525	70.78420299263621	66.29745893845018
0.0565491691810698	0.4038551591637029	1.5849564014938833	71.22144074202322	66.69029153482425
0.05148220502740449	0.3555333950795254	2.295592940149619	71.29680293567485	66.271910419363
0.0436999899355201	0.5092442784764767	5.36224879517419	71.32477396355888	66.2417405978793
0.04916861634018502	0.4307108607358498	5.014731965700985	71.14358956953954	66.20684077842576
0.057331729998354175	0.3298639919470134	2.5723030713354635	71.39237384805932	66.13868650826919
0.07911870733035749	0.49308391617243047	3.676280339572383	70.76483347179015	66.3002378640108
0.039546952501056706	0.37401172589068876	3.2705787033077676	71.43624442661563	66.31094009856571
0.05757960864326033	0.31371901498888094	3.820779454909442	71.3464403049352	66.53245072136384
0.06289445061610072	0.4248415278277637	2.4999866696452138	70.77049173625913	66.3796826544257
0.024108857259245473	0.07259588191477848	0.4490955762305358	2.6647464283945483	84.41249860773465	71.33074556387265	66.0970763740017
0.05212561961143721	0.33785957215238194	2.0295482521325146	71.27449593252055	66.43731206505356
0.03463351421660554	0.556603816557874	0.1964164091928966	2.2888108951744774	70.754759280524	68.29067130134483	66.29320739675337
0.06409781786204176	0.5353695329193034	4.279325369010205	70.63875030616894	66.30244861143608
0.04893622317475246	0.3582758298052282	3.936970071108575	71.27006916050587	66.1767846075493
0.044329520285134524	0.39264249266082785	1.468096259474644	71.12215645910359	66.20390954377245
0.041409565666356174	0.3261547342676402	2.125919070040359	71.02870764947468	66.5251951833023
0.0597963827961506	0.36163182455448745	2.439994077718056	71.25868458250665	66.17882324621915
0.038440907675574856	0.06191307037080143	0.5794434420308395	5.171514496553302	85.40056021863622	70.7579204066427	66.30818949113008
0.034942512045199554	0.506860901123257	4.2896026977236525	71.37808038517755	66.24612534143243
0.04731562899749288	0.46848763647925196	1.9123184490887124	71.23647378344305	66.24833745947737
0.05144848552148166	0.3261660605232918	1.5349379258438482	71.32370239845754	66.79225275156259
0.060062935544682915	0.6699669683267555	3.4235919192577025	70.46600151104724	66.2139362571452
0.036380115215184416	0.4338686762732933	4.639413564977723	71.12996653559742	66.0867731710968
0.05241998738805839	0.5992077993362768	5.783793240968575	71.29928337605394	66.18440811071066
0.05467572869031335	0.056104229887410574	0.4360509887887483	1.5869517004623857	96.26938370943077	71.79314020671004	66.37752235857579
0.04035211785507201	0.43700609496722836	2.7351645611692588	71.05786855644129	66.59593563358924
0.2535330592765188	0.05183098318225414	0.545920728570075	3.2405591957288786	110.0479551309905	71.44507592523276	66.25255405503175
0.05360310759450237	0.3528356565639375	2.8874168657187815	71.18767355073707	66.21313570269382
0.06048324004562532	0.5273490894524305	5.812914298655526	71.13152571006067	66.12178822568801
0.07101888599693885	0.3629578730064183	2.013196457378689	71.21996361959026	66.66057021013935
0.06050227754135385	0.49748821875908206	3.2637921809317625	71.34451787258861	66.15959407791298
0.053324678368251464	0.3784443641975336	2.86214263769831	71.23270326677695	66.33162322127421
0.06576137142682925	0.5223632157134147	71.24951027410079
0.04403280673770091	0.5223352616774735	2.07175022705919	70.85964194854893	66.37782279834575
0.07153210069645231	0.3564595096514801	3.332971644042095	71.25250733600886	66.42911106909696
0.03903158690264427	0.3413805904609809	1.2092946796304218	71.2892639740943	67.98816715899838
0.06169585469548285	0.47041994673606824	3.667113458593077	71.2667999222735	66.17931094689098
0.04935883928568523	0.5175471277228548	1.5278455089666165	71.30138003962928	66.97663342713892
0.055613542441545746	0.3292470031491804	1.2546664893447557	71.02394982034413	68.1175866978181
0.04505599866336519	0.3431313780534458	0.8565493453966825	71.3628928585363	66.91641232575935
0.06376376264993953	0.8809869730612502	70.97560737337355
0.04443215903391003	0.6376013121430806	71.21715492227922
0.06795490391694407	0.6645115070187746	71.29795364383213
0.05237112086418821	0.6984271173235258	71.13165848201137
0.0492631854217186	0.4364898963490136	2.4626063468473003	71.62608500027075	66.27266090673328
0.05838229889607109	0.44254843164174795	1.7046907781238023	71.14859787066257	66.29087146657157
0.04178545374107313	0.2985023980312464	3.445796968292152	73.6678458098898	66.53632565503582
0.04943866146961091	0.054688878135718044	0.43527623947187405	2.050975103758988	75.00636313881841	71.79139667887809	66.5327843136637
0.06357084021181937	0.5214647174951391	3.8994827596356205	70.73565098346657	66.26964815129612
0.009194774907818315	0.08079933278547421	0.5861107527990318	4.080443409894855	94.25765002163487	70.96719741759794	66.23007705360696
0.005358747851368826	0.07725288161120236	0.3867368377969178	4.2297658308860555	88.77464200917998	71.17018399294192	66.19194451720197
0.004295341380715261	0.053857829776109804	0.3708024028963971	4.202566891003943	89.36063993416306	71.25576708129833	66.11666295260196
0.006761250936462207	0.08346778892989862	0.31647912344754797	0.281675810520054	4.219588520987125	87.22115416025837	71.14801990178361	67.67300220768978	66.18119302218481
0.05814380791428753	0.5968417483000028	2.1624037730639225	70.66557628615774	66.52167677514333
0.0524829359968691	0.3036334793320955	2.4049389386552216	71.3569124821265	66.20565211845566
0.06373605331176482	0.4612369901517519	4.589781924998431	71.67902185421697	66.16155724914827
0.05814461020951201	0.423371389040275	5.480353781854201	71.16558092187333	66.13618472055758
0.03747026504147928	0.5722380370096376	6.5722721978799985	71.06688659952734	66.18001752819069
0.059275056987579004	0.4543559568785198	2.909439593392422	71.12360345579866	66.09458753210501
0.03951990772764552	0.5366271246606413	4.052409814050975	71.39902121020712	66.09458753210501
0.056346095864366987	0.5146423748435759	3.6138144216936103	70.8246902915954	66.24032852627286
0.03605723482093021	0.3670532577342248	3.472354830556316	71.39201177960324	66.11337568579039
0.05391172629859358	0.36296816992060676	5.851802122189311	71.26056456347321	66.20983284332958
0.06795110927157734	0.7074899280748236	2.2329084481737236	70.65024927126079	66.3313914581997
0.04892338863681706	0.757038738984604	70.94816051110904
0.09964336191989949	0.6544153809399343	70.62986417174905
0.06445074267461641	0.5467975688889741	5.879073049366214	71.25669574649768	66.09606398005225
0.07750332350679145	0.5530045034305954	2.1378302924353636	71.29666418091297	66.53564019235085
0.07391826350431126	0.42445653088859064	2.6589419475311913	70.42937441431243	66.28675993556237
0.036791266089104505	0.07175660089118868	0.33259537134767514	3.9701659244026817	82.10509346689348	71.04690462496295	66.34629358394449
0.06164690067337187	0.4255210115957191	3.5230234703653482	70.70686029050079	66.25095515247375
0.05626211747720368	0.393711466088685	4.077638646302588	71.52812993258586	66.28492632629815
0.014099765305412267	0.07958288422582538	0.44379795852557824	1.9310020149827405	87.68418114996938	71.1680217344339	66.38696326112134
0.007584360355346708	0.05997480697987585	0.5255905873635233	4.741734254495404	88.07391609969855	71.13999418670643	66.17727290590572
0.018980457320853888	0.10309244705511339	0.5279019968354992	2.225238818047678	87.61919530126852	70.71227481630574	66.52737768399778
0.06074394783697087	0.4044038074418898	1.7881239315385002	70.76981379715916	66.53726062369192
0.09943486932268095	0.646047295209469	2.5320057423416564	71.25021869019629	66.1325245480707
0.04651285054453235	0.05857458980626503	0.3325572074989699	2.881865092225696	94.52624197993262	71.51092586059112	66.47649764745437
0.05624186848742689	0.40371056672364275	4.741229497053955	70.89127688462898	66.20466636496637
0.07273243097571873	0.397694641556629	4.746853266600849	71.17254226117612	66.21560218436645
0.07363455813378951	0.5740239673627783	3.758918948870712	71.25996218475886	66.47690708379531
0.052462599898541684	0.35965387877349936	4.980812485784824	71.51473262175962	66.15200612441858
0.053788181764787175	0.5924897846814628	4.3892855647010744	71.26013598598689	66.21613021232825
0.08658000063470116	0.505729953017875	3.568178913890309	71.31627247028007	66.15552664123582
0.04732356530653582	0.5939850398119672	5.173881844334788	71.12859512301236	66.16315268546325
0.01718495512618561	0.08427282447100039	0.37440054259975913	5.5867245753787635	97.88179746613416	71.55737249962397	66.16061686944953
0.06745472942684858	0.28738378271901543	1.781771353602886	71.39147090199786	66.83221987799823
0.047387613765120226	0.3239143558378177	4.548688907691097	72.07980960477934	66.19743879509025
0.05818554703553178	0.32202596412202833	2.537517958347425	71.55672033090059	66.15503624202823
0.03898709686821219	0.2870752047310199	3.808475929854785	71.39356407103267	66.23208356256141
0.06944493938457239	0.36361982128870785	4.372707733660215	71.14947927159034	66.08640290035075
0.090345580639034	0.5188912578413721	2.085804678054835	70.78317231453268	66.15506915035944
0.06387654192240567	0.3969049866871077	2.9684710032897774	70.99095088824753	66.17882508764018
0.06341535750451005	0.4708790929277703	6.151494677914629	71.21929459559891	66.18610086135222
0.0638091805106868	0.44665091230551257	4.551800349034241	71.00297310167701	66.12405372246363
0.07447080031559357	0.5656485861027409	2.1547871637781513	71.66610011728402	66.26890683571887
0.06335063828247131	0.41285395183776386	3.6161350775159686	70.97429377182357	66.57807584179629
0.07393191818321071	0.35918939525473076	2.3879656858826213	70.48930433560784	66.12242012416752
0.07117869471013363	0.38431307916221236	3.1714504242009407	71.32606080387856	66.13900635677942
0.06160517667844155	0.43186861546852795	1.7254017986079504	70.69010452581063	66.63902765660303
0.06967548328378084	0.5404797958013038	1.0114798944820682	71.40963431809267	66.25887466928462
0.035977799837025475	0.06421342460566609	0.3580792339509044	2.292780824426451	95.2794436260586	71.23097063130179	66.63563716576597
0.03435236814858042	0.6358012943246569	4.000874685003227	71.19892984683645	66.28750207714134
0.06768640509610696	0.43792023498564375	4.67672681825666	71.60903174998167	66.2227584024051
0.044699371325374465	0.4672296519651084	2.371836149299759	71.02423086876303	66.39469748845934
0.06639327964219711	0.5533018712041357	3.315960103781235	71.28944031508644	66.21269774492669
0.02948563274004723	0.06580153497848575	0.438788178071403	2.5129620804088795	92.62021646623879	71.29042353200128	66.46613776762345
0.07460444910864948	0.5202031716437461	1.8494357976651763	71.24862105496877	66.66630674523576
0.053121658518148235	0.6323231978979129	70.95228736163348
0.033798309164626734	0.6964218130600089	71.37878695969488
0.06666723075334853	0.487622797940981	71.19105335113672
0.05165198554614287	0.40829432398031706	1.5186578179745691	72.10222637114805	66.90751105703175
0.03480951478895732	0.5159285190496031	1.962197115882405	70.97516992619936	66.71212868491068
0.04762589993219303	0.4191848213540476	1.4128381585470695	70.81299003830301	66.33397018819677
0.0644972390441474	0.4581791517104885	3.1271774640249985	71.25116311391321	66.11216947151347
0.04854759085001064	0.48461343850691957	4.366745292457467	71.34078784456946	66.12506931126012
0.0695850551503929	0.5341247277007185	3.1999895682323674	70.88612332796556	66.11887588870326
0.07237353710727114	0.4113307185668884	3.7518425938687976	72.0499847772921	66.2227142647914
0.05198765079118192	0.5506838661701818	1.5839604827307392	70.6281618709941	66.46299733128495
0.06857983103800862	0.8012591513978456	71.17350120561913
0.08300021793591068	0.40551949089796974	1.6601082680962225	70.74999403349396	66.8835526758771
0.060246427663739964	0.3638445127491108	2.0358242084314626	70.92550792897059	66.45065373940004
0.07444349916713769	0.7536598132699056	70.69958540289636
0.08624908316225637	0.5715747515881088	1.6039018941059322	71.03515492440799	66.64397278706706
0.07268449690537718	0.547258546621666	1.9540861650539292	70.75794060978653	66.26379171813151
0.044059156056611364	0.497675123098451	2.9799525465391064	71.2125209827513	66.31639227312513
0.06685622223712956	0.32842021022130086	4.093115282237929	70.81044848320138	66.28622292959756
0.07763301211625286	0.45458411827033846	3.6811127791263987	71.38609718052675	66.13903773015372
0.05338403808840171	0.35541498935601046	2.9710569323258462	71.46640194993722	66.21304111590874
0.0352713909432481	0.24652002649281188	3.610991387331907	71.493186205769	66.22960666638376
0.055922479262097965	0.4648562982179062	3.9269006996337708	70.842287749986	66.11957168773576
0.0458080315351189	0.530663362863306	5.284884606651535	71.33990356003609	66.14282673794366
0.038740554202852044	0.3054207795340813	2.3324262101019615	70.99815992684492	66.50548568208573
0.07060622031605367	0.35831954273258576	3.3589946332428298	71.14030705270194	66.54379666006703
0.0809070627580133	0.2932853354360595	4.667848039807034	70.6210592886832	66.21553292054602
0.04831443279859312	0.30234778040902	0.31990283071568393	2.3342072677457364	70.8703095210422	67.79618815842173	66.46114784501083
0.05751854790334142	0.4347445480606734	2.212947564030612	70.31498520895332	66.64196270545274
0.06697801813612816	0.5073232435091807	1.7478209064531256	70.85526152202708	66.56750967698251
0.0633073611195785	0.36341242876282365	1.4252889727360105	70.85526152202708	66.56750967698251
0.05690452774239816	0.3484494817491006	2.3106991905911314	71.22751929901108	66.09993011792852
0.04439053091223614	0.4110129009919983	5.579999836130674	71.56039434641825	66.15162116702584
0.0614625169301145	0.36500219919797977	0.5496624773558176	3.995461216031979	71.63866785779837	70.33300089322726	66.14775588299031
0.052577555628409926	0.45664514913252224	3.5566054744406026	70.7583500725014	66.35134079520502
0.20473376790187525	0.04553059561030224	0.5415901908633344	2.9052476155958886	98.53641131221	70.77349700432096	66.30171506503613
0.04271785821231728	0.3359792916043911	4.376028340263375	71.19123465115302	66.19861939727444
0.048423160603028696	0.4344379717282313	7.651146061772487	70.92380926816192	66.19861939727444
0.06188207715802651	0.4897438222096427	8.11990586561165	71.19057781078953	66.19861939727444
0.01727858538332582	0.062129316880464844	0.49663940792351646	6.177554760288343	102.68429475654432	71.32676348303269	66.19861939727444
0.05410942863705109	0.48953658298739317	1.4377904713697287	71.24671719182996	66.7449967547808
0.0447906962052556	0.36244317475416277	1.3081865238888313	71.4798970012368	66.33389330556092
0.06703650922209099	0.36705392977114654	3.1335917896340635	71.53157275664307	66.51837748783109
0.09471276643567685	0.27187481376056083	3.617484114485625	71.58634303015022	66.32273201314055
0.05884218088000979	0.3922771612434084	6.580797520048909	71.23413142302455	66.12590030210684
0.0429603779436892	0.36603762827523567	4.087785737320616	71.54397903866183	66.2502369608797
0.057896849690168166	0.3251779568951009	3.5353907482433837	71.3758780844237	66.2502369608797
0.057077750939126835	0.35890899409370425	2.9800767356495905	71.73728750226884	66.18700121402992
0.05214082745208934	0.62437494797974	70.6506570400093
0.0030369611099051465	0.05195162851283695	0.7195620025518558	95.90770950164848	70.43686115589227
0.0024610432613289255	0.04617306392840444	0.6435399613358749	92.13094189489874	70.99154258852222
0.0036657486519264776	0.06363743303936423	0.4310105442405578	0.9676653093885917	91.07423655384746	71.27953145031181	66.71866573095834
0.006114090512037246	0.06706910072522271	0.41111451692380274	1.059119185635705	93.4065834143686	71.17512780992318	67.27102274320448
0.07904366920110434	0.04600816881987134	0.4108528582090716	0.915794980667192	91.78054217202191	71.17705335628479	66.51504059152673
0.04492697473138024	0.44054340631458044	1.4064845684808471	71.04082967834836	66.54237997032452
0.05948246816143536	0.5457082548129334	1.880476160559338	71.11493431150414	66.19843704236911
0.08383327524903758	0.31994535760247994	2.3409326531252894	70.75436257501134	66.20853625587287
0.04427330006076626	0.3728853729114407	2.9177310674828045	71.19980846615617	66.08121971669063
0.03644016316289729	0.12427252627862462	0.46753416585060464	2.6185680789102723	72.01858500238991	70.8986319158974	66.19211233590201
0.06281316976580197	0.41935147488836416	4.337827211993858	71.2956850947065	66.24947040787114
0.05911468650031571	0.5023230019234541	4.5771671268161285	70.3814239196184	66.30737750939602
0.07425310422893466	0.34982824069207114	3.0846391412797884	70.70952032577284	66.25274996240648
0.05449548064519553	0.5498242970565334	2.482373515584032	71.19350589386082	66.23584384092557
0.268191330893472	0.05441643188878262	0.46761200638412964	5.844260170562726	109.18246902646871	71.16790841389863	66.20581060175081
0.027521559266052424	0.0695531605480984	0.556440996373754	3.7393460247068653	89.13998513134294	70.73946482952441	66.16748355138623
0.07603000767598025	0.714589545673322	3.069794306365177	70.77631230333417	66.10241314232006
0.04752405589048162	0.058947390633462285	0.30340414562590573	3.3214307214732477	99.09464482812646	71.56317617051708	66.61313140901576
0.05216870427390012	0.3138329435594235	2.169776579967479	71.56317617051708	66.61313140901576
0.05846464687074238	0.2525980162209762	2.6296398450064267	72.67423773147308	66.61517178042773
0.07126378935903496	0.46241392013395366	2.2219170228918594	71.4188447925176	66.60321963221794
0.05252648470959516	0.41730177919661726	3.866881093539278	71.0382883689307	66.27418857881044
0.07455567567489292	0.4327035838709207	3.5116547500591175	71.11836879497793	66.12507517287428
0.034614679558808606	0.36914662881027677	6.240788891572862	71.49975645700759	66.1848386752968
0.07148990196614396	0.48791785534019005	2.6607682086088653	71.33818190793195	66.13873552287922
0.06515223401051393	0.273833473763713	3.5002906571330077	71.18613115644933	66.15831471601538
0.0529806595181199	0.5891308844807136	2.256343935350505	71.16215559932475	66.30832684104978
0.09250649441799276	0.5648388760173584	2.048629326766126	71.55180634754363	66.28189461324745
0.05831179833299683	0.3566244005174859	3.655289663107537	71.26000476613564	66.2844389064435
0.0534584028577169	0.436739036168416	2.494154755777853	70.70077516685447	66.14654773805898
0.09161260834874435	0.4794229515874628	4.447158080153802	71.24563297881366	66.45821137753465
0.03579363567730497	0.080440196713971	0.5348500913559858	3.302778909282636	89.42984997994216	71.18402421603513	66.20732648693914
0.06499739241621906	0.40922863894611716	3.6824159936495233	70.87423016205888	66.39177172075753
0.03289689381768963	0.06905475565428919	0.4626540080181284	3.339499533289097	94.19424073442607	71.93703471971814	66.25745052397671
0.04248236598757535	0.32021378950100676	4.832128863874137	71.37718490204713	66.2081134528032
0.06486795493698101	0.26788742018263023	5.265298340010297	71.37984346689088	66.09436700407232
0.06286594931659083	0.6066440115631757	1.7472348406822822	70.74897971483763	66.53377657419816
0.05885960114121711	0.5379906553679976	2.5920418229969084	71.00562232032266	66.17009654298137
0.0732604764226062	0.25663787747715167	2.826980668395324	71.7455424043176	66.20328368896182
0.017799022937617093	0.03507050446503579	0.3871771079699176	3.259926511119789	92.78321210994726	71.15701007339503	66.24849636884085
0.05744724573770645	0.45897059502714954	5.06262868583432	70.9113982673141	66.24849636884085
0.056762248872768484	0.41924870815200516	5.5198347391931115	70.90148602584208	66.24849636884085
0.04484328307907503	0.4456261320392676	2.072750080316759	71.0724800657766	66.55706203497405
0.06968939047434744	0.46701161538987274	1.701088348718839	70.86055552408446	66.78578809020125
0.05354595860987413	0.5529485320661809	4.29909552181801	71.60045064545457	66.09493367810286
0.057866676880218515	0.43081841187746744	4.298533459829077	70.97069728600218	66.1769235275144
0.06248547055310805	0.3790637437743997	2.9467278147015996	70.45658506537445	66.31880814630861
0.03132066772592445	0.3808800276824277	4.777668078769736	71.52043156348066	66.17657493046296
0.12194727404095347	0.05020374085411524	0.37970673248936154	1.359047913723091	111.76578111569117	71.48202376673532	66.70163795004918
0.04671258043351176	0.5259107894295298	1.2887006207716465	71.09565414455697	66.62326837183103
0.04757546876753522	0.4062404249072693	2.8633704591139355	71.16934933811413	66.28402516970407
0.06294310762870477	0.3696985420137317	3.419291953728158	71.10494903859991	66.20353111094408
0.062292328817742985	0.3770357723014435	0.3804437515056603	6.101252264441931	71.22906594416031	68.28239493495278	66.2000147606988
0.06477703854235324	0.5042117205479903	2.8697884617946405	70.9859247450491	66.1792121495138
0.0474517181703901	0.591496097597968	1.522082402765443	71.14213715422588	66.49345324717619
0.055417862610074815	0.4838335707041544	4.037489389573965	71.57817460181461	66.46206188252965
0.06541411511850032	0.3330963913775792	0.8199530718000596	71.40984791314021	66.61032261158412
0.06536564568392156	0.3307327494209129	2.306262601854753	71.72248035520617	66.25528679840752
0.06467197601675823	0.4573746216952794	2.2661453505275464	71.29127951855213	66.33147045649572
0.07682919155407085	0.42489283442139936	2.963529646056779	71.38591864487584	66.29093920801375
0.06831027047436167	0.5472890067583087	3.075837147519342	70.85613797741766	66.36308886880728
0.08128364543365522	0.052773275007369926	0.5085482484528416	2.871764511899656	99.97412936010987	71.167362848808	66.22427528416269
0.04695175472969436	0.5073004312532639	4.365405569590845	71.18009650568237	66.15394247222959
0.06022489950660277	0.5814346457814139	2.4016053030798767	71.15633443766554	66.5371125744647
0.06548745113342648	0.3156474410268295	1.8447542792704645	71.42590517941137	66.62197152094875
0.05867435469389911	0.3487055563728465	1.5031617378068207	71.5175084426915	66.85383552444661
0.060613512606782785	0.39751145803528837	3.1965909659733396	71.49260628655631	66.19874128140563
0.07902107121714928	0.32092936907866143	4.06227881843079	72.1187309650798	66.13212226290341
0.07050538169963426	0.33813292775964543	1.902456591966543	72.15001675941868	66.519131626441
0.06309395917915978	0.7509786008484568	1.776808077274023	70.62758305652328	66.26139331181196
0.059464762523987726	0.4208128547319425	2.4201545555451163	71.09461704850129	66.49657300458225
0.046771593386702594	0.5963603895692932	2.0217191294762284	71.06763431896022	66.25649515066817
0.04940909181525151	0.4513756409501796	4.263822199129959	71.14752559478843	66.1651161826797
0.06248811797570622	0.46826772360124663	6.0546445567120095	71.44731340283982	66.24713571351333
0.053791474148942524	0.40605238691358414	3.912028403102448	71.5752025287421	66.21424957143158
0.053136380864121334	0.45307559531186653	3.8328282849086253	71.5430586529325	66.25151342056161
0.05141529157918283	0.5085329191989958	6.293932505896695	71.36115439124634	66.14011912432017
0.058168924318403384	0.4193425113075633	2.2890241952084334	70.302528501039	66.13723321634501
0.015327949403774889	0.05744684458187261	0.5270828932876849	3.3450371956483287	101.76342068132622	70.6200082217185	66.14904663116664
0.047738935050632786	0.5060762724213108	8.483817954075446	71.40215485285312	66.08184203301077
0.08703694790694934	0.5236132995649183	1.7278404249720372	71.20762092336658	66.59533858491001
0.04673004039584589	0.5325840375647662	2.688174757504756	71.74101031732434	66.16378104878726
0.04503678974390619	0.46521401361256454	4.600011937427266	71.72583877500098	66.20654580387868
0.057101860617426684	0.5396579989518757	4.136600967501951	71.10961056023865	66.23483365188329
0.062333486041356856	0.5225361821980391	2.2130184092102243	71.10515142377092	66.48188750997969
0.05685845473616736	0.4213919925805204	3.576762704901784	71.42160926091893	66.23219395096726
0.06188333392162612	0.4092972760938991	1.888988681887667	71.06568335904858	66.71459903859686
0.053301124144042186	0.33981037058263924	2.573439965442122	72.01442978270363	66.42586882286965
0.05219079673580058	0.322933673855152	1.2886111126339432	71.3307456151177	66.49363300619784
0.049768698159764806	0.42041807145141014	4.5258792146051166	71.73810593153934	66.2680216627331
0.059201474993606715	0.18180146676757222	3.0383921811892542	71.95814831430818	66.45526462298814
0.060244833169277597	0.5480129160240895	1.626805893277427	71.50170406834619	66.26613211871988
0.04521333520650034	0.5933140309564121	2.167614917022248	71.18380925866289	66.41363853236105
0.0373674766310898	0.07184132163887245	0.5344618951845593	1.3865662947339452	98.46821290707186	71.58743524632473	66.71802644680818
0.07402393667216535	0.5323489853430082	1.7611056871000503	71.19363770013605	66.30916012827961
0.42405802945099363	0.04392317043577742	0.4469795193487744	2.649406661310063	110.62899882964771	70.74949045040287	66.18495275242908
0.06374507673042187	0.3442326534187099	2.668907487257363	70.73488640677984	66.49245299602441
0.05513179183481645	0.4116994547057553	2.4176679591637407	70.92420786292683	66.58622623170629
0.05936136486155017	0.5362019444479068	2.3800373802260943	71.45501267786044	66.7125498141425
0.08194001643430769	0.41590325450362386	2.4179536692419186	71.0199265521022	66.55198776941398
0.01633410232838601	0.0467331391881237	0.43722988131963914	5.352898792947872	96.59614297205573	71.04282165526118	66.2358727524674
0.059280778360954134	0.4135567582239361	3.6186754478703897	71.13207929522102	66.57868988692445
0.7822550796743653	0.06863080139619701	0.46018874211317085	2.1984635978246723	112.3187602398739	71.65612415105177	66.36431214162288
0.7717497640891573	0.04559810607752211	0.31536848934677153	2.918597563757914	111.94897573194088	71.34597369387308	66.38190483256706
0.08712684567526673	0.4171626654087074	3.713165245946238	70.70074017350919	66.13396072263302
0.06464731216896143	0.33450400228322585	2.2659848740347677	71.78153169796288	66.22190709438419
0.05252233768499674	0.3367257808743059	3.5929066844126156	71.4382901198787	66.22651693636479
0.0736197671419955	0.06876396061464879	0.41189331563137416	2.825763754831562	91.47275055684516	71.69146587407812	66.221320905586
0.05792748838469661	0.48747521842478037	2.5149358925471823	71.06990704290128	66.19607093680517
0.07822094862138379	0.5709257191000401	2.6945440887041725	71.24634427950369	66.23186831260975
0.08826209922238629	0.5411952760487383	3.290413360093111	71.0820420202113	66.26204944717222
0.06523812767479428	0.387607477697422	0.7091548038891301	3.2303767433510147	71.56845848107795	67.96703526920045	66.34290939471694
0.06483644150464458	0.3544264941507624	2.4250110519261314	70.93298724121907	66.22627386245338
0.06111798707467031	0.33048116985900955	4.270228740577919	71.37525663686698	66.13658870749123
0.04953105759428657	0.39874908455806257	4.576496715021645	71.68754624481542	66.19146894138841
0.08485823641519362	0.5752468154015548	5.666340125298329	71.28830002720164	66.19101786499222
0.055497295067200254	0.32324099690811486	3.1018728556175375	71.1887202925891	66.08450416206361
0.08605305472770582	0.5353034469210833	2.4083609978130545	70.91638374063459	66.4625319013351
0.06552083127248326	0.33589947796861436	2.33994765459347	71.11394622958532	66.59462784979644
0.045197921309291095	0.4415095322937898	1.362431229739324	70.74884070784147	67.00867754842632
0.07435266523684866	0.43920583072818825	2.3975927786942997	70.68869157497252	66.25686773858357
0.04412649421612766	0.5723609686737589	4.111501703316607	71.13921227142484	66.07246047248823
0.04720673302633369	0.5496381841269482	3.271626148243297	70.90726429326766	66.22031673832817
0.04594224062909714	0.5110561659380013	4.08422610452991	70.72469214463308	66.38450923123742
0.052513361570397495	0.3725937706579084	2.235200161791451	71.7165320794256	66.43122588574757
0.06645047737926887	0.517176552594559	1.4957758867700996	70.91289176952374	66.56877261681345
0.04198625865403014	0.3826719079722742	2.3951815123457623	71.45249648878199	66.62775621622437
0.048497460307016876	0.41359482717481416	2.405521988016679	71.23621369616566	66.3425374920865
0.06758867431029773	0.27446758528135246	1.9850017070378567	71.44282906533499	66.55470031103073
0.05726676921516386	0.4221088211751706	2.3903129777453676	70.98443002350004	66.48460783387786
0.0675151126691006	0.5268870930007025	4.537682052585539	71.09711677673766	66.31562937277856
0.06720371229742571	0.5239988839881997	3.3300051821125676	71.32389732500778	66.35162616633382
0.062673348739623	0.4654391149967509	2.1777749907051316	70.66854987790478	66.29108342719482
0.05725207771747659	0.462671921478305	1.7981445183814206	71.06802591586609	66.30964011074117
0.05282440257659833	0.3885435026479236	1.9435241885341303	71.32416383378235	66.5491038138151
0.051756863913459544	0.321913345580839	2.388105280263752	71.5035330244458	66.58997852598479
0.057397736973716376	0.430341328172922	2.924346611057914	71.6502401986365	66.57476898701353
0.0651358308783128	0.30227527045978186	5.629841684660535	71.39515509534742	66.13980948595947
0.04881294437947757	0.49265812701110073	2.6799665626652067	71.49328697809936	66.27675325164988
0.05300861944446045	0.4504631403672556	2.0660365521251394	71.13696218112545	66.24246784062973
0.07259815357959677	0.35380967931150603	2.266954782652388	71.0794524502081	66.48658471230802
0.06276649318751303	0.38364488470255054	3.02397234731552	71.07661518976751	66.48806161632191
0.05142755473975399	0.33770756146064435	3.2972613525311747	71.12100855026843	66.29254293232198
0.05127649428113672	0.39413530845056965	1.294715899791577	71.40944853469705	67.46976324723325
0.08446298001894129	0.27922545286498296	0.892916412598117	71.1586489524198	67.24947465851132
0.06911505834872715	0.6044169755031175	3.048994548094492	70.92696161386476	66.3095505496119
0.055138278451345224	0.47859589563590893	3.413747826391669	70.64435001176945	66.16443454273937
0.08738298432689443	0.34905657543095125	2.973346237943072	71.15454168293402	66.14102094434196
0.06071263766030412	0.5333151067328465	4.761960973733304	70.85670752044302	66.14563718020582
0.06555142768787185	0.5093755725019475	4.457736908429197	71.31758969791217	66.223791128599
0.05696204621877607	0.3299304375515254	2.6946877259961246	70.69133957018485	66.3901407230059
0.049062628997529084	0.43047979734835584	1.8439488465228584	70.81931239751925	66.29121522741805
0.07200188426193778	0.5212830916643203	4.270833459550114	71.2471480437434	66.11515705527889
0.04090475682796355	0.4264789983728748	3.869633393900104	71.10419327547277	66.22335211581799
0.06375445623534698	0.3599695780001339	4.358118155048165	71.2746429870059	66.22012062122552
0.07390315336630694	0.326762633751426	3.4810714576255544	71.57468485101423	66.31729750689927
0.04915075958004158	0.4852214064679085	2.3416036521154395	71.51627199329603	66.21185636253348
0.0663368926975347	0.5523961899667936	71.38742106624623
0.04907871392260982	0.3695075662394572	1.8797699520992537	70.90415908606403	66.48500977479745
0.04818624759963376	0.4610314756712533	3.399396057640059	71.04879976940458	66.3895370939568
0.05977884139082775	0.6045073709400905	2.1728327287570206	70.82126048330068	66.63479664314661
0.04873249038424649	0.5327635243907732	3.662583129141812	71.2304301408314	66.18540955576746
0.0733631633364206	0.27518031860871894	3.4793868350729524	71.21103123533258	66.24065558193656
0.04447965054045497	0.05037589029951805	0.37884574897976564	2.922406186110983	110.63100087834249	71.62957434344197	66.26373152513202
0.04365646146192968	0.4805771721419894	4.535649780588505	71.49729419533026	66.17980231865592
0.05031231979419125	0.3469122080698562	5.97937156637196	71.25359886937414	66.14113474845524
0.05806708896815475	0.3237923322802211	6.139845437442548	72.37369571512141	66.12049083136448
0.06399220918909455	0.42588924566211706	0.5215602545834362	4.4972659443537255	71.89822620953413	67.66308352145269	66.11217381979327
0.07487809533175153	0.383910656907391	1.9969623982041813	72.09121831367128	66.11217381979327
0.05397694339283754	0.4810908995209151	1.6128261280610892	70.7278439139378	66.66871136008164
0.09033050954620725	0.4481663339812575	1.9879951062056078	71.18408917715408	66.21276769148197
0.06990495764510175	0.6794065627942917	70.65986226291292
0.04290494377483752	0.8593223512314461	71.33853152895841
0.062035789321966225	0.6134094568050529	71.23717445853777
0.08731413203327974	0.07937009380350274	0.37875636829326265	2.282072476714166	103.50781987958514	71.1215580096768	66.19774599942771
0.04435180735782281	0.5205878638320919	1.8934953920004538	71.12935392481363	66.67188217629553
0.061457644729638904	0.41102567641278576	2.17923579888568	71.4840206001056	66.20141165703204
0.043737468336282094	0.49054122161140923	4.483278948523114	70.96859042007684	66.24653758814371
0.04593933568926589	0.6295606305167835	3.388654083569645	71.32306513762592	66.27158245302344
0.04769920250166345	0.4038311946070854	4.29158610437623	71.42080697101756	66.3471972645159
0.052994529082933	0.5357675695824485	70.62445099719815
0.06581567828453934	0.6031861187609416	70.994163058367
0.07085618366900974	0.2895054323771471	1.1366183804800158	72.78697777864672	66.78246464337994
0.06478353714921603	0.4801439849178381	1.9062939587961725	71.22039739873549	66.45339035441944
0.04086569551074031	0.4594026119899633	4.400641067474802	71.04896523941672	66.10512907158392
0.050953997057660114	0.45271403315243874	2.6392090851803367	71.0694366460492	66.26895591989415
0.04866591311302892	0.42281864504243616	1.5760596083851393	71.66049853331458	66.63831607114768
0.051921902412135255	0.3970305250411561	1.7372527499691908	70.96961323365763	66.48112385634377
0.11016026646921985	0.08368833209264442	0.4736438054772121	2.3465522056483676	99.513554983768	71.08236387785715	66.52337143698234
0.04330132868296763	0.42539804397961295	5.938465460871842	71.46718466309498	66.29778909067036
0.057126297149463025	0.3828277105478619	3.928645486957825	71.6638326403386	66.22502462937112
0.06780198731142725	0.4794865439669953	0.3074651152160546	4.752744498031399	71.62491619004089	67.57819307825635	66.18131875483506
0.052435565768504756	0.3409548704746824	3.063691857687906	71.00227531772212	66.26428721346025
0.0538496692025745	0.4476966991720223	3.279055655330624	71.2405527122727	66.31133853443887
0.06230461062366079	0.46994888382324035	5.779945307576471	71.42230931888915	66.18328293150113
0.04166778284373594	0.5938206592959221	3.1205316876196543	71.14931713436262	66.27980775422677
0.059079749208680005	0.7027000797246087	0.9106952054374594	71.15300672029946	67.27149871437622
0.05214771076727325	0.610707463273459	4.572488830121267	70.79164422612871	66.16922821915495
0.0816963426054665	0.43920649426470426	4.704777470327797	71.33409378523892	66.15444768688106
0.03809177872820571	0.5361102090795181	4.141315713212926	70.87907128296393	66.27237605906242
0.03989396124849894	0.36359035242963916	2.1748178522122177	71.07135802027453	66.25561472914303
0.0657040009430441	0.3848564371898805	2.611001847371742	71.49822628223602	66.43383225274695
0.07541924443999981	0.3992541104724078	1.5119744072651073	71.28365831956836	66.82474311463449
0.051730916280612174	0.41206476425036254	1.6676084895959473	71.22978345026051	66.41790909268836
0.055038228785621285	0.3189581983544605	4.298611702658343	71.42550252520803	66.15546672904918
0.04428287004231752	0.3769677529970272	4.368705288168796	71.33803696335856	66.12610022441255
0.0973848609958667	0.4240551144311634	4.547398460831202	71.42443061654977	66.13226894425009
0.06575052445979654	0.5044583580309918	1.731801225797489	71.26411790878957	66.37198901687785
0.03474118308567907	0.5188372275668275	1.038336960364521	71.63783336645025	66.16788335353836
0.05890437117699133	0.4440196438205598	2.6082584346238176	70.72128792711877	66.66155225501929
0.05491646408074386	0.48298644147993003	4.224779051250683	71.4285747100678	66.2685192341558
0.06899656944909381	0.37415553403061586	1.437797192442203	70.86147899211385	66.84679669992433
0.07118621278397207	0.04304018502340843	0.5714269631444351	2.095940770804272	83.15381223178179	70.76978979851987	66.37706869141068
0.07150216635267921	0.4587064360596931	4.783450774053341	71.26401910919185	66.42946318430116
0.050117541432119606	0.5441105533636036	1.944642031623621	71.56597278659416	66.21250673439773
0.04954771792498113	0.6071631174783308	2.148739453509975	71.30311584944936	66.48990533514987
0.013340657566663323	0.05965684453110545	0.3882372089474607	3.388894476153346	88.8766648329713	70.99633902833384	66.17952231270819
0.0634887608184342	0.5215544306915068	1.8535398212053258	70.8942976919977	66.41592324256413
0.05636006118301264	0.31254251918258075	3.2675182009642416	71.5452227027726	66.5198896661826
0.058784257048414085	0.4024620085895105	1.6139027812686177	71.34243828214088	66.60555784474502
0.06504978393821023	0.5109053935156941	2.8583941811940385	70.72964231030176	66.4397659002311
0.070580538013793	0.37155036631724125	3.2716204564144715	71.07146270259166	66.19824463726614
0.061728921135819764	0.35507448958090754	3.793686576389055	71.35829956646081	66.4648195022815
0.03931363852245705	0.33731047669299485	3.7236014444085583	71.30739533100319	66.2058155336835
0.03937143154720385	0.5025776432351986	2.5275100363122722	71.27378984047401	66.49789684741863
0.0640007576301662	0.6964891207960976	4.325710940135254	71.07527183702366	66.2924613614664
0.05566011621814234	0.30068686450697024	2.0233462414292016	71.51185556624237	66.64443557535591
0.06243363218203135	0.48475553935354543	2.411199304900922	70.81649752756462	66.46754690170222
0.05701304954984877	0.49560502725134387	2.8733973361416925	70.84896195630972	66.57292444980214
0.049400632136428736	0.9318731757877287	70.73909673796993
0.04914246305301871	0.287801862290055	2.875487086839241	71.41664367302153	66.46648881005932
0.04406801547893752	0.4446536707689422	2.672699715144265	71.10974407508478	66.52073545185743
0.0626094539990483	0.48778888091073247	2.0834562098589684	71.79064812066682	66.24716371297636
0.057538955307784585	0.3471459649021485	2.4121593092575733	71.15561362170257	66.543275535807
0.05014932899453268	0.6574590026476497	2.3920470866988324	70.91497048671707	66.59540791397671
0.04282519332816318	0.41980803171164854	3.7033248099831377	70.58659369228472	66.27542642541087
0.03789011775675453	0.6513248117892789	3.602937083921484	70.56380626584725	66.158514546103
0.07098919146301824	0.5296787726937514	2.652992722673989	70.95858893851326	66.2173980999828
0.053674888709838185	0.5412812841782977	3.9420170269418837	71.33965813583326	66.12718001804899
0.04575204702840754	0.4703007811921294	3.5581094887451203	71.03172439174679	66.14911670591125
0.04340756982343721	0.43142866429713506	3.9668862242719967	71.19284692845964	66.13430084919227
0.06215619231719151	0.41029109666929964	2.8286105148532936	70.77148651311211	66.12851938072488
0.03436743397915574	0.07519055832757138	0.3887867736503911	1.9181559742865664	101.97978060906703	70.9009037957198	66.6635214312499
0.060714213535613536	0.4605868882379519	6.706497315403013	71.10256481381309	66.18569202720248
0.049850012840945146	0.39724095673669507	4.350620091566124	71.13602733254247	66.20755962193952
0.059935428440950164	0.46647933265154606	5.785880892655444	71.29656273076452	66.19940270776033
0.01974304548885115	0.045531470707068596	0.5563569730243898	4.351133411516418	90.73340183017217	70.68835323140384	66.24065018773435
0.06048743166418912	0.5205107631193295	3.268109102984331	71.03613211423135	66.28119740768302
0.10255652139457727	0.4345110495023323	2.1509054866810238	70.98054492750522	66.22046498412023
0.054122658867841796	0.4430653663172605	1.4072423024605727	70.74723412766805	66.43522869153671
0.06884648973346326	0.4837803668024003	3.2294830505566336	70.62202766303061	66.48628328642195
0.0906592066582681	0.4204428215022336	2.464521008161978	71.20757661810758	66.44303607927434
0.05545681111921045	0.40413621560856067	1.6081804534173678	71.17932998007039	66.33896484635763
0.05896178619247572	0.5590369871216875	1.5228369940852626	71.22797422044343	66.54484660328228
0.057342508048771196	0.3666416150338894	1.2113443131670683	71.10552657420567	66.77838222623546
0.048286254447958234	0.506677847606057	70.46909774419447
0.06513524379043922	0.3444179968826472	2.862088588525671	71.34290399664862	66.29094606609556
0.06617966120815466	0.5085193767398021	4.209707751461023	71.16500596986002	66.14354370353344
0.05704788001704503	0.7981282311975907	70.72129165955509
0.047050504903585665	0.4346011453076235	1.7261422543567024	71.76818972594208	66.70414412616135
0.06166537617929679	0.321719423024752	2.974744651445262	71.28785077398001	66.14637726655315
0.047990669812861556	0.23069335034722613	6.824840415488805	71.67162220195164	66.19625541408229
0.04241229953609366	0.5020535769088237	1.369801373303882	71.35327705797783	66.60229106357414
0.04346062013512828	0.46696420338409905	3.9706919326915746	71.306287436022	66.16910912910791
0.0418815780891651	0.3654496517808972	4.101087359591593	71.18738437706953	66.15605573238328
0.05351679102579164	0.37035110401025045	3.7300056676526694	70.9819782708694	66.47725333676831
0.04773236706286214	0.5128116293220484	1.8781369681863462	71.650246308054	66.59164962545306
0.060712202403640295	0.27479970198723996	3.1789101081096605	71.7096789491598	66.24356168698351
0.0529743352037139	0.2908051521771466	3.2087288611054423	71.06828482583823	66.22711736289003
0.07166285903598935	0.2872047276228875	2.3651517421742136	71.71440464827975	66.26968385609221
0.08221120893620171	0.47074773209011184	2.0636128682549493	71.16780338119699	66.51430297313635
0.07327010039824114	0.37627140242349916	3.843874505400988	71.12852600091331	66.52860728788585
0.08698793177481284	0.3328465454102292	3.0544886636135473	71.52682618192244	66.13557492507081
0.0681143153621303	0.5694309049385013	4.358385242675578	70.83071092197775	66.16117358403751
0.07287755247492612	0.5461711611754376	2.0805100333169153	70.95138031008729	66.41226637775927
0.055716092974006065	0.4258440186286162	3.014325439199958	70.89660334852942	66.25105785125629
0.06415170150304866	0.4980310635502843	4.35923441136967	71.0872465582727	66.21453356275433
0.04707412486337674	0.3821417434651339	1.7666790979299463	70.83126676295186	66.49214528230651
0.03978008750778615	0.6669810849942966	2.5690735091132235	70.73963345543382	66.09018572513588
0.046430027116579786	0.009827183625473496	0.06233566125613665	0.5569416393125591	2.317602989588218	110.2092905121121	93.98224032223715	71.27845017639135	66.26713955372966
0.01698784053183945	0.06474041108107924	0.36631910449095123	3.2932421410687303	93.26775635121815	71.41551588877238	66.29424244559539
0.0668354273735379	0.40799276997074396	1.7164153526844685	70.7349199968957	66.36628408754005
0.06522657917233687	0.4486831281486505	0.9486029321680478	71.08856662025788	66.60389864673698
0.053744370968550836	0.4839908461054025	3.2024595596645784	71.0446986958975	66.20709358044685
0.07125206391190872	0.40491576714660044	1.7892900858517606	71.3289423472888	66.42420793207384
0.05568367821701863	0.4821682370966411	3.12343010067563	71.05201356139906	66.17661727619368
0.05006371791606488	0.4253660406124732	4.745173458529513	71.21381315992961	66.38864930256302
0.08125057713255333	0.608557733679638	2.5744548579972997	71.06741224338853	66.28550594739065
0.053735412327020574	0.41602063267980327	3.69493877228673	70.71096870642927	66.15688275575532
0.06688349528697711	0.7260633634642687	1.8996812536034504	70.69397428918133	66.27845490633744
0.05120843912222824	0.4156832994573492	3.249797084269141	71.10586946455197	66.25153905402377
0.0806845477485865	0.5937507644404272	3.8185063563729456	70.88746539295911	66.32201177901057
0.05950470217355092	0.42687501237138514	3.0719074388870693	70.6047975421593	66.15180071881743
0.06583496489986738	0.275379848675526	5.394063900343254	70.75207214785188	66.20636528028187
0.058770354382099606	0.5293743251767248	5.59859890096675	71.17246963156907	66.29091140683742
0.07125695873481494	0.44541367330231646	2.4709373060792927	70.8215627409018	66.25220261155047
0.06406242731891638	0.47287214660387733	3.8795313798738604	70.77990465409094	66.31326862528044
0.06364049930427938	0.39423547386558544	1.9726547654884596	70.92645770806881	66.0786748729161
0.024606313302671785	0.05286103372136633	0.017151734617032736	0.5185110218828625	1.4342722937096628	105.27105370671866	73.07962317030055	71.30584524908532	66.52744871045174
0.056094291573078645	0.5899741454246471	3.0869446853455966	71.0334227472034	66.26966545337967
0.04738377410568821	0.08503854511923538	0.4897511526001868	3.565253868287518	78.80705534021133	71.2304822026272	66.0719574340325
0.03791989148272171	0.4300943054863615	2.4998802445769965	71.25600346322264	66.44720558709383
0.06246098458230213	0.4372310281468448	3.8767879851287406	71.14061062613995	66.12599444649798
0.04175761807453344	0.3191247550667096	1.7434422246359287	71.56477358067146	66.11949676343856
0.058214092876451025	0.4425372661684271	6.470527015156285	70.90107352770916	66.17875206364157
0.01056853242330321	0.08663558224874716	0.38958264168480333	2.8547077942317123	86.25888316651847	70.73048247094955	66.2484747815484
0.04606740711657905	0.4407475087540585	2.644316288968439	71.06804953357273	66.9595739745621
0.04463770389650107	0.5682364759543365	1.6582907568063625	71.36373789452323	66.35562624482202
0.07085364200639124	0.34377487049016797	1.8186788263458005	71.35452633751977	66.54141125827438
0.09692455114155103	0.38451578117529595	1.6008989032487142	71.68531715749067	66.51817741090304
0.05698956428365568	0.47740919489610495	1.3206278416576278	71.27741658870244	66.20259517873693
0.06389577358717351	0.4235850477172134	1.7540043673049048	71.33826724797264	66.16809554972274
0.05759529717095035	0.4703597921223828	2.8402882385689	71.50980472177311	66.40698134367057
0.05170349860340496	0.3346143232220422	3.0530713205687112	71.215297778498	66.50958356454589
0.05475710535289576	0.2942336666752348	7.058981660355737	71.8283024161957	66.20346949814551
0.04882731109574504	0.499661608751014	4.231482241831037	71.53748893082455	66.20832673186422
0.06140130727140015	0.5083171510595637	1.7927133416559935	70.77647896599208	66.51382822044816
0.07327512294617602	0.622311343886123	2.067816735244569	71.4896036342109	66.06947595238151
0.08479098813960687	0.2904045680189311	0.8060834286908634	70.38988354544594	67.90899461935115
0.058345707027355885	0.7709259158033451	2.8732562059484597	70.48013989822252	66.17163720333728
0.048897366067777295	0.39303776736527085	3.074739801424804	70.78196613273523	66.40631459411836
0.05708863423575697	0.47750940023277577	3.2640594152296614	71.54027644936663	66.1306515806804
0.06766148158132843	0.45145444163424947	2.547896028222701	71.26893003441917	66.18249394161606
0.07288228556736437	0.5037763221143058	1.3698025262697817	70.8216701118152	66.32203756846887
0.06336200595874207	0.5238522000055165	2.9427465974867757	71.81319302559193	66.4994355921586
0.06865300413927877	0.47209012253918164	2.662842319026795	71.28213479175515	66.24302468145385
0.05796244838749967	0.37595116447672916	2.83525327035075	71.331857331175	66.29345141783126
0.050204584843884646	0.5532495802801451	70.65795787973678
0.0666634222816628	0.3255270620496404	0.8397355633172927	71.44262465085639	67.70315475428835
0.08875000279652866	0.4308521242807951	1.9873589727943162	71.49714307558126	66.12385025149177
0.07378947130931185	0.0339071440976479	0.38460733857496876	3.28076930418117	73.87354621740889	71.71749051001792	66.4791696704777
0.06515958904028435	0.4283488395324318	2.765745197814257	71.33521472144481	66.24157715231274
0.06271815418187587	0.2975494261814488	1.468237444478365	70.75734656614236	66.60053603963429
0.04872721938317435	0.31413489913217	5.374210241432598	72.04363075652901	66.31996762168171
0.04652622947236909	0.48705828973244836	3.622292656513454	71.30913089499468	66.15258471015791
0.06636456449269523	0.48074794640280494	5.573477750297228	71.16212330839902	66.15258471015791
0.07401879396312708	0.6781141335535597	3.7450141601581226	70.76966698144521	66.2091695666794
0.03613024414150798	0.06373404338405342	0.5426203107731156	2.7559054955703015	101.50554398687092	71.46224328785527	66.53790280144105
0.05825857626375739	0.35380929605228373	1.9472646900531263	71.41544334026186	66.24587300361324
0.07394620260422921	0.5279435694051734	1.1033501615486934	71.47993273869841	68.1382967364269
0.0750391021128273	0.525587775614675	1.7925251382576688	71.34937408174791	66.23472465818458
0.02925871114420676	0.08182000226244941	0.41118749739490196	3.221829650892472	96.47037485320422	71.1295844702835	66.1718878244338
0.05117490907609511	0.4538825644989487	3.205202728494299	71.29673658266647	66.36543300564563
0.038995477932633936	0.4450904677591132	2.1980358492109078	70.66878357847942	66.33148724367896
0.04137141402519262	0.3127228769884417	3.889319290507221	70.94933900886059	66.29842660045031
0.06957654829714846	0.3393287977626318	4.20951466623327	71.36151321748729	66.12024140389882
0.07043022590263039	0.5464690882133524	5.801463826513402	71.00534300767137	66.14688568608794
0.08629117621960906	0.5803830340068676	3.8409020166211785	71.1787153000359	66.13812226691945
0.06750072853445768	0.5682312257972518	3.0815471202427123	71.07531534404332	66.50153618461422
0.04825863779822071	0.5409407382716552	2.0521145348425343	71.28693508800862	66.18630499828595
0.05553357086468468	0.492160059767096	2.073369578621311	70.93067412225531	66.61874680429428
0.058930185231231565	0.38276420000804234	3.724780284374813	70.886988756256	66.227005151175
0.0431884465649737	0.48672228654700955	2.103576448432742	71.54903555123491	66.42515308067327
