0.1436844159601215
0.07794629102366363	0.2870619529529867	75.960624240213
0.07753584015081427	0.19923194671966574	73.19037489511331
0.0804754749401817	0.3777384961605195	77.51771929318795
0.058610727752488004	0.19087307899278763	2.118868425676357	78.62397259151639	66.1712452419404
0.061736795364908614	0.2513110575298406	75.7070638817323
0.05731033977992898	0.38620619285070557	77.8822232261081
0.06679144368922219	0.3094916973679577	74.96861473212401
0.06662312858023496	0.12482260059904346	0.5542989206909057	92.75432115088383	74.80927919186803
0.0585810970921163	0.2355071644456843	84.49056979881539
0.07076203572922865	0.31282964793360646	79.41839066195975
0.0803693654772218	0.1475728198617298	85.0602920999676
0.0563465216928652	0.27971059707560625	76.81765298086381
0.07824258284431462	0.32764218459055927	0.8459371506398675	77.37307531850315	67.28738920045707
0.08611985829345103	0.2986600161527485	77.2523206181108
0.1289393628583794	0.8353549101504407	66.2075284465205
0.031204940574045242	0.1176811852750739	2.3682302837158353	98.40719121950748	66.13124185414233
0.0821401148160107	0.18830670065268074	2.3583590692223475	78.76109943746849	66.42514790474078
0.10639881657631854	0.9630530450580065	66.17009574715412
0.05934610201099081	0.16850356331006328	1.917217400289223	79.84630063507143	66.32884952612166
0.08414467543949972	4.079746593815702	66.14858803966827
0.05576846823997478	0.0715912128450011	0.1397788418232573	1.8097775202528863	109.90839994242475	79.82151627794251	66.27753346712154
0.04086268994028101	0.23459345039859564	0.9857834698333485	83.38970425348465	66.79164251392262
0.12550938759764357	0.7897984744521069	66.30466211512338
0.07946836646958998	0.1710553177341277	0.9873935447352432	77.66324933844257	66.55562411041322
0.09731334735933722	0.4002118196011135	72.49013603146575
0.0716515177278157	0.25042348527211616	76.93709652017947
0.04435593472267973	0.35720549002895724	76.27772513681094
0.08755680284881767	0.22675636673802216	78.05674367864967
0.04555887528364814	0.1259180034143853	0.24036900790533125	76.61306943474919	75.44850573443203
0.06740377845512051	0.2566961090952587	78.32745471835047
0.06466268795902476	0.24765949985823132	77.57360969523853
0.050186089202361714	0.26806206809843697	79.80415302699276
0.06719185143668366	0.2362868954063753	78.9167539262346
0.09695331150711199	0.2691381911493607	77.65257749957658
0.06845078335473653	0.4234942644947706	79.79224133899265
0.0971727275055838	0.21582479620822348	78.83914201575402
0.045447114788469085	0.29849905130018617	78.62208672140682
0.06411697292738557	0.3447819687556378	76.44578272032902
0.028858801176025486	0.164714300055993	80.4690954028792
0.037184546628938116	0.240863614012943	78.60071487690611
0.07433882008255036	0.3350042105233598	77.74625552239301
0.06073779184184901	0.37737433130048403	76.04249954008858
0.049402480355288186	0.11862008106018411	0.3198301576634606	0.7113778185941999	83.45899434725233	74.84257781336294	66.09639308537301
0.07954963020350064	0.333750035475859	75.31066589124383
0.0401379473507745	0.05027537735951124	0.40392768063047496	119.94015613581927	77.85981538180674
0.06689557699631787	0.22386908190223326	80.1078420239845
0.06826621118010308	0.22845546613814563	77.21993522877715
0.062121853255054475	0.2115691784475922	76.20114410882947
0.05872008280187325	0.371131439498822	76.44296979845485
0.08066744205457257	0.17198204751577537	0.8860901015994366	77.34655600294734	66.12083159887896
0.07481496422391569	0.2549510608243787	1.5626319321643585	76.26503060717617	66.28530341296353
0.03241947912281974	0.2703951203112	2.3698149754273685	80.76964294699178	66.1021059180359
0.05436424617378747	0.185280545680007	5.650250200241073	79.20334483856611	66.44184302472704
0.04337009038116735	0.16070005552240538	4.777187333093244	79.56267413478376	66.42657336723609
0.11029244313677784	3.073026791868907	66.13850476232042
0.09857046108482412	0.19389203436043614	1.4859577279258198	77.93943410220461	66.37744708564578
0.071793172069652	0.32633339047627463	1.1076355109512914	77.52429870825527	66.34886893350784
0.04292454570895287	0.27247061102109565	78.68989047154525
0.0727743339675511	0.2959014964250029	76.11279154679293
0.07126870118962761	0.22053065021267132	79.32883131409724
0.04975767339075408	0.22623405293961318	79.75066960191998
0.05449237524056966	0.16767350320231134	0.21480401226313303	78.94049596162148	74.16606705702257
0.10734271895845429	0.054280744738266065	0.24965254388882024	1.0525286738194075	119.44167307593352	77.69001436081804	66.47925120037893
0.04669179456742983	0.3205801062285814	78.61245756642242
0.05219551183827607	0.2632042506693694	78.31098671239766
0.03555589391434355	0.17021415120026234	78.14144800426497
0.04559553321740051	0.31510623786619457	76.10229671598414
0.04794223733767933	0.3552865519887945	76.81698312238645
0.06597406441053204	0.970969346519051	66.86754672749886
0.046378770544268616	0.12176327474930661	1.45565108332517	83.2937814272386	66.29500775490371
0.030334680282759482	0.11600631817628247	0.7347863110771901	96.11945827355456	66.14198765123194
0.05548687573050025	0.14135645321643084	2.299922321865902	87.06783413749834	66.44688224320392
0.05705308050345504	0.18087841557694137	1.7123379792746733	79.90434914542332	66.58970492141549
0.039674321430107434	0.17869923287862097	1.9354050728412293	79.64894696904521	66.54791192446527
0.0704437255936443	0.19436313081442524	3.1304080584875744	79.79666944514295	66.13591935744174
0.06876534833249891	0.3498668135357993	3.744144320942088	76.25269601561685	66.12725681120122
0.055671962962486325	0.2558448525910406	2.2163527914775063	77.77523791322523	66.3675164036494
0.1070836345547299	3.0538637013376175	66.3656599377218
0.07446119111404735	0.195176562333892	0.12110611475640841	3.549187884562933	78.54629444362588	70.67648929524567	66.37371666587181
0.08108484906473534	3.423465152716286	66.12227644734817
0.06084723200629314	3.100040166051638	66.24168969665796
0.0964051284486459	3.712835670378763	66.37371020829728
0.07787396203821374	0.17740638349451682	1.1958795908440527	77.76495723570524	66.39419033041979
0.054141288836906096	0.1991461397384017	81.31021247537988
0.0497490264007878	0.17466952286310466	77.85578375677783
0.053733612666096164	0.15271567720501286	78.15079417857231
0.06031376037452576	0.2433861742919829	80.5202017634339
0.058340814675422396	0.22141593621482925	76.15534801665478
0.045177969654153535	0.19845367116179463	78.78832941821446
0.04817869801722305	0.22199884377799756	76.13036728864613
0.06662455981574349	0.3484600128372962	76.45511839559695
0.04534695344197071	0.21863105895225382	1.4821319609307129	79.14342364001688	66.23261586373988
0.051309476953949475	0.21637515741287333	1.0329423475659207	76.30424648946115	67.28213924503594
0.07446599218739652	0.3186616653556037	2.533354555467343	78.10096513370347	66.4614033885797
0.04434209532415725	0.2925811077217173	1.448961898887485	79.38986193840464	66.54247967183527
0.05946779311930902	0.18075029158310235	0.2535407420963664	83.29850509132875	78.24954654702826
0.045709651487176754	0.1592003062850793	81.11049732705607
0.07441279428538765	0.3262991565016263	74.73234476106255
0.039553522806847465	0.1585770838799668	85.73609491230499
0.06295071523197338	0.21715680463304882	77.93873728610217
0.06110210826558558	0.20622166891589777	0.3898143997475687	78.23964561929044	66.41008758875152
0.04813998295565393	0.1923029910613247	81.62881087051348
0.04497054300318125	0.17934396745425368	0.6082009094753099	80.13450360413619	67.89076548276746
0.08163361308199057	0.21770547155601466	81.7451105912875
0.061340172710077086	0.32665170939905297	77.98563814104646
0.04854375507163857	0.21623745923577212	1.5010627126522447	81.0738016469313	66.44665406945344
0.03862210374504043	0.19933013824384135	1.6046885922414018	81.5993724396858	66.5512545907257
0.05350122663332553	0.20014500849369538	2.465385105481487	77.7958776499548	66.28444019615591
0.04272837534237738	0.28074658990293544	9.333819609113167	78.73162324443835	66.12262851142675
0.06617819259674486	0.2396803705177306	1.3490751566126897	77.77512645051308	67.33381226032098
0.08140609354136329	0.21786713525344917	2.0123089213812113	76.92362622094474	66.29889053929352
0.06788709577230968	0.15666786992391318	1.4602788324033122	96.83250052141881	66.64285627966387
0.08451387303419908	0.49409010712330975	66.11104461227754
0.07983493108611871	0.7890230776658345	72.0349821564702
0.07923981299352828	0.25309494861264603	77.86104921366655
0.09798143826019075	0.048399862299931685	0.2813088097118784	137.316783455746	76.72466243178035
0.05784124718889448	0.35596616556231964	77.33630416187057
0.07397327934462831	0.21526770165915082	0.8440216688546627	75.51533233818009	67.22439409514104
0.07217679689553926	0.2037783896307217	78.17087164934222
0.07879902149168588	0.177299749124717	79.45763458644838
0.06111237328350877	0.4853747676946717	74.65245479126631
0.04909148120115108	0.06063092816614868	0.165481394391805	1.9380774590610028	135.5026527193209	91.42727832505493	66.15098251903666
0.041805223255187283	0.23950704388196456	1.5386235517140119	79.43218509634104	66.24628719431486
0.08744374840888088	0.2908471885916842	2.065442343755352	77.76928067601908	66.58999734471948
0.06805418422480361	0.2687088354822404	6.293718267060412	76.20704064655149	66.16688679703579
0.07034703502791448	0.24658314901148615	1.4833187301999822	79.24294093533628	66.40597933377218
0.04787252961335891	0.3016873869373469	1.6796085901582167	75.86196910597208	66.1572683544605
0.07237806388405064	0.24948856203778866	79.34936960799445
0.07610290123111715	0.32607407106800396	76.55444014557152
0.04743819242624219	0.3373638759498804	75.09145535364486
0.07803495867834005	0.25453317919139584	75.82054901007115
0.061666461134576994	0.24925256567677062	77.40927347572722
0.06058645736125622	0.2548310782592626	78.46990169891525
0.07480641925138523	0.34214092596824186	80.45041362434702
0.03773047322418125	0.3395462050555858	78.2049132401802
0.05016382688500125	0.11558243390814496	0.2903458451889697	90.46085415156483	72.58322773270025
0.06593556251114267	0.1958619836946755	83.47582835105084
0.04307603918107752	0.2624550549421545	79.55814823041682
0.07089201260821618	0.28313117806105204	1.5545721746982057	77.27683154001053	66.27226151994789
0.06970854357319067	0.19500575624346156	3.675098823739994	79.25274233651437	66.38405643792737
0.048121532872562406	0.34603355205011416	77.8323883385951
0.0693401589942574	0.20256159195815562	83.545173536961
0.0854733979362481	0.3091062058728555	76.7558626452804
0.054833826862696916	0.33006335962623506	74.57901462164912
0.055301141511148566	0.39388346593900914	0.2693965995528957	75.93564046953169	71.7808585840612
0.07701792053143484	0.23751188246490298	79.25336951320413
0.08326718232976828	0.3005174583772565	78.27500589106431
0.08738889263909506	0.3497877480137099	75.6099511050543
0.06707839668300618	0.2921022795426808	80.06543360402927
0.0657177240531507	0.22845693865121466	78.54583414603816
0.08033949556093081	0.2395188137119846	76.65553306094533
0.06947886079406138	0.15905918667346466	80.09816917234637
0.03993544599633847	0.26700757410379694	78.74819619939827
0.06853845766517352	0.25891576873748995	76.65085924300936
0.06526185423915094	0.2851148372253607	77.4972595133921
0.07882789330319477	0.19356167846988645	79.81882367193087
0.0550335522817083	0.33662394514863536	78.82080339023966
0.06737616786418285	0.22538858403056145	0.3846412957848685	79.34157101996855	76.71518000436454
0.05435362975165285	0.2916458787467554	75.42093927782321
0.07343510426594307	0.2969498209323132	80.19078121232953
0.05992017680319797	0.33151025662499156	77.20810453153054
0.06505213416743555	0.34820745476077025	78.0826746207223
0.08648154109031805	0.29233270654314814	78.95076790722584
0.05617890059568148	0.29675433247082716	79.39448099425884
0.0818483539502324	0.43765412410414245	73.53506728788042
0.05845716673718564	0.2450940036938247	77.82920498805237
0.06642003950124939	0.31412470389663544	77.05434666101493
0.05034352220814207	0.2575589118809784	77.74334423218839
0.09819193555736784	0.6120286973404467	73.16881652247042
0.057401242471687645	0.37076916532590126	0.24668577965725666	74.63647812922139	71.21671841694871
0.07817647239994349	0.23185050206456478	77.47384267396964
0.10781008233573516	2.9767172233522903	66.36899097624345
0.09760758863138617	3.337770660876105	66.18339759406628
0.05916608674298274	0.18607439324337033	2.6726129276949817	85.47095470108796	66.36981720090621
0.09664428230829357	0.17285398169859048	1.7114988452042303	78.26919189894295	66.38439959587302
0.06793226831687474	0.20801910437247417	1.254655419960499	78.8615159709148	66.09655355422184
0.0523133975097204	0.2565421017988899	1.0423659926978153	77.26145632555162	66.44806909087656
0.04332293542123282	0.2407383101338921	1.2376690183889916	79.5894583320625	66.08576385406612
0.10136568025568471	0.4223623728034532	73.5892285233539
0.05906722744434265	0.22470453333458681	76.88963177161949
0.05845215576221409	0.3707539852247041	77.32814567921507
0.05844929002242584	0.330332040992044	76.61347698564853
0.06540144788002306	0.21605803086319716	77.89233085499367
0.07314311811183873	0.37437642457045517	77.70307598422218
0.060566841875042014	0.2298258036503704	78.18403353661581
0.09086442568133817	0.3269175193874038	74.91893022607785
0.08125735600866446	0.695902369429549	72.48391465358425
0.08532692819791393	0.41393531713058573	75.82164341530786
0.09233546104811154	0.11837993115715238	0.23351822923338075	79.4360432517978	78.08899267656126
0.06695980409920545	0.33139325974551226	76.13738709583552
0.07810487191837003	0.32368806015775053	77.94671013733856
0.035541684350410184	0.3629080717760546	79.5329502634409
0.07412251997977763	0.19381564194660356	1.4385445011236684	79.26996189002345	67.19959327418026
0.04741147060539764	0.2837233718323383	2.8681706333988344	74.97014687595627	66.09085524731739
0.0942901080688358	2.555973565022463	66.31542666075681
0.061754700843675035	0.2699303302564579	1.3320624199829159	76.33619081032998	66.30267570404001
0.0811828783553767	3.452595688552029	66.19124751234861
0.04833939828933587	0.2149122286330337	87.40821024166124
0.029577566476176032	0.17450127309660102	85.96803088442671
0.0671357824736082	0.3560847423929681	79.700300116275
0.07992629463517383	0.267516659755622	0.301676976264017	74.69197511392176	71.23169654478367
0.08682576624110162	0.30287372222590214	80.01755504482291
0.07808622169507069	0.4441957504330224	74.69178102759352
0.09463219730092681	0.3372929004984923	1.1922423665072448	72.89060913282795	66.26826780001132
0.05903718274438569	0.29541921827852025	79.3273616598218
0.07047977890192395	0.3195406746656441	76.08053979717776
0.0586620273587797	0.32877103832783905	77.63478692660692
0.06434281253298849	0.25780828592531885	78.3604509772112
0.06516622708726173	0.31687274221962003	76.11591285872728
0.07731258222019151	0.26223047898450974	77.38893156441775
0.09011444661885744	0.3019308052229417	75.01474981307797
0.05873880900146609	0.2962208205543788	78.00720307432984
0.09313321375376776	0.34401324715786075	74.74843909566346
0.07449950441683273	0.32561790621442793	77.51634306897488
0.09410273184224702	0.27118630361375673	71.85421841515918
0.060559870023546576	0.2629482665630588	78.88530192073034
0.06265683821470046	0.19787193787574667	77.21994491717753
0.06968704495133007	0.28110746014474136	77.6576634028106
0.07338691471713515	0.18990863346463624	0.5561805407388254	76.64010164586738	66.48694329773936
0.07325531198064118	0.2799035324318058	78.61820381049851
0.05369174014682709	0.23999939418873972	79.00604198966691
0.06261932329410365	0.1814659728561414	1.3311842080753813	78.91343971097363	66.48656209369913
0.07864650982761359	0.19363590258141766	0.6627833047965452	78.07030604791066	66.2686227312829
0.08492295639055096	0.2793574591855325	1.420669469645823	74.9735959098554	66.48633609730331
0.06345987785909331	0.26244549675085527	78.39698348676293
0.05970094573212884	0.20082663535256637	77.70172049773667
0.05896199332374341	0.28098242417546354	0.5385082724664947	74.94341773292163	67.33981506028714
0.062171172011061045	0.2277450716737234	80.93763747615317
0.07830968727854538	0.2694489022889791	0.8594541124694502	78.27190374780497	67.84984814682481
0.0474907404815062	0.2536771978065895	76.8830583773681
0.0533493872825986	0.2796897978857382	80.08309321509388
0.042596947244505835	0.2709873456230249	1.194239616366696	78.9537281499801	66.85491496920714
0.08967117543041526	0.76197679959762	66.33977359606205
0.07007453529088223	0.17693998075916859	83.1124960638887
0.06542958252701844	0.16806410761609172	0.9752965717926964	80.76623257365597	67.03398371159585
0.0570468040216126	0.26752283961238604	1.2366858053456025	77.82655076608938	66.20226058625227
0.03570901401352891	0.2408569335368794	0.744704855089638	79.00001381159232	67.71611370720399
0.05801507371248775	0.1892753849697081	80.29436346206731
0.04923825933389324	0.16315255749727534	80.04802106540679
0.055186727666835814	0.3145540323924335	75.9194400574889
0.08061233983164343	0.3363796410710233	77.95951396970436
0.07423495694093875	0.3641089178651366	78.66843169670098
0.04353955713858873	0.28814267782193925	79.20787139166487
0.08313519106934997	0.22574607775833	76.90607344045978
0.06669141100090582	0.3242105004130225	77.26848704708084
0.07558717479156016	0.361123451850439	77.29236722847685
0.06571203003392054	0.3069902083336925	78.73421088605713
0.03680708682946712	0.3218790212844996	76.39446749925567
0.05918907025415923	0.3414538005396182	75.88521259699888
0.0547954476748309	0.34147151098874673	73.01894346849399
0.04462327657739123	0.32573121734215954	73.42090903819934
0.09505488030271138	0.5012534369465342	74.8954129447318
0.045728630423108096	0.21260249045832966	76.61298789617236
0.0690026903640318	0.2829461421874674	84.8307349697646
0.0621524779403037	0.21027579564293067	79.76741672344659
0.07255016029923589	0.34350465075002934	78.39241939015339
0.07838419661987718	0.45130319239262656	75.14857225994703
0.0666951145265692	0.2403583629633812	79.03005775020107
0.09008980680325854	0.2859200925736773	73.66387546860904
0.06119001777800247	0.32013113881164035	78.99490439536525
0.05759087902869754	0.12694782269675384	88.6916439153682
0.09916548124259165	0.4814151668216343	76.07034929374147
0.10283307796812292	0.3131823829638506	74.39682871349926
0.08730506142311438	0.3060122027637162	75.91061575914428
0.06706909738273115	0.2660832959255845	1.6202508592770881	77.63559782330806	66.36723808579255
0.0972803943076072	0.3561487757243267	72.36928593956911
0.07771366320962234	0.3174081246553325	76.84333565547902
0.08779254101302722	0.33396493326295845	77.42141934747328
0.06054876440122176	0.22517070730908004	2.258607623669098	78.42098846369184	66.20750014886264
0.07955093519177621	0.22018494920965773	2.3409483163641487	77.5014219806927	66.11648004423883
0.0861542430101407	0.35338262795838005	76.74870952920895
0.06567591125939787	0.39415166019183834	77.08790919655259
0.059438376353489024	0.3133221301684214	78.49807559028572
0.03607851515865246	0.3219463434632744	79.08075928370673
0.04241283236909926	0.06916919289585821	0.17677605874495222	0.35262906742830114	121.20616819012984	78.91689650764019	74.25449443765962
0.05940069666302785	0.3933960324217622	78.43684202656932
0.06492271278376863	0.26735386524628857	77.39381210119528
0.08585989165573972	0.30267835482933675	77.19091440574307
0.08354141775825485	0.3500003625640171	75.25783077903206
0.07290990455337858	0.397710882513058	75.33078581015371
0.06817808465795869	0.3475950744714702	0.5863837989479922	77.34038148858997	66.33069320515597
0.03150722596221724	0.21747897141343853	78.07220883625077
0.057643391879313464	0.3170130414091624	75.54826315496649
0.043480040109639545	0.3151902371859518	77.36477499455118
0.050430391007518616	0.29043324516485797	76.6730760009962
0.034484523688045575	0.24361258617685255	79.78529680296077
0.05774413696849956	0.18809100987090532	84.67379222075002
0.04802965528308496	0.13815859487973975	0.6427715324732085	97.72303605023647	67.11005337147736
0.05294361039203547	0.2251370411823891	79.6034906752543
0.05508004248253259	0.25806996899285617	79.09157167390077
0.05218332825676456	0.22234284057146442	1.7221561839827597	78.22590639032636	66.4094824234379
0.06848852421410663	0.14091540686870938	0.5740202114631409	78.0440453497944	66.62263418730176
0.08191755080414058	0.10305315636379592	2.211766573012175	77.94205737809291	66.87829196443822
0.10655081164843659	1.592511812635821	66.22263853487428
0.09964740365753831	3.53865723966987	66.12984691621763
0.06061081245246806	0.15267350455960607	1.3337405129531534	80.91746268050956	66.86417741793203
0.07356551827273672	0.1401731858956685	2.2309483935086574	80.06023717040685	66.32700110179903
0.08087811664219388	2.4832856810161803	66.7221416581462
0.13336744228867162	0.09923875318007293	4.783756549770785	139.3118033104441	66.14646830896628
0.12543052041632383	1.412780974541016	66.31368104450335
0.08768227341822926	1.229136765160802	66.34451460586291
0.05776021763212831	0.19706053362879808	2.750113344258576	79.03554025404242	66.6221945646333
0.058094951049032874	0.21712239719928095	0.9836536730999386	78.91435792466868	67.16213132420988
0.046513453022780274	0.2396436141801879	77.27369853781212
0.0735285657871365	0.30112004812888643	77.63529080474913
0.09072601725060149	0.9263367651446748	66.35858235919189
0.10372737121615683	2.916250506453365	66.16691218451527
0.04854725740984554	0.22315606218449252	0.6602186987622228	79.65040158162516	66.55799023091966
0.05590669263893869	0.2993955748379881	77.77237134396808
0.05450732494157115	0.34960814722315203	76.09357283529778
0.04357182169940934	0.31995853747907216	79.56425469844007
0.0420910231139355	0.22159415791243958	82.11436283262786
0.06245266169696889	0.16264099796038603	87.03470877749416
0.04072856988589753	0.33979133644259524	76.85081360282948
0.05933745251391781	0.3532857919392704	76.3026132831184
0.05753339122995039	0.40158078003167375	75.26351026582957
0.05935647239036177	0.31059369708331747	78.92506978478997
0.056317794045433585	0.28704090444665287	76.68685125446295
0.0647678968839377	0.19808837402166873	79.26243914438317
0.060508500707883967	0.15445225254061506	80.19124337908394
0.07364069967882447	0.1583359511551012	77.87400661626485
0.046724450749676946	0.2202547605815387	77.7656589266792
0.04448029712385914	0.308268469020492	78.20069119192462
0.06401020456808731	0.2624374162135097	77.8528248467055
0.052319292770973504	0.19180771870860444	79.07274480333852
0.06016922685713901	0.2373762731080306	77.87693379586182
0.06348458073210277	0.2909689903113292	77.38879759929979
0.05851060845456848	0.2323564649681421	76.98148539873345
0.07415019496732213	0.3951965797206168	74.55993263043385
0.0799178569326464	0.44007404585720655	73.35068550255878
0.04148461738811454	0.24236709203764062	87.93635407486488
0.05940511302106062	0.21375661966595683	79.21186017131275
0.05490222989949743	0.25487601990658454	80.06252508088272
0.06673184354621002	0.2342953119288442	76.43718020996619
0.06753285011189453	0.279289864450604	78.40108198957412
0.07931522301033712	0.2692498081493777	76.50639198882078
0.05801857365797975	0.1705786089848974	0.8172239545537011	79.84587337046335	67.3579029904799
0.06391196251725617	0.32877315381935207	76.194827148245
0.06173439404554597	0.26546007814974093	81.55988206423476
0.07014609308984007	0.33721595194989734	77.49878426646153
0.05982648311165738	0.24051053416222815	0.8939483660387845	77.39611008350222	66.31847883779592
0.05792437579372079	0.20355746667112357	1.7734864898724525	78.36479043295088	66.30240924123515
0.048596230766959944	0.18890268058841783	2.592708922028084	81.82053045851623	66.12476824473164
0.06198016102664007	0.19513254290269352	1.3768122841169161	78.10933780387529	66.4210075173973
0.04896503679078259	0.32028108397822164	3.0894724096886303	76.71688799532289	66.16595406282755
0.050432974919423466	0.2456532454118813	2.438204686120959	77.94471985362557	66.17407324274076
0.06985663605162735	0.14793425820232592	0.21425273945091736	3.215264179615696	79.26446402278583	67.9019143226873	66.19607213210791
0.046283951605140934	0.016593854176678618	0.12837169665983925	5.811033638883916	99.03417641982202	91.29662043706787	66.17714347482945
0.057562210427958484	0.20461759659591328	2.3428370990204277	77.14502011468245	66.18463594861582
0.029581965217212312	0.19088427776017275	1.8613015769641355	79.37842307596856	66.40068498918947
0.04105550817321758	0.16140681724129993	1.5898259821661462	81.936615724673	66.09396659721592
0.032021045165095116	0.14462588844697377	0.4719546241175177	100.8622187693195	67.5910765705083
0.02594820820385777	0.1447718888041777	0.8822459519235586	96.70906628007073	67.08921802316843
0.043351044783291	0.20290148642417055	95.20635921612518
0.008833084106483063	0.13568098528847328	0.610970338074723	96.2652576582465	70.11097333485473
0.05063191945627591	0.12746595477864175	0.41408146230071485	95.2830250708948	73.15200629933545
0.04626177409059243	0.33621401142828444	78.79328951073349
0.050197868331388375	0.24372321376708037	78.99543805931737
0.04514425353465993	0.3636398271495131	79.8974600679498
0.08186593043751124	0.05523263327917845	0.26971661795912905	112.96473244971247	79.40888707186363
0.043762133429199844	0.2195533989217938	78.17892133363223
0.05875228979172703	0.28829130959068144	77.07611429102033
0.0557646446390526	0.21287901023848038	1.5046675590061993	77.94744245813276	66.36597191355159
0.08320735592422669	0.2739075633199473	1.156731707729736	77.75711394722296	66.1807817192325
0.05013804582009116	0.2376622225986933	1.70327823269388	78.82227711109277	66.62405016369152
0.03258807516787215	0.16840982201113677	5.751066654341089	88.47050943470867	66.32065494654715
0.05016930403138076	0.17794463888948053	2.5278037040418044	80.88438100324294	66.559691666504
0.07449342078916385	0.2384976307241594	80.18720280983302
0.04980635415493892	0.3102611936477797	79.34501770089398
0.06473926848920901	0.20483253914096405	77.82340136102387
0.05734053174374764	0.31719997315058945	77.4193977889475
0.05829380095641439	0.28785015943314235	0.9517119435735212	76.32966786362223	66.41973147534159
0.07755187255777582	0.31114800243565677	1.1807785915148494	79.07082780075207	66.45019472115217
0.039630004206412134	0.08566213390214052	0.275100537334029	121.92451732161886	76.44686559676583
0.061205921203713605	0.23003684826074056	79.54260407195773
0.06431504811869687	0.2639066429663172	78.65501249517189
0.0665272922749795	0.2676358772441555	78.42313645000787
0.03825986337373913	0.24357905765842214	1.7176333018998322	78.54203104570634	66.27880721561745
0.05697593143377186	0.16118465420837683	2.61000227037484	78.42850076161128	66.39658920853063
0.0635723667819006	0.1847313916528947	2.811613266345067	76.23464741049192	66.11809708088654
0.08751314378693224	1.3280649020017035	66.35488682034212
0.04309151296098982	0.15336103283862815	1.6655051539126484	80.65044997204163	66.66483868485916
0.058079838824472756	0.2449751920160465	1.7431138732612623	77.95999311505696	66.30276952590845
0.06541533808409972	0.22097463344503365	2.7975882591287444	79.40592883342096	66.19648157789162
0.03959319151088906	0.1430895634189376	1.5233919744849962	92.6056275354566	66.14347682150935
0.09059649516765089	1.8738333982470612	66.80341178039947
0.061797370952696204	0.15581372807831362	3.8098649153700928	78.16046451684467	66.29020698282835
0.03743102112932097	0.11878063073759458	1.6195697817672825	79.83034511184958	66.24682059196735
0.05908179181944845	0.1746061767318727	2.4756679944983233	80.1655168310569	66.49662031495218
0.05196074778051037	0.16886626463076534	2.7227683032684524	77.95097899027529	66.39650479967685
0.06099256628629299	0.3002194880373153	1.4260367863334125	79.27343554897575	66.3310953569045
0.07273802588719074	0.32631953450537277	2.336479673636367	78.36189457885942	66.24787341425407
0.06214988521327253	0.17027574386832123	0.4574339360427628	84.45200797963567	71.14131861291591
0.0574274640681644	0.23117356703897382	79.26137646440095
0.06478556992363939	0.25535559225883503	78.12782046502754
0.05127638937753017	0.21844762396669343	78.18255855205668
0.07380542818781918	0.26610562946840993	77.20790069718016
0.041539812283065206	0.20726298343273858	78.29833266700207
0.03717813063245937	0.273673054381093	1.6605264199846632	81.3570430371341	66.17451864359289
0.05391944838952073	0.1495455739039027	3.771730342047963	79.86534073268874	66.13022152166448
0.04990330894022589	0.17954000969415806	1.674380830607638	82.26332975282634	66.1230041742618
0.03819011916214973	0.09989190966359306	0.29209149383272814	5.098169854725044	97.18328957517166	77.98319433983289	66.23694496946163
0.06079135922843534	0.23711480406306423	1.8907227112387084	78.83064589924356	66.12395396051797
0.03655926957831771	0.20194637682419786	5.666812184037525	79.45617858555842	66.21954601196519
0.07595975380895861	0.18432145143669715	1.4069216629353478	78.17555640583349	66.47296035780676
0.12679875457067113	1.5029598059977374	66.73839754150058
0.04317291781402197	0.14012186933952495	1.8817462703976118	78.04934058293692	66.44430416119978
0.05624249539798968	0.1308569040616806	1.2609969801799228	78.29340283604022	66.23152599306377
0.06590925028391056	0.23613968428776014	2.0791641122718016	79.40929762241205	66.30636965776654
0.038124558533158555	0.17473871919121844	1.3952301932453663	77.89591569215558	66.12627032759083
0.051961457345917235	0.14637742796806727	0.0501340672500809	2.8418527278279075	77.42762540184046	71.22132192879273	66.1626366548713
0.07897125427117178	0.13390128488941283	2.1088226011424345	94.71004297063674	66.42808996792292
0.042564883814731565	0.11536968842819699	0.7259003587214213	92.49761653042194	66.6932577835325
0.08218201804446043	0.7166973421033594	66.19100428765468
0.06517973313285554	1.8417547494899376	66.451047002779
0.04092832734996625	0.10259823646723423	1.5205399241677926	109.19318815475036	66.22758898185495
0.0433017447654856	0.1220675314845564	3.6327689087490076	82.96759456793205	66.16246307779382
0.07551382533334892	0.06228440190345173	0.23403132274956445	2.925391298586064	82.9109896680854	80.05940651449303	66.2485565691498
0.07401043199703386	0.2419543651731012	4.940781412808973	77.97376390612126	66.19144107254519
0.09032873779586414	0.1779924999481009	1.235683533386077	77.3288675873498	66.35202974778593
0.041110977014075234	0.1701222706302345	4.058720657421305	78.34602156933241	66.0982169345755
0.04929618076163141	0.2683220078534903	0.09312473326132888	4.270665565366043	74.15858974978447	68.69596793132496	66.13325230680564
0.0469126246939821	0.2285753906920018	2.7210745341989666	77.75459904192972	66.21473824232753
0.03390840782169505	0.1840774189843742	79.5075753935818
0.06645745112940797	0.16026844253811284	79.00386536400838
0.07169668492054775	0.4006534639949044	76.2536204538215
0.06327656670697056	0.18303646186383596	79.28332593389142
0.056448995092202935	0.2991496344141685	1.4124335278050077	78.10986910162352	66.69040656928532
0.04245789270388742	0.2126329372355174	4.243267252862075	79.38808000260309	66.15633773429715
0.06328261775149041	0.43179007708091344	75.75540581233432
0.05600311338764901	0.38356791950156666	76.53718811445256
0.026252013425218858	0.21658027526245047	80.54391252961825
0.05060258115186082	0.199971542543146	85.21957023506945
0.04097141934055839	0.2841273020102992	81.62618073403274
0.04341063061446186	0.12365628004372223	0.3112138273445945	78.11232115508862	76.0195380375706
0.07724960411173726	0.1632233105107046	77.28579731259602
0.06708239172219084	0.2514332964806725	79.43355059832567
0.044506509973530305	0.18627614481306012	81.37056095822915
0.055361708365250464	0.255870127668135	78.87538029382
0.06577882077534108	0.24218312040376785	77.71932868540672
0.03859887410054771	0.17603456244102877	79.77081968213808
0.12686016105217826	0.06616567985626172	0.2653364084351015	137.18240585787422	76.52093252711327
0.06097913056745567	0.25985898263206403	79.740113458289
0.040203084763736734	0.25961844792497984	77.53306653419314
0.06913128755029765	0.2746499664709323	77.41424422106414
0.053537964474162474	0.22369833815249796	0.6996114057252448	77.84349982408445	66.56322168364129
0.06425606079565158	0.18329153663228662	78.42769486061141
0.043275405643605505	0.16796506804146363	85.34714717491246
0.030719629245737467	0.1658120089449401	87.2859843174251
0.06479488374102031	0.3811213983277193	75.4661465727781
0.07869697826841623	0.9809017952695215	66.67481353551423
0.053005495483958755	0.13624538515307236	1.0413085738411916	84.11088692219984	66.51892819580529
0.07661704127298355	1.3170514515999538	66.37038365091648
0.08081173552224293	0.19651318597178766	2.34324230716095	78.24209399538593	66.32517451954067
0.07126412124681425	0.2622541334323605	0.9656389561523905	77.47254029588953	66.71517889588964
0.05858452708541483	0.15194771569701299	3.4438802052788366	86.16980667425402	66.21051964859964
0.5684503883000152	0.019603953040918973	0.16242944529773018	2.8390923608551457	134.99350762863037	88.5576084657033	66.29187464226194
0.08435809192975731	0.15731397743162245	1.9063216450205134	87.32283238734973	66.33772389945184
0.09177851031726993	1.694948503775088	66.57905835857015
0.07539389697459441	0.15639486846949896	2.234671216232568	78.3283778586671	66.11366742593906
0.0976093473941228	2.2567679675256564	66.51421682169064
0.03648641772420443	0.19962533184267606	0.17713767540839437	3.2121770789720374	79.26923518024326	69.68530636267424	66.26687850558385
0.07309796169425575	0.27397560420361794	76.84790914952681
0.08141611164551764	0.26508045961555443	78.81804683128804
0.06669151697722987	0.27354176200070235	77.17715479835482
0.05437587910182286	0.1577456388862165	79.36168617428012
0.0656626669564284	0.34422838135566786	77.67026232037252
0.04444434384074279	0.27493362982020514	76.29784663134637
0.07160027548760209	0.07833193301812208	0.2672575094745254	114.3661802641573	77.21111838841836
0.07871205309139213	0.24741954422764723	78.65521273573879
0.04107799523526036	0.23576314943851884	79.40394924068347
0.07249903281383147	0.2566436077810724	80.60314631193677
0.04748410369701685	0.29983685963856754	75.8987121698546
0.05277640239187078	0.24933569901151925	80.42729532811697
0.07961765293749748	0.24864526226577793	1.178073792939064	77.08629070952837	66.3290964642113
0.0640282715716613	0.21727521867989238	78.72328090059264
0.08365308648488379	0.23192406291043652	77.15738030141517
0.05985443685719321	0.2642090870556312	79.30719499662293
0.0673936741307935	0.2651380348768018	79.81943785698968
0.06294218223789394	0.2887303222861821	77.8415815499587
0.041708432900778955	0.21163237682330416	81.48765123603182
0.05473994645522949	0.3452765176346245	76.67713046377052
0.06355820605949579	0.36730192480605495	77.48557245985418
0.0541870458620706	0.2761667711477939	79.47435015484119
0.05293459710127996	0.2925382453160806	77.1910929968314
0.03736027646035877	0.33090967892295026	78.20580300877437
0.044734177321760944	0.21272245921188251	80.53863278247051
0.06713058178027033	0.2554187746544623	79.43098048613042
0.05203027072572153	0.27707084378935704	78.08599154143288
0.05151665595422864	0.20956672362301856	79.69258999703015
0.07871476863634116	0.17624068096558304	77.42590697516657
0.04305166217456034	0.29154051230503436	78.25927051494092
0.041029850906888814	0.13780156601212185	78.97511286992616
0.04498526153348047	0.2216099269643876	77.12515238414842
0.049635647474925826	0.22374898847824246	80.56672045940248
0.060072098674879025	0.24931771964743438	79.37593071659268
0.0469116518530734	0.2738857189311128	77.94811865966508
0.051857083322570566	0.2007576196068835	2.1061780108860977	78.18857322402697	66.40445851293985
0.047914947992468385	0.15208694779261558	3.8149298674947207	77.88011765911178	66.14851624175287
0.04963862022777828	0.22815361043709076	2.1457844669265063	79.36221318190442	66.47284153451055
0.04039184724166826	0.18420999814709313	2.30138653447946	78.3998972340995	66.28829374519967
0.056283051454377	0.2583941223529017	1.7174427250047246	79.0404562514731	66.36465660421264
0.05124560841515497	0.2672067268357982	1.4596515965604602	79.51481936122039	66.38075445427748
0.058163494847475856	0.19472917179897908	1.036669531253942	77.99549159035872	66.37205367777393
0.08131903074832138	0.3896306524520237	72.63253376859603
0.05502431225473666	0.4925843982528017	74.59830011468298
0.027574226861708687	0.19372405821980357	84.58452863685663
0.0350428522413094	0.12178069578263835	0.6120920934885007	86.75534990463433	70.74674183665394
0.04240507867208363	0.21586679049337248	84.49163418538602
0.07705861218653359	0.6272061050524801	71.93680098138661
0.059533073792436095	0.059119356504386086	0.22684226402172117	134.19502783987596	74.81190530439375
0.05272727389999965	0.20019753572938312	83.42387255545333
0.05859643873662858	0.5125946721411937	74.49387893069827
0.05335638239694133	0.2669816449451	75.28444042005893
0.05374109976763537	0.3725789464950297	77.88468976554049
0.07581444032460796	0.1893342556075686	78.40635316009079
0.05577883748734255	0.2903362202519342	79.3545355736656
0.055314979193758336	0.3595939884416811	77.84028817343027
0.06955602487760389	0.2949641634223702	78.70032018699442
0.06356784163831215	0.3770006467948277	78.04297889860817
0.09670339219696668	0.38878541363989544	74.97636898857368
0.1011159230857591	0.07441802017719149	0.27364086258827885	114.67708689794273	76.19005850584662
0.04014190771268729	0.23836847938897707	78.98846769046604
0.053619716698819014	0.24472485728530993	77.95841221876285
0.0515319099169879	0.3075119364833362	78.58458464351375
0.04413742758357664	0.25994485623959296	77.5340543713644
0.04572356032104719	0.15374876884735855	78.42160471263631
0.046266252178461774	0.4097748661622231	77.28642586388102
0.061657904734343266	0.3558649138346917	76.18658592459569
0.06880576726968873	0.30480423377181637	77.19282522403059
0.051413561100289065	0.22102561526081135	1.479325945699669	76.11726763119478	66.25137577045732
0.0670573888546931	0.12943598954130064	2.5497370104321955	78.66894379274316	66.54423849933244
0.10961390613584741	0.2368410607562737	2.5109240096530443	77.71090904655259	66.41673483381098
0.08101693534934234	0.26071135233361387	2.2419108418313334	78.08004125354839	66.91884925893747
0.0556027048281939	0.26315072041127446	77.45818185124557
0.06350747787027453	0.3161413980390885	79.01966576646115
0.10760670024136766	0.06460966537033844	0.3314789880067562	120.63821348500593	76.51084134122446
0.052098473045178985	0.33703495025205527	80.00310918472562
0.047100792253014785	0.18364130623700176	79.1755070560306
0.04923253633500753	0.24332952368937316	78.42633669127234
0.052411813157720255	0.3114369894494828	75.96593306864096
0.05921372988770978	0.21311445458825484	76.62354344886134
0.05650453021519577	0.32033759483648905	76.60965690252146
0.057685060527499755	0.2226590641398346	80.75870735846335
0.07921010778376351	0.24651138512336665	74.31874822501558
0.0673094252673314	0.3139031039935696	77.74013581844109
0.06684044091774086	0.30623116254711363	76.19646436109515
0.05777439153303904	0.21867134993493897	0.30631713301696517	77.19969246651983	66.70698211947672
0.07975192522389707	0.3581564930338953	73.1900515289451
0.03645149228929519	0.20262690691819546	81.20264792858188
0.05540564964358965	0.2537810296099456	77.29951952068782
0.05798844126100046	0.2882868098469608	76.77113508529813
0.06775850181419649	0.3223154078634505	78.8952687609562
0.06709474850248223	0.2929582384858668	78.27209457553825
0.07909834740417912	0.5198728414291446	74.63076133776651
0.06478699895288659	0.40212046719695954	75.31651795151924
0.061752380244735734	0.3151431141838082	0.6177038226650007	79.00899145957511	66.68703673623071
0.04678154927564303	0.2697069723621304	79.95647581557328
0.06042710138099163	0.23827975395023768	80.38224396096781
0.09228322507432456
0.05621834341318885	0.23620319243915092	78.25613539129498
0.07186756174444756	0.29180170732874877	76.90762949574449
0.06643016768761467	0.23119099818727387	79.43191037331889
0.07366977576169922	0.25940682560686795	77.458342026584
0.04258987550186125	0.17287944974985275	93.8318365919255
0.078120874266008	0.2174669596783839	79.03265910611182
0.07378857107747946	0.13197576451037532	81.95660987252798
0.051963317037691185	0.39149155759925847	78.54075372250279
0.0693003180662628	0.3250271312805925	76.33030316562702
0.04088532616343192	0.26554532645417495	0.22359611516025388	75.16676756612432	66.2647117459879
0.05497843874202374	0.317856117523738	75.78292330329275
0.07451449431785978	0.28093121618855366	75.98279007713121
0.0792854869469316	0.2991081010798082	76.3538607767422
0.06931076640124471	0.3406093472037663	74.80293004606706
0.04846453279366177	0.45967137346558645	77.41475610133257
0.04530585886861734	0.23295149088861433	79.23273066157613
0.06806940740734226	0.2805273511490977	76.31482517735283
0.06393490254932095	0.37577289996182467	77.10754975891078
0.056635306674405854	0.25226193969374155	75.33210323261741
0.04282546628416882	0.21035658624608958	78.60377200021802
0.04997328943615334	0.2070108537298866	78.80543253775761
0.05336862888593812	0.32160565055865253	77.75338108398805
0.07272265380900764	0.2608752482277897	79.97432793608883
0.07432228381291671	0.18268017958864607	75.77643141701864
0.07445238195227821	0.2384599394685802	0.7575328825463992	78.6670472088698	66.234840609148
0.08648766462454356	1.7275381249953037	66.2891989750781
0.06367512263049026	2.7663839554500766	66.28331079138331
0.07136899276411589	0.026425844869059283	0.1198592999793891	4.597420676696637	130.53931983384163	95.14855173283419	66.16880131767844
0.11289192502420149	1.3228453932249937	66.13006139881942
0.09080412884433721	2.519914801816065	66.18838996171111
0.07497367504396252	0.18352919234785356	0.9047294842401552	81.26699428861154	66.46193811413639
0.06950905383642096	0.36790215432011436	76.11418370636025
0.08806596666752978	0.22524483441312373	76.21855485710728
0.08467366260173144	0.44549490279641746	74.94456894224797
0.07209275685105113	0.20823762510308358	1.7549115567687101	80.89066088964134	66.32555115216773
0.05398442681664444	0.28269195795010355	1.9882111398771203	78.59240266077143	66.36978137970677
0.05840219108345442	0.1592595565322831	3.036788379274424	79.44237636695871	66.3484187689513
0.06906107663324484	1.7315777206462135	66.32633866072146
0.05161564401789089	0.16893176951038869	1.9875505929572304	79.44798039620612	66.25056548133715
0.05608576725657368	0.32296780845634615	77.84949460346958
0.0717718512896051	0.2888353492619398	0.5732165192740069	77.73385174717649	68.37954260309645
0.061134528014100374	0.32580335145444494	78.58427849260225
0.05363160992585289	0.29328658908239813	77.45711380706122
0.049342424423892854	0.2816263925490793	76.93933303724869
0.06408481750451166	0.3580342030949271	1.6128471124429606	76.94234507233766	66.38912562605451
0.06247426691337269	0.1703020647618312	4.47499872808654	77.8449984077961	66.118535713877
0.051796250335678494	0.1833062285863396	2.860013152922565	78.21482147734442	66.24226371908017
0.05617922976297098	0.2579669227499077	2.503163312329096	79.26071397386659	66.31415999015978
0.08144330526011191	3.9960620052372318	66.43549534629244
0.04430250775852613	0.1784334456691582	1.0204605629766372	84.91985450313014	67.17690352100188
0.06636946101551705	0.27939179986140494	2.2300744185021815	78.19416347292201	66.36042050706432
0.04542532808029547	0.27992444564683	2.0892987407847463	76.24894841629455	66.36082763271759
0.06834342540790878	0.15893044830338604	0.08810797106556531	3.3172230327153844	81.66116457096639	71.57800127525488	66.2007455308642
0.037629870809066365	0.18645017297462077	1.7341951661471715	77.68805819865682	66.21078101865787
0.07919519317912838	0.27706958448329766	76.66863888148497
0.05655027416257091	0.2662678663179822	79.39228032781968
0.08741445662321042	0.22258807439202968	73.81876017694175
0.048818564565841126	0.2302427384941259	77.5251817112015
0.06246435398934022	0.27952618652953465	75.9179810928937
0.07297688863880711	0.3011563888146867	77.51537398106456
0.056085911110986784	0.3197726556956105	76.41383954952698
0.053116047364238986	0.2704586014413278	79.24434417937931
0.04754507800491032	0.3255594567447423	77.59868154765675
0.03822591886763662	0.20572193091177954	77.68691713241114
0.05197603260190373	0.3874348527312031	78.449522171571
0.06604057123596584	0.4047330895449	77.06947564702237
0.07895448608069025	0.23962642288344282	2.229781838374064	79.8634650642619	66.24865587616706
0.0831320202976534	0.2720356765573876	3.0814760250748763	76.61963148244216	66.13675699759047
0.04255699326055225	0.35504923402956245	76.97012654934468
0.07400267903404324	0.2806701128739221	81.159751599391
0.059497111203844225	0.2747741608753215	76.22682808410987
0.03754856404377888	0.05537260401762124	0.39755246068720296	138.10356988886954	74.81845974096085
0.0848132054330155	0.06528938754426714	0.2311053898046432	3.2814965298133094	134.5646548337899	78.92348849617873	66.48933754929853
0.04263406158092637	0.3423945822731759	3.159814565100856	76.45752500120415	66.26407774666478
0.06038749573281598	0.15429597267009013	2.643526635941323	79.50670910662608	66.51770845273167
0.04465968350788608	0.1742719755760357	1.3605623107475657	81.51206938572005	66.16380678998858
0.07292667367886001	0.1372125135682602	2.2085121222480897	77.85382857534182	66.51237077952614
0.05030348979801837	0.2536251857845476	1.0187119551722805	75.80349571670956	68.08429011906384
0.06048164323786531	0.2318637490983429	77.35474245699442
0.06287888914378072	0.371165427694364	74.63479154022993
0.07711300561709952	0.1980288941645741	77.36371558861649
0.0878319712285775	0.37913509499404713	75.06293509409532
0.06263253898321258	0.32589302626850225	74.47713101217309
0.07916642343799146	0.24707322192293632	77.48358727916798
0.08535069526567575	0.3195646972729388	75.55080420609897
0.06520480177642544	0.36486622103920524	74.15643931496915
0.05510149653780643	0.3746544448711622	76.92824750633761
0.06726290497142873	0.28369776079534065	78.9064355165103
0.06239860287397084	0.32598725383036214	76.25554521469562
0.060630588035937065	0.35144734286135526	77.5531772679905
0.07214095243905436	0.15804849824863515	80.08308825447885
0.07745586046840791	0.31745856255415805	74.6048178630657
0.0622136967673079	0.2296049300455015	78.83597631783542
0.0616632108751596	0.26186257609050634	80.51086909828607
0.04839104126404897	0.1661572009590119	1.0505252638911562	78.04437328122503	66.22242310922556
0.05490040919342695	0.23346653452968913	79.53969493719471
0.08584173175641892	0.27759425653196346	78.88194091837651
0.0843078634479005	0.3599057559332141	74.38605297018185
0.07698467604311433	0.23840748887286786	79.41178484290778
0.061073241391216865	0.3340151110745279	79.22208717026052
0.05355075153030769	0.2300403756273298	80.80400733458359
0.05296644698127061	0.3798774365346492	76.2633839546603
0.05860101497503956	0.3039452814245797	76.77908571908642
0.07058545119975741	0.22423235408450481	76.06277129780965
0.05943626494956364	0.460589633042685	72.20342214929381
0.05899845944117138	0.3201326601405023	73.08937242026138
0.045319961137163245	0.2151112801781757	79.83480612928714
0.06481410880806962	0.20248518066373422	76.83107088613001
0.07152080406468037	0.275310077247446	79.56129745760285
0.02980814375940823	0.06339573811812688	0.3507300242897634	130.69212915714468	76.23552123039283
0.04746718116857297	0.291821669394369	78.2396426857104
0.04532262857063514	0.27671076338522915	2.1804258203253317	78.64561668383948	66.42462492216227
0.05980587158894276	0.2817675981302862	78.46057395158928
0.06324175782572482	0.2767027994172782	77.13684852725483
0.04650779158357134	0.4578030439495945	77.62361401410058
0.08664288847167813	0.34212574846523336	1.5011535722001557	76.20989364820493	66.71699788934296
0.03767965986982733	0.13667234991464625	0.8284061498947857	100.49737141024366	66.33260472411817
0.05449196173372258	0.1370479309928136	2.043608235782688	77.27261725150913	66.5447964538577
0.07817593961405032	0.25699362724696573	76.50722924381449
0.05549271456897697	0.21455384507044756	79.1610406843739
0.06962375691676105	0.2926674166607039	77.97537319368118
0.0777333880316117	0.28847387800903335	79.14804621041
0.03753336070867903	0.20849274565719425	80.673687142286
0.0707931619419215	0.20700118888258198	79.01795566916138
0.05975733379549019	0.16020811190081424	83.35005921371958
0.04488901181909296	0.27058227309217203	79.08276324471528
0.07033377889733251	0.19607796806526293	79.49857069229694
0.06614679717348734	0.282705663376642	79.14733119950975
0.056410134967329155	0.22287321888954045	75.5810194294846
0.07032156274270865	0.47293364813995437	0.3454011301454943	74.96162440615687	66.61117176932638
0.07153989264863657	0.2258213072844337	77.03300533384422
0.05087592178107316	0.21871287617967972	76.37023751630608
0.06333686546100296	0.258819669028333	77.46884044849232
0.06575873291156016	0.4895427483611072	0.08844298687589251	1.0507541250988575	77.80776439603358	70.36674202470887	66.10186206851834
0.058044592748931464	0.1934074028297309	1.681128465931323	78.89114283038467	66.22798746230845
0.0934097140694703	0.24661345967286455	75.02823479065881
0.051207402761691424	0.32271454180372544	77.5323278950828
0.04405835360264461	0.37392525948538663	77.93149458480416
0.048360642582097504	0.14529396528393268	1.2717950724506863	79.5594384018969	67.1318520531091
0.04963142005660252	0.21764736923953706	1.5970435118278816	79.92461250193685	66.98160089696215
0.05791192077739962	0.13781360722444105	2.8340610648175053	86.03842655330749	66.12447290304463
0.05742536981878447	0.2497603480442286	79.85147008661127
0.055448594290708315	0.18512077855090417	80.21103173222392
0.09084365670430929	0.22176807186573624	80.4611867701197
0.03054885347921545	0.16729793146208446	92.52284317717394
0.06763878356677165	0.2885653202945645	74.68845782405214
0.06883844275581687	0.38336118832828897	75.95358385558296
0.07724003754591191	0.30938822767527757	77.03574217753915
0.04470660237192318	0.23692641246737775	78.95573710815272
0.07567257947835916	0.39313892772520925	74.42233869414245
0.09631065315443199	0.40603174714206364	74.58442399400332
0.057674639061232956	0.2403317737943456	77.80945028875644
0.0734557440141766	0.2425680093615192	79.65005014993922
0.05654241217159793	0.3240813648395292	76.634905112354
0.05382935744121147	0.22626562625711866	77.8179922692015
0.03763523991262462	0.17027057710552695	79.04132417440168
0.06379231336086229	0.2884325785932528	77.55253654949585
0.08130563113064347	0.3541352867330542	75.83899872711444
0.05907940154706745	0.22723884090936322	80.16139437062097
0.0721311401151594	0.15853601289693378	0.6415843635446282	77.94402692160372	66.28651354977163
0.07737136084822098	0.2681580956538948	1.8036587082583988	75.75349345481922	67.26537062343512
0.045863014385163325	0.16338148618268317	2.435656068536727	80.74359346399936	66.176279349568
0.037387124104272	0.14860329107910875	0.2782575844790586	2.5072932287848824	81.19576571873614	75.54471741216737	66.12904914822131
0.08549774065124158	0.8813617361249241	66.24054612410228
0.0838683827538619	0.567609626152019	66.83616606422848
0.0730201740699305	2.045673031814943	66.70517903214662
0.11206677561150416	1.5296641337015044	67.10985910749828
0.06562471081356351	3.764585868583012	66.27157402539288
0.0447101086394802	0.14112788325792272	2.2662613998646566	81.27067432062984	66.26264226898505
0.04229999603184348	0.1484517547547798	4.595049321000188	81.09850192139318	66.17674600790268
0.07076418515433291	1.221356154380836	66.24432041424299
0.07968459773668678	1.1103430988641063	66.67883329918077
0.07899391699410775	1.5153813389162942	66.21553923106363
0.06370137094161826	0.19673062951313433	1.7733941025567388	72.75057751954256	66.26140259421513
0.08675831628470618	2.339504739154276	66.39006994495661
0.07506791974803867	0.2679701497432956	2.1632911677943722	75.79487460536286	66.34798021257987
0.042266752883340336	0.27342370171016633	2.7461230393023732	78.3531031472264	66.16242324690751
0.054092791063818896	0.2574662528630032	0.9539750746530364	76.9850173713302	66.23672855120392
0.05858517775887176	0.20399622373655832	78.98607829424232
0.033501862532349824	0.2527839525166597	78.4889063049173
0.04046626252652018	0.12409185525542929	0.49995651402876595	78.51080205424743	67.12170120065866
0.03033445085862647	0.2117354951443557	84.21618840795497
0.07194952195031416	0.26889891082099704	80.43233532506953
0.04653554352561718	0.17174446640851157	0.8731306350191761	79.78545393867893	66.39049112359032
0.06627093692698033	0.1793794231046898	79.99008928885779
0.07432090808169187	0.3858129738210469	77.33139228789769
0.0835217412070836	0.38421712308490474	76.57807430520138
0.04242597656090441	0.24394699458196287	80.66631081633619
0.04967254888568338	0.26637949887235246	80.76141266453803
0.06617975416001291	0.24428441350917335	0.8901046330310697	79.56231666734064	66.11696171251614
0.03660255829014721	0.1574118217647551	87.69599679048325
0.07338969026005834	0.31975642967321605	75.34127086401105
0.057204470930217216	0.2700773864882472	78.10622914371226
0.066602075655658	0.3658205195763105	73.48891394024658
0.06777348043888684	0.20557298519190254	0.8351492229937985	81.39825977329511	66.76728342209694
0.0686182725336629	0.21397251213578766	80.94216596234548
0.09077171547527489	0.05560264200572841	0.16671107507789826	0.29752320774415164	139.41953844638238	79.14031507157438	74.68040603813458
0.050795592709821695	0.24881842387124914	77.00584725014335
0.07510915547537288	0.4050342736245405	78.26215553687993
0.06521843856454682	0.17415650405892188	0.41495596571188187	82.50813909402574	69.13253124485924
0.038035746667234416	0.1671147595466068	78.78029821635462
0.07038145205888971	0.2503582422820807	77.69021715697261
0.05281558676258013	0.12528692062234087	1.1752640036053392	97.46897735471134	66.22023050438682
0.034737004735300996	0.12078411511754908	2.4194687215758455	99.99693559618684	66.11228126800746
0.06055993019238908	4.4985582742424235	66.09731769447919
0.08338807487345082	4.501776645284976	66.16014906810976
0.04811580765641685	0.1574006294994725	0.5093999840466171	81.76175935010755	66.85812822942445
0.0401410770509606	0.14251327981282177	2.250265993598659	77.9753135410415	66.52209859615321
0.04396180659651529	0.1625604308496923	0.49453162931890754	76.5813057957657	66.18544784007346
0.05101496239457534	0.261839057105756	76.92106706434245
0.0401268369065642	0.19627192169293112	79.21744858793248
0.03977458729737002	0.303054646770726	76.16276398781787
0.04265075986718558	0.34296750219618394	79.75366153379662
0.05823096654537657	0.21220845151368997	1.8818332846128698	77.60999418113956	66.38485590422044
0.04560237369407868	0.35515036427465496	5.830307393302242	78.29543755518262	66.2640445363557
0.07587527232870109	0.044740208371905524	0.21285975272400787	1.7452921679234426	131.46123388702938	76.99303133737217	66.53433930912236
0.04708228106633472	0.34351691348215985	4.668605081570355	78.77267803747425	66.2290827252512
0.05546553167999215	0.22440396647687194	79.20659149587426
0.06275750961018359	0.30864294268860726	77.58590709521238
0.0540328786080054	0.04466816225093846	0.3667547401579742	1.3374873647415955	110.4386889630423	77.84217675717255	66.62614404975326
0.09533990196717501	0.0465546352879589	0.1957907366847367	2.431292767977256	119.95331579475335	78.73364287308657	66.19056702298197
0.05756693166102671	0.16175952112702421	2.313033865481984	77.40799804126969	66.24009293323012
0.05229143293032645	0.2656453489890095	2.3100046598494353	77.14579571615363	66.08602970891975
0.028467892008342943	0.3137289377355217	3.5257412375289428	78.97148728553233	66.167412545072
0.04501854354440191	0.2654916189861082	3.0743338125269006	79.57082467139209	66.15573275467706
0.048961347096087494	0.2771298929208587	1.4449345039841086	78.37321727956659	66.29039849054323
0.04539389903808768	0.060964176375533155	0.2019354337617753	1.0788036791732822	124.68325043348364	79.45592702944205	68.24155618605518
0.05286605877822375	0.17811304692572716	1.8306937048229666	86.98324432450093	66.13254438732702
0.09389297731498378	1.5525891524855795	66.5182613963117
0.04547818337544073	0.23597009908701133	2.5813459433535484	80.2727361286406	66.44416258399916
0.058890542175580506	0.14969220317839707	3.940902512302008	80.91428478774696	66.1848176132733
0.05407007225157819	0.3176995523928445	3.029278693038935	77.28539692618503	66.08767620396156
0.052258828346225174	0.17856481695172108	0.4896468858724481	81.49616248438751	67.12156059327943
0.04507676589034291	0.2501600684150591	85.47955950518434
0.03768857077467858	0.317953728402731	77.57609807584188
0.045266332536934864	0.25223726643856825	78.03827994628053
0.053186801253242384	0.28292670929524727	76.22385717193941
0.04716852819695931	0.1842541532742891	0.294036545475565	79.5969157479602	70.02596481861254
0.04556974600517276	0.27172029046075674	79.78921821136665
0.06927043040609308	0.39544270345865773	76.2104338923903
0.05654375534374163	0.5238843460685968	74.3791209045944
0.047134077683386746	0.35394713503440517	1.2095271994355257	76.91501085492345	66.2633354830034
0.03595662003280047	0.20101188848446738	0.7571216431896732	82.76743692069759	66.22808546553526
0.06892605106976163	0.31943138308455155	77.91962743107831
0.06909803107663681	0.19426384586825612	78.30431328105782
0.045593992056832164	0.21068774990185624	79.43404134523703
0.05580999458826531	0.2937617599125479	74.7014156099378
0.057128791794967757	0.1614780634598338	79.81150245196342
0.07034733194829995	0.23689339216185445	76.31231498288592
0.061646056672812234	0.3502786796179421	78.7755765524521
0.05284809973339513	0.3986691406523107	78.83196364706917
0.06060850751582119	0.10125338902229165	0.3532862718540162	2.42506244381754	88.03892636299139	76.9697803765358	66.13097251788385
0.055034785501446824	0.18970417446360677	0.5843963957078149	78.43637376595149	66.51094714732932
0.05278516073482409	0.138461476782541	2.0366103043412633	95.42864383439131	66.17530612638878
0.07484022863361006	0.1686397045598961	3.3810099944598164	77.75080050580331	66.2436860669502
0.06490527850470827	0.25798816231569016	1.1401987706076426	76.37505013936607	66.53816838842144
0.06328896155195836	0.3256968084021261	1.6209154190959847	77.6490612643945	66.59471227361193
0.05389265851367344	0.2507073726147394	2.153225457702192	78.06557228467138	66.29279118589339
0.047085080144950886	0.17122436039320055	2.678384803952188	81.4035109796045	66.58917654816715
0.07354300406072882	0.23804158311265444	1.209804753911746	79.82832729168442	66.18520963002133
0.04019683601583614	0.18329972721754595	1.9782479747630037	81.72250241533274	66.43457649854454
0.10125009153412985	2.0113344926813097	66.23630832992106
0.07033848672714559	0.2551252146699196	1.6674843482158972	76.5601181384192	66.68758202758428
0.06063693440109657	0.06814524713773594	0.171124505552597	1.2155305694553702	103.11497578505215	76.0702326371929	66.84095230262317
0.0634080527459093	0.2716751597115618	79.03780705788212
0.0555041277058172	0.2762844981598066	79.26929533999592
0.03678559199684344	0.2562885939223993	78.29642342537686
0.08076816199658562	0.31351230643057326	1.4032925434386663	78.96560123137654	68.0340328985313
0.09818307670006064	2.635669690436689	66.31444527344892
0.046797868423132355	0.08960017314301462	0.12599026979880212	1.2125576290747666	106.35402919720667	88.33696350445317	67.30202542700755
0.09406556219127818	0.08081222855802137	1.4448323569028123	115.92467236528631	66.21668898671442
0.08810848573611973	0.16952495197709694	0.42672970947204303	79.77219117422774	66.29288404050779
0.08131154799448351	4.062873154668663	66.14526531905258
0.0415238178579916	0.14138957556384452	1.0221734869642565	89.42895512484573	67.74844736339433
0.06638609102770206	0.19409106228027206	88.09446962217639
0.046066344877378186	0.2160274734451494	0.22736972437660677	79.87026433017023	67.7304884423505
0.0757290281180618	0.3179501866149827	74.59944248856766
0.07457713968610964	0.26379577144432603	79.51923785974792
0.049186629582561335	0.3135577621868268	77.13651428299538
0.06712864322609301	0.27147596515955597	77.78944110000207
0.046676245857803236	0.22780044085548679	76.64150458867854
0.03783913458159738	0.25705535885859865	77.23458678537189
0.054104400983085756	0.27520592942153194	79.43827360692582
0.05456231810504895	0.26931619488498365	79.28459525335514
0.09310994709128657	0.23087101791122064	75.63316005980202
0.1070334269781875	1.4334862013300382	66.45833502838775
0.049511871470881624	0.20817790140801531	2.9878609693508262	78.28765794370605	66.32645894010716
0.045056811738893594	0.16239527295743517	1.794692620198081	83.63232204766463	66.51046842070424
0.06349498357858349	0.1915379596252044	83.03677956123592
0.07780367111895853	0.17737170277766387	0.30158257608970307	79.83258864714927	70.14654037688742
0.06840213502624932	0.2404149985516391	79.9222223045426
0.07177330698453882	0.2373011081493051	77.63598050087326
0.058000100130247194	0.06656816820414029	0.19276238187639722	100.45540859235145	80.50693404309875
0.062446272244016734	0.211938984953055	81.0379951725432
0.053639691618517435	0.23777239292848393	77.66317024328548
0.03897722871976222	0.21720946772384941	79.32068350496648
0.05893217914317638	0.20635266917609715	80.7349554984602
0.05785161439852264	0.3245817383411745	80.14423547604527
0.061039098697637836	0.1802869517344012	81.1757458694178
0.07236791144106935	0.3211789585395865	74.70539293977932
0.07032943076168771	0.4308260120263235	77.03383083228967
0.05739421312315694	0.26548117592483456	79.95164248793054
0.041631745501628355	0.3049978956952671	79.03303560703101
0.06359398955550233	0.2714076374836309	77.46306344627926
0.0604855065859361	0.17404403269440938	1.0780883039585343	88.1310032111354	68.18675651019674
0.10664537939011678	2.3238190028939756	66.18595109186565
0.07040437881859912	0.23136055071314288	5.051412254517606	81.20019188771838	66.26952390854666
0.09283692195643013	0.6645374065076808	66.32000451704991
0.03629793732257009	0.2193970980406027	0.8647944945917898	78.76735463009854	66.10833239612413
0.041264180685861004	0.3991150673893125	77.57490043367875
0.045576608673949866	0.2435588983429264	79.4485042822352
0.04597464341346065	0.15407419430106703	3.373407053894123	82.94256438076955	66.36362187599502
0.03641010901173263	0.2146670426598695	1.4629857808075506	79.05932869983252	66.36906384041258
0.09748173581266885	0.03944696197567664	0.0770550879082681	0.24558997438962282	131.2425197193385	104.73454948328109	77.72843459908863
0.08453211812555045	0.27949243153650966	76.8113492496853
0.05091724528540273	0.32107549647386663	77.37480068308145
0.024933200235984613	0.12323103795716472	1.4689788785232778	99.12041946811641	66.70025669862231
0.06230620824418808	0.1794458230335343	3.3132317923619503	80.60833924843072	66.46168042675926
0.0890926910303318	0.48174686526670535	66.92143260699719
0.08781258681500369	1.1429695477441177	66.41689943842022
0.11423307062153201	1.2192893807881389	66.55309508068703
0.1077670859232536	2.066022708400007	66.30253354470031
0.06967083328822354	0.11490544063935042	1.8067426532276796	84.4534707825054	66.44642490902477
0.08288481987009598	0.24495990190030525	1.4047341972046794	74.57482086451286	66.63134769436279
0.06835159708233199	0.1305023776713644	96.78640495116619
0.05644394986188063	0.34291016884774694	76.53622339578622
0.05246076061422527	0.2439507678302955	2.181150121378763	77.1550031051245	66.18007056274827
0.08404374159987565	0.30887317677765636	1.7268586833675166	77.38691807780445	66.09654732442404
0.06728778191796687	0.34627290920548165	75.94843406671971
0.04893749343988238	0.2121610919813768	83.21077580695989
0.0904275790683665	0.37773735527364954	73.0097002551095
0.033793592943440975	0.19826248690113818	87.42397624888005
0.045446229282472383	0.14411312814968155	1.5171334806055081	92.94101550660535	66.36526745085362
0.07192984007348938	0.2244345520390271	2.1411518623066783	78.47552589577204	66.53190675026403
0.044573964470837335	0.22957052800742855	3.356807117372454	79.0475746553076	66.59724942077777
0.04450562782499975	0.08749577890362456	2.60954432641261	79.31007370530986	66.29532389178581
0.0630484565023155	0.28131974290036993	1.7449496662757715	77.62677258600148	66.20043411641785
0.04926633074869725	0.26773480120078064	1.6147644153081173	77.65917531012767	66.6421912565328
0.057413492898609815	0.17774784166158428	1.221081011690774	81.89875033082824	66.3230595375511
0.05849487314866825	0.33733954232865415	78.75246712620167
0.04455214781344068	0.27180289121052703	79.75618962444943
0.07439862361859141	0.33170528708168173	78.21425725734174
0.05416603300203083	0.20219544942483916	79.7746568705316
0.05307923267095777	0.1957390806854799	80.02913060875716
0.06163166787720494	0.3296385979137849	76.09929351803834
0.050303562339514676	0.319530539313346	77.87584924234888
0.06870074136034231	0.17644193441573208	77.47634101568153
0.0375672106340531	0.22024830116836686	81.36692150049166
0.09463638690509996	0.19830872705656408	78.51729378544054
0.059770513571939986	0.24914432445057677	0.37395429859762686	76.74682159057998	73.45785582539547
0.05987020226024012	0.17175654110337024	80.99378337105676
0.05808741399591109	0.25963672656418924	1.1040180411880038	78.63647140643714	66.74915327341391
0.051410723830283105	0.2519723302649789	79.54538943502362
0.05053985497777304	0.3883509852148064	79.15813119413029
0.039503108628647116	0.2908239416042533	0.6856279845634893	78.78072173797352	67.48977532849162
0.036741922065602124	0.32643315029760217	78.1365640260469
0.053817519622027146	0.2890334666617688	79.3737099424949
0.048052339326351216	0.1984469455647987	79.07703899975162
0.0926061718042921	0.17273458957349636	78.53242640426919
0.0857668922398376	0.5471904218623512	66.42175976370676
0.05842013352929505	0.3023987348470799	1.9062657314831326	78.20371015635963	66.18610391865367
0.038937231788099574	0.20741221563167817	0.135645939988542	2.650043744465472	78.51195883622745	69.2862379470564	66.14984223714112
0.05744798357624043	0.16561469326840086	2.0843554322636466	81.59666488678417	66.23458418763249
0.06514199463231599	0.14323460698170912	4.4702712584175615	79.1414275395174	66.2922953171735
0.08660495951721359	2.4775357150793047	66.19055296975539
0.07659929675363256	4.87277127745126	66.29702218197032
0.07860887665767409	0.11831697349631258	3.2987512913489527	93.3784116589468	66.09347096640003
0.0644229278258173	2.7282180989876714	66.34221190105855
0.10797230629964838	2.3189109473831664	66.55320177384684
0.04963172120640217	0.2887161421116544	2.9934183827889216	76.75154336511986	66.30345074939822
0.051396082022892677	0.17652642435799382	1.9319839635173754	81.7670183305814	66.31675718701813
0.11101030142333297	1.7704296013372602	66.10044435389955
0.07936306440069367	0.22191745809819544	1.484612033793121	73.78140439255228	67.39561348406156
0.07091376523951946	0.24742984098879697	1.5126542528713405	80.52684376402235	66.32439715092114
0.07700923065261782	0.22178487229473604	2.8362703492492876	78.44350288861182	66.18351466953062
0.07658172638032924	0.23480958868904564	1.2175523709011487	77.46859908261592	66.72669618353537
0.10062890233828933	0.08639947096092553	1.158046830598452	133.77702666510228	66.35621993370818
0.06207616813379658	0.9145468063224138	66.90409688148563
0.048601061236254475	0.14819030016733728	1.8174025070184703	93.71760473875855	66.50854891869338
0.07360955209710741	0.10983618265953872	0.8954147295821249	85.99411075140021	66.30102080144802
0.11064205957803867	1.4151986168791497	66.38743958511562
0.082464637907734	2.5306665127845096	66.60835593851486
0.10621547893255959	2.5505480388544397	66.39233843225527
0.0989460527902505	1.7372145574996407	66.32022623419516
0.0805962350843442	2.3668761506321645	66.16975384795742
0.06236612576002325	0.09173322148994398	1.7269074607879833	99.98471844961797	66.46258679285022
0.08182334058373239	1.7996958905449412	66.2709541775236
0.08226444174840451	3.8263862632414494	66.217562146769
0.1194938678670925	2.0633974954724934	66.33595470687695
0.0693323836938761	0.15488610429533936	1.494935813876302	80.23646901169556	66.77902165834267
0.043149986509932375	0.2119903379978037	1.8142738458804146	79.53760892405377	66.10919211041654
0.0796940262192182	0.17201956178244518	2.331533661262117	78.11794310076233	66.66028669011361
0.0726901408873924	3.73464451858864	66.40362813519094
0.0688933893904343	0.20068305370455883	4.172348159318073	76.62409978290586	66.21708832073591
0.07862756088992731	0.2921496185219911	1.608391075978325	77.01004360562082	66.73763418278045
0.06186601160660971	0.1897644180755855	3.0255996535383205	80.04439886798711	66.36862122966501
0.09403212853827715	4.186597113506854	66.35767325810568
0.03552098618707216	0.12530627342032113	3.276949927809895	111.93179004865675	66.13879595295913
0.05269097012736798	0.20893776368968328	5.05123031847847	79.78676104108096	66.26865156083622
0.05644649919853784	0.25339193521251735	4.9459414195288405	79.13822308933564	66.16770350786213
0.04565041971604554	0.21605859566098456	4.554945171052302	78.58603237416831	66.2061568438092
0.08944089357288942	0.1501985775414153	2.9799504018096346	80.00826803068469	66.30227465061617
0.07120889748993313	0.20264254694927972	1.8678807406985511	83.855747600606	66.47946843707584
0.06206109853945213	0.15392915435969934	1.820439834564335	78.54246176182517	66.81162153167224
0.044368436608248456	0.2996367101451197	78.29736998059614
0.03966465175948184	0.2682216794015954	77.89980417653298
0.04437136327238529	0.19998926600139252	78.83517011174955
0.06107470022674042	0.2635558019357098	75.99517117246408
0.052933649561186936	0.19868777848274374	76.3925726638074
0.04390139617669931	0.21401606844821403	1.2648066729540182	79.11576000307124	66.89033934997448
0.06254524398317227	0.26233921052770426	78.91621853620259
0.06692116242076065	0.3431605348854826	79.8611036826616
0.05186278233577329	0.27139742466388034	79.6989732496813
0.0687483437960715	0.281298173630335	79.37971014368519
0.06098984451235834	0.3072075474383634	77.77727827728728
0.05405043894937532	0.190570878426769	81.57925826523825
0.049194076663909216	0.35051752913534995	76.96166762283758
0.07571336840413158	0.23735381576076753	78.89675520037159
0.05636106451737707	0.30040077347431504	76.6910428728918
0.05080859373567123	0.5010039015427559	75.62934259948395
0.06464891202695439	0.17297076410046835	79.74637268563318
0.051358413711384734	0.4533475905747514	74.05679420165725
0.04862647819038594	0.17148197317391362	79.38798333154678
0.037889526792835124	0.1942575242207805	78.63970290995339
0.07555257790414423	0.18908626664711597	79.53569860558515
0.050212752543773956	0.24468104450061307	0.5821933328872445	79.88505490579895	66.75347912399914
0.05150648442728013	0.12123329766820254	0.34146002080371984	84.01856867983963	66.74695568307347
0.029492810502538266	0.14384769725731175	86.92566975267654
0.05186326480827983	0.2011115930990927	77.5038647707908
0.05584919743901512	0.15094622245857656	0.8420550674013462	77.23553631089618	66.2908697468037
0.0759059905410292	5.445134071135727	66.14280127735552
0.05157128792216135	0.1457183999112493	1.5156443856300807	86.64547542303167	66.38451954763099
0.09153317172376242	0.5635748730731964	66.89045033793194
0.05703231303467641	0.14975347158569402	0.6139564765979654	87.9074772766003	66.29260202343652
0.07384722582826239	3.743845008630396	66.09148400722121
0.10247641854874816	2.1261456825652636	66.26278162495399
0.052621117423649805	0.14241832741088273	2.5598024258231957	84.48492907371788	66.3003400731163
0.09767297766023438	0.2914623817880993	2.1850815026971406	77.76802498166198	66.16643429846792
0.056513985799214836	0.13951914183659267	0.84384524315437	79.51464246124613	66.48580486562484
