0.14390221334005726
0.1021874227136419
0.11579093367802577
0.09968563787073535
0.11672288790547465
0.8017786967114631	0.11858207221561405	134.84022199042556
0.39120077036197587	0.11656175040737478	140.5625494860127
0.1206403660475028
0.1215493643656753
0.1028191582741094
0.1012692691537442
0.1287627454161885
0.10786591008704906
0.12438685799756899	0.11842318550901557	136.31031783428207
0.06012008023095117	0.07377275489364235	78.39975007189783
0.12399224457373473
0.11015353803626884
0.09417757907049232
0.1165170929864238	0.06614311417162572	73.05357830989774
0.11374473434967997
0.11754072198860069
0.1404761000761377	0.14521718226103897	115.76990414647847
0.14660134929326232
0.10330774714495392
0.07684542457871739	0.0920116959922491	78.45934048694578
0.08821417970274398
0.0800688024894844
0.08824208519557009
0.12378213832089463
0.09444881497746567
0.12905128910677138
0.11921450044261539
0.12010375462564672
0.2683306298562037	0.08477339437180542	0.08542486272570712	130.7230176974364	100.89683224881597
0.11536753526710605
0.11910374332232432
0.0942482328611747
0.44446905780162915	0.1024664777720342	0.07656090196911233	137.61959913693164	109.54427472973194
0.1287836956348468
0.09622823807040681
0.09604965013939742
0.13537396061064752
0.08449884707128333
0.12538743644889094
0.12719171709434932
0.0963999328283001
0.11412856554452487
0.09658353415781015
0.12436496993290709
0.10496468560206604	0.20836949141751	83.26052147730643
0.11814226559287981
0.17270367648822152	0.09318952252608526	122.68270381072703
0.09956611380332002
0.10197634169599276
0.12017305918155302	0.11573462695088825	72.84948839069189
0.12718827607375566
0.14144247826919565
0.11769265035085077
0.10214069865461027
0.1342350392169878
0.11462193007312368
0.12688602705060856
0.09624469890365776
0.09645027190068982
0.08748494996715343
0.06650736109779708	0.1352457410928974	80.30551954292334
0.09003144925110453
0.09949924062995279
0.09344285460386627	0.20766985405498697	88.3278350707379
0.06739828075044962	0.0874407753162842	80.37096817160582
0.11638195810202695
0.10782880926702171
0.32950164161868717	0.14093027572959	134.44284681555328
0.23861436465693892	0.12481918292622969	123.24157266969348
0.12292277581672151
0.08875939652152447
0.2768664749999354	0.09916126107263083	125.41765991644694
0.06380768235885328
0.11782575637949036
0.10000671255013775
0.10730170539555843
0.9085046332750962	0.13156348757485986	138.96456883930668
0.09817254884434617
0.10224302442113595
0.11222325234596864
0.10932594155258354
0.08287250014840675
0.0923386959061088
0.1360395950344009	0.11016456212754598	137.88714904413337
0.11207620527088699
0.1144024682454391
0.09991995352394048
0.12048930962994947
0.08075151569070259
0.1151532982439286
0.06906051231263187
0.7330149850208026	0.10100629256413242	137.6030366679166
0.08649257756092307
0.09335100358088337
0.09515033870708005
0.09706264735532641
0.08095060581579663
0.2172279510358494	0.07762479099375676	124.52362282833658
0.07936278697041599	0.15239217061788446	138.58008749332328
0.1399830975843783
0.11011623837549694
0.10486754286429925
0.10994589757468518
0.0838859416327516
0.1065747849021116
0.09212301748139844
0.15459741044696318	0.05473167842892144	0.1088263538485661	120.32600402415473	102.31076049854242
0.12198455570584449
0.13880709318735318
0.11109396749946282
0.0902302233497853
0.10433569957779111
0.10585903445444707
0.08902859840794851
0.08820693755128556
0.12479700499571597
0.09696121454550614
0.13693566569194707
0.10651729834479398
0.12016748073017383	0.09903109030586568	120.82427291011471
0.09846964479307485
0.10316780320417088
0.08907029822011704
0.08303902153063193
0.08673775665037305
0.12290247882487498
0.1402125144592188
0.14028901037608463
0.17139480678112343
0.11368805762204029	0.13057558878895648	71.53700593985498
0.10554163016600003
0.10843716267921923
0.09173177571858583
0.10182346790664802
0.03506517632794482	0.11873712735486067	140.68368360091037
0.06515195034346064	0.12044528094684886	91.42619391724128
0.13992004569063943
0.12276907992867493
0.1002534432330977	0.15288864184841136	0.05251715772743633	89.04628025521676	67.7282800835088
0.08660021135968206
0.11179229144665824
0.1162065173407806
0.08899468066806314
0.10269605741235202
0.08821918949351466
0.15295225548179442	0.08574414644111607	108.45858716548278
0.08586167173070859
0.09420111573701215
0.09846538486927023
0.10809730709465148
0.0976066597314534
0.1057347152544036
0.07988978743263137
0.1551239043904195
0.14165208775318341
0.10135162811821252
0.09715451482025422
0.09975365500115448
0.12433794706891933	0.11305137046964014	135.77151593221473
0.10836094750025557
0.09198935506916639
0.12032232293275584
0.11024292036345314	0.16303725900665225	68.27784352555967
0.08950252997338462
0.1107474818218
0.10654721209280407
0.11445721278966207
0.09652703517818369
0.12790217727950484
0.10741124170416515
0.14479462957316347
0.10941531533956647
0.18407460639542408	0.12633394905246106	140.8517797731624
0.1021542291478599
0.11930456871176993
0.10757310492968557
0.10030530033119774
0.11899160648057883
0.09924302647546367
0.09264733269356071
0.12424839550005415
0.10762533377161072
0.10519490540399884
0.10134557217888568
0.09777908459988263
0.09780280121864039
0.166505247707208	0.13579659693064508	137.94818334701912
0.10633530911154208
0.11021803384998063
0.7095968534698562	0.10452809198264847	136.38555856803097
0.0935004402430563
0.0951880967366719
0.10315510539960601	0.1703160116870636	75.30781618817898
0.1558793644766353
0.10015092922001538
0.10936926306727544
0.14345408326596693	0.10050797323389175	111.04826025708483
0.1266348286856713
0.05267059307069307	0.09845408034219735	129.91204606089184
0.10755381387319454
0.08662585583376566
0.08368651950271049
0.1235684506098418
0.1294853564721937
0.13021818283943615
0.10550477034766526
0.4456841931200537	0.09475458691554774	0.14816150381470095	138.54576255117124	74.70919308844472
0.10332791901254568
0.11015219073846083
0.10876738426696246	0.11028493042097397	107.55366095915606
0.12651385696696113
0.10044347152967485
0.10865713456467935
0.08856747875855582
0.12416984771038089
0.12441087258465527
0.10803909344001476
0.08787859987258145
0.09121082828007669
0.10384619995601715
0.10190805290704179
0.1072525270737576
0.10665665737082715
0.10445362771017766
0.11597822442404458
0.09526993834304753
0.08875859781008383
0.09692934923944935
0.10021955258368355
0.12784517575798207
0.1505112578982163
0.08834815340496743
0.13035255448445748	0.18387985768126128	66.08564724631375
0.09791174251008604
0.08804088723548066
0.10145674240174456
0.09195330115522309	0.14737143014329862	105.4186941318633
0.12837706427582046
0.10678289714214845
0.117477470180624
0.08603285448284174
0.11204163768045972
0.11199024110704082
0.10305475196380301
0.0859777022826784
0.1139877201740886
0.128693901644253
0.10285879914476065
0.10031612425282437
0.0829008484664249
0.09557444202191812
0.08606898377671127
0.09259638871804356
0.09275367969394516
0.10525130110951282
0.11906018347774314
0.143095432467863
0.11016087993864787
0.11200999883909159
0.0841808430961694
0.09889302722035431
0.2497417057131018	0.10559540986658728	121.41170066712927
0.10425371422061475
0.1061378022173978
0.11536143151453124
0.11532602097328343
0.141447261982804
0.10800648013967086
0.0884857198959515
0.11107269910391317
0.1061160466639497
0.10757566956873035
0.08076470897142826
0.10124474599034958
0.10579872251374778
0.10180622810867751
0.08981955663668917
0.11978435206317851
0.10186602313009986
0.07026099038777896
0.12479858057547595	0.09587368134992187	131.65152294296917
0.08329764586998568
0.1061251991443788
0.14605895877625394
0.3464252788532488	0.08150012370998443	135.58729870486
0.0951075518009741
0.11995327230786917	0.14043425635373358	97.50321661635434
0.09726942463049923	0.087327501206247	76.46396129667203
0.12736446234705187
0.20376287531189705	0.11479154166209521	123.9809149266127
0.087463325490749
0.07626935798820082	0.11052596134424919	141.46634017226944
0.11560240771531309
0.11210415091191989
0.12361693047847203
0.09871405587028703
0.11429665252052966
0.09540969120683875
0.11215742896356094
0.13202587901753993	0.17741070980044837	66.67192426252096
0.1299693838288335
0.12335118684363602
0.10945590693568477
0.12001822934014975	0.5487365052144959	66.34175976862875
0.11727751327538713
0.09037690858046271
0.1005348991960451
0.09297859397232798
0.12317891102772706
0.09425862392805316
0.09041529393902226
0.07483204490543144
0.0907631162367927
0.09177704764521094
0.2702260204189506	0.049354455594250744	0.1485472663005529	117.98591774754686	88.36195414966421
0.08963227414644977
0.10644859348353812
0.11638832936560373
0.09780668852737714
0.11522133548339146
0.1039722828259876
0.11753832111546166
0.09919638537365065
0.09826471066447998
0.08678095277025644
0.0794412527314359	0.22055005733011873	78.51406936294732
0.1260911094067208
0.1273666022542946
0.09415994250341714	0.09732209888443284	67.78854330695852
0.11204061565334052
0.09856896016919174
0.12122813225147258
0.1283084274797259
0.12736435442704527
0.0927918356098315
0.09976942918000532
0.12312577859089126
0.09623992127030263
0.08871038722259075
0.06691863238352899	0.07007630132508072	114.20964967069884
0.08976139834243242
0.07000921962751044
0.08253772953772068
0.0919154744915299
0.12904835731206568
0.08605275071900974
0.0803285765726566
0.08195806197794175
0.0763906710626895
0.0964059587535032
0.08813438697530834
0.07953457347745736
0.07962387813417406
0.08172114006769071
0.09169144395723142
0.09347546076998518
0.09731956712297879
0.11261463923505015
0.11703001929151315
0.07931003013037503
0.09082615436868723
0.09280754591788433
0.10799964359429648
0.12534534506150738
0.10048650855058623
0.12471497522960313
0.09661126235913094
0.0663882877062092
0.0790054843638813
0.09919977779086789
0.06634122340002774	0.11262644640682706	96.77686691013564
0.10062104427437953
0.09553797433843891
0.22824860585504064	0.12833862949285482	125.31582065505714
0.0732700873647902	0.14972277218647603	85.91469266018426
0.09014749576518771
0.15879447004506733	0.09293206313197785	132.9584511701517
0.09818616417427758
0.10888202747196783
0.08787054402385161
0.11831968492292255
0.09621164533199221
0.08491093550674053
0.09993281694722068
0.09298830081565235
0.09345732339396212
0.11871868494625176
0.10858628172966152
0.06292925018870771	0.1849779619819295	88.07811945341419
0.09628156534263231
0.13326798676820115
0.10174931702289551
0.14253867553801516
0.15900389957103078	0.08766080881565173	119.4883659448731
0.09689652486123282
0.26887439650262007	0.12387164054590782	123.43097279150459
0.06911930552043084	0.07003211867315325	71.54260291076706
0.10173228979606504
0.12884658631750337	0.12508283942268628	70.7537881375231
0.21570082240870242	0.09125930922605695	119.3572220134443
0.10002698735250468
0.08683719107484063
0.07536547381624954
0.08649911242674896
0.07271809280593387
0.08823290706793585
0.08631850945129435	0.10731255273209912	140.42472457484632
0.11803360926715056
0.12522950636596294
0.12477898307812581
0.11482581943283593
0.10270982474017416
0.25421136589563886	0.10244518985401159	138.57646458097378
0.09184688479508331
0.08936242997681358
0.08507311667019476
0.13246421752089393	0.3221330991252121	0.08766562273229757	124.97756484621587	121.23608252449954
0.10740313259805521
0.07966552314239973
0.10583874735506742
0.09194061022630831
0.0974847617346316
0.10062703835461212
0.10815933564142201
0.08092873486535164
0.08654964860485778
0.10210352180480593
0.09926310562006373
0.09679793722419507
0.2438407804894736	0.08920319878837117	124.92389379304687
0.10457968757408757	0.08534549903943194	77.11446519989309
0.13826760550447253
0.08840221913674257
0.09306893280635042
0.12029309737970717
0.1060442614930759
0.08372504643150913
0.44687872345488827	0.09932525959237411	126.35472315699747
0.10087440658325277
0.12345233035388979
0.11975152877263831
0.08915795877753216
0.11398501736581482
0.08793298756445225
0.11433303464956994
0.10913884883301372
0.07626720624468385
0.11153218865401512
0.10063284083493428
0.11015698223848044
0.10443501583206861
0.10008957439349654
0.0993790618133353
0.08361763086826132
0.11371778642375409
0.11055666768520998
0.12216440652470859
0.11922421492746979
0.21634002599795957	0.08641749536994736	129.50896630994507
0.1158818056471672
0.10194302499689203
0.11081585440211184
0.0868957591251282
0.09275025030971894
0.09141828827852014
0.10953620739536274
0.10121397151330955
0.1071397445361357
0.11625847915705316
0.11151603051810245
0.11272886667357185
0.10167349594663025
0.09644699933098443
0.6780014064539357	0.07857171826032466	140.79255308916973
0.07935404086873797
0.12015490340120191
0.12004211763492767
0.09050834403868635
0.09017206684449293
0.08968424129283353
0.11800169546015397
0.08841236676350941
0.09502891650877618
0.06435730160335051	0.0949346503654466	123.43964198350214
0.10315495676428656
0.1403946470648738	0.06322981721023348	119.09611735436417
0.08580218627069224	0.11943615675924893	94.98984836713814
0.08040264424212121
0.0899396868375133
0.0815473579807241
0.11083564808335544
0.08638085308470891
0.08548507687696838
0.11324418729886578
0.08555949243954136
0.09679551944243359
0.11750559534403181
0.12994187189222003
0.12074977542523596
0.11573038125745178
0.1060323597638532
0.1162180405041202
0.08116781359446061
0.11028538205036201
0.09988261740327985
0.10182434856661084
0.08900142420632529
0.07622096116853315
0.11218393821331021
0.10610573617319184
0.11092470900652288
0.10767314841074616
0.09846645973388156
0.17251261626254957	0.13204745910946097	120.79867133988978
0.0900383589508334
0.10229839576337939
0.11144530126290479
0.09749059604075996
0.07786649338202199
0.10694652791264755
0.0870756347087595
0.09212498902094263
0.10433014122602272
0.08428126262720055
0.09584706257341694
0.08551668421807881
0.1260285245799465
0.09436137805328133
0.0890025815212809
0.12191232424739666
0.10564285501216608
0.12587239873405578
0.08531195938986193
0.3469613627523597	0.11279330955122305	127.08339139501982
0.12796921015887847	0.20729724908333078	74.1106317391154
0.1404808319179064	0.12349086550767775	105.9800462051821
0.10845908688117051
0.09307061250818775
0.06942290516890945
0.0835581156733937
0.10058148025882875
0.2285029149585417	0.06845483355354536	137.836244322258
0.07890678447374667
0.12471822062119724
0.11397414757116525
0.10726373212550128	0.186543504827482	76.47931417018033
0.10276886968129662
0.10406619214912316
0.10720394131992092
0.10406606807061315
0.13048168037272137
0.09178500904452097
0.09145997606138358
0.1234579725480913
0.09430457992598602
0.11588192104889522
0.1124383661063609
0.08967434563771269
0.12274013568224021
0.09693127652806827	0.10472765977108434	77.41398671972125
0.1254700826098201
0.12087544348138225
0.12114715743389175
0.14302665248455512
0.1092253699008191
0.12212254589513095
0.12716180400201077
0.11115042881840495	0.09050807839017506	135.82159754452292
0.11548383553131486
0.10805536271238485
0.1520778395580108	0.06422007247694415	0.13715373554217225	125.42872922921725	102.95025560596684
0.09356407575361989
0.12002942547385113
0.11729430415588277
0.0830238425736239
0.11536703299035245
0.09626423191819124
0.11707229642859007
0.08732523179144425
1.037766717240995	0.11959691856466231	139.2310891244787
0.1248842193981009
0.13036613863548813
0.12069483494916174
0.09831326649562752
0.09097110778989437
0.07444874816077089
0.08551022799521431
0.1282623398115732
0.09374622698300406
0.09580768876863342
0.12133740398983026
0.12990631490244942
0.1044063803945793
0.10021717523698918
0.09655095705021886
0.11090534884689685
0.11275044861129913
0.08949433992031976
0.08364133973622619
0.11181157214924428
0.09456289579090413
0.10510812888987515	0.15401583863048743	73.08766008908823
0.09733680419512145	0.37043571469315195	67.24685736322316
0.09912832503991849
0.21792266034100696	0.09125783132082478	123.00270617434438
0.1280224997917659
0.09187440929821435
0.0845109167792867
0.11506298139342908
0.08760224280299328	0.1357187261367299	111.85339977717615
0.07923392133873397	0.13419761918568232	137.68754604046964
0.1112964613983142
0.06721646652757633
0.1106046784181414
0.11774993059136239
0.10114863772469784
0.10730402800774623
0.1171234350710446
0.09508748825411942
0.1024240797000432
0.0991016700869952
0.09593094655892095
0.11953045565794425
0.13221787481144326
0.09415789399304669	0.2065839848113574	75.02399502402629
0.1129808554329925
0.07900732544934473
0.09158380133239431
0.13306490073324986
0.09061022892740662
0.0991886757686063
0.4918806182568237	0.10146184984032681	138.01955381573183
0.08105326819376486
0.10654058287141642
0.08901541868933933
0.12372482010106016
0.0844774795424333
0.12080087827090195
0.11881069456967669
0.10709767265420626	0.39148170949059474	67.31597751375959
0.08564315009354716
0.08152024235282647
0.0850742974646211	0.10663014569806221	106.06539095304205
0.3841501044331368	0.10136920466542787	139.3261851380418
0.09799031428446009
0.07785521436014009
0.09059397903231577
0.1132175534182636
0.0923571715505974
0.1179956867871679
0.09935222120673301
0.11686939894215223
0.11480348784587917
0.1377806412028479
0.12298579373048282
0.09831226079684795
0.09675068471722197
0.10971479839841189
0.10319361222016551
0.09635282490685049
0.08024099303493708	0.972222798101456	0.023588051425165672	0.17170693924683403	129.75728142803658	123.78615586467163	88.2672442605821
0.2786193132096376	0.030520476794998214	0.24184728609585732	122.34102650303005	89.50035280657029
0.10967254346136775
0.080447824522067
0.19561990470858828	0.08909215185816365	129.3394662179226
0.12117980256421299
0.07457129927231373
0.09807120721303804
0.07257354254943849	0.1805774466448204	79.92856520611734
0.11445536564184092
0.11264562947408943
0.10063524420547754
0.12243264499639074
0.0920075799850999
0.09658757864909964
0.9306282947250026	0.12054511366907933	141.58202038597562
0.11966652749351438
0.0880303765602846
0.10191681222514458
0.10828542573694888
0.11435470189701792
0.07370018500028841
0.10891469351325188
0.1653644227107564	0.10732990305672657	125.30030113693951
0.11995884510834383	0.07850632316537215	116.4230314784135
0.09746401192012676
0.085779104953382
0.11459376258644932
0.09331255118288082
0.13265554398126397	0.09404333957427456	137.6078775871205
0.09495146192042145
0.07536722640787626
0.09014809354214193
0.07030161978077637	0.19441696181636045	83.91720834545704
0.1089448927258204
0.07985835397545508	0.074667901480835	78.26053022694434
0.0910947797486362
0.1430947108772275
0.12198569574244217
0.07700976420879116
0.12919568860528063
0.0974005847221717
0.10509129067032857
0.11205053095213834
0.10618935110131193
0.22468238693366485	0.10669448695530065	118.92237285123703
0.10023653165672913
0.10324325242127393
0.09193742057462323
0.1424788882239641
0.11412876340428521
0.11205714065300713
0.10866955701916492
0.12313302789073992
0.09780568508410112
0.10328286182532913
0.10489459767026726
0.10364404990808246
0.09305599376406844
0.07483507300870341
0.12707559710441604	0.09462810917950003	135.5582493062014
0.08565767257978572
0.11953918215314244
0.10780405096029291
0.10693893702024859
0.11518224321222569
0.09499747493131934
0.10184723494801354
0.10530305203462167
0.11653310692826896
0.07569044561494606
0.07925100248543265
0.08490730692943149
0.10239759834578871
0.08796618290112102
0.10451547172658701
0.07357523018937642
0.1072694005320223	0.0907703005348231	104.30328469879494
0.08264310936924935
0.10612951699313146
0.08999282005418743
0.10194161483715328
0.0816511242072528
0.10239044866318742
0.1334881597556632
0.11929309498054416
0.11588472196192577
0.10801140166326893
0.09145359746241498
0.1068067764219778
0.11264930934242284
0.09477280122802502
0.17083421934354334	0.08632710598092555	124.42956586017148
0.3249901431753792	0.10463869705884736	116.67077352932128
0.07968958064367837	0.14003478142580547	89.96732580656109
0.10342949036523812
0.11698688514888657
0.10668804722241304
0.2945738726399813	0.0845048278080431	125.71499529889842
0.09230246108153727
0.08205506323487322
0.0799687023090472
0.11350383250141279
0.0943602276694223
0.09774036043400129
0.1014586735537101
0.0915901797654036
0.08921285696520813
0.06807765785454
0.1054149841011244
0.24102604157302202	0.0876592789541035	130.95172146993121
0.08824300486275806
0.09554445445014867
0.09635865115675403
0.0781199178135774
0.08249733092388474
0.07079557560521868
0.2643298468606984	0.07117197547094002	141.0443287598714
0.09240758721465432
0.08887126814555552
0.08345460004700672
0.06521582404681997
0.11047269374744931
0.30010358295884026	0.07545995498420062	134.58617757108252
0.10649312080966292
0.07669180539932731
0.11918468183209084
0.1264307139073542
0.0976014594228616
0.1019108371019924
0.07054749671451715
0.09364702147408513
0.11844018813445507
0.09419985484108252
0.10843903941571098
0.0938980297875368
0.06859914019769665
0.0975224508828196
0.1599766330474664	0.09373390052359193	125.65912378136365
0.1063197334663406
0.12789986405243833	0.08104361975771307	138.84761679431676
0.09644318652893313
0.0830260008162318
0.12015139778324431
0.07850367356052605
0.10464065474414327
0.08800343633659294
0.10427772156769098
0.09612987537428261
0.1975155893847729	0.08163444881202071	136.37339013379915
0.24676379021158765	0.1143836701847715	122.7311477299463
0.16991382680564437	0.1383761123404347	0.10049607788661996	132.43392909517306	105.80933909243662
0.12470269610155481
0.08712512139472606
0.12110516026489031
0.10179681533011424
0.11502798551439815
0.10037069755401792
0.12402390998501764
0.2933891558982955	0.1200248652409108	125.0821946054937
0.17303612329016552
0.1043658196862849
0.14354023977867614
0.10642943864165873
0.0830415718427421
0.1659495543042391	0.12656188454368822	130.05479277711984
0.08206351577463337
0.13519474360388978
0.12324520932029166
0.12806825983366424
0.09525929341390937
0.11744159374422075
0.12828548857522995
0.08026155605279876
0.09952822173979668
0.12428452630859725
0.10335285503991229
0.11733956010167443
0.11328539946583194
0.10614039678886499
0.10164531508067932
0.1679671105368126	0.1200557258400998	99.7990478917427
0.10911469018387764
0.1291111765389642
0.10760954641116567
0.07669642542933008
0.09560191949757217
0.08955865183684271
0.10456523781433605
0.09390891431834514
0.1064201417231845
0.08735401860276537
0.11797622988009095
0.08537116749801299
0.08145819553712441
0.09530119219880484	0.07825386607703615	67.44163433151229
0.09297182952683769
0.12447308755652997	0.1188247288058588	107.81699730572439
0.19248508338721682	0.10507232502287472	138.5982375046442
0.12253768561716175	0.15498065150093643	95.42298500496253
0.3213713429588347	0.11416117965918342	134.44463557532268
0.12557854390024648
0.1774959490790028	0.12199574606559509	137.97852399533565
0.10785611781180816
0.09281280644883398
0.14152601639201937
0.09773429858446696
1.0332131677687535	0.0909198714649884	141.11088994008227
0.04133671739414675	0.09476393124004061	141.52340560356419
0.13125893958298795
0.0728276173784599
0.12989083393343645
0.07829763657058353
0.10611965354625531
0.0949430636109858
0.08593012692092411
0.09491098414633496
0.2953186544726078	0.09042725789394593	133.08353822683847
0.12349872046942575
0.12008023157642139
0.10961620335094659	0.20081166348208762	66.24119078199587
0.13496255835716323
0.09929862393114502
0.16228888700253874	0.08603227065584262	118.51351970397357
0.1743881437031508
0.10387502018422783
0.1151723073769638
0.09471338338129953
0.10113797297838512
0.11353680207883103
0.11331636885664446
0.1187534910282223
0.12082651847026489
0.11565898353641611
0.12419489095889472
0.08721423045672075
0.1043405980605315
0.14721878133524804	0.11252174109194352	124.51576567755448
0.0893705281896389
0.08229524095128131
0.0962888548296233
0.12877141189050306
0.10143120264481159
0.09056467957781691
0.08523213799269055
0.33165459024075516	0.10244362377074452	132.56464221781317
0.0793375978071095
0.08545310109210842
0.11329199725916322
0.0972751773515709
0.09609576783442715	0.08095720968230495	0.33315191932608795	118.68827304111805	66.3034279606549
0.11473147246385572
0.08966246531958696
0.06776040063074078
0.0945928097137254
0.08451342737268643
0.08518043933950832
0.11638892779236433
0.11996422050501301	0.10726841028267904	0.07883697862382535	79.15695333925053	68.97555682695437
0.08075493373058927
0.10053157906474514
0.14640802446683113	0.09826748161235904	100.09107389597793
0.25937964602516855	0.1468899688074195	118.4776090951025
0.4041214621159009	0.25308680367178066	0.1044736521388915	141.1008043501187	119.72390935426539
0.11443482494073794
0.08973682386140283
0.09411608714753114
0.41663731301300416	0.1315918509541593	139.56913243074462
0.6138799436408883	0.090540827689602	137.21943425890316
0.1195268109618807
0.08991121314386215
0.094949585407286
0.10394452711360519
0.09572062751752769
0.07804360947875669
0.12629895044635944
0.09355028930813727
0.14120848597550867
0.12891909768310533
0.13368953634132577
0.2650659883700854	0.09789475632502805	140.32840393310946
0.08918620414825347
0.11569895456684584
0.10207650735124027
0.10879696093619326	0.11352917746271293	108.16186951011386
0.10969697757303641
0.12273250684053606
0.2501628229930426	0.08919578024136623	0.11403846538322022	123.64140989658318	102.30712903430992
0.13539143966283657
0.12208613459177149
0.09347648946590344
0.13107928882807962
0.09963137460595492
0.09003441979400402
0.11462640821010937
0.4989046932077117	0.09322057698617263	140.3090600714034
0.13656687951250865	0.14121088420155792	90.67864768107941
0.33581568381618127	0.12200012835086996	135.71359856203526
0.08906180353468059
0.08081856294695958
0.09657307775649124
0.1146600805710306
0.09850476429663621
0.1630380485356919	0.11512331338507743	139.16945365962974
0.0830616885024585
0.10795305153278675
0.08872008219763626
0.11260700341521364
0.09625947283753578
0.07798416565179665	0.09744419007976232	84.20357809041693
0.09217791931779683
0.1084449250031065
0.10566226478110685
0.10040367557926479
0.08456667176371874	0.10332348404962245	118.03914205459907
0.09819067072377538
0.11121583476581905	0.15946147724712087	76.93886550903504
0.10244330670141726
0.10394802419370662
0.08927784528909599
0.07753994341928126
0.09736981784345485
0.09147826079234377
0.10546922684167619
0.10751186454165036
0.08790571108542237
0.08943062534361067
0.08317125808319792
0.09524751955030607
0.10963392613628785
0.07846836578726091	0.16258873510486885	88.51010606115292
0.12364141296519693
0.0824320521072098
0.1298192032631438
0.09318500623001008
