0.17829884707941981
0.03308893233482067	0.22082907047088254	0.07734714044780457	98.0792724649702	81.68905404332581
0.025058405824190555	0.031070859512204573	0.0940843929448889	176.27272807205094	119.26245008443982
0.0912968822944931
0.02301464994680743	0.1599995767885481	104.29704928664326
0.037612748069472374	0.1544923531625967	0.10356830280021724	102.89956253939795	81.33099158844675
0.06503693490670225	0.09128227226253631	89.57871371639077
0.07664907002611927
0.04806521975580739	0.10747120297977661	98.64827320330406
0.197093147497744	0.12395672726900364	177.93573392028702
0.07872611331748082
0.08904049321316418
0.08885853667364334
0.10394003032706686
0.08041941955940604
0.0921311858235553
0.10674908043528213
0.09169255171192264
0.0898711081871937
0.1020091279466247
0.058644664932751736	0.10674687371331971	125.68629194345971
0.10168805151126195	0.0820933044276821	75.52993639186712
0.09727008391570315	0.03377646846220998	68.87878857305942
0.07379339547977189
0.06407800002611252
0.06780605018089458	0.10937575276231004	102.07362434466212
0.06342708622086649
0.091766890010944
0.0853615633616933
0.07935540893199526
0.07210417764300715	0.07588988941702512	150.45843672026757
0.08023074094575758
0.07359054702298536	0.07857182594821983	139.216901529891
0.04208590280379402	0.1567702910250133	102.28633677945935
0.08253605248275701
0.05941149948894745
0.09975897621418502
0.06303148271651267
0.08978019321735371
0.09474687179950861
0.07388043317662613
0.0767940417346601
0.07123780506017952
0.06384953129076501
0.07654283847940954
0.07390561653502924
0.09667373810370958
0.058512858935303044
0.06702621317720038
0.05938411936910923
0.0814373371727592	0.06003359736189224	82.98290957898598
0.06629747277372082
0.06904774245175177
0.0884882785193642
0.10374317907878669
0.07161502047210003
0.10442823686435332
0.11879296664143063
0.06205392449437947
0.058034640722239315	0.09508719881455202	105.55394199292815
0.00949511220371209	0.10539675318103241	128.351280400776
0.06494640658273966
0.08458982508211568
0.09383691031825868
0.09061860451956608
0.07568200327123643	0.1397071151789802	125.37556704569863
0.1174585320446011	0.1378936139838422	164.99448834854445
0.11070611348004814
0.08213907597879218
0.07741187211613251
0.06655110352230752
0.08192715302872904
0.10003833563803265
0.07188151822284512
1.2686904605814906	0.11813810898630163	183.660014573249
0.08229701271885
0.10182123814807523
0.06979827174341795
0.09361223615700934
0.07729683777129764
0.0662680874740153
0.06951860831648625
0.08009862864979428
0.06442231876068183
0.08555511303487523
0.07223267830794902
0.10209004020321237
0.02183636163886877	0.1385886547567346	134.76896473506685
0.033170435134002134	0.14058683769244412	114.07887253692404
0.09614433478119283
0.07531679949102583
0.09677134573276922
0.06006980494638512
0.09350525526543808	0.09243409389779407	135.60319214807976
0.05027246472930587	0.11363769339570277	100.39674631625138
0.09584745453109582	0.10730158642192612	112.26573145723977
0.07880568160194189
0.07631174861516751
0.06691337042399634
0.08560365872429973
0.11379145718726985
0.039295700327679144	0.13459808294933231	128.91997858874456
0.08733494434553374
0.018011996546993467	0.06475150058105425	139.39198356189576
0.08716837483452529
0.09010646439676201
0.07666252377142135
0.07751780480765147
0.07671301053968162
0.06539041370007166
0.06119233275061489
0.12129485314567477
0.06421571938449348
0.08236624360438109
0.08303048872444226
0.09217845545454198
0.08541471251194274
0.07544780329189962
0.06235651175178346
0.04578700029972992	0.10040774884991407	128.4887500824458
0.09209065071565875
0.09478816278416569
0.08282835764939542
0.08594260852997805
0.07037457207917963	0.13397624024103122	100.35421291955663
0.0803290740419471
0.08827878712212042	0.11609657414939555	109.59074268946024
0.06096810688168108
0.08617491435731195
0.06859028504961937
0.10222429704681708	0.43275606116759985	0.09703027312083	0.05821818054964288	85.69314506304447	82.97157584743452	69.00975780059866
0.07766172045759914
0.07760288090208221
0.08251189648652225
0.0887919154857951
0.061071553789998186
0.09670261539719789
0.05413463304704601
0.06094921590432168
0.08986651079580282
0.08199341201890088
0.08782945016412352
0.09164316383605725
0.06886055882929398
0.07397605641512899
0.05021881803466488	0.07202142577042679	159.24913780953858
0.09310953130123838
0.08121806521600132
0.07377154293833194
0.06254997435050558
0.07925559665160883
0.04879897558844617
0.09975383006710646
0.075480298670821
0.0591416768271338
0.061532515819246326
0.06236948642407593
0.09165213862983783
0.10291131679185707	0.08277566764896893	159.24541969279898
0.056910224796781206
0.07416505549987755
0.0912538057232241
0.0902549454292375
0.07721397514161364
0.07615339677769688
0.09136129524319583
0.07826156756312623
0.08216240843778436
0.31903994986954876	0.00879947645736783	0.07358628880074802	183.76594423258248	135.0045759199076
0.013272892261360192	0.16561350238095265	0.07738318691318213	138.06708490162728	135.6710422932945
0.0904853280808267
0.05628096470947229
0.0751235591061642
0.07939063544210155
0.07931415873699708
0.07517058454612274
0.08565785425504945
0.015316065781324786	0.10093780194692521	155.28440453994008
0.08469715941043392
0.05937538137103991	0.09545955353269087	121.6050248126532
0.023857292613510942	0.07604015859542856	138.0807382232802
0.08012360809069033
0.09648552952413253
0.07733702176012036
0.0927691357778802
0.08702170032432369
0.08063199835973316
0.05801986719758224
0.08646181254835868
0.06939954683037088
0.0789951209561833
0.06584503172240896
0.04765285489141942	0.1048841495553592	127.08926958017865
0.08222182300238857
0.015401725240509584	0.13478131352400252	140.7719250230612
0.07411735419583357
0.08169443288647059
0.08292010689695721
0.08799741701592946
0.07357971433837512	0.07580193744221826	121.51650166894319
0.08291724981493101
0.09221868224946894
0.09158216960702656
0.09726556105876313	0.01965373869896347	70.8322568032157
0.12154992461035581	0.06655881380853654	168.06688230179398
0.07970173442434901
0.14184380474169914
0.08336610175786661
0.07600128249611438	0.09104098044963317	127.89504222076559
0.0748875524973058
0.05935176287339052
0.09608274330841451
0.085065466606367
0.07010181538964416
0.05237296974664903
0.07292149314404829
0.07036150296460617
0.06501115541345179
0.06705266190659563
0.0755595182428814
0.09812702985971201
0.06362130357032364
0.08829052745589207
0.08338784214269548
0.08490288023158132
0.05660594587631827
0.06272599597355323
0.0915627989284336
0.1149586251868309
0.051522993969121154
0.08329475146668215
0.08589589168233225
0.06491091920240497
0.0958731873644924
0.06823313561020862
0.07867556522588963
0.08427972758871642
0.12866878083167527
0.0989468506238809
0.04954583261835961	0.11288365887460622	136.77399973199658
0.03009204616680019	0.09133973155149801	128.10846304473438
0.0736014175554462
0.06040396718623354
0.07888870792971173
0.06336542181328574
0.08814253533067183
0.07270013461403961
0.0843315422252112
0.10198490968888647
0.09325732079098635
0.08933575475280837
0.09592198908464553
0.08800557624719213
0.12002557913180366
0.08667009003094725
0.07608376995541963
0.10651812356812493
0.04928993791257201	0.10026610797352183	106.69492362089689
0.08067139635031939
0.09234511668243396
0.07936195475918381
0.1129048397438373	0.17133429842758846	96.97603965834358
0.08214426962344037
0.09697346421983623
0.07339411441425936
0.06900352867292425
0.08976105146574165
0.1669300499507609	0.10654243541405312	178.198827113097
0.05997723920346077	0.09157815669541335	157.53896558013548
0.0734016231843362
0.06150150311504848
0.0859399893707366
0.08883735314519008
0.06601966120695568
0.09300721673721923
0.0818108883411592
0.06494037686238514
0.08467335906974026
0.13388500738345874	0.06391238883832075	181.33296345155202
0.06419274134869503
0.08682119495667277
0.08204141710858498
0.07520484089524794
0.09235393058820938
0.0691456495442461
0.093998664293529
0.08699065842467577
0.0751633158377885
0.08020783711439422
0.07984564248204344
0.07423677433464
0.07754379496134484
0.07142022746785269
0.011534014321009074	0.0900671942189148	141.63758217701982
0.010436121571661966	0.08680303102629713	135.94627068597342
0.025556678497452846	0.09605823395877618	136.7091851273084
0.07819315695964757
0.06867077573215967
0.08139582468329894
0.024451185008435114	0.06871572347021458	115.81614370817535
0.08487998328435355
0.07459209770937904
0.06846091451005533
0.08147097357338792
0.08966305006921005	0.1548581346910432	0.09217203315520967	107.66798404751671	81.31129921808159
0.11913679699265213
0.09077644720086234
0.07499340757990298	0.0774440945250061	148.14178878933026
0.07971811701846489
0.1194500049227765
0.05836628500712227
0.10661527752065594
0.09018134655889232
0.07186881277402236	0.09100238040504813	124.17330629409119
0.12569692816498218	0.13612545958988823	127.7360911438968
0.043350904853871275	0.09901114868558895	104.31466116497762
0.09691124267506607
0.09361091948192761
0.027873549640984034	0.1128302422312644	149.4645128173208
0.07460648012094737
0.08764444350825845
0.06203113023877545
0.030010347886325322	0.12062097881997852	100.90611976985882
0.09003672226650233
0.10647756608553477
0.07646790393948162
0.10871390747901377	0.05809365710431415	86.6157405763621
0.05977339182151008
0.08021957561657284
0.08780411256431711
0.08247322229283056
0.09161292242580228
0.03884471905716589	0.0297187477011105	0.07543342756317183	164.86693017164163	133.11619024297102
0.09556968539667736
0.0960684370803695
0.07952477848031213
0.11519623985904273
0.0910269844860973
0.10409006167538881	0.045927407420501824	68.15939977482687
0.07023172931548485
0.12042921485828108
0.05762661246045231
0.07696531197878638	0.05930036592020039	81.5818110326211
0.08540060433581738
0.27715885406416674	0.030511356052505646	0.12480204166429552	179.20046716786862	100.40550988053484
0.04179572558067172	0.1016786897038488	98.47048824579751
0.09880720763394678
0.08471379275768338
0.0727099712496542
0.086937156380234
0.09420892017742763
0.08564121951890537
0.06427483620228776
0.4390867930586344	0.06184966093783566	183.167306575969
1.9763329372873242	0.06983629348705526	182.75337232095475
0.0665601964818886
0.09776732260224409
0.07201554452042276
0.07653923886758772
0.08087462983748754
0.07380055326666336
0.08541095751925754
0.08835901223495621
0.062264098945638675
0.06825336518879094
0.10193552697479427
0.06765491832539387
0.08434536822397008
0.08145929601866277
0.05923617309531555
0.27683554103894353	0.029084194152956756	0.08830724242742441	183.62809634493738	150.0416534020964
1.0006174623731994	0.06393418893214424	183.36033652441964
0.745087538691479	0.04617973169796571	0.10529968598619342	183.084823623297	95.31831950800553
1.2508868650528675	0.08696351991320234	183.44177919931136
0.08789077170795029
0.1232323637051746
0.09616102476955707
0.06872077035381227
0.09016359714489301
0.08140936331539612
0.11666109491770801
0.06107456479967243
0.08114013027602855
0.0706994131185232
0.10802418967606867
0.016383465681800793	0.11041509554942378	97.73271673936452
0.07790463509404319
0.07415030785197212
0.08368138629590284
0.0832293098279701
0.11493686571286425	0.06782838904132302	76.16546053713007
0.05800455310261539
0.05548143024326472	0.09078278725940954	164.38368583351985
0.10309713385838079
0.08420939785948525
0.08209839227455495
0.06945759426441213
0.1097904995349277
0.07397535270490786
0.08464743864718871
0.03970247663642441	0.10726742893228346	106.15637276574691
0.08813592168340666	0.10263842076136209	110.75584982880852
0.1215929884320212
0.07966477973461995
0.08667849314553243
0.07284896181713452
0.08021900842927666
0.09699017759885095
0.09531935267516425	0.061290136443578135	0.1383292797361939	179.41095043712446	129.80012111941235
0.08151259499217905
0.10051775386202941
0.08800085997697021
0.09605148246201549
0.07464236868377323
0.07609756674094957
0.07933348377963385
0.19391167419243655	0.0841863632788627	154.33188270019778
0.7976576544338063	0.06149259981017942	183.41299835225945
0.07518793314225093	0.1030367913850418	101.36228271283669
0.08746388246907824
0.08767879723666913
0.07620792270225568
0.08133736790602385
0.07461618540358296	0.08578151021822648	103.62405262284123
0.05797703232964983
0.10188030099918284
0.09708099979979617
0.7363546820992665	0.16995854824347795	0.12155500814983122	180.30735445437585	167.28757580507977
0.07811383003211544
0.07959229602266485
0.08781451328036735
0.1034979101062245
0.07454799202361134
0.03646997625708493	0.12669586555416185	0.045470762613487696	94.53699018594932	71.66066443949798
0.05520410069738159
0.08191907747742477
0.10219087129965677
0.030163518478782892	0.10362090227104342	117.79518308020239
0.05676974973561367
0.02672942749744842	0.06806164659080041	102.49854319446996
0.03644657422155693	0.1054220020184049	98.90532884592095
0.07938992174397408
0.10239569632967975
0.09550571169304511
0.07337445812714949
0.10689677599709092
0.07133153345170484	0.06436620478611382	146.58930231166553
0.12003435154728133
0.07127332076369028
0.045862082235583565	0.12706049655437257	123.04609617958545
0.0891029783453003
0.06551198873679391
0.0964140749186248
0.09967500221414224
0.05481631302276395	0.07892379285055261	143.2070749728687
0.08839185638267773
0.1364018180214892
0.08188416717135268
0.07686610652729273
0.05905339845656212
0.08258975608534186
0.07555095365718971	0.06787927640130693	166.35392912330855
0.06445402190101587
0.05176244051075594	0.07294990045336364	135.63023512024995
0.07504856690398866
0.05542700807464211	0.06643990077943482	93.18615466928257
0.061512867772465396
0.09075080032007543
0.07317508276964335
0.08895926706338571
0.08786295223535313	0.1136887380856346	68.5696072849179
0.0787244404039268
0.07118115564426518
0.07494991863068295
0.07423852591945	0.12230079507257026	66.89953981668198
0.08721978196735881
0.05727272391686663
0.08460875042831169
0.08367263613458337
0.07634173067069919
0.060079983373860446
0.032413018320534365	0.08677594248034087	100.7382935553254
0.02454238735681682	0.024676113134168474	0.10336436749314894	123.49324171865416	106.16219458552034
0.07725765595674391
0.07170196688284494
0.05343839998817206
0.06950557927143863
0.06332850375438591	0.041950685263158094	75.14629530198002
0.09500537993480553
0.07790797686851035	0.06957109167485534	146.926906626264
0.08499833623353846
0.0754559101235608
0.08840323882170932
0.0748102464637701
0.04859411808114519	0.07766548417424474	145.6592824539016
0.06828147524896769
0.08978273697045927
0.0845599773537967	0.09847130947979918	169.33172268321982
0.0589497114883938
0.0701880470635965
0.10559911285864897
0.06613327197035579
0.05767139446325648
0.07062427523870782
0.09145225054612438	0.039709329891486525	73.76263396037953
0.04921998074189556	0.14868346829979215	106.33783171333349
0.0878796905135783
0.09734948280277107	0.04362359045686709	67.87602826496541
0.03739932086976456	0.14193831083798722	103.92939357964191
0.06778477092277686
0.08443385452836599
0.09498707805393014
0.07994416004518508
0.0806597236734032
0.06827268774734381	0.20158296887378946	67.27987108503311
0.08401400928362852
0.11930898204388786
0.08108871120623996
0.06696901626228262
0.06977098565932775
0.07573522320994033
0.07799500146675682
0.08583982075083559
0.07111716382885647
0.02818553125134484	0.0788984779510482	138.38450005882936
0.07131270065185603
0.07453713390866823
0.07786155433349205
0.0698191860358445
0.06861076175830112
0.0845391705499156
0.060441474480443506
0.07830511687859011
0.09724268742433634
0.07637472943355877
0.055162306028047
0.0516346303525279	0.10823654802208747	104.58810764779447
0.11909962688853219
0.09746372831945585
0.07751697707970918
0.10493663845352078
0.06497122276235053
0.10762397631539464
0.06228469891533101
0.10338444308395255
0.0790648536731134
0.48988115877113625	0.08484555032485444	177.06904210020107
0.10117482804454914
0.09031433950539304
0.018831110290172384	0.07158057574269847	140.64957132637446
0.09533983712664165
0.09475500214816658
0.08482635063402737
0.0746715677471789
0.08825097604794803
0.08492560168517474
0.1000689383283033
0.07554194914520451
0.10317813851237737
0.0798468307740983
0.07850625970605657
0.10473606869412935
0.06865497482509236
0.07696125140634394
0.025556355559241982	0.09485531527737409	136.36382451446903
0.06224965234408688
0.05537925405473858	0.11175299502562067	115.42811359188374
0.031234937629867645	0.10734601529645323	112.25081712582731
0.10734037856647803
0.08686441751379308
0.07719448850279716
0.06513448119575357	0.15031696186758953	103.26734693147621
0.06942731581510246
0.05161037044309	0.16824729319852377	99.18505923712476
0.10910725270140455
0.06874157190258302	0.09683502429339272	129.73308769898833
0.11456703808109699
0.08230874378442851
0.08859134600476844
0.07722752550567075
0.09198713732514965
0.07003222508479391
0.06783270493670931
0.09324366546050829	0.097824085969593	98.30820578166838
0.0294956956607925	0.10813762605009389	114.06920083188305
0.01620830010187166	0.0738262051378875	116.07871288295568
0.08164384911144006
0.08372895920567909
0.11231698246827485
0.07769485657599765
0.11473305006255126
0.08239760522684063
0.014349761196661415	0.09679293175622179	174.53559134823922
0.061566239015580365
0.169534747720492	0.0909821508891303	180.52965341467183
0.07542766631826844
0.0725594812477656
0.06620435570441048
0.0739716338669995
0.0904733769830911
0.031116845607589077	0.09760555300657255	109.29965620754692
0.10466933993473569
0.07899918725165699
0.04811020397528786	0.11057867100795078	102.40061063109474
0.07661697004133197
0.07500719238696436
0.09442710323980501
0.07536544936874834
0.07987499735221265
0.09494713134114596
0.09110997175430821
0.07018139363507858
0.09846109268790858
0.09413762863518359	0.030493613834532984	70.45766179385622
0.20687453491774072	0.05368128409546117	181.4971774196208
0.08558386495768058
0.08633165730351927
0.09917969389537425
0.03528147932597747	0.12947322110374385	101.51233157262742
0.08214957624652679
0.08413022035071444
0.0886883906021428
0.04563329590153814	0.11151475085514413	107.84597226242906
0.09957752041615632
0.08320688193216363
0.08851866685614199
0.08528647592230272
0.09804756116315064
0.08691161390789351
0.03238499341228012	0.10768118417841394	139.88344672206537
0.08557512658236172
0.07316036306782074
0.07259321337899201
0.051305832993121574
0.07622346954242645
0.07409984209922926
0.05293354105833254
0.038506492817326474	0.08933004314669982	131.83825229982818
0.06289765400901981
0.06813874941253417
0.0648993693535772
0.07397887678745936
0.09553354384010329
0.10537052252827622
0.09790709079760168
0.08808166161991049
0.08546885527876567
0.06712409909017779
0.08268426630682066
0.07476967681274628
0.11125436044681532
0.09713382248099604
0.08618568009213674
0.05389386031451571	0.09074668057718527	103.4953236484842
0.01673523630805414	0.0742688618619344	133.9555895117444
0.05512831605353628
0.07014881377146558
0.06561773695301867
0.07413713755617045
0.05835910405844461
0.07176296181854264
0.09747406615287839
0.08675746273642523
0.10134584899273211
0.08245494053824333
0.06600409907245536
0.09997594509586276
0.06769891914508841	0.08298810419088354	116.1154567334885
0.07595548229153751
0.09977950292944203
0.09272649709372249
0.05505649602606933
0.29186374419602457	0.08487190174305335	175.77432676548534
0.3316268660207966	0.09488859703641368	176.65037692455863
0.08578165083303715
0.19459113239630724	0.07111622016293749	183.35228809530392
0.07924323254325703
0.05557269263644064
0.0759824927692104
0.06704054900974689
0.02403239442168678	0.10651186666598375	143.99202708361338
0.07814388193382332	0.08120507486982502	100.25188390952857
0.059762585002087115	0.12143367384222141	96.20380117502738
0.0785894879440044
0.0830160734758126
0.03174951422641366	0.1311127577470735	106.7388217970413
0.08789069410331507
0.06907566801625724
0.04902683163685496	0.10451282152826147	101.64853771028984
0.08237492241704963
0.10710300870223911
0.10754014051597513
0.09681234844752565
0.053844889660975594
0.07258727946237567
0.06652391317459967
0.0774142763866002
0.062315415008874726
0.08640497950552173
0.06195036921885264
0.07573661281570354
0.0959915935851806	0.09757607538932216	67.13165827708205
0.058451402107016506
0.7110244839327212	0.06476113189422605	183.13987187431616
0.08616603172415313
0.06948292318432919
0.08875483604090338
0.09397480712787765
0.10920817404915507
0.09055175149960355
0.0636767470186594
0.08644127342193429
0.07686184432279712	0.11684037601132585	74.84643647617011
0.0755371493669709
0.07735317201013313
0.054699811452648114	0.133927614149673	103.82568055093594
0.07459195388334296
0.10476238477035985
0.41583809554299306	0.04975850599472717	0.0734761763159042	182.80839839814433	127.05039511681281
0.08192083699560178
0.0814811951895542
0.08223131890177844
0.09040760961089592
0.09012643148380767
0.07718022751563763	0.14509452428465977	0.07885794025703648	91.47238152686286	82.02958674008988
0.11171000589620873
0.09088270056510495
0.1029664593981793
0.07453101380910314
0.11630820303955153
0.09591615936380188
0.08698085620176607
0.07373421918449258
0.08947963634195993
0.12457107034817441
0.0983919424497612
0.0707287641031252
0.07730135350722248
0.11178350312528827
0.07331734789925363
0.08332084657462646
0.07035567560312057
0.022891135838604585	0.08534801311140151	144.5901585368874
0.10503193020363803
0.10520216111582528
0.09163571836181408
0.027950293029110132	0.12411493798073163	97.51682695843951
0.0778688470944499
0.08751055373789281
0.08608711502067778
0.06054127046085349
0.07429937552746955
0.06724159601215018
0.07292109483744043
0.041763936879336716	0.14637838742733134	98.9126995512622
0.019982036616395582	0.16850936863738308	102.04849792834419
0.03780742013379935	0.1218381108268555	97.6021270810331
0.031184854392550122	0.07231156760087715	111.77739459675519
0.08484720842588028
0.09578488038571588
0.0169707581078185	0.02763088011750337	0.09225799121371361	175.3627211587327	103.98674600595717
0.02678815328580368	0.1095232427507857	105.98496552553057
0.07728189066257883
0.047969589806428695	0.07303581140396385	96.61867724797689
0.08685874123249311
0.018521428321971647	0.1886598722586848	0.09987950854011995	0.042496296651968336	122.89965262952946	120.562541749654	80.02512864438945
0.022227896978606207	0.09963461692165577	121.63702505950229
0.09631174821021084
0.05355591808214411	0.10838864930783626	99.20740483186798
0.08874949703271941
0.07313316735222887
0.0208322587961801	0.09968448655606518	121.486458386509
0.016793996694194804	0.053909665527298645	168.0875929496988
0.01923058213032814	0.08215718165419567	127.02618476521324
0.07860306887308703
0.0976921973032282	0.0673783545769677	73.05554578705386
0.08091416924660672
0.04054436077060246	0.08556166796618217	119.6670758863693
0.06014231942536118
0.059945606020022225
0.06398486613513647	0.0651264614321325	151.17573762401557
0.07423081680617621
0.08168767328222781
0.06661551986656107
0.06458790459073271
0.07278827654253299
0.06757612089941287	0.08638658001544135	123.64608998935554
0.05081029953526449	0.12609420803560475	96.92816574479077
0.08371640370407389
0.07181766441038843
0.05600792859900669	0.09270373911546173	97.63357176000495
0.0759561616186963
0.09870330889611871
0.09724039371295379
0.07181811698599569	0.10386089948070017	90.89047468976806
0.07335741294817044
0.07973768179692273
0.06531853052886277
0.08036677815715282
0.07958550612524766
0.08210914510250392
0.06718508089709785
0.08571184599035343
0.04575809330968588	0.09682098043655987	104.84478260255219
0.033279101709741465	0.13367539901169986	99.28024279623858
0.06925900447581243
0.07851062032664477
0.05896202292976403
0.022011694478859485	0.03115140885855792	0.0614251537944324	118.55272488669259	102.86973603793851
0.10535696549834027
0.05267427751173061	0.09266973438755469	109.3383621945539
0.08615398939705628
0.048490389702560276
0.02043204196542791	0.08335385315518513	106.25830915522937
0.07051747528790112
0.07874011739735838
0.0695734065680558
0.3505744245527063	0.06074756976205265	181.3119665476842
0.463908235641007	0.020950030597591512	0.1091249144944558	181.93071452934848	104.24489180003283
0.4419561602221841	0.02125332727243604	0.09668419388962021	182.57821778407686	104.64800444930076
1.1452023337525545	0.0752118921175473	182.92341396610092
0.06742560664251086
0.08145914623035493
0.07956583397742523
0.01661559107130203	0.06292187319793231	135.8448454603725
0.07872263128786175
0.08113745069430774
0.11189866495240577
0.0867643834707441
0.07741448353411548
0.08859589683574683
0.0660301779869029
0.10917688295578265
0.10241169148213317
0.05847014257108876	0.11086511800036256	111.9445235993964
0.07137657175133544
0.0798624939685925
0.058507637613047586
0.0989656080570712
0.08764859073621986
0.07630531423171301
0.07176911838190185
0.09010944624098419
0.0777362122910976
0.08311600280215002
0.06776152834291391
0.08863577848166487
0.0767755239292528
0.32075020867007265	0.06045397386191276	175.29239534920444
0.0825189555583422
0.08341069952319294
0.12823152126977835
0.05816624092361864	0.14886031418740742	104.70755553203503
0.0701890381099054	0.1284265821247625	103.67002934465081
0.09830181277157918
0.06527206491355296	0.09107942967769898	168.61856493862885
0.07928347913024948	0.12914211623257252	109.81071781676644
0.06942550181112132
0.06541545285771168	0.07594112076486602	183.89228134148064
0.06832201628501398
0.08060198862277722
0.07212621450209626	0.08673541639134208	95.58901761588625
0.08772302065781068
0.06581251941279098
0.09377880953653099	0.07313618844135095	75.44764570869685
0.10368837342919356
0.09336095490967813
0.0535592626193954
0.07496277435317646
0.08020586273421361
0.09144510656592604
0.08932539803847492
0.06554011491443797
0.09720391041431271
0.0832893217898171
0.06489301465278571
0.10230456905123503
0.08438283820015376
0.06863257925862976
0.07364905859693305
0.06727450221797947
0.04987687627696539
0.07021979256890112
0.057529513226032336
0.06893922918214572
0.11783350502613499
0.10939523660927546
0.04839216601923475	0.0727954599923615	180.67873835135543
0.07445912757462023
0.06986259000038587
0.0808889830273549
0.08765581818615253
0.08800089571838529
0.10058658771442326
0.053778763832874624	0.08201416403393282	103.41300009402946
0.04484374813671812	0.14995047010212015	99.2734724835176
0.038744864987492335	0.15339863000873452	102.49065449136748
0.09662999783204715
0.0768099432297995
0.09127345097498771
0.05424813709781416
0.09495715278731288
0.052724976644136924
0.08310486341660464
0.08628866629516012
0.0548885055846472
0.0885260809233003
0.07244142220129635
0.08676449211755866
0.4493885242491387	0.08453399229603598	178.326445407045
0.00821206477927053	0.07119860694894582	127.40961741199288
0.020535638896783323	0.08021265507551194	134.98967173470226
0.054061847366323364	0.09529796426541726	99.66416044857705
0.03744730743332318	0.08453989982124124	105.4093634856065
0.0715637148402884
0.038695309356518354	0.1008796099011483	126.31177293605572
0.029496163768524552	0.10537834435621542	100.11433313759555
0.07311518020252829	0.0575398630394564	67.64539912600232
0.08443462601216034
0.04094266997525507	0.12224864415365287	98.95139690087267
0.03701035664704241	0.10577136368755344	103.47246491618301
0.0780134410145071
0.0970258229082336
0.10802720984581009
0.042414355321609885	0.1589217393029991	100.41490566122775
0.10097516662185324
0.06931721989257793	0.08493874437958056	122.85732669819791
0.08770044620641505
0.019590167807841005	0.13222300971659814	107.92309190899843
0.039140494097540605	0.08792576365224997	108.73214087789037
0.011238371593574464	0.09046966606658903	136.12131886652523
0.09555602335831967	0.024048526445987366	0.1558521372123444	171.62885854392442	100.85413744162341
0.077083620859314	0.06588671010324654	69.02100708670541
0.09747903187450795
0.0622332298590702
0.04705307658598143	0.13309133773238876	104.79509747116474
0.02869630470674365	0.10318944482767083	102.8609335837133
0.07139099432534834	0.02861241809591583	0.07833857796283213	168.9321411478316	105.84653488667367
0.029074264790723777	0.13407998823847173	105.51226528721686
0.020634153236270363	0.14549895614397365	105.33859076909788
0.03289971318125005	0.12859975186481995	104.28921886997338
0.08295210603139175	0.14138282422454515	98.85855511713204
0.04473990820220172	0.12348808333126662	95.93971105419556
0.11216488231872107
0.04938154858379621	0.09638988572401058	116.47403111137483
0.07582749500070544
0.0667707826903001
0.09767918702106348
0.037769150863591144	0.11712251793974045	103.38535611344957
0.0451575201014933	0.26109839219984166	0.07603313931689804	104.00247562642231	90.45251536588262
0.09338147876566236
0.04790186692531118	0.15565046151013445	0.07248729490885529	97.89465124340879	81.01053163418402
0.09403755503635244
0.03367938999929063	0.12060424437777778	107.35254844004481
0.08558412455881957
0.09519829628273041
0.07932642188736076
0.09207871050632678
0.08023384710820719
0.06583128544230836
0.07694664683881682
0.08755046038256555
0.08213894458601613
0.13810852663322482	0.015173495514854855	0.07354480350320539	170.69418415608575	113.17385667269768
0.06564432386289445
0.05188669739976804	0.10797732062175834	153.22957587439024
1.9761470684513027	0.08362385734040878	182.88513646872636
2.036339470934699	0.044006880556687826	182.41181886824106
1.1384790296802498	0.039572669965059176	0.10644452477278502	183.36401991080388	124.37789593178022
0.706385728448492	0.06377662763167909	180.33428689645748
0.34456058440249887	0.0150011721860406	0.07283005288736921	181.310088250931	145.00346698088646
0.553368963109713	0.0799422414265675	0.08351161275619655	182.90012719214613	87.32349292448824
0.49070618089673324	0.022543672877972428	0.06897861296003524	182.2378191505181	124.22202405274265
0.21985988315991173	0.02606115890639388	0.06549648442406637	183.5366086467963	141.7359269148287
0.05507082835661711
0.07831192359286084
0.08305548377736459
0.015157258476594966	0.10478392664856366	107.98812415824553
0.037848536861266255	0.12555405698528985	103.40823567297285
0.056222475247395494
0.08954459342145939
0.06102490963750164
0.01323659735245031	0.09743177051806365	127.15355496722304
0.0222373865582394	0.1069234670604923	117.74861345704947
0.06809842702410383
0.07004574113321753	0.08720053886656434	107.79743445747232
0.07457404057932261
0.07765293516307255
0.07443368630554
0.09345148882048503
0.01878096026397668	0.08045786858504846	129.8619881035728
0.08029418295255897
0.0993447971004917
0.41777619254199916	0.06544606714287528	175.79969246866293
0.11038324227963649
0.08716431012063058
0.05778514933256769	0.03330561350473299	68.54335507948774
0.030041901672593768	0.11770395169953013	113.27287546210633
0.07926890407314104
0.07844029962658607
