0.17945698784260847
0.028576953331771668	0.1354560572454931	105.6007058642583
0.030930270881987826	0.14524772512576925	0.3828718880211391	105.01459083281793	67.59085090349207
0.022192009958399615	0.15730314802829323	0.30671563343575525	103.02459445971829	67.7020904955554
0.024915647173932208	0.15101784210713798	98.48697864740755
0.013594842451036999	0.11278900413023761	102.6621780229556
0.009233511467536381	0.06916734697934378	0.5610351741257393	102.34269705087053	68.19280173084171
0.0038817642486867134	0.10123134422434146	111.82069243563767
0.005135684845303342	0.11835669995746512	0.33143498563336177	108.182042719109	68.33141388144155
0.024912918775598352	0.07172215140258607	0.6278003188469806	107.78565147961066	68.23579526903121
0.009755085040504458	0.10668609564280607	0.9975348789448077	111.88735556554273	66.11163073850814
0.04907755650289362	1.012467177104605	67.66127486393913
0.10184696352041687	1.9705844599266826	67.15632548799903
0.07554008933438536	1.1403674051083479	67.33801660035746
0.02896700333508621	0.0686208660470064	2.280200651063291	123.23950209143302	66.0281139353675
0.006684714034919534	0.09251737654101277	0.8415591570735482	116.13611132905403	67.2137872591881
0.010522657496295471	0.09969109324285357	1.0425560973361776	117.56515970053911	68.11104122084633
0.006461153599028154	0.07294435083101655	1.3830307312749768	118.7546965048565	66.52795930270804
0.07019423720771568	0.9523633199050877	66.98486856114754
0.05657676662573408	0.4420491580830009	66.77351897229366
0.05894017517271653	0.47007297245208113	66.4389043298614
0.06320466085591157	0.49520566046763403	70.41546076592792
0.051713878318995064	0.09181862644921378	0.9398361333782057	93.61401744190782	67.14823932277915
0.058652294932119604	1.2329382591383855	66.4829896481514
0.07038258278491646	1.3952713435780373	66.37398023694965
0.061243734771381626	5.130106220324812	66.24267140557556
0.06914301646352887	1.5082627314933474	66.37457030040422
0.05625479800705565	2.2964286799036455	67.04112693526602
0.008073053730837505	0.11748986510248796	0.6247127773228606	105.64379398131575	67.02229949233185
0.03242314024098648	0.07737549638758102	2.460835703497525	113.522452318691	66.44654229077096
0.008677767525836154	0.06333060034860319	2.363008126909841	130.9324702941893	66.2344732767286
0.01652453969124873	0.12077485860617483	1.2064084192383955	100.7183176989198	66.6891450747174
0.023791086859995682	0.06542362510446009	1.770778364821355	100.44878825730375	66.26662340989648
0.08382684713967062	3.1266291567767253	66.45033752035425
0.06044121685759562	0.9573122785327397	67.54332305273743
0.08095282837154466	0.06445037403715718	2.52787717073141	165.82436099344747	66.33274753764887
0.043120847711505754	0.09015290640681886	1.6865645742388524	103.4507168170417	66.54480376217637
0.07023251318793591	1.1799140492901738	66.65495089206988
0.09383415614867309	1.2383609153194275	66.72864519567727
0.06291497351314	1.1563508436857772	66.85574337854878
0.05307077674378688	2.160723737119375	66.19699741779193
0.004360579671718857	0.06966650773012643	2.455268211281305	140.0754543851533	66.33718451191777
0.016423399746186184	0.06873145508716438	1.5526117512843316	137.35941278599282	66.98210278400929
0.06567525845062065	1.3499403253469935	67.61336125863744
0.04806832843298844	1.5852962879170989	67.10643259153036
0.03682055303731766	1.5126318232679614	66.76533373067994
0.05032524565828355	0.5553168215019626	68.66769020480537
0.03470920743530759	1.379797914586982	67.02072118058636
0.05469822421332414	0.09216687234489045	1.8938575653100402	78.32905294266439	66.9534053137546
0.05601860280726924	1.863786369738169	66.51781578853392
0.057088634941225916	1.7274539092161267	67.23394115311565
0.06886541378178335	0.9892440765714126	67.21827109781815
0.08427354902443389	1.2708748827109508	66.22893357985221
0.062437945233304544	3.2072150059249815	67.06565994609228
0.07606746133641043	0.9186033450389327	67.78492551241887
0.06898429674394939	1.3834539404428237	66.32235131177458
0.06951585237302425	1.1750591807322495	66.35981600183118
0.06685904636168286	1.4944270385736642	67.36257498279751
0.07062155555167494	1.448057649816298	66.7266920678299
0.07695690460215666	3.6000586204481073	66.14978760731488
0.05879652804588351	0.8470081042476119	67.73036336714821
0.02629181233791655	0.08091432150255241	1.67920835361239	99.11334002174732	67.22037839495444
0.004859750447054138	0.087769370014867	3.713721810624425	101.2707149588235	66.25843031873735
0.010935369236290566	0.09401993373050908	2.7110923028456835	104.64560372171347	66.01072124674349
0.009555952056079623	0.09874836520717477	1.0887155735114897	106.74018971705908	66.45870097522605
0.00781430405834417	0.08827132914113436	1.8810315622036475	107.6222875213857	66.34658097969657
0.00511480298039089	0.0941276846441853	0.4020736932528092	103.78769651541013	67.12382888576948
0.002667943507627673	0.13575026133276735	0.7494169420102222	103.21333167233948	67.27893321883397
0.0018052283683597248	0.11958722037784879	0.7194725751398587	105.38178792269156	67.66412908890057
0.010962853670703415	0.11253987453520639	1.7727273715600909	103.03560842631661	66.27497131845294
0.05415541494567584	1.2744197397410217	67.17444411958029
0.06542010756329289	2.5202757408026875	66.5197543696424
0.08099582365528786	1.2113435144364337	66.36245650878962
0.07803216553844533	2.5364494049782027	66.47993199342362
0.03210548466754832	0.09591157493226961	2.0615859242225767	106.49762942590962	66.34148866676775
0.04687976504172161	1.3868228748315568	66.02693984474217
0.01475196094233945	0.06252848099342569	1.1625959782440969	143.0060701433512	67.26719337674761
0.008638756032851299	0.056362971218063496	0.40655210402509534	147.27858967874613	68.17755717008514
0.06547473987780114	0.7929720106572022	66.22089677350995
0.04485316804589975	0.7684834913436118	67.49697128189848
0.03321696070398612	0.060751657296896806	1.9338483278413292	94.54257611808603	66.97800334242109
0.058268083393377974	2.1737180167032317	66.89365798538637
0.07037459605844766	1.9129743808473798	66.4905351703192
0.09095038779770005	1.47193835479673	66.48218566773414
0.08175248022693042	0.5145884334999523	67.20239338727008
0.04949586181490495	0.5111623262647806	68.288078976716
0.06074806759615531	1.4576839077388475	66.67964186773393
0.0126989010149561	0.12287270616647912	1.0028797177781454	104.80110835496595	66.96754582085008
0.009843598683449136	0.07731822098452451	1.7796675960838668	105.0578558688972	66.59714532697477
0.023134570989014586	0.06039003965289489	0.8391024422575242	102.77538483539962	67.2402738297994
0.017991982006029538	0.08292037148015884	1.6252922496145317	106.99810348178728	67.17266090189808
0.01340833039243844	0.10412002486424791	1.0868428929022222	100.64217387715361	67.18809827505893
0.03433997559898875	0.07134376201474107	1.7435806143750332	116.04613133787869	66.02399335907259
0.024877678193231587	0.07414351130625146	2.1877935990972084	116.33210562482371	67.18838648432828
0.012169492743423792	0.08139933644529902	2.6316318373164695	116.47217234199502	66.16271550947674
0.010912222714715026	0.07149233233415299	1.3568585687965193	107.24205270400833	66.95509188666138
0.007415833670567301	0.1057517432688598	2.0120486790599132	106.41193297162985	66.36678208977163
0.011377917500552838	0.07051422817527055	1.4892484612907755	106.60302746496329	66.4151951256792
0.07345035837517215	3.558862766367444	66.56539094295863
0.05072217148571524	0.754260738510321	66.89336164794463
0.048412157118874505	0.5322182651348542	67.47502914254609
0.13423717785661485	0.677763501027194	66.65060739330279
0.06421292161810917	0.7101928356552476	66.3607346214692
0.0898582333295518	1.1772282019884843	66.5941657937897
0.08486873015988045	3.8704570714779716	66.87715698263034
0.04797447513784041	0.07100261973831072	0.8806337227889952	128.06306703089072	67.94630760206084
0.05687127341477397	1.1043103287655636	67.20143902876943
0.055249065222848726	1.8449764799921362	66.90895616536103
0.05141878293969927	2.0769693604428277	66.4270727675088
0.04069514814693058	0.19075507368868044	0.09160984514205933	1.73354599297297	94.66301427078679	92.62459242158302	67.085652099149
0.015362660226240948	0.11332936201342103	0.6364054783629525	97.09217879585434	66.9263267580346
0.018958918359505923	0.091908402725383	1.4649746178990535	93.86082902888873	66.64638284205488
0.0049197157033139555	0.05579448154419432	0.0782637648030982	1.7814841363727996	131.64571426484562	85.84432326829501	66.27361680314972
0.011885243339897267	0.06266051055228565	3.5219180519939153	116.40645343015774	66.43071802879716
0.044392554782596814	0.08881969926398932	1.8838948614405255	113.30812435567515	66.23922549348153
0.023938611496846375	0.1112052091239243	1.464309444005938	93.49368090042883	66.52616714333787
0.02555452847219353	0.155438586135979	91.88653815724149
0.02163969523113336	0.11928808791337452	0.9638871959279515	91.90038500322953	67.55504099529337
0.03607859848906228	0.09108271891507531	0.7763832295754405	93.38140982874869	66.73442545841918
0.020039068212012533	0.10223669538055995	0.5953947284084973	116.18692897383386	66.79937546150084
0.027209962832488124	0.058717365203331165	2.9133394661206276	139.3998724142662	66.3183682585503
0.08943870113797435	4.681441162557073	66.43305138091516
0.013126753039714853	0.08501846421831392	1.2745141749149103	112.47713232613933	67.57307599010323
0.049262462889831604	1.9392251756492946	67.23475968448884
0.07389600759922772	0.6927199109042537	66.58694526239066
0.044808611709711656	1.49945762288993	67.25293353798585
0.09434334496798973	1.111359643350525	67.46390100285578
0.06687515127226301	2.2320412355134938	67.06004690712805
0.14445604080899088	0.058674220802346314	0.4090891550935381	169.3029862107314	67.086590260647
0.047803947909189265	0.9708243749291255	66.84676964048867
0.06948356083350166	2.0355544060801347	66.50503192020037
0.08125192578415079	2.130316360926346	66.89378456827416
0.08075508614540577	2.2541735589287915	66.37475406683123
0.06764359155242888	1.7476413682374554	66.47431776832991
0.03671670276947617	0.0922361772285758	1.0708440900723077	109.52878575398942	66.39976572792517
0.08981600717802746	0.2273155426979527	67.38836210101357
0.020595115144721225	0.11031158684578497	0.21485787848980234	98.26828923440121	74.0788737137747
0.01705565173002335	0.15087043327532415	0.33693672128048757	106.4043862368337	67.80296689538442
0.007674370652938741	0.06785265585570216	0.5182017550119288	109.15675883321425	67.18367965696342
0.01951803169927994	0.056193683991010046	0.5889200054822945	105.10087996744276	66.82753220613984
0.06527683439013712	0.6790102312074625	67.41661161680722
0.07836844044517809	1.4250250313718162	66.14899859994632
0.07286100522561528	0.09270904743597218	1.386134512021961	180.58199521043716	66.76912742581075
0.05080358349989692	1.1708812411872307	66.81746329284806
0.06284163967575852	1.5305249828767533	67.27023211883994
0.0770654209955672	0.906333256783952	67.14665469981179
0.06924571412610438	1.8282919347138913	66.26817749613355
0.057723198268118954	2.1048685978403103	66.79695876717471
0.07426216327879864	0.051533392604795815	1.3117571674254733	174.47212274050764	66.74538340318037
0.030766034783391162	0.06360177925379451	3.301847944124615	90.44714424541338	66.31547955222807
0.061812328486483506	3.2963615469844205	66.56353866859732
0.027905764954705693	1.634613419055336	66.41542134972391
0.03576559244087275	2.9078387372023693	66.06684181952473
0.041971946776103594	1.3542733940705949	66.6181352481193
0.06377815340632628	4.406641709572477	66.20855390400595
0.05507140312380972	1.0888991078350219	66.45210792984699
0.050727891782051546	1.8828021959281818	66.3211093525138
0.07364507933366096	2.359117030694405	66.37389324997712
0.05176693254640521	1.7812249983063093	66.61803194596975
0.060340282310988716	2.5326646683081995	66.71632568589854
0.06013464344063163	1.387352087393559	67.41505519149482
0.06096365571030428	3.0869258437842335	67.02774684468389
0.06738217976453187	1.411110569896103	67.22574035993885
0.045001861845913683	1.8541012517618554	67.28769154012875
0.012011207554053554	0.06091301810085269	0.854350733046278	134.04642007083183	67.03631701946887
0.06325886618517178	1.5680064718223057	66.95589995942856
0.056207367578212424	1.7561461964671339	66.38480616070254
0.03964689984937937	1.048415135759419	66.6306602867039
0.05141114407051438	0.5834948489971747	67.73861872349839
0.0572610196725656	1.6184947004763472	66.52560103772147
0.05996146363134876	1.6216414989692747	67.27899715395094
0.008204565360813236	0.10448515253816261	0.9667212960382231	130.60901526944056	66.60901821102985
0.002216425302219177	0.04961185013233698	4.743270578739559	136.01650229154086	66.30484652350668
0.0011841112055824081	0.010005487726523462	0.08944383073810008	6.157316490336703	130.304395818821	102.52149543609373	66.17636989739637
0.01716374085168142	0.07948588056895643	2.4632593543969277	104.69720143815303	66.08570282639042
0.00944656982906329	0.1057090497948379	3.27093119687669	115.9923560498384	66.02698737580707
0.009915220062782127	0.11277598426486096	2.3765134809444395	112.86724890621034	66.26604594260685
0.021141805022089438	0.08589847747152748	2.1112757560716795	108.66198450530749	66.5413599878726
0.01686883322923017	0.08755357225879679	3.104063829867515	108.57428366872173	66.57097844373051
0.009895191060728385	0.10511892398593038	1.3966910769424212	106.66638509893711	66.54801158613952
0.010688477792955911	0.17705596530390394	0.07809215525143536	1.9698270141383711	108.65498579665895	86.8673351253725	66.89406728892666
0.004509047170581482	0.07617169013453484	3.703489637236211	110.48293334367139	66.11918313333477
0.008824280088984468	0.09882573866085355	1.9385240994678976	112.97502348689581	66.51834857713527
0.012538236269124292	0.09736359301957617	4.232888257854617	143.25365436561154	66.32397250516398
0.07151908690276658	2.1540224489069013	66.06949263341677
0.10272414782146885	0.998759601940293	66.65515009610323
0.07047104055366342	1.208946783629597	66.51306112630942
0.07003742359778252	1.2097076859495421	67.12719839756123
0.0347924453699874	0.061961872105738315	1.393834482048194	146.8652187898259	66.81313717428557
0.05372453284645456	1.352155185487734	67.14384918267487
0.05638268661066302	2.078411344130215	66.5817428260241
0.04925859604981325	4.129761841553649	66.39867795679363
0.020875318439049082	0.07602530131848166	1.8460199892713534	128.73551347312866	66.53348559043434
0.02765593512013516	0.08539839887438538	2.3109054133711164	125.49592525717485	66.13119489480627
0.01594678767646495	0.11237441470449602	2.0713780881106545	123.94804530075422	66.37576158112088
0.0060836090420963475	0.0815186577898043	2.026900494621304	118.05111826457562	66.95205630347465
0.013646886651020762	0.07898496879408767	0.3533166076685317	116.448072422942	67.40644615924897
0.01478907665830293	0.11468794323709991	1.5985938172037648	105.36438345993915	67.50432715301793
0.07142084587237901	1.3894216278847287	67.02230558145025
0.04918584199206003	0.051936698658741905	0.12592514458492682	1.9057865029443906	151.016000143172	101.85992543836961	66.45234566218662
0.0729928182063901	0.4402794137635422	67.36790845341736
0.027516266315891685	0.10368123369380483	0.5890846883613762	111.66015063722725	67.79657864022703
0.01531927899516281	0.10726486472473046	1.3373160989356865	104.02557996193313	66.93130057035333
0.007476821252418633	0.10749228338602265	0.9904814339219744	104.86222724611008	67.60647461683065
0.04721163459750072	0.9193524199268049	67.16564982132749
0.046637222016302944	0.6475100554431272	68.10767345653854
0.0582697868020507	0.6019530052752411	67.19222273586452
0.06657400768391804	0.3373736062719135	68.7785294676357
0.0550397402871452	0.8110588182450484	68.34857087217723
0.054878915755647226	0.3732972202877378	68.04895824358063
0.03304998532756782	0.42506960401069377	67.92586792244595
0.0632070601769831	0.42077850024576435	67.16119099729076
0.06732008619000103	0.5134795713680943	67.33454243258346
0.06884380561306139	1.5469298663407172	67.06988070857768
0.06983806725555351	2.0430293600600553	67.05923115129077
0.05732690484209279	1.361052441696362	66.6524722941116
0.05615653883607615	1.692334721621715	67.19332580290455
0.055974724429838814	1.670288177987396	67.21983976780831
0.058714281821678746	1.415756947529354	67.15468084254996
0.07797672456955251	0.48610559737137726	68.27365440455512
0.05055820138137004	1.1690393169823654	67.32023254891759
0.06861448093136503	0.9474296863862355	67.60332963438698
0.07905874513958953	1.9731084044640788	67.15680975122864
0.05467623058071827	0.8501691177844273	67.08627533895587
0.04693788211658648	0.5111477867657862	69.05518287334374
0.08095509660990624	0.9979641512014406	66.51932673161238
0.08682656167104634	0.7936462642236405	67.98923577983716
0.027774968321911973	0.10294168895944293	1.3038634206312334	99.8563529885115	67.05478421632462
0.061479886011103546	1.0481264176960015	66.81198613384666
0.06482267234183307	0.6007425330388636	1.3981906161676874	68.15611294845019	66.66891736470343
0.048811400903062796	1.2832447194548264	66.77892691875523
0.052926867694873155	1.0223911162932637	66.59579580902508
0.06880108471199034	1.670252846863877	66.37207306587845
0.08290966051530177	1.2353624504537721	66.76036324887815
0.06906330092384962	3.5278129670528395	66.22029631767198
0.004778426487709165	0.07193547279123541	0.9580676013805117	134.7195393459164	66.3272214109703
0.007393479741520654	0.061525712260131975	1.5092712660416663	131.09256289371064	66.83823514014439
0.018016451548479626	0.09644663091721711	1.299787722754921	129.7816683563721	66.34162833566243
0.016416125506390527	0.08554785352342455	0.6948244737762327	97.74988092086411	67.42813524098642
0.0180038417364324	0.08253932889297533	1.152706279629637	101.47857749254264	66.44876824055812
0.03537645367590057	0.6284831882198566	67.60979118362697
0.04762851702229727	1.7778894333721127	66.31738842709875
0.07985876489115391	2.7936797268379108	66.13691116330145
0.02371639892817721	0.08764744110450681	1.917132195585305	118.24723630191936	66.44511136132509
0.01761919168088113	0.1298001483032838	0.8564058729865093	96.90079650227965	66.42359821660725
0.019612786565581058	0.10062096761127724	1.4044518353290958	95.57191096559528	66.2411777413911
0.0864769681314659	3.0567451882930303	66.36948166376027
0.048627108188817644	1.846404801774314	66.60734174806086
0.04316966266581819	1.3877275332963404	66.93450102546907
0.060163705091269386	1.1815714302465739	66.75634288360888
0.04165544973693138	1.8713903851390552	66.85629997884818
0.02918771025391572	0.10815813626186001	2.127313913556412	97.3332400013301	66.78930238499389
0.00964611757023374	0.09009563370555275	1.4389814289746512	113.36850632081467	67.19027405636506
0.013713569361388097	0.10398808397293972	0.9735616778615775	116.4782148676132	67.55587882145412
0.03203467295358873	0.07276303812171714	0.5187328253942053	117.70060908000521	67.66022309141377
0.07160953734014165	1.4353467009999972	66.67856342079733
0.06479315676001378	2.3125873975840894	66.97939517210702
0.06276678624180675	0.6812463258449168	66.63753559426617
0.06163735658077049	0.5484661577562127	68.12963535473115
0.03563021935314648	0.1199006264641686	2.812754271628981	101.75115732675998	66.46430365733083
0.05734231660430267	2.2327255146514378	66.33346667535965
0.023606150354663607	0.07379949297356056	2.515144637391963	109.68659079638508	66.82386753088836
0.0027456734108999297	0.061865612997562124	1.5696647870313691	108.01177915613246	66.10411951015031
0.006695628301967977	0.12260691723476229	2.314530614627684	115.55982344140814	66.34581665985476
0.007231354319938727	0.08633011342185158	2.3226833422244644	113.55376900556837	66.65095506293198
0.031886936825914536	0.08348775987917458	2.776997559439309	107.18252815418016	66.48709838892393
0.014733441157618116	0.0796200897578179	2.315142674240047	106.30187495476657	66.94605621834266
0.014800419155462062	0.05031612127336722	1.5139574359074883	108.72119717616505	66.45568504572394
0.011601984496957832	0.09813247127272537	0.34136632519389426	119.59169907849636	68.9560310034063
0.008734271066848709	0.0743361165773381	0.3759418871150136	113.06928308561096	67.95323290464103
0.0053519512828079695	0.10815172898298125	2.224208691205586	110.58805967105332	66.71300480041506
0.0071772519759741756	0.0900799906358478	1.6672761513950904	109.2008177393995	66.47022273333533
0.01133319631056187	0.0784408405429757	2.0036697114934463	110.45920531659736	66.67347956856581
0.007953464518841774	0.08181250149658173	1.920539712499289	109.46499344903005	66.44587485294201
0.010863813388090629	0.09455194625039225	1.1138923559805756	108.15149429051922	66.62779013516005
0.04957364682383942	2.2045746415538745	66.37907746545244
0.04879742631986425	0.72883233518102	66.35335469751503
0.04260296640303362	1.458751108627016	66.60977163229323
0.047464863248311194	1.744220259761473	67.03609069774272
0.05855322188596993	3.1708089138582407	66.26613262938962
0.05995931382553684	4.146269390288937	66.18754532367466
0.12401757753869616	0.05343969455617303	4.047898219761483	161.05034324121578	66.24946325259306
0.03700248508348169	1.9223191239036432	66.317709950724
0.06030872997460612	2.7394295386154703	66.37998324284983
0.05811843168266326	1.2777034172489603	66.5350512005399
0.05215626081107085	0.07446717112569004	0.4748475070301041	77.45755609932661	67.43189340383505
0.05915864464041301	0.5439152830076476	67.34614482561061
0.03263262204901741	1.5488613870236922	66.54640614296227
0.014338550615708929	0.0593942656979672	1.397372339776997	105.79242002990937	66.93914761914138
0.007429202609062495	0.08470157885679952	1.1957853484028305	113.28763525463296	66.77367872224859
0.006173219066536852	0.07170899812314495	1.083222100099146	113.67878725658093	66.80281908868912
0.06528160098299106	1.3778735306001444	67.21891106004568
0.04441441288909408	1.4790701870411989	66.93115961001786
0.04776495218035219	1.7235031297659889	66.63172556303023
0.06583060891118378	1.376375513818633	66.61308043112231
0.08680666420927476	1.308521886289319	67.15335597357345
0.05657435405815469	1.244402021313403	66.30259448325262
0.04903167389171295	0.43595242739344003	67.33493793686243
0.06731167499504913	0.8628522707429358	66.64262989664893
0.033641851652793	0.338102791256979	68.85400991190834
0.05204294726273488	0.6187843036474439	67.56123012182181
0.049374158463886805	1.1967888466771495	67.04798218772557
0.04469804425688595	1.0464392181014457	66.98407056186397
0.05959313929127458	1.0378039349754373	66.40173469122335
0.038501710525947086	1.7524845004309653	67.02410763936261
0.08068818162050877	2.0708018309076106	67.29071992763144
0.01736908918431029	0.07789618070354977	1.8248506608494548	118.95079061308031	66.73079879350902
0.011291203053492327	0.097056139897893	1.3489458017869143	102.39619215780692	67.29385410264446
0.009780981071412167	0.09233578936484252	1.6922256368112738	105.19566934099878	67.01073911431536
0.05179343026814546	0.7825177476962292	67.01294184479453
0.06569777786156344	0.7279108634185977	66.88440503975613
0.02139083802630388	0.12463472268235669	2.32790645956084	102.44744360281867	66.34877366580619
0.0822771146527757	0.604673406013366	67.0657963562813
0.06590925261180026	2.0602426774783598	66.2832358868958
0.015277571221751591	0.1383016144390546	2.516378756432345	121.73195225499332	66.41889189964137
0.017397432849157367	0.08683030080746	2.719144222084197	123.78600728820513	66.48046867153232
0.005933583574080021	0.09761443385795669	2.3802040472012953	124.33496936350812	66.90311061867628
0.011193806390378683	0.09658784951028392	1.2384444215965227	124.93252874012542	67.15903734038572
0.03350877466932138	0.12103282450152054	0.7824043483159993	77.90510448525276	67.98736253912664
0.06264987741700065	0.5994014044800358	68.39661517144657
0.07256670947112531	1.3897780598977971	67.36988085162955
0.04949760130789896	1.637303120329546	66.8689396726396
0.015186187216584346	0.09055022156050276	3.5490647216585907	121.646267776212	66.45685569387322
0.08530276663192338	2.4302667426517344	66.96451420623396
0.057270894542145595	2.70436302594476	66.19834574055314
0.09250097446637263	2.7324723399020705	66.50290488577735
0.0706493558037644	2.1920767166823696	66.50667215082335
0.0066066657285540325	0.0796357980060133	1.7087470585208846	109.97286112557049	66.43526004013837
0.049412524316486205	1.3180179845990414	66.19494979852168
0.008475934661805469	0.0711325216598953	2.7960582303011257	108.81368208201032	66.12960683843828
0.06302588452288889	0.09572943053549454	3.673919828380071	102.47215119100092	66.25530454081208
0.077297471885635	1.7575178411222685	66.93241744594714
0.059556384107497806	1.4440092258661128	66.34443087690671
0.07952075161993719	1.443984816477535	67.35025077818092
0.09706007953680604	0.6181634284853392	67.80991941036675
0.061072134323259496	0.7696415034147509	67.15198463764068
0.06706215440653007	1.5895699778127916	66.0626872511902
0.015994789902094107	0.10067440282814051	1.0621569701962168	123.43755488110403	66.42427746627237
0.017542879060279275	0.07192042912580092	1.6389415713400202	110.53688424856632	66.5762820943561
0.040643507237346985	0.10033450227329799	1.855311862407503	105.47109160555641	66.14011766378164
0.0694560785104249	1.8903059048783524	66.5390531942687
0.04756054603184345	1.9287969918645207	66.36344003208116
0.03801246287904288	0.045736292655959555	1.6846557400252244	90.53199272557083	66.14967849035884
0.012553313969701893	0.0642300683125143	2.0723903405322623	107.88301411043322	66.99360553089866
0.0036550888833149216	0.12448138295422641	2.414376562979223	105.08459584378294	66.3721385004157
0.01919838593053468	0.10969164421085278	1.7640540799374629	106.38768039898213	66.95558262423204
0.009001684939910425	0.08321797603415393	1.0956466732406251	110.12143460017775	66.12648442706177
0.005231262200149977	0.08071754688729743	1.3944134830409134	108.46335403729154	67.10810313359171
0.05055047353358665	1.7261342836197953	66.73265329997851
0.07441758892601857	2.3246895229945923	66.56385504937897
0.06926293082430307	0.5670826704995013	66.98720536499424
0.07255254898021478	1.512704860744649	66.99897068740137
0.09028880802158247	0.43759744935506195	68.07239394080429
0.054068916458864115	0.6420310032570401	68.07138563519196
0.04262194623419669	0.7632201796332864	67.16767685659167
0.07317366596139062	0.8902204958684784	66.59962887944559
0.05663631813861462	1.864389676401844	66.60301105153486
0.04973755285884738	1.8021474736819585	66.56996427657717
0.03902700975298078	2.728806218276903	66.90467626081433
0.05844377598236615	0.09087130803484647	1.2903166693970147	80.39213727142283	67.07627876093498
0.05719874936118714	1.2336302757904618	66.74214833970755
0.08705249916886008	1.1263001829925667	66.89736981022425
0.0340361906551286	0.1397354514220429	1.1493550922720857	95.16819645472847	67.22380785052549
0.05251632947664459	1.9186350235876852	66.20800245652096
0.05778033942986482	1.6821248562147184	66.47853443154445
0.06103245817383445	0.7986898347869688	67.1247857933365
0.05356805546865508	1.4703651677781349	67.92924771023802
0.05596515668986346	1.2428928838346653	66.75457132312798
0.010379060307360029	0.0900923325139534	1.8575633572379244	124.75056026366941	66.98174878164335
0.003200065913871953	0.09704487829054907	0.8716415556611109	107.98094930154856	66.4351476297477
0.011994413784174492	0.11209534406863864	0.7642732330219412	98.04390111026831	66.77783296602387
0.011040841137165006	0.11944562304113417	0.7884651747249036	100.73569625041053	66.94347165266261
0.0028332664335685765	0.12608757084339303	0.8929985561636476	101.35668998282551	66.26429071438052
0.004093484986390346	0.11413696445422025	0.3752499410498526	102.68696293929126	67.55067419492175
0.012173982468581371	0.10443617504296535	105.34813056086325
0.007473295431293704	0.09780806285620704	0.12885455418616248	106.82355571244919	74.56192676440287
0.01552403771659059	0.10115227213161794	102.78919104733687
0.02204964677188695	0.1441344470195207	107.95722313336589
0.01031219677957011	0.0940824699649055	2.8772857752117598	102.70299662263812	66.81602884831459
0.015410714286529322	0.07652451953317473	1.840176289336163	103.94948202410455	66.15617606868943
0.0192604998124023	0.07140446657679002	1.262082072257581	109.87950544455688	67.41415471488075
0.07372921681991843	0.5694003965500085	68.15284600682438
0.0666136988100323	1.3339279397944337	67.4348971791996
0.06128964998122	0.8741746573575446	66.75540442274303
0.02369559398592171	0.08650111796807981	1.7900538022625052	98.95255783270473	66.94768363320908
0.03248698382472544	0.12194135530004875	1.6400731212918058	99.42098448088967	66.95183331027378
0.010234695522690863	0.10550970055283469	1.156097483647001	109.14440355575333	66.97440857807703
0.014051913455913419	0.09303781877187411	1.9873964717527013	103.88628983895822	66.60886826342384
0.015733247267984307	0.06405402239112777	0.8911799583965917	101.11538436999086	66.19436259417604
0.013803416717929505	0.091381050270778	2.4939614416407947	106.2933960479992	66.51257252217688
0.009943954750261571	0.07682677447327342	0.45779484707267626	109.36349466141853	67.53093608697824
0.00894645470789157	0.11258763207384968	0.6044097940408627	110.14741427828217	67.16855890661716
0.016620387345191192	0.09311416081553174	2.529266495211695	106.01012184946921	66.95833078343958
0.013205613468868574	0.057094783445321706	0.7945264179602417	106.71264990834362	66.58160022485033
0.009992069272481172	0.10961064502668527	0.7529023574728774	112.13819223356164	66.63495214787278
0.007330573068832755	0.0830672333988585	0.818060652649422	108.61778693578898	66.23762044546801
0.021165552137146312	0.09729197787386921	0.4680585400730777	105.16667801894734	67.00011989641217
0.07090983053739551	0.7316726721245294	66.72621111292929
0.05081612287791158	0.6589421478813817	67.47651144583436
0.12195686761836302	0.6095445550755402	67.04119675192022
0.06370131304625933	0.10200076161796989	0.2876040969665416	1.4264620271255657	121.82709834813208	68.46231654471278	66.38875725608582
0.005704827317580561	0.1096450636411771	0.812537053185982	121.11618309336448	67.11766343880467
0.006426540627466789	0.11730255869727055	3.1007822371676306	113.82421110927527	66.77474456901292
0.00886443425986446	0.1377532041149727	1.160663517524126	107.8322966055736	66.32657263958727
0.013177124862579749	0.1263338883001269	1.5689425388486855	107.26652340275649	67.23582463495683
0.05151632114551742	0.06783864989788115	0.702327777675214	78.73639619506532	66.99074753101434
0.012920613926152572	0.09055689365792387	1.0000277894765282	118.2851818283179	67.09327921802212
0.011321635231182561	0.09048156678916931	1.5824449993168155	111.42405171065079	66.39543277751696
0.0017836706244001809	0.07262508263258631	1.8456622624253998	114.88740161146005	66.63140550328617
0.008397358429533283	0.0613190369563135	1.437274625300036	116.35359136075326	67.2991007015184
0.007655637875156392	0.11906987474284936	1.824848834115827	118.85034840633136	66.31851996829569
0.01011219033292649	0.09700240056438307	1.456363786893015	117.8853932823573	66.3570141068249
0.006249076353270399	0.12056096885324334	1.5100602849925435	117.31828838284319	67.14872719244384
0.005897987839677681	0.09343070226031173	2.4149613324343457	114.7290277315986	66.54346720044754
0.0015060438429312507	0.0978824018598088	1.7500217150978368	107.36937748197258	66.32761656823723
0.004501894296642841	0.08801004908561635	1.0347852641142654	108.22050752365186	66.57335444867947
0.0037510554208498364	0.04421272735931313	2.1090617416885182	161.0314600332139	66.3653504488268
0.05867804429314964	2.076986291152711	67.0950692412185
0.05577147251577707	3.2743692606898898	66.43650246505595
0.0533215696577345	1.3689269327735998	67.66083913474868
0.0625290722909438	1.8046844254090992	67.30791163832197
0.05898215567396726	3.5921487042063136	66.30963135984581
0.0596647622284452	2.5511132476228005	66.35539052473314
0.05309598679275679	2.031605664316521	66.07503025943973
0.0192916662318954	0.10024625346675171	1.9069228842415444	103.3694054256938	66.37466154061171
0.022217946684390324	0.10117412713048132	6.634538740365954	107.88337614450813	66.05566273867458
0.026391814511549316	0.06805543792129888	1.7459253019597398	110.36390851407566	66.53977587620602
0.019982004365204163	0.09402643630662716	117.45954656561804
0.024804980277993615	0.11484608093470694	103.88390678483735
0.010017222648979616	0.13304248581087044	103.92493463873586
0.020067838499921515	0.10052469330707584	0.5233375354637858	100.58365457025344	67.5511288140138
0.01195547349651018	0.11545772146741531	3.4747410555917533	103.37132765099317	66.5678720623944
0.00955730829972258	0.12101409277631771	2.1663599847828046	103.6876888606323	66.64384683599789
0.01907268282407652	0.08067846379686934	1.704828193328444	103.04736103006036	66.20962817693432
0.01330137026268472	0.09985823504911676	2.8807398692423396	108.07536439603257	66.32163887522732
0.006874074906997466	0.08005347132565926	1.8474664968207595	108.45263010723076	66.69494237213456
0.00827860882929251	0.08728024549571067	0.9273159927524656	107.34382939078174	66.74968113113322
0.00412264339129574	0.12291340880737991	0.09494810963254846	1.0372264653195309	109.97366685466018	81.8833836591957	67.1656786548074
0.004988741934004865	0.09993198005630623	1.4778049071375796	109.45969071103221	66.89842889764391
0.0322829938487483	0.08605818511501793	1.0981642566551808	106.54672283297002	66.75153199691454
0.08220209241469682	1.11859526548606	67.40838369366888
0.058138980939841635	2.8543870377289373	66.23869132481686
0.0733232835473935	3.7409269676252004	66.30760241583452
0.027349104914563212	0.08945950154919635	0.864477396079729	123.01516943470267	66.52068412206755
0.06372626306491258	2.2318689650405434	66.31056442326566
0.02325820194612399	0.059962185892155156	2.523989847856801	156.1100717171565	66.44775382735847
0.07672875635515741	1.5668369777304831	66.24473233806056
0.027521641998512578	0.1218561157396813	0.4722568281352853	105.23212966583189	67.74181981798093
0.030632695189745655	0.07178532140014163	0.5619271299956015	108.52425575661933	68.31458960540814
0.0656836268391326	0.7847260926136963	67.49496662459907
0.00923679892197828	0.08390430990598481	1.8890801312425043	115.14446698505466	66.26461399408181
0.010738480925670375	0.07734372318865342	0.8524242712041673	128.10758715510894	66.86404477902259
0.05138770453966064	0.8895371159099222	67.322356786652
0.04692727327846188	0.7197746094438102	67.9929952608404
0.15881113485517562	0.07646179219585465	0.7333612200856187	159.89667319842374	66.35979515638752
0.02593690595887191	0.10041606059764169	0.9812810381365394	98.95816710728622	66.71996672890737
0.10634036677706953	0.8176437234898086	67.63291816864191
0.02120438988618032	0.09489226948339552	0.46515492919510687	95.3561636957188	66.7334020629633
0.01636663882755584	0.07543291403552921	0.7353552360775554	120.30489099773447	67.67187717738351
0.058525374654315225	0.7674296613388035	66.7473666471307
0.03244825056370538	1.6224930369404238	67.20545738355251
0.025164815479954906	0.08822972760529509	0.7646397838908615	96.84529730614679	67.3722117233509
0.024121808714010685	0.09045160525786836	1.125791726630338	95.90133738662828	66.32787390785892
0.01617006944660844	0.1034100958135081	3.5600590790374804	97.2507679907418	66.52737717951352
0.03794181476569949	2.5150631130909344	66.44834265607739
0.04547207396674545	3.051834154048864	66.37409057383614
0.049854391256375336	1.8258006719893662	66.55228304017481
0.017805211999523143	0.08250172097155921	2.188890919933934	119.53946887716083	66.4392579907936
0.011660962370715847	0.0746987344741678	2.2031602342219627	128.75751986653154	66.37850650387549
0.05440063493047807	2.8978743317119218	66.65586251846419
0.056653085475781045	1.9522598273804963	67.19500364544382
0.06319724600071677	2.50871198706403	66.38727131268423
0.020371517318479748	0.09936158831411106	2.3798839630547377	107.25336500205921	67.37057529183141
0.022731384690306278	0.1249903015932301	0.9044934758007623	106.14108442095913	66.76212158808904
0.015523144617089046	0.08652355404752475	0.9159582264858266	107.17289457198702	67.35582616694383
0.005307676468801863	0.10304886987990657	0.5726996303212334	111.77319083480675	67.78757113308923
0.00713791170763391	0.11305790336074421	0.7109557710835879	109.36230522071116	67.58963792988796
0.013203148498419942	0.07833229701732329	1.223048446364464	111.60461815898434	66.4193065303181
0.06525908290846541	2.743117906415483	66.96765495277899
0.07284315237617242	5.1836374679506445	66.10888946978615
0.015428350650731441	0.08373988761755374	1.4885929913976834	102.65880982473901	66.37930716232611
0.04252494947963909	0.08442836281018727	1.6850097681173963	105.0779616725702	66.45461410609113
0.03865419001426454	2.451662049050581	67.21611240687582
0.06284383866878751	1.0699841172519702	66.21907027068666
0.06093529907036911	1.3844980897044739	67.43326115039584
0.07491662338825998	4.332686631523763	66.08660168433288
0.0754044609171923	1.4358574167099603	66.35975979091656
0.021370037243198966	0.10120508956023491	0.7641453185574352	127.84375195454574	66.78922121552964
0.011327174373372394	0.06743270125027637	0.8357924435737439	123.6601575212076	66.99756579294653
0.009557528632567135	0.06936906463729013	1.2731147985520974	120.81802947041886	66.6874432609572
0.011899155240351619	0.11284366266325703	1.2066242510135772	105.86375665313545	66.84868456595711
0.004583823433162616	0.09014758209839364	0.9324495436603776	101.61993453792641	66.53806258828689
0.006603424660335938	0.07046599887001438	0.6074568936405784	106.4335877470993	67.99705423702638
0.009415236586952648	0.13044726865275244	106.48015099520782
0.006997470549039857	0.12718949417911374	100.12945933880782
0.006731626224158485	0.13900257388961462	98.65996358863569
0.00397631169223826	0.13129851025457592	104.4314656641532
0.018691506266923244	0.05828024596740832	0.20802643817272293	117.21331156378916	72.92833786911403
0.06476294038230003	0.31380500100671227	70.0756751192482
0.014056546622990813	0.12538115970125127	0.6067582622554529	93.59386019233763	66.87903335019803
0.022251148625862804	0.07893328346328747	0.6723309524460772	101.80193744630036	66.53738757202261
0.01025428460408193	0.084497410942434	0.722407980130921	100.47025629440058	67.58378841045952
0.015418381058210029	0.08561162748046158	0.535581815080073	105.22082831054155	66.33872021921871
0.009717682016268069	0.08119176761811847	1.6545134939737605	103.88003019848391	66.80887738351707
0.011386710103317137	0.11424138668062087	1.3653923961854142	105.26329951065355	66.75673412280938
0.009914411951381532	0.09969572253163196	3.526907671557238	107.68006778601021	66.11818423634755
0.008991124306501319	0.09029098286913659	1.4763902505051927	102.8580467749726	67.25170110280007
0.01997645597754684	0.09580155340518676	0.4908731514749648	105.65994157344505	67.09792106902513
0.019079654677750805	0.08244454079060418	4.577934887207132	105.35473801670133	66.3359355022498
0.020473248912998787	0.11063223429716597	3.279456889271379	105.36802689577232	66.01539095478348
0.0072813256253625586	0.0893233657993687	1.7548875518667795	103.69934888913599	66.76751293053987
0.008528991775522868	0.09679878996843894	1.5809313405257452	106.0418975802224	67.1762018056128
0.020034188623527478	0.0767905388241541	2.3179206682652986	105.55627715165913	67.15231341162087
0.008182643514329976	0.08613968257150305	1.6617154528960765	101.2218421437619	66.9172053738473
0.07706553905000933	0.9564806616670414	66.93214957745346
0.0715961184362302	1.488993199392104	66.54331167876677
0.07708196868902976	1.634625152830758	67.25714813876542
0.04960327951474756	0.6512414831177427	66.35318405923314
0.054812253596838154	1.7801411965161262	66.31137777090406
0.07293803778517985	1.1130458788031254	66.343335404404
0.009929225887782849	0.07706711614855057	0.8741514758607078	117.94323561212515	67.28781372279113
0.058088851613849385	1.2860366699498602	66.9464614315321
0.039199871881630724	1.5146520358818008	67.05356243321168
0.05711348795754318	1.7702133887168012	66.31598354981647
0.06015157603490597	1.7243725413619795	66.66940468297666
0.022466120595576733	0.06965457129722208	1.280361896273036	99.23865842820919	66.44324441100389
0.011862513053883484	0.08850098884955807	2.05523467265644	105.20226919124694	66.35425868738909
0.014372453341815883	0.07262168135783033	4.771352148564959	110.86791819669709	66.12104713383557
0.035245311200840256	0.09492957117474785	1.2497835194027753	110.58926963129474	66.14569628102076
0.07629172991792098	1.0107573637714298	66.29817569274844
0.07188241740687039	0.4955218494910098	66.43359261621453
0.03658159195560817	3.292457955883734	66.37794348024899
0.06328130051357934	1.244941420685297	66.74820125219794
0.04339772478489804	0.06897428333948535	2.9541042016944266	97.62061617555467	66.34122852950016
0.0708049517021099	2.7021313292924645	66.21350873671132
0.07470610652131005	3.654458591525196	66.41927180172347
0.07627026995245549	2.531212973411641	66.62044702895007
0.06972351477708896	2.248675097426584	66.4889559026923
0.09811173737636901	0.6772754429777663	68.17024103770183
0.06120527794217876	0.05737242089336225	0.7544663725142603	102.81217270263281	67.75342056335559
0.05716382299613583	0.03892449683137106	0.6401110407352344	158.33455489136676	67.24382649608216
0.05738872391536055	0.06469332684229533	0.6449474523148373	91.51464883170812	67.4810326417928
0.05187473134449917	1.4608780804002486	66.99055959488713
0.060417386899603416	2.8626013284025977	66.12416703342838
0.09697246440368998	1.0141293897031436	67.26597939078286
0.0257599563438818	0.12464149965135361	2.3377877334946366	101.46633030346052	66.37643824129216
0.017484951632057027	0.12447338190953125	0.8758782354384383	102.53545051089026	66.52734495762849
0.0033973836931903054	0.09832393734709689	2.1064973095718784	105.4667306224333	66.95588790705996
0.013298843949353104	0.1295878171754735	3.4745264296593668	103.62761895694376	66.58700396980167
0.051554397060417534	0.10279449054737953	0.9820381650853877	100.26484916873375	66.83971952263641
0.056810481995624086	1.4279926348461527	66.84041278554872
0.059287422108463814	1.2985507623560384	67.05219410554989
0.08394686999180985	1.8938137729119142	66.34503142609957
0.07932445910715082	2.232710998537118	67.0107792400155
0.04287389181738947	1.037362580673337	66.96016819576508
0.06003101596328013	1.71043947644406	66.59612132859922
0.04605418274947648	1.705387071412809	66.55858377830349
0.06386898958319938	1.2410017578662744	66.28072132680515
0.07162046888100591	1.700139873745952	66.18825751440725
0.07591199951194404	2.5039194142730605	66.0289454571352
0.07323438368828457	4.4819541533569485	66.33717671775186
0.04712954981470421	3.1853630257423213	66.84393179282682
0.08278639486419441	0.9288410105789278	66.42933430378109
0.07979889442298103	2.349580633567566	66.82168316770428
0.06681289993006559	0.5239910576035098	66.68658655431908
0.05065664133667977	0.308020776003778	2.864412178322775	67.29121876688404	66.20146571724892
0.007408373431975506	0.08232919833034896	0.4870429160448725	108.9627727857437	67.33739334035482
0.006279337000231952	0.06834587377080843	1.6624905824944725	110.33820983755092	66.63732716581113
0.004838921895227976	0.1336714744768482	2.051722413240429	112.06647952385785	66.15469704708049
0.004317593867545799	0.09183451304325582	1.837077370156154	115.79212339265645	67.1965092732906
0.004905274377490174	0.07984475453650314	0.9986521187258953	121.75051838667257	66.40932358382929
0.010055730389620904	0.11337447424073473	2.3953910335109425	125.69025309215074	67.05104006096862
0.005738710032218344	0.07217869339275314	1.2538170395453396	103.73690873866256	67.15149309250556
0.007733800910129849	0.09476873481939431	1.4428916794137194	101.4082541513392	67.48090168101402
0.0029426704153916886	0.07638105760971944	3.141846311808373	103.82363991411334	66.74501224967042
0.0028420822434675457	0.34261453463417935	0.07924888071311134	2.2079968655047333	107.55801469440917	104.31873484884468	67.19954579490982
0.010527490093030726	0.08499519475327036	1.9474772933067008	105.03009891697926	66.15887167909497
0.010025348365988724	0.08295908499455777	1.681628636242392	105.44864282632768	67.39729835502273
0.016632775462782006	0.10384303276784149	1.3451075984231613	107.43600339856707	66.29501558668194
0.018138826697022527	0.09526597756942529	2.754003291313179	105.04585042232816	66.48756212557078
0.015837022627965804	0.08328619855522924	1.1317263265397772	108.1896173659125	66.6708061570172
0.02790486392436846	0.09593422697713785	0.6659826566155351	107.37004926477212	66.89385927625669
0.015728541526524576	0.09888891790026054	1.0258573100303436	107.15146146659781	66.58798176778915
0.018048199590865545	0.11112206496427725	1.5871952325974206	107.88227899157057	66.1054482633776
0.00955749725725867	0.0913265542830109	3.146701329365716	106.10629035192684	66.98830535717488
0.011918765133142058	0.09996683010974129	1.208150085547597	105.95454160216636	66.7247689575968
0.012291576980129717	0.11293483347556467	1.0364776546433798	107.23295079245685	67.00068490851152
0.013611747907641846	0.08894058922902989	1.7727473948400998	106.572581175093	67.05458704754275
0.015291090400871987	0.07643666044595583	3.019814209815461	105.6744698999882	66.1096924521977
0.020978752987323813	0.10710296415041629	2.9885345920945308	103.72289629900656	66.47369612335629
0.06149661872971648	0.25404491363280696	2.227360364764461	67.82942626104423	66.49314048152758
0.07709512076208869	1.843483932821329	66.5962028431639
0.04489903255192117	0.965675352743943	66.42507717853964
0.03413664555730972	0.48681484125816615	67.37795032431913
0.06367304370296423	0.41067185010276785	67.58126243181798
0.07113409817799476	0.5235998910325926	67.41673432663568
0.014813626422633511	0.0531200863498519	0.160968258004457	109.61470453314071	70.21735833960321
0.04238933394483901	0.460502425549029	66.57091182215572
0.06209761761650211	1.0235437915962613	67.75410450130794
0.09123592963321184	1.0708803976369496	66.47953137724352
0.048849284279229487	1.7731935732497404	66.897707171571
0.002596142876768061	0.06189102415186435	1.2494737071647624	116.89516296880146	67.42724418767772
0.0012029729181454861	0.10415941660464645	3.1874487216019745	117.10018671820325	66.91469646036477
0.002760041258483223	0.11395478844983407	0.9859621077178264	119.85470749063191	67.47756096729016
0.012585301382363566	0.10225700400391682	1.4374305579501179	116.92475235446915	66.89168828952232
0.0019838869826034494	0.09693594643365074	0.7291464403212277	113.32386545712987	66.64023816513706
0.014707071048354338	0.11018827670954216	1.7757970873897861	109.96585010270348	66.06368876002948
0.011105762486849016	0.1207963358279809	3.516893316268382	107.6292998652907	66.2543330322661
0.005572584696782253	0.08486372550272352	1.941035488469264	107.71974894064044	66.1409647291664
0.006998475760299322	0.12709336078988895	2.0754788860609756	105.98630174846916	66.56975875135682
0.011463751411740572	0.09403190334492163	1.3834459592870942	106.16770781489116	66.82246225506064
0.010111904478020533	0.10712852853451449	0.7326544651571386	105.25268468637228	66.96712941785863
0.007822708962917285	0.10000844442416738	2.0037993016050684	107.07654266118799	66.41926043162948
0.00910711764810008	0.0890659229448661	1.6540220562234833	102.55866696704655	67.1371553105972
0.005874952934634548	0.10663866645386869	1.1935297138433358	105.50191625692884	67.28089268454008
0.0036540645908402186	0.07389692964476138	1.0216118302006423	109.54061816286452	67.60466533563263
0.004064116225166776	0.11726947526510065	3.8122745890053107	111.91805265677873	66.33548659661423
0.016019652989206806	0.142381862600884	0.09478756011512922	2.203593517568821	107.48633811890674	82.35277374688333	66.27203801724795
0.018105884852776304	0.12294574430962157	2.634325456272928	109.93674225068656	66.20818169966925
0.0037837869327847955	0.10786883610530293	8.591312754921152	109.77135225599734	66.46777615391898
0.0028852702799285488	0.0995092204540371	4.353431892221848	106.62203906035414	66.43851437700914
0.0014082297684621422	0.12102271247106795	1.771406554014973	110.28924783971847	66.61303763175584
0.0034566243789440673	0.09158144403456904	0.9643056727129179	108.33453351741692	66.79657686651976
0.007903566173363782	0.10468445067651294	0.9595752563225142	105.26133299828696	67.22745069156417
0.02486708846717133	0.1093405404174438	0.10231241114433881	1.3794537486779752	116.92889204430148	105.73572354335225	67.37912020485548
0.013345976234005102	0.09070658222797906	2.472144324727505	119.70099626811098	66.88193004097336
0.010608270977830722	0.06857425189002186	0.48178180662583053	114.06440867104746	68.1990192204995
0.006539894487354319	0.06058219204591337	1.3400491189342176	117.37274873377201	66.36004066538514
0.011272471073189624	0.0914653739097843	1.352177796706743	108.11042805533893	66.32881334411623
0.01212053482008379	0.08128697963683444	1.3644551734878532	104.43024655099325	66.43299043826029
0.019036649472744166	0.6310086940325055	0.09742308902869987	0.9022517417716297	100.22591679341232	96.26018274382638	66.9332436812746
0.009978717264606368	0.11275617693025802	1.5741343138893251	98.749202388813	66.51106809748713
0.009185377535784146	0.0946742378859536	1.9231480451033893	98.75827695751907	66.24686369444449
0.011490109658891046	0.10169741827575186	1.6899830110070235	99.4336682642036	66.39517683153191
0.006403867204878116	0.11872934304904792	0.8022389393362481	94.57136581787387	67.28227802928068
0.007768687869180948	0.06987238243298241	1.2883928318824103	97.67399950677684	66.15853116936538
0.008752278524499448	0.16154642385570397	1.7970091221670108	92.58119187946207	66.53526336407442
0.018521761353781953	0.11527872960555748	2.1647720479837487	95.92048173481939	66.74364522900397
0.026992929468178047	0.07204575429500022	1.8221950993963378	97.08373062532878	66.98234014976484
0.0723143988232927	1.4718463425635477	66.26330480960002
0.04816862566051796	2.191253265912613	66.47977129022004
0.04020220438641623	1.209887226647332	66.42970080460962
0.045715011077356135	1.247794457229088	67.12849667920432
0.06364593991093626	0.6307931514544188	67.84772303735735
0.06230811557865419	1.55577168181787	66.60790781701972
0.054828026902726486	0.05424308489600906	1.5004292697596813	70.41784955221185	66.64812920507487
0.07608882552574885	0.7535584262268442	67.18607457451512
0.03895966321317137	0.07923061157858209	1.8268686388810704	108.75970502647168	66.38265273403711
0.061987645098973705	1.4049466873803635	66.47319254164228
0.028488455997121936	0.08586819087616883	1.6546425229284827	131.3557267967773	67.6271888775413
0.05860986553342551	4.092217960198103	66.99666683932234
0.06948772270349651	2.062630560577096	66.2833023352371
0.04021497192922677	1.9969584826530544	67.39122021798673
0.051844528682149595	2.2953642888346906	67.11444620692825
0.0491885236926942	1.0131870185375742	66.71378547925666
0.053276226944474474	1.879326231909465	66.49071106525524
0.03533619743709598	0.12387777606900958	0.46536714391692957	102.98484727055796	66.69097004840445
0.022036567130670277	0.07663614403614487	1.7139485145981057	108.84861529706139	66.50000135652901
0.003983304934083418	0.10212097789774052	1.4341742705798146	106.0880275666766	67.25560576874726
0.011176557837272255	0.08950286080974292	1.7972867285154654	109.83533484420701	66.05144410043874
0.01138849227934193	0.06827289007749966	1.8278088438150304	104.6393417994157	66.50045844215451
0.02402632724254555	0.13540105594724086	1.4410341966214526	101.74500852207873	66.35015091211234
0.0305969001117715	0.1114496855443369	2.0644141927320203	101.55867026475975	66.62290743134106
0.01489875843213583	0.08624642486757086	0.7424018013509271	107.02301433063779	67.0933372995122
0.0202033217571784	0.12256229921905065	0.7760905509589893	93.82736812148285	66.79610816528722
0.05702537034192237	1.5116474395183732	67.10611118775829
0.02352854588420077	0.06787864049984849	0.9028807525100879	109.71368532645393	66.94294216518695
0.021284995841839655	0.1006104690946869	2.647506083507128	109.4153137987575	66.01209795167246
0.05816227678136885	1.2490346264588095	67.1495452219755
0.07686399925293791	1.8265082747714998	66.89761114599476
0.03273653272791829	0.0918246421654829	1.358428629935093	93.75093822138446	67.41664379364086
0.01867654169950658	0.08413601341597635	1.0621382959295653	110.06915730531018	66.54264536080879
0.012623676379795409	0.06830564441930793	1.9369913339454645	114.94777226999075	67.18183386509217
0.06010453958376289	0.0750230756092015	2.0207715824901533	93.9458119615881	66.53999492916135
0.05934033474724722	1.15062806042155	67.52898240708166
0.08877253522217776	1.9338161314628604	66.34414251144425
0.06696541351027627	1.3468393805741503	66.86454670628709
0.05270945871401833	1.5414980199873332	66.3140569012997
0.06589513152276111	1.5299138326852026	66.19007931584773
0.013256917237135749	0.11693498401076066	1.7455109329548035	103.50320245947475	67.01570663934235
0.013944073355702429	0.11581170770834844	3.702782796877825	104.11841352953682	66.1222014477947
0.006669701304127177	0.08459707605391056	0.7833213900009934	105.9830881247335	67.25506869811402
0.006571984762743226	0.08455292323243202	3.0279211070379954	108.0679184159426	66.21882234739034
0.008754632257639196	0.09798463595685465	4.2744749377780185	107.08749194425872	66.19407902281152
0.016933758763698986	0.1291334968757464	1.7031135729753017	102.05378112205813	66.90112122770017
0.025206299069499474	0.08198024584288498	1.3477443425388047	102.5954441610321	66.06655663784389
0.007864841634454693	0.05481242714744747	1.9704112127555948	114.74995957294601	66.13686953939082
0.01241856589295463	0.06590665075062228	1.5734604412319426	112.25179611258535	66.7016558999433
0.013671575764967924	0.06447668555321197	0.7960452573749442	116.4737404230212	66.01923893388935
0.0388717125520289	0.06180947645120262	1.9090056126381996	105.67966837798465	66.92794650650728
0.037460140751854935	0.07772419919284167	1.2678632047995615	102.08327537714781	67.25066701570857
0.0818594827452361	1.1329321700978021	66.37284016020634
0.015479958045626912	0.10526886240447181	4.093173988109853	97.73479505313358	66.51558345807547
0.04671368242343383	1.104562854234051	66.16644049462975
0.031484711611724316	0.08192949479464702	0.7847953511311682	94.81647242457488	68.75576350146993
0.02027573353169606	0.06838312158358527	1.7033153352029	114.5200078003009	66.42278633429062
0.06437592132102411	2.103016054900425	67.22179932927703
0.01818370579278344	0.06243401148731319	0.8102583134489844	141.20910522719123	67.57053463457095
0.052135673471985854	0.4082316556433425	1.952187401253145	68.84002476477534	67.35532191798706
0.046661636113112116	2.382915545366936	66.06878573593728
0.05260019997646008	1.3786504762319773	67.01607116906145
0.02174922579910387	0.08866190471125372	2.320093799008716	121.70678170124171	66.11320880597583
0.045695861050738376	2.260050759187999	66.26410654149876
0.053062780089322685	1.1906878444731308	66.5177686984696
0.06155923022032429	0.9990485748227244	67.92326294150885
0.04526445328413263	2.1532793752585166	66.87672970790511
0.0581042128158046	2.98199828862974	66.20529563884571
0.08117609004373491	2.118521788470172	66.56119415552665
0.0651507831326923	0.6101567311050538	67.20888386548994
0.058025357776154245	1.2678055390164937	67.5284345673353
0.07147647057767635	2.0212508547484545	66.27560192402447
0.07762227004901408	1.5282502879115907	66.68120905948804
0.09360674165805498	1.7446357846961353	66.5424146822543
0.0718185482774914	1.5960898642183625	66.234899343954
0.03196294949735072	0.12879902185395417	2.067495128816101	112.85086952293591	67.1357151698377
0.053315516245178066	0.6997197718028211	66.99097305406549
0.06527937073432938	0.11181984832155117	1.785367358698711	106.07403020873839	66.92522183559872
0.23993541734451374	0.08269780552232768	0.9901877927991746	172.47946779334583	66.65951409669842
0.07393652020083236	0.04079632729905529	3.4583991190629484	72.42137717345263	67.02589751047037
0.0786461433887167	2.2394609411125765	66.61447364714378
0.07936342037162616	2.5836022410478052	66.36742312575083
0.06639233850715953	1.2965039513078975	67.07748225942346
0.05827817044370356	0.06843483801464278	2.5501094863648617	133.4037752782596	66.91816372864446
0.0662144025199997	0.6860392328292619	67.69289753113237
0.056670027500136944	0.09541076964017672	1.642874609107825	119.2934240048739	67.07027497053812
0.055550358736423416	1.8187927711967387	67.28394546049175
0.05198255015176705	0.1184107607532233	0.7324876458395626	93.72136438667421	66.4627769972908
0.08434772461305927	1.2682741579512289	66.80482482134755
0.07248737304628979	1.1446248226814777	67.3731093788269
0.01690256753339967	0.1084151112913573	1.5928757439267582	102.02550557646877	66.46281293945952
0.017313126385388726	0.13159015035422683	1.798571154203251	105.0056846030823	66.08711925321109
0.015191840800729215	0.07451743010366539	3.451668066073442	104.84821815389813	66.27062908201508
0.025294489314142365	0.10153894509961846	1.2137066565839114	106.2538003830153	66.79928439194481
0.0834626568230492	0.09127496945579845	2.0510019552629584	70.69144130496889	66.7473936296497
0.014246440393459237	0.16174686570032215	1.4536434385479904	100.27960648811256	66.91137803701584
0.08967636466221862	2.3423147676962617	66.60672403513117
0.03420210980722042	0.12649270596360335	1.303867316258584	98.49009730362322	67.2489114110706
0.019284376943990864	0.12526561631797806	0.9791687283511591	107.40037837231762	66.8286479626482
0.013477265769786632	0.07438020057083551	1.06142181153536	106.24095105847361	67.18091862924314
0.018260303340489767	0.11462638969794023	1.6175777528698092	105.00156413904722	66.58143919276148
0.022200311723593463	0.08212908753248009	2.4751648322179642	102.32070931300542	66.78657928426243
0.008078308746245716	0.06969148414596353	1.1632881717968089	102.80623423273418	67.4123808381716
0.007616761910974481	0.10315103285856597	1.8811345044611192	99.9298538517127	67.0731357975741
0.007024107548729175	0.13040832748245235	1.415907927011158	99.8408179344508	66.55967313749129
0.01606319819260121	0.08367338136978857	2.8343998755979767	98.68048562368955	66.36933777004553
0.06797066217711024	1.120121247294138	68.09497637529586
0.041829262293555144	1.2725859563649353	66.93122423938007
0.08482491277866501	4.088263076350238	66.5320075800999
0.02676268717116937	0.11055598993009358	2.52992290558343	111.3959823305066	66.26938896942255
0.013872809168132634	0.10653332955409946	4.154784061905742	105.88504745074817	66.56328565252021
0.02586260106303825	0.05706699893230229	1.7049416315651011	99.3610320869456	66.33598217063737
0.011162929079338907	0.02206698958975341	0.14377690841563784	2.3733320630212034	147.2132126426422	102.39891086645689	66.25086244162922
0.019598778903659096	0.10526085908176475	2.33090413478711	102.87563939083714	66.07611895790129
0.024761204004358096	0.08442181954619273	3.15960780723083	107.64586743907356	66.25567195433477
0.0038173963121126437	0.09339375689644772	2.303016953719569	103.66282802929874	66.17535102290557
0.011288685870150006	0.09719422124791635	1.7797458894729983	102.26520935480129	66.29335729263228
0.026642520391124008	0.08668681512859039	0.933570312177415	105.14769891373076	66.652146651893
0.0052653497558299	0.09801984713854435	2.009161416518605	102.92044047930825	66.1493168838841
0.013967261403795485	0.0705308668467676	0.708485590469834	101.68088487344205	67.36713349362009
0.011891979366514014	0.06848234772349421	4.054100006495119	116.05031851840953	66.02197642729635
0.020443572296414646	0.09696543895591385	0.7981224870070024	112.41914042512002	67.20590706749724
0.019574722040687755	0.0744325896784142	0.5980053290397744	110.84510175405322	67.41626271682613
0.0029418209590900846	0.08122473938334601	1.8401892678507221	106.34235318506835	66.13356061762484
0.002627336198716112	0.0994263884342037	1.5174635524700057	109.54820591374407	67.26228394320668
0.0013085831249929642	0.11165928727765936	0.5875128758450823	102.80834304114855	67.05787918793608
0.0012055174475620284	0.12287915297506098	0.5764732707086889	107.27770523498613	66.08341295809882
0.001980673672696152	0.08587922891530489	0.6794701765827554	108.42185995650159	67.56743693212815
0.013299122776665	0.0873753474999971	1.7120699613532615	107.12535163795044	66.55010170623069
0.014156324485257412	0.07746010660683131	1.7056493136357425	107.04200532783486	66.77671458819961
0.009758674989046336	0.0640689882583797	1.1517351148784958	107.61473891327405	66.86142953788378
0.004256876651088662	0.08396720872748101	1.3974643406844554	109.19918152424057	67.15429036778937
0.0025257122778921007	0.0777171835349575	1.2733953978360515	109.91577328117076	66.58887286376577
0.005281467567291624	0.08472262900853723	1.1695341690681031	107.74284215224188	67.12555496399577
0.007563412913161272	0.11060937293975952	3.761375541866987	105.47010022548538	66.36052774312434
0.02046916695044617	0.11969053019783153	3.1511851726264912	107.12715479107302	66.51075526420398
0.0031269187953506562	0.07154600986920723	3.2316706229861367	107.7779915407032	66.7048428901448
0.005988808479408763	0.07263259311600284	4.909193158247798	106.80735013017896	66.02821674014223
0.010699431426926503	0.09936698521665212	1.3169493285500387	106.17695210407695	66.39128835370384
0.01808286180773811	0.11245176363280465	1.4914214716191005	105.28223618162788	67.02663708228036
0.014534066410374259	0.11146925242370292	0.7434021681509995	105.69123383459484	67.8763105819748
0.00930772695557627	0.09673747210519483	1.5097421498211956	106.39372035439936	66.9616685864856
0.010812182958670438	0.14574342018803038	1.0773263489808576	104.37644148899135	66.29707368590238
0.00964248707948732	0.17514137169539792	0.06405839250331008	0.3937192703648385	101.77752996356963	90.2790929215203	66.9942028079483
0.003296164985768191	0.12068833746472776	1.1502332940298214	101.82118772444447	66.28253460778973
0.004916558350217867	0.11030884389206576	1.941450971442684	103.73426577565004	66.24697755689779
0.007957664034247445	0.12254833294743601	2.423373108191359	102.74189167744213	66.24786054831624
0.012699962537632533	0.11302739283421179	1.3942410287752915	107.14791849638604	66.39251046316515
0.007725769942905236	0.1103760090216389	1.3401623567162595	106.86586899338259	66.25706012153512
0.0006601235567893311	0.06731944409019984	2.353042982205995	107.89454407250226	66.43489798364803
0.0036355951578484432	0.04822391476498293	2.71502324071091	107.56151608192921	66.54916944349952
0.0032626304871576934	0.06840528667239122	1.806844010462141	106.96025710806936	66.23279390454496
0.00547810016654472	0.08216914244313739	0.824338922604206	108.73039366623621	66.29723358737806
0.005306059447973979	0.10923874562758427	2.0712601229957794	113.4199351017419	66.22167346765333
0.0065875251071879195	0.07532461780411244	1.4491852161529228	111.53295884147713	66.76481081652756
0.006364350387307388	0.11127776394101907	1.0026811890476763	105.86169056444817	67.61465463553824
0.020613353440629426	0.07788847148347185	2.0879467216682985	109.25237653174874	66.04543389708644
0.008649792464051575	0.11093821218435301	0.45667200011485726	111.28455277550887	66.58574269044804
0.013853803427635005	0.12163789061437004	0.10125626987206132	1.5683126150102724	108.46741695182489	75.26316689494773	67.15948965396133
0.009156912812904166	0.08687804543876965	3.29203281799339	109.66049794164121	66.30692778521046
0.008275224377758045	0.07265401118123095	1.7358008009664718	104.73939691201113	67.0397039583199
0.0014725493282532979	0.08917230531690146	2.231161619898401	104.6827532094416	66.5353338122948
0.008512910825684537	0.12087959086116407	2.4336641782943196	104.07689106441869	66.44924847942283
0.0028126718660218494	0.08002120888449604	1.8890104332728501	100.76473160065214	66.31265706554781
0.0020063777232520084	0.10004566792427652	1.1548874767933512	102.32870045311361	66.58006321369213
0.0029607461816269416	0.11443543203877864	0.6346657466083206	103.0946598424969	67.85305314123863
0.009927365713647347	0.07292234853807286	0.9243328588519895	102.22039882766842	66.97931859391844
0.010424249383549269	0.05826763379043553	0.8491248527027999	106.33382470969919	67.48327968025815
0.020152805713189628	0.0756642992432721	0.4936739769660739	106.11524494850202	68.64271699267753
0.009798015810901204	0.09097559976290243	0.7616244617080652	109.12188047709388	66.70789036218352
0.0027462937782059805	0.0969053477587879	0.9481483496448524	111.17850696442194	66.80543838956972
0.007182844650627289	0.06567335340498512	2.5816959252201537	113.18728775595063	67.2593557788472
0.04645939933328125	2.360115796292173	67.13288673094816
0.061376109442775745	0.9299726411099626	67.56519457721821
0.006550652753720015	0.05533464533722539	0.4125706146274088	114.03121028212651	68.41157591092639
0.011930200090394687	0.05454670752655019	1.2827050768071813	112.16484016172494	67.02046354823804
0.044066127133660773	1.100534202997253	67.40791206039626
0.041275387971047316	0.08539816720624228	1.160027479541071	93.46642687757937	67.2776708735601
0.021409029594467142	0.07555409669197569	0.9542940989602646	113.21398912307151	66.57378829739639
0.024602762513684852	0.0879214337733255	0.9689272339443561	108.79156477702885	66.35719857620695
0.0587272101127906	0.8034912537042748	67.86213381730657
0.0783173151796645	0.7706383222136898	67.17862624735206
0.020542803180507243	0.08097231852377798	1.2469234292605584	108.66575425237792	67.26076415126194
0.025621550765071735	0.07361398868266725	1.7242618160828493	104.1636267441899	66.56112495313712
0.05980146114246165	1.3013560352393914	66.22892324739995
0.059733084243681366	1.3509007138757736	67.66976102306518
0.07830436900491858	0.684311517678098	66.75860628381469
0.06339930883408126	1.78148316990847	66.47664248063603
0.04368365218258641	2.8924688930905313	66.10376906351247
0.027142355078993263	0.07777368565758704	1.6314510158608964	116.83256362019411	66.47778132258192
0.07918329648074358	2.01977930431241	66.40047609229589
0.02999810065719546	0.08718338660812991	1.283336477020964	97.2168101525356	66.3155587099003
0.059125676048455256	1.0504933555938505	67.02451508431466
0.07970553960853713	1.0088778550590163	67.31865860740432
0.06883645696196986	2.058077416554016	66.60120542361493
0.03637299695124728	0.06496463663674705	1.6748089112012334	98.93945026757886	66.23142769911185
0.05631275633450196	0.7927119861820776	66.34315110989354
0.06168728915691784	3.304165022252789	66.53156016037076
0.0641802583360671	4.479110689909506	66.03339631787593
0.06376884156987103	1.8724573061178098	67.41370244990922
0.05578929704488365	0.0796383056759064	0.7737371775932372	100.62735780050704	67.4970559644765
0.01664208705993834	0.06449075624512701	1.3075379337596214	110.05997995012353	66.93922030448736
0.0675954646556538	1.480329933993207	67.0929438403284
0.02715193545217036	0.07680946342941612	1.3096006638838895	115.9284581314442	66.79925297580303
0.0580467573528964	0.11415133936330518	2.1394595858385075	68.06256940332392	66.57914955419109
0.063006575907071	2.0893283412881036	66.28028403365849
0.051495961043457564	2.529290144218047	66.28187691375052
0.011783860061839345	0.07653832778639846	3.2510682504842694	100.74563222981915	66.29883489075776
0.05767160169466241	0.8863177207517348	66.50410184089672
0.08768967625178754	1.5831897012327851	66.93997331533309
0.07939739534567164	0.8035503413240721	66.79312435830921
0.059278838872945626	0.7583188788127202	67.97132566617401
0.10653922214729974	0.8258598361216025	67.75812761790884
0.02888730303747678	0.14101202327843088	1.5365539068212801	104.16623360689893	67.26739517231263
0.02840045830060816	0.10376467862930035	1.304042391888971	109.05252361105539	66.4154766868027
0.011219821188740334	0.14617834721815237	2.264261290977584	102.68167623196494	66.46410080005184
0.018040733168019282	0.11354248023338855	3.0048611753924694	106.71212452571139	66.88026699616958
0.009535264473304389	0.08579215792448706	2.2953149380213347	101.90505699345158	66.56735435089576
0.0056834822486730155	0.09378912263497154	3.4395754784541226	104.81964275984295	66.17588552057293
0.03224201070524217	0.13145671902804326	1.281692987579877	105.05276946489163	66.528725320539
0.004156610104235516	0.10052988377092846	1.879740626808088	116.11922981040296	66.88784652751355
0.010366284602986962	0.11660676602669105	3.1001569051553823	109.93451036987314	66.57947583237919
0.014103597900903823	0.11067316514123257	1.6230791918444913	107.17903987403764	66.41736805328722
0.055528929389812076	1.9762926387315247	66.40135206906211
0.055823697883652726	2.435279398001215	66.36171796800373
0.05347030831758811	1.807314167713177	67.00802747255544
0.06964803002333415	1.5069441097947318	66.40109986241112
0.02335410344782529	0.12006418858102999	3.1554186706856355	95.45068862414911	66.38503613284344
0.010229715384340908	0.10299466078672284	1.2356654838450942	93.22388512645024	66.9959883903507
0.028235320900512253	0.11316475865846992	0.5443955064990603	93.1819757954117	67.28698300758188
0.012653702185187373	0.12442757897008021	1.441680783204818	99.02155121728633	66.7824189095431
0.03376428162051051	0.08745978251286544	1.4106686186288024	95.38474101684828	66.3741698935215
0.03038441452792248	0.10902335309850704	1.7978593196837906	97.62509921359064	66.49545163592911
0.0451560769221808	2.745852640301943	66.43900981808345
0.05876946399598751	2.5458717944263074	66.56817024792753
0.05045732997388026	2.3446105157556643	66.13047695595024
0.057817490174124804	1.9508359011787801	66.40996784630319
0.059962824374496126	1.4012457307528565	66.78854307931721
0.06284222189640103	3.5088349777537333	66.36690423364693
0.040387013747541944	2.337932312187895	66.25412087491667
0.03319163091980659	1.307343388124384	67.18336555227836
0.033296000651701664	1.133327182165737	66.55114899348328
0.056631976028608984	0.6028282418075624	67.50986609687958
0.020529489049690777	0.07976148587756635	2.032354713684715	129.07661436646515	66.1854105671694
0.05045948839363313	1.2485363712862985	66.57142366146618
0.06518483445421178	2.2104656576498307	66.58136540104488
0.06278071616278431	2.188924685590939	66.75097570302768
0.06440077563328192	0.7101880619743985	67.0270215225488
0.06658226217329871	1.5848546678365263	66.71467960202294
0.053178233276886165	0.7262786072236188	66.76073257025912
0.012556938671074885	0.09923136199646067	0.5536781890009732	107.03547627944195	67.56243806978858
0.01310849503448364	0.08175776352132827	3.2697755765412215	110.36541427327685	66.37878948529755
0.011783036075705532	0.10208577044033423	2.8360909899446747	104.65474913192458	66.76202970399294
0.03308559097897165	0.11277181471431957	4.604725365788074	106.12463967742164	66.21007979125436
0.024036435847147642	0.10627282311878002	3.4379295843131765	107.22488210091133	66.1600022157341
0.009513877938411155	0.1073826846979503	1.8881016852101966	106.63146113063982	66.29777956589368
0.013304430244646276	0.09251569981348373	2.5856665062551842	108.74468139407455	66.27546877855676
0.028919500044933828	0.10069111028397525	1.663964810122888	102.30850186994667	66.29333495420973
0.08382097934180914	2.1851729696944915	66.77499670823967
0.03206126876168156	0.09230394449253024	1.3398426258177623	118.54634140129774	67.12685182837033
0.06931140624971316	3.501260998419653	66.50765228701238
0.07050589330479658	1.11707636076563	66.58654026928538
0.06390269437371825	1.0947543820520997	67.12428781766377
0.07825867249510346	1.0555822753710722	67.30299075748066
0.04874916437720783	1.462830287357483	66.90378484804576
0.038237095131804046	1.96442585040989	66.95904174264788
0.05727583681100395	1.6664512851456323	66.4693178539534
0.053214967971325654	1.4811330225779094	66.97238258440606
0.0655710967819736	0.5884162579160334	67.13774662798863
0.04983440257704313	1.117906973932457	66.72582764583282
0.08246753345572164	1.8579872135560436	66.02501498003701
0.053555564077568306	0.7202149855474212	67.4886197044556
0.07714650032365437	0.9460302125273323	67.29546094661133
0.06421205241135343	0.4738280705074217	67.91937377045873
0.06763353349175337	0.45771299003117116	68.04793865761035
0.0683706421138482	0.8499249637962025	66.52848545070198
0.06392028446695912	2.227204185526477	66.69415364883963
0.05252886567732812	0.1427611646808031	1.3480262741766789	103.82954754641791	66.50081288255771
0.04150201972196958	0.06849900234370294	0.621061891324022	83.92304512161324	67.04998912798538
0.10831675876072992	1.0277639438645425	66.23701893296789
0.037744920314764764	0.07144269662858597	1.5440922615098085	106.06824299706207	67.11244457463512
0.02675640822747981	0.11624771022452117	1.4252596004006486	103.62672347447986	66.36081353467125
0.008974092458010533	0.16893011071554365	4.073754790554901	106.27938274515283	66.18484711837675
0.015882324774858205	0.10091321175698367	2.9657561685805467	106.27414666656324	66.50641661156816
0.011043362172535166	0.10307045338633657	0.7292826447600299	106.1564295486766	66.0365933427995
0.016364554685403685	0.08712817129289523	0.6524549026119043	104.59265264385064	68.06756189163416
0.013563107755254275	0.09841052881758393	1.072768247503299	105.04557669271769	66.49650650099144
0.0778371752635744	0.01569371033628076	0.09470954539625014	1.0053405388233296	175.52211969357765	106.6147668141971	67.06526630560056
0.006485795297329829	0.10812761413789665	0.8579212831626699	106.8756209831828	67.16371427645036
0.005294865960883523	0.10441232911334333	0.7795979131556626	106.01044839692861	67.24528532760809
0.014028260926934431	0.06686313824785468	1.5279525526120066	106.28751506785967	67.1644471469458
0.009127676319302967	0.08444166043233114	1.4253031878862648	103.54790498202945	67.02453556652482
0.0018092114615768193	0.11812009087789808	1.4013102510387327	100.2338492812891	66.4478457622973
0.004326415771465469	0.09970621276373336	1.3884159584725728	104.7902769009345	66.19740392455462
0.0015734855646557977	0.10007032934327899	1.6829606122839418	100.13008155398141	66.49776483101202
0.002892323666587551	0.13601843103864514	1.1900315569770712	102.15545837495024	67.06595074811405
0.003164167170669843	0.09330935218524776	1.5803785235469308	107.48631075356968	66.94889232800328
0.025559897134689202	0.10934057468053235	1.4110704413199728	107.78389652622849	66.90658171689877
0.023353321256516905	0.08924002276391273	0.8049648274597874	105.77577452652828	67.40612372105007
0.007879869121381756	0.02586985958647235	0.13378087920231413	2.8789470987855164	122.33585414597707	105.43853765492122	66.31036534634953
0.006444024150372584	0.09820695723068447	0.8486262173530493	106.4762814745752	66.34418971526594
0.012028265029263097	0.11383239040550937	1.85798107756166	111.9552083349424	66.85992213179587
0.008399562743622885	0.07443392843588598	1.7409264164272145	115.25866671797571	67.70448777787225
0.011471000624973781	0.06459036067550183	3.0938605932675802	113.68713189349621	66.4654148447135
0.001966691823596419	0.08452717366801771	0.8787895482262719	109.70901739242005	67.90869651213951
0.01760970104487573	0.08508947392772888	1.9731566282851007	108.6972502996608	66.1638915934821
0.004060301704990729	0.12432993363541107	1.0497044016134445	109.79556557462111	67.60057407252215
0.011881458581279862	0.07841314679170777	1.4679026777547237	107.33657982015507	67.2860932331804
0.0054914610604824615	0.10093172704054121	1.584351452774816	112.02940204093952	66.98258233467415
0.00771694574671251	0.11449548540648631	1.5318751674429827	111.71822964445764	66.9346066051854
0.018813003046086053	0.07166049777210365	0.7648866150861614	110.86985433595031	67.05706744825298
0.017763890046890916	0.1007898944420797	0.8706312227863483	111.64372446829142	67.22013757106042
0.02714464169592936	0.09421831654039159	0.9972602047654427	97.52364129277714	66.94278028336744
0.017522105953531927	0.11599294726526703	1.5064945499161817	107.21352431074858	67.16735149626112
0.006359021012417189	0.06648301469049074	1.2612586558705559	110.56539284538599	66.58896699198145
0.010076844946355822	0.09488345823467045	1.15233221803137	110.24441925578189	67.09084892564405
0.00493191055084279	0.08495789589671526	4.121288088563458	116.76988524712475	66.22008869140438
0.005042008204204515	0.07814019190568575	6.8507014985259955	119.18131298804447	66.04088780967763
0.004700158782793619	0.06010578529481628	0.08107571045252836	3.0346903188170775	119.50885127868702	77.16830354254022	66.09988626615144
0.0006637650899419243	0.0757049392756282	0.9217986957626506	119.28215096271387	66.15850626552644
0.00023776638699258716	0.056893687711312146	0.08963573931997036	1.2144656929107513	121.2046233908535	72.89304942409173	66.4196017783265
0.0014715784682900268	0.06737708740596472	0.874828100585793	121.31499518244783	67.06896138578095
0.003027997033976283	0.06921410342549622	2.131599244793959	118.98392239269677	67.14577717802405
0.002791566272952567	0.08666888593959791	1.9217468884215338	115.69702538993302	66.14058071469401
0.001086369824167174	0.09188944463929744	3.0927168105087857	117.18365414625342	66.13215840696118
0.0004222314087645779	0.05000747483383721	2.31475141253891	116.91220614423469	66.43209149545699
0.001133291092407723	0.08727066133542515	1.9346591109167917	120.13607770768067	67.4776306943387
0.0017549757500561391	0.07551877723112822	1.8351326030898538	120.32948469495969	66.72744003478292
0.0008573551666741547	0.06725853869755735	5.453842716156008	121.72152417357967	66.26014953522412
0.0004789676729404761	0.06088603855772284	1.978867569924744	119.31995967165211	66.287092452866
0.0013066189616368548	0.03684597598234374	1.4482970036080014	118.35152757166807	67.20830815964084
0.0046411859431140035	0.07408867966058341	1.832484474973878	118.49585226810345	66.53285093771554
0.0031580939927349796	0.07721586804087001	2.7234488128650196	119.09651365152237	66.81913234799298
0.0029587450616588057	0.06887473388628669	2.376999971760937	120.2970952601351	66.11264418170104
0.010374381759504411	0.09755408707591501	2.642323221169766	117.6520702077033	66.27490041065124
0.010277052070153175	0.07428739081472828	2.17234634356654	114.15773847234594	66.68969473119913
0.006223486014700799	0.11204474192731897	2.136238593741392	109.45858827405775	66.13018862069859
0.005745124369054132	0.12317751880894585	4.842190555588653	109.67466950661954	66.10081424528877
0.006696157659126784	0.06697978528939305	3.257169030062497	111.0997300905576	66.56155685281233
0.0029957261772754736	0.09588736246200115	3.4772935470154	105.20180353787974	66.3135789235445
0.002972611291296155	0.07363075333744916	1.3879797833162777	110.60052884699499	66.4239283173249
0.0032948847770586233	0.07678445113075956	1.1933561731735935	108.69743483368637	66.36227555565407
0.0014684033303310443	0.11397205963897702	1.4450768920775416	106.65972276711807	66.49793372754954
0.00464157168566673	0.0759638112019475	3.592431215667112	108.92764156827715	66.41833822545846
0.0017015005180126678	0.09483823728258657	1.2986109759177697	108.0195484406013	66.58204337559691
0.0006453215029495402	0.07552938468572105	1.2681524933075436	105.2744408851682	66.12115438310786
0.0008977883426868751	0.06581856378949129	1.15639824954752	112.17182555424358	66.51504583732189
0.00047917096955926513	0.06796218324994345	0.9900167735700344	113.54045509735296	67.1993977775909
0.0007012243327902852	0.08304590349689628	0.52542539130139	119.40447904574955	68.58137523512107
0.00043136643826169416	0.08395083832074372	2.0986615738275054	116.3392872493076	66.1650080679524
0.0006768666314734947	0.0708945382251843	2.4027655693543886	124.42871436734386	66.18632013515712
0.0006828716973300323	0.07526848915682727	1.3406906131259537	120.96116473604086	66.1826857343852
0.0029181512044745795	0.09672842690084761	1.41733356332696	115.32961578951486	66.92966289870925
0.0020274596429697886	0.08806624875780818	4.250555695052064	118.41115119320143	66.01508512400753
0.0008756804646013488	0.06129432355347977	2.8403027876649656	116.9882036244253	66.16835304377864
0.0013523675465543189	0.07786542849438796	1.0033569282770698	117.43709528582238	66.04295938961052
0.0016686445761590514	0.09523494623484166	2.7799266720274067	117.06830321634475	66.17767829548869
0.0032684746161493246	0.12489421802028727	1.4310189979286234	112.89436550490967	66.85766729753662
0.010720811320769482	0.09018082770076717	1.3080980805884135	114.47385192519096	67.28848019150635
0.004800551332910614	0.08596932630581305	3.203465553344891	113.14683429405592	66.94035335978155
0.0021595943828988436	0.07585366320187083	1.7506980894805617	115.03578180885336	66.24521175871234
