0.20909188011581561
0.05860220058133558	0.4148874504052824	68.16340428971701
0.06798942382415625	0.4427782731728354	66.44506436541214
0.11194764548996303	0.06038051912150137	0.4038988196352629	113.257556520533	66.53858335140842
0.07047904804019604	0.7331007850221114	66.70112481714193
0.0591231642936102	1.0185328846075292	66.40482063229445
0.07676615394411071	0.9225930036969467	66.29835965428015
0.06419088025672715	0.948702580189045	66.43595113146377
0.05879519861431548	0.6934683326553511	67.07846483627007
0.0525976820939387	0.07848674122854504	0.808107719484051	67.81151548177328	66.20021563196543
0.05715765937558858	0.6835365726996216	66.51486232853843
0.05850993094755674	1.0405231508155561	66.17313836050916
0.07667485111894676	0.7015069158619038	66.32211545882411
0.0618737661123724	1.0736801887375214	65.96870197757433
0.058712073174353764	0.7963712458563172	66.59325660105515
0.07394081935725454	0.4895416380927495	66.30854992466361
0.06383522652271001	0.6540223072639055	65.64774948010113
0.0656589439147641	1.0981488525027732	66.5431538063698
0.061260551505230416	1.1549989261343026	65.03732089406995
0.04702188017279229	1.1438330603299105	64.94558624235748
0.059019528083988776	0.6160986231640924	65.56953418613043
0.0610799639055314	0.6157416465072897	66.30575727055296
0.06528706988976932	0.6705093636744203	66.17943178507453
0.06116858576212249	0.5599548452200047	66.40179359670398
0.05958283352864653	0.5513389058676418	66.50373392938243
0.07931299273481686	0.3452913054483938	66.76942314701655
0.04911554943909871	0.694727919065064	66.32566358995163
0.07275216152651155	0.5827369087710852	67.4366362805504
0.07937250444702514	0.5119696006580376	66.68938008941512
0.06362953539535114	0.687673593891352	66.37383038875124
0.06526128644159018	0.024068205953160893	0.054260980143747604	1.1933353404285183	114.33925603798637	95.55671656382778	65.64310930714042
0.04617492009351771	0.7681932367412377	66.03270474373123
0.06204239182115102	1.1502822520216056	65.90195072079587
0.058148969265837326	0.8238067182361821	65.87142844480903
0.06826951355861567	0.9703254772225597	65.97046638243182
0.07011556832086045	0.734721107061707	66.61453354264711
0.06978668104650895	0.6906294789684564	66.15449250582016
0.05764204546596911	1.7795518874194798	66.12714316328312
0.06821613507362848	1.3817628440193759	66.26436841866087
0.06343154289513951	1.2767810112462803	66.23153318866274
0.0736253885377957	1.1574193283485512	66.54623236059417
0.07172334243563211	1.3659829677155706	66.46426537458407
0.06497310548600087	1.34305965611066	66.35828651134567
0.07391785432677306	0.6254515020715342	66.44325016386
0.06281852570156375	0.5051965172855172	66.52813387825623
0.0542588607977234	0.8007702805482949	66.23378486765417
0.05452426379508783	0.564738565040459	66.52039269626157
0.07425793113793337	0.43645594048210556	66.55342846203435
0.049973805078631195	0.6790012644305216	65.97357800858853
0.07431559072160811	1.088005810599228	65.87253759052504
0.04899185096839879	0.9571546378845183	65.80263759428476
0.046364801389352776	0.7473314223829615	65.78888881044908
0.0579798592735094	0.5230527801409083	66.07533553137179
0.05407294930077592	0.3811581388307899	67.21342075878069
0.05929753782353605	0.6591035349204803	66.15826988857643
0.05332736039981529	0.43534060427381893	66.82905742734322
0.09051058387697386	0.06383572504951454	0.9090621062692252	141.75766683695565	66.48658874267582
0.0466609914043109	0.7916137629787603	66.56587146734289
0.057638144344303525	0.575977833270926	66.84203437233045
0.06572602606880143	1.469869104991063	0.5435287441680183	65.92563685262564	62.99985077757412
0.05301712782918125	1.2515898319075258	65.99173156838854
0.06478372199887747	0.9116819257126425	66.22481755352572
0.0653343338261952	0.8272136471417846	66.2101774972662
0.046597877585846936	0.6002633164044582	66.65048145472358
0.07159877447173106	0.8134529193753167	66.2099894771651
0.03997058093258937	0.9249986544170136	66.0088093224683
0.05219737834799499	0.8222968413679025	66.4466545101324
0.06430868200973024	0.8308463520144451	66.19135282323916
0.05129496930088855	0.6688184923048558	65.76247452045584
0.058950780280263265	0.3641435624921226	66.45878237584529
0.0517879350212074	0.5364824241390428	66.80511899560263
0.04968142777495645	0.6941791168694625	66.44670019039141
0.05391349870564605	0.6259949469615865	66.29311311057958
0.04409128508305933	1.6064000177030004	64.87864168923765
0.07521483706753491	1.5395920465959507	65.06548543500436
0.05242794789957604	2.4855778567240505	64.55571242335725
0.06157916288590527	2.4383463881051894	64.44391055555843
0.07642905952096928	1.1538032496208694	64.2595548596639
0.07689485072119774	0.9081021404525567	63.688746631357525
0.015985336744624153	0.06851426639128703	0.9171621046824983	140.44352440718063	62.14857563648154
0.05399028871716527	1.2579611745740291	62.528803584202905
0.05049830971329772	1.2887047948485386	63.44485359886103
0.07380455754226865	0.7391223282709709	63.95034138841931
0.05313017556725329	0.5985973064630155	63.94656667362308
0.060835832571241484	0.3365941160476602	64.81570534297069
0.08320252631027361	0.775649964075451	62.85677987142451
0.05136274787464222	0.8610184859553439	63.236637333105435
0.05246820981310309	0.9463571020476422	63.704255411847114
0.0592870472885784	1.8372648143499914	62.74232622774143
0.06212507345295586	1.9057144178503373	62.67767762020717
0.0844077224808932	1.6212987079712242	62.77413330825324
0.058383380131761906	2.094736133711305	63.03918159603779
0.04673895626275761	1.316683125757771	63.14650498272504
0.07038397067782694	2.9478432837764683	62.15520649802085
0.07924130425184815	2.0764782946937794	62.495209880046616
0.06175307145813161	2.796446220152623	62.487117581852175
0.056740524493433336	0.10657603256151178	1.3312321626951937	77.87241570535178	62.651449428841225
0.04893518336348154	1.208398027317221	62.13267812448433
0.04309217700654112	1.0623193288108725	62.409807470936286
0.06014252318436204	0.8378385669611597	63.2433533256294
0.059770567641582256	0.07095157631074968	0.6119290918935015	78.4641356293307	62.230411074274855
0.06179933907766563	0.915412138676845	62.13301092173243
0.06950914237640626	1.3840983657378467	63.081839888588824
0.0677470472008808	0.5763310811957111	65.07277819281153
0.05192877379195965	0.3080011910860308	66.57211062786854
0.0633733748088433	0.4248589684269911	66.85765813468375
0.06254913480520442	0.3526785745741416	66.64886388542863
0.054208268093650855	0.43408714943934373	65.65992212585839
0.06917014448811191	0.4671217161626562	65.98523106277763
0.06760984389539855	0.5900230716989449	65.0801289993144
0.05686014886799949	0.8080459581644701	65.21920387063443
0.05997532403510421	0.5659302037219602	65.52032108400932
0.06139914163182401	0.7573230384130247	66.14631581189639
0.04725208296686365	0.5520924335650581	66.39744333921183
0.07004925200329265	0.5543953223903384	66.26222853221283
0.05961004531059851	1.173094188850464	66.25913700227805
0.05989304916228997	0.48131799816254595	66.16050075580114
0.06271041324484973	1.1484506592503685	66.29714081277669
0.06818556866574638	0.41771855397271235	66.36241461075063
0.05369445211896429	0.4583572943006711	66.74056005664966
0.0690849431541345	0.05502248951006588	0.6459828243747493	112.08022798376524	66.56990110875766
0.06258551767853968	0.5151198744746661	66.54075586877748
0.0590617368253278	0.22486459630389616	66.78495331654074
0.05301185460265785	0.4234760249272027	66.17422452506094
0.05916163095950569	0.7344471199654722	66.30965645930782
0.05004240545298447	0.45365482992060974	66.43549785738917
0.054601118899290486	0.5384798191593725	66.21437957341948
0.06412012075630183	0.3544214466958523	66.65295417352644
0.06026886772689446	0.3921677865994453	66.29001537855835
0.05200001201608411	0.5238889349543253	65.83617499215299
0.043686055509667636	0.5542572865460832	65.86549331921496
0.07514886263600422	0.3337798423104656	66.52760029711406
0.0690254469283701	0.29945561429684847	66.27408645740898
0.060642393490700136	0.27254192767302404	66.84821253888792
0.05383770365971832	0.44461140858901743	66.41642902562957
0.05972206171710161	0.5699191039421766	66.24087699641827
0.05181731849148443	0.7039882444731215	66.07383298187196
0.05489553967646428	0.3751171267355748	65.92176139059417
0.05893758242584491	0.3665313800555816	67.14768401329195
0.041489811005608467	0.3741574638567158	66.96631828266172
0.06266165680352051	0.4835563397382103	67.21646400844918
0.06069789878070239	0.25418828872467214	68.00110022998778
0.06811312978136529	0.4858462845564956	66.67523909103456
0.052669416443766943	0.37165766539176104	66.88902661116948
0.053880828270639634	0.4749103110890791	66.38192734782346
0.044729341055712885	0.3457007958697969	65.32944949137008
0.07119437853911921	0.3390751088566766	68.08330711957781
0.06810019244271379	0.33579084484315885	66.27780733232696
0.05931824559817535	0.43071316065615706	66.39405259975739
0.06114548755947899	0.22685093054913733	65.36220120973347
0.06276389024408247	0.4803415402332648	67.30217151310342
0.056747832804716646	0.4076655672156253	66.38593205169191
0.06258543831532033	0.5564713716307524	66.72995664039018
0.059251954754878405	0.3271412343617742	66.87585334787163
0.06608525177203706	0.522832101043829	66.80453350919986
0.05998111838747028	1.015684831585779	66.2751539435797
0.05863706211357982	0.5029836435692063	66.44471365961977
0.05731038512989004	0.9969793284643986	66.20622188225906
0.07474297247368666	0.8093576868428841	65.98206375447562
0.06263841489109077	0.6416835747794175	66.53936070792223
0.07137934787822436	1.1348951600237833	66.42771181532942
0.052305250461398056	0.9918720045895524	66.30755046245251
0.06505987938458302	1.043694213894656	66.08193095136116
0.05985868561595894	0.8217548072382725	66.10292400323652
0.05928370738953923	0.8097890164093536	65.87744003554812
0.0565641742961351	0.8117132974746938	65.60276264691552
0.05891089901369264	0.4696332045340891	66.35199567532982
0.07143662764279289	1.373991804765152	66.31345675733611
0.04980849651253414	1.2176573834458453	66.29779618079505
0.05255673750392228	0.7243002114043531	66.26151777456997
0.050446836333186536	0.6006557041178209	66.12470578017863
0.05079741874550387	0.05358357365374407	0.8516806892139999	95.68770101109266	66.17394176115968
0.05143426327261918	0.8925249129791	66.28481860921832
0.05333295170494443	1.4091649589519346	66.45655108643808
0.06915709839914863	1.2690910073289807	66.06728877120995
0.044386602342599585	1.5360187975248574	66.32698473908607
0.05591204405655661	1.0018214615390455	66.37998579684819
0.054308043758666436	0.7223147842861676	66.16066744142437
0.06853200728079417	1.792361718999507	66.02638467465277
0.07592762270885874	0.7762974394859937	66.3856178960162
0.059573190146854235	0.5173919887239599	66.54722926824996
0.04800925148465466	0.8904758224338397	66.2930127358678
0.07334734130402779	0.6309147105984715	66.26243244498116
0.06261882485977102	1.120664646474607	66.4442406882081
0.0646747922268344	1.1638709324687153	65.9329924154492
0.04793778222343478	3.099374647488258	65.9767832234977
0.055728651781180166	1.7243750675619132	65.82196752105652
0.06937400077506174	0.8715125646636963	66.49240746544895
0.06765312003081565	0.9775610162201724	66.43450145179763
0.07570661701151944	1.277948245329387	66.03504869271147
0.06055084914911677	1.1930387308605552	65.72525861516245
0.058565176761332924	0.616128952182551	66.5906417416042
0.05297904839906957	0.9166977790674561	66.1509259212858
0.05518726244176403	0.7905750420255044	65.83920428676281
0.07077878885447891	0.8404014467217584	65.75769328950135
0.05071327217164903	1.0002873075871905	66.20074291400698
0.05798133199448118	0.7938409228755726	65.53799237126302
0.05955794172634638	0.6152329428637148	66.14512946832507
0.05797503006939466	0.7819205147460139	65.13442308851903
0.04890621815593109	0.626593175179344	65.0804706008186
0.07058458524246351	0.7640279601177875	65.2879565311808
0.05690233081014856	0.4883526987277274	65.49841509724163
0.05562440611989697	0.5221626354716461	65.83085684256103
0.06278620966290331	0.6032351725426491	66.22400757924069
0.06690661916446403	0.7885730733331647	66.72781892354838
0.06477963082661609	1.8578680159570136	65.8188733041701
0.062243647944474546	1.063650616524364	66.08854731968385
0.05097104600721858	0.5681563129695599	66.575093300235
0.060693414624363506	0.7603397751234318	65.74559819827971
0.06724369470058425	0.7134354525044033	65.40620976785739
0.05796215699039103	1.2058627256955818	64.6438550857761
0.06624770605136603	1.8326377552782693	64.37595461705413
0.07951254703989637	1.3849315286874515	64.31070552036182
0.06185181653593096	1.3423200447463293	64.07439342389856
0.05965063445087079	0.8508950793676354	64.47432945395622
0.05186537686050632	0.811568785509298	65.0288281877714
0.06251422186987285	0.8082562405678181	65.0153230520823
0.062371757571602994	0.5804367784022614	66.20208635185436
0.05431066673155616	0.32740376779239944	66.08653622827335
0.08566838024949082	0.2932628641894622	65.53669596501024
0.05256196993856234	0.33811136276574744	65.00181735827546
0.07637293921477566	0.4058938707027333	64.32717984756977
0.05473936459099709	0.4507443986006099	66.74119011011183
0.05205675080321956	0.37315030594876436	65.39120060241997
0.051910687593038504	0.2414733294866226	65.17993653982955
0.057202540910085226	0.3702390638590146	66.56106348609197
0.05807973170588632	0.4795201843818368	66.47749741490074
0.056792527857969975	0.6809519096221228	66.14755478046109
0.06116458588335171	0.5428896507869582	66.08342606045136
0.05367989385851938	0.5368194184373022	66.27609016892117
0.0671715062171551	0.5439640501506495	66.4432418929942
0.06153974486666839	0.8323891220045724	65.83412770661127
0.06391502812363246	1.092069081846955	65.28302480468744
0.05740074254651842	0.6767840673314095	66.46344418384547
0.05813893863499184	0.7394208911449663	66.47133405204426
0.05618854720937549	1.037569813367631	65.77678795049252
0.06817081615674593	0.7896689582662797	66.45826943362758
0.05789064991919288	0.4086461255698478	66.38065213007506
0.07641140198552218	0.7624521896603115	66.3375495342688
0.06035118425309134	0.2593530732072432	68.44781245024313
0.03968987043877184	0.37212534680692416	66.69198142820362
0.058296539719675064	0.6077740085879434	66.47600918277789
0.06051960735199359	0.7844513737468461	66.20520727144
0.051609861511187634	0.6508407905907755	66.15616639647627
0.0699592469866995	0.5815103515078217	65.98993452424554
0.05345217771753505	0.7059951171008724	65.07053439856462
0.0445313525693798	0.8798954392826864	65.88869889317641
0.06817984233735426	1.0552070459092016	66.05331709883158
0.04900514738984958	0.46575168896419156	66.07760990992222
0.06760128281545653	0.6637606716360267	65.82749641095894
0.06785687148332052	0.6429984977972082	64.97037822657472
0.05406100762623873	0.5916633962199347	64.28007399694474
0.043120841786946314	0.6648793171448396	64.76020492724777
0.06727426477320989	0.5152060677860588	64.15953469005703
0.0605431215478059	0.8097528051849437	64.29100993257806
0.0643313079256014	0.7618144687632751	64.63565778595702
0.07485071504178131	0.7210215710147627	65.26055413855929
0.061044700027183665	0.4608799099670104	65.0130857072876
0.05704306882786688	0.5105830927012031	65.22221181949972
0.06526434617873629	0.9327885154932913	64.50207628119463
0.048101606213983655	0.5808302053170246	65.1231995801658
0.06144124679142289	0.9636493070847113	64.5838638767753
0.05077829529585697	0.5436686719646825	65.55668481640004
0.04784753867090521	0.8747418822596988	64.62138453941706
0.06418604899820562	0.3459932619997726	65.04423354952318
0.04819447138818222	0.3338990327475269	67.5270623980706
0.04352374104115373	0.23763623321406588	67.82731804057539
0.05357543165923553	0.39256403616021274	65.7435285067071
0.06536962833015539	0.4395137160506006	64.2579539409146
0.05012306301482969	0.0885626418498542	0.42387847937985307	72.82937492179433	63.54939296995242
0.06475409361789447	0.5928866703502861	62.75635017107221
0.05922351842188836	0.4844266701134283	63.89787803922901
0.05531609179387014	0.5594612995051769	63.295966708172685
0.06865288052750668	0.5537909297332635	62.61767109070537
0.06299266576132502	0.3868495556355243	63.14273769379498
0.04605415086315502	0.28838707111564943	62.18726921208886
0.0462795684622654	0.5623226169259483	63.57188754457884
0.0519121748352345	0.17087037485965387	0.39332975467185716	64.70295583305851	62.37635597220782
0.06517566635356756	0.45412007989870445	63.43631814611189
0.05619834300895656	0.8880066392750029	64.35271459000622
0.06108514810771979	0.42930063975608845	64.57867543501614
0.05987879447338992	0.4007706446312484	66.01867459534343
0.05041141339929745	0.3653064427382411	67.87098999648958
0.05831817949267008	0.37034471724957	66.41751478711964
0.06066822779680744	0.4636040189865847	64.79568203902629
0.05645522844160146	0.5163029246649908	65.14308611531392
0.05550748886370484	0.38608305037130236	67.85973800512257
0.05048500730540716	0.5530839704067655	65.04621275630625
0.057174898639054096	0.4140488764904836	65.52493562749454
0.057840318485777205	1.1281819311154386	64.7331154161961
0.04790814538548667	1.7430761643946109	64.77789474351974
0.059906282672299346	1.2609792143388878	64.71677329992289
0.06339317758538122	0.8886087691978769	64.85787480352059
0.06351421492686525	0.794570464353207	65.5503349637432
0.06027745462109453	0.7678247287394471	65.6383894061051
0.05432719583495252	0.7657959315571852	66.52779752817356
0.06644020151145491	0.5234337278395372	66.75244654995505
0.0592764025455385	0.5973698569305608	66.55465591551992
0.05358949809328175	0.43094421142380096	67.42071098977523
0.04516602564261205	0.5430675927115327	66.90650110260233
0.050413210251475556	1.0358652001189645	66.35874820237623
0.06413411164605298	1.068253411778678	66.30512799557962
0.05799304834688684	0.8767745028215921	66.29571987964754
0.0522400554776742	0.8516471975005119	65.76082978719057
0.055116052642727405	0.6049279553776123	66.0440398532251
0.08215690283793306	0.3856522348753244	66.60714998844246
0.060200316959516	0.5986476234801782	66.75029497790234
0.05730409387969529	0.6424479731270051	66.19518102701413
0.06694225836391515	0.5469855387493864	65.78942810397432
0.04510899643198007	0.5347070171417196	66.57388309649798
0.054852223198382045	0.9838133199931115	66.72199238398211
0.0711855757624293	0.6828030338666338	0.22031612095887193	66.67632687765884	64.00812148367926
0.04195095356788975	0.665246332432612	66.50564780377724
0.0637671150156805	0.9827719288675281	66.28861269389648
0.051461109373553145	0.6832395217145	66.64686401731821
0.05822343220081664	0.8781283636290942	66.5385706049528
0.04372082221638201	0.9826920874724802	65.54951831622098
0.07194386878365631	0.995065270987593	65.62429117627825
0.06421655169200392	0.8358988120730189	65.59309571918396
0.06979250678314451	1.1819558872355278	65.64440922871317
0.06409426890849769	1.218161867162594	66.03130366650988
0.06774448921722923	0.9720844806538227	65.37534022965704
0.06881948325910506	0.6285586662724297	65.11410736163664
0.05766462297203552	0.8618555930440694	65.07632951253146
0.07672298036199027	1.0539922975153453	64.90534614472966
0.052464736174017756	1.1184914126116041	63.97985154998932
0.06694824616336927	1.4840956832386163	63.30158682095264
0.05727838708085886	1.1398489106357117	62.93777228949428
0.0586481476238915	4.722680240932272	62.37818721790776
0.07006908022587345	1.7195028299600972	62.6359455253937
0.04269642389755293	2.389696477945255	62.74194113444401
0.05805976154528605	1.8031605044325802	62.98427108838722
0.05691555028886333	2.4808787624178543	63.52080377223123
0.06894823290403466	1.6643638533517693	63.441158457910994
0.04731113085587174	1.889836118853958	63.70486792347493
0.07044109447914997	0.6980568328591062	63.35476049801682
0.07209927790868402	1.1302215714609745	63.77071637336449
0.06810774797757348	1.4794040616327988	63.56061230146978
0.055547032211106684	1.7783828272101494	63.232236847321886
0.06853322470041263	0.7003428761607045	64.50626313788362
0.06590923698055996	0.6166384033443764	63.420589712699055
0.059453908409791485	0.5257592465507884	64.59455139079341
0.055651508401469596	1.4889154682111811	64.03769766486964
0.06277615419313388	0.49323580900914077	64.73304445351545
0.06917580286761975	1.3466894651324859	64.31149621817997
0.0542696293973713	0.48432738550904836	65.54632462456331
0.06675925889792562	0.4192352032285002	66.42864815681125
0.055776366252135744	0.7164584556191763	65.14128229248487
0.057784841183265455	0.7172975576800763	65.74059562155533
0.07183969143488145	1.1011443672321073	64.97336267579149
0.05369588839865239	1.1517852107418178	65.03024914096147
0.054045091147621196	1.447587871358745	65.0891857632858
0.07010759400230882	0.8453459878434578	64.66385035958727
0.059974447281478736	0.7440153861757512	64.95580958504162
0.07198454493630266	0.9444254585525376	64.20796505406045
0.07881426079892034	2.171637270179512	64.84088330578305
0.014853572929357104	0.06277059498107708	1.5716198411998756	141.59028231631956	64.42766535369438
0.069402208643757	1.2266558495626905	64.48847027177422
0.06125355157473744	1.0906235694945643	64.17196704862091
0.0639840308299777	1.0653818402979283	64.20346929993615
0.06116929374749212	1.1803121410569954	63.48699774789048
0.0690494276124974	0.542500897795386	63.992039748925365
0.057752303078190514	0.5064897620929302	63.666775172676964
0.06724105595778637	0.9584939394134788	63.92771213973328
0.07580084413536901	1.380985358539035	64.31384957076371
0.08362685855647377	0.9533468735943658	64.48768266031446
0.05724011511703605	0.9368208154717949	64.2494523769955
0.0687015401050547	2.9238637847938937	63.798561798311574
0.05427259463969503	1.464904604679418	63.45004175340593
0.050451637013799705	1.264513659928943	63.155165624191845
0.054199330727055336	1.7527221104969142	62.963669595282454
0.05606118957964157	0.9171175909524288	63.80843687140358
0.05107073358862639	0.6441051694394931	64.10138066063598
0.06931176231842362	1.8307966889115077	63.13135912974034
0.0657950642506984	1.7782837831864609	63.266485938886994
0.07086624079306743	1.872321979929076	63.57028722758699
0.04673550574610924	1.415872690100204	63.584769862807086
0.05952150168859356	1.5804597299057657	63.88169594544798
0.06920231137532613	0.23179985307203382	1.466977592522349	68.0397012951471	63.49501388922465
0.05279162920866954	2.270464718044005	63.710484162880775
0.05818310392592511	0.127799320929972	1.3696508590490033	72.0787809747492	63.77437176953398
0.06662604144967231	0.04730778852955077	1.1002897697949061	66.09020432401768	64.45254833840984
0.06539671687213292	0.9847594347354395	64.3663277419327
0.07061011067274259	0.9443168032628663	64.08463888734056
0.0646635004776195	0.646198804904759	65.00876501135888
0.06720561903886058	0.9622813488990861	65.13034838591891
0.05798391326826322	0.6540223497870247	66.2992288327754
0.05982866554313938	0.7731268087106281	66.22731721541182
0.06269948272577876	0.81266430267504	66.18075148655917
0.05668782704439131	0.5572777250420338	67.73319713282629
0.06830517631579305	1.2638019472374	66.37740558163593
0.05483075439914884	1.1371103171732322	66.15387204895086
0.061745476672156685	0.9311061732408967	66.225010443306
0.06896081251208483	1.0005161565881382	66.73295503427993
0.07202507472165806	0.5833762426182629	66.09231430803118
0.05117567220522567	0.35225190988785293	66.1693747744093
0.059750268385771674	0.47791574349740007	66.63419120141852
0.056813384731350655	0.5224952066906567	66.52052776341417
0.06646236379584407	0.4736288138816641	66.70837016597422
0.06298963124977627	0.38808544955751634	66.40487636372119
0.06824445601381797	0.7460732071546359	66.21810506195908
0.062950805603643	0.5599961877593075	66.37792264598149
0.06205649517142201	0.38318688257843225	66.21008654161228
0.05786192742105384	0.40789881772166486	66.56929416247104
0.0554919696528175	0.48866848137092156	66.50205747204151
0.05755665371548175	0.7405400255467807	66.73521801672541
0.056312122059212974	0.06958898557918587	0.7928524494108578	138.2648799488857	66.1227304398576
0.05156732980285919	0.6623572872326258	65.78906304412615
0.05394553932413088	1.1954802045624158	66.27668520431968
0.06616688929790351	0.7904437233895001	66.48228524230966
0.05869379060293134	1.5029081508905588	66.16548122863354
0.06281302899448622	0.7205563099266883	65.88057199286077
0.08381871065099163	0.47065132547412447	66.01864248765902
0.04919866974885791	0.447032820002591	66.25158871990541
0.07057013891238287	0.6543941028259436	66.2868120726358
0.06519383784322355	0.3947916021902221	66.52526276037064
0.06273928644716353	1.4356214478545801	65.46214335903909
0.08428957011305252	0.8809684883830733	66.19411792054161
0.08114636048838202	0.889238282790673	66.2380969040545
0.07297757972252267	0.9610504557527119	66.80910214486406
0.08227101985555943	1.7437709356648643	65.44407942454505
0.06234488589700526	0.5427899466056327	66.39980142296072
0.06478974952083225	0.8041659432448214	0.7906978772552338	66.30988638060664	64.20447749203437
0.06275216675709591	1.1434346684226044	65.9621245296319
0.06808555901781167	0.07559999826480858	1.0904588016245167	77.03832842074124	66.32429011517871
0.08367719928563012	0.6916501679153048	66.48212475083244
0.06425446458397728	1.0104355131573024	65.94102410454511
0.05179421655913751	0.7904998375871236	66.20709915789976
0.06285755456801088	0.3160974212905915	1.0287297986409913	67.83249635234682	65.40403875291392
0.061183178611541905	0.41521508409267555	66.6310224609058
0.06091347903621286	0.45015947150766855	66.23501232402373
0.05735868812605669	0.23191495472937565	66.3625908322997
0.07422209823302388	0.6601295903059469	66.18122750403138
0.06225443071535935	0.5681772374578417	66.7936684603536
0.05522773717348857	0.425551147498119	67.3821322690116
0.06627453881009093	0.7304894566419224	65.74470535878959
0.06404915719890711	0.6007162167632032	66.22399171196422
0.0570979155078134	0.7863311248691558	66.10701793645968
0.054922135263432946	0.6910646552644736	1.037375954782349	66.08022053367019	63.232501380547404
0.07150296577581097	1.0857123450002935	64.78205914821689
0.059539418144258026	0.4344387495133333	65.60522810067965
0.05463784042350485	0.6637851389008165	65.37334680008537
0.056665806790965244	0.8659940594402609	65.18565218889354
0.04803054450382482	1.0647468791666435	64.87233755139891
0.06051459655067699	1.1379184225906391	64.88524277600948
0.052192843108970585	1.1568371995101998	64.50778084158407
0.07338632373003522	1.6291646508828275	64.65771316417043
0.06978001514225149	0.7429950201552129	65.79726115501916
0.05216539597087477	1.0318822513821793	66.41183333714233
0.05774944989532862	1.082084403585404	66.22136209498119
0.055761995207930015	0.9456682537608957	66.05717614490794
0.06820150753114897	1.3024846589007257	66.20087789555099
0.06704120251007369	0.8826284147025106	66.21172610159553
0.06914328403642458	0.8600188124101392	66.4978203556829
0.05045225916786515	0.6913850693088265	66.64011225296876
0.051246221165488264	1.0845300003336342	66.11524109479959
0.056418669140379275	1.177829780867109	65.61055226199434
0.05436164245207272	0.9284156241196675	65.94140508011837
0.06480635515407587	1.1121142804582602	66.06608544396335
0.06032904797532795	1.118349558293057	66.07795774308626
0.0426150379995315	0.7504289801342379	66.78135528168355
0.05787816003042625	1.1059159346119911	66.25356424508051
0.07100709382243425	1.1196231735658526	66.12372122314925
0.05718995740892082	1.0517949893586602	66.1401186327456
0.05183214124937973	0.6147640168715021	66.44405847891286
0.061230401836478564	0.6983290281390065	66.32298261146289
0.06494662004799612	0.5232260620058539	66.38151478341274
0.07109681290575144	0.5041272365496524	67.6261662087945
0.0631995029525058	0.5009978599481639	67.19598691224854
0.06809353398171217	0.7573146820516841	66.9139302075168
0.0692596400070339	0.7156072724801633	66.88240547779938
0.07806512869442292	0.7018230102598563	66.47587349929029
0.06967894399522968	0.8048884514922663	66.43602938714773
0.07730494386177422	1.61561317165008	66.28257213323383
0.07168712550904388	0.7098583129827446	66.16620199947495
0.06224681448945385	1.1714725193144861	66.20584465982431
0.06700551184131959	0.6973640654484478	66.3469100988036
0.05817975611442811	1.4352328117740314	66.21720478632837
0.06521770395364865	0.6148696827006404	66.71381769702842
0.0742265288685005	0.501691637768115	66.20730587499145
0.07253645633583886	0.9369553165073694	66.32664790821707
0.06354929272130284	1.097487044916458	66.22299307947351
0.07323569981969516	1.4993391997802412	65.88734234588684
0.07001870920392711	1.1964825513499273	66.02997573526127
0.06532524137691072	0.68701926786019	65.48288755261865
0.049733107468975996	0.48419033530717037	65.70285061566439
0.06268870680142323	0.6032675081904609	66.87882690963042
0.05899900992548482	0.6227146485239875	66.26985539019556
0.05460981216101906	0.7106710121619054	66.52067053711092
0.050183257111379664	1.134939016602704	65.74359336879898
0.0570495148961761	0.689269190399394	66.59074102425856
0.06697204877313198	0.8645068239687687	66.20188817831163
0.051582292286729385	0.8911340260005651	65.89083152758487
0.07324837638102613	0.920994161117211	66.04033617550665
0.05325029657529356	1.5134737723481853	65.4234411807044
0.06750499271288264	0.9267721194200067	66.0551624096664
0.06112286516219697	0.6066831550224171	66.11975408648553
0.06889853613746111	0.5825695374758791	66.6908269797985
0.053104301776599326	0.7822650458635102	65.90754755711454
0.09476249465028642	0.06169473143950981	0.4798977202543776	108.12034906712333	66.12488283107437
0.06582769455215405	0.6454934739128175	65.98130452325013
0.054645440021650005	0.7188165133655895	66.02499305090673
0.05808561770248774	0.7723325052880133	66.05332466880982
0.06934837221698109	1.172429217750295	66.28892856685536
0.06415156024712763	0.9551524555692498	66.28595869936083
0.05389556909343723	0.8371541388872321	66.88302783094613
0.05707949543535496	0.863624054711258	66.22180063926851
0.056629442000355704	1.6266734872020276	66.4543866494093
0.05870509472080706	0.8793220350483557	66.18924436212748
0.06445370777543859	1.047686739379347	66.21277054790649
0.0689569816558852	0.5491939343735303	66.03084955976675
0.04519764007016115	0.7194162605861515	66.16090040534607
0.05607268381127375	0.8442482004800654	66.27797035477067
0.06955861629395929	0.6933623727166122	66.54113133034141
0.04923406392149081	0.535244991664339	66.39495211917611
0.05915207511081087	0.8635150815751101	66.50353556684621
0.0411815985993475	1.7523348744913594	66.23069632548062
0.06661412108802349	0.8406571491971424	65.59222847193803
0.05057067489328888	1.1463617292159465	66.27506648510182
0.048517283529860615	0.8626789675914636	66.35797695692698
0.08284707412970806	1.1214580572663748	65.99366018801604
0.04797612663018937	1.0296043948500644	0.5337211849599482	66.6249399758487	64.40917739714008
0.05272051207086564	0.8521705757860132	66.41542047587178
0.060243021011228116	0.6456483040247045	66.76629831242944
0.05525640611070695	0.5411709037496165	65.68810854506383
0.04868609383608672	0.2555118698209013	66.32462594919552
0.06812355361286922	0.5888222643514849	66.98975754038352
0.06015644526120415	0.6690017532465095	65.538463452785
0.07285629758012546	0.560887341381375	65.95962591087259
0.054375562519205556	0.6108913882215173	66.98617058227185
0.0551121398225318	0.994678110276604	66.23558727041348
0.0578818857487285	1.2042819363561035	66.31743597828307
0.058226360852006206	0.4343320267499754	66.55771963133691
0.059165082540695545	0.6187112862493187	66.33715009998187
0.06299937575462775	0.7154444777174895	66.43200825025954
0.06206993467216571	0.8226888801292122	66.19612074834745
0.05479776047027827	0.8211640767317643	66.18773530539418
0.05723121794350644	0.8389942832810272	66.43782067174845
0.06451582130617646	1.1272861229056375	66.5032706664338
0.08119478560231384	0.9983229264511724	66.38371313624546
0.05328083915165177	0.4539545235788024	67.4961009352971
0.06522580270971415	0.8966519731174358	65.71996747019853
0.0676552336525906	1.0666079760304306	66.0494042372443
0.06614068761046935	0.9407376370864479	66.28146496373598
0.06698673327969287	0.898168369215077	66.15235276837765
0.07035486740423214	0.947663305893104	65.9964538283059
0.062180952778832246	0.8722418477987604	66.39603513401524
0.0721742859415192	1.2393364010782908	66.5252505246832
0.05767558038507322	1.0264821036524865	66.06548291750053
0.0734579864645757	0.7840400483669641	66.45493426853078
0.058486219156648686	1.0096008271028956	65.91334464277948
0.07285784691954923	0.7161099645360582	66.1211807280349
0.08696188785731673	1.2403870081903725	66.1682019223622
0.05370371960005407	1.0099881519558869	66.12500094892806
0.08339684490169767	0.6742628931725713	66.44327660572384
0.06626026460392244	0.6976857592360128	66.52628999506177
0.07138369419395323	1.150949284811632	66.51320733592767
0.05849804830029803	0.7094554907794121	66.95775847149227
0.07474562230423033	1.137811642943342	66.33204853951595
0.0701553434124599	1.4930450620501505	66.34059540053265
0.05979682973550501	0.7416923555108076	66.28620123276717
0.06557268055541028	0.719765603909756	66.4496405847217
0.049800102015969065	0.5188714347838914	66.70459699729044
0.0532460594393541	1.0544594799523126	0.552997637752953	66.3989457015396	65.37792872312613
0.0678808673698623	1.107339901445637	66.94906655753918
0.06411640264940362	0.9272666368760206	66.49370708624589
0.04805216699643487	0.9689698154298824	66.48135215668651
0.054760263408177086	2.0568213921490597	66.01206526642106
0.059096403172396464	0.8024237038058157	66.59483183243539
0.06402876687796145	1.373760752799938	66.09769927417277
0.06226449513772675	0.6080941917638867	67.34782549469635
0.07023718068227093	0.9567072131991048	66.22495137546373
0.06083405539611055	0.38094250540602115	66.6863705550779
0.04875172979838975	0.61655924889497	66.17218320380589
0.05571709434133399	0.6464133402781294	65.0732135931267
0.05548292728949568	0.783335982120528	64.97110017667181
0.046022427286463954	0.4900191254287876	66.07863773867763
0.06025623697722048	0.21267786617665174	66.58957726830883
0.051048602645476344	0.35833918260110464	66.68310757579508
0.05839463121567694	0.46939701321875005	67.77871456998963
0.06033804155550271	0.4497773450813189	66.06650269807042
0.06847984841114638	0.5460079822431271	66.0921287012564
0.06396115958726971	1.419334001362156	66.04380097017676
0.055295249591848054	0.8479359293267318	65.91873688380717
0.05615685733272219	1.0309492139185261	66.11780869377155
0.06963235723384446	0.9970074603895017	66.62159445858825
0.049089897917384516	1.1074281787345779	66.37101782543178
0.07368685829640406	1.2620611886318551	66.53466012168683
0.06845027809461048	1.6041548540527584	66.30189065620121
0.06252187233895319	0.848228930920494	66.14880128228964
0.06809392619658804	1.1727696082896844	65.33817894447243
0.056507441287309286	0.5631711680681486	66.69426235365985
0.0705066714600136	0.5700992474150954	66.16987810184904
0.07086017425989466	1.3304154915659336	65.78352162127767
0.05426045459058512	1.3295290505334767	65.5756934556599
0.061846861790087804	1.0593168596253486	66.54000091075622
0.05439293306374503	1.4517385997832088	66.14684771429243
0.07018258647661198	1.2968557692974967	65.58059238922263
0.07964226135539337	1.4110684396861775	65.69312989942827
0.061070371143164395	0.08455336583191549	0.9207254432607215	144.12343915729068	66.18121354126265
0.0660453697262658	0.8295083606677829	66.17857771096791
0.042519458044350804	0.6468000075401542	66.52068042732719
0.06618263321851174	1.053239980234957	66.23149731890337
0.05864310694006037	1.1654166170665667	66.49041910189212
0.058701198614835096	0.9856087011366613	66.25482941132394
0.05408226908153513	1.4520182525343424	66.40417375139114
0.04994965342210756	0.9908727712867551	66.4964851473021
0.05899183616095949	0.6930436893962554	66.57471967365838
0.059376496067130365	0.8674265308704828	66.17135998801639
0.05725887156451296	1.0961321117054628	66.34903576651462
0.05970508538775855	0.5217364705370694	66.02236197674975
0.05978709416861763	1.0243378503490277	66.2259299546704
0.06095823287827537	1.2134912464473893	66.04883132879831
0.06699165984368341	1.1954913633144322	66.40334418034742
0.0663330805034101	1.4897499834744405	66.28821479043432
0.0673210519957612	0.6086748739299682	65.97386027533643
0.05067165730401856	0.9750931567435687	66.27691671576108
0.07309992388578396	0.7466638419177021	66.08857408280426
0.06003248900009618	0.5367431294308012	66.22844427502181
0.07226501836426191	0.8212220125668043	65.92660804115181
0.05127252184199029	0.3131487011523987	67.77178877924302
0.0572926960949191	0.5387010787436487	66.05354537080939
0.06425040359838596	0.48987479484648255	65.18608018498847
0.07488443174924835	0.45844193586880233	65.40463608636973
0.06296641861409258	0.9633802729088534	62.95278378652851
0.0799038479510749	0.6489971560280965	64.12018814510236
0.055955737303966926	1.3490279361862698	63.76546535048373
0.04994713433996027	0.6449038206972114	65.08184542920509
0.05305789250062638	0.45058727486839145	65.47430062280641
0.0624332780370232	0.42387471935072674	62.829991613319216
0.15256136181181992	0.058617126082582044	0.8541786486693556	144.51591793105314	63.584019190205865
0.06112257947587988	0.4836686006360839	63.85393362025649
0.05835511640928518	1.6805565591232174	62.74595694146447
0.044084724801855255	0.8241701766394247	62.61693934745653
0.048141268155899024	0.9770368557974819	62.5352433709354
0.07603867653596455	0.5758482451764027	63.65899495042565
0.04784788727512199	0.8460230269636689	63.798983784839564
0.06552125511609143	0.5255833452018891	62.51959255982553
0.06600562578445615	0.6120058663466205	62.24216042960586
0.07440588243190249	0.9196875339370923	62.683062166905245
0.05484267943523501	1.1853070053798227	62.37371063698538
0.060105571975916885	1.327166217313486	63.019110634019164
0.04778958885112936	1.2450413580271442	63.15924677603972
0.06140278740268235	1.7842635008256904	63.25659660722344
0.05023608606571587	1.136663621791208	63.45258866678399
0.071750525806888	1.1201888672779472	63.899796509505045
0.0669687630589152	1.3029775195370568	63.08672792069521
0.05494229088189819	1.696562581997551	63.8576279046451
0.06207295152153952	1.1846365827123013	63.45224827834419
0.05538676903439572	1.0020337935595838	63.0823416893907
0.06948643940316573	0.857017380883465	63.77902187912152
0.059540752996893265	1.1677039486387175	63.94871830249602
0.053002379967205075	1.2883294933018783	63.801519790160285
0.06820391888236116	2.6656435703489465	63.92205295792706
0.06627267158877277	2.1075151193833364	63.91800466578946
0.051806540623883866	3.036123301376107	64.21042968793742
0.051076055755802714	1.8971422287968085	64.03218515794593
0.056981007857148866	1.1247657360930987	64.42441846523022
0.05299273014493643	1.9456942941979964	64.75282750917695
0.06251916544230411	2.1220121346610945	65.12048429444677
0.06376511608776092	1.5613581053137455	65.12432124314617
0.056671836237516426	0.0812006729947307	1.4836219082657962	140.17758053212887	65.3065035633823
0.06072374052594994	0.7655234356543524	65.99176198931599
0.05957597006945851	1.2944588357732623	65.86873150925868
0.07058303783862754	0.6387462547643011	66.61256082029577
0.0659189743396788	0.7995668220387563	66.26507085727141
0.05428297976212032	0.5181919458203089	66.1504574150035
0.07084042580026738	0.7617278850071735	66.55383196928125
0.0598676894885066	0.7334429762354903	66.11322988923101
0.06881517042375428	0.5043330284014766	67.13203903752424
0.058037309424629195	0.7521429081721495	65.94474173107433
0.04982488379875363	0.8145974687715072	65.84838712407964
0.055476235494955985	0.5536801844231519	66.53205665748996
0.024840623878332774	0.07766842243507685	1.0182873269937207	141.4732357543194	65.98665497207628
0.06677262395309762	0.8427695745352636	66.11584586884813
0.06365704159372419	0.981332471225513	66.50005225719192
0.05464746538860157	0.6481183869673486	66.32591508107014
0.061014725521271886	1.0299340918600217	65.5121486175355
0.07620642481964231	0.748500164388722	66.30618746020718
0.07049556918843364	0.9466371500359003	65.14164887472471
0.06034869842437995	1.1026159578372365	65.7252709841623
0.05839060382507214	0.7277511117873473	0.6895941222224975	66.08369487719295	64.6766028469429
0.06264159444700175	0.8214084561213423	66.68959274377808
0.06856657490522677	1.1059614272911469	0.3225360134099369	65.4308512714005	64.11296597460807
0.062443579719102374	1.218984574633636	65.1401159271678
0.056676326134190526	0.7563682924921602	65.85535183372889
0.08049716364005687	0.08094253154040408	0.5376161946222503	106.71254402028174	66.67949374317571
0.06393360776104612	1.050658975522856	66.21900080793368
0.056087233497627224	0.695124455949652	0.7072043251467938	66.59940062887722	62.27450173125618
0.05006789688865865	0.4654499748890925	67.33158037880527
0.07143868697575485	0.39542566395754775	66.88521028528892
0.06621621398297634	0.49196513177861595	68.4498774558978
0.05960566880869615	0.36378693343499185	67.54105946432996
0.06683912803483517	0.6072534746455223	67.3241701320741
0.053220702296670114	0.9289351075406698	66.58297368406183
0.048419845668797534	0.768590491212118	66.22040325839029
0.06172983315539213	0.89508918818142	66.10403053025377
0.05269819354997398	0.8366521140375632	66.5678117280511
0.057022768867720085	0.8107218246131096	66.67348910334347
0.06247458324370626	1.001261684299583	65.9604831663092
0.0671253277998345	1.1623109877518554	66.13328293151726
0.051741441149767975	0.8113761994316581	65.97032986134131
0.04529668650189466	1.0240504929741676	66.37386181023875
0.06133407493952035	0.7190928464963217	66.02759474727469
0.06672847355751232	0.47295705390519754	66.65250017266507
0.05308894248989914	0.972217255630884	65.57759953811993
0.06687505977494992	0.8322833349202727	66.107976701817
0.06007072536327674	0.7280762145680212	66.1935254648383
0.0602238682427495	0.8504899087580137	66.83656476386126
0.06176777645333885	0.4204600537546354	66.61561559585184
0.06762134340095467	0.6618797838958322	66.29425387049768
0.0728993067525489	0.7009494454952899	66.51408355509076
0.07344145553973776	0.7440501514252468	66.38945822924508
0.07391963206143067	0.8179213645823952	66.3815367247174
0.0738678618324087	0.7831340231910179	66.61205733648195
0.06914100927870642	1.9841785047510916	65.23054891919298
0.06339360050179718	0.6336375522014147	65.50462931313045
0.06550401460917273	0.8448227555127196	66.1640734361278
0.04789071652735447	1.4538169335294553	66.09526783774422
0.05763240334739973	0.8779586700554116	65.73568129493849
0.0702953599607361	0.6202052167427718	65.96704030519095
0.05971697154467969	0.6436263200003404	66.26274157801595
0.04959816138416425	0.5804237430913365	66.72592632970458
0.07536749731450085	0.5414803365776977	67.35667116427211
0.06236343245397383	0.4295362903420122	66.73268737292943
0.058039910574175346	0.7663285158508469	66.1890947453146
0.05163145908781038	0.8925467403369025	65.63725142535361
0.06230463216770845	0.735334166538004	65.85867050208213
0.058936325051153336	0.6952833692323798	65.5028479784998
0.051288243851098564	0.7784663926888412	64.96508865617082
0.05121488146329146	0.7558345772675145	64.67794551835897
0.057967873868731784	0.6816203860594903	65.61763348141712
0.06536735491917038	0.6801900435493997	65.32537070202577
0.06772663105035764	0.689223449974908	65.09313352390787
0.0714255176063053	1.2318927946576883	64.0759766642737
0.051458957667016296	0.7684012633698062	64.5664276886399
0.04017798653977373	1.6156783099472845	64.83648646113001
0.057912365072590684	1.2941492735814395	65.37458850395153
0.06092843264972502	1.5856328413144927	65.6261984689175
0.06369938283628693	0.5578319940705433	66.09825980325854
0.054442983807657414	0.7986589477174909	66.5298154552727
0.06281410973684301	0.609953545236912	66.5407523403208
0.05101689694372796	0.43372960796379295	66.69674576961111
0.06051555160180649	0.6922162794854325	66.53004163566175
0.0621935001769398	1.0670762763553996	66.12854610612753
0.04270089954745296	0.9372567021665842	66.25482049457658
0.06745592605153623	1.1072501204595864	66.35989584451865
0.05369489319030343	0.6360826186611962	66.38553461436969
0.05967224738485484	0.8897074715374551	66.14201359876452
0.051753653896119654	0.7074507073881775	65.99128874566738
0.06511014099972076	0.9729247008750838	66.45690277064628
0.05673460153161363	0.8155086869243741	66.35235807694389
0.045867985297642876	1.1429024778748087	66.03146944117368
0.06361772407374615	1.5202972069977074	66.03940083889182
0.07275416208344909	1.6989558472128599	66.12571182044688
0.04879346648895032	0.8422226561876052	66.49331091216665
0.07523550321132666	0.922497701586314	66.39816816890539
0.06592035290298032	1.131657089274766	65.83984430181741
0.057510772067549565	0.7667055172905342	66.02621362115731
0.06213917324201003	0.7538167486939163	66.71623849057576
0.05631348801573307	0.6626940240738532	66.37972123893061
0.059547863846725585	1.1288454369765306	66.56719517883126
0.054966012697631926	1.281967052437521	66.00342522762851
0.05723350925550815	0.6206057063257548	66.76806058917327
0.050132685585956155	1.0794382711687176	66.45523147012368
0.06640720284251449	0.7923936886589986	66.24589570528882
0.06494856342466518	0.549433612424611	66.30207087032032
0.06919039062460605	0.3939319326266466	66.48579174081651
0.06337191155979054	0.8100635252485987	65.79342248341871
0.05826492090608745	0.7883786274926043	65.79699101432321
0.05457145628769665	1.3899939484088688	66.0496280676838
0.058704735099059116	0.9729819959818299	66.60268329120044
0.051518141803560444	0.9263061371948936	66.45595269050611
0.06082728835358192	1.35166513078552	0.3738584876867427	66.30435266598171	64.81215205636282
0.06094027380185923	0.43855795328426006	67.17711645729523
0.04659947023036307	1.3356574222482946	0.27479349015367294	66.20299161945717	64.45934298603038
0.05990616153005161	0.4789732976178118	66.80262929835082
0.07040515749854591	0.5422841894321544	66.59399807850151
0.060298641466050414	0.3183471422227312	67.16582844801783
0.05517121471294437	1.0719469975789084	66.56844998746236
0.07025798971030713	0.6681483311656207	66.63775966507822
0.05190040292522062	0.48097983003767053	66.25666631363599
0.05679583018371875	0.5936444422674841	66.58019410281031
0.05610220045456141	0.7124450492678422	66.67406524787073
0.04948316695870501	0.4970603767449043	66.12389660489843
0.07736813329192603	1.0323966361983712	66.41861421398488
0.06174853392223767	0.8580691911436368	66.26836068365837
0.07499113197236135	0.6279060194927751	65.83808716119789
0.05600161932882552	0.8015013560944062	66.43891683668001
0.059778785742157815	0.6186385881823682	66.80909633230004
0.05428354730343112	0.6209232828608184	66.58110101815855
0.055976234227126505	0.6150179521579253	66.45206578373534
0.06186052476645448	0.7726563236616061	66.63153039760957
0.05738592330683324	0.9682279507639185	66.6136180943257
0.05512885626609365	0.6149588332054632	67.73249496706654
0.05848278337170122	0.3371779343198948	68.26020299490297
0.06067614800647943	0.7807376614122697	66.45531960512275
0.06633554401944	0.8483408295040769	66.4438512059019
0.050518749632301525	0.7033257307357006	66.31611377300582
0.05697487633675243	0.8565670172152217	66.38809741394584
0.05381925356178889	0.8941612525139883	1.2244593588495585	66.67633025042817	63.642043149917974
0.06352377840422235	1.1254111498203079	66.32253855888966
0.057467130864527274	1.1635196920218118	66.07922503986197
0.05885619872707317	0.7847191215206878	65.95909219865831
0.07241624066920212	0.05118748426440118	1.3867925116006155	134.09299029693275	65.7480661447456
0.06447119375439486	0.9120999849205609	65.90528730292071
0.07277584325276439	1.0460883755490558	66.1752591876776
0.06388892795833245	1.3612175576326964	66.1418925873171
0.06524485551321754	1.2695410211828275	66.01315124282509
0.05600267221664903	1.1288382386997289	66.29837851331023
0.059720565587614786	1.1151267560840803	66.06351366060065
0.04504428052312304	0.8375577014127273	65.82688378203488
0.06415191560863662	1.0600429908234714	65.36243783896745
0.07327199302115654	0.8404109738603529	66.01023990130805
0.05200325879630512	0.8464722221395441	65.32842959554354
0.06365944837310203	1.3700381991195834	65.4174878367762
0.058979592458586895	1.4769252480180977	66.52950831406835
0.04823109873650026	0.8318585910042091	66.71621867942211
0.06370053794029926	1.3453501326332227	66.32267817203784
0.04806060153961928	0.7289179500558479	66.5339578283351
0.043052856239973035	0.7130747861575564	66.41140059374393
0.0543379969244379	0.5233399018930218	66.55368178602181
0.06118388979770922	1.2609451990003733	66.34240712578165
0.04818815239089224	1.1300501763342403	66.30237253285955
0.0559901219538952	1.1756095067946533	66.05698512003858
0.04968612409687237	0.9583757745542836	66.08073431357892
0.06905152111229249	0.7454914213255655	65.89448300110811
0.05268733736424476	0.7004855769162035	66.29295653606228
0.05199028769743345	0.5845438819932516	66.4166778474813
0.06559654104906855	0.39692549495004853	65.85895495583162
0.07193978587755329	0.5444796713448876	65.45565562500758
0.05569391780238564	0.09177993652533456	0.8473004407236064	78.97862993146504	65.58189595349744
0.06554354785676837	1.116961059585804	66.0063258692322
0.057283664650055584	0.7957088117351501	65.97149099235814
0.06582455441914244	0.7580252205672217	66.63888242086873
0.05394052767786924	0.6148163950578819	66.80580960418601
0.06768231944859743	0.7283297428456008	66.45475155768555
0.05511912451341367	0.840330341422536	66.10442247482925
0.061450005823250324	0.6983611270569595	66.7102373465171
0.05683258495668841	0.13435788957051498	0.9356819864595922	72.60841961444044	66.41411496162453
0.05741352449171009	0.5772320181189923	67.53262841774601
0.08032416787849798	0.8985820004768589	66.02152022243096
0.0620824654414855	0.6267039124781442	66.45327120979601
0.04975638524139289	1.0877464468217946	66.42392587232176
0.0670683046326283	1.0849111540403913	66.32302112787629
0.07314429250392344	1.486912168395848	65.49228577530039
0.0579988950603185	0.45538484095339216	65.50292935623352
0.07309360782007887	0.7008812896376146	65.53058658531923
0.07177988367980916	0.5503791350822739	65.83409167600206
0.05497248743232252	0.5796811060983476	65.78859089967484
0.0770825852358934	1.1459255999386797	65.4528289212177
0.05642875104644489	0.6530318714258009	65.40638558286447
0.04604296092224402	0.6823441968120564	65.81567393816013
0.05614543024349298	0.6956183634794046	66.79305197239938
0.0576000642015543	0.48555972761914706	67.4744569945427
0.06672014609465972	0.3835640859975323	66.97395866320299
0.05578954269766543	0.33990199384311276	66.85229560297628
0.0711569359595853	0.2788656850854892	67.49871413227724
0.08320245069718582	0.3703476668244508	67.44506605491901
0.06500255987372411	0.2533758339187699	67.65724125496173
0.061419672816597895	0.20529544719826615	65.43882788819391
0.06759237104221105	0.31878037590834235	66.86874370918
0.05571752048850872	0.3220299519668959	66.36419758236732
0.054550623568659105	0.2697149473591727	67.48861290447775
0.06145864437528531	0.35699733009227463	66.85650591400147
0.06905268145183513	0.29112017570889964	65.91570404796597
0.2551726527366842	0.0496311586706344	0.44990623162641197	145.30112350344575	65.65370463564496
0.06303717549041737	0.43704768403978544	66.71554204946086
0.05945449911526805	0.363493484998923	66.81886245725772
0.06553307701308168	0.5743512036241977	64.66932039116453
0.05287943139736684	0.5590608109070785	65.40852290316415
0.04803135645783136	0.36469525666244323	65.8907187314866
0.06273746927641587	0.6690295136900895	65.65534412601875
0.05869924903914898	0.9984412010464357	65.80235871868307
0.05006216588438702	1.210099085555339	64.79640081624545
0.05164382115679587	0.27811246145809265	1.099159537661219	66.76279294402883	65.12097796671436
0.06206649569138374	1.0801052336716752	66.23604902440402
0.054132504723671704	0.8953966474481947	66.3668666739517
0.05962100886767532	0.9932688753658324	66.55788277070914
0.04800691832491678	0.7769577813234266	0.5990243854650817	66.69394449561021	65.19723585365628
0.07347971608175216	0.8725341009276097	66.49167210029306
0.0659726278893051	1.275445804868309	66.64456220383438
0.06949213200334908	0.7728225937558189	66.44839949057385
0.06215699216946858	1.24190600883432	1.1055354638729908	66.39747382561984	63.65051709893503
0.0679455447081008	0.03424307079345163	0.7285382737371948	111.49455183302734	66.7869215737771
0.060344825409710395	0.8445816428286897	66.88776599401476
0.06432104389130576	0.7852720223634132	66.72933606785989
0.06193983150224872	0.45497600926747245	66.78410419848876
0.05065422320553165	0.7098494339120146	66.73990725014053
0.0797152560914021	1.0242011430228581	65.93868657475582
0.048350833289227076	1.6998673038099654	0.9998260682889196	65.87834738582485	64.352205662921
0.06032566459776232	0.8769354177673205	66.3500614827494
0.07207480313933805	0.3995804606657035	66.88339757957648
0.06512135062725004	0.4674382923119425	66.26804257798538
0.06500112011445641	0.4265337587057803	66.69396718961362
0.055079876384680454	0.6956056067514359	66.4001097649734
0.05615121156801739	0.3675667474371477	66.53358053949857
0.048980014094599	0.4814954544231809	66.68489054783635
0.052740349237276184	0.3135186016158828	66.47101196943787
0.07086897445665734	0.608333047726569	64.63792289142313
0.07392092380906705	0.3133724714145491	65.26259176481051
0.06095616113283706	0.34982283763668187	64.42201395057255
0.054530998918310855	0.42223349280649647	62.593828068591485
0.07013258629865858	0.41464772081921836	63.360509170888385
0.059518964989931165	0.4788954239184641	64.20734649070334
0.06627290475439446	0.47530292052944056	65.21391838657753
0.06642716778756524	0.7139852736949587	63.88826028825146
0.04353425199536796	0.4768427255806347	63.82831805561708
0.05822031002333706	0.6368912065749768	64.05864439496209
0.05727287212304512	0.7764406164776927	64.4135914139013
0.05766733689422956	0.7592411957267057	64.38225272909762
0.04936459086170033	0.06805245341903546	0.48336193775970676	143.8175882513241	65.4833050194432
0.010785346226744577	0.06229400054704436	0.5572376835772339	143.44348404317074	65.9476243200757
0.056971636422705335	0.44021232537171934	66.54926147214051
0.06105615948636109	0.3511985418202544	67.7959624974028
0.05450927851118409	0.5001156829274805	66.43569899938025
0.052638018858302243	0.5454390466638681	66.65708315696403
0.07019242128052935	0.56791907866319	66.53574889987024
0.05975201568345057	0.8042414810233718	66.15778310342348
0.06325368573521319	1.2671363167002196	65.01832533632447
0.06323777292449484	0.5472342368347888	65.51065160557857
0.06472797263427447	0.9006385966687459	64.94592694662505
0.07083145207311979	0.704158507518039	65.57872893358025
0.06770394213299295	0.7031432148551768	66.32776168924228
0.06083998379197432	0.5750241798684024	66.93121821925388
0.05740032919980116	0.38063466783551647	67.54718874910186
0.07569171247263944	0.34471258575295105	66.90727245692165
0.06641693243720102	0.2566577186736221	67.42107686352192
0.06401364743706658	0.05725475037876866	0.13517485620523803	81.8965299566406	72.97408021589693
0.05686434984102958	0.18887519578721937	0.2545743716743309	68.26791760631514	64.68335237175675
0.06767896744150134	0.28544122368666625	67.92320079415886
0.06594557050557642	0.2111759920150479	67.77203350671037
0.05405927256035963	0.4279940295615173	67.66159332526868
0.06655832237879905	0.5546758554477469	66.92609370224592
0.06716528284789361	0.2883367438882328	67.74660592284182
0.055049279564179716	0.7174088596702023	66.90870369175657
0.07303680657905044	0.8568813994215997	65.98306774831887
0.058124003654592936	0.8221620582468082	66.56780184865528
0.0752996887945523	0.6124804184768359	66.49640645894634
0.0810069480180683	0.5708936783748751	66.35664243820554
0.05632445286824452	0.6077405443222388	66.6039206826724
0.07030650367296921	1.1205465587583305	66.53613107472884
0.0505367393405064	0.9316454578492143	66.7292158225953
0.0528567267097736	1.3265848673248972	66.39425793363637
0.059696380191741456	0.802310698864164	66.63706449277745
0.0747783633654168	1.5149882314184089	66.4086077692667
0.056710489371344874	0.8248963083263541	66.27684267449226
0.059065832813155104	0.922134533052345	66.37953334126568
0.06731279524821258	0.8782189853312224	66.06866088934743
0.0506813668274543	0.8652278313239079	66.42872388772122
0.04836138595626537	0.5842598839443924	66.04951824491094
0.0697081251659259	0.7972159278553689	65.41807751198967
0.05018850835073174	0.9598154388682054	65.84583069918612
0.057522632107077344	0.8351188907049071	66.58691761069318
0.06047131299279849	0.6324032251224102	66.13905012903923
0.05745678420879293	0.4896827440742922	66.56320443385968
0.0673515247916839	0.638116826131941	66.6147469038619
0.07166418214642989	0.515889684708862	67.8811517531849
0.059455016925386954	0.8196188491819124	1.8847903101886057	66.38273727098064	63.88997600499434
0.057592754491151546	1.431371448113881	66.43547840208956
0.05443974932164996	1.0651105604412399	66.299607207234
0.05972954908695457	0.6786011947695645	66.25865068476327
0.054939966514367854	0.7213495258630775	66.69706852274976
0.0734979673377406	0.7749175094684652	65.88065317508287
0.05971438175341196	0.4865576523599915	66.08843917277053
0.05316759722041749	0.7153805844225993	66.03175648835816
0.06882144786495036	0.789734263656892	65.14215393817197
0.05717135846965353	1.0712568963049394	65.35115119054531
0.06513504582702365	1.4275332537801828	64.72420565151926
0.05800457268499744	1.9962810698878444	65.17688342079491
0.06744791225542943	0.8324213173520141	64.84537212228707
0.06559076816192788	0.9744424193159414	65.56373931676794
0.06111952345681341	1.1806685605892004	65.34241263145555
0.05874344328013162	1.4401962085671383	65.83743651531188
0.06580187131217911	1.6419394378595975	65.57419327573521
0.056793400915380744	0.08996587203038821	1.635494081592572	73.72730569420013	65.38113982746482
0.006659478897576103	0.061177865783329864	0.7923887988492566	142.27321170316074	65.67775959315756
0.054979291976868336	0.4756428161707726	66.78652692689067
0.05016584017255993	1.1412007359261185	66.2563716860589
0.04964645494954532	0.47406328686014526	1.3298983837083913	67.13571175861203	62.81958802448076
0.05657761119890272	0.611242856033901	66.81869134541053
0.05075269263309853	0.5098029680019026	66.69109136853432
0.05549756226386267	0.3872224024152528	68.0064821512151
0.07805502605972463	0.6286980072042664	66.43868778825464
0.04996086841674435	0.5595443516768959	66.27217281064091
0.08006749760561319	0.3476626984665952	66.21305780906475
0.05012670814301575	0.8062376314722653	66.34623101419285
0.06107722397145063	0.7311370557637807	66.21928083304655
0.06133720374482364	0.6189547581136184	66.17836555927826
0.06329162916175406	1.1476979653949182	66.20329855718656
0.0633811772593926	0.7437459492703552	66.46396177732639
0.05350298865028311	0.615875738955762	65.98259426132658
0.06306189325563821	0.7037896740098952	66.19873967130813
0.06692238579828845	0.4410504133315514	66.38623801695893
0.049628154634077846	0.9144684720864861	66.53359271474544
0.0514760968608169	0.8739440872802265	66.23110595503238
0.051552822625198225	1.0173541611399086	66.17348993507619
0.05307670055132515	0.8770672366766105	66.22718761126971
0.06323829277151546	1.0815226104933533	66.37259841270776
0.05201159228023899	0.7689990333430964	66.37313014460757
