0.3836056676615711
0.11640834435856813	0.06137075238923976	119.3046847160985
0.11088369875438009
0.0957279862076173	0.08162020461815313	81.29087815551352
0.15782002714640606	0.0810062055447532	119.90791820321094
0.4097653777951996	0.08370859003269916	145.50556700887782
0.8592977895385517	0.0911949530356699	144.70664449948399
1.8597739901674926	0.08070162079908895	145.33805263795188
2.3807019515685814	0.08826890502170136	145.34430136009152
1.1275314769331162	0.07120201708847208	145.51448410914344
1.5947936592430796	0.08118835790332336	146.10445820209702
0.942420218582763	0.08805758586246207	145.89582566743428
1.804596985047568	0.07367248575507877	145.86460566203186
1.7330977054498966	0.08477368766028166	146.1230921905729
0.43394790669359445	0.08383917097482546	0.07718400649382887	145.337294307544	74.76064971399066
0.09271354482940662
0.07093453829745977
0.08649097336372516
0.29068908056924064	0.10272794850467687	145.50482966404923
0.10805552298945122	0.0651399066082071	76.81144196119985
0.09667529271956109
0.0909899283142961
0.07011996537088201
0.0859320474779703
0.0829490782206416
0.2011169786445456	0.07504819892055083	138.61296889018004
0.06973993984137532
0.48679080221968474	0.07987495483591106	142.87252191811632
0.7891365857682657	0.07375909035489477	145.8119861713996
0.8461915030340293	0.22815713865316706	0.07305030221822045	0.07588804037349779	145.95395542369027	143.43746886535877	118.08649246072046
1.3025345870889415	0.07776772528727964	145.7174762320632
1.8605227726984717	0.07296321139886715	146.21853133838678
0.9258232049561461	0.07289787129698624	145.96765735539554
1.9600815387189485	0.07729700622807849	0.09660528359422393	145.3867884641266	76.92831241967862
1.5103697936871705	0.0668147603306275	144.62815327494005
0.8383558005338408	0.09288817237490442	146.2822073505294
0.9366580417922759	0.07835672488213315	144.49850132670952
0.5926106802790595	0.09026299622011749	144.87155183725315
0.8345186902153027	0.0821022145743653	144.7871027034052
2.1372358223444734	0.07658369194987431	145.81466864017614
2.6755066984083378	0.07661965497961061	146.0904332656482
1.098542582994509	0.06357679090273892	145.39509180938933
1.0774703296766934	0.07653973012582754	145.69685981215122
0.5019449416661909	0.07227784182377192	146.2007321269801
0.5753889214750632	0.07653002667838149	145.21793242129857
1.6828158635039796	0.2132560583793682	0.06853684587676755	146.06425601215662	144.25233578792174
0.2954288261438549	0.0588347637622631	139.8617512331228
0.309663085169327	0.07423749520007275	138.48728517148743
0.08778654004794251
0.5885159645313967	0.06638770138671576	144.26133937722162
0.45374653653551034	0.06859482553703906	144.0552368608319
0.22089028490872764	0.06609263698758366	139.4951080295285
0.5486717009933845	0.0763408384560736	144.71675408972288
0.651504831952383	0.06970220096277711	144.27048819571996
1.097017095935422	0.07493274021081268	145.1531180919943
1.396494915470975	0.06613748278313743	146.09891702343427
1.026854819118883	0.07630249053945524	145.6557991850466
0.9363344350967978	0.07813049225262056	144.9282566035019
0.7441367314235233	0.05762787528794916	144.11151656701819
0.7898617779066426	0.0702245985531631	144.32963683555937
1.5891728258628637	0.07324696113495467	146.28183590368158
0.48284350131012893	0.06572748212012769	143.33369694090862
0.5434793820656346	0.08209322625291246	144.03868203419074
1.3519338771200078	0.0754334161519022	144.8757861642191
1.19518723871367	0.07609105800898416	144.66663543628815
1.5577372188543548	0.07614478337044084	145.82877280123566
0.43295205626767624	0.09095645811607925	145.38385683759796
0.8512047347539851	0.06532361548854942	145.32534273191408
0.9519064969283032	0.06588029643829829	145.67957286501502
0.7067515636659448	0.06786843315140689	145.6700810805412
1.8811440361776441	0.07441133933560942	145.9901781431269
0.7402470210554049	0.07429004845503755	0.3809946716241447	145.11160391644682	62.90670663837619
1.1493469687488749	0.07779094374897506	145.26796590284607
1.5493010431918863	0.07543070456854288	144.75943206502708
0.5317185296707663	0.06522751937260554	143.62363462622332
0.4246170693921816	0.07840610380147943	144.22532840287397
0.8846604663641646	0.07623462050495765	143.8150126437419
0.6835134373949134	0.05610528878029224	144.68288256162052
1.1029038429628286	0.07234992698387317	144.9065401157766
0.27258423145666816	0.0876099861068335	0.021468901970842433	141.01736765193385	65.75302126130167
0.5768508391053013	0.0810190983082938	143.5171082701358
1.1401700613414791	0.06622122116250052	145.57644975040506
0.7387378437118803	0.06565554258677293	145.45834453788524
0.9950157206417337	0.06788278097642328	146.23304609660374
1.5106660285900353	0.0713890910393905	146.127097243342
0.9417485608491554	0.07939839859372232	145.6549927329585
0.6043022425128578	0.07359166603928662	144.82644072270185
0.42403883646126145	0.07403429786448296	144.70724022651783
0.2779833969711564	0.07262086813787094	139.0786791891874
0.4978420951620252	0.08486504603683533	144.53727962498894
1.0819655896071392	0.07402789538206438	145.98415866868135
1.0231661874600775	0.07759154286571149	144.47992384563415
0.8719143643536236	0.07743370554831257	144.26148211957556
0.4961659802725087	0.07405073266925959	144.18770273319512
0.8322228278089641	0.07329287658273033	143.92587998992164
0.09918681460045395	0.08108836160981427	121.16857709298728
0.10012570771547996
0.4964847096557759	0.07849760291424544	144.36690736455841
0.6103472043668338	0.07653407353207398	145.3249282343647
0.4576130527274894	0.06593775562317372	143.6082611862672
0.8359944083328167	0.06255926466510196	145.88806863059918
0.37726553106830724	0.0799550726113881	145.12328388792648
0.08495709844213527
0.22646651560025108	0.07657139916561227	139.55675985767508
0.0699394154530409
0.08893902069185872
0.18637734130879688	0.07008605356567583	144.59522572739405
0.07562466812276974
0.07492161069904824
0.08571264410107465
0.0852473430032563
0.0779389832187494
0.6317985724412112	0.06562543823055221	144.33914460895843
0.6766900566115166	0.0727240065508133	143.9633538794302
1.742054808268685	0.04672783328788392	0.0975203354906428	144.5320991425534	106.22207816397011
1.756018984641048	0.08021533937196035	144.92543868183853
1.9741165353935481	0.07926459763497405	145.59934564265123
0.910342622269061	0.07031847713798409	145.42885356257602
1.699043576908526	0.07993559035032868	145.1467854469647
0.4829891307432585	0.07834503654632431	144.36054784732235
0.9873373527312828	0.07725174938420583	144.67726895770753
0.7682569252183251	0.07139459166860151	145.0545061350485
0.8462534595972883	0.08078062827224021	145.37072421825195
1.0832385076143125	0.06849373335119292	144.9322454070372
0.3142570588981035	0.07882131381925044	144.08145997422903
0.9051191327612331	0.0560834800025904	145.3450873198958
0.9189241652857385	0.06269426611570192	144.93734341417047
2.031159956837883	0.06027731861718774	145.36733310089892
1.1983183700048268	0.06547531489400675	144.59585299380805
0.822062633711089	0.0566115858863811	144.56762355752545
1.2050173488438998	0.06286588360243693	144.77596451962123
0.711645229925685	0.07435490897221006	144.76098655665314
0.6144311074055832	0.06930340246178221	143.5554940970941
1.309114615415645	0.0791037806566435	146.21782018701143
0.9466093870483671	0.0778975271131711	144.8507929136715
0.8599090441668716	0.07231908131884102	145.30228132281252
0.6974777429008956	0.05506923496237871	144.75250986443785
0.8004022362997614	0.06692170672388877	144.36755463640637
1.0930352550844937	0.07580658688277743	144.36980134488132
1.2523237673247014	0.06584001204102724	145.16687652757258
1.2944293399054247	0.07434745183967315	144.838671553585
0.6527098628430454	0.06977778043581981	144.92120157158777
0.44397691845010967	0.06532860165449554	144.8038767302617
0.7177621645937264	0.07861218530617516	145.6757215292124
0.9505642812759828	0.08423190807613523	144.93478657246177
0.6432280894843154	0.0955875364756337	0.07860045083542723	144.16995022672526	131.14980750883888
0.5910462524492538	0.07815503032977524	144.46014631896273
0.3170642562779439	0.07473812064955472	144.23270585097868
0.1762285276611255	0.08259506464819488	138.1470445292502
0.10045367525926696
0.1228253084393969	0.06813555194217309	133.98108300622354
0.0732053068519823	0.05061209249578939	64.25882183602991
0.06142650282467915
0.646007943440501	0.0667851008014861	143.79005066434695
0.5156041766577524	0.07375573884003907	144.81935186510887
1.7940160721026888	0.0668170341241486	145.57742893121343
0.8184902141192534	0.0777568794287507	144.35946792840124
1.0421575783815027	0.10106330209395524	144.62218743437555
0.5940421990686351	0.07043481519696289	145.55012732503033
0.5354746293793549	0.0894037757018765	145.52797958065764
0.6271153644169677	0.07777728414110578	144.97823126328763
0.5471805630041386	0.06313151206647918	0.07720816462535708	143.6643099834028	65.15012849322997
0.8693975629501864	0.0921028457074476	145.59795922176662
1.2801909447925566	0.0722287516748523	145.97833245226255
0.7049940940018211	0.06738783641208748	145.782121318634
0.5726194225785067	0.06836997965611286	145.05334205797578
0.8504975859363124	0.08358432513366378	145.40515844598045
1.130737784219231	0.07033695105680857	145.94063897931284
0.8672619776164643	0.08790095146397081	145.54933052880793
1.5207624972878293	0.06949157248917683	146.1343378154533
2.3669659520327464	0.06600059195648186	146.25205307649404
1.6645178359391637	0.0679427122315462	146.13103321247146
0.9738757070238666	0.07273290360620702	145.95096514047393
0.7462052135744099	0.07444708172153203	145.07261707632998
1.8390491888295175	0.07186424191723959	146.05139698789327
0.9294058529222541	0.07363369044237036	146.09220632750157
1.2503412613670581	0.08290358293783995	146.1593168214613
1.211697936866079	0.072180639793111	145.37575735490324
0.8615792067322038	0.09529644380306568	145.98776720648794
1.197092446149147	0.07875940675108806	145.89683846718782
1.2952224524435094	0.08727652233975157	145.22945216143717
1.2368343648776103	0.07960725947512197	145.28338197360358
1.043377783704235	0.07432584883387802	144.1138685469846
1.027840293803283	0.07828865423764274	145.2469605257018
0.7289961945796902	0.08678061327775481	144.3846307895295
0.546087636031821	0.0940188922814538	143.5779307280681
0.6018329848967283	0.08051234897497976	143.92972644219657
0.7266309801197	0.18371652149247816	0.06468593925119996	144.5876342071209	137.87682277026983
0.8100988572544934	0.07542914360864643	143.94119203236846
0.27564545171097277	0.0805167794370944	144.42819721594094
0.6536098817517001	0.06605719457158754	145.5804538480319
1.0830867715731702	0.0743468426921191	144.46767783547412
0.5416016949546641	0.13029097085037847	0.07530167969596427	145.48637221721478	130.91918109628767
0.9533518944850495	0.07148614478365375	145.4083692724969
1.0477876411158473	0.06399770639446561	144.50718780120596
1.9637797596540478	0.08026276719688942	145.70584506192375
0.8387004039931228	0.07214560321850401	145.47436258719105
0.0717962318159002
0.249710719450737	0.06354147642943173	139.41857949024902
2.26644396145035	0.06214096372223482	146.20534650265327
1.2533117453168654	0.07153349842058501	145.87516531313904
1.450249934738211	0.06786006347747289	144.69404874479724
0.4822161394725985	0.06543578127179257	144.0049266020967
0.8686574283075177	0.062621307847553	145.01619519920055
1.003385517103818	0.07817979658578272	145.5098425133277
1.4225900429116143	0.07836157031145588	145.5829576857297
0.6002742112387929	0.08305176345306171	145.96484100198248
0.87688772573051	0.07530975800915563	144.80391699481086
0.327851198099988	0.0751051414030368	143.74175836201175
0.5809820941566145	0.06410733631763738	145.7258778178434
0.767526596343767	0.11134348160740257	0.03324191373078453	0.08173547804201994	144.95678563179862	119.09533245607976	104.91334207033105
1.24684565702234	0.06273451295579265	145.98774538718007
1.1400569141042105	0.08595897904343792	145.9206247873617
1.1193049959161068	0.07297165780100966	146.14169705974516
0.4420068179750138	0.06505464840029054	144.11265202664134
1.2944769936629101	0.06798111228921169	145.8742769077483
0.7076329791629129	0.07943106041190735	145.37218314148922
0.7937681002628735	0.08725475175687095	144.7087652338566
0.32993181719678094	0.06157560504661174	143.70558789542415
0.3036702845339164	0.08375316195339963	145.32106790768728
0.08869480670690036
0.06951227251515765
0.08649221698720383
0.07990794251291057
0.2225537655169234	0.07806761654674219	145.20069608538037
0.4375891644488396	0.07773775844159612	143.4191246451941
0.9351947815700662	0.07124300481336784	144.7814059689949
0.8940721948443512	0.07068141733020647	146.19189440830786
1.5808197266886992	0.0712429876834081	146.15122107790765
1.5768548464080507	0.07571321614522221	145.9594489643738
1.492294691905384	0.07336944612811327	145.89668935809473
1.4830895428234951	0.07757964119680856	145.18283599397012
1.6020125003186687	0.0757927842257604	145.49998718704938
0.7232218487386266	0.07751934776628758	144.60869428107839
0.8778328829946986	0.07240816971820159	146.24316065011598
0.17127754769112286	0.06623189178413204	138.8783788079049
0.07345637290365223
0.07680684829727047	0.2242034139718698	63.09772720705702
0.08535269299397263
0.09533731904399095	0.004010007859627071	65.80276335005289
0.0640633671228948
0.07957429297719991
0.8788759735527308	0.06636376742893425	0.07719291011808892	146.15687811786637	110.64453789343771
0.1558736263917757	0.0853626066291373	135.0985269782596
0.07322247947085057
0.12135857857121264	0.07765147793362143	142.48211943790264
0.4600379673203144	0.08039846980815253	141.96476788022045
1.1194700023834758	0.0744608543253856	144.19762680174088
0.9155550409117134	0.07622307391782573	144.76257881131906
0.9449089015609426	0.07713725112276419	144.55707918659368
0.7200621970761205	0.06885046438407867	144.79917607603227
0.9198711853660217	0.06243269956745482	144.81205144788996
0.8601669772161012	0.06332592891864734	146.0231695040312
0.5967618030671009	0.0672777102236102	146.2091680950938
0.44995760147227765	0.07517769719099289	145.228465982747
0.42330678632682434	0.06985928892647378	145.35268222215464
0.6678247116194725	0.06953730222005824	146.16747739182463
0.32334506715125405	0.05993475510808658	143.8589939851384
0.5949255770363528	0.06327463451876668	144.40612589262707
0.8912254418798871	0.0808751216858051	144.11670212561282
0.6474837829976083	0.061217390926954794	144.33581303895053
0.8790937410114469	0.06553267974918048	144.2989763983376
1.3249867636336616	0.06123053742296118	144.01320289522215
0.8627963704705218	0.07346900240940235	145.62345499976868
0.4416171541814605	0.05723877607032936	142.5030464027862
0.7747622449551744	0.06396765659600978	145.60165431181122
0.5907115625325757	0.06231726175420293	144.1730406262136
0.43319083171412653	0.07259869007167459	145.5808372409457
1.1010335632937327	0.05437057632690466	146.2305622449785
2.428610154240505	0.0646238626165743	145.78253203232487
1.2115407938026619	0.08566188513080594	0.03627041276545485	145.47509296160106	72.92729627151463
1.4490220893382746	0.0566603399643521	146.0137234162493
2.2028983146784578	0.06770517348658703	146.10210007318207
1.827981141452773	0.07063923954740778	146.1439980195377
1.3855283289407165	0.06097207798854182	146.13158447215213
1.6318885504691465	0.06446133524879129	145.02978054778313
0.9286955507397034	0.06003759063214403	144.68784807553652
1.5336067036016956	0.06780113749336983	146.01239878090107
1.2548901959613799	0.07377604437847127	146.2231959775985
0.5011429670399467	0.08015816695979551	144.4193499889342
0.6688961958980101	0.06441482441115451	145.31015041093087
0.6885148548443619	0.06618619048620766	144.75980005352758
1.006782149886782	0.06472781310009992	145.54458959296855
0.9251294498981073	0.07940897385197815	146.0859523982572
1.4461903962778977	0.06278034403852145	146.19461656090698
0.20954835302995375	0.07761650145911325	137.9091388806548
0.28782586391847376	0.07466490735187824	145.36156872372194
1.0941786881276832	0.0635319791743473	143.97790101389415
1.4974321087055233	0.07861241466888755	145.28823814768893
1.202557695095054	0.07127135729594898	146.08662391315346
0.8662677559067282	0.07935395062549107	146.24382790076024
1.1007821006305158	0.05606300145069774	145.91622054691132
0.6032376023509636	0.06811805164110118	144.83489872049682
0.8520536247658885	0.07609787790109776	0.05186504308553919	145.05432805860423	84.49530496286926
0.795287294633096	0.06521268544427751	0.07122393276156608	143.22498220799855	104.47998426443144
0.3639872172271771	0.07094443626788688	145.3648497000448
0.1956170608363308	0.07529002540269612	140.25488362271037
0.06886254786639714
0.33894619376588125	0.07460265694021317	144.0317309611132
0.8037064693670235	0.06383682232783049	144.64204980228894
0.7512250734827365	0.05976918630615394	144.94772982230506
1.5024097249887742	0.08021009765408028	145.84249513156155
0.835441469009482	0.07846682515641824	143.41503306712875
0.9267153062928547	0.07491107251084023	144.22442554326057
0.9312052032103822	0.07705733815888512	144.76997314505167
1.1408167389070965	0.06493958349217105	144.81670076417188
0.7502538301827575	0.06907441355375679	145.5914403709805
0.7361692195523145	0.06963851103568772	145.90721090285282
0.5500986747214424	0.07139353109126138	145.1594844938462
0.32507003557323905	0.06892771816415116	144.27975849992188
0.422275050144044	0.09763665801019136	144.12907556604924
0.2384032064494129	0.06489182444764818	138.32248325073286
0.3913669997003552	0.07719016198916485	138.8641952481036
0.4166667996859981	0.18354044483117304	0.07071452460393114	145.43272055988626	139.0911282857098
0.09129459723893037
0.08761456445802603
0.12758496026752494	0.05297605475510974	138.92693423125928
0.0769662030618506
0.08798017682702228	0.07693538558125111	79.23631161965828
0.07884018851105898
0.07295655900000292
0.08546845927176175
0.06480160778868142
0.06853656128187054
0.07168822858363276
0.12057390876051031	0.06597735927166	116.61730421950767
0.08060164354465994
0.07313241619027093
0.0798853086737821
0.10459061047037214	0.051040046618684144	77.57313845509466
0.0786372010387407
0.0705265996325042
0.0659476863376349
0.06960187438445924
0.08277756558902846
0.07446587728122109	0.0855135768567981	126.33899285181616
0.07097689190382298
0.0691356815042892
0.08621493193630594
0.06931728019183452
0.07455833636434385
0.0633917135697513
0.07331411551180764
0.0626740027792798
0.07830618720489971
0.08307284518071271
0.07436343078866145
0.06587237227643063
0.07154573620968933
0.07919723684523644
0.08524133311230626
0.07632512611891226
0.07746312532503537
0.0813238794725947
0.0759557513032137
0.08647174887064012
0.0736564977020548
0.07472686858945783
0.09317253729590769
0.06873844981946954
0.06291137065472784	0.07623949343745513	94.38877530874134
0.07396209161697982
0.07252001581653914
0.0753212178099247
0.06646127808077705
0.08888318884918602
0.06326544736572379
0.08267524138995534
0.06008173023040601
0.07806384535406127
0.06683481083021812
0.07145705387656087
0.07655635922521745
0.06571062155799592
0.07734642587700513
0.06741708521865887
0.07377937046358853	0.0887705462417889	140.81017838488233
0.0835690026818427
0.7031406056540772	0.09257226697056875	144.87383338696577
0.33777571728313055	0.07289183065386436	143.82662596732084
0.5709759305343006	0.07345616727746669	145.82465119830795
1.4755092955535607	0.07687514295628947	145.7919182721492
0.3359960301540898	0.06970350259010032	143.7858458717654
0.392068516214165	0.0748387630124958	144.5067014119882
0.6931348808414708	0.07321119372251901	144.6151582036195
0.8152342919467586	0.07071444833313617	144.880398940718
1.5166260397756517	0.0803831851086297	145.03894331488075
0.925248762641962	0.07866751546825626	143.9933659562012
0.5090410221237204	0.08761605207932216	144.40433818243835
0.8539471584087704	0.06844884199099778	145.45161414798648
0.633718697489224	0.08671267330552121	145.74259317589215
0.8378956951592479	0.08474653756675157	145.9584731047413
0.635019378198131	0.0619116338737809	146.18005676478407
0.4792900225352878	0.07870785669882167	144.36309015398493
0.725886855251335	0.08758662939481199	146.01838107588688
0.45581565187032486	0.09822029835314579	144.48733128723376
0.6135679072132878	0.06548978318655851	144.4151083832145
0.475659472945803	0.0751923207062888	144.80432726412215
0.807310959502897	0.06193454216224117	145.43189402963117
0.430960287735662	0.07427416640876604	145.7250046908948
0.8609307435744409	0.08620664386007035	145.68203068554496
0.6104204248964654	0.08221193567785078	145.45319114783348
0.6195522780301687	0.07557314252938885	144.8363431843348
0.9072551593408545	0.0653188017817463	144.21778794803413
0.4824022180263674	0.06599961949996999	144.50523153240817
0.3856456326329473	0.07513409834064233	142.45448294614317
1.4069414043569966	0.07273068288161627	144.53219507138874
0.9828449784348456	0.0798872418606563	145.0872804456665
1.7056438097576765	0.0566518440340118	144.91008195276262
0.6581891619166443	0.06800209979425634	143.75520618552335
0.7313002265934803	0.07060718694616193	143.86563216995512
1.1281746233862067	0.07421859151830044	145.74398820166257
0.8188269368939999	0.08425465304842948	145.10080982148386
1.113700623240902	0.07250262211601259	144.80582710173888
0.8899052051847984	0.06303812551803692	144.54169087665946
0.742980324821513	0.06490854285790655	144.72746470402012
0.847806398239591	0.08646034397250126	145.41606429821985
1.7799355928865963	0.0804259070861364	145.36952049117144
0.5693691807276499	0.0848418207829706	143.5680667927647
0.2463643474510822	0.08343000659227709	141.75305803313452
0.2743642699272912	0.07963041957620176	144.3704807803398
0.2160761237106915	0.08039763078564462	142.566472988365
0.085054065964946
0.07841062812931789
0.0786068425137088
0.09071031338331706
0.08086977462257935
0.09447357966836427
0.17612241413341334	0.07782251655647612	142.11021673120226
0.0907539011739631
0.6705761615979512	0.0645357960671398	144.83805653830987
0.07769320330588288
0.55307165333489	0.08522791601190131	145.80958535283602
0.08290010033105012
0.07901418996157257
0.25780427472161066	0.07060900245731311	141.6852103016266
0.07665403985524938
0.08096007843285583	0.06111692460745679	115.627114462195
0.08785662496618453
0.07471154140347679
0.12044194097945209	0.08616128084800052	122.5915550813596
0.07323982792196243
0.09123750943929977
0.08687892081907662
0.08319793726604419
0.0767312505520892
0.21715631053803558	0.08428960441179904	143.06768752468716
0.08478277648651301
0.08340980880144634
0.08912997452689678
0.07014278196681378
0.07731915078532473
0.09050016956334932
0.07789386482285879
0.09681586641270339	0.07766387425641692	102.82637200464583
0.09001079838843029
0.2504329364701408	0.06691036477890604	143.50606785193227
0.06975213610069142
0.40572753595435657	0.08159636627459627	146.15208691734742
0.07969189883463487
0.08784788092256911
0.07205929002434995
0.10428096404678354
0.07208995981505457
0.08812216700403401
0.0813158015502331
0.08079378550769524
0.0937317226839024
0.33359247218376675	0.07053266911228603	145.35436117340527
0.19917348015087105	0.07618954486616436	140.09467982908612
0.0935988994883838
1.0186890585420252	0.07698912786394331	145.3809606014935
1.513696825814574	0.08223768586294286	144.90407274091706
0.5773507718136384	0.08559288595639813	144.22327553686097
1.1983835956067006	0.07345483666947995	144.23678712255145
0.5744394777482238	0.06813078919608431	143.9737375057031
0.7147483121699811	0.0718805795951289	145.61233119373
0.7313257968822914	0.08717050673169878	0.10228354404048585	144.21563496835776	66.46927061116361
0.686779770447987	0.09148736752387741	144.81487255762127
1.0542186636235444	0.07965230776788951	144.5977452798278
0.4183864135944544	0.07907028769781227	143.9888467755727
1.0278561449647003	0.0968528082752398	144.264250052425
0.5081403161659397	0.0739646394398861	143.31699372361226
1.193065063964977	0.0780894732419245	146.016026648238
0.8992998863654248	0.05938160040582789	146.26848018657503
1.0750202870282202	0.08086954647282975	145.46747062629098
1.3303474922253218	0.07283163501531141	144.97573456515832
0.7099805505252474	0.08585079796369252	145.7013338680539
1.353560752133303	0.07917076524282209	146.0302691369908
0.44632828396929647	0.06892471525472914	145.98014182114974
1.0180288962002728	0.0576105997370268	146.2132780984473
0.5624499801341591	0.07288443316093328	144.89760486792574
0.970890821336971	0.06886481689203784	144.76184156743432
1.369618978548244	0.07477421372634072	144.90733942701002
1.524167792822919	0.07723209367389178	145.25213457373016
0.9587744139382445	0.07751090336399613	143.92532436555172
1.0368604733214872	0.13026261451849852	0.08000157971997003	144.47612082300054	135.89176638714406
0.8248611052184674	0.078495428268109	144.4611497013528
0.8048523339339424	0.06544531142019003	144.97529498756833
1.537795001428089	0.07198644924035946	145.07853626870644
1.0573513147961138	0.07330669161322292	145.07940606586632
0.4083435087279265	0.06425716230853665	143.7145903729602
1.009357500676073	0.0698265533401847	144.8688734872223
2.3784633173317222	0.06534434449236096	145.97579321867786
1.95878670943119	0.09838056552195175	145.95405913212474
1.353230975918442	0.08624439397538725	145.82865243639517
0.9229542759426552	0.08623930802334863	146.24469576167834
0.6279792146431019	0.0752529243521747	146.11358533722503
0.8586432043191304	0.08682873092041381	144.71175336789167
0.8532171423593929	0.07071374755978618	143.88741951231663
0.7889787784589762	0.07021506812688055	143.45513299810574
0.5348789822098821	0.0725940356850519	143.86609694903754
0.30051523829723054	0.07405497075384664	138.964698133666
0.22952538388483118	0.06852222467492144	136.9631752757143
0.0863451698078025
0.26066570070349365	0.06931621601032495	144.11687846858877
0.4762439293170459	0.08162651119049096	144.71261594119076
0.36290531522215663	0.07215807359754167	143.7479830277617
0.3068060427574836	0.07580838926082446	144.8420888687618
0.6127956010094173	0.07223605993136552	144.3426370297068
0.47729609048393923	0.08454964595285604	144.10605585308937
1.0414390470618442	0.07686681476027744	144.79262950347393
1.1108872649077899	0.0853635948679987	145.5934341259127
1.2705535315945566	0.0774518327452439	145.29930163810442
1.7968261953485944	0.07604570722806363	146.08969400741026
0.8569168593045577	0.06649751478877677	144.66282629927971
0.823837735341386	0.07679794482881168	143.60435824692405
0.8412154071050731	0.07276365396712739	145.56987894698244
0.49737580879445087	0.06913945189246415	146.18408910691628
0.4538945408007199	0.08485074729627008	145.67052997798348
0.08753822202813556
0.5466469934426649	0.07975984542023755	145.37542396758755
0.8696088975240563	0.08441722517561044	145.04789248353572
0.5006157532587219	0.08697016400458214	144.82347024783567
0.9050716737492126	0.0680888843324063	144.20324719080992
1.993377453048178	0.07507059634322927	145.51003879656753
1.3391847899178295	0.0727239527503842	145.5741488243451
1.4757687395689563	0.07486291207491735	144.53379109658653
0.3960691269681788	0.07842743550888115	144.14285290878198
0.49153057844930403	0.17010324345307304	0.07435118658487268	143.9989367191898	139.47273689487227
2.021095538352338	0.07852293290578649	144.74436724117874
1.2104466795147655	0.07767978667423665	144.7553000726611
1.6394002835458923	0.09050289791507903	144.8954401673896
1.1077933588014317	0.07015003780814531	145.2514273486894
0.46506819115546955	0.0735317253506246	142.8353575477707
0.32453647490270904	0.06840458087738258	139.70967022719844
0.09088650490320277
0.13386175799547081	0.07960612008312534	137.94131543176178
0.0722863217139963
0.8350016571917704	0.08504511366499444	145.69400363954657
1.4440994016875979	0.09425162881725839	146.2797061236695
1.0566808545028687	0.09082352761562189	0.07230356894840326	146.12696431368775	119.80843456785871
0.44746535443910757	0.08295386637481031	143.98862007441986
1.6139217926253326	0.07753889477432142	145.18510460694833
1.2466267510045297	0.07603751484147113	145.91713750908292
1.1933867943289445	0.08322657948086196	0.0769206737834423	146.02239294827075	98.66719836602576
1.7138739129935412	0.09821742548839069	145.76394751397436
2.412830310477276	0.07024261649324046	145.40037968348636
1.2812188240307254	0.0789452682906291	144.87498508765117
1.1771661309396664	0.06758087000325047	145.34737879946684
0.9226095006121172	0.07517937648353074	146.0207484943578
0.9172768948369235	0.06779446104546058	144.87356023030785
1.1258151399408098	0.07628452710564075	144.5803464704506
1.1182579169227924	0.07615863879916403	144.31730494549794
0.7255356346208061	0.8501622333093973	0.09649044252718916	144.98807682866004	143.50408798931835
0.9660575063697876	0.08410818185911963	145.2015729935061
0.3341744925785482	0.07187264030324136	142.92951361234964
0.2484096466248818	0.08087586098152344	139.84727090330088
0.3040959004580746	0.09548218093372532	139.91998458159082
0.07743133981187571
0.1333319146473362	0.07708971922790891	144.68084191398123
0.07523830278930307
0.2897978486914613	0.08214675476605905	143.58020841318805
0.47520316263952145	0.07248754456587102	144.74083892881657
0.7485635181541366	0.07395086964086761	143.52422208997416
0.2900400700453343	0.08978251941484444	144.08499969397405
0.2454043435310196	0.06316356041228044	143.6886199058071
1.4795299803251953	0.0662633237175529	146.11810154984522
0.8631017432860162	0.05382335778263582	144.9103583601791
1.516645953966589	0.08353163289825181	145.93535209794624
0.8774370932707372	0.07607621135493953	146.23019229502322
1.4226748957835054	0.07232518113151777	144.70465448944535
0.7197041953916793	0.09789865212868315	0.07143356370655035	144.4663595628775	139.8351038632727
1.626203691632736	0.07017408210400072	144.77367718954673
2.4175718183494737	0.07535333797371252	144.5591918041061
0.851632147768575	0.06798909500486205	144.1729259664915
1.6604077731959594	0.07710627090277537	144.55832442987756
0.7394495575364695	0.09314727940944702	145.17549372935107
0.7717325137327703	0.07185028081408147	144.8062433642635
1.0431300074452527	0.07450824581102021	144.87620407140668
0.6716501023384797	0.07042357754450809	143.74222331871945
1.054495985397918	0.07870219942463516	144.22373198750478
0.46528822607506587	0.0692828666263858	144.0437434253368
0.08162018620996628
0.06248974924791847
0.08634796619013657
0.0837933511375373	0.0651503350156887	117.45225859723291
0.0769516000347446
0.06707766094773261
0.06910688055060368
0.07441735151887643
0.07539638957267697
0.07606615902783505
0.0802013318686671
0.0611738059138501
0.14580289653674375	0.07039265025497388	142.79433597172235
0.21108292359816405	0.07825727736617037	146.0442779655856
0.07194757231786238
0.07655748545938028
0.07743313325334224
0.0814028117926049
0.273409113272167	0.07566850011870796	145.12582451731856
0.35826689427005687	0.08889545487306326	145.28290535047321
0.08458129203074277
0.8605016846904335	0.09933229978203435	145.07496855977752
1.51735425698595	0.07037803661340054	145.47650820546983
1.072107358576287	0.0837072545726177	145.37708903674647
0.9135524717673095	0.087742930966601	144.54151327914676
1.010852753900988	0.07154416226744319	144.71601048374617
0.6027599943169318	0.07160379325001111	145.49119900118956
0.4934593447448131	0.06827890783611607	146.2083241694151
0.07668754747960066
0.45262145863386094	0.06482411140702218	145.11755267296908
0.8389475603838891	0.07005169538354683	145.90952183844985
0.7093437797549114	0.0630531289322239	145.64149747385187
0.9058673768057113	0.07192374540604367	145.72926570314925
1.178723234657115	0.05089931068562542	145.2305212046966
2.1522539306135147	0.07533685144383336	146.19549491483
2.2174085671099735	0.05940314855434868	145.8493606439508
1.3634924498098093	0.06608343124291371	145.15505347402012
1.4559698516336634	0.06434900916281328	145.31431890381083
0.48458310602447924	0.07559916947033624	145.39295525332574
0.6855562503736303	0.07179387981701636	144.510636968611
0.7648893987978622	0.06978103170303931	0.026283950335661322	145.08816901835607	69.96860299579434
1.145565914769757	0.07903252162489456	144.14630859006292
0.8592462048819951	0.06660823386790679	145.35437078085903
0.5145383661509223	0.06854929589220102	145.34001250386586
1.088206025737338	0.07965796674582352	144.36273593994184
1.3044196885892816	0.06403463719706591	145.0819815691478
0.6718507529905884	0.049956351740987476	144.2680415294681
1.9636153134741974	0.07719952548115679	144.90235281890565
1.9856069465522066	0.07819897393867217	145.33742878455357
0.7243465294373121	0.08877189831391027	144.4052352706598
0.750152254682372	0.07253785937898166	144.0852138655355
0.6247184224624501	0.08289862343974626	144.65956390499045
1.1278074811394192	0.07787957522547576	145.39956119669804
0.4818285608269236	0.08570571003464178	145.02446018827885
0.762624116643183	0.08706261678437292	143.85176780607264
0.1671716565489712	0.06716413701310617	137.93250853283882
0.08555644263093869
0.545409150927146	0.0677725915007523	144.9139882209769
0.8394045596639002	0.06219589090955921	145.452110604401
1.4220122863560747	0.07441062359900061	146.11557935710442
1.1671069012456041	0.06837494997826714	146.01814170764675
0.7971599224843903	0.07906339715427294	143.5396062587154
0.09374122863867985
0.0690553006275096
0.187662091638428	0.07820412788418617	0.06951441764165013	144.29417884607	70.37141148451516
0.4199312723360907	0.06848644930300518	144.38177355231167
0.6436913013819184	0.09174089315451454	144.2458049800926
0.9855598664337135	0.08387062181695337	144.86773584997826
0.08380758261910488
0.782589623942101	0.0696583711303191	144.46493011947993
0.9200740185771995	0.07636900359554995	143.49309974570377
0.3046695303282436	0.07271033493518003	139.67858924019458
0.20332808723694998	0.0736959429757163	139.1548055888895
0.09064369526698406
0.07784210324775627
0.06695182527140552
0.21668269071282362	0.08510104618899497	140.17231596286777
0.06864174349003128
0.07093749352862114
0.30601953361812056	0.06277824513736646	140.66401844702696
0.29225732313897024	0.07409886301509339	145.86037577428831
0.6111818576747271	0.09064318579440155	144.55011477836626
0.392366878378583	0.07836435877295646	142.79491146750306
1.0059125001471532	0.07396722286067824	143.47615398934536
0.8643545247306744	0.0825560168464111	143.89358239074667
0.6305735177392474	0.06050603277122694	144.01025378755554
0.6978851629572601	0.06758358038308816	144.71178515343374
0.9671597520402798	0.07457868953920949	144.9166962002516
1.9699197036457212	0.0696302366335298	145.94643499607818
0.8152380323843673	0.07072258440072379	146.2094575995807
0.3275157280537603	0.07652869711508563	143.632109054766
0.15913529323713085	0.08405883873127572	129.44838464176445
0.08689708684084274
0.2705695352935947	0.07742500879419155	144.06371780254517
0.07711398868905267
0.19518457644155204	0.06818349544643139	141.93813145029006
0.08073641695948527
0.08552752599280476
0.08979321109651901
0.521464439689503	0.07925331572379339	145.52147301048456
0.2019250928235578	0.07133653939356216	143.08757536196887
0.06177360691131889
0.06252902115370292
0.08093285276626182
0.0802542294346576
0.07389951849915417
0.07476984797025886
0.07787146063949293
0.07719915373523298
0.06709565339085018
0.0838134260263718	0.04444507054184823	68.39137901470063
0.22704634398167386	0.061792556841848985	142.85529539517182
0.1768512992193008	0.08879226692542183	141.90686609101525
0.07967196225949882
0.07792166141795359
0.08601374238115168
0.07599574653919844
0.07504952196984926
0.06196004279219505
0.08073693240539778
0.08830524555698423
0.0836069758529768
0.0779870464572885
0.08998851040886106
0.07296473389405017
0.08469584128014696
0.06933250955897977
0.10519243919135754
0.06956123550131979
0.0855856821653472
0.0696591054694755
0.08205648150314998
0.0830818526087387
0.07255652386460643
0.10323031557586124
0.08617417225608548
0.086020741743172
0.07010508085053309
0.08023872808942398
0.08228078400380102
0.08411426394560033
0.07602796595274061
0.07386104942761657
0.08748059897489899
0.07974472400671852
0.06953668179291674	0.07768522966216097	105.71862819451991
0.0705917816453893
0.07140139328665314
0.06807256281792332
0.07466672855576698
0.07939613924089126
0.07425841613260355
0.06915064686700165
0.08080233435230788
0.06442107781923417
0.08002724206468928
0.07000851615942748
0.06926590312700416
0.0782633378269748
0.07601958257951967
0.07877510656508926
0.06388162583066306
0.07960356851360342
0.08323639224162524
0.06682713899956738
0.0573773444588893
0.0722255272028923
0.08200169830723003
0.06753500578945246
0.09572817851890393
0.08983582478462122
0.0906623642909947
0.08571516833105189
0.06698253754228897
0.07438851242754625
0.07801432391769339
0.07096446163984199
0.0747313071368545
0.08544373856609681
0.08420241180046824
0.0681820884976305
0.07956936752057947
0.07435632923188441
0.06742089549130882
0.0790858210413644
0.06879527090132789
0.08306530920177418
0.08185393486424086
0.08945641551899089
0.0971233651028446
0.10283421342328375	0.08280901373525046	121.45831973433444
0.08066874285072019
0.09034417306528518
0.09345713786063281
0.07739796742639578
0.07511478760549734
0.0859935591337833
0.07974901999719941
0.07235230591289336
0.0932401001655092
0.09109966675019178
0.07585685058093831
0.05681548056930282	0.08061838364079245	143.58947526656723
0.05889083626134961
0.05872726002552027
0.08023277644905996
0.06701560373247417
0.11950599882160182	0.05645629725956646	119.59909238647174
0.058629769365326816
0.08070032133049528
0.09779004026242522	0.06916179821153572	119.91293017094885
0.0910437472089641
0.07765839644586552
0.07385951051376587
0.27234524248394276	0.06514693720859467	143.5368033926012
0.21874208107535456	0.06747594431008164	145.2665759194002
0.078572936923119
0.2399013099185284	0.06829786954441827	141.25504743917622
0.07844727756207288
0.06769924795338833
0.10932129001774141	0.06636464559147923	140.79469347951346
0.5229421755641618	0.06697335078757663	143.88745258219495
0.06955450668529525
1.2502378572881148	0.07035342031909324	145.3773700256941
0.9878621223581886	0.07749487905944766	145.07747739310568
2.644385575223033	0.07403875599279168	145.0738286978273
1.5174160376187462	0.07483267880053829	144.97446201217952
1.9606147369971043	0.06642272171051344	144.99017620500774
0.6233374488055679	0.06833476494169133	145.8680650520976
0.36502677018033886	0.07194609542668157	142.5003042001573
0.5200271314424668	0.07117923567400394	144.0325109948233
1.894481022487929	0.07423317709583216	145.4329054712247
1.7121114048664867	0.06894384583349764	146.24253727660923
1.4723414453321868	0.07127706134409756	145.66629616885606
1.3318919080467786	0.07870404799368987	145.19708343885927
1.7520672068668601	0.07533989516168062	145.47316941206455
1.538894491876035	0.07420100108435107	145.9700866803346
0.9801905030293345	0.06730479590117551	145.494835264382
0.1996761590749289	0.08033175804428846	139.22440055767484
1.0053331054826384	0.07590817312506536	145.74461115061368
0.4761987724898134	0.07096158408084027	144.57891345284725
0.849486958694836	0.08369053797332002	143.5353960856773
0.975094876411103	0.062299898104981016	145.98289611122476
0.6697161202316932	0.0606071798333018	145.19172816870739
0.5585902546141486	0.07396538622884295	144.70525165135604
1.1449301189158438	0.06941044351047411	146.14831852633841
1.3718106386395668	0.07566971396933794	146.12890689458513
1.0823728574373057	0.07502602463863998	144.9990352252007
1.6550447231824033	0.06959025782199872	145.99528377987298
2.315717174714519	0.048432936969236826	145.94540593250088
2.021251781326774	0.06813861762285008	146.230498883481
1.5207105077818253	0.07870074557057362	145.73054626718266
3.3995602245040817	0.07999205424434111	146.24492374937577
1.8917594877812005	0.07092871736183211	145.89770999067412
3.0080920969621125	0.0810301293532125	145.89131714721856
1.1728108031393085	0.07282275331082189	146.24737094729204
1.0981353662168682	0.063513435393772	146.0391541117679
1.5394806994474555	0.07274457543670128	146.02216329988318
1.6298702216970622	0.08940833086455763	146.02687728470866
1.9932609970457673	0.07794227107713615	146.00067318305312
1.390422893922988	0.08859810450217662	145.06878783666068
0.6612944720263517	0.07181084482403155	144.3305440872487
0.6898307130324157	0.08868544091963357	144.74702895619228
0.47946521771240536	0.08592619869119021	144.74523254141843
0.44795279817271805	0.07074033570578867	139.76405624900949
0.9790491099352411	0.07522317307754355	144.15135552384098
0.3152329238235275	0.06415218685294885	145.13169152324505
0.17796068921442562	0.07943349877021397	136.46891606420985
0.0723877494428341
0.3134612451351202	0.06410770610589488	144.5968014210995
0.9814031737879898	0.08027347840560115	144.6289924573006
1.5163749108769295	0.1408027244099973	0.07528497497693162	145.11960296066343	143.2212519288739
1.190301678536027	0.06793233930376183	144.46244698257877
2.3168138767933737	0.07234109831726271	145.12069682880036
1.0429902177449228	0.06711017568538039	144.87775202104734
0.9505675690313233	0.06779611962110092	144.56257328154925
1.4419286362816053	0.06437676144611573	144.21094078516623
0.9366471319117251	0.05883222095220202	143.9945445987654
2.103001419914101	0.07852339803541179	144.10896808760293
0.4291381439745481	0.07118929211714177	142.46251915740132
0.4793599893704419	0.08159394054974792	143.97158018381393
1.0948744503541703	0.08252774469582617	144.04681934628374
0.4696509878397091	0.08777735460742465	143.18280036028537
0.09566080994229813
0.47024975842627836	0.08023625069902417	144.30706573795715
0.36192665212098835	0.0816100695720667	142.64551785180737
0.46026275874284334	0.07916224384060373	143.2666593202006
0.7291066611782374	0.07757982092287537	144.9337041557738
0.8744944182753238	0.05431457221074963	144.74574291043234
0.6664760214734057	0.07208601796775121	144.3287192276388
0.6901589424546665	0.06059750438404798	144.25064664251107
0.8361596487824423	0.07324088306802898	144.443759528912
1.1683433173166777	0.057619491457880104	146.17098417159986
0.9879544653756227	0.07506688578483173	145.3448492690133
0.9474118360879813	0.0653415188285255	144.54089567554703
0.5192748674767206	0.06716266259738608	145.32156653590695
0.509774977725366	0.07722976297683146	145.6749482532201
0.7648866053864087	0.082944710606764	146.2173366673048
1.3939790283036484	0.07615096803887662	145.62363016967115
0.8731602530233716	0.074483471885095	146.11137416286752
1.0529639392458303	0.0961950744996053	144.8376532644321
0.9538890693837941	0.06894988734772682	144.45951072261366
0.06992312159988315	0.03227153660339278	69.38708307090887
0.07321589185782108
0.3081314504096279	0.0615352615522989	139.47852280542253
0.06742064993969912
0.40322073009636383	0.0640198319694181	139.98302533103595
0.37220744166612507	0.07183835762386874	139.6982926894897
0.07600551946464035
0.25815227078793007	0.06033550192840489	146.04952191236595
0.07617969907578208
0.08050906375901616
0.08982486301415447
0.0868983139067582
0.0901109251789191
0.08502528975326555
0.23689818355801925	0.083910550824688	143.39119271594825
0.07278908051437927
0.27966425786584065	0.08279920008860024	144.01109842518986
0.35936412026412673	0.07958842167600831	143.2404974085535
0.7468928638819293	0.07771931588836505	143.86614706166887
0.7651076585787054	0.08908515589103227	145.41543053316946
0.7059658436720122	0.08145374967474138	143.91227688846115
0.4251767941757998	0.09168925362331912	144.41152607479395
0.5138261627747832	0.07882969137576869	144.85897607395233
0.7553094555349096	0.09713973031600756	145.79640290364503
0.9062514486899295	0.06912554611109577	145.9017223807475
0.9327469960946312	0.07243259254659981	145.42885874685558
0.07507347309486545
0.49720918157883565	0.07653295693522208	145.92188436955757
1.9719311002017288	0.07946968361789329	146.089228177025
1.680219025702599	0.07758606532490316	0.06287794869045854	145.51104541755439	112.79699578990413
2.337878541279191	0.06583065256298797	146.13995459310914
1.9114744817381195	0.06287370534035472	146.0760849050019
0.8924633475764085	0.08380231013795446	145.7256582739465
1.1398880197292283	0.08001206193305978	146.14466484778794
2.0505808964854033	0.060550139542367896	145.59939223444542
0.9056270957661248	0.08325680376774137	146.21936474901668
0.7148110215441847	0.06385432014308126	144.75164884520282
0.3244459258239259	0.058947533175296565	144.50341827846682
0.345710526313079	0.06865139581699334	144.91362005185232
0.4254187719107549	0.07418368879793885	144.22106644455297
0.10413974552658384
0.15086527131554306	0.07104855395185233	140.48394847111328
0.252418468903831	0.06199601589613377	0.10525665924669893	143.18006437457825	62.36092567558724
0.10943904298178742	0.05983814387301542	127.17758561554375
0.06904599231956653
0.08369090325512853
0.08831852189280531
0.07754768684273605
0.13471869703535302	0.07682305202644923	139.9009853661845
0.2713605891565839	0.06506215958910616	145.30391371903582
0.07450261514576899
0.19717026929070613	0.0815101241259042	139.90041025294406
0.06176851130650589
0.07323811489370191
0.06290758294512704
0.07784196939281907
0.0870031732473339
0.09958864091767539
0.08079515327957221
0.08122255686650849
0.20493981618613763	0.06396548450695815	136.72840577939732
0.07344221877740952
0.0928231759462513
0.1933691955045864	0.08173975844755557	137.8250878429178
0.8032103515296878	0.07504664904330403	145.65134646015287
0.9426621040766838	0.16798094706740194	0.07629714228522705	146.22397579288926	118.74105845922398
0.4172549245219083	0.0739236802994535	141.6262311053978
0.7599933096272126	0.07984358703567992	145.542227725087
0.5559049162594765	0.07238745257579765	143.90017861965694
1.2811589593186343	0.0704336068538686	145.06695886117456
1.6416945032281909	0.07143403691377861	144.84519835052228
1.6144227411324086	0.059181939730583354	144.9417435752055
1.1282522099526864	0.06898680828439174	144.44252979160024
0.7851277057147505	0.07039100419614902	144.8674427750106
0.9039337022173249	0.061203621122288485	145.54436938908452
0.36108951240030623	0.07253520025477968	145.4306092123938
0.8103873077278572	0.07058039971098382	143.83957157888258
0.8538356193672754	0.07124944106553957	145.02553687329296
0.7359223196333518	0.05995394018441523	144.90457933498442
0.8173007477286806	0.09087484860768259	146.13870708134607
1.1928622881249749	0.06428055343545411	145.9022412610225
1.1106290631507363	0.058591768240380857	146.24157512913993
1.0041515551758355	0.06910879057456716	146.04938987069278
1.1487216403757277	0.08591058729256758	144.89007584509585
0.7341563825182356	0.09030452559140002	144.39622310870902
1.452470240079159	0.0757345260447308	0.07291468326145945	145.38991881015394	122.8659586459494
0.5693350491979348	0.07976969502766919	145.9752770174918
0.9694698111969616	0.0687571394479653	145.96542988700665
1.0534531790738442	0.08272093692868557	145.3070862200521
0.9444802892587286	0.07327145552561348	145.0397536313828
3.6447307201820114	0.07034350622470892	145.4633076383891
3.3897544713029513	0.07348382073525976	145.85242361069004
1.7176508846522052	0.07600911458835381	144.7500213299318
0.5313994617516882	0.06821207128690773	144.2547820804131
0.7767723876373146	0.06890459947887044	143.76368236195654
1.611611601514478	0.07417209961463006	146.17218512486713
1.5286767829152204	0.05694278849371386	146.16557502901014
1.9074936876572053	0.07002510798129928	145.63618280778374
0.8536797404572439	0.10239825996996968	145.99615810612914
1.3173681756439026	0.07377023569780482	145.07187926689363
1.1535363055494752	0.6509640209476302	0.07591994828193163	145.88499127291985	144.77774799527754
0.7369282709283917	0.07633628672740649	144.91079414030327
0.41810188496071427	0.057232481664297674	143.3410983467839
1.8532819895128423	0.074548107684005	144.94123495221746
0.6468705782688201	0.05895885046693815	144.54739534943246
