0.1270922832904238
0.9111218203576196	0.1586247213703366	126.51485780951157
0.10689427996405802	0.2830715662605242	77.53155372175526
0.12463090483250686
0.16010972774033652	0.5887069699865518	69.63844405315685
0.0763268385592153	0.3235578770949537	76.20560057708806
0.13326025007485517	0.40926305493592063	71.51889348781503
0.22343519125851974	0.16514951599197494	0.05131251308349939	0.2611632417976322	107.02027125573969	82.99781061649635	77.69657601462315
0.16731167279701906	0.536293599778308	73.9659234918176
0.14976293542002986
0.1396635280188167	0.36809883998978704	76.60735530628676
0.1912522802574207
0.1687217005460855	0.28141312724303025	77.41766777496461
0.15473126958947545	0.15241485639256128	118.79898425522354
0.165618551627882
0.20172607253809038
0.12446304978452075	0.35800208237022046	80.93499870526593
0.1545909876515323	0.4179310874968184	73.86617808316967
0.22041288952221422
0.20173276535059262
0.20068240623200043
0.0991107290227036	0.32122190616087015	76.98424228667868
0.0992289464184502	0.4862790153188624	76.5983648559623
0.07798399617907902	0.34907180384873787	75.91936651785525
0.16753842970803895
0.17904303862315857
0.08979453817020304	0.4105704018699999	75.97696562790256
0.07749012533978455	0.26085577597101944	2.3261055784969504	76.97838460412858	68.03836526982384
0.11253078631138193	0.22252816380592533	76.82143915834601
0.11451056710645145	0.3785096670503259	77.0781372210324
0.14030680214089467	0.33675594626277455	76.77938637577714
0.2147754255541089
0.12510496722569273	0.34975329463999466	77.84820781286989
0.10614698095880308	0.23353208825164365	0.7013246637606729	76.355352401975	68.81517236632469
0.06926292070314101	0.34596057134164165	77.0077450346687
0.14698334279717198	0.410684435590725	76.90861938059092
0.18547617002973985
0.14508124408268264	0.463492059507692	76.6565879177389
0.09132679545723016	0.3413690711944242	76.49340165595756
0.1616537897875847	0.583580767936512	72.79518339543999
0.09460005554173724	0.3175822484231743	76.18024944568971
0.22256006504512307
0.12342992324936278	0.39742422636738683	76.76809570141299
0.27243726418662007	0.11418191754856814	0.45412649947707256	105.59424758344186	76.15842172015385
0.08499762955948922	0.28999222269542396	77.56322665462066
0.2084242141814471
0.15044569720744785	0.6445951349510426	71.20399949746721
0.12661749700658606	1.834931644242098	67.6079827908906
0.1316982194940284	0.33216063481345903	2.1589042690247844	73.95527815923145	67.96760737483412
0.3464969358136903	0.18200731279365023	1.3109018492254298	98.88176293243791	68.25045579207136
0.17153732070966038	0.29444095995398123	76.98221814045834
0.20255808362481745
0.16856408428147682	0.5494237297065279	71.30732315397971
0.1244511559038154	0.24312067073612612	75.95765299109821
0.17784888211837344
0.1789501362096937
0.19185090516626044
0.12296317018347908	0.274890909626538	0.4700497125384573	80.56450682679375	73.22317574053085
0.11012844813429931	0.2518370778842294	78.70458921890835
0.14648956295137547	0.22192896533471876	94.50623163448239
0.10365975484682974	0.35285197278025876	76.49170652572573
0.11946072748772378	0.2847451846977507	76.35563580162531
0.14528876627629422	0.22785356931202363	76.19379572844738
0.11689040077017986	0.3108561617153257	77.350989665869
0.16341906491146116
0.16594967171112
0.18582839534296405
0.9811693257933258	0.18500540996239576	126.53722220133497
0.1674319815196542	0.2764476052214474	76.82076488029914
0.12183571241472797	0.4067495576496431	76.52300323879
0.1441687102049867	0.5481384476527027	76.76655059236998
0.16701101491779427	0.30963819167262907	76.92525277491386
0.091757956949225	0.3548416355262768	76.67756656846508
0.09931736919588195	0.43697490873598577	77.29770142106184
0.1389139036410119	0.29065798358619405	77.74245531407996
0.17536578349056944
0.24270248497469288	0.16911358951126057	89.36854470594227
0.11862017002709399	0.27935511493724113	76.16863759109454
0.16035328673909835	0.2991393410500223	77.16743281829967
0.15736898396843366
0.17456491449012
0.15436069952869044	0.6092052585157893	72.90688399365287
0.2449362368889643
0.16988610284493974	0.3742807597627741	72.64891165861982
0.19201433396632356
0.2306780967961508	1.1824421638859386	68.26603320309165
0.15240606485698888	0.6701139674455033	68.21961811615633
0.19221541038628606	0.15164104140027204	0.16674239237721244	85.21267487576074	78.91188704487614
0.15141898334243145	0.09175690535934458	0.35722492756310764	0.3258401785298656	94.98740746355999	75.86426016828506	72.91668511326311
0.0826884126063684	0.35194830079293576	77.25247900774056
0.21806936610832953
0.11341059017760138	0.2897412398627896	83.09931620278662
0.1909450812783873
0.15105219905555878	0.33747436687605575	74.22212134441462
0.1392103134612544	0.23536017940973356	0.7773662855059965	71.82576954022394	69.18091972353496
0.1107099622107336	0.4172829329087609	76.47523043628824
0.10226226975125989	0.37356262461813333	76.7776612721942
0.1717177618518527
0.06492882483008636	0.5303693949144082	76.57104311145874
0.10008001034081634	0.2233181459594688	0.3310276450548442	90.82908242094024	77.24303808490174
0.14271654042610157	0.36213763033768054	76.97854933990934
0.19317292766360927
0.258659812773945
0.1615482248441768	0.39630586736783435	75.3277652376115
0.0955263869379173	0.26856023151075636	77.24344375936539
0.12427205314260197	0.4158734593370589	75.9143374521171
0.12907083416140525	0.2450624079545099	86.47222231056422
0.17196053056621075	0.30307710770334545	71.96347223551398
0.18135677312927506
0.24430383358538302
0.06857064107256135	0.3542163264044841	77.17501000991336
0.1327116652217612	1.747904138856921	67.99169484360061
0.16631467478911904	0.12991003026985506	0.46879130260628077	119.8392854936847	75.90376647520858
0.13569089150169705
0.15806485296150766	0.48803378726256513	69.43242291679091
0.12261225015257154	0.43775637621862873	73.28910217952787
0.1693689801954932
0.2586669251274938
0.14105206012396587
0.12982409927382885	0.37458640504644686	76.67163837491495
0.118612633093469	0.29334389319798093	76.87068342256902
0.14866466105280934	0.6831688625278927	73.03880390995838
0.16434872040153314
0.1692196129051198
0.21326817641597398
0.19804427198027047
0.2607180857707027
0.10103668025067021	0.7352301005338281	72.38626409431157
0.10522720315617903	0.43352357359456856	76.64499727045782
1.434465188310225	0.13361460884336082	0.21118374381914545	1.8614521201570078	125.58455520719862	78.87854943362555	67.4925638284589
0.11918683748163326	0.36056143987751227	2.5879551731426047	76.32209986445228	67.26371197627158
0.12660152341497047	0.3046027964766423	77.09192554225726
0.10302536469605258	0.3876992793666408	76.12590084311734
0.11832496334441735	0.29933799614641343	76.27377108423634
0.11661816633168703	0.4793292152672144	73.42113834650202
0.23599390225074973
0.15203919071686217
0.19413137519070178
0.11292845667563965	0.30752681129748	77.2380346492493
0.2445316823208923	0.9155827898819718	73.57851173325771
0.274204511852554
0.09383351662448208	0.21645057124081138	117.73753741237844
0.15203125413600774	0.19723243388612707	85.8329969208362
0.1567383514851253	1.6030165790924276	67.69987116805021
0.13363116916656387
0.2185514867797669
0.16406205878355207	0.13129916793169838	121.3160545394302
0.1303620886041847	0.2916481068530692	76.12794414960256
0.15788833112076284
0.1586535046968981	0.1379387248313272	0.665024140119643	111.50274627865873	73.21710696393784
0.21986439335200852
0.21568177355076246	0.19027068781826736	91.43483753615696
0.2015416505650186
0.1605425334980736
0.1269338678224624	0.25243764906355165	72.36688253503557
0.22449575381871492
0.08061170472885608	0.6638213543824999	0.3385729735479594	76.55676590666799	75.28948217338738
0.2018914332932852
0.1343307797583736	0.5339310193157355	72.76783417596705
0.1153700575403673	0.260156104154603	68.46192438178338
0.17477409940794075
0.1564047546589709	0.23956368610210077	73.2784263387544
0.1350524779719104	0.32867247761559043	72.52873547924555
0.18902456288082176
0.16975203617594858	0.28095759197676073	80.35804389592785
0.10849472014276337	0.22645182648530976	74.0733854441181
0.1680598595825392
0.503881935570805	0.09251787326076273	0.32145388987717094	107.18167293195779	76.89303183761935
0.2075874962669966
0.09516363692665082	0.3782636172505918	77.69016821533485
0.16677272131856535	0.37721403084631794	76.78714332898869
0.15053680489840776	0.656319225760165	76.22092034401088
0.12172644692763737	0.38946222188469704	76.5580538356753
0.17318060498887508
0.0924113300677568	0.6093842323318488	75.9906379674206
0.08674677315568315	0.2133841183328754	78.63847448015377
0.14090285334887914
0.13916836665414653	0.4294505753683173	76.25809278447818
0.1373125785576612	0.504633107601629	76.29501393471604
0.12023932471536394
0.1334224709090565	0.3422310045258146	76.50225824597453
0.17669709178789048
0.16498057296081992
0.24301982308895737
0.23455165885480148
0.12118750468919769	0.15467197119774218	124.81451784466809
0.1908643048831037
0.24036680459795687
0.11229224371067793	0.3945927345320733	76.93909009882277
1.5194409197239582	0.08822944324024017	0.3544424636180476	123.91563223941725	76.70155658470493
0.9592534016629247	0.15433833817834924	125.06621198311282
2.656653184882512	0.195059364067543	124.83193340846702
0.15634621995878267
0.13448716578974027	0.2047501276733324	80.68914028799311
0.19279679768908664	0.1385834791819058	0.3054931455000628	85.16483972882577	79.38850599413072
0.1931101714663223
0.19191738704736633
0.16932899261814618
0.17923898313351205	0.5382113018308881	71.32257489383169
0.23623559307048755	0.5142176618346709	74.31783450194304
0.17824618303120052
0.17011233260661182	0.5525382385407921	71.27522894249597
0.1827353595194445
0.1241947733947257	0.5963254663949762	0.38215845037095003	76.09769905759086	69.6990849930089
0.15610724306103274	0.3324191352871378	80.23661927001618
0.14044661238628295	0.21886624854145742	76.3517695500871
0.11646604630101257	0.2963825849426567	0.2527363560796548	120.7895448632606	107.11099278373463
0.10778720669889338	0.4060716844163052	77.38243305411052
0.23443514844496324
0.1862020130264117	1.2666800892977186	68.17605970467407
0.18944671650529762	0.45245846997099215	74.17939615812489
0.36402313679771964	0.21954132058399942	0.18151703551812304	126.40927017857585	108.08402946700784
0.18152789958163842
0.23176904786405028
0.11337748260024172	0.5290649924736079	76.48898741985872
0.13227032967268573	0.4562044711381311	72.97953335157125
0.2043242951360968
0.11173323847774964	0.4885899825359775	76.88064138565574
0.09732034211604397	0.2705103139536109	77.57269707598704
0.10672793648414523	0.42454643802779063	76.92937311875934
1.2123988832734376	0.17701325392932973	0.3402693508753839	126.3536996554474	76.38336943664568
0.28008842270855716
0.1639215801593063
0.2972727400133166
0.21910506939721555	0.23081721411958953	79.92920549940678
0.18564536409126026
0.17703299328623096	0.24185679421228626	73.77885504454191
0.22551858092544272
0.08942338602426818	0.2909337089324281	80.05937301081586
0.1949036074695511	0.4835815351732967	75.23700684445306
0.1252605298784223	0.25306607046275237	0.7563664502089689	76.28788524940478	67.30961630715663
0.13381491369066054
0.13340483815796852	0.24945074290478564	77.41674705714486
0.08034491993358087	0.3665397467850106	76.44338310697812
0.10971689917366562	0.4409531608322583	76.10879923077653
0.2156937450754306	0.45142357676346295	72.86447855262969
0.11233612431312859	0.42941385440608204	76.23621551461191
0.15267940569786806
0.19066076707925678	0.29219557970205484	70.48472835296397
0.17692069145035993	0.5989632774400471	73.63138305065178
0.10134031711608742	0.24316856592684186	77.43282466866468
0.10911269913242838	0.3686705616461915	76.36187623725516
0.22082176153268152
0.06897862865977918	0.43054843246500757	73.13739377747649
0.1403640960653908
0.11684694674887801
0.11367881422973172	0.27737949748866847	77.35552442784179
0.19137874082486003
0.19192960761790367
0.16764495639559793
0.2142747466553692
0.22740208994487945
0.1871358035632238
0.20091003409383715
0.09295817683589566	0.2532560480711794	77.34687182286518
0.08954647959766435	0.29939369500004126	76.10479183547072
0.07089123116997102	0.27574355675862006	76.89696693584818
0.16762504368199013
0.09646946114653579
0.1024475831564605	0.3739324161455355	72.89017232557005
0.21099115484485986
0.17829388778604538
0.25154627932680895
0.2005719820573957
0.14452092505713876
0.14793394385406541
0.14390238185515705	0.3849112632513882	72.72490916612081
0.47495506329048354	0.0676592974545295	0.4216805394757643	125.22515315249355	76.685262309708
0.14294943414211073	0.16214084061500875	78.89595033721555
0.15441749041780195
0.12679068578217398	0.7374103601168015	71.76777642682744
0.20732230825651116	0.8383758729685757	71.34478220888758
0.21193116657703473
0.3571973617955474	0.23006544915186447	101.75402573550191
0.1930629164432001
0.16262544572144771	0.35201646514694424	76.71770131384784
0.16868993697726406	2.48485807126637	67.77111021120403
0.1610276371208414
0.1261936971189108	0.3184185995359827	76.24065994728262
0.08182862275834746	0.3698842981405555	76.38916273671374
0.052836501413262	0.08197612975891533	0.3583394984580472	116.91947829473155	76.46174887503712
0.09239813591965221	0.3217380932624317	77.00662764308932
0.10777001664656839	0.3585322664099099	76.78348172420647
0.13405058189861624
0.5090917511013112	0.19322530150152611	0.380480003643133	101.49434013361093	76.13707280668464
0.1003155258913386	0.22338354336513153	76.6258495957349
0.22783336585071992	0.09956505372105724	0.20870005869080116	99.54844090759408	73.81029474993889
0.1737249632127941	0.359920303829825	73.46203853607581
0.7970542130971624	0.20789713427000503	123.27978939917912
0.1652618203186498	0.1948562476379321	113.06450923770588
0.10305823208767928	0.40950638215557583	77.2384394484803
0.1520940497939118
0.11899986622419371	0.34947867886330264	74.26361410936326
0.25167707830976765
0.1605318657209776
0.13194319556812273	0.31833674412311	72.63491152280781
0.23087251449055304
0.1537695255811554
0.2691181296683707
0.16741856388819054
0.16121195149314
0.15894305332705772	0.9107543145302627	68.59659500061012
0.1334886675769898	0.2817668305724643	71.09878026792771
0.16928481960844366	0.1166811694276735	0.5948864596621013	122.1808662355427	73.62964170190439
0.13665627581237907	0.42244812897993106	76.70471860910925
0.09432364159952178	0.34702448554228316	76.78792646258202
0.11146492301617857	0.3979127303980579	74.38616661665861
0.09302533639420778	0.7419863987541375	67.8373022277573
0.14669682484953755	0.675524836850025	67.97962096750682
0.14807169601638331
0.18015632996895303
0.24782209931767554
0.2079489060191205	0.17087931042751836	0.3587631382782936	94.85235211207514	74.3682761649841
0.10868283429240509	0.42492149902534304	77.04468652953253
0.12742836373973215	0.21815473250036263	120.15715490847376
0.13560459856758847	0.13465349534060309	0.49826815115359857	92.66484422208502	72.97443263684309
0.1495903205971662	0.3166363092966335	76.43568748779636
0.1790936986562571
0.19796110762926417
0.22092039618583492
0.36253009295782035	0.20026429252770525	123.08307584092921
0.14068566494032633	0.2755325381315727	77.14967202368462
0.18090152859838585
0.32239790495298776	0.15144943735152683	120.18145713107009
0.8238435203260558	0.09226561015462867	0.41979449967249516	125.80995372105306	76.4282162735502
0.11330625253137869	0.3237904063617519	77.77074840491022
0.12432404887457214	0.5665694696522552	76.77427218685145
0.1750928901388399	0.3475467933646053	76.69998213030314
0.21371110348506955	0.18248586296422964	115.3032620618747
0.1209744556107946	0.47800637206768803	76.76855741044173
0.2546693068849333	0.1714686379739147	102.17749173876464
0.24444752916774165
0.11676763957845956	0.4517083964677915	76.85621296785641
0.10504320875348191	0.18990252369333305	76.27735884290001
0.11575019819132319	0.3120158530931253	76.03276534404533
0.0662270887151793	0.4409612992972487	76.61575262354529
0.09064527781338673	0.1201525470305522	0.5023605923368542	83.12086713091149	77.20784848373238
0.15132587853852078
0.17731619661876236
0.08101735239914196	0.42824498328124394	76.26603821258325
0.19061760685572438
0.5672911204468819	0.2836553735814774	117.80640120991224
0.21165097154367596
0.11935336032962718	0.3790936191026633	77.40927853840434
0.10589324389391927	0.2638097840062022	76.99602488957512
0.11020745701594858	0.3722025155832284	76.8849440065541
0.18833702777581107	2.2602034736741214	68.36740101045042
0.2411865711627573	2.190650572238097	67.40926203499687
0.3039410046024466	0.16072927733349757	2.0533514271256754	104.05011963912942	67.48063346297732
0.17071398604265176	0.7298803723523013	71.27442505887981
0.07893980635482814	0.19149962378102578	1.7348167119011602	117.21124894019367	67.75975696442472
0.09807610022944115	0.08047673626688105	0.17600697591710907	95.92065133769877	76.76534116520499
0.2049351863994968
0.08101203748257117	0.3183081609822106	77.52194889051908
0.11788117267628603	0.5258237909474577	76.84013316697643
0.6217606003831883	0.1678554779117081	124.81890383645418
0.19072500628829317	1.1228883653827353	67.88656783712882
0.1841491933838265
0.19699428071301284	0.3254280540271927	71.13004850527216
0.1872454374489111
0.22558872767463864
0.12108140561742844	0.365855010927466	76.3831951009116
0.17056866987100863	0.012646788282508174	0.47472671463389715	81.46250811339955	76.2178306842759
0.2275545440431695	0.1358698382416532	0.0051107366489132056	0.32216653032828013	98.47666658489149	78.53478195979606	76.83482454477989
0.08079884733927141	0.015976461249830074	0.24903694832063164	81.34344489984629	77.14669044249692
0.17610115871597773
0.2530242592181703
0.16794743583960686
0.21257425722497356
0.1582319988934474	0.2796893098144789	77.82468424089038
0.19339718705190506
0.13085724617333944	0.38070900607054764	75.8991319535514
0.10345070081915808	0.3286291984740315	76.34394264668991
0.08216822728538883	0.516214885206465	73.69604438692977
0.22022742977444937	0.8190947908323088	68.54916135806764
0.1486359910206903	0.2569420352968845	77.36216439642745
0.23452672920726764
0.17516820877509962
0.22047486091118904
0.2077596851128651	0.21484351764097318	0.2959969752845915	113.70349649364643	76.6269884458716
0.21152774133432292
0.16622594321626313
0.2478826111978453
0.20902988361206729
0.18540393862064325	0.472281967723489	72.92643573244403
0.4185067251504341	0.24993072992144005	0.1506938424375384	124.26068710260951	99.87441189276556
0.1121883725358959	0.32987311867860486	76.32056230591657
0.22103918248441828
0.33479640102739494	0.21135423472278989	112.64176389664178
0.18243305104576832	0.21849437805072902	0.3833446855832547	101.0199784831921	76.3629345492111
0.18616400679475636	0.2168647608285791	78.9255800804891
0.20644407978475526
0.20960406709592772
0.11319955491415794	0.15962372679637946	0.30277716559772266	116.54516448452532	76.63900606837022
0.08740207777538589	0.6381752256609945	73.27039785526607
0.2234881465771958	0.5217742349175968	73.34298072566563
0.1631744219456554
0.09022384788698991	0.22846590534583708	91.84483628062036
0.12550072303076976	0.3236527464977518	76.49189778110993
0.08712233767880616	0.4273794908876991	76.61577001727748
0.09976420927770882	0.42974052320802403	77.75648678108216
0.24484714707506183
0.1887797188091636
0.16416906836994521
0.15656152449147928
0.1407704467085308	0.3517556598046869	76.03928515151442
0.17545255092436746
0.18493137536877438
0.25924412864921964
0.21972114515932045
0.17329558122170438
0.1846846795040151
0.1157460989810925	0.5602584252437304	74.03483320292972
0.16363069042096506
0.08898567886472955	0.49922524112443906	73.42648755872769
0.1390241254064383	0.5976119851833644	68.0550139135813
0.16633196110910486	1.4162691864688717	68.11904655665103
0.13711166494033558	1.0859439164242917	68.82569660028354
0.10266857334742992	0.45198254961876405	74.45073723888838
0.1448669589582914	0.21967551516451958	123.1999693916949
0.043230881162315646	0.28672392133545654	76.48545275473606
0.18038323459492192
0.18854385172164656
0.031740396832343254	0.08234864771919703	0.3445102987074279	121.43196024144284	76.29721425013533
0.15485586876592272
0.10779839793262735	0.31249578032603337	76.87090588569473
0.16973765660446707
0.1302201962256305	0.3113033617981592	76.03316363378148
0.23107329632398815
0.18922461933641432
0.17205116484935776
0.20888673557814205
0.20214706312580058
0.2836384827448328	0.14508649738701299	0.7229390741462239	124.14820389097932	67.52088285013558
0.09226301055886477	0.3133190204502282	78.28404330928271
0.21805777119997619
0.19661608911660863	0.4324003861762965	76.58047853829001
0.1818148622044249
0.2003717544460957
0.12891663259551106	0.27280845259512515	71.02843107385921
0.19036234141489713
0.18339712359603785	0.07089392791963293	0.4016327804765205	113.75765811167955	76.24913404144779
0.1966452076177695
0.1602375399388736
0.12831076914826217	0.1663071047243344	76.6222157714918
0.18525697064330224	0.4209278899132392	74.049019620063
0.22025408561293197	0.26268838787914917	68.05884589125472
0.26203182666849695	0.22913243398186767	106.67346623812965
0.1780205603127054
0.08976015800770241	0.35304950824018533	76.84252988501643
0.0842062110011307	0.27845671104505126	77.12463950600038
0.062466988169164225	0.5236313705322732	76.46801516175154
0.1333128733723783
0.16647882681517295
0.09918595154626648	0.38193594324369046	77.48318655493556
0.20585473795947687
0.16619790607302942
0.23435791703959033	0.32562956735590237	73.10789110439283
0.14932730565399
0.39484987782734376	0.16095286079661789	119.69754022934245
0.07924951579959068	0.4341473312669658	76.83117884815849
0.13041764707134662	0.47910119054711714	76.71062653225145
0.0972709626691233	0.5622818759500637	0.367720526688646	77.13799828325693	75.08145839817429
0.18018963324905435
0.2382020649860259
0.23628261474005155
0.061327653708040684	0.39436261068862194	76.33925252378295
0.19003795714634017
0.2756539543127511
0.20746666959672438
0.1481030259145646	0.4513980925031733	72.4740723556306
0.23118860977466618
0.1869402813065044	0.47649498242332844	75.04421158353493
0.1975290350049552	0.4000789316018216	67.91156765152215
0.09355813177546972	0.41800973649142487	75.29897969802187
0.15477443618484468
0.14414035169944286	0.5259210268178183	73.14190850486314
0.07528186060803857	0.19033753320844027	126.6429128221468
0.1846418350987046	0.1451788219182393	117.11288576762622
0.2227488717863311	0.2658603676743329	0.7726552760402476	119.0966449431969	68.89373692914234
0.1380978299707326	0.4014769806577813	76.63581576360339
0.16774432915380733	2.567137126107678	68.58435264789918
0.16992615753257959
0.18453313827338283
0.20448892409782687
0.17489101773408056
0.10956600608572525	0.35103463766092496	76.3234413263063
0.12732454625792214
0.06386325507482958	0.4663467327087603	76.52056251885185
0.1440266492046254	0.48273763451370416	73.43376090837894
0.16682037775776387
0.1794912730186666
0.20377853182096708
0.16836295721801098	0.7170792338785469	72.58126064134842
0.1771408117363721
0.1847510072235407	0.27977753575865977	115.63867812318318
0.1354097854258871	0.3926600090789235	73.3523227507505
0.17244773732734278	0.20473134625939554	91.55101490375846
0.18397609266050122
0.21169032942094843
0.18760523611999144
0.16677327771332717	0.21643970190494777	0.4028598522722053	85.37734739498119	70.62342869940984
0.10054330694536005	0.4416862540700532	76.07667062910696
0.13340053241710706	0.4483076218706395	75.24234747293343
0.20188274346228308
0.19828492831393002
0.10663280395055404	0.4092420602612231	76.45339393848042
0.12495294680541909	0.40775096737009925	75.8301171323406
0.2934821248380009	0.14763179599230208	0.2962588591329312	107.75478748254085	70.69904769371811
0.13998018678633506
0.3282021319799759	0.07488692979260533	0.48247670145959803	106.31362952282929	71.28044687274148
0.16643682783721933	0.7971893987559042	70.23758555318238
0.13117846352371987	0.4089567723194533	72.78443216949017
0.1905017580303662	0.4231287673985606	1.1961129221275457	77.1637673117669	67.93850780359786
0.1700501021282984	0.9170474747598897	68.21166183620782
0.23682653034310058
0.2117747354397244
0.15045163253739738
0.1369686549357601	0.34676018180245194	76.30778883987281
0.30017074336979865
0.16353121026129622
0.18015667966861812
0.24402963608093703	0.17924587914651374	109.83019202061018
0.1712335076409752	0.317798868736445	76.35824459210843
0.2071613699721678
0.209450755813303	0.22430789605829737	0.2525973204401555	125.47943362008074	106.37803478216021
0.1811433584656129
0.1767684524736423
0.24403942804692116
0.09250578092995002	0.2852311105129765	76.09809503012796
1.0519593618891887	0.17177527252378746	125.52759426666132
0.2745891998388419
0.16026192684116516
0.15290303146082346	0.4105226876523349	73.0612947231239
0.10683838722849881	0.4620396990086802	76.32827680943308
0.17040682271608926	0.35932685358290917	77.6597833632059
0.16397276783632722	0.12027929750570741	100.10038317807809
0.12531971328453223	0.07195652995168406	0.311116494062293	83.19609167980427	76.71415911161927
0.2058557443037022
0.13873817055053864	0.338908596114101	78.29771667373824
0.10087129806404296	0.4824339261582312	75.84683014553815
0.15091552902676403	0.09950326331327128	0.5948651320887779	93.75415129055055	76.10382171241368
0.12922152289786354	0.5905435809227038	75.74999580114265
0.13416648516138552	0.4246854274826627	73.10910003782497
0.08829806055027457	0.33146823074596926	76.9860501873289
0.19167698209839729
0.22710330057586148
0.11972271760304952	0.27977706149914544	74.48298691848812
0.10666361037333777	0.41292780300264814	76.56850539977405
0.0747440706451046	0.18564028759113574	113.53111275408554
0.17642998706609275
0.19312129237824216
0.16962317194618085
0.20653561888280897
0.17676653441745593	1.1049781454027061	67.40418136110807
0.1407063705562148	0.4047353166130996	69.234026794257
0.14058141173454775
0.2704047688617138	1.8155215176461408	0.19997630076395234	114.86571740437597	110.25082548814967
0.1567519292459378	1.189203815094793	0.0875501737987122	0.36848225350214364	114.70846678882371	109.15234002403797	76.6877002081233
0.3137236724921403	2.987247454031591	0.0951215608568065	0.2727317870643307	113.84634303816492	107.04779689983961	76.72826463792302
0.3887877914054118	5.327957968124402	0.11520761056617404	0.4345005559927826	113.4024593077626	109.59207392895486	77.0612657592489
0.291977653725053	0.20723467634066065	119.00656680190562
0.13016646082010472	0.10939104265737733	0.38841345502631264	105.89998068275217	73.5755572906394
0.1815352512266093	0.3230970956089738	72.7932150842674
0.12221257341418586
0.22273265430433378
0.19703786495190595
0.16806625285468746
0.1794890278007745
0.1178118374452789	0.3500278749322653	77.15521704454294
0.18649485100213667
0.2834262523756886	0.2473809117775477	112.66529210561394
0.9582186642777737	0.11883558669691784	0.43591205689864904	126.52022588750748	73.25700282436122
0.2011017090996067
0.4053911454808316	0.09465490519226748	0.42240429549555897	106.80764580619335	76.21394382638009
0.12169826471385425	0.9100939393205858	0.09949611648827698	0.3286253470346664	113.5574511891636	111.29057058291075	77.33140918220646
0.05570293266706546	2.112966511528216	0.034914796444581564	0.3128132273970414	109.54707187682435	108.32763268702517	77.15193067858033
0.08932813886961258	0.09423397955941382	0.3582490074145528	93.2702455486093	76.99778075540745
0.1109959123146338	0.25562588176862516	76.89879137368206
0.1546349644346011	0.4036182951683606	75.07268704712693
0.09060261721142802	0.40792679027342293	75.93303656589265
0.1125400893508626	0.33753420379487437	76.98859953183072
0.10910074426088798	0.6719256760059452	73.2090413297688
0.1505508745061685	0.4653836061502114	74.55190899669883
0.27220974816481414	0.12481223783136083	0.2751284897796998	126.83853834398971	76.28105283038116
0.19082714874715778	0.08416437983634563	0.23569001263972042	108.34797145033649	77.26851723104964
0.1179077113994865	0.4531434961061977	75.5768079639504
0.1427334666011291	0.39068001022174803	73.24588874278588
0.22246607265625554	0.5223939251135732	72.09752406740239
0.20962072994734152	0.37612591183867705	71.28984717701991
0.14918524705579694	0.26313587594155813	1.2941514086192425	78.09162709687565	68.27470063588108
0.06524759187066931	0.2860573362944539	87.25550563806199
0.12859024623512258	0.40631706160891057	76.56454026859582
0.1912363125404983
0.24304079096810952
0.20568504978884403
0.1581064584792307
0.23918030714886857	0.13296950912179858	0.546892752186908	93.96973266975348	76.76222397963072
0.09762269553274577	0.3643334563900213	76.70369151895491
0.13876308878610655	0.6682378066905192	72.42259659495859
0.17900516686436987
0.5230031865812801	0.15971914025039222	124.73874875216833
0.08039071245741787	0.4958216319539058	76.0833679000677
0.15825993675147207	0.40841109738458786	76.392018840966
0.09668050871061547	0.5395529021868599	77.02088539982637
0.07542750197850075	0.48958288227595065	76.35502484081812
0.14981995771844006	0.26582190826613794	77.62184603618293
0.11412779276063544	0.2630878392445398	76.31548310502032
0.033050108275109784	0.1683186699023388	0.33427464315981464	91.48489193021283	76.18760997633974
0.2579712101583056	0.040732225839689364	0.2742630184865986	101.52009643632394	76.73499358649832
0.17230654038789642
0.1428568793802695	3.899540476910426	67.23719128584786
0.11487157937346713	2.2123509008742768	67.94671505073357
0.5005357726043748	0.17595410421972674	122.74384033511436
0.28078235376633026
0.13810522335014833	0.22275724943252487	86.22322483304067
0.40167989402885645	0.07253779540025207	0.5828513706702575	116.49663032535426	76.88352545618937
0.1140950744809844	0.26305937882686964	1.7349103260539098	76.7116543782199	68.53505108157931
0.21072579223368418
0.11409969512825693	0.5298305522035811	72.91846329891621
0.11256298342922938	0.4611721420035251	76.26044398539457
0.1837999900668575	0.4180786219999578	73.34624792157649
0.2685756133479432
0.19013335978047644	0.20122394312601363	0.9769380380608497	76.10003291006987	68.05703426818484
0.11053728198810463	0.3455188279507492	1.527233787424049	77.16560758565637	67.79763116125989
0.23552702914148038
0.08284681631442846	0.13084694610269865	108.1903753142077
0.20984015625014402
0.18911542781938856	0.3718580682537899	75.87859636479325
0.09935048320610232	0.6842175892053297	73.7395357748842
0.09367510850575636	0.508821642225935	76.18427862151118
0.23095790822529225
0.23733452625859827
0.15329593990611415
0.14093708313143372	1.1721661317733312	69.23034538062045
0.16828307604085227	1.2539208990465558	67.69073109591876
0.16735984079540075	1.7819471485274345	68.77474201348643
0.1840800519561477	2.643278511857713	68.22913638085987
0.15934114017938641	1.8594016092150025	68.59547254035077
0.19170419132400374	1.1833527262584274	68.26910314850923
0.19153968457657253
0.19217649833543413
0.14128035499333874
0.14936454662944845
0.17056991776524877
0.16665739062210297
0.16614779022441165
0.22755468688417696
0.15880596330714927
0.3202708018130728	0.25771867012914756	120.83222774698393
0.16373862728490787
0.15761211942267214
0.21015550337700223	0.17066561446042122	89.02311459475025
0.14387026187605878	2.426885882832328	68.30217398286719
0.17175210772897137	0.8788632548513965	67.90018126220355
0.237839819592357
0.1227871928745184
0.11353100972275268	0.4378438542654565	76.58413278982567
0.0939945226515832	0.3080819989662775	77.267403158249
0.07667477836056075	0.30682818475015927	76.64090421029765
0.11676829414184421	0.3829675590173719	76.59714184621892
0.12415901794262146
0.0834144059553518	0.251997345191673	0.7622757640820488	74.87458763915052	68.07606808918955
0.09757908603810134	0.3322950698779296	1.8988328374374148	76.449580853311	68.33743667235771
0.16083693881252173	0.25535432967787325	84.55687648750752
0.12821848598726773	0.3563862147079449	76.30881138310937
0.11450979397231041	0.47186143113467066	76.10854759640283
0.16699162209997254
0.15258997860794613
0.14162587331879753	0.4416295630167087	76.51659999044584
0.15796276831284448	0.7497680367306404	67.71243505222085
0.19028896770450077
0.09694488638452155	0.062481194825180955	0.4830625722955357	106.21425035872649	77.11145558149248
0.13736721009637012	0.46122274029095217	76.09257359941827
0.24352097823021712
0.25625433303136697	0.04214060649822704	0.3898418556892552	80.3460311281456	76.21501708190199
0.12468686183575774	0.308316623534848	76.4633425150769
0.15310300795428602	0.2932709956652367	77.29355665393454
0.09063970836176458	0.2824087954942094	76.25083817377381
0.07245381253290957	0.6666528767875389	76.96639334064179
0.09502139636698795	0.3950222561453688	77.2175736982841
0.15497652947801852
0.15615657248873474
0.1595037540016705	1.8343137342310856	68.22556132377795
0.13344879954915426	0.6694250177589967	68.3176314476834
0.17073802771798208	1.4230129727509886	68.08709690703225
0.13861758237335622	1.4732746936309515	67.47177563448238
0.16228216461458123	3.3397523780482654	68.1321210892685
0.11514277349170558	3.8745760090359274	67.39969705593282
0.16875263286526807	0.9701408632951803	67.58365061762431
0.20854702685985815	0.22574045930118733	1.8724116806682454	75.36781250641036	68.2200131297669
0.10127346914980957	0.24213320945182124	76.76018744714058
0.17235939530388086
0.16071611781838838	0.3690736478680869	76.05731088253147
0.11231628815447507
0.14890297907108108
0.07377416979591801	0.401454591167423	1.1351798492264036	75.77068956114735	68.31022731062514
0.1840030760592521	0.3894117035148528	73.00133762076263
0.21899389776603387
0.0736392257738183	0.29271956926570214	1.8192670421793238	76.91980428897575	67.61531827032192
0.19583707100605288	1.2983491523850426	68.08721761644634
0.28319537809782014	0.16485645720087855	1.1267604309578427	96.1725468773768	68.0299551893932
0.24629110939243296	0.0979053858388558	0.08593638021010205	0.23754221558044702	1.2431809778233847	123.6467616110953	110.76678047654677	88.03814927705403	68.20310636278691
0.39308340403914643	0.1273692041625572	0.48955152085838144	124.70353274727701	72.6225331284446
0.13766103948623706
0.08318226322644488	0.3316645491413397	2.3901934192238246	77.99734271375786	67.99848375677446
0.13688104145259175	0.3593855775170365	77.22737033666453
0.08704385836604035	0.346311227609079	76.47191741675391
0.09685029644485217	0.477124436150278	76.26498112335986
0.16385080840623192	1.1375564652044727	67.62782475285296
0.17978601786119366	0.38947091866101485	78.62093046099392
0.1868241778394885
0.21770887325806784
0.1473305686476613
0.1637760552479026
0.13913689345337876	0.25421299687453525	0.6192894815705815	122.6531796903543	69.39314497089929
0.30347556221247446
0.15979605198368635	0.24093577264660487	0.8138222614913017	73.21962839490237	68.15452900583828
0.2597291374585494
0.16494629637751115	0.20562758738259884	70.11998531363692
0.19723382637483508
0.14206172104519965	0.8542417620102672	69.99229967325083
0.1999205513127776
0.15716920234011567	0.24453526758460523	72.26555103176099
0.1726004693890166	0.35518114149617147	76.88337467476744
0.14256807783763806	0.27234436628397557	76.38666281902333
0.12673775257639253	0.4361836711838251	76.40094716955389
0.14678388087234504	0.14977725912802226	0.49245701676253334	122.67202182606724	76.30305344554765
0.175910552972071	0.15580437511626072	71.71619531993133
0.16497943541804716	0.237137316331782	78.11174910334175
0.14179581780361492	0.4140329135926241	74.08015469906691
0.15334614679345704	0.529964245264328	73.07558011648987
0.2152284145855556
0.08443229478985644	0.5897191642164472	73.4958270602099
0.1254683444606667	0.3980752692448238	76.68761445139279
0.10163464446997529	0.39828569303372313	77.71259714647026
0.12296575859707062	0.22084537771330212	86.24185496304504
0.08572866114355916	0.39398728774860614	75.38498253039053
0.15569321923905477	0.14383230733079924	113.04726367256794
0.11178956904410313	0.2734116514544238	76.88021897858434
0.10388617680029413	0.32478890817779393	76.09713347761878
0.08406895667245592	0.41087636164353925	77.30740987322643
0.12929056539747655	0.15247450191527898	119.80566021976519
0.17971780888743644
0.16193171753013186
0.12902714682274596	0.478240538543851	75.95887031576862
0.2611500130281919
0.12032599981298729	0.34235074777627855	76.08615862639452
0.38365588198154704	0.1005576922283566	0.0917224866570085	0.3582822821404515	102.15702733296747	99.13145289271543	76.23075727111758
0.17821985153316083
0.22322904217443443
0.22450084968329914
0.14686516208006908	0.3096451671238142	0.32900660797898734	82.68422685979466	75.64774402404502
0.24393772113891962
0.20645364770764446
0.12986231363817108	0.2464357800528633	76.5860413554366
0.13103080697294453	0.2537025096057537	76.3862041596063
0.12908885089572006	0.541211980456127	77.08109182438267
0.18745612945745488
0.17185343100745476	0.07503137357742734	0.4192102462159719	92.88089503244376	76.94594285618533
0.22294289900402722
0.13749235820953806	0.3048667508462402	73.89965827558589
0.1896297054288583	0.4599244710742494	73.46540520109035
0.05854542748891194	0.4043984312403028	76.69721086023283
0.20101973507913004
0.19969654619563623	0.08463624720691679	0.3916537466361968	88.96252023886845	76.94453103313865
0.15794672801314105	0.5077267855725333	76.51074583074228
0.1399275678593029
0.25305584405049963	0.16010303067807719	0.42096996378295704	126.48248207489566	68.45088685090205
0.20286507173457613
0.13427939603882877
0.1634599196578347	0.42118339692860346	72.30513146518139
0.5242135767210243	0.20015840193861076	125.7221092133925
0.1674313978171757
0.16801412071579833
0.20379874701867262
0.1656712133518759
0.17460448316188326
0.11995813049023761	0.3371528829744369	77.38743337355416
0.19217483488893444
0.1751805269940607
0.08215798742724685	0.25445891592663356	76.80444641447485
0.1434903137925764	0.32932507352133095	77.2639724026178
0.16320147644949318	1.1744586614276094	67.90176528782968
0.1745172448255695	1.987042535534555	67.36919215965273
0.12321828217724971
0.19664965876406823	0.2555307319884875	75.01171167926617
0.21773798995719948
0.19020194297777662	0.2179904183938718	77.88710507391507
0.1863704709059275
0.19824132999275632
0.09450910824592361	0.3537290264748877	76.8144084441868
0.2612775675868454
0.24762167164732926	0.0816391704513289	0.36915757127934296	96.02227582986758	76.32507009142327
1.1442923712367568	0.145691247780709	0.30425766786425845	126.49882923499992	78.22523099962443
1.4339648485972083	0.14132717159893093	0.29303413617553536	126.76860109533406	76.7365890767976
0.730263849549538	0.06610515166839266	0.3410784850705747	126.28250745686795	76.64444946937112
0.18294765325431506
0.21087222178789078
0.12278879825025162	0.36101599089541486	76.49070828293681
0.12713149914209798	0.13934605329169725	90.91345975537571
0.2687527594476445
0.05327450708025881	0.21396674296017137	115.32075879566293
0.22191221914414808
0.3117868914084534
0.16388501128379068	0.3317578679005649	68.89769245672953
0.28383902223721985	0.19142977360342417	105.45485707504675
0.7034223006306254	0.03728139858712264	0.19943396908995797	124.22820891467347	117.68583526633319
0.20351343921999132	0.20906472806065068	1.4177789222889958	101.18126361983349	68.2368426288371
0.2049645592728066	1.4091588452023232	67.64927055848622
0.1584566648995173	2.803907566657437	68.18779588112211
0.2225070541508978	0.7168479973592734	67.91395362026759
0.3745385282379887	0.20356525796049887	107.64295249306409
0.313263092142845	0.047843815205448455	0.46044997463721143	100.6082780454481	76.39449581671732
0.27724311348323966
0.12451986804717739	0.33957203812969483	76.67281945197686
1.3704251825823504	0.09409183876160902	0.10259142253172365	0.4641504341667107	125.20146464772017	101.12832251863951	76.65722220393677
1.2863105199521787	0.07671512316767297	0.4321301412215469	127.05977119141198	77.13594418109452
0.8203295842158301	0.09073895853863606	0.475210187174773	123.0705603547026	76.56453368743642
0.2378498698322481	0.052140260099328165	0.39916358208847336	110.17657790900188	76.34342296038984
0.18383739652947617
0.13343496757524703	0.6414555043900495	73.11772809177062
0.10412744304234921	0.3234389832570167	76.69700818012903
0.11505613452722303	0.5320827481965397	76.4501720726547
0.13775594303039937	0.36875253133292135	76.55290474307093
0.09428059450190715	0.5424058841284954	76.36765287629581
0.2414302668444555
0.19730145694309234
0.0744548435691882	0.10554584623925786	0.3853216615374935	103.80158882656221	76.02650002391144
0.10083446809010532	0.36586759573847877	76.43924030187337
0.06531829299138014	0.1068794740496503	0.4042451824722157	85.30972693599703	76.6979279807625
0.1787213195478804	0.29234163426195653	68.91258864995288
0.17646330358138665
0.1926125532094432
0.18724391634009221
0.13969880582175187
0.18115267100770566
0.2266469006143045	1.376687267497862	67.97691015065082
0.23462227323720497
0.1881504801883574
0.2689143457408205
0.17787696072921597
0.09261346991872534	0.44679112802491494	76.38077534016331
0.3087774450534687
0.1944256986782116
0.11657098624286048	0.6395476500700119	73.92162105565387
0.13015586062399234	0.33216981921803534	76.88020743094523
0.1542541853733498	0.6782595968980544	72.76984992323656
0.228900494009893
0.11332845274647492	0.218430945628529	76.65938372057653
0.19805106681133972	0.3699749254116035	72.05678736679829
0.13097075796932975	0.2616063859199774	76.27489768266467
0.2018612149812972
0.2337622664710714
0.07617427561307473	0.20203151753119497	2.5664927730977882	76.72420744707381	68.16258299092065
0.06436648232888573	0.4256077656142436	76.656900646088
0.11614654352359778	0.3529113358331431	76.59691322119419
0.10460091729645042	0.34248399241751115	76.43012472628811
0.13225503125611357	0.3270645552848628	72.43565740740627
0.20168602591732018
0.2077743497864746
0.20346341378588198
0.34450391560251264	0.23910446832577148	100.71407846113402
0.11583850519759228	0.24235940568766448	112.91120803839131
0.12740519266311978	0.4292746585308059	76.47834150852562
0.08262440826231854	0.46402512449378674	78.17405987703688
0.13151593841111878	0.35846425059316905	76.63720172188656
0.1793352728176798
0.20467336795090976
0.21192148652833467
0.16228454492612693
0.18182105330830847
0.2277216937437595
0.07916239749575767	0.3822287307671105	76.52968117031261
0.11763041045970594	0.07422453558025693	0.46607312778704374	109.86082509044131	76.75608516881267
0.14958989251114574	0.44980599845941466	77.29061275667225
0.16201178540567043
0.20744542359812349	0.27089233474993724	75.7887560224016
0.17693797264515218
0.2247156052223005	0.20712568412331891	85.10364204196681
0.1892523114218198
0.189201965023753
0.11108289754408855	0.30812365645533546	76.67152747991084
0.15611064644530734	0.2169343060893579	90.79148832930363
0.34473551480800674	0.1673688521425762	0.7855087911333252	106.95584084228099	73.2425909471501
0.11719410121068666	0.35065598014746424	79.14487340794136
0.2043873450870964
0.12621384227126017
0.1379795778842264	0.37144727023794283	77.05668627825197
0.195892181604792
0.17462009339276352	0.561622391944338	73.44720407983834
0.2200394822437395
0.06453612922319989	0.38628535214921034	78.84747246153289
0.08115675478199329	0.20153128191822975	0.34897577432737936	90.99665211539003	78.26776826575322
0.22219428967193092
0.21695236264020323
0.1697714917530931	0.5178935581789635	73.47450624349057
0.13916765355540914	0.2590887114240047	72.64520271310164
0.1427361328490894	0.3939119371128935	77.52886185483868
0.2024209713380395
0.1431558165483018
0.1026591609741546	0.33934955031610214	76.56109168239891
0.13864457098110963	0.44788596063832975	77.92852387042122
0.08592888682096177	0.39809303101576904	76.06442544772642
0.09947069581226864	0.6449370894452304	0.29990449467939373	1.3747246279560308	76.61911231760841	75.59462383989653	67.76210985217085
0.19310011735199598
0.11351694677950867	0.3279780280383067	76.92538168220716
0.14002198478434433	0.22488946237704074	74.54912029818954
0.08997489805788898	0.15772581310049877	112.10314771979823
0.19840408010437463
0.18317705066950618	0.4321767628441604	77.42348783247962
0.20130459678931642	0.33013447181163297	0.10616013378445693	0.250641670938401	0.8415521046314836	113.55056530303101	106.96908183745292	73.55200961987659	68.74425100248322
0.202774589662052	0.2984152618371175	72.3844759901744
0.16263314920292618
0.19850077418833645
0.2016213745671608
0.17542764768694297	0.391200174851705	72.9319952740403
0.1227844235795944
0.1453404573661592
0.13947047753473726	0.4562464852312344	77.48335930261204
0.11645362021817159	0.4822953627426703	76.27834849301249
0.14362425358422787
0.16577542166302622	0.467875785307098	75.84748443544524
0.17406896210259312
0.14222963770316666
0.12119310539670543
0.16770319206146642
0.19208217391831017
0.14541129807901423
0.14333939106725369
0.0823208910080607	0.23535353685756374	76.85152303722589
0.051793118053434374	0.21787576157954	76.69088681039776
0.09436163653671412	0.39538133385782165	76.89542506285896
0.15969434568806712	0.3020502095012756	77.59541284988278
0.22471276919752975
0.13702747553100042	0.24905897667568017	76.94216253548302
0.09189776110754326	0.40408379179663095	0.15267002822420125	125.9861824623806	124.67986554990223
0.12420319267974794	0.2813850810368407	76.79774875689463
0.07418345828693038	0.3411491535721847	78.77131674614579
0.08331307643621966	0.4957192961567013	76.46268039259552
0.09421229478154185	0.3624755600291651	77.15521457065024
0.15850763448121039	0.4379383899764949	76.73504486319321
0.10467591384198012
0.016313738837674497	0.15880373680174661	115.29320031866172
0.07505022431951425	0.3509985872660284	0.513856452776533	76.71183956071235	70.74352946406557
0.08672882938323896	0.2737709902756619	0.2695845439146647	76.2470454967558	73.84043953034909
0.2158450735386823
0.11499743435507853	0.2708035355551306	76.46252755659248
0.13640097428329112	0.24177415481819023	92.79546870354064
0.20445727432969302
0.07989410970246073	0.505538876920732	76.0290404962254
0.30817212459563165	0.2248678174098363	111.04279712523388
0.24235160979712056	0.27371547956728054	79.94427198751939
0.10673335201159964	0.2695172533431432	77.2649288970454
0.15854271303953954
0.18731794893851267
0.19814843925093892
0.1914347169142774
0.15338437695241586	0.3601224702664961	73.36323860598776
0.15807860788672362
0.16666243593625021	0.47660763819242064	74.46098855539178
0.09162313131955642	0.3493925667239591	76.70762846536464
0.19792528442060173	0.4173018701254216	76.72617772217484
0.08722898429971933	0.047043447627145206	0.557994139551239	89.33788660346328	76.31556380637014
0.14825441851819549
0.16140481565611492
0.22321235546680712
0.17013926688685452	0.23199251379087696	76.68151762589045
0.18182842908481991
0.1613587994642074
0.16125067992872458	0.26780661863474287	67.90827941697779
0.14223392840751395	0.32777349994224564	0.7417258426530083	76.67474759201077	68.3076764983199
0.14196427628013256	0.6839461443343	67.39257792588063
0.13271720554967267	0.19632274122842366	2.0561108834831514	80.59360419785362	68.14547625253716
0.14979207877442852	1.0871715097454893	68.29483776165044
0.18749422281889816	0.19572203128650414	125.125784637673
0.18798111448767563
0.11619751718984818	0.28309043102277787	72.31717551332943
0.20662345306677968
0.15680694401512357	0.3409856856588665	77.51500199080901
0.1987012718926061
0.1514681217316602
0.20643504298440815
0.18393356656723384
0.11071797661862844	0.351448676968041	73.39566174156016
0.10116706596677823	0.8179805675934951	72.09795589841772
0.14727347866114335	0.3890366624128485	73.50807494366086
0.17608605354761836
0.213805160504262	0.3619984923689047	1.7333969533901734	72.53336748160149	67.4015618280005
0.19268529252216518	1.0556956515616813	68.03466698044343
0.16925814868611647	1.0299992627929182	68.49318220045508
0.19146540239258386
0.15111050775210896	0.3077995322823163	76.59865999442003
0.13638883291543108	0.7139869996425272	76.01709920657629
0.2016631218374556
0.15950818746169515	0.5120809137462303	73.50272535749417
0.22964491501713416
0.18047147949781123
0.07131141264622017	0.4988740097685734	76.61105762269688
0.16786016110759153
