0.23598738694767388
0.1773735549724395
0.18851059831382339
0.2758630156129357
0.5500431195695997	0.17739002546831747	121.16580081269639
0.2375052809241661
0.1539873019611687
0.15358692739706306
0.12001422986324778
0.16022153339500206
0.19240369998874574
0.2400995848204763
0.1424584571864015
0.1984321824834707
0.18910478093644964
0.20931444170789854	0.16170204484466436	102.11821295889239
0.20753994357865482
0.23822126758842835
0.19655801411822788
0.6521011591813282	0.19777072805410856	125.63597974016754
0.17381826786675555
0.20731476697277765	0.15859700928335319	86.26108570538676
0.1755566036913079
0.23672955222531172
0.1711331260469202
0.16578130348991543
0.12712664604182802	0.4197405231711884	68.8642851766703
0.11178370398664461
0.17201302731187113
0.8675777695389869	0.1664847146216149	125.6427393900793
0.158360107292738
0.18521313913969678	0.15569635981210253	114.51238255691953
0.18786270812130998	0.20545435578295096	75.43758650006707
0.2323148938341947
0.16520602521474365
0.20201091706906374
0.20071059766972466
0.21768027113492205
0.17318134518669207
0.16913992767972985
0.1675349002392035
0.15336425466569545
0.20877290458114486
0.2148231614624529	0.10360474288584387	74.22325823716136
0.21540924370976972
0.16999469966623315
0.4702900218568494	0.1861232760988916	101.85393483172702
0.27135423789573737
0.23972173733317037
0.2168154225045233	0.1791185231690859	73.86472101332426
0.19718211041832198
0.25584346256403756	0.2239909139625165	107.02247709413622
0.17041422353054034
0.21246185264891504
0.19906137787158187
0.1983687126542129
0.14635351499124347
0.1457679649102042
0.2250666766170698
0.16179940076054317
0.17086968412293269
0.09784834763307497	0.16194932171298426	126.64768886459785
0.16091123023372883
0.16738164459917598
0.24420335076260002
0.15643182771631928
0.2876422962064162	0.16975644443559126	94.53933608501185
0.14667956191814283
0.24981215442232704
0.5621317744869668	0.16848722244049666	122.76026700479332
0.16812734725950818
0.1956209441885859
0.12357513789920943
0.2826515224474665	0.2884972013950588	0.1502337283492116	111.39336543878554	108.13009811994318
0.2129462054120953
0.28140599046301407	0.23016711330603246	103.30541724037839
0.5080866881974188	0.16432369281553588	124.52115450021378
0.13880799647280925
0.16889110331521853
0.18915122409436477
0.22556145607379624
0.1799952278580834
0.24286534584090788
0.1947236670196786
0.15641379568133418	0.08154688760290948	70.17722509710619
0.22534861053872104
0.2946618813495313	0.126930156489629	95.47490339736947
0.17968169993776417
0.18913031172840988
0.2100293954411026
0.1578107469293708
0.19284758746023317
0.1630751919474272
0.23604386255086035
0.21505229866610875
0.1655836638540908
0.17001009080991744
0.15986480901005629
0.24379524580315043
0.16534518725568892
0.19890351522904529
0.20421018599592974
0.20531903134988816
0.18429933878001578
0.11805364675484852	0.2224001805100499	86.31881797145613
0.19988907390611055	0.16625619629769994	93.28694127911852
0.41082478537375444	0.22093184826682688	112.66487255515459
0.1752109718737684
0.2533880146529402	0.23001125930661967	0.17304161546510088	96.15469309881557	74.83003168080529
0.2060239744145966
0.1728828807665939
0.13947052190631648
0.20848059142007302
0.17418240737490773
0.24959919497513838
0.2914212712096793	0.1699615404659729	113.16052010584343
0.16531431288774892
0.23659593277625396
0.22180902697958965
0.19334324487804735
0.1973632609807177
0.47915487833625825	0.16544610784284888	123.71978195627094
0.1716655759386142
0.20159975461230084
0.19719426759945305	0.18823218183542345	70.3359543755825
0.6855520646307764	0.20389392575119894	97.87592903648994
0.2320375674729089
0.188222143355571
2.579465467221113	0.15962547918713932	124.21120888808255
1.2337961483224318	0.19184750013692778	125.23525745829636
0.15617383021574188	0.1541289554566364	108.81215222423769
0.14233100219833225
0.2071603808277488	0.18055172152392662	118.38268158894591
0.14557813344435708
0.16117888387484935
0.21334173079365132
0.2097372764037284
0.15013261404720218
0.2945672068586764	0.16180271482146924	98.85045339284524
0.5606305459511484	0.1757014476533548	122.01589300598526
0.15621988829127237	0.216061116942577	111.37351302927547
0.19691418535622726	0.18594006424489515	89.42900067532237
0.21447622028185065
0.15557992607672919
0.15521157326682997
0.21570552605624213
0.2484841402989045
0.16428473027919313
0.15027992168059992
0.2630408411084953
0.419044058306822	0.1829303025034962	111.58443155815007
0.26283115497802717	0.17605988185511912	116.1029041555832
0.22865458468780717
0.18953602594846244
0.22332847760375896
0.2036077773076673
0.18786088338980808
0.2194464338583588
0.11530965899810132	0.12489993531805894	110.68403491488762
0.19690665958397585
0.260991018814105
0.41962893955149605	0.20896059333580247	98.82384835190796
0.8278524875408212	0.17703018451731403	123.96875264955933
0.2007060232310033
0.18699251566456976
0.14676631063986245
0.21798653226610717
0.1965810109962215
0.5354374609581803	0.17866709988604046	126.6315019481503
0.20644642305033375
0.21657368071584632
0.2482642952009304	0.2637074216302272	80.30760069396288
0.2035663464824652
0.17162658408125792	0.19136900585817115	120.58595381667477
0.537346734296552	0.5617258436629867	0.10755907689861033	125.41636679035557	99.29255364374973
0.19996884265733605
0.21588629536642942
0.13315677070064225
0.1490812008588484
0.1670673894543584
0.2275607995930496
0.2075003235732036
0.23771870557489133
0.20524293254133777
0.20938649577240637
0.17578417817765074
0.16780327151307464
0.16936623593988695
0.19479755200931387
0.7969499194998347	0.1775258682782624	123.68600676756735
1.8297968302851626	0.1487305367316058	124.13326995567029
0.22334534277388166
0.21848740226948996
0.2192235804125576
0.18238995202052677	0.15355897627425685	96.07063223986947
0.16881004574749509
0.13945140659326766
0.22338534421297482
0.22029749076031496
0.20888811858911882
0.1391258635097805
0.22041957656355782
0.1453347881166459
0.20418291956318266
0.2775013087516187	0.2123555278953472	93.33858628117548
0.1903937113570719	0.16694527193664155	73.499397196356
0.1976079966899224	0.126029693990869	67.30801082110754
0.20724119809039973
0.13780364163554343
0.1314920178684923
0.17429329016946937
0.24729100499540752
0.16568759127516172
0.18352940559795133
0.8285507739218255	0.2697873735250988	0.24544667364273698	0.1332948985050064	126.63099407328012	114.92501834144456	98.06631608440776
0.13164731798381873	0.164843108784395	112.41055315707499
1.7481653657362175	0.20633570746377208	124.77691293016424
1.5914568257054922	0.25843320954310794	124.50346330006708
1.460018928153417	0.17968584709620614	126.46833062351455
0.2105524014215536
0.49072277400366404	0.041081256235476746	0.261277410208234	0.18499301740049728	125.19087267402848	115.64016542826354	92.54486676307975
0.18522894700373113
0.1623843021048058
0.3035538446547458
0.1558725165535105
0.20898554193206548
0.170406357912106
0.17982742164669202
0.2266701956400724
0.2964426287568921	0.06144295094375532	0.13806712840486587	96.33809078582921	94.22198428424117
0.15374116787090544
0.17674511096039788
0.20114270414139726
0.2729843658806149	0.19868957823249705	96.25129455174641
0.25469911379568866
0.16039876700001054
0.17068828751982945
0.2945837294297397	0.14672076624283859	104.28314121857683
1.5916879147946825	0.20388966295123584	0.15769849303873232	124.47097115848642	103.56169655411802
1.7655768840792534	0.17024849737109288	126.21260782552909
0.1928858152506171	0.20417977650954725	116.922420530672
0.20295347166770394
0.1858525961849158
0.6075527907578023	0.18682227142872623	124.48017791039315
0.1508152587184579	0.08831319819082473	74.39743721760713
0.13226716771542443	0.2950914969184059	0.21904247461392257	107.59454442182559	94.42559323599727
0.07550852086206568	0.21191744570091844	117.060101569524
0.13584320069518827
0.16753310652624392
0.24757288679718237	0.17714556621457675	85.64899801272911
0.22195572097541683
0.1846553718935186
0.1896539059430954
0.2968821082701905	0.22860842763033853	124.70960007759159
0.12403565721439457
0.16818069776503647
1.5259333013525984	0.16181790375116423	124.83831168229119
0.20914405519890933
0.18088572931181265
0.16707505490452526
0.2090267358169127
0.18664500554587274
0.19118332543570887	0.159369346814682	96.09135824731942
0.17145452995478574
0.1661991296773542
0.17655511990642464
0.15722187180096114
0.42442074093554716	0.1130362931685394	98.95452526115672
0.22008805834951728
0.2215762845504044
0.16053885390145214
0.22521820469586282
0.1658751616472783
0.20382293119475023
0.2596648491793238
0.1800290927945365
0.15615030337746252	0.12504938517381567	70.29073418516748
0.23973350278827926
0.2005149343291823
0.19349678388182814
0.33509513664379514	0.24163127612366744	119.45924727978877
0.2367615812473181
0.3470728520935113	0.1491368420256716	124.07082182932008
0.22082150908505105	0.20509593687269848	118.31282401169125
0.27572012810371666
0.14760682406994846
0.24990207357835698
0.17410442410624266
0.1754851312223694
0.17970879344376045
0.249212382453914	0.2533532577067484	104.72917218007436
1.8557361645978412	0.22792357182842143	126.26772381322792
1.494736466260686	0.1761409097573811	123.97167224743752
0.16038199213842808
0.3854359123718024	0.13010447438115252	125.15090948412401
0.3021852694470842	0.15311965310076425	109.0792319281737
0.22714245757386528
0.19659642427041482
0.2103158601085221
0.14754152093563785	0.14646214678738764	79.09941180911804
0.1799986631485526
0.16274113006451443
0.12147930839265973
0.1718921563497637
0.8009303754679455	0.12826739884014585	125.7258628768608
0.16636132165951126
0.20466455515295795
0.19141827534950454
0.19770435613225837	0.25867893633519085	67.37709773556674
0.20277581937441644
0.11410328370897026
0.13749399875712862
0.15931678033440205	0.2103799116067532	121.04974784366092
0.1514008074222195
0.25603751001733377
0.2514279972969602
0.2125758378549521
0.20631742336985862
0.21121123665959998
0.1962233511837466
0.1854207233530681
0.2036834597159254	0.2362762838385663	104.56571471552687
0.21793722584712166
0.17534984275348048
0.17402164185518643
0.9556406981240079	0.2540135512328529	123.8181579161955
0.1683523339373543
0.21016793249852767
0.18091418800753453
0.18858308001327442	0.4545854718750291	67.28902165258228
0.22508648595604497
0.1427941616053183
0.18037005617291121
0.20196912152090613	0.18105391053400854	111.45508612340466
0.09274571388843718
0.13934015459063354
0.21154240919084868
0.2521715629752247
0.3082893128931321	0.12992400414997693	96.28656736366759
0.2000433690749779
0.25158830055573145
0.21085014903350546
0.1966344445643068
0.14260919764684354
0.1928841289228428
0.18227681104158833	0.21171505797696558	118.86597915739355
0.24071990420775138
0.23153192357280433
0.27051802331802705	0.18215064562398703	93.9365347305323
0.1935829306329239
0.19163348659375964
0.180031572423978
0.16652735176772107
0.18697741940988727
0.1937470262662155
0.25745122930492875	0.025776638815423282	70.23360372192386
0.1885829421500624
0.19152898211265282
0.1535317873553731
0.21367227994606303
0.23495684438229839
0.17799381891427396	0.18077004329230548	86.20518372760033
0.213749619077347
2.122463389116322	0.1948781637855501	0.053133514960562664	126.7335721017765	69.90012300045305
0.1618303010296934
0.15426721187183065
0.21578298076170102
0.22878094869120397
0.22784300308404695
0.20595329273017254
1.7595817765295305	0.18702469235450925	124.79004410685533
0.23737966586078316
0.2631616024318089
0.19046645812416274	0.1783328864197608	116.69312813308083
0.16953085164112944
0.1591797642013288
0.15506589200246024
0.2070229322842451
0.20727496308462828
0.4132555827674846	0.2131930069980812	112.23483307967525
0.21585802665338563
0.23143616672658673
0.1884128008536159
0.21160428227935033
0.16505719497660146
0.1819813913825783
0.14461574227352195
0.23353185581078334
0.2484398491559165
0.13634639626435308	0.029661432616930813	69.77056670605225
0.1664603792234517
0.20302550116765503
1.0093723461573734	0.2426877097754608	125.86145486602409
0.8905005137315493	0.1314011120531879	122.11986870844756
1.6012312154640085	0.18302554739038857	0.11374782727495751	126.2556113312361	80.0147364960477
0.4808532687504119	0.19485325189014213	99.62101149274702
0.2248468493456972
0.5244083239827483	1.0950404191128382	0.19406518836070463	0.28832355054045694	115.444131644184	105.54010539225823	91.32667330734232
0.22637147500426585
0.20797123157435873	0.20894565661165232	126.20902765229265
0.22560451371930018
0.2231476187197025
0.19303224929130272
0.17382642839867923
0.1644478582191793
0.15450971978244735
0.22163211614743727
0.15878893130078264
0.20819881847406344
0.22223100082373162
0.19466393253007563
0.18291920254283991
0.1578898398550385
0.17376624963359066
0.2247473993175627
0.16284399934189522
0.2075712753179371
0.1809551875223581	0.04054605033216089	69.34134712467272
0.18004982607921488
0.14068300776060297
0.22955910984023406
0.1966098502404385
0.42957570109709386	0.16419512123476718	121.49886931045148
0.44731443079946925	0.14556991098742206	124.11429684373024
0.5112053217559335	0.1862258229175814	121.11419367965192
0.17729053274123568
0.1603368143730116
0.15576690662026585
0.22223836223955173
0.27903037947160736	0.22445402920205057	102.996533739923
0.1911054331314929
0.15835358440520825
0.9190507316522654	0.2023781570302031	123.12830834629992
1.394252264314566	0.1779395726110171	0.15457003395869878	123.70555262299354	93.07554561058232
0.18033488377144374
0.22429559190458026
1.168993924302969	0.24815167987902997	125.90028993922184
1.7159524720994963	0.25082750887778904	126.28973565902396
1.0629838228158668	0.06631070487000423	0.212208802252437	125.78113196800574	119.67085865357384
0.1740844811221572
0.2245235525408444
0.15538318603695017
0.13564189526325132
0.14634125433813497
0.166719151380359
0.16043948332964786
0.13236545010629136
0.17686032525321027
0.17904647551027775
0.17701459144513898
0.6303245062240869	0.125468479429755	121.34819582382234
0.1825544554326144
0.18432520831626448	0.16721383400778347	0.01902945290724531	82.38596349023683	71.29166137072248
0.3099452569588776	0.05409552713295863	70.33058326921696
0.16250031982473903
0.15991208893337608
0.18172616541128034
0.18111592445678967
0.40366697586439326	0.14403983450692276	97.6493526613942
0.21222278332482594
0.2140768449829708
0.6107066859664382	0.10753109226428517	95.89706502614924
0.9771146832784103	0.16701139692671674	126.47723801245452
0.19541323960168547
0.21641750306284968
0.14376854685807205
0.2056793927416396
0.19030656491280046
0.2001249219557237
0.20239032092917117
0.17881906741721854
0.21610606588131995
0.255718356615545
0.11568638282437183
0.21291973456420027
0.2265559415602987
0.14936351896639138
1.4190950042690398	0.22617581735793785	126.79389513305041
0.7384634999641413	0.19637797861202635	124.48165192101185
0.1556760482724984
0.20719285005973886
0.1952924847441581
0.22645200425469003	0.17914239813700053	116.05805972826973
0.1748330716792113
0.21443134046384435
0.13394261975962857
0.24324337923723985
0.47960704980480756	0.1837783107229251	103.3419701740247
0.1688856793181044	0.18525613461688847	68.83626116527523
0.22458366192283116	0.15709380425223884	124.26283087153021
0.21997198392506287
0.16633967694266308
0.1701807420447236
0.9341024204502356	0.21532767307059378	124.63461868739469
0.2075517166110148
0.2552137470111312
0.18758638803920652
0.25696400929075286
0.23954070950786444
0.27157431396044895
0.20233863389152798
0.1790180176730115
0.166041223002967
0.18040054710030434	0.09784932156722691	68.59548001840301
0.17077488136519756
1.6888908131215248	0.19967520883726828	126.54069395428328
0.5094985760745235	0.13829901838451347	105.91932282120193
0.1675714665395929
0.18230342526767934
0.1883628014219925	0.11877195150670453	92.42308826259976
0.1548357640985749
1.1818611154737773	0.13571046375917156	3.7244377673161435	0.1526650803586398	124.38534317335387	113.75232075487855	106.94299555147059
0.15483275699572976
0.21776095766737916
0.150391486981123
0.20386432722400158
0.1550666672168511
0.17146221114618274
0.21538449218931296
0.2362870113481386
0.2591494027894427
0.3989183223734313	0.4361025926626702	0.19840060510447782	0.15344015763730423	99.37493300148586	98.11396613158266	77.97409115704703
0.24068366288247198
0.1627699419787035
0.20551485021742757
0.1756865763245979
0.19924517332545008
0.5883430833316925	0.23382165041575212	123.92009100409416
0.20132511644378878
1.0627374404109906	0.17916133357237848	126.64713380185424
0.16072213168906938
0.14841937164951835
0.2589446717120121	0.13907540701332508	75.29380709273295
0.22263183062443023
0.19629850857013026
0.21679207181132584
0.21454377225320298	0.16365239317125826	100.18931375614831
0.15859278087360076
0.19798514169541723
0.20840788864509055
0.16680658796901843
0.14644412289882341
0.1521426381562794
0.16403265556386476
0.1483148640539938
0.17322229589829718
0.25051228160108874
0.2348564717190589
0.6464442158127145	0.14284400699291097	107.33333231191257
0.20583162609590008	0.04648565281451741	69.09577189370238
0.2456912578027719	0.24203092402047027	78.21906545723735
0.15240606899833203
0.1661836052847793
0.17765731809318805
0.14544768404188155
0.16974606540226284
0.1740107049466125
0.204866408731604
0.24675551845035734
0.17785458844170765
0.13146092136171256	0.17861941558287917	84.91154256498592
0.26558469581354943	0.17764884314171353	92.00354199629221
0.33035347340618393	0.1661320066570524	122.45830491911643
0.196683376747384	0.18794120379135948	75.96640067757548
0.25455139457938886	0.19843926337632467	94.44146311342864
0.17437266502884144
0.2884336192082867
0.20689898078058247
0.20047578686687012
0.1665225302274127
0.18692673987243202
0.15150955948732417
0.17056522644179342
0.16247157996536607
0.13885847174714278	0.21200649815522712	68.93379582056609
0.16230034114315778
0.14541352721311968
0.4063692706838756	0.16268771717461533	99.70819035503723
0.17678580587050183
0.20580759524193407
0.14389364149470124
0.1912537983904842
0.14996469749137126
0.21250428582822048
0.13715051289466368
0.15019114861095173
0.16708441946444086
0.2244939644420721	0.16047680072865678	122.96828915421895
0.23724313222849222
0.6314269103383527	0.18270349568224398	101.79787167950064
0.17160789295322124
0.1981896237940383
0.1989284885962812
0.20884089002729836
0.253026591299881
0.2373950263272821
0.2001908945987014
0.32618502309955144	0.24461246043602752	123.19695448564669
0.1836288210973155
0.1763403971320214
0.15856597225268748
0.22165492643101803
0.17822941335681758
0.22582950133598526	0.2025105597893298	94.67866621909323
0.14511212994259604
0.11617377826018613	0.18546544392017758	0.1513309308723265	114.55198653033725	86.93502374590712
0.16344297919794587
0.1294216295066979
0.16617395090503864
0.20126559077864292
0.15839334666043042
0.17259515382571095
0.16055712690220827
0.1497008641871173
0.23484411362748817
0.20502328755480256
0.17190297590545295
0.3248668549676223	0.14676376710017844	95.88945492614006
0.22017734728928476
0.4388313732170012	0.1559344572748774	122.72421228458339
0.1970307648180716
0.24914126227080224
0.5669000696072937	0.17021513656988357	0.18556508956396864	124.15741170537493	84.96007550474248
0.16154837885409395
0.20396795700480574
0.24642356206594418
0.20324884073525232
0.3707897797086768	0.12312431053056605	0.19865216130715688	104.14513439410818	79.22829403235693
0.11231193747174452	0.35223318498924766	0.1867153609223354	118.21611011111635	115.66674329882575
0.24873465328691644
0.4690077258652704	0.16291016242237388	105.99165590971376
0.6235099472849802	0.13216619903891388	125.82685695195931
0.4237529908896752	0.191753586418954	93.65095890383404
0.1893306798727531
0.11727747478280412
0.1637070473151712
0.23085735849356834
0.16203426379628427	0.17477341412815406	122.7851743679141
0.1779843671088514
0.19354103576604403
0.1665259444780921
0.23954010346778035
0.18533399925764749
0.1622782337581147
0.1789884859360724
0.20842867292339476
0.16138310100327113
0.1542033196435367
0.20062793286527722
0.15019648371641142
0.3464220670949877	0.20533051503842936	117.98807677608292
0.16728589235598226
0.14820412881775294	0.165789101495015	97.71274583588608
0.20955134861575775
0.21141736847259046
0.5335729410591717	0.20588338905115794	122.22672496718961
0.23479763421571687
0.15869945574242209
0.20835437484908648
0.8406875786151018	0.1206087355828217	125.78475634135444
0.20234941512557167
0.1620652851289099
0.20142804723641036
0.16879047256293478	0.1587369736639846	70.34911408634906
0.1860549169453175
0.19845417945774693	0.14753013985277175	94.98856936007937
0.23090439129719134
0.14476995016108637
0.15398911583990124
0.15767477715814976
0.26597109193274415
0.3041708670581591	0.110979685814633	95.5491216841565
0.6421373259987827	0.20494598086268614	125.75469247488094
0.1910330840013088
0.1542850757529565
0.2056917792973583
0.1720288194268757
0.2022736021966503
0.20830412233482487
0.19884034064092168
0.1619334955916755
0.17065216968181726
0.11989730563088542
0.18163535701150668	0.11350275974386632	92.04691395414164
0.19395276810334178
0.1631248909197686
0.15788251541526993
0.11524743624078895	0.26864257432074445	115.46554854106421
0.1601190157454367
0.20234203587785102
0.1851893061521181
0.18355605038666103
0.3192918636297063	0.18908893810511165	112.76553086266867
0.15470331288149555
0.18400144825905745
0.15885341345107365
0.16585943944560677	0.14381450693008616	99.92836559932066
0.05225075533289545	0.2009145305810329	125.5646676184286
0.1347144012893944
1.0693032222666918	0.1394991432228833	0.009560988685231347	126.21072576219643	71.17249699068707
0.37130883749604104	0.1446575674723835	0.005894386929133422	110.72977513965007	71.03616067103972
0.46914291312220224	0.16566029948203864	0.006423099535352589	104.39101075524164	71.26496105538023
0.19994434237143305	0.004961698672045655	69.45897850303105
0.2347891771212881	0.027539183839985288	67.4910893234192
0.2237447754313025	0.005514061726146663	72.46763266517608
0.27200844683902775	0.006163566476119971	71.15389399264099
0.15045468151331257	0.005346734298232008	71.5236429703333
0.25185539122305445	0.19127047212192258	0.5207393371574668	0.00864318117509759	85.40433601491078	72.65776271524017	71.22327903642052
0.21005281327177233	0.005811172355098423	67.86712934621949
0.18509495939591208	0.003907291361351147	71.03462674051691
0.29630999145730863	0.04629162364425399	71.77009007787366
0.20638297256801005
0.1672839644141339
0.15729506841759447
0.15252994909103101
0.24313149437470008
0.24630224230973483
0.2109595144028807
0.30964522989166904	0.21932012098387704	119.18421257331882
0.16370851467969888
0.33895647863828016	0.17168410761401331	102.02222116664669
0.19029868225060517
0.17682843920529512	0.1748390564676242	106.73189064253192
0.13406911880674857
0.14050509699397873
0.1782923609737824	0.14563742612663974	69.16329034640091
0.2347631591982089
0.20449312451239113
0.189514942851613	0.20107128697480756	107.39871781524675
0.3897020066506927	0.17279125559642483	97.19555781516746
0.18758478595492187	0.1413919539216861	93.26294183411053
0.9846400923746461	0.16358218969110808	124.09447940811698
0.146430078887457
0.1638049081174389
0.21519172631892491
0.15376875673487875
0.19859689958495064
0.1846832782656456
0.1598128987920431
0.19205092117342373
0.1534652165355603
0.1786307665432257
0.22541036772862572
0.16807185694144663
0.18138763914471853
0.12468005611092373
0.27201351206022817
0.19062632924133105
0.2608889723267812	0.0795758820735072	0.3052690853667231	95.24703463558511	86.0587708785719
0.145689612383413
0.2492311397246081	0.13773422780348368	77.57695635172645
0.4721724506952469	0.1980604158203931	98.83530028018205
0.19802296530484273
0.2293598681687031
0.20614238184339803
0.10976867811833103	0.20658598791446658	116.67302535879678
0.140740653800485
0.5539419826316109	0.2565015609972967	121.13426743043361
0.2818308749779583	0.2511135886227465	0.16867674903730645	116.66312090686037	103.38859719741886
0.22454742606232583	0.11465092383935695	71.85544496143066
0.2162188602707682
0.16324963048775656
0.9270509009218627	0.15471279535144278	118.83673801648476
0.23825958132350544
0.2101435163550482
0.16868473948656942
0.45826143253642654	0.14661363721521564	124.11770911376392
0.1922273392695921
0.9423273908032265	0.1491739158777165	122.39507563521258
0.2043689068021624
0.18869838148370469
0.19509070814057286
0.2826901929003863	0.4195939148309954	0.22022322026231797	109.27116833414823	101.92053157114438
0.19939002805977726
0.5933041833220557	0.14105205657462117	96.97858849583561
0.21453197548088712
0.3466993445630224	0.17674958894036805	95.18181316244953
0.14704580012191634
0.15124913520151254
0.12886665848110354
0.1729157528855853
0.5330421784876528	0.16067220589602488	107.86213753332069
0.14616986551576483
0.22009872567654404
0.2127470266552386
0.23815107286768683
0.27884028077081846
0.2350036597934417
0.196665058652169
0.22969178777983754
0.26861116984429895
0.1750688595865156
0.1731643710976248	0.3146465140838891	70.15321711445445
0.21727075152768532
0.19225023017003276
0.21008647327801822
0.15019740946754662
0.17228116669049906
0.19126893168075
0.18537641927388476
0.13958937744598462
0.14638118283994392
0.19823546942556616
0.8583132449887865	0.14431586385744397	122.67430635834192
0.15952793270387786	0.1830440563692481	72.52784409098149
0.16121920926582273
0.2215072756161267
0.498881047858166	0.11854451977958023	114.75070420471037
0.6658856335526403	0.21883798318929112	106.16464955676999
0.2089231180352112
0.18917082869826504
0.1684045600730029
0.637337249882196	0.2838200089854311	126.25394117051589
0.3646658250737302	0.2243280777066394	120.24266280432143
0.21727259038755087
0.17765119100906512
0.178781767376625	0.43426174417861146	0.17248989053146568	107.01816886508202	102.05541014475398
0.18870808942703082
0.160712397781425
0.1081775507641856
0.1522563774600912
0.22856966097820816	0.22240436939324748	94.48658111201298
0.1427562082378247
0.17846387400692595
0.1282968375625757
0.2889758891911047	0.19495867361866934	106.72549780715691
0.19641950136732184
0.2038090015940206
0.17540661684969833
0.23396117025656435
0.1880102381365642	0.2115074486486907	71.61484232898536
0.17877843518381906
0.23024450541821959
0.23814777140970467
0.21801175021684444
0.19563357837465184
0.15727649242721242
0.17514813407526392
0.2566306724486588
0.17464216532587795
0.3939197984568142	0.16358507578459608	0.08272320779701192	121.37577194683082	72.30318247356014
0.252586544367579
0.15951670685949323	0.12585651400529924	70.37715818984245
0.24375972251358316
0.42631540568056303	0.1164568419196765	97.61986794493727
0.8366717369786629	0.23927975989818512	124.46109562960137
0.17303793642550755
0.1657511042875116
0.20674733331486003
0.290370449997962	0.24379747893941284	83.08563134803799
0.26415173546578874
0.28403694037206
0.24168783321588372
0.4432735384137162	0.17208378683343675	96.20648762286382
0.1437686479205172	0.09903560673289645	69.31275015845189
0.19559550570772424	0.1521371428309448	97.06474421798707
0.22222752034876428
0.16632665084937587
0.2208218017748439
0.22156297427647934	0.224423561551477	70.58968063338146
0.09052910413645289	0.14705023964339295	122.92279068458912
0.9499120476700726	0.19774176523735987	122.18929212810005
0.1549300140415725
0.16005497136777888
0.2369427393798661	0.21592833134119527	68.74709577316915
0.23057558527070116
0.1706672650289169
0.1760043115224857
0.16511017994250102
0.28892776983201557	0.17301759835527247	97.7443575972214
0.19122417659664018
0.25055986461985097
0.15495347851549182
0.273450798497143
0.20912727612283988
0.17793843509858326
0.1654937252175451
0.16335646543488008
0.1737669377235992
0.17119385868913736
0.1964735232804778
0.30520275735461766	0.20492123100309254	118.84739669070593
0.20751648169404865
0.2391529548617504
0.16415916245456527
0.19705699330119766
0.16815732251998924
0.18136670608169533
0.18469172064871955
0.17023756439670806
0.22252509820843822	0.8417947639112153	0.16294917721070792	84.4438318099921	81.6633944866972
0.15527311424920218
0.15729817650500186
0.6603412618475569	0.19316185015765708	126.75625876547068
1.0692769036108303	0.18862467949206638	0.1855550148694122	121.62341509235831	118.65298609575612
0.20735637898041004
0.18044377754329027
0.1744588278331682
0.22933497555215193
0.21160197059612967
0.1846353390588391
0.21226923587188548
0.1721619523000755	0.23350011416546246	78.47424820226678
0.21886172411477384
0.18643853841970642
0.23362097207308724
0.332159881170133	0.19480871605215364	96.85994647244328
0.18009122563085625
0.19139788715202377
0.17015372106071214	0.17783247489637427	77.67504883196652
0.1342014319444846
0.20222182604336492
0.13755920739926195
0.17493000225550773
0.161282563485975
0.1591274146230804
0.34810152928878163	0.1842975481091233	94.01117143727761
0.22514952491953402
0.16159182654583423
0.4524321831526788	0.16738337803582257	0.20544266293870087	99.92148515612381	88.82076118256498
0.13288620234856163
0.31350184947463733
0.1873954050133355
0.17311120046933498
0.18511940046456232
0.20780964878673858	0.11553453694845077	116.33253743575206
0.16083813030618532
0.14367456821355887
0.16598955303622448
0.20069628987536844
0.15236919686042047	0.1461180624625787	77.66641424278326
0.1405923168427464
0.14844811035451091
0.18841879297574432
0.493436879875162	0.01715201271578529	0.17891504258802143	94.58385311743687	86.02164579291336
0.1642885926435289
0.1379586969166526
0.21863693391400696	0.11509571511476635	97.16067734338205
0.20064755322064587
0.28615625628845837
0.15858774071562937
0.19123672425119712
0.15007167645404412
0.1233090235260149
0.18637930857336923
0.15108522926744292
0.15400709267449064
0.17818328604946507
0.1376611536934267
0.2927403961662171
0.19599761816732578
1.2432355137357518	0.23005833012492527	124.02599742810735
1.7649242664501334	0.13768242907713227	123.44841002389012
0.1865919715670988
0.19207625373345827
0.18529067498030777
0.1787728058178763
0.20654548984513513
0.17500857045582516
0.7491894445257147	0.18424015328617588	123.46562293866558
0.186240011271442
0.17439663033348363
0.20013957550679556
0.19411056814078087
0.15286648070666897
0.1208935371983006
0.1735134647293548
0.375401041133431	0.1841055582949945	115.11078275201073
0.21786836383935942
0.172123243259491
0.17753026365839877	0.20591061189837245	81.46573317664068
0.2086379950984914	0.129310860994763	99.60598680418698
0.12507391131147488	0.17150473384289264	111.31763851984509
0.20505553065997445	0.1716789456103381	90.46052657274156
0.19727271561786383
0.16103373084409717
0.1894779580726045
0.1535186743535174
0.21124465283212382
0.3056450259837866
0.1776094533018276
0.19407320651552015
0.5350630903795525	0.11312953793555594	121.78961319994032
0.1788716649797556
0.18011475166821964
0.19974970712435042
0.05366124799038923	0.22718080884491196	117.8733921463427
0.19070126848080735
0.1279246320942162
0.20702126953960848
0.33983742497215635	0.16867435512795562	99.85755328234323
0.1822600733533199
0.14437774527271208	0.1919896266558182	107.63556494777171
0.16997064811202978
0.14725702547268518
0.3866539216482218	0.23794859362247683	114.11780130563915
0.20999080299780246
0.12644266968232687
0.47236773805241433	0.17847752307434428	120.85388403530868
0.20782610319177824
