0.27830693910613347
0.3972153103189866
0.4398294866504256
0.4059757053872289
0.4052659289356631
0.41678275897759426
0.3431216232252725
0.35370918726141787
0.4742793304171094
1.0657087218414827	0.3811911052644746	160.75815532377715
0.4779548142661851	0.46917522294275693	0.44119667807759605	142.40832477871965	67.72880388558494
0.6001032368598386
0.4265543235965599
0.41724478390917613
0.43118719430404
0.3946647923346818
0.3885235408253459
0.6054914780381233	0.9640635542843287	0.6076266356906574	147.92946042682073	124.84866106777335
0.3846294978869769
0.5182796901494926
0.5250631062406608
0.4662875573996064
0.3881576992381241	0.33195732467376476	126.82772928182992
0.44660250866077117
0.6242564949841051
0.33974740061807035
0.5289902165899637	0.34703435942658434	73.31808116383449
0.41700127223362304
0.4557479184966702
0.42115910360768427
0.5343544063643481
0.5093076529481505
0.532609684572374	0.4617403823336976	144.62668876451406
0.4303425666757867
0.7054974962084245	0.4592133322668002	143.59754796623466
0.41039786239948506
0.39576658158065536
0.5943955805528064	0.4755127148371882	134.00933482761758
0.5391750553188316
0.49784837365533074
0.349942560598546
0.5988539783194865
0.3764128535405111
0.40614631382133554
0.4358930667826164
0.34453040966033444
0.498865165860848
0.6062068526429079
0.39916056422875335
0.4686436511428698
0.468283775007431
0.41693184720362547	0.3997930548468436	131.56542936701155
0.4702797653064352
0.5931036770329023
0.27568546927529236	0.4282432435243136	83.18491622061002
0.4836221583882096
0.48882064717339757
0.44331198152330126
0.41030271668680957
0.4203225377892923
0.41113377144736113
0.4189715222852017
0.40097732162788285
0.42524363249546304
0.3374387104587044
0.3268787551482307
0.35014931744008776
0.696299165888977	0.40777211798670554	153.48692381599193
0.48777564507837107	0.34616581342366826	102.02512881830418
0.8021842347022302	0.48720078025190233	159.0036063598753
0.4435156245904155
0.3507580142841002
0.4453349475517599
0.4034494473016979
0.37325205341752776
0.5234131425554139
0.48608773093598256
0.4720853886125086
0.3715725084726049
0.3919804549468316
0.3953633043715502
0.47677004354106983
0.6187246600410543	0.4322292945662479	93.05256571071803
0.4208396818568398
0.34298717900464876
0.48793071818650324
0.5648895837593889
0.399406934664582
0.4026622353406796
0.6888366239590125
0.4245011420470962
0.5637520711776148
1.3679130523732175	0.5496477485649668	157.49330322943305
0.3996838640183166
0.8239664862244589	0.4231650483715105	133.33558569143156
0.43893633151935807
0.594551080924905	0.5007343938201432	140.19219636393677
0.5473863322491692	0.515142021411194	107.55855791894444
0.46739920772243876
0.3200388751968068
0.6324924655277294	0.2803042557567736	129.74762196332392
0.3378776803595801
0.47856150561761845
0.39483174368101803
0.4171047523178357
0.2517978763034451	0.32710691036105977	130.10551591353448
0.5192292793314117
0.572160960001614
0.5044855615062556
0.49946275506664867
0.49453830060570125
1.080259948191375	1.005329677814857	0.399218537781992	144.50397848192927	138.07227371917654
0.6452807663084974
0.5832620197734448	0.27000554851271674	69.21993300709708
0.6293884879895234
0.5747288662263333
0.3689582791869181
0.4026690405933173
0.6615695760428144	0.50741499560807	141.9024896960148
0.5400268230905587
0.4779365322467843	0.5236801677416643	84.15794034709788
0.46380568524974264
0.5740472741694701
0.19944808400977565	0.3232103664797362	162.30228813117154
0.4026390581902399
0.34520789532903073
0.4900343947190847
0.5990339794996281	0.32943523762194826	148.84505187934184
0.6852539001398052	0.4069594688186325	0.5809404560077815	143.00737034296608	112.88157603394595
0.5565735407154545
0.23595651629791012	0.3843976555691426	0.5611411852385736	152.81883233116923	107.1898454683521
0.4203427811467928
0.3997784831093349
0.4244677165090618
0.4035658488568788
0.36940550811530093	0.08788891139996935	70.44224259047301
0.5066204983599162
0.44051549152725206
0.4584337593486338
0.36511057340469394
0.3545630675264883
0.40422962939302853
0.5319594346821278
0.34257803074843834
0.5090697937439402
0.46857940712618146
0.3745882642126078
0.4519905766358371	0.33644245053689315	97.86794095449194
0.30844267896503674
0.3386522206239059	0.42532933442552645	99.01953885713283
0.2665644096692462	0.323511948227328	97.487385299225
0.42615123581888537
0.35691342326341785	0.42767408796259415	132.72739374769813
0.3943689637757786
0.42126543656077065
0.5952196798550582	0.6188546782706325	143.1097119751831
0.38301728939194823
0.33082523761299687
0.5152921667775018
0.42048095249286527
0.42771974992230993
0.549303496171692
0.6994214201657608
0.458829736929135
0.32558720567238836	0.43893207292223785	92.60992430970443
0.5261366698605957
0.48793561527849527
0.32870978964721054	0.7598645362426195	0.5777925492463097	119.71200545873586	73.83978269699874
0.5524049084883104	0.1996700021472644	71.03744217044007
0.538821024146442
0.3816565890060671
0.3156936457165322
0.7069377301913137	0.4750579775023837	126.7697247264739
0.3383165452388871
0.38351646031626757
0.3221687974989242
0.24893029549310286	0.41143516976070105	144.98673580754934
0.3709048548078196	0.31198042016833666	0.20368882656381154	161.22707384059686	87.03639143461847
0.4738958947591187
0.5103664157213308
0.6122336093412422
0.5710040433479077
0.5509987980188986	0.4212917691838104	138.99778939705104
0.48875829781646707	0.47321354297161794	100.03889755786439
0.42644641288201846
0.391973377152177
0.5010063571240223
0.674794342030706	0.5505980136470617	0.19959669368643124	131.06161470464002	66.36915873107299
0.51397097395679
0.28056672180817105	0.4154225642595953	152.23357696447988
0.5056970200809896
0.4524801407703308
0.4774169685958001
0.44977276900437413
0.4606660246731715
0.4194026368695189
0.48376311789367576
0.43975959228071904	0.46565636364247975	66.69647714293002
0.8751417750986804	0.37622203414271493	124.13035979034143
0.26967935945774446	0.8304312320599289	0.7855991261014034	0.2875959766302549	136.5691687350097	134.9699398912873	128.27321994141565
0.4782155142572697
0.3417934388709128
0.4687940559981223
0.31957854263900815
0.45490014761675124
0.36384927344514134
0.7399933714231876	0.6221235073401138	0.5217812076083139	151.83023672104284	140.4111716136506
0.5274724157826444	0.37394594953903826	147.2996464679595
0.45767893998724507
0.4500328304199855
0.5296978307801894
0.4400682684150153
0.5017283105933134
0.4833412348356349
0.4292866064172789
0.5672623518060159
0.4428539289091762
0.610266534346718	0.8032632883096057	0.43473282602795604	145.28970603989515	134.538333421919
0.42750902696188753
0.47997428723505525	0.2398914324525622	106.80088998433665
0.39645378574836393
0.3062821808292807	0.5517404267842025	149.510446616905
0.657388475693234
0.5693942216477755
0.4415394338691429	0.41826688415454644	91.11935837403551
0.5552702743232543
0.3663437298347909
0.5102364524819473
0.5330976269046779	0.4703118645295771	159.65726640969706
0.39512553829024566
0.3464073929315409	0.4795280057815408	94.68589816833514
0.3305379859529681
0.45424719353092424	0.4708730198789349	94.30493862393995
0.336364043825514
0.5941893758170894	0.5509763172237396	146.90745967553434
0.42578559402255073
0.5236415915854099
0.3976091930371091
0.4643589792285462
0.3785100233087006
0.519478202139568
0.4095698562606492	1.0707257745237448	66.26744130637739
0.53561456224355
0.39880234556300753
0.35234479787239326
0.6972210912732845	0.4305196653966655	115.87360962830294
0.33946911931741824
0.481099358723231
0.5432789028141879
0.5291263477628924
0.37504280894066	0.3772031204074863	143.76245109457827
0.3881662958616105
0.3567916437634875
0.3931241425959333
0.43243788830150787
0.47971014629600456	0.4268886902002701	75.51453484879883
0.3620355898667088	0.6101741456708439	0.34119314631629283	126.81106549805654	101.90353574214804
0.43593844384211194
0.388982426771699
0.11737967361618018	0.5339584022428039	160.18437656392513
0.41733222463961483
0.3713543523091854
0.49688658996840196	0.3153640846590721	78.91795394658249
0.5014509740028156
0.4293879687735558
0.42152352606833554
0.4517372767123158
0.5519688462311535
0.42255341132892743
0.34780036440375367
0.47044258797635224
0.4751858113566623
0.4028269427101925
0.3320133388314813
0.9321454055224085	0.5486400580239699	159.56231829012026
0.3930047744283179
0.801325749871647	0.4790112372896111	128.72440908734853
0.40426207019761723
0.47580982378626313
0.49027367264301075
0.3585787426455348
0.7307714601129364	0.33516679859732434	128.73064172545693
0.4970151236272541	0.5689675577317962	103.5736429725517
0.529968745989773
0.1381663340859696	0.3818455849587605	160.0925610842931
0.5908149029019137	0.48561121717777633	0.4160724283784282	149.78628623192682	80.57389040217281
0.4418546949830692
0.6734138283482494
0.4399872730044406
0.43210791754978645
0.5261219473398662
0.5137392322013744
0.4208769041327439
0.3600305911075318
0.420077345046162	0.33568723548150237	107.7767091393279
0.39247525020835483
0.614785570180425
0.5270375936653989
0.3444986761066469
0.41682765960505413
0.49848674031391504
0.5347339637235178	0.3300397935966101	82.68185891055292
0.5000066454342116
0.539008535668171
0.3781350997895201
0.3735152684874054
0.38242836053454865
0.4466511836718548
0.2810915729412424	0.45926506819208057	159.65666850479226
0.42458219385647766
0.3508740092374218
0.4329101265445582	0.26454363492367794	86.01235981187497
0.5933182946742039
0.45263349106009687	0.6045886503475194	146.32107506151462
0.5258120613302323
0.6732834315813627	0.3223594428628034	0.3894936385196825	74.44640796741001	70.4635853942216
0.5474521407260833
0.4466767705020455
0.6268711147125386
0.37648467200756136
0.5013989779580625	1.392098960595715	0.5361155954223245	116.24784935087024	107.44587497870563
0.6434660819364647	0.4043139246237311	136.74397276543445
0.5006687014830506	0.41743101267313204	118.68885389704816
0.9066311208965293	0.537214177649359	0.2073366517014051	127.0107683821435	76.42661861291866
0.2928584922265458
0.4343146845808403
0.37213762939963935
0.49827519694253103	1.7716183560567338	0.4416701085903329	117.59340913313905	107.68094311238815
0.42642511805247246
0.5910419132521204	1.169534249525449	0.3954418896832164	71.60146395342093	67.63457125523273
0.36463052885286534
0.504432039856366
0.27324684040719854	0.40717901315817967	146.76601518756365
0.5860135723268602
0.4975580540756506
0.41344167450207736
0.4915812788753713
0.48263043381435544	0.5027122269534615	74.06958228289986
0.3788162501808903
0.3794576181842676	0.4491638467067387	131.53361564606823
0.40751260146217144
0.4399510778464998
0.44329585640058167
0.4207248072109425
0.5507441158669798	0.23702234197995278	79.3186949034185
0.6391077458111	0.47393834985566186	106.47834352156534
0.8729621219732453	0.11144131579374014	0.38803334561655906	132.5608944969897	112.17659463472451
0.5615907018324523
0.3753567715172689
0.4435072663971682
0.4357905366671324
0.589672225743805
0.5090151539101678
0.47714683887530623
0.35390272192022115
0.37672829966690285	0.5188360046959817	126.64849711023913
0.399817272502445
0.4623777240364175
0.41081488155493734
0.45499133145585424	0.43619134666886356	76.7281862307492
0.36727068824256887
0.4413888561861761	0.392127170161538	100.47158407584001
0.43616337433995084
0.5322231468019248
0.4432034666464525
0.4819569038118573
0.41621663531249686
0.5613130015714518
0.4244164989187966
0.3404332207824693	0.5634466148517698	121.71320511442002
0.4104738201329768
0.5558387185950594
0.5002908914099189
0.3968584572048569
0.4691023149502086
0.44029735545709614
0.3956510708846497
0.47632133357579703
0.5058265735322628
0.43636422451876616
0.32714452753974876	0.6369251746253715	88.58608974187156
0.46719584446848356
0.25844040493468423	0.7561857074480406	155.48105988364858
0.3965485005650874	0.346834184071139	116.49446297423735
0.33823508965358745
0.5206523308257175
0.43490006617183913
0.5627217376629352
0.49302718180638727
0.4400252462561968
0.4531564388669267
0.4440199644539701
0.47229732939105146
0.4641617152961925
0.47922118167708955	0.3486097959401336	108.83346759403234
0.3669473860049671
0.4317517368331758
0.37735387205739435	0.35426087909939014	116.62604536917814
0.4990171630597856
0.4062417879270711
0.536306748693815
0.4381903050983692
0.40483423973194543
0.423566209798362	1.2095374608237353	0.44926959460745847	112.0410171669182	99.7298040353735
0.49938467574756534
0.4188488374560473
0.3977447781947306
0.4358600710200922
0.5869631982852862
0.3299568009620316
0.4155699291532335
0.5073892451154586
0.4491823625486587
0.46495011141826875
0.34195137274917126
0.5600599535217498
0.40344803522320294
0.40978305779989954
0.492880468785143
0.45154684360596115	0.7816912299734429	90.70177875167516
0.4011523989062497
0.2932353137663008
0.5142734083920018	0.4335839713945725	136.52170395061032
0.3077229220825646
0.3872387864196426
0.5143217553861905
0.9257029856227098	0.4904837476840704	150.45821289809732
0.4335655790102507
0.5259143921779372
0.5675782153965158
0.39947963583814466
0.3407815265582846
0.40027325669979774
0.4756994218451909
0.45149526517227917
0.42839841073220225
0.3727721357178956
0.46240493075485833
0.6626768839664794	0.39497056615896897	152.83064740848107
0.35540366191563294
0.3665297704433093
0.6770690135204325
0.5158538314254865
0.4303027654954747
0.2829413710087773
0.46535260139307516
0.4842513721715571
0.43105538132125165
0.4517400393371642
0.46623479465102124
0.39490344017608786
0.47433929862226865
0.46416822611396225
0.34084059813442313
0.46723913277108037	0.3239187082165788	101.65848554501807
0.3838947380814386
0.46595595518331406
0.3940938041879899
0.502648209277609
0.3760762065461998
0.4202809971033927
0.4400107423799794	0.17791042557542588	70.5821231899539
0.5836332577415421
0.42337513299452034	0.4673597037697216	83.95705298198206
0.5494017811798765
0.451023492607055
0.5935597564534766
0.44372660127952107
0.6027327212944337
0.3771134233945138
0.6259153175768151	0.4676951051711089	115.31774257810027
0.48824703280623305	0.32276794440825	97.67241915224915
0.3832487789152235
0.943258131648796	0.3184625541265134	134.6506073047477
0.6461434527950394	0.4026982391101741	139.99729222077832
0.45954874416562846
0.5113462590474668	0.4506719306313114	105.21199258470953
0.4921875825439881	1.501553657391391	0.5304427840333059	153.0519630793106	130.32529774574868
0.5026742854741921	0.5395306514339996	119.93214481655914
0.5780677562414466	0.5135807179735746	102.42332768534581
0.49448622197877257	0.38052091529400633	79.82196345549873
0.4643303765230543
0.28510928628946675	0.2753582089151926	155.01707640986925
0.3899192619592711
0.4208696295627345
0.35590801193763477
0.5277963410261354
0.41756413626649314
0.43985316582903633
0.48992265608839647
0.5712659415809612
0.42984185126231206
0.5542944036288886	0.5328088096715842	152.20510409695814
1.8543516895678136	0.46615412646458865	160.7804621674223
0.47201404609022746
0.3572959768081976
0.467633415930548	1.4295587870168134	0.5613138211992511	137.91417175619253	132.2187951059569
0.5549624731075601
0.3465463389593863
0.5748341556806659
0.48383669241814053	1.4864960273357435	0.3947651656845331	103.76917872095436	101.52147446935753
0.43450903976109145
0.4991894143137908
0.43625058558054425
0.40732300248501363
0.41035616246012274
0.4134077956001265
0.37671679180947787
0.46717361916055933
0.32801577967092166
0.35708087064919264	0.29433488926573986	145.82705434229828
0.16454114089092464	0.45079092876755605	155.2340901659503
0.3523450367635811
0.44593820378452703
0.5093076155961191
0.4858531494906133
0.4699243642052432
0.6020488102748125
0.29864909383377725
0.6462234091278094	0.4580554141577468	69.38222300863902
0.41503937441316674
0.4262944114241845
0.45642874861115423
0.43804191206153437	0.4104480701722227	0.5761957843938549	113.93620529804679	80.08092686868405
0.35936083825972964
0.34313577862969824
0.4004920175949689
0.5815105559477542
0.41615756890226896
0.43048014808426843	0.03093661121386998	0.5087678304691975	153.53508065395303	152.20382654865185
0.2784382867899437	2.4415223933336554	0.34540287220321125	0.5098396460054603	151.7199475633786	134.59220604133003	111.69384403506267
0.2863548418497333	0.46731432978121606	149.932324760064
0.2170235214584621	0.3718965662172017	150.49636742507914
0.42192636962704244
0.37449960184588843
0.4199280147559265
0.5017329978801505
0.3555922957235259
0.526271634955978
0.30639399528946815
0.4853558322014482
0.3662088508459742
0.8259123886092	0.47690327398015914	0.14673359380621195	141.50718468449782	69.92077818520043
0.46064389159950164
0.44679479722354754
0.504140133152598
0.479684568583812
0.3672731413298376
0.37693448747122815
0.3604474916573242
0.4270389764684794
0.5921674423739232
0.43967687001158284
0.5656436810833337
0.5691613479388701	0.3764303834191704	109.26856923911524
0.36302236452129144
0.4373793056523625
0.8186499386226845	0.326099641245973	128.73727223999248
0.3182431874222723
0.4272506262664086
0.3327375164122288
0.5065765062819519	0.5503219048043493	132.83785679240037
0.4808480155087272
0.42385748018366903
0.4399026495906246
0.4412188907817242
0.4687991915797673
0.48781587406542765
0.243877812241772
0.6057127667959236	0.3873272299760608	135.88725568932043
0.5650782249691545
0.5132909661014181
0.5468959216126156
0.5048846565575879
0.527268388915835
0.40577835699082115
0.4526678244068143
0.5524075709127957	0.16020753655549125	68.22396339116496
0.16684795452319	0.4287780345220113	142.7052888109296
0.5512835366209883
0.41982486267713254
0.41293553992944576
0.46014976287915976
0.4757496996799932
0.4043882378484204
0.5123686013712946
0.5981993304047046
0.4646927468112494
0.3362066916994312
0.47529483009291873
0.45658541361531657
0.41243385297679874	0.5531105889344492	0.45745937773866563	160.01776901849357	136.89244720140053
0.45253787787487665
0.40334933467781203
0.42478630664937644
0.47073097383919704
0.4584476176275671
0.3494655905449068
0.4437551086367804	0.3677209599399852	109.72674275030147
0.34435836390203084	0.6629626192876179	109.71295408436252
0.31875306743131154
0.47417209697168394
0.4059344184722613
0.38728753723494286
0.6067027662625994	0.47713264128636124	158.90582114796186
0.6036711646291315	0.4140800012914544	111.03853766446397
0.41358582205150246
0.3711750639360862
0.4167784332102794
0.3411912669746852
0.6165513398860206	0.5067285890172395	127.86335391226264
0.3888153591278159
0.621033724015365	0.48783099407805175	158.60914551447206
0.4607812180074831
0.4773109342750189
0.42924478986724
0.49522337964700874
0.4471269500135087
0.5725956962680219
0.49785969888321696	0.5111069904774603	80.67546326850854
0.4560541078137193	0.427594389584399	145.834066270407
0.43267846352004313
0.2419226942032745	0.5224024946145832	116.32839863630056
0.3665340386936654
0.7707292391521054	0.49694128966596945	124.4261113428987
0.5604305893796995
0.45905646158782387
0.3039746513454743
0.4082633628988452
0.43150121480618925	0.26803520471736353	132.0665313322329
0.46348475968279323
0.8683731777859358	0.41663059799257796	128.81591847085667
0.39461591660579637
0.46671863131621905
0.660167886751951	0.5059071504390104	135.42150983234694
0.4958012228433516	0.5435935063984652	130.92270899770187
0.41322061809023847
0.2642303656674213	0.3457578706706344	146.70840455087483
0.47513655878538164
0.4865921946217988
0.2858294482718002
0.5574789616979859
0.5753645662484159
0.5355026255887609	0.607263728930352	84.29578976718376
0.34602462301436215	0.500145277849619	86.25844529945783
0.4196977161518133
0.5945254127867227
0.4257073595435861
0.588955432088141	0.30090512315392126	73.82790759266614
0.32014377453035536
0.35608915312218264
0.5623047043843534
0.44348340517229395
0.519340320790747
0.4433886873959948
0.38326661806007706	0.10824195632205175	0.3666953291234937	147.3173163604148	116.96436301517379
0.2854137890943599	0.5964459532701055	90.44401995362381
0.6622120985675324	0.35256980769561547	125.75752381825768
0.44662654599027846
0.45016917583224586
0.3398974105634386	0.25560253422607476	0.37404487790366536	104.8935150987324	82.68635413000506
0.3586729076653313
0.3687326898668226
0.4196032076784309
0.6028613980800317
0.34635170779359736
0.3654836603142793
0.6071755725334885	0.0636187742664685	70.44588718089618
0.45385856920845347	0.5949551634500452	72.69778456567346
0.4749787656252561
0.37825720516265504
0.45874724393207467
0.42915199885033706
0.4240039469357519
0.4021619221599288	0.37555136260126143	142.03540645801593
0.5256555557147847
0.5407387106760513	0.3364581410128587	129.37006886776138
0.5260604042731688
0.431658377314767
0.46210399545483377
0.3916004807103003
0.5161604774061785	0.49281237298398173	66.22221452623855
0.5351073426349386
0.5262275433872377
0.5647467522729082
0.3106033648582859	0.32403427028430387	145.20507279864523
0.334210045178869
0.43461718689227335
0.41170641424724347
0.44555239789281986
0.3709403892725151
0.5176273400210716
0.27512154815871986	0.9021375503264684	0.29071470844424935	159.91077039236058	102.30382330550036
0.45458695796893994
0.6000150837527599
0.47372911131705
0.41102182560262707
0.4596003592509124
0.4520653506297489
0.45262496010714415
0.5159434189113961
0.4847943414094623
0.44525519725411916
0.628477025341003
0.39806946163605794
1.6589104856481014	0.3916475898007129	161.31221285460467
0.4467805394379218	0.12876185644957505	69.6801467409743
0.42783043227923373
0.4235907931701204
0.48821013232052435
0.5796700044188483	0.3051629603682916	126.50707266740847
0.6617517778987891
0.4794754195329514
0.41850861295671604
0.6247019126004715	0.4741185869463048	93.06037350064656
0.41766145655178893
0.43647034161653636
0.6874514763104704
0.36928714099192084
0.5875075797781236	0.4547323468475878	109.53276928628486
0.2913406572989544	0.27094983890658914	142.6604906714551
0.339103955030571
0.38197715633022233
0.46629702926047384
0.4538725532074263
0.3211766879031686	2.134417102657447	0.37214737770167666	152.14582696406146	133.09205240554343
0.48968804163854096
0.6721331143564926	0.44277371868133203	145.17200319665034
0.620370304209906	0.3577871043604449	125.18151144330506
0.2481774870689148
1.5311440449741942	0.290947501308841	133.9224866736156
0.43127412301157586
0.5958887523316125
0.5501510662142594	0.3212063253229321	81.79366619645477
0.5578118627362344
0.43319931620680685
0.39769129026154665
0.4300630995316369
0.407512124035963
0.605666440161939
0.6590857859518436	0.3334622806155964	161.54799782381872
0.345017696713343
0.4060761405418774	0.43241745020014505	139.86235017817225
0.48518093362287695
0.3860134984412324
0.5448294850693685
0.42556883300510034
0.4579314650848653
0.42315281286391954
0.44039384334107273
0.44042182620555337
0.7728385196414153	0.3898341984452616	128.77007338393517
0.38430632683534854
0.3257645846607067	0.3353911907937015	0.4428685530907092	156.04368007585546	129.73472018837253
0.44067092374405975
0.7564746949162467	0.16130380442680853	0.9392861530450596	0.47048244305487424	125.35905256606463	117.42640094617889	103.35906777904917
0.338312483434241
0.4588192888937289
0.49619191360104076
0.4647790386017095
0.5121358900550272
0.47430648313033835
0.3699179973052819	0.3395340960260158	76.06038696235761
0.4168002828197697
0.380654120658843	0.23825660415593894	69.90502582965703
0.32223133660491643
0.38776802551433853
0.5539049056791854
0.4627602060769325
0.2847087645259113
0.3768952101698827
0.35549782201225755
0.4719490126961351
0.3636418333486491
0.3853989609716299	0.49638735467149286	107.3662663797007
0.10690067351094162	0.2533268316080305	0.38577050428616694	160.5614674671976	138.22197035667256
0.506647964170203	0.446138451190454	159.56719939064772
0.510204867644214
0.5397330949040283	0.0918705266015258	69.79568215291002
0.5966975986416596	0.36069466761941965	81.01923205749216
0.07059807493660344	0.6381727176074065	157.27168367966354
0.41977937400305576	0.7249990367306475	0.4782596512796353	117.76788181965503	102.66734240997776
0.49610282356755514
0.5079856774806967
0.4865246266079375
0.362139121849547
0.6153820529273981	0.4730113995151679	153.31128430589004
0.4156019610672116
0.40386115815642293
0.5158006789305042
0.38153244358299376
0.37285840497084133
0.3876999985696391
0.4231763149991959	0.3564395218467467	111.7857782798061
0.45165154385484063
0.5024119629314072	0.31270634416743953	70.43159908715735
0.3692937475953531
0.43287013129754087
0.4419733385665002
0.586372933765505	0.5645774068952009	139.92300180018725
0.44021961017891953	0.05674740058295944	0.4184157506832642	125.20136756222341	115.81061026997794
0.3521419158111456
0.3899895175140493	0.3802102588226351	71.39643203581532
0.27832431581050604
0.43578715426783465
0.4013230789710839
0.4848702752157315
0.4740445303548769
0.4007088502523252
0.4669067250579055
0.4835486498276415
0.5430100515985341
0.48139846799706015
0.46176800970608123
0.5183686004658621	0.45526268324845137	120.93886132557076
0.589558256673027
0.5425132862629353
0.44222479867086745
0.47875226466257936
0.4635089548286482
0.4666725756205731
0.527768720745157	0.0633868111997859	0.4680490693721588	125.19816237068456	111.24699551423458
0.4103453244375667
1.3332795128949795	0.47897601242847787	161.02917198383005
0.3300148206661236
0.39886108506320683
0.5707750722499123
0.4053695658173957
0.47442365452682117
0.3982390315816146
0.4022251339591753
0.35451741738066994
0.29293580120116103
0.4946978689236491
0.3388997475739824
0.37666357210951257
0.35829795098194384	0.5410391678214633	106.82388167152736
0.47646010293412366
0.5178453070590391
0.34948963209278466
0.4046160897966916
0.4095907174767794
0.5225941208130083
0.5178228130942504	0.4084786355853461	148.68775543782854
0.42519311972781515
0.48359801194585655
0.5076986583942454
0.5001398305715358
0.3515783703236944	0.49332255163539457	77.21673968101616
0.372845450161692
0.47602743251113416
0.3507751045573757	0.44444711213445337	134.37922908511732
0.564066924171538
0.5057052028000265	0.4275363074730171	127.55830532500289
0.5010277339187705	0.440968721445916	0.6414206528619268	124.71893021032727	90.11701926200736
0.5088593005927775
0.3781483910488886	0.07274498807860919	69.17195686089725
0.29613695537004925
0.4017054461919058
0.5649269444480575
0.3958361332613172
0.365237966869854
0.4494100175372327
0.48721398647972286
0.5398930486406636
0.3918486838577767
0.5142220106938443
0.5469737975836493	0.4455662634263896	102.53299300268283
0.4718937643119445
0.5596846489348509
0.3974256909754792
1.095886206013221	0.3705210719632789	129.1484699534219
0.4379512862074414	0.7407437628618581	91.3826450455097
0.3891571705973954	0.13708844081820604	0.3526586796216787	128.07313582127628	117.08396478810761
0.30182551730392587
0.46882246167945474
0.5057562895014803
0.46787357743948205	0.1818514192935905	0.44044415330074776	100.15133671995237	87.30077092459136
0.4605861491403291
0.31110206983279265	0.7704185125240204	0.4701642300637581	117.6774526044747	92.47234121580738
0.40911015950033636
0.6980017175707709	0.3685961028132659	127.49002760261936
0.3188941123359552	0.34615855534689083	87.98463248086928
0.485257942469598
0.5804124283223854
0.40679653734278204
0.49803151726914857
0.4592110901149898	0.466373749489576	126.6847021088785
0.41167756080539814
1.1205300856757467	0.5370908864499337	149.32426848557492
0.9426850387873625	0.4716685741125064	130.02219216494157
0.6132317165945601
0.5132968006438018
0.43162592848683196
0.5842751527360056	0.4854613327162185	78.10026636483731
0.47005301606879374	0.3753931662097365	130.62735603473675
0.422886426575377
0.48411391326920844
0.5120379828121172
0.38014099610558455
0.5652474571184178
0.6525264227285142	0.39555714759752686	77.6309850067135
0.5390560306799317
0.4027166074935579
0.8424594099984719	0.4139814523175782	126.77754996120893
0.6515950121025024	0.4022116882029429	102.67780035920474
0.5212227588910946
0.4299995682523163
0.33997549229495694
0.41691061443049415
0.4731936991659041
0.23572991826052445	2.9538781267691867	0.5843129142562112	148.73630632531976	143.225076580173
0.9318349825810289	0.4117725450639913	130.19013862415804
0.4089061492999874
0.4040400555924747
0.48238970697035816
0.4984516678016444
0.4255465703223627
0.4865034907310078
0.3422127688439619
0.4506006805127971
0.4425308817615794	1.1678865256324007	0.31391617105229663	148.87080043372876	127.97318945978938
0.4658639236349374	0.3513353340083887	72.15222680994958
0.32073201492249653
0.6427364828959795	0.2849208572331177	68.6278240554231
0.573878986900893
0.3845036433005523	0.5418829173858007	133.52224623439778
0.40259369943832907
0.39038241655657707
0.46522862637014084
0.37462154571291134
0.3905285911077558	0.5860220494667515	110.25373990828132
0.5067436188625064
0.5466493784109292
0.281875762773674
0.44016257296819244
0.4491793212107523
0.36894730041241136
0.46183546460297026
0.5608614166420852
0.44229610926833623	0.4229235391823939	145.9795237279378
0.4334609904128803
0.5034514809446442
0.57463090149782	0.3728639602559634	0.9710167934871835	129.8249156648854	71.4836759143591
0.4613185348063636
0.3749836118663984
0.4789057233685672
0.486347886513077	0.5103667159452525	142.5597610636071
0.5103244295826757
0.4622498677380355
0.43857797915240926
0.29360376367760155	0.36723841121907214	110.30263238483391
0.4319144257615131
0.3996095328460774
0.4761708746234802
0.3358868172678736
0.3155295458984097	0.6359360616989752	115.95502416554842
0.5238021342059415
0.25167542325103853	0.5054506987133792	156.17558692000603
0.30896029759573307
0.497485440089492
0.4481873470877373
0.3860506859270759
0.4706212758463512
0.4484536827375365
0.4668805834177841
0.3881885521459073
0.35974220175632293	0.5334372720786651	101.97689279019718
0.47476131828265483
0.46150558588655777
0.47446977713165017
0.49523118443068376	0.07901965222794313	69.19297651933105
0.4149829305821804
0.7129601305805193	0.29036317289265545	110.96058815460998
0.799464745172648	0.3573263126836478	158.86114787151035
0.7454905738178155	0.4970301391956164	131.36697519837017
0.38983452856804446
0.38144259188186413
0.39783518391548983
0.5737182722776862
0.419538810782316
0.7011320775611452	0.43669586622312845	160.98484784936818
0.3892460172863451
0.5307649329071189
0.470392816715106
0.46297254298577817	0.5410745934361552	120.8097930029534
0.4761941867651097
0.44423862249373347
0.7613554055991439	0.43879058329329823	131.4740281466067
0.453473429824165
0.5811892002840158
0.38646258116999915	0.5701020364721782	0.43765566567970776	113.63853778301308	71.80270397592464
0.36471538333377007
0.5039850970179186
0.2814579901302058
0.3807221821938728
0.42199656487037496
0.45129505889320487	0.4411268651651076	114.78816693156216
0.4858560087435023
0.4117969174932743
