0.21724600538099748
0.36371821341069227
0.434194402687624
0.47762437266846314	0.67466213861664	71.0334286222933
0.4242658486303382
0.45524607693517544
0.35526830511295965
0.5861223261281381	0.41720119451925974	148.34039600454196
0.38516066715352093	0.5432611425054001	122.47165008875601
0.22413796941299083	0.3411948198932775	151.30708637382426
0.4673814747486739
0.4183894104522396
0.22242318161449776	0.4011052693710601	0.5079551817785982	150.17829486215248	77.26691922878571
0.5615104927722099
0.47732245990012734
0.35614285579711846
0.36669090007175775
0.7055595514415764	0.18448014047483288	3.2393924280421498	0.27319017142043966	137.9306755779485	120.30505471724915	100.07471172611716
0.5039909625230954	0.46644486832171	139.16079725813245
0.3839173043283308	0.7386789078381891	73.50039520649824
0.5291193883906024
0.4842088672652737	0.44745413895323033	120.34796748458172
0.46896854433663215
0.5553298150797468
0.42843745724300025
0.44467134827730564
0.85713936689086	0.2946856086150231	135.95370175680483
0.41604602055608
0.4932755705276649
0.5107447897442197
0.5399453700476342
0.3188708458951	0.8269745901915354	0.41671126529841473	158.04558873840915	124.72450859555042
0.4191618172572072
0.40399130555688456	0.5746691177337937	114.3172574300872
0.37023211542028306
0.3248686411523064	1.011776168531732	71.71919523155866
0.38342766667166833
0.38075004953366465
0.49443427645556465
0.39260851835097893
0.39512874547652993
0.4539615744483013
0.5062858529665684
0.39811932445941867	0.3457063490941716	97.28245824290691
0.41301132130605284
0.4104550003334208
0.34763289338277953	0.42437975026475133	138.81267691888664
0.3857328758798582
0.395390797270294
0.4699895273855647
0.30388326338073585
0.8407150846426017	0.44401365658750924	113.87812020151898
0.34557423052622965
0.6297878625604442	1.7666639019915957	0.5115961638288717	1.8520862525767	0.6362577157995146	132.80011355311126	129.45295300094503	122.49005149664308	106.56372637597885
0.4593568179965466
0.5713313944382773
0.40296637315788897
0.6061547240385389	0.6308087780461543	153.88978715675506
0.40582926362489685
0.5407136262368889
0.34406394755184033
0.4099748488189939	0.1665074378624854	0.3868673166760346	149.14061912113922	143.46573488239383
0.3826526668725003
0.3991592274091521	0.4208239013579156	124.06735187261866
0.37348218950508616
0.41369223975730823
0.20898057921366175	0.41185113145833696	113.04377049355296
0.26677308275053463	0.35510713497989416	153.614018920746
0.37472816983929264
0.43074184235182933
0.43246812225468606
0.45996368241010904
0.3444351312524954
0.39097956618582935
0.46934387672694217
0.5320382914870359
0.4965154787610484
0.5513073747530851	0.22891087063883275	0.5092655906779839	140.79810083325117	70.65200815275567
0.432512545038086
0.5095169578677279	0.5146223853367291	148.71126038197755
0.2739070918361489	0.4202082045828745	1.0055264244353446	100.08300805224852	67.34874559712844
0.3580513039485256
0.46523887315970475
0.5070962101000528
0.48395323986036115
0.32618253980593037
0.5188218890080831	0.25745859021368983	0.6152235533965935	136.89686165962974	74.23925774716272
0.44746084318017193	0.7014947078485593	71.81418702611185
0.12017022840508942	0.3811399592758433	0.41267438612428053	158.6303561403479	75.78397207013421
0.3662495574570678
0.45431359948702726	0.07256070517990111	66.41852037103297
0.3468014379813885
0.4757256782986442
0.4685818093369536	0.7077886957274248	71.7280202422978
0.5305645611661135
0.4043656610370399
0.29591072826093234	0.4598863942131337	98.8471706252561
0.9950609101284319	0.42993406848473414	151.70531546110095
0.4614486241296361
0.13341066247171884	3.7550206853347685	0.4872313277458094	153.80375138695035	128.2739416395255
0.09601941260378334	1.386941853653399	0.4675824034457872	153.95028514463652	145.94738636085836
0.17466705946567343	0.46767157477755317	153.63188057097148
0.38280738098606987
0.12999050322335665	0.4175677023496114	160.671119730326
0.4552147327340172
0.22612277594689234	1.506844713915475	0.5028625037756712	111.84228579823882	104.64794946989511
0.4366006343697168
0.396633242493706
0.3995017772425298
0.39545065437363386
0.3537061653466641
0.3541818790075624	0.2585387665953602	0.4163363065199038	105.03903334562973	97.68101942342584
0.6267532984117737
0.421583263465315
0.45777951034024444
0.48298187123342345
0.4279253419373798
0.44806793068656864
0.5335597571496673
0.5820694680404723
0.4115629810788481	0.4372523821922439	71.12313159117618
0.49007095245113624
0.5336965179475549
0.5351121091154504
0.3084877002574757
0.46834322426165004	0.38080501897123875	98.54800519575177
0.5766305819083799	0.4367018556255937	0.5863115623592416	130.6593666334424	90.2446043595517
0.36577622444725066
0.6538892753457691	0.49556219903016446	84.31515908058506
0.6276078738950293
0.41273574238165034	0.6143241981306704	76.9933667771413
0.4183616301232473
0.3637985267006774
0.5077193135509367
0.5211287987355344
0.4108630931191261
0.4534651073233489
0.42931431204671644
0.4463404736522498
0.5355285502277226
0.4056589932842339
0.39715586083357807
0.44593388124832606
0.3631409875524569
0.35815650872564203
0.4531393430808218	0.6054361953190657	70.98159174366342
0.3682051518751745
0.36728174864329555
0.4184272567096267
0.5110020407769389
0.4861289945150181
0.5026274573026531
0.19675885469978482	0.09503109631418981	1.8530775354021878	0.5539402725529694	160.29432224853213	153.36622987697527	139.99260587525256
0.5744361644075009
0.5475299318679364
0.5747691191791732
0.26018949615337933	0.6387480234487529	71.20699538798237
0.3499527836858857
0.29875097667729034	0.3628408675925357	154.8585703113154
0.5157281818199044
0.43497264246773976
0.3485335103182594
0.4263206544697254
0.4356757439933101
0.44400858522389913
0.507112863050808
0.4122076133965989
0.5493962890463437
0.6041489776718972
0.44527979752230856
0.4849648740262105
0.4317425640636457
0.4502983311766081
0.6018486943681776	2.6288185502279777	66.36156331885559
0.6169975708899887	0.4006586529263262	138.37796274908007
0.3387406364160832
0.3945190797072795
0.46552077026062205
0.34047848576982365
0.5384637529429933
0.5196740086505012	0.4523127467409793	93.96156410670761
0.3534237087227528
0.6599006694495112	0.4027541733932694	134.2439287032046
0.5060779013577162
0.3982675928487479
0.5218059986807693
0.36039823122491527
0.5542179574297911
0.44301066082268226
0.6134882116795531
0.3418832948379291	0.47834096644070495	82.9728092373282
0.4724471974555777
0.45138218003708097	0.33507238880038526	102.90647095699242
0.39605928490628084
0.5952372086923957	0.19586557754123968	1.091195031152306	82.7943323166324	72.84429329230812
0.37576132126980916
0.43762133327388036
0.31116307401493504	0.42520667371516147	159.47771575439575
0.4773843866861655
0.5051926402411205
0.583890996135334
0.3746792614671391
0.3654010225492658
0.33401791182081725
0.5428001443458376
0.3274057457984156	0.8358197758096731	67.05704827415154
0.5013856855499892	0.3341900327925165	83.58327080200526
0.5947672508506235
0.7136554283920223	0.34559165592342284	129.29966475181766
0.4978428367313909
0.39912839438963843	0.830533060802275	67.244196881497
0.30982845758511257
0.46765071148245274	0.612187616790901	89.48994032368904
0.5914944252620282
0.3580461078833123	1.1885970573056475	0.4017451883795122	122.78190259321123	100.08908138344738
0.48878114446778337	0.8894156755436197	66.14903173783587
0.3778142254936427
0.38477004605801246	0.9315779374728158	72.26037989811599
0.5476031698323579	0.43615210895419065	126.47825636946486
0.19579244205008609	0.5365831787280669	152.50195272624643
0.534596538014926
0.5174868795773545
0.5994120869514031
0.33727424060123995	0.5028855057485965	133.80763765613648
0.32322506034403475	0.600410422598474	0.3923265650184136	115.80931022345325	97.10433463504802
0.5924916954120967
0.42614423088314796
0.40193008446582545
0.4310558885881449
0.47747415628172507
0.3760244339775232
0.4606121186272413
0.48963201607318274	0.3208902906688162	93.71267613000329
0.3005034495466406
0.36224696304513704
0.38321114114316757
0.42995681964721577
0.45081613576482393
0.4182741813309819
0.515567601637946	0.7648954612060616	71.57168692668918
0.5225422549885728
0.4247910993259225	0.39889393479128094	140.84529700275712
0.5473568678866811
0.4678790511516955
0.4818990732965505
0.4082513501344058
0.32587114102349235
0.38820891345816105
0.5149358943677783
0.4779162755200919
0.37324672684032845	1.5033216998879122	0.22902104372731688	0.3818883050364549	142.3405191336415	133.9194990401181	99.42473221701722
0.5159611913433279
0.4403015068379929
0.47457803901450263
0.22195942052404521	0.7312689085949737	0.37428613916694603	159.13213952016181	138.609905943039
0.356535290494017
0.7641710742309696	0.778240067287794	83.992431814255
0.5302614871096725	0.44339746860336116	105.25630706729956
0.4019569821603091
0.36988830313064824
0.3643186321743066	0.6334801683934543	159.72356931820678
0.3983177968101498
0.3905676859905394
0.44220353066672113
0.376835519530342
0.5064554240872297
0.5106911339726379
0.4045988124654659
0.1788587218555647	0.43314015874066303	157.19085613551854
0.5282601304312492	0.4847468615783791	138.46425299251328
0.7341891668652273	0.270858251274568	104.47475952809565
0.44486859273957213
0.5939947395486543	0.45977440965796396	94.01997792136001
0.5224243894618454
0.4478278210623979
0.4252695542949981
0.4604093007747991	0.4039055885490928	74.23323956439498
0.3375159066776037
0.46423638784499033
0.5198431848984697
0.47585403968154394
0.6983276958329012	1.3045422917791667	0.5367991032010907	132.02153435951826	127.83230562751636
0.7274267781729663	0.1301392083497211	0.32722627398545323	100.13171089159519	91.75036281866569
0.6695203995263456	0.4232253114261444	97.3439992660395
0.4305348073874626
0.44542052943593985
0.5235050422564341	0.5253833201704404	161.75898301656446
0.39020886961547313
0.4359082376803214
0.6006867333838442
0.4484611337650007	0.27292471814819663	66.6920447734181
0.8576210179683831	0.38314335217383005	148.75625285904374
0.42922900250946794
0.5131279861197794
0.39674643177615126
0.5090306608355557
0.9738669573613412	0.2989158627892107	0.4246693386902287	128.5443805726922	91.58595459127615
0.6226218989582403
0.34830344632087445
0.51247467682808
0.4750535806035265
0.47462673449194215
0.41428690158220166	0.8300263264925942	67.32843951981853
0.5073379620799596
0.40439186828548557
0.3542610297778446
0.5135974220419285
0.41736155241499917
0.5156992723262379
0.44977419186600043
0.404070705381758
0.5128460322528597
0.47109381437954573
0.45657418196799965
0.4157742447329848
0.30903964373424
0.2739403632241817	0.5798293968287991	141.89240899863157
0.5041468219189789
0.31270779384360176	1.2097226830478134	0.39196156499091644	147.31033124375358	135.86771930438067
0.6558259680903972
0.3773621583882952
0.4735429985951066
0.36109035417506435	0.8554235559714877	72.08043162479404
0.48379100607400355	0.4772742300941819	73.37329411216237
0.4469861642966158
0.53036092208625
0.3521623114712408
0.40281457037379226	0.2942833247359282	103.9556323454602
0.5165744784453038
0.5277594398022576
0.5088361710458623
0.49774963558254776
0.38924208558973744	0.3797857975354123	111.25531385444354
0.3445210962655391
0.3195895940708216
0.42557249794101304
0.4473361452819653
0.5604582133363859
0.4733259398516509
0.49043719226397386
0.48855678185892815
0.504503679199042
0.4894228785663722
0.42058259527720787
0.3919205017136659
0.5537566348967287
0.4167634938323275
0.33449563301288643
0.4924757640709914	0.45752096103000095	69.32059204876941
0.43130057380182907
0.4188087807314276
0.7316181379815185	0.4598810078155626	130.44565572832806
0.42754177906005975
0.5724578758833326
0.4716695527790818
0.3902186485945177
0.4973533165229243
0.46765866152530117
0.3811027281048305
0.3717840312052719
0.4808155429741349
0.44083034347921785
0.49432647670559987
0.49773723022615757
0.3989220496347357	0.501498470415709	103.66968248154971
0.5160024200945151	0.9231800598195055	67.3857288136412
0.4774744749783075
0.44774784576109444	0.4830773842497373	76.44865529138434
0.4004001977349654
0.5586514306169388
0.4042249187640963
0.615435325566194
0.5350703502948683
0.5317039602386672
0.7922995477746322	0.46145670122433696	161.3589216444247
0.49636415860807886
0.4720776789694103
0.5902490501634126
0.4117682055814162
0.9165012321146475	0.32654137690302076	135.3903919680004
0.5407372649139968
0.4013449622861918
0.4654919242846463
0.8390349139133163	0.3518301135221825	146.37332999363508
0.4837560601267811
0.4648379957670397
0.47605619813278505
0.49773080319491475
0.40590033758096006
0.4627554349880875
0.5444768320976783	0.36171946905304925	137.4948736732634
0.2029869635475369	0.3977053946735677	157.10855053899758
0.35897013819058077	0.45738332607899707	129.48737451201367
0.47489272148860606
0.5142791403907456
0.4044242686875393
0.7259379643019899	0.4614235744395252	147.69644290793212
0.3182358313643216
0.3066481032496595
0.4196992232074387
0.4458849800607135
0.4711388046140005	0.5684825582989622	118.83402036070444
0.4568772062034705
0.34392268644521545	0.9414519208703224	71.81945171760327
0.5948444071417015
0.13991110721650188	0.6066437606814844	154.90894824335936
0.6550296328632667	0.35653450122077524	108.5489226809229
0.3842604848057981
0.4265596228934566	0.4573477702460769	0.5901920376353076	114.26710684701506	70.83320679706324
0.47870948278088077
0.43256609969041476
0.33786030003307893
0.4202270888921769
0.617151978909672	0.4733119654323289	138.1407980428337
0.5504113778142131	0.45384897862819074	129.53318919092288
0.48846711391464137
0.4353589636686776
0.30816856910483365
0.475278852652631
0.4934004960818068
0.43225127463079593
0.4527050334900706
0.33972857476560137
0.4709244885732114
0.44133480125943186	1.432556891226091	67.59057363780806
0.4336760007052984
0.5074827394623691
0.4425044429090277
0.2879866690831353
0.4169160813839579
0.4413957425921398
0.4929926134789034
0.5693605320077866
0.40781063988091343
0.5597852131876774
0.38857005359893393
0.5025417741626614
0.5169364223253844
0.43801501085616695
0.4615286990275259	1.6623366549974348	69.89475871489797
0.10686580682697523	0.45626956668030827	156.8383217445146
0.3196190749634814
0.4591876664550791
0.3837812960417397
0.29667009146177287	0.677873684667205	73.81146266592849
0.3611516737486843
0.46363269472885066
0.40446148043620833
0.4456042769484715
0.4022204572457486
0.38233325364240467
0.5076275195603567
0.5037860005062478
0.2588684869787653	0.3329045236157899	0.5403787276848883	159.585593043288	120.38070576375152
0.377638295962866
0.3837359173391964
0.4753548735353667
0.5597433606386958
0.45879917753727917
0.48574036336424836
0.47447785076093224	0.5508623960864584	0.40288515242423106	130.14483186631546	91.74339826136527
0.5093719092381989
0.32512153905608243
0.30855521662067664
0.6287528144987767
0.5937570804381022
0.43664694963997086	0.5837744847652706	71.7559296729928
0.44942860340809526
0.42263688617754874
0.465162802220628	0.7807936092020373	72.64622899586055
0.4834054250027592
0.45933936215036164
0.3497157022507667
0.5440485089950513
0.3300081711919779	3.294372241338944	0.29877367645141245	152.78023566469727	131.66140062181947
0.3031792175726938	2.2363535780100148	0.4399502062177208	149.92336398143973	129.739790959714
0.43711024019947636	3.51138900941432	0.5125381548839298	151.20463543626414	129.23313656281192
0.16860678276854701	1.8782942681886166	0.5867963608363219	0.48810862959848306	154.10758614509712	131.9347310212267	97.86867278181087
0.20821796372266255	0.7587645705666777	0.3389616381747386	152.76272551438674	128.87386343441037
0.5134187359223594
0.3369397539098052	0.45315423269737426	90.1275259772868
0.3710756394424794
0.630159794082172
0.45762718559942844
0.3493533678791181	0.7207959757344308	72.9081971473578
0.18409901065882356	0.5765462805071969	123.43986080414102
0.3803562538562813
0.5608597531421148
0.49085843834224957
0.5286874793892546
0.3965549814346794
0.47843598724116926
0.507540664558995
0.26106520107307407	0.7685534253929894	0.5218396806420867	158.11406572997973	132.5221151019421
0.4779602381352171	0.27982314127702185	95.0510987238936
0.561515342270516
0.43949694209517565	0.6171505930144505	155.8985811757927
0.4170363481051491
0.35753946431357203
0.6140246235301569
0.39193580049466314
0.38427620841863963	0.6474472465064262	114.72446818930631
0.3845013536223135
0.16511296859141178	0.6204065983708054	158.29896636529978
0.33683508428691133
0.26977749988078153
0.6185745345521695
0.535471258639208
0.38434815624528434
0.36562746238742044
0.3676788689677738
0.48010834361793925
0.629049367126879
0.4058797341276725
0.3866833088863805
0.3209405858360326
0.4851490275378975
0.9710712436487363	0.41388425040319965	131.93610171039202
0.40523757480223715
0.5428585847849562
0.3504547204398716
0.48191099644556484
0.30009314920941427	0.663806810591534	119.92591083796874
0.17692013265629214	1.2467932338790315	0.46329785285062436	150.80615672362245	148.35280615440266
0.46237878854472064
0.38382568068580264
0.40560453783588946	0.9913347020472945	73.20124192108172
0.5033889449067785	0.3273680344493019	115.94277799305468
0.4122177124017453
0.3748784874662186	0.47375983249390397	134.66037740563021
0.09771810521545828	3.296823499714661	0.3224573596130861	0.8302983342363676	152.5628330294929	133.82090137531293	73.7107135407328
0.056278154489694386	4.786604260344623	0.6080656702280325	153.73671134627511	132.59709516754089
0.3025450893557774	1.2397448166089515	0.2721244609598338	0.34619182800193715	153.5685523346931	133.66086026879836	91.73065736227836
0.1975177425826502	3.423310998706151	0.4613967380532643	149.6240652332313	133.13687444361022
0.1925761790778865	1.4569667408665032	0.5530176721524108	155.28905847548296	138.15238595587584
0.36910039749623264	3.0298210592037393	0.18251607079492607	0.895193447795181	0.4441064806078662	151.98502771027987	130.33703133102262	122.61559526726116	117.51523723662518
0.6856725101816268	0.48936020722823464	158.7890618869395
0.20989564082353476	0.280244584141223	0.45696210337342014	157.5970200786836	91.30598418457156
0.5447971169394443
0.4281314506291323
0.553361674762634
0.1906279900767129	0.42805918274951293	154.00861786885986
0.7075498683304876
0.4833455728682682	0.7883765157025112	72.88140727511897
0.3154844770595905	0.292207962869535	0.3873876669252009	83.55145199269246	67.99585641292695
0.5930061069798398	0.5071791255103006	139.4520448080939
0.5153134098887984
0.4656792360729303	1.515630415439764	66.37434431035851
0.4169266456764562
0.35750451952843815
0.5372896247145991
0.5352292603114017
0.3265654377145388
0.44809706555020146
0.38373414762997576
0.40171863453981577
0.3353966093810465
0.378605829522427
0.42614917884245435
0.333592455904373
0.4131551598525083
0.5424855029023639
0.4584176765343864
0.2307809633559896	0.5003524268143128	161.37782923042957
0.36458169630861337
0.38584718282452074
0.4239027199025974	0.2573780338227235	127.5648388126807
0.577270726454262
0.36999670658120276
0.642315273973431
0.5420514582157957
0.4366271065147743
0.504536398631111	0.21385317917079072	0.5743127066178315	127.73684472740467	123.63685913983203
0.4399617310919041
0.7385209920931167	1.9163650358145148	0.6163075813050356	151.8895493963528	136.28271608575207
0.4836864973940289
0.541925679031494
0.21280009285178908	0.5652576969635547	144.5210350970827
0.33811443496959653	0.46133713203136567	147.15839195019197
0.7914522486772505	0.396778154245626	129.29981984124728
0.40013396388965394
0.4238997855757556
0.41967892307466337
0.42304506064408814	1.2051916300817551	0.3635572301907607	155.11488466432675	132.93873203457844
0.6317092953957874
0.3498177074795071
0.358734702888055
0.49084515243306565
0.3572285153010921
0.3884480476910394
0.3954719366092152
0.34306833306737045
0.6591955690405035
0.04990587030097238	0.646239118912518	158.419206309916
0.4850503155832834
0.4568759855587288
0.3975842708526863
0.34445931934068696
0.362152166155203
0.979461546641736	0.3535443231864336	135.45126772657227
0.3980627602583969
0.489775890823779
0.34501960382515556
0.6284944128855486
0.6537989485132375
0.5142207656782115
0.4658423571165054
0.3895496345152869	0.4589822540947062	107.43458440724086
0.5045186229109043
0.5369730233064974
0.5909126055197802
0.5981837943653657
0.16541820955989864	0.4695962619282625	0.3695924361908736	157.3354433678568	91.68870152604741
0.4023558059194942
0.365677461724774
0.448577423857984
0.6374544214264104
0.5320994558290192
0.3868203750044129
0.39888026577063385
0.4444603940272132	0.07243337097626554	0.885819545577262	90.38852871770497	74.06605128635778
0.44581150874010556
0.39405747441334116
0.752599140574211	0.4727358451129113	91.90000059049162
0.4938191946063794
0.399721738862119
0.32741371270313924	0.5132288357921186	66.37407257895367
0.3989714089047139
0.19694611818726857	0.4575705404091558	149.80678449598744
0.827781768792771	0.4513104604405982	128.00048715890009
0.35143716710924316
0.469260178836189
0.40359627983766244
0.5462262094171079
0.614720328407273
0.515136518736462
0.4517440514357871
0.4006266193897056
0.6113440021912292	0.6457939983702946	158.43670153142074
0.48307545797260043
0.3202572967410207
0.5017098555277117
0.4546546594173568
0.46189633431970234
0.3389869202661905
0.5135072096148523
0.5601289157886057	0.3793593588537774	159.84752171227368
0.35063783634418777	0.6897995650516066	72.12786050766012
0.3983290592804601
0.48068883093142806
0.47185914468599377
0.49745088128032816
0.3696834061066866	0.34809010798669765	0.9319259180485306	85.72619578245859	72.13221684289509
0.780812897370436	0.39891650360899766	137.89655810472792
0.4484192205221953
0.3606828926978302
0.40337162015319383
0.5987015053139256
0.45996293425223556	0.4807885052692125	110.19866016706997
0.4856592154079738
0.7402678345993625	0.5629749109041204	76.33350356243432
0.5382173789815313
0.6039807209853055
0.4699047706467825
0.48404573984562654
0.38834001600216983
0.41760062330622466
0.6277414860927127
0.3347552070193333
0.3984480997880648
0.5945825314080511
0.18607241341552555	0.4456639680602966	158.4914291570018
1.2818968903566044	0.510548143432552	135.63447105000418
0.4922099514027815	0.5397542740589382	75.97298176096513
0.30653781843550787
0.5085523246874435	0.40306827194145134	103.21726783421846
0.6092606613899465
0.7551840097258168	0.37418089005451927	100.63466735380396
0.39592793940919185
0.37217512718662377
0.1670920746081012	0.36295174796386087	152.68541978710007
0.5436350283571055
0.4369953671774265
0.4015562648691238	0.4147706190857363	87.64896725207507
0.5352631672144841
0.1927027601998092	0.42269890336533855	159.188277663072
0.28916478848737154	0.8767695605235055	71.44165679212414
0.42136241718358136
0.4257782979767209	0.4952030325036334	79.53513579530059
0.27721021758330083	0.40243106338066675	127.04839808056367
0.3912085196888408
0.41215138154086567	0.4412702943430769	85.76725564689413
0.6101986465662237
0.1613264914411286	0.6628659600357203	0.6421824915453803	0.35036263938685797	158.8391901904209	106.52582917765255	91.39114773583802
0.7657945197142374	0.3066172529259605	112.01232565958615
0.44871802613206124	0.47005568127242386	76.9609728502258
0.33964733126758184
0.46942266763425966
0.4930934009492078	0.4119334463401274	119.80481874244822
1.2014953003627613	0.3322233403242704	159.229093653594
0.34321537247381134	0.3444848629188858	72.96463256438398
0.46761178083336563
0.49971419310370496
0.47922400376507746	0.4668814588082182	74.92423439780592
0.4693712031409168
0.4973621357216787
0.3887161517161809	0.30344663245529346	143.58027441126706
0.49603667843033683
0.4238580024199937
0.49129174880492005
0.5049774597703883
0.4649362038108285
0.48127511912511467
0.40627993868702966
0.32469083677777993	0.47253321128649867	0.7270527837851306	87.41839731979694	72.52852785275213
0.612804254007186	0.43279584412326405	151.1504147655066
0.3778439280714179
0.45298197604059176
0.5076560403609712
0.24562215248126618	0.6581878940900964	0.35246086294491064	0.8342510937511807	153.8365198210027	105.53698424605989	71.11539667511587
0.3876393766332573
0.34554635276875856
0.40356655802293356
0.6818897799025506
0.5364360969428068
0.46717736043490016
0.38920914241282667
0.4850252088442988
0.7230060257522325	0.4385205563890272	137.20276390785426
0.28683477418682296
0.4363083097889463
0.4445161672671143	0.6103047381723368	68.50686507396699
0.8101585146389679	0.46436096997389936	154.73392548388424
0.41435540854595887
0.41130330176555546
0.31772664630507325
0.4521075656412424
0.18972135708853344	0.40979974196436625	158.97795010335585
0.46856549006559495
0.38624763411738816
0.3607051460211792
0.5465297922234035	0.5694895270472853	88.09649679310209
0.6073872132429808	0.5213548219545115	131.4725129761606
0.42444072105302305
0.34798715443143036
0.40859415654746406
0.3617689967963584	0.3610374292391315	92.59989552624131
0.4612206238830475
0.5249763222557583
0.38573575930672765
0.4456266244791711
0.5079049799597292
0.4084552264047209
0.5006237666121465
0.545157861698092
0.32766998901001554	3.338527252406727	0.4524360066442224	152.95579438235873	130.09470991011992
0.1440730027505695	0.5470081843559929	159.4628325732617
0.5802994631156747
0.5162033986395557	0.3766257192690819	96.52997631272095
0.5859711513433569	0.24332299299836938	77.32190993447891
0.49966265238355373
0.4611693140015368
0.6131336675826957	0.37832618843739746	0.5013507486541451	151.89830385079134	77.40879674553416
0.42055421231924295
0.4385910223003
0.4771185446195151
0.41076065017297664
0.4067084983792052
0.4520253830826447
0.44260504897146624
0.45677355153879734
0.41937488351872687
0.25575897109859996	0.4174279322433355	158.2913450711631
0.37812259107099977	0.7105565982324774	71.12159978093344
1.1051770986986333	0.3016500054386379	133.22380774918568
0.32191116627441485
0.2751661385839169	1.9020313902276935	0.5263156919816503	122.33261913978016	121.31199116959759
0.5796165222620255
0.4852671637590183
0.5806689027313152	1.8287007533051032	67.39560022747625
0.4265610482960852
0.4317254511171372
0.4916521002950667
0.4658613098579106
0.5584819532766084
0.43687920053614326
0.5156611268913529	0.4079480807157453	134.1601095166003
0.571441748009665
0.4630184164402177
0.6186412933946566
0.3974118241991656
0.49980068562014207
0.3348929547569663
1.536566809007181	0.44335017667214127	161.7404354923372
0.362285628692386	0.36997090119006854	124.00760352588958
0.4681109504023149
0.36628382732333126
0.4639971693981448
0.5305773487549341
0.5248030238930562
0.34830576027983295	1.0596982924389187	73.48883955037793
0.5282382810507819	0.7980458113330189	71.30839380943137
0.26543134525942585	0.36960695627242024	158.13598944695943
0.35139343572878484
0.30109987430173907
0.5408969994038709
0.3143709087941398	0.46707920559068433	124.2280677355126
0.4031732314147813
0.44485830175666863	0.4133430552076406	106.4485815250038
0.5515880318106562
0.4222254516007359
0.4572547455114526
0.051279018613237096	1.486606530091521	0.4411946105413816	155.771438143054	131.14254399472097
0.03646564789288172	1.8648664993038517	0.4475770249344966	155.58956534239172	132.5057872173982
0.034061738578881326	0.4051292591277716	156.31967482196717
0.05204503137832644	0.4745390136335363	156.3261195289533
0.4453056564061349
0.5002222611366695
0.3987393036163576
0.45823593079132596
0.3320897262641131
0.5264823771681528
0.5605669590661687
0.509440063341105
0.41390185181339095
0.32707703492127893
0.25879524036136736	0.5897739881492126	159.21244601618585
0.41993628275649914
0.08433968686282065	0.4456264926690228	162.22457045344026
0.4611265191930853
0.3344866384045475
0.3986066636476296
0.3742961038467171
0.47605291090898166
0.45217581795800005
0.36458379471791175
0.45847615192912233	0.4387322813656794	0.7789575020979771	159.5197438178612	72.38028055081375
0.46106595678014484
0.4481520190774059
0.537435000463557	0.45218441952679417	93.67340466176199
0.3689777560896294
0.4859404274090917
0.5434287398439186
0.3798401047146893	0.5060552092355651	0.5201787929065554	111.6688266371949	91.3085629260239
0.4879944418065597
0.5024426798397219	0.8731754347988558	68.02018307167343
0.4633183704836966
0.4598329184520706
0.4115039578249189
0.5890639613071834
0.4544337495374149
0.31619804269260254
0.3995643847184007
0.45144563582787217	0.3170682199714805	104.40477491206747
0.4178236838510481
0.4760531653474025
0.47418005551462084
0.4398627087138627
0.39824866901576556
0.4696279501903136
0.10904188872125464	0.4629284886240322	159.78631283938012
0.35734718608501176
0.4497295825029985
0.428707076246776
0.3321066132623686	0.47619075695840646	0.459513584173792	121.49324271658791	94.37623593770631
0.7716295088632736	0.378947282755457	159.9883935024961
0.4719306419430676
0.4381910428795435
0.4808172718962859
0.4509578121591409
0.4491329342662452
0.8479578504483537	0.3495074597267274	128.8640914078944
0.8286868575653622	0.36819190164294074	130.1115926784645
0.3851972454175801
0.4212252971827224
0.8766774713814989	0.4175120837338056	145.86242022901382
0.3270597573025405
0.4406439241520937	0.42336991220010084	70.9965223070851
0.5080739714583944
0.2767130411358343
0.5135950693269249
0.43098863827733885	0.3061334403585619	101.82135846802377
0.48302589745871405
0.37805885491034597	0.4001019833366672	1.6974666893757226	144.96765096821605	66.15371943287555
0.5284140322251948
0.4537989748880822	0.4457526067700128	100.04624288081692
0.5301957807222305
0.3931308505563231
0.3768690516630152
0.4140254517329483
0.03711644939184987	0.7294358281785944	0.2996044298481889	156.1079840822967	100.47319900928005
0.3350996380440784
0.4939382804215968
0.5294240071074529
0.5101332630243948	0.7118411981366181	0.5678044624253764	84.14091983145607	80.64085398652252
0.611290527938425
0.5700148257657984
0.4601170105556185
0.3938242196490227	0.5542647458233708	76.00406380056465
0.5949254357039772
0.3848765225336583
0.5381348764183328	0.34655864713781426	147.44377049536263
0.5476293749841482
0.3675733396707947
0.42272145954708223
0.4871795596273488
0.43028336013692625
0.41888465238860084
0.4989423100426661
0.40080969581826487
0.42327554730703953
0.42693413408481595
0.3575805201132154	1.1590504519300338	66.28395487704381
0.48093550736383806
0.4348684691606898
0.3982391866879918	0.613958920976033	69.35397722048506
0.34571700125606564
0.4725312190691785
0.4458000281960082
0.40810173296778174
0.34196742061930907
0.4739579851584526
0.4430814934809956
0.31812864472673624
0.43032863100273877
0.4952289240783961
0.359718655396892
0.4468310533755594
0.4412757162762073
0.42395688538508525
0.4700765608889478
0.6460119842467564
0.48437031935020525
0.5251447905102656
0.4039592595501462
0.32334796342571714	0.6708595275582814	73.13706115544613
0.5315814316735433
0.395847913139995
0.40241919905859436
0.4482873642513055
0.4282160542768604
0.4401273424387744
0.41513243507422437
0.3903389980997171
0.47452111028039295
0.4204790605937687
1.2047076498740705	0.47434249176794935	0.4946820204695527	159.7598482602041	155.43681185666506
0.4747438449445845
0.5098700608867445
0.40065295737396267
0.33885627900861315
0.24992830904374733	0.44129026079095723	158.75983609406757
0.3946580737058471
0.42314961304609644
0.4619440891254162
0.41936129655281373
0.6163999082300927
0.5645544754586439
0.5289978604567265
0.41882052144331694
0.5142933219259469
0.4383372012459214	0.4036395557701059	147.95561820938855
0.06917768361833919	0.4090949524610214	159.98766224238946
0.5090216071948063
0.5055889674581445
0.403385620359033
0.4392982555745356
0.3809947441480145
0.4833357309224372
0.3536064859065886
0.3548631932836058
0.5290627418424021
0.48072891445219795	0.5455409422003207	75.06784563974044
0.4678879973741334
0.44112758392446955	0.5888646694697025	67.5857009989413
0.527949314598316
0.5191465574662925
0.34293864411155
0.556259677698821
0.2903933611981001
0.6056928535587517
0.3469569122125798	0.3542601532028942	92.19742919848761
0.38397251654429826
0.49220410800966596
0.422246872558491
0.5063796815544289
0.458561183763468
0.5545079294342972
0.6027164268104608
0.3786216783420014
0.3254008727261823	0.40147113733797213	129.52012358328915
0.3503201189672681	3.0229850285985798	0.375286487299345	146.0676566966322	141.36712092519429
0.39177685280289076
0.4838343706537859
0.40440751821443616	0.7811284206237873	74.44769835429811
0.3611713746152396
0.4062177525834935
0.5753738546908992
0.532783944281974	0.5537553365013124	122.4213756857207
0.40918176018792585
