0.2851733010099923
0.7175165558874488	0.8156459978226445	72.84779324010631
0.4883079799243541	0.6316982699150122	68.73787613405352
3.6252839901718747	0.4846429597206671	0.5578244758377023	77.05415785142026	75.15468615074191
1.4571106491724544	0.6888559568319667	77.01670541399402
0.23436480577626848	0.5372739730969782	77.07601942910087
1.7204577556376364	0.481759869878419	1.278838264383981	72.14819128412958	66.26544213739996
0.4112568966786585	0.26788021904139375	0.8471876135629837	74.88325107218297	69.5726237175045
2.87463433193113	0.8541783148386992	76.63264743407215
1.6615152004934983	0.4453371704124769	77.46913308226684
1.1204860952131273	0.40146111432195086	0.6902007932692246	74.3442276803218	67.50103842607587
0.6648659554681332	1.3582795521243385	66.50703754350315
0.7270881667770751
1.1997827554599987	0.5288769847048231	74.20392294584192
0.49736896023168975
0.7584011460571725
0.5642580936564501
1.2616791354402117	0.5048033949884974	77.31714959581032
0.9053787644516009
0.3832884444077215	0.7247241807558287	76.00986074721783
1.6657973610992602	0.5166782991170236	74.65794368786159
2.6393342971540172	0.6903519683854343	77.11266158410042
0.6105385956320217
1.6471114903031716	0.6793847065612183	76.74164303287665
0.6127058271223169
0.4966412654836137
1.3888173019140262	0.4948295257687442	2.636229910504873	77.85206515972577	66.6557093162876
0.7241508484280883
0.35515098203747997	1.1674304897058474	68.22493678395132
1.480170417776016	0.8274553450275124	76.46836785242824
1.0045759782104273	0.3417413877496944	0.4223825226970766	73.43106148691388	68.47156737338696
0.8654526448348866
0.48642721639623787	0.9853327121573273	68.52324090245035
0.6088185750461778
0.4999428238289925
0.7981072910607596	1.4701563148038115	66.57359105581025
0.6716169701491241
0.4701717629022233	0.5783850195575849	71.5724045213427
0.6674888148067712
0.45925015990725754
0.5266551135026333
3.247767217983295	0.4541345579579264	76.7888598293469
2.6298850814376773	0.74692908371114	78.10272328212561
0.5565151699374694
0.6587719589805395	2.681412727406326	66.36802285900981
0.5549557929347916
3.0472189589833176	0.6181481850536611	0.7174973729735409	77.00255980441304	70.93452705779242
0.48141044800481664
0.5220324927234414
0.449278773942016
0.29846483533970386
0.6455070750777071	0.27325546642289744	71.13962123243583
0.6519772723956602
0.8126391152519418
0.646639086347433	0.2829177696792233	1.1695666412753014	70.5640433484689	68.82704050199685
0.8466415507131605	0.45500845201792917	0.37400901579846735	79.55448259614589	72.10128409772767
1.4963476583032222	0.4270136449815988	76.91865923649077
0.31551781830695474
0.46051557710935187	0.3504013539710799	68.16663753862076
1.018615739662975	1.864701675977703	66.32638654090714
0.47824811625107166
1.3466806779293323	0.6929238496270465	77.94941655131238
0.249334006236973	1.4165346276028306	0.2611142938764647	79.68338056237282	73.05730001850303
1.3592388650164742	0.5190247779506764	77.25532403528896
0.906656489008676	0.10627879740410727	0.3875011828423841	71.4571780287121	69.84176391930342
1.7831711054882053	0.8299239971286481	0.05493574992625795	0.45726278966658207	77.51261385952131	71.78204456785261	68.44461342273114
0.7911442608614545	0.06046677466278694	1.5336039620859414	71.19032681584129	68.41462522951925
0.4656973907048991	0.09523726890954176	0.6382402779148226	71.06719410313595	68.89136700412278
1.941765250062477	0.6048445103425613	0.20756255707947693	0.8023130163764451	78.03432118002978	71.55613980649578	68.06019732581389
2.100801674420354	0.6883922807370292	0.13698909518395772	0.7139478672402014	78.62949736715487	74.07472936348783	68.42273356172234
0.4945298526019435	0.5385678077918153	69.07387353163081
0.5325001805487093
0.5468021578600282
2.533727397129718	0.401851801067542	77.5525248468513
0.8256756040396368	0.6594493070296674	67.24495708330264
2.204968955703836	0.45062495970781075	77.06375585074156
0.9339035117908758	1.5547648123969768	0.5079188196601029	79.27928228264037	77.12372469392251
0.45814253711233416
0.40761465526130675	0.836112199434518	67.48004142140319
0.7628619293394329
0.5063029022105345	0.5874290840702091	66.68407117105411
0.5599539684974226
0.7284103821773097
1.5942491520595707	0.40068277229712584	77.54294034469866
1.7725389865841963	0.6136807180102362	73.72463932364538
0.5285422959082602
1.0710051733425838
0.6657102597771948	0.5353342252953155	69.23134523684547
1.0388605827205168	0.41424758574111237	71.68654104640166
0.4745493158621688	1.0218235108304046	1.7836276270172973	69.9955288839016	67.26662569809132
0.33927624965754116	0.5703739298306247	74.94382847853386
1.2162481590612058	0.7259814045393765	73.92790651829344
0.5956262250214637
0.5966898053838473	0.5760913870324839	5.465295436289092	70.19021801503203	66.6201459886504
0.813945197334809
0.8406984224408616
0.6460411525543849
1.9827362927365835	0.3661259690964541	77.25388760596472
1.2191252705565825	0.8868195097106099	78.46201294933456
0.7146019477210255
0.5267634827066172	0.30912602964762764	70.81774904175042
0.40669893450809835
0.6503681259221555
0.6157295535112798	0.12845536817673317	1.018688135535668	71.67775069673246	68.24133852870871
1.5432254947308355	0.5619778162037101	2.8065251004871046	77.88488822258923	66.4963130983445
0.7340848216483088	1.5853877809897887	66.60476415481307
0.8766379417731807
0.5895981821347959
2.7596703970341308	0.5737174392132844	77.11203958932084
0.9778722384319981	0.36632437138088353	1.265358920334406	73.99490520490068	68.13053955107954
1.4903099667450457	0.47940937392203353	78.37080950783066
0.38736289333667184
0.6602534197190277
2.0156909735159405	0.6225171323437904	77.04081990275333
0.6581434830979574	0.48108182138211036	73.08737710034319
0.3875181690896605	3.033145694823229	66.16987647550734
0.7244059442582429
1.148731851982107	0.5344302526287439	77.14194698574426
0.64548412474406	0.7116731063759317	67.73664903109893
4.573665770989646	0.4129433242569122	77.64384076918591
0.22910155748923486	0.44975339370978035	72.34922689215728
0.8972940951940126	0.2612304353992357	72.8292792121093
0.6177007488681207
0.574822842128219	0.22627265927680995	0.33015041353361985	72.88280975892424	66.91784196819147
0.6529902681495947
0.6314133960686727	0.5001940158030661	75.56648815146168
3.24560842202709	0.4231003405277665	78.72811226717894
1.1493743652470236	0.38578888072886647	74.21038034546858
0.6666850604186458
0.6120997300771467
1.7127016622183062	0.6214617199650885	1.2129596518332897	77.94817367778222	68.2803570942755
0.47575496114884985	0.6171163913246277	72.36750929754623
0.4227073894629109	0.9247823099396847	68.72401624010566
3.590559642121146	0.2949609657701917	1.0878859684110702	1.4671019216635584	77.31106616911997	68.60005953611211	66.6836713739688
0.6796709509951187
2.3570029436299076	0.39742037031615207	77.89766934990284
1.2026511766401007	0.6530115519094568	71.19584342671328
0.8104892888377887
0.6707848619089212
0.8479078107793476	0.8035780550583278	78.63998972226183
0.516871478413016
0.9884567800664665	0.516353140328946	77.8087799805973
0.19359996332060125	0.6316991181697713	78.71561356874746
1.2603430196000727	0.5647276461584481	1.1350713889709125	73.92503962228184	66.10982824358719
0.551019674716325
0.5767458521363859
0.5935836361359477
0.3433411541720615
0.5973342618170682
0.30902253265402063	0.5114313323041938	75.09791622861664
0.7286837081244493
0.5119637481355125
0.599447670940449
0.5605740795083993
0.5471886020941339
0.5469075894623835
0.5732786548484031
0.4817473832699526
0.5381256367350339
0.8746959463011095
1.4886644373155702	0.2587007936613882	1.9680541575333184	78.39618300162827	67.90676693958386
1.0534113924612662	0.6236328984096507	1.2390701282677745	77.59350915843645	67.45252791841712
1.631875012845157	0.47099840419785755	74.43111565861246
0.8044020929392759
0.8625681530334983	1.2293938841377967	0.48330546539257907	78.80552521764156	77.71359747120508
0.6289818859270047	0.3649272561731997	77.23064798488271
0.49369146078257375	0.5927382814653457	0.43645246782910746	79.36639535563012	66.30940923131614
1.6388140053938653	0.38565506911886566	0.5011907351642654	78.49776641711215	70.20722192677752
0.5734697645539342
0.6399571521809921	1.3260538824180736	66.58570573612062
0.5623286649814043	0.39057858952539865	0.611183952538797	72.08715046326313	68.69541427093627
1.2529188467456793	0.4531055307415001	78.12602323729179
1.7110051959691452	0.5730144246593741	77.86558732639888
2.453493963068741	0.7145300755492635	0.817745087633574	77.54772216097385	76.4090765825869
1.0383072764023733	0.34506796934596523	75.92457810648595
0.7447057703418325
0.8284516749715465	0.6723608053321729	1.5272397189431688	79.26053105040138	66.04842797018807
0.7041453680089147
1.151896320057513	0.5807338858553914	1.2630203108092621	73.81963518317446	68.34429514798633
1.4370787277926866	0.4394175013424007	0.7070688878434735	78.24310343448835	68.6055990848765
0.6375619469783557
0.6293546141349594	0.8115612967556887	77.90618291406103
0.5361380929810695
1.0553105204889581
0.9209086857114243
0.39822795381228554
0.5706662718083169
1.1088136017707613	0.26563176264458804	0.14996183924978324	0.8577051146735132	79.371575575625	71.62829871586072	68.49699995572924
0.5310702715215357	0.43671262356505536	68.32553786531824
2.678824750476062	0.5297852291743961	76.98180617594558
6.203926527266209	0.8437167266752563	77.59470849940342
0.3582007459892687
0.9844256485374715	0.5891302770711883	74.46551307819011
2.3353924829787625	0.43092407208629235	77.53657027161238
1.2300401185816947	0.48113355797404905	78.64290774887071
4.756804352281753	0.4389780986801937	77.83367441144506
0.6102400742064268
0.8569530759005001
0.655019198925672
3.4098671103079727	0.3672531985826343	0.468831944732827	77.84066683259597	76.63123240285967
0.6676981399135856
0.5456313779747427	0.32762645244884625	66.5623047904999
1.2591097568876755	0.39993063569299686	73.92746094168415
0.5840747494471598
0.4695187384154509
1.1851776430147047
1.5239503544800361	0.7238136930758811	77.4625217813966
0.4495685405601175	2.1768722372801177	0.40960536001132125	75.62126290584713	74.14041713896695
0.7516187174237112	0.32495227795647097	74.52126086567762
1.45153171697195	0.38207469508553227	1.0028612578637368	77.46153943000584	76.32672607790788
0.8507563978890803	1.0860890273092532	0.522811263923994	77.60316580390392	75.27424812959266
0.6126764691708879
0.75507881188685	1.689646276007377	66.36525393978962
0.810994220239052
0.769972103897728
0.664625677681628
0.5332618582481887
0.8614209312276453
0.6698922029498493
0.7595041215691156
0.5118705908454381
1.8440674063335267	0.4991926574506008	77.58906244254895
0.7467236567443042	0.4634463588366018	76.29747285465078
1.074303750478063	0.35847815630271895	1.0264688610746568	72.25862001758055	68.18136351829968
0.5112547369306506
0.7779821568811903	0.989420933137695	73.88880331915867
0.8175250606583347	1.7689322899532058	66.95409965701805
0.6049029467244659
2.704266534988521	1.648640768785802	0.6022075743083647	77.44618943016958	75.06582764712381
1.4420042191865072	0.39074661180337655	2.343719373871794	74.48952641253607	68.13260444906031
0.3263788298309797	0.490780219037326	71.96049975260192
0.5146797470904603
0.631545854498894
1.2590513388155398	0.5927860017365602	75.3103776347642
0.8839840108091744
1.8262096951272406	0.5634615674418498	77.93506431755426
0.6781035356253574
1.9487640900916303	0.659906626347122	0.947313480286568	77.43890841106587	68.41663831298747
1.3449171215154654	0.7721282627865517	78.6283802380392
0.41333896791959146	0.71873701789955	69.35698968143916
1.0679424962409536
0.5482316366806761
0.5638465814889357
0.36941960903370535
1.0290452955447775	0.5486086409562314	74.17313711782165
0.48901474322785227	0.4900467317425274	70.09826254268839
0.8439381196339109
0.34964108059462734
0.7086128577426063
0.611700528736199
0.4140243275534043
0.8030786966538224	0.5889813242914913	72.98817346807449
2.5028443641221143	0.3509392452413998	77.11125275039635
0.5747346787947419
0.6289637390117852
0.6733166263242423
0.6455236774129497
0.6949500038127763
1.8773541019006499	0.4697567536841438	0.3607860592508272	77.1694975803242	69.02845631972384
0.777312992670352
1.1943352537378584	0.48114944871730714	71.83096084221009
2.5739098824233446	0.8588610376178848	78.86972480659237
0.6935609901721119	0.558711191115849	73.07867775569788
0.49754416699483067
0.6197218135738829
1.8290047346303673	0.19842499953107964	0.4596052504008839	76.69356230760627	75.53247121525932
0.27831136713730326	0.49990853101437255	76.1931969700788
2.253233961300816	0.4719965246654842	76.74491526950449
0.7206627829314906
0.5632349302899359	0.63932234552068	68.0589992090198
0.7075279797928553
0.3256391643787748	0.3227791544318862	1.2473904378831036	70.0152840026019	66.75409892049336
1.397979442374567	0.3516919186186231	0.5815166518500301	78.75488316619986	69.58198411425123
0.6111386703167102
0.8329452724155157	0.5071358151470948	74.75994424101795
0.6317854495596631
1.0551769322881206	0.6083850068750257	76.11863476648433
0.8476524150249529	1.4252745076199824	67.08641270150405
0.37393964698076526
2.175076911808032	0.508476321864206	79.23147091539829
2.3348338077887436	0.3995618902011974	1.0862298084534583	77.78637966743138	68.82249157614898
0.4627551723146527
0.726549856993591
0.7053905688374134
0.5221018953822113
0.3715040435113349	0.35074977197474555	74.98835022884867
0.6063681822162565	0.5865072240702874	0.31175620998090214	73.63215787562642	71.69475181743702
0.5096664478562879
1.0286332238908205	0.5723627888769857	69.47298223438438
0.9243095538743972
1.1570337585315558	0.6921908246670075	76.14188691767787
0.8492367070406983	0.7777686213190818	77.15155507599081
0.7040115668772482
0.48980244733611644
0.5258156349748148
0.7390241639297641	0.35718868579978896	72.87825664756093
1.0296532422300524	0.6415368271157696	76.95597204458282
0.6809128036831292
2.606287211849602	0.24167600928976787	0.6502670656085758	0.5598492104698222	77.85633212992678	74.91539239360979	72.8071471963
0.6234209724921006
0.7241523286105082
0.585014476876429
0.46786622508250997
0.9780584097679218	0.4446679423249029	74.24800487834442
0.6993669220373002
0.9769831860736691	0.8251315439314093	0.42601516107161713	77.21299968281619	72.84688578167244
0.39445597748848316	0.689750813426479	68.52555494948729
1.518978416221208	0.8327513804638939	0.5919220181216243	78.72630090729915	73.27809602903442
0.5247338771191079
0.6895114824555074
0.44363860276613015
0.673761541933018
0.6733093649910639
0.5457627552525344
0.6206331741261141	0.35953974223729346	72.15856883200466
1.4680819903824651	0.6628334985590593	71.44732000684752
0.4376560283680621	0.9832698244658489	66.75984245886744
0.540938676050085
0.4494990210904714
2.5605381472256608	0.616959738969134	77.29331155191774
0.6375891266232656
0.6828457623767079
0.67847610805504
1.1925115140350442	0.47513763110231505	77.02420172148722
1.8398156492165372	0.5989595537852823	78.63549177244488
0.5283009190746254	0.44414315481913075	74.43232412019667
1.1740626876316427	0.5218380504085809	75.51443210332293
0.6683975631573987
0.5426873384045771
0.3464916291781012	1.4873450665420314	66.14768300967542
1.3085891718844223	0.3389687892406018	76.68027977240543
0.7948276424890723	0.41837901884488476	0.885681016687519	74.12067533660469	66.82270512518713
0.7040817408446466
1.3952955698174585	0.2328675881205451	74.65346006021295
0.6828543729373467	0.6301348632536363	74.52329678202955
0.5282420179937656
1.6436758055426606	0.6922330701567331	78.38464555651738
0.9204873235325478
0.6152571113642259
0.8304626710756837	0.6787749585536993	1.1798407889117832	70.08122334135611	66.48397349780916
0.49037010183944574	0.4057739266669851	78.97590242551078
0.7194430773952034	0.4929925820370334	0.7688220796350796	70.61298728286029	67.62759702044322
0.4504675682360557	0.7001259783615907	75.45287991575239
1.2070341430986404	1.9675773864715296	0.6716689832545684	78.16463295823046	77.13776343474471
1.7042094918047688	0.4239690932957079	0.6742425804636517	78.65768396186667	76.12757242567919
0.33529295015840604
0.43616933836989147	0.5339608627006093	69.27208808803749
0.8028175575102009	1.0354123383212075	0.31896842015678467	79.39930907612012	72.1996342585637
0.685805829713148	0.3936732374072935	75.42505836807888
0.6069918316262233	0.38207806706646197	66.86758596899327
1.571303232560552	0.7505511402439514	78.3598382208601
0.689846033854299
0.6006675023889974
0.6609423119305933	0.03731334994708115	0.5138852786860905	71.37831293624953	69.36891902281849
0.6512572236828043
0.5422087652440606
0.45810940328766636	1.3361438208072423	66.13046668946203
0.46843022136637785	0.34276167750815406	2.2849543991554553	70.65903612285862	66.94356170330072
0.5905501895330332	0.6131422067843411	68.5116257426271
0.4777066703600171
0.813060019294325
0.6388932085146778
1.111013248501885	0.37521714572056464	0.5211568021885256	73.1183028360735	70.65806733406454
0.6202501557457365	0.3596502102844734	73.30078915496432
0.5711110287082495
0.5097716874301658	0.6899848403937064	69.42586099354392
2.7026938541095693	0.418583270002475	2.2139450567917853	77.76731081846026	66.11086433969703
0.8348815201301999
0.6649769279403256
0.5971853513711172
0.6748145280201131
0.8467075272753392
0.549062872769778	1.6239729274309112	68.48645482120288
0.6222730131690907	0.6586637943910799	79.66676462390099
0.7321325506573059
0.6170752834255561	0.9162442178216419	75.49352685775074
0.9274405023575067	0.39990373939678536	74.08082185949323
1.4645691945430257	0.3674296131317933	0.4153096129766548	0.8334385471017501	78.08723960955018	69.61639908313602	67.87269213447186
0.8816403049850782
0.8031685204247413
0.5098923908735267
1.3159999381919334	0.8762087316959841	0.4590467549827731	77.78011432970224	74.77529514555205
0.47831197669848236	0.7800236585997375	69.92467904367456
0.7404483600449279
2.8056042439039146	0.32751991173309863	76.587804064977
0.5042345664868426	0.693664036201741	1.5688387545317575	73.95954506663911	66.08749220976532
1.2520518155733416	0.839035104218361	0.6640173612616139	76.15856624873727	73.55433142985201
0.7065863400079632
0.45148664357267	1.4170679741582723	68.24051568793533
0.627085081831
0.744428099510617
0.6497725301857572
0.4316120837929442
0.6014585560705845	0.299132954424347	0.46128895908147893	78.91106741992945	75.23767208844544
0.6636276825172894	0.809385456942724	68.34123496371662
0.5550179590100621	0.5043671927086018	67.78870104113072
0.6914399485696582	0.6298776763090682	79.36722982351576
1.2147335061564386	0.3819365693193744	78.3337909690441
0.4773482341234616	0.6309945904695565	76.67874373844981
0.46797151831187805
1.476980860533969	0.5916400423875678	77.4526427445108
1.646191029768839	0.5830642660572851	76.43950206537458
1.3470850335594386	0.7613025960843246	0.9077730253355976	74.05557092428847	70.26322375368996
0.46357216438238286
0.7438926343732244
1.796239685885108	1.5691629455569571	0.9507102305062138	0.3989683674158272	77.64701246139359	73.51428772324222	71.45511463949634
0.8300806638391403	1.1801756412312172	0.5953104404628692	67.8687010311785	66.16462881823654
0.4810171687500477	0.30620117697043936	68.3808949124861
0.5918696253140042
1.2867064584987153	0.3657688047065983	79.24214231510004
0.670571611040965
0.6490874554320207	1.5333341144620958	68.70318511438307
0.42961630045956545	0.6406502681749748	0.3951979533302894	79.30780119158676	71.36139941405504
0.7809149897345494
0.4335419720499009	0.28062455169232625	70.62282454645235
0.6979627729644795
1.8852573635627639	0.37778243059984906	77.4539286317591
0.6353452150266371
1.0392697783995761	0.4047934853496868	73.74772421679289
0.5656619709319698	0.4784906287384726	77.82771659844074
3.1504235173587856	0.1817215245185809	1.516802142760814	77.97896247676155	68.39930011475893
0.7823558078954873
0.655320133849893
0.6754144793525366
1.256759483258401	0.4902065548207608	72.32387568271632
0.8402906862716706
0.5293503094416863
0.7336336592156987	0.47711080230400343	74.86695675837068
0.5043336668848296	1.2788631957589218	66.50657846282101
1.7305639922721618	0.6412749922455921	77.22239642547119
0.7615313372454698
0.45092639066682394
0.8374733804512023
1.6567394358317828	0.19946556967644427	1.6183371114573055	76.39506136124744	68.24149614600904
1.2908816577430982	0.13266461830464532	0.593308976350677	71.66395511173268	68.40338210693953
0.666969477346851	0.4967132657175158	67.737038146361
1.6218273356862773	0.389183619266313	78.19595680113352
0.34597403764055307	0.27010283112626016	70.44475985770669
1.0667484849043931	0.45686613563038286	71.98999352068391
0.5804122015397976
0.5155064340333377	0.42983648071983455	70.77364306932388
0.7283530972399528
0.7078667788491146
0.5427462589943945
0.6093845548097362	0.27220295921527493	72.52059243410122
0.572827784298759
0.705589342270597
0.6917170772715627
1.1486750490265512	0.47742435636339203	78.28171636871203
0.8891901618902683	0.3691973292043669	74.6519813849286
1.109734148999045	0.8059238937800953	71.56329717776096
0.39877589905442434	0.525618636935359	0.26576030074736273	74.5004342696085	72.86070744691749
0.4776931953390322	1.830057797413989	66.07556750994378
1.0999927653492716
2.37357819513233	0.5888382925437361	0.957350076905458	77.09946985586697	69.16354962306346
0.9780013611930135
0.8157203068551442	0.32175474690088796	72.32947490220931
0.6781029177264627
1.1860201880587773	0.713353504815618	74.004199822569
0.5516381867524568
0.7779908929534968
1.23380129214106	0.33422755850766306	74.0292716691702
2.542244967321716	0.4825835768338629	79.35878486126103
0.616499492836664
1.2598397684266684	0.6272121432626351	0.4137367885676514	78.06583480279627	74.91399489710868
0.7477854117102835
0.38104502224829795
3.2450467624177377	0.3684165693431761	79.08340298248777
0.7437005735042362
0.8896428558901658
1.112570914454017	0.540227354557651	0.07872300518193297	1.2804938900460487	78.02401529844254	70.71042631822579	68.29547385895627
0.831075937142542	0.7506885241634855	74.06297070178182
0.6706701077843265	0.5668236643351252	73.90873880011422
0.6928633243802413
1.2964510062107044	0.5620570992069257	0.8158211987510683	77.25186343965947	76.00030131418762
0.49433441637491554
2.1228834220438855	0.4186448083547505	79.43754596260108
1.9560524538648474	0.8681187159687458	77.91093276701399
0.8654143301939616	0.5199654082062134	73.97870871630526
1.411805156108145	0.4737930362839328	76.72353154743205
0.7744010313875718
0.5760332842881607
0.6282755014621114	0.7130379837976868	69.10013864104323
0.8959080899500769	0.5443527587870803	0.5513052591153221	78.20033253686258	68.02033027826256
1.0190234666400106	0.4165251452326815	1.1951439436521858	73.85175177000733	66.10758854016223
1.5327170180410132	0.5241742896339633	77.63577942153974
1.9766789749715787	0.6389581099928034	0.721914402897627	77.87116085365817	75.32037409315623
0.7265451098437513	0.6151768267481308	76.66940671711684
1.1929887111946988	0.549217476310299	78.65092267703955
0.6370743987381816	0.7527670300246158	79.77962797466947
2.0345671005229393	0.3847914748588107	78.67912327743606
0.84497303576913	0.35090927195705307	70.66456705418501
0.5224675615449855
3.6664496457226448	0.4836583452780202	77.5832292684531
2.736560387345964	0.6356884931788975	0.8319844193193434	77.54683260942294	69.28809892004938
0.6416137551183636
0.5557835794178955
0.7495523002886825	0.29139821008498357	73.44486046696827
0.55082284760022
0.6076384260576922
0.5593374484692879
0.7287235371776508
0.8926209884654946	0.9446999590927763	66.48216721864921
0.6440811320146458
0.41789527131980736	0.6169615247707544	70.09806450389362
0.36629657421364986	0.7587782924140236	75.69870964504263
0.6300927467754246	0.1449009159454596	1.8247930480870147	71.3278989044949	68.46418318272607
0.508432956282199
1.497879358719282	0.35339489095654997	73.89365743713651
0.4150990901616049	1.9567083597343606	66.15209588413714
0.4553956612740283
0.6349392857156593
0.6751236436359864
0.7385326410382859
0.37429139404311496
0.4817719375474422	1.046388454514922	66.22365074878286
0.6120336892677786
0.4386822461810092
0.6898408212505658	0.45806766225106793	1.03624254939981	74.60866679837596	68.89793678645619
0.7905884256007276	0.5246833408180803	74.69546614478271
0.6123790290654871
0.5700259561518312
1.3758411216401802	0.4065135412500503	74.0058850542493
0.6148266642745703	0.6340281398654295	71.19923484494907
1.1770130959360938	0.5995162984760823	75.86704467848382
1.6943759515891386	0.44823328236774657	0.9861984406302259	77.31698353887906	68.65069699782428
0.580683230233253
0.9348917689786611
0.45212613820965913
0.9869200739150403
2.611074350683631	0.4762265267590971	79.36937752320283
0.5447075197778197	0.6634727740480545	76.4246697593805
0.7894899042321225	1.302638128897844	68.29432155842305
2.060901871573277	0.6024617099664473	0.14256645106548088	77.32400438748037	70.73701902661266
0.4463403185187895
0.5229040237689536
0.5908856510628241
0.4953052741375362	0.9187350672537741	69.01622121211172
0.8379515337378126	0.5745300237649088	75.22546720571357
1.6388117866529408	0.43540181338229605	77.73251310718767
0.5466291867842474
3.553631341123308	0.4773207437164109	77.7697871247577
0.7831258590647511	0.31693553254571555	0.8157868506584943	79.1581372049408	68.83909723984614
0.7395837516167079
0.6933597566844643	0.8318370597648899	75.81012034141544
0.5772474442257838	0.08030397438477344	66.8250545394863
0.9067918010366012	0.6617374289494246	77.4878409341511
2.218206692557991	0.4146359383744946	77.23727488903621
3.7820257372408124	0.4663384298019669	77.98226377525162
1.0312671901101798	0.31672866321230025	74.06834123463918
0.413585920728499
0.6748773367519891
2.122737183135585	0.5592981377082082	77.59019455218369
0.8225114397328418
0.743904845858314	0.8244517533075101	0.06742148861042506	0.42173936966193715	75.07917249172132	71.10359972794696	68.94226962160074
0.8137157253783266
0.593155210390746
0.9350682203298296	0.28332136733247215	71.24318716078238
0.7261824403738356
1.9826598691873378	0.6032109335171358	77.03725514358223
0.6449408027909339
0.9526112459984238	0.40627592164520376	66.282397167318
0.6180608282059779
0.8626987502360112
1.1243226704906546	0.918278108609671	0.39331104023104757	77.91362104091228	72.89618941669475
0.536344833690051
0.8690532635912194	0.2266929705014157	67.42527286236593
0.9916325647019809
4.069435227770714	0.5622131377788832	77.37103291191063
2.8324561879668777	0.6685040616668905	77.29479975708897
0.3924942778288751
0.4416569992047012	0.3986511585799072	1.719887224922517	79.27933599908133	68.44400407865338
0.5632559904414107
0.7002218877973252
0.9907946488992577	0.5835801979336203	0.5245657132487931	1.160192363274004	73.89283590237281	71.66495714291098	67.0175818986998
0.5839890657682159
0.43684138229047287	0.29038230453457364	76.89972337168962
0.5732572718948169	0.868316890885922	78.2769461756926
0.8037122395765275
0.6300703236591643
0.6109577856100646
0.8177690874308345	0.20674456137474112	0.5154087011991456	71.30490506472356	68.95783128020983
0.5200026009876735
1.7461503217054548	0.5786751354895419	78.17720834165014
0.6206685549825824	0.6716657036916304	68.2826810967213
1.5123108016944333	0.4281801904265144	79.381628807949
0.5159054115083282	0.25761441994477474	70.78823542864782
0.4974122656667389	0.65210478642702	1.7078791520492302	76.21219851323889	66.56204153621744
2.187422801183916	0.5876972799942671	78.05094615143932
0.861068880920087
0.4914702857507738
0.5029853131049394
2.9411656655602174	0.3434464550386672	77.27808139119945
0.5008656859957099
0.22410213274716215	0.7359125973092356	77.21705045518912
1.4854026430910432	0.4644139719398195	74.7154924171858
0.7996601672859052	0.48293109231801135	74.01539010478908
0.9308559733847127	0.37118481395222025	74.07052018998804
0.6662577122380428
0.5056190124826309
1.9483922045265567	0.4540350802762734	77.54827225925469
1.7590033771820743	0.8591066712602481	76.39020371151496
0.578176397297959
0.3619841677509551
0.9140670011833324	0.8611641465830158	66.72695336398773
0.5422044561489939
0.8239205348224756
0.6449686026237276	0.5656186462569415	77.57728878249544
0.5519608235620985
1.2750323124142386	0.471981461057495	74.00741342528569
0.7085400695675942
1.3735811157585276	0.7507547372421526	75.44224456011777
0.8943893192708888	0.517205505005815	78.92896957489924
0.7655092434215015
0.5239446778339057	0.5037395226792154	76.97079367808621
0.9257048906744395
0.6551718400751949	0.3963218923673174	73.03734344310112
0.9189041202295035
0.9674062813657852	0.2526912194602072	72.58955180860798
0.9998637868532113
0.5783352256546727
0.9213169955987832
0.3536242882028107	1.3173597551076561	68.43287976815748
0.28572932734105744
0.7774300747146621	1.487013560223553	66.35555273435273
0.6197778202235307	0.838865499847081	67.49956484459423
1.1372578965386249	0.36759127553522475	77.97521757748197
0.520053521002073	0.500869164786878	1.2996927831561782	72.43487670287738	66.06107223228275
0.5104824174513036
0.626465050629768
0.5834279235482756
0.5809736458451548	1.0329434763935055	68.247102281403
0.6916221696029983
1.1281520049832394	0.6957724347324185	78.74060336064082
1.0661231449421518	0.5961164437851336	75.7072740653644
0.981071311912256	0.1594366120183878	0.6183856135788238	74.46247128157165	68.5730318138312
0.8575196187917762	0.2538743568423366	1.3054943540072477	1.7907469991049612	72.70616135306585	68.66312162871945	66.79142667612493
0.5945857867227661
0.7726819279768323	0.6225770268728122	1.017747511677034	71.636807410992	68.81047940430716
0.6422604611010763
1.3543197611511326	0.43565751551622084	0.7586866487719685	79.34742804593712	66.17877183797708
1.0611863891675177	0.8742119486609186	74.78290683513109
0.8530685961561177
0.6963422415792003	0.34468667830383243	79.64364272828897
0.6992535955561007	1.089783298233567	0.586633120041014	79.44604654647584	77.80622327528738
0.5352805623423674
0.70311065462078
0.5653177961069616
0.572472745163029	0.799494522551621	79.36547525154735
1.0932665194250013	0.5229953291534059	0.5345174136186721	76.16968649881572	69.06962192236635
0.3134005447568852	0.3361117065852685	0.40052559683093714	79.48264307478892	76.22783970495496
0.8845934059749248
0.8130199857625995
0.7350672006956729
0.6080067717270701
0.7538338358100161
1.1999042945525538	0.35388730066480634	73.75732518221857
0.4998931335622459
0.6041884472153306
0.6039983776592469
1.8026543617744866	0.6781857075764718	77.32660843402199
2.365192830528846	0.8442022059753671	79.32072335944984
0.8365806098024504
0.7514238247001669	1.2180973796827965	0.4065693387515668	2.057588887482789	75.71935572201066	73.75389949142806	66.05030471255664
0.49917384118931585
0.5488683892578538
0.7011727538125073
0.885143343699343	0.524818795860785	79.02700302611332
0.7071749115462486	0.3767990036210885	66.22509018085438
0.8811387390101424	0.5171437971006512	0.5846640619958152	76.22768349036855	68.42055652563312
1.0508573757593842	0.12793761762714767	2.104721736682598	71.8942615139359	68.32371553753221
0.7154393114556199
0.7929663462131185	0.7307459606894696	68.25184601716599
0.8278007529426998
1.555562079845142	0.5700244382290305	77.74743213479644
0.5375320434077587
0.623492369890091
0.8272556662050412	0.2380664805328669	71.2615578954817
1.7233254245647471	0.7935630874137601	75.3180547122143
0.7196441876535483
0.6308693705702503
0.5466594172204607
1.646877144591519	0.8011632848571949	76.29380759667187
0.6276776289013954	0.686149555340521	70.86039247897081
0.6047350141503716	3.208010531157856	66.30481225784852
0.4794191106654131	0.2547080470372797	71.58092593718949
0.691646707679922
0.6177473104979125
2.3542493210275457	0.5398798373946804	76.91845293241512
0.6427584092617271	2.3361088620061037	67.21543443001603
2.5680489114101763	0.3551748771590011	77.53102837664069
0.6038272035138287	0.08286966827136592	66.63878285055003
0.709486583852402
1.6550495488990127	0.4414393071966801	2.0947974450660056	75.30670919270077	68.26224382328374
1.0071596962811924	1.5491649168527035	0.34319689663975117	2.6931509857987934	73.88969753495957	72.66491894725111	66.13216504957488
0.8525444399868495	0.5310385261869323	72.42359973351455
0.48520273173900536
0.629416071704753
0.5918166880108396
0.8941600400823203
0.8048751188954761
0.8248447225468734
3.21945245480811	0.5956262353690218	76.88485292441307
0.4604886399437894	1.4535321690695127	0.26636397634038883	79.187055637007	74.0648716182907
0.9684228329441734
1.0271298835388376	0.7705744377121401	70.19759534878946
2.3454612127322068	0.46122375912561764	77.82337788032436
1.0921686927953278	0.7957510948998873	75.62357677469062
0.5889544135020764
0.6843726532597105
0.7206814088653255	0.9549040933712314	0.8361374030638231	76.50759981907598	70.06586634301853
0.7394867305716294
0.7441385644952506
0.5382798316136529	0.8699955616922552	76.59154168659576
1.4513458090282598	0.5312519410129348	77.27106643293986
0.8129282134232301	0.3166902345524017	0.38532894388533023	71.46105659719512	68.24791819119872
0.6607861750795981	3.0991628516747567	0.42957367689514714	79.764440516317	77.03131611151828
4.029060070133029	0.8112669411458685	79.15051773788682
0.799409949173256	0.45973229894750467	1.2733204711392385	71.54349760541226	68.26069618493116
0.8416658989394522	0.2565293505665443	0.7658867958029317	77.3809789604104	68.83401279715358
0.9872691307113974	0.6902507180462019	75.67815898520158
0.4801922899123691
0.8613779551842473
1.420681977018831	0.5136107231450388	77.39118670065363
1.1178901737520954	0.9620176290519379	78.06804006410846
0.5821332097591053
0.7872432373706674	0.6183742077020526	75.78059692449848
0.757793477632785	0.4880637067171758	0.14730116903133664	1.9610970017201006	74.07758643653882	71.69472789163444	68.41201343832259
0.6780019966574207	0.19328980938259102	1.8783499226793878	73.16166612612055	68.214674951111
0.9912423069075078	0.38976826555042365	4.354590917268423	73.17797816361062	66.29318295009836
0.4975538208576586	0.2366363760715211	71.8534100342368
1.1864489166658807	0.5721669441030393	72.3359510169477
1.3028226861715297	0.5682196223486041	1.0421141598143604	0.3025676337702184	77.76192211941081	76.29371570199606	74.4987179774474
1.9020134487208293	0.6534903960692469	0.46497810584576155	79.15023150268148	73.00006673935565
0.4969897928240471	1.6933032025728934	66.4375471859131
0.5272181112833959
1.1951459443619483	0.4901896789419855	76.38743205639565
0.7543596898316755
0.587866442628793
0.6934593695680823
1.013869119073422
0.3867329746487471
0.7602952757791435	0.5091110065624818	74.96237285418638
0.839257664459362
0.6144975181556043
3.2658297650231436	0.43223999083162234	0.8226698094061919	76.99299806598047	68.3808159938651
0.6847181977683816
0.7220416905406023	0.7328199727542501	0.39024989442124164	77.06165450838022	74.24477331651912
0.6982750735565169	0.32708713567184416	78.27978756444165
0.41302845265462995
0.8155819432963882
0.4110924529096331
1.1476170212087384	0.5558976396151739	78.29877839238992
0.6545075823613681	0.7924264349418807	73.77964854158736
1.4687261426223122	0.3952012297699836	73.76874480286256
0.4430301054246077
0.914722888015392
1.5929546264516983	0.4264769869440195	76.9107619360273
0.6395415971096954
0.513538811337523
0.8724042331597277
0.3321540765207323
0.4880885106742691	0.4704621422106437	73.46222165727406
0.5991164635017715
0.6501494424977987	0.4316704148605259	70.50401407355287
0.3688168873478165	0.4900528752286952	75.88123106165986
0.511895846949227
0.7621161871610219
0.5893326526533418	0.7422977337662349	75.47661273465665
0.5338094349286371
0.735300855122617
0.5088636880336114	0.45576792905303554	1.2575961087917167	74.16086773131106	68.4195244723519
2.6360017977529133	0.41336453480040514	76.8081670036318
3.273200508490106	0.5361178626755078	1.3296252804211197	77.1675053932943	69.21395494525396
0.9537233106435302
0.4682308780018836
0.9151003509352255
0.49302164293462825
0.9416512643615214	0.44117760986742555	1.322448575669561	74.26359961382117	68.23339306104806
0.8335425712736837	0.44730286460857727	77.8041100017808
1.0778163248634272	0.465742234527865	74.38034615678923
0.62006410427835
0.5184061666952924
0.4254500243354313
1.0919948777948656	0.4825877558243458	1.491262586952509	72.2185650372508	68.7313978657686
0.87230621971454
0.40141296332038895
0.4208398447205865	0.3810792781764932	71.93704783402715
0.5431222780327464
1.7426376487880597	0.4091622714908541	76.99905784618385
0.5432839139066499
0.40933307801998875
0.5604016974318757	1.406643028517623	0.4561996426389551	78.51554363006626	77.16717557362738
0.5323778793800504
0.5534007868767005
0.5827289245085376
0.5813361210630921
0.9869698368204504	0.6302554664759256	74.75117133776683
0.4446027599255599
0.7763521477552845
0.7989600695865763	0.7989424024660661	77.35968885919645
2.974378683666211	0.4954607311241898	76.90853553309152
0.6487479089872084
1.2176796572776667	0.4996032771380616	78.78043728294361
0.40058380042017305	1.4936044159836503	68.45786971881155
0.8124832172444841	0.6447023444387612	78.37879364817415
3.253786629517503	0.5099676850869905	0.6047944330176964	0.41756567622237817	78.21755926138451	73.77661608874303	71.57786017135248
0.8490105032291019	0.41864055429650315	77.01184581443106
0.5071876839873835
0.442033116177525
0.9155062195444666
0.8844230706833005
0.5331299793862125	1.0309681562977315	69.66224426468872
0.6220064019563017	1.0180918454220624	67.331001591198
0.5955009046913957
1.3626217409817682	0.4898963641384789	74.42861372918924
0.5130875938199397
0.6091599140670887
3.2657002094378105	0.5359022188328791	77.60413330124396
2.4534950081323283	0.4698405682669061	77.02563514603025
0.6928099228633341
0.7569130506438378
1.5818240864013027	0.22560986712127473	1.0536393501045314	74.41649827942265	69.13735208305494
0.9977560018076345	0.056446543618694146	0.3614605628917516	71.54049409656965	70.47927389796351
0.8984137920003413	0.05235299899296064	0.9204799615539496	1.1242481275831624	70.40350401758742	69.23423411466399	66.56290093562728
0.433759933826324	0.13923004983768844	1.0162970592858007	70.35561101908131	68.34157534837686
0.5947929000611655
0.850577378894039	0.3711768675369712	71.07560036696964
0.2888371463556184	0.1058956146130377	0.852424896315797	74.57211008538897	68.65920404952026
1.0140457818735618	0.849965709776997	0.04133844427471217	0.5618696013865486	1.3859217366108039	78.4710806535554	71.3182010212492	70.25444754581521	68.52434402151853
0.9507314895917652	0.05992625955336467	0.2855915174588905	71.3123226838592	69.00849683987305
1.0481998206242888	0.02520384917638744	1.0109769114902214	71.60154937185577	68.49479432433372
2.0964967123388782	0.610036421576756	0.02837817513376109	0.7056232406098023	77.78883588670469	71.89643571926685	68.8647812003969
0.6805453654636786
0.9658014851568381	0.4255798219612586	73.84452045147091
1.0323412087597135	0.44657356585820934	74.21606751555936
2.318917150476868	0.7254271710911933	76.92291551570052
1.5324886415472485	0.48630462866547464	77.69506028281056
3.247985856019174	0.4536670145545584	0.2575433310888236	77.87871390567224	72.25083076017776
2.7919637629375416	0.5467323048988985	78.08881524616444
0.9014596394031421	0.4791697601025391	73.66223402902088
0.1667322518998558	0.3025265450114514	76.25891086300584
0.8553513997487716
0.48736581595157646
0.6513243879060493
1.0859107719861973	0.4595014595898838	72.84718933033557
1.925891739378542	0.4175855586597509	78.25481579414307
1.828200761317034	1.4071985284518083	0.3192572926520544	78.87489667694555	76.696426289803
0.5180134120497829	0.4081176820620446	76.01129056604921
0.6479277497261856	0.4100560157415329	72.30776599408688
0.5854681824170456
0.2983156215969509	0.8200358558321941	68.59982015907727
0.5608173673461712	1.1834828921303249	66.24262748823577
0.49781632875102827
3.285251324944047	0.45936622431110175	1.4012284424351256	0.8195404477530963	78.28912857144125	68.37646978504422	67.0914862785423
1.0567833003500797	0.4928672625903361	0.6216442717646454	78.37453905176065	67.47765470193097
0.8513373452822164	0.7035587250055686	76.92106211236519
0.8883158646654506
0.7859049055740506	0.20003359640491922	0.3761713262455246	71.65516886078223	68.1823336472881
0.705531420581186
0.8267424146215461
0.6888173316692832
1.3804455076164464	0.5581013611144201	73.7140659432516
1.9265888704723286	1.2763673682737149	0.5434498599275891	79.32556621529861	74.35014241346877
0.44738724385916334
1.8221834365639398	0.43688735128313844	0.7866793474030999	77.35898768674635	75.9403300952888
0.6202696132007275	0.6542003554210294	71.43526887912962
0.8384656498591008
0.5928208247243134	0.6944482402453028	76.28532719858399
0.7088011911758766
0.3497188071782845
0.7052374322771605
0.7168292970600831
0.6306979976262953
0.6857390795645805	0.621986208129264	72.16818945795923
1.2831127936079643	0.2642966636457036	3.3094644599464007	73.93072063248144	66.11435076893567
0.5868150830166842	0.34991844387919707	2.1193289081933795	77.43282276137005	66.62426560025318
0.8842318131839715
3.488371033376131	0.4728427375347083	0.2660295723126509	1.0620999837316805	76.71838041812873	70.65618834352114	68.8428890625994
0.7487362823168979
1.0751357850391547	0.627346668044972	72.58979714205867
0.5429211677280905	0.6732322122937596	66.22459388922783
0.8923123805253966	0.0704807008769381	1.698385706934523	71.4791025332909	68.14022991571058
2.0835385467465017	0.6653716942239357	77.4800272863223
3.4464551113907644	0.5022447658715233	77.47380504832302
2.429856606042745	0.5074562653783317	77.3333753481609
0.9555312332063475
0.6783527061762763
0.4501943226655553
0.5997234208059449
0.4477166717372474
1.4141773320453825	0.5245113077426415	0.8115571167745896	75.04552444079616	67.18246083063694
0.6212943715172771	0.156968542604788	0.9320605994619048	72.4039627445301	69.25400492180209
0.9534111954825841	0.8630242817634428	0.5071721079700909	0.05851888746423674	1.413895785394711	76.4111506489519	74.38728496386805	71.59421399151798	68.83937876052002
0.5719254764820422	0.06753236601914293	1.509164953757188	69.82580417199779	68.32061301264302
0.9321229333663988	0.04840133940553021	1.2823831531203735	71.84739087763714	68.58737293583634
0.5748479326982829	0.12307676904897785	0.687170673041947	73.29771475130245	69.68307665114735
0.6139131007971452	0.26343008954619895	0.8797888966842342	71.67938466672543	68.20243142598636
0.5158487519753481
0.658727440186087	0.5994345435474857	0.40705137305198924	75.73583845368906	73.7199786668728
0.9323927673010171	0.786074580073684	78.31353417151892
0.6673572480413817	0.3865473851089117	67.61032870359536
2.0786816242332877	0.4701048401911398	2.2630996442526867	76.54531364667308	68.44631620989391
0.49223750485638923	0.8393291633879079	70.28930637278128
0.5715195306193672
1.1467774708124494	0.5048678640982813	75.6582300438156
0.6430002299785443
0.8264263686976809
2.0705630174728493	0.5028013434900069	77.47056618175343
0.7613472614706263	0.46619404777346674	73.46184541058766
1.2005821955224725	0.5243989143242374	77.53306964427806
0.4260110351471405
0.5375354737303824
0.4755041985305103
2.545368433221317	0.5715566481916922	77.22589715615358
0.6038226169503493
0.3560933360368289
0.4883379185638574	0.5486463831255887	72.87110314371225
1.2294502903647624	0.5784380172056987	72.78677550741764
1.6229395908886148	0.7397278240714086	76.52160007713601
1.9183260598408765	0.6835352436535562	0.6604384662944932	1.1851576318442996	77.0730745078707	68.94778526470147	66.71427943682536
0.3941059027506945
1.222219378173807	0.40045350688153336	73.85093572198483
0.8751870911280349	0.517448060970516	77.9192403473511
1.656287844667558	0.6390174822469393	77.28479788806423
2.9315978802049987	0.5628611643106706	79.39224679306761
0.4877619169190302
0.5570843662776971	0.49246112433162675	1.1952168576332305	76.8976272925341	66.86790227547769
0.5974514339045579
2.096799709649711	0.6600533770248489	77.64001821037077
1.9982392120712866	0.5513808329479318	0.5354862068079868	1.63207595677304	77.00877521427108	72.68415219721345	66.73525826227473
0.5473147861289628	0.12817822835647225	0.6705746394935663	71.54518251254973	68.78707992392026
2.057197544416932	0.6982785500149308	0.01435880795716136	0.85892555243651	78.99996054249542	71.2037787471548	68.92910823986405
2.350283380793862	1.0992315953265086	0.029799626151811927	0.9500191699725249	77.00970377428564	71.44594839539528	69.04246755524461
0.6087798554819375	0.1737458464744046	1.3120151668201807	69.66150291340223	68.39567045243211
0.9253887729077768	0.8904788875230972	0.19775296509502227	1.261944475965558	77.27859327301408	74.19563414702881	68.09204867372273
0.6340650403648795
0.6865324133236387	0.4094207605881933	76.07009772988405
0.5038865569410446
0.6775894711621709
0.9507879571727497	0.4059476802126433	73.64091367669594
0.6629544226031692
1.7134452340055961	1.2036818552007766	0.489890649617078	77.75584689407006	73.41766849330972
1.0074041190485041	0.32693716842334175	0.6127554806961106	77.89468114308274	68.77717511894936
1.788840259107033	0.4917817256378773	77.5355062599243
0.42902512973542645
0.9120925823336321	0.6316809164594502	76.05757340844174
1.3980826056911524	0.40364349765846513	0.4527358806471928	79.09443477295932	66.04454140989847
0.5491715600156372
1.442351443248664	0.6005965316726158	79.2340587370382
0.589415409585511	2.1499921311386303	68.44377528711259
0.6753193541816106	0.9645237632408058	68.86846678149571
0.6648943393500941	0.9685884003414683	68.94293441777604
0.903765316691592
0.36752812655079137	0.8394940324014322	67.83171253527254
0.6686532536101665
0.9648062499872799	0.4971337001959223	72.7085334165383
0.736804175934012
2.0940033003248675	0.4876567492633697	76.50852138931353
0.7003757594990214	0.3691367271993947	77.30256153748827
0.5772646522320947
0.9108311138479356	0.3947702743423081	73.14278850794088
0.9968225747254221	0.6415769796026544	79.1935975190392
0.46432661223448013	0.2822389321352108	77.18414177894141
0.5953955823846343
0.6074415349044514
0.9788431974717179
0.5567778965050227	0.5006223681323151	73.6720892480282
0.6728094770991292
1.185326909367283	0.598764537049686	73.28807142048903
0.7927025934918517	0.43828688388239806	0.26124656453942474	1.0346898244023908	75.41191676755228	73.88883519557606	66.43185376880768
0.8084058688043897
2.481443046535786	0.38031188320078646	79.2501007814587
0.8167392336111796
3.1097337148266573	0.4610752209107129	0.7549074528141747	78.00812207897353	75.20238766500762
1.1358239693161998	0.49579169759660285	0.6881797169192404	74.33032905138317	69.15792033498849
0.5344765373102209	1.2231190070574163	68.36695521189621
0.4369684800865255	0.9549220000661219	0.769837783164327	68.39672187563866	66.95297787151978
2.858334749301457	0.31470161674156855	0.8988158770474717	77.38663564445312	68.9203459639574
1.1908158211047026	0.6937092369842447	73.00986912350278
0.7010119516022789
0.3921624863280376
0.4994120854160106	1.4595323699236655	68.40349661336938
0.884330510588215
0.7173491786232515	0.6340072155785959	73.78653205361239
1.054705730268492	0.5184214927295572	71.00344124092302
0.7323566217272477
0.888059220558843
0.531484395151729	2.0103971202414037	67.28250531962773
0.8786767387055473	0.3743756112299913	76.59200542339588
0.42321038672357236	0.3842284897207103	74.36607965350463
1.4448973485323002	0.48204469039536707	77.20476896184748
0.6673471063537758
0.34674920011591964
0.7254809423566949
0.664517566241213	0.4978669192204125	70.44226067482289
0.6065041824731626
0.5089123607423729	0.3110191009285956	67.58177288941046
0.3701778157511599
0.7343871109950612
