0.15213064297703383
0.9491694156321	0.41398821900545585	76.41714125494379
0.8411051607112995	0.3782098076135431	72.9425352324324
1.67603753943735	0.6512207044985604	77.28320448075564
1.5738787878331892	0.41481076018191004	0.11075938939469143	77.12349782004723	67.55829714874851
0.5066439951374511
2.472633970835781	0.7156975400917261	76.72312924931289
1.033657599077795	0.7500296941169048	73.18301632380984
1.1014956548917996	0.3394542272146671	73.2375418724295
1.4302955569486486	0.6298797028996883	78.04309357243027
3.0341035333089446	0.434590625462447	76.50843922224686
1.304600507025974	1.755208603967578	0.44638970534212025	72.89417977304863	69.74456283192865
1.7944338072583834	0.4680129976833806	76.37861504141644
0.7117823105539781	0.32975244116927577	70.71895534113672
0.9041488841442485	0.58744435938925	0.18066327080533046	0.16446247134183814	76.99916149324038	67.28993654410837	66.01971233415367
0.6477831482881229
0.8873984426521515	0.4637182346666298	76.4139270252589
4.229051537197712	1.4639053066136705	0.7418089775450162	76.52358512143981	73.27374424828992
1.3747765564605825	0.4810225268629564	73.7495215082701
1.190791615976401	2.11689063244331	0.8386909890615599	79.03109114139446	76.96051475767064
1.539818425727779	0.315099888527357	73.40563939769021
0.99871060227833	0.5419111294262327	72.70074854262499
1.270333434066686	0.44351967850823454	76.27143650189055
2.6794854952354723	0.47664609099661875	76.44368792661174
1.1712584586472792	0.6287478164812033	70.56592797103026
2.394175965918331	0.7173704729219544	76.71954225720707
1.2138575764944661	0.5367973409290244	76.27868993644458
2.701631673058839	0.6088243110185589	76.43289557503489
1.0356030461987977	0.5119404278780055	74.98174901731016
2.808238542888769	0.692762655907686	76.64464656524395
1.1962431026221714	0.5114435596711935	71.96575412693173
0.8329065884774535
2.327953851564845	0.775719772453964	76.37271940737371
1.1294114405273938	0.3633670685997442	71.95235473460066
0.8770339697893341	3.8838451576982678	0.4151707091157234	0.049473211748010906	78.3737248986282	76.42982919196662	67.18343546858823
0.8476751416977905	0.4201442878287482	0.005844145010362716	75.78671178035474	66.30805625743545
1.4173870504303672	0.5916890459122528	0.002739613558654802	75.56822631760036	66.9239623575598
0.5083649088517547	0.003461670642276076	66.60176175930391
0.9245929551761467	0.01006569895607353	67.5633046282588
2.7078117440378464	0.6105407737971285	0.2467324701919058	0.04544741540033225	76.2834154304257	75.09278304768519	67.18325253070081
2.5797288955747666	0.4730423102603903	0.010298033180786141	76.55602689048999	67.74769877687774
1.4776589291751847	0.3011961817815392	0.031122574311350657	73.1705425984438	67.35815697986048
0.6941310178936044	0.05545689631589086	67.90334577195132
1.6146579425937198	0.6194749961281503	78.38629356618492
2.196041811088964	0.33434435049463257	76.14165899418921
1.3701630786813392	0.20287809627854486	73.80064110584489
1.722593292401597	0.6595021311276944	75.84003077264356
2.1544442211262482	0.9241906735636415	76.43953213380276
3.175811080351866	2.0601120780089706	0.4642746217369881	78.03767729981935	75.42136994307207
1.2019918194985604	0.8100605918485242	77.85311242107485
1.6136153226850516	0.5261641462335064	76.34687984803281
1.137955909499949	0.4744828961693703	69.85946207101111
0.7097218014915179
2.0779919304724275	0.5105353793923976	73.37023307177664
0.9716515091188095	0.4922017121363747	69.91575622270923
0.39008913362589537
2.978155740199788	0.42484055573914137	76.43331778605662
0.42513366413488046
0.6350745444369713	0.4281550402702382	0.21294296130534945	72.04152046214153	68.69653077010469
1.0623800089248743	0.5622274966467906	0.2988977580134876	76.00664510263731	73.81851436330919
0.820029651922824
0.8024492340328951	0.3952088561672817	77.53892619303818
1.6746208755628282	0.7538591737429292	77.77611647689234
1.0286889195353945	0.5183783551138786	76.21094642717061
1.635423822425888	0.39417674527366586	77.21309444018763
0.4894027459384284
1.7235325345086998	0.6524022786202536	0.44543858638658	77.22512612096489	67.95550986519561
2.3463950846125607	0.57576959114783	76.33496478898424
2.096987280636385	0.7239880890669862	0.4405848561813814	76.02812742133186	70.99683522589476
3.405727941654137	0.5057353014572714	76.39691599315819
1.276932004412877	0.38960012833865126	74.11006858222561
0.7226833880724428	0.31177826800549324	74.47627298807808
1.3630913750801013	0.12724302199043402	0.4258081744939931	73.79274797876242	72.54204135774691
3.821148490561536	0.5790583287920149	0.33883091894438044	76.6807191475896	71.99110098541499
1.4188652420349683	0.37420599366007273	0.3291698114525509	76.93503246889121	68.27091162915023
1.6821018440395155	0.3426096610613644	73.2844462858256
0.9534584021984452	0.4952194397216222	75.00061194275784
0.5205321485424207
2.2250083142584143	0.3885251278278982	77.76413138741285
0.9719355877521005	0.20027876427034347	70.80798362155312
1.1354607250041582	0.37043713386008104	0.5308778333779155	75.46747861994521	66.10714683356719
6.471059933135706	0.4529935233410042	76.92194550559216
0.6047955138337573	0.2411215734116269	71.09185607897915
4.007609217702131	0.6030079555279252	0.07363874356430103	76.96109302428127	66.9098284620911
0.7390299375035863	1.898598114438627	0.6413166890100381	78.96868225221777	76.36321239099586
1.3793834323992937	0.3565986135016248	76.23943807733201
0.6795133119099296
0.5879247617757891	0.32534276145087904	70.22320006801519
0.7774744153538231
1.5983776186629024	1.0178587233573124	0.3687775096915478	2.221514306153045	73.69029179440201	71.32230659843712	66.02700545221707
2.787245871579931	0.641843839621394	0.45548427490440635	79.5468404381136	67.58765941221228
1.1737013511962786	0.4628406869255888	71.42047939578606
0.7639739623981553	0.25137566422724694	66.88988681788456
0.582892928154681	1.4998409985898216	0.6446198555331025	0.43443446828282856	0.06874009622113812	79.45720277960899	76.56940672504295	72.88311656198499	67.50111305732015
0.6720667061140478
0.5428370064580291
1.634844850762087	0.6817898937754048	0.6032512234250109	76.24581680922681	74.79096325646717
1.3479563851251894	0.5932472388812489	75.59576912294817
0.7994570537210722	0.48201063325703297	76.66522855337182
0.6191059203797796
2.3232955816758945	0.4161044326446386	0.6126833601431212	76.66031985699115	67.57105109046606
1.3999713156216673	0.433197932134462	76.35231824309855
1.1726196924580488	0.33462910780707955	73.1229352089978
1.8961909541590802	0.3134800030291122	0.34580780147100376	74.45605464646101	68.80819766104452
4.284707576140464	1.2377323475216067	0.32570707177065944	78.36557744365734	73.97616748484083
2.2301511439698385	0.36975697152871073	74.74932065287906
0.7584360268008745	0.9345587766804607	0.30114622608770936	78.01099360378636	73.522835231827
0.716471949833958
3.680348393950143	1.2753115463570375	0.2803767712427586	76.97048711102592	74.62938987923765
3.3493406340572576	0.6902957323772532	76.42959547789896
0.5616623515319967	1.5546642341333956	0.49484502896988525	79.2491896462353	76.39233853684912
0.6007686771577171
4.42763209335774	0.490324401494757	76.82418427964618
0.7547951089226822
1.5113630532714404	0.3176186420743013	73.55738219938586
1.0665911216245765	0.3013438595474953	75.21720712037272
0.635427944191303
3.1190247674308402	0.4628443060246887	76.57094206504041
0.9741188885437766	0.3228258333160408	71.77121627348014
0.9723035077905694	0.2734109978466985	72.75668530146335
1.1321819680425846	0.4530660588114658	74.14485659249776
1.1059905082120531	0.22533184778286872	71.71465244569953
3.3149229471407833	0.5597861141757583	77.97798255671813
0.5027131781191649
1.0015677097140516	0.3837320212385586	73.08648188790862
0.7387496628188885
0.9484219499319956	0.4878822610495582	0.4477971973736628	72.11022674634367	67.03504351467409
0.9669584944922632	0.43608746536932746	74.06074137153207
0.6502738651637516	0.3823268384278501	70.67497813438854
0.5310789110258936
1.0424345100742174	0.36922235857324887	78.81603403054461
1.2359760210654678	0.35381825612328016	74.13118956045729
0.698516050267444
1.1018194831021189	0.4418449879750151	73.67695370909153
0.8654387776153981	0.8681116867963883	66.6354784384377
2.7922531491848575	0.49300411472854394	76.67689485719042
1.0435437700879315	0.268637759570819	74.00960842049004
2.2057224173329435	0.4201518551018672	76.50791152844414
0.675672010428253
0.5752853607403569
1.6471285664771342	0.7598628849724811	77.31826061347934
2.1254219132756513	0.7139275403651015	0.2630535070626865	76.05592805954124	71.9963394499161
1.8216678427005804	0.862966641546348	0.519479500389549	76.33157766759959	72.85155326075342
1.2198166887351791	0.37501081801072184	71.94157144856297
0.6693646940461964
1.4876194751581178	0.2619419064585036	76.38573698971265
0.9440361648803207
1.6880496518205648	0.5433408581361844	76.38890155441601
0.8594998027002377	0.43903226791745203	76.05801755080603
0.7020942093537577	0.18575404122219136	70.96660493797322
0.6118286930725777
3.652604000486175	0.4350822176558844	76.71158334385802
1.4786812501831248	0.41519008541016283	1.0744974884350644	75.45295005190437	67.31228672558358
2.4722529306944074	0.533945518108694	76.39886304865325
0.8334040432909763	0.3213743195380992	72.46799135855152
4.8071037788059225	0.31947600356287315	77.04517631224908
1.058019886786894	0.29782958523949643	71.96198977513819
0.9402396391529898	0.497791594713885	1.2432306420714045	76.56346671917784	66.03058411812398
0.6421357189442533
0.7494250889170162
1.5768123977745754	0.44026010241478963	0.13426030496167518	75.89153567566767	70.69594819927966
2.3428895385334836	0.4833700343798528	75.71705324327746
2.5951333974843895	0.6544857655659201	76.75430141105403
1.66015306933499	0.8386476551942926	0.43368242924440004	77.45365852182523	74.68445597695464
1.5100341008274967	0.38188160776428887	76.69732643602518
0.850846743544495	0.3205836034293209	74.26457097296645
0.7270732691943429	0.37468527869976226	71.30644953687211
4.284658166830453	0.5533721815329313	76.65740405936087
2.2027589760969066	0.5520106834488364	77.32461269284998
0.7437367658006462
1.380703809083597	0.6345499216856629	0.43855948336743616	75.17889991584599	69.8965613283595
1.1151382616131587	0.2528554201034585	70.51537413644873
0.7916845106423372
1.1683923568310302	0.6258436693843675	76.90510191935535
0.7927666458077449	0.7221482895109895	72.89831034932062
2.9619855938350494	0.5141669704714676	76.11991572134076
1.2337758876370668	0.3141203010396007	0.17401937130491932	73.22464601800127	67.51204312166784
1.0161972694702852
1.6344010274021685	0.24161945894853618	73.43216263444424
1.3111888201969697	0.5973048231657059	76.4526254372784
1.2776723359457767	0.4049910203716154	71.94754435844511
0.9233313363344305	1.1868884693232389	0.5890796305195292	72.17618015891459	70.44023969304924
0.6723859892178484	1.146021990342812	0.25097491376287356	78.88283181292643	75.3556848352705
1.4630585867828665	0.7588420253971309	73.91360290671675
0.7978669240950917	0.3775419487124134	68.85919306493179
2.5715185024670717	0.4134137742924794	76.15284433816076
0.7451693910016903	0.14556353010012738	70.43871825826973
0.9593699085638026	0.22470220553189119	74.27978438954524
2.6204141062901365	0.6494229227968668	76.6108474640656
1.4480705796684141	0.2769131521655725	73.48711303177123
1.3735754002368938	0.4358637077752784	72.76710336910934
1.4291136486881926	0.17322205354171585	73.55950885836296
2.789416037668748	0.5910226079122383	0.4299401257239827	76.33461106638268	68.70174209020773
1.655133818326965	0.8519745603957817	0.269433979977835	77.37997183471848	73.33052694362536
1.3769993511521572	0.4556579647965184	77.38058679232822
0.6593765330972264	1.1280195091239866	0.21007047669174483	77.39831236107574	73.6897455166828
1.3453677828381885	0.2399451911945301	76.90030923223021
0.4752542534841011
1.4278275261375828	0.3883942200117492	76.83984985436928
0.8615821064810261	0.5024131904221038	79.28226834530068
0.46829206696381953
1.5221743155296548	0.2444993512908246	73.45106199388091
0.6824635982044182	0.6812810678646665	66.769444755905
0.6862252072636847	0.40195479297766074	74.99902204388847
0.5895088460722677
0.8549576992654175	0.3298657930931226	73.70536533021641
1.4686372549117865	0.31041380119189316	71.45430080535348
1.0618250427092448	0.28565381457683825	77.97322192235285
1.9958568240604573	0.5670220935115508	76.99621396570745
2.396295879027308	0.6493736470658392	76.77974326936483
1.3184873372154042	0.3721272415794214	74.17986974145492
0.9306044429466229	0.18647021887449527	69.62470473113665
0.5824324663712529	1.229671352051963	0.42304102509265745	75.09353861052475	73.78923816922871
1.486942593225832	0.8338927804896615	73.76574851661498
0.6887514053107661
0.6114342715160493	0.2579526880477018	70.3714215643696
0.6216570614565781	0.3011821001984479	71.49872071382883
1.183214171919804	0.1586841559742185	71.46020655437141
0.9258835300561927	0.5192346620037633	0.10100205530942265	73.04286723987639	70.62655452888892
1.1520973525890792	0.16816830497238858	73.90713626690997
1.4112431550505435	0.22478882627651592	72.7375446292258
3.0751683153519767	0.5300940047533858	0.727365612595129	76.9734413277129	73.70058417703677
1.6321236377302037	0.2947362966849059	73.77305653879566
1.2559690137440778	0.37200105591359756	71.70904841450357
1.5812115635033823	0.5540690905840002	74.15039307282268
1.144809050776968	0.5427586314665325	0.31485447759913254	0.4035312993734432	74.22423914680756	71.07320335174732	69.34376508012966
1.1968213876075446	0.4898947188450624	76.49058118431093
0.2845091319411558	0.5883928663889765	0.44597995232305254	77.80906391956086	67.9555584724257
0.5123735236645419	0.06339051101371451	67.43788039913494
2.923183324778327	0.6492668145447313	0.0946804545484825	76.35474071785445	67.45636139430164
2.114439697330449	0.37954645478509474	76.5688324021433
0.5165159498858017
1.5063173308650426	0.31925182887533804	72.61467671761507
1.0452500360311359	0.38347605858500655	75.54796125731262
2.5565812689711587	0.5498822508100305	76.40665899191076
1.1940104788284727	0.37780841555244893	73.94017589203008
0.9812359420405006	0.167057817918628	71.63721158100299
0.6001430271912156	0.42512483255139644	71.90165234407213
2.1323655792798073	0.43795225240982577	75.26573056036685
1.896598977614177	0.33607559041146645	76.32881785816363
0.7722785657970225
0.8863478418711892	0.305821960475209	71.45917178755269
0.9622689033700513	0.45499729706394393	72.58212091118803
0.7297935379540192
0.7371390710137479
0.5232950494266118	0.13685757732053327	70.31828569401084
0.5907840638074958
1.4496935547258243	0.633037165569545	76.47969028968129
0.9200126830231325	0.38713097819137315	75.49706583463487
1.6057059562775806	0.4177368060998855	78.10071090559076
0.8071404861549502
0.792447018377244
2.2307078102848186	0.6336320700580297	0.374292140593072	78.41344630770232	71.77558557942518
0.8095015024564028
3.431764504416345	0.32498848838731376	0.38677962881890915	76.71002591684577	75.59500482513364
1.2395557967285282	0.3184149474744723	73.37218517935774
0.7669656563962545	0.4639834593463194	71.08034388940887
0.7566572338543801
0.7225482183106502	0.22779421633131713	73.91969180162887
0.8760369803544501
0.6907268265835699	0.25272267035198265	74.17156814520902
1.449040931249088	0.6073256993331911	0.183018753071845	76.31793467733529	67.95749458935616
1.0444461027577154	0.5024338733337542	73.55522067602858
0.6433953313464954
1.8566745261948538	0.4711112825932815	76.86018367214031
1.0514006931320632	0.2713332559310961	75.6554990720446
1.3633787411689156	0.4781810258483929	0.11798685404911591	76.03578436032153	67.334373050605
1.3264467163462212	0.5087574066430233	73.96566009338478
2.047187673200359	0.44785798070007443	0.19554235434970607	76.77945873060733	70.43086832959492
1.8969879853100318	0.5301991995126988	76.28421946453751
1.8629157688040077	0.6302544491571742	74.94547106420836
1.0535756529623583	0.444275568309948	76.70053274626001
0.8698049808935512	0.36608387128424613	74.93616326867195
1.077779759117309	0.31238856397463277	71.30853559265829
1.0151232242338308	0.2955843928460066	75.69737721902946
1.3845369164989196	0.4311521347072836	71.86425434121082
2.2680267756938006	0.4129055955484758	76.89318126724196
0.6423341767520625
1.4257896765882285	0.3114759400989429	74.99227925737773
0.1877091139724727	1.0921001620041946	0.4008668748208967	77.78775307705729	71.91343080188875
1.2307734206308163	0.6630275284289022	0.2020536489171557	73.09122973563318	71.69157451579993
4.0681465722567625	0.25936336209744243	76.52358939305965
1.9951682521330696	0.39518157123119335	76.37370045435392
1.5964289428605678	0.5958480379767083	74.60670233152588
0.9288019315355931	0.1913628540995829	71.34785672642235
1.0353213582948622	0.5345599047898176	73.97123447859057
1.705646931058873	0.6547383957659286	74.66853884270601
0.7126578883557569
0.5453526213532589	0.412835048303874	0.15313607928105427	75.17907091019947	70.25732141282869
0.7395096754837012
3.726861974014785	0.8681791467734377	76.68866713836562
0.9758656424849518	0.448118990105109	72.53624076650286
0.6699362435037335
2.839774146474411	1.0119971122861073	0.2763292989620798	77.15598992102836	71.72049039272544
5.809059942541231	0.4075454268820765	76.84952776993798
0.6342041023466993
0.9652873521898995	0.19216599141496488	71.064277425731
0.8216582251053702	0.19089199893172454	67.44671357337485
1.2012399794680946	0.5353632327477186	75.87026876436653
0.7806455470358504
1.279289347305399	0.5987815220386562	76.59586581039216
2.5388452720260313	0.511791132709319	75.70179440562417
2.490991429901103	0.8804138799700975	76.23880325952469
0.8621844467041284	0.39864751772816914	0.829683011689619	71.83111799023281	67.76452697004771
2.548180875476065	0.5892276618176993	77.06301836331109
0.4813218068983024
0.9262554267108594	0.7197851760623187	0.3567893410303023	74.57735790743347	73.16734584497205
0.6610868863495173	0.07796617233759351	67.4803648297566
0.4036988835693153
2.42667068587552	0.2891283190265569	77.64490146429084
2.6578889035767523	0.3178809173594878	77.32245146207043
0.7336885768071495	0.3612349188668043	76.94781873818793
1.8433604204635765	0.4498698684027049	76.51482158669336
1.1660936153965273	0.21093323874100806	71.74505671643178
0.7908021800882373
0.9375551715184645	0.4103221860279073	74.59744289828178
0.7523605749557406
0.7097621005358419	0.30105131355054493	72.15937716151282
0.6149624502784742
1.4196234404568058	0.6708327070257118	0.36660010367641727	76.08392989337928	69.82022732854112
0.4935170806293761
1.7924452567354736	2.481310118409776	0.34905737616463256	77.66345591875248	76.31065142746769
0.4458542395428728
0.6599053913138524
1.876129136921047	0.918109139636253	0.2492649160596157	76.44185157413011	69.53804701519833
0.8204162648459185
1.21833015689853	0.09955048255048426	70.6250871787554
2.1581291521706563	0.7068237969456126	0.6163468355720568	77.95371120739478	74.48737509365375
0.7300958686314166
0.7322437253306431	1.8346367013370504	0.7745816308769617	78.60793355006254	73.39750230244903
2.0174487167104758	0.6934072900915103	77.43271562843658
0.9247706593489305	0.2557850988787709	73.79626968414762
1.3107297622788152	0.33010786415280363	74.22097085703008
0.5233297519739083
0.6116646863889038
1.8694502633838384	1.0687684810060862	0.5085333041777859	76.38175466795389	71.30608040951283
1.1312733756975326	0.3659038193066688	71.88431695326867
2.5457385832394404	0.7766343284362088	78.6943086206726
0.587240114328959	0.7557692670055488	78.4616465115866
4.181714627373839	0.6867430023866976	0.22171463844713243	76.45526244591136	66.61297549168876
0.676419778100727
2.3958511096980466	1.1239875707987441	0.22382778581677323	76.04423053167443	71.77044715892218
1.391826661475087	0.7769935800551631	76.38166847089813
0.9268384017413218	0.6646984616333651	70.96227341129848
0.6058131449939197	0.7826574178089102	76.85954654381601
1.405386002225727	0.6097266993571532	76.97266013262406
0.6358315655496307
0.5466122049376555
1.6501970160328059	0.48256641242306497	76.89275575512949
1.1949854754895801	0.4940912357805456	73.57349231032893
0.5588122717261764
0.7695795574613292
0.9341284529101447	0.9399704620128931	0.1552407583267648	75.36335170467609	73.9581228664892
1.2659599700752044	0.7659190619949113	73.13666394824813
1.086407498675056	0.48139568534515315	73.83845000070548
0.42890557362072085	0.6473685328660851	75.80411758492977
0.6395191847057936	0.9557503343411273	66.08484793620511
1.0816324872922671	0.6049696024041372	75.98564488206365
0.9426976355497142	0.48265830399733695	74.92381245913651
0.5414054664597525
0.9567825248198406	0.48347621068495333	74.79024440791741
0.5327898259384594	0.07592883750086524	69.09609343882063
0.6862745053537462	0.031258613804110394	67.00451469915868
0.45072268410034444	0.010576068669247091	67.43129954042008
2.754229229212233	0.3697827466357669	0.013034508366525185	76.80608167876925	67.96796905334017
1.0227913146400052	0.40554279779622276	0.07192052262299534	75.03691956976155	68.05806379135294
0.9843067046960385	6.742600274527624	0.7507079090616697	79.52673069248641	77.98592928244979
0.4639128747108041
1.6439100732349052	0.28126741478370565	72.7238724864382
1.5076794732232985	0.598660970428982	0.1291921090924924	76.24050749197933	67.98429133429543
0.9170247111210381	0.6804155318762563	70.08450946025657
2.3031886863943165	0.24810924451032818	74.35206708507569
1.589694586641948	0.556276623742903	0.17247680575466418	76.12678244813267	72.75751280494902
0.519491864133228
1.4160543875700502	0.5650497701508859	76.66070510928635
1.2433245552241126	0.47287366772948025	76.97576533025163
1.19845929502503	0.4877002791437496	74.44433123745142
2.7874736907981634	0.5846960686583805	76.36480732707155
1.3764252114926343	0.4935147035889361	74.39474485796475
1.1539213836003093	0.45487963352097543	75.695536567574
0.5897599366770718
0.6210345298026113	0.5691715512702052	67.3134840298454
1.6744025417179011	0.36421233143978843	75.13710405419974
1.6803121858692218	0.3248135102517412	73.62208782460324
1.1761865003737089	0.2887543510137076	74.76614059167864
1.3848034772806408	0.14219109378110736	73.0669513616582
1.678731084287175	0.4718615100274205	76.6883055983504
1.0730789936142102	0.29766907506057244	74.27450305358774
3.251979888755731	0.40035402910946344	76.59597549358658
0.4793287318697302
0.5874466872578225
1.6366643750212684	0.8120997518370764	76.0436504505787
0.6273796585819675	0.16470826952431256	71.74966952816555
0.9179993295001977	0.685079361597428	74.14566066073075
0.6176704874750362
1.3998402111220227	0.4641650761650517	0.2588225548975392	73.8520694512213	71.95570992951733
0.6334700518212676
3.0237155573738486	0.45608407264946443	0.17771353061538278	76.76774285731935	69.88380857604189
1.349600609349079	0.3585815652149799	74.90168724644458
0.9901120325990157	0.3755487162511435	72.22791923253793
1.181715278245346	0.5241516692951009	73.47044010833588
1.128337950216044	0.6932147091422387	0.42308547579540146	78.9376213644675	66.64716219636503
0.9424071520016412	0.435679382821086	78.51946706013268
0.8456074328862282
0.9712739815770094
0.7485680302941874
0.952717556909408	0.2574539940034202	72.0234643727843
2.7026872547690375	0.5312238744306519	0.5821784925171578	79.34162022490437	74.61037106952666
2.299598785301719	1.0879274963897485	0.43617722190256114	76.38681813879673	71.90040579553812
2.213750834895619	0.47051809807166317	76.68167432207616
1.2684628605189512	0.5580052231285926	76.46133738451921
0.7319067387219875
0.7846096947061276	0.4349773585018617	72.59438285880218
0.6036295861699651
3.365580794170905	0.4583329447326002	76.43322865101253
0.6946425005157201
3.4622259219611973	0.9996797590883129	0.4447717741674082	76.63488334207607	72.0502281750751
1.6591241944401725	0.49178755685429953	74.45433485384162
1.7647131023327913	0.4638247714482197	0.45999969240311234	75.92352094546767	68.85624751941721
0.654980135667423	0.633125249828409	71.99728042623208
1.5326016972899406	0.46787218745217357	74.78329833457141
0.6110804636668101	0.6824486445934308	75.38541689893917
0.6921836882324629	0.16867855401408693	67.12444709833613
0.66044145528165	0.4327835771225442	71.66445963195439
0.5791003536749869	0.6567879415141415	0.5054626359599578	71.43553729590603	69.67932406093465
0.47418496345384736
1.8323577623593639	0.3464240690127068	73.61067187977214
3.424458152594784	0.43657299356806745	76.44779386305082
0.6216022012348955
0.7902639352887416	0.5831543343194283	0.12893921040912398	71.6470190352969	67.11894501277835
0.9309441338161334
1.2051543288661497	0.3421690845089419	76.65110108864847
4.271998518894833	0.4866078765006299	76.67194428897942
0.38577067463150166	0.22701438461260784	73.09286532030052
3.289449802276119	0.29667779637770425	0.5797352889607394	76.35530296892571	66.39652960580959
3.6554079832767608	0.4710323811122618	0.3542938425420906	76.44126988823201	67.35121661575596
2.28486308076931	0.35156214583349427	73.37861219890294
1.1690009867141407	0.5007435930365172	75.14749456317074
1.437137374600251	0.4603179831026263	76.44669299385822
0.9836189488551735	0.1533855763075565	0.18882956687935637	71.8344695967244	68.23914496285919
0.5962000365997502
1.0324982651478605	0.2405783723347647	71.95315699275719
0.6540022507102559	0.3006952923436123	69.3810961323591
0.8636174107591789	0.17382748492686242	67.35990205378152
0.4851160160907621	0.6081417338408959	0.0292546682884066	77.07182831392562	67.24928302311521
1.08278262761037	0.2759055136273076	0.020960875111419166	73.6376500926814	67.84527222876312
1.3979787498011698	0.6442227516237011	0.001333624226732118	73.4737022952165	67.08973185168013
0.8157060019977209	0.0018488156996949293	66.90091577365598
3.5234516045215534	0.48032524123763454	0.7438656391922228	0.008748710020855704	76.42139539299357	70.66401559252745	67.01807171692867
0.6994700849140522	0.011685809977800849	67.25786736612352
0.7448678859854175	0.006374840491513271	67.84855781083968
1.1975545838937662	0.7038115545977125	0.03813128584715957	75.63634244431258	67.93845949287508
1.0170366031029991	0.5171264626062353	0.02291203014437512	73.49778296693239	66.69375580331383
0.8170075483065062	0.1440266362438022	72.27298207503055
1.5923357872726036	0.3753539580512607	76.4187830114488
0.6537402846145076
0.6454255229026321
0.624657293592184
1.0358714968324017	0.24461274667123964	73.94942786662457
0.9130039973427785	0.40803628454210805	71.20916004951668
1.6398734894603375	0.29004245672249523	74.1581337910964
0.7063222466870567
1.1191885222060238	1.0071666817556124	0.40171252868301355	75.16721488236327	73.28991197940958
1.3383952013509928	0.6100531794751218	74.35294611546988
2.2841757536585927	0.6846769783606351	76.74367497009156
4.103031264657948	0.5410157819365946	0.13402387600518378	76.67271137030632	67.99598223883004
0.71396007451165	0.47393827340410855	73.85717471920641
0.46737103581563866	0.8244280798560988	66.67379950668428
0.691869194520808
3.6639460106609576	0.4457377039717941	0.2238093790610957	77.44099846620551	66.17835227201296
0.7762676075164344	0.3772043412132132	71.66863225321232
1.1310748910149135	0.6595203633660613	70.1770811445266
1.4470817100488966	0.7522527476118221	0.4784295772286828	0.2775030745047452	76.81113662787226	71.61726286616697	69.94680534941304
4.901664029312622	0.4622394190922735	77.02339961438314
1.4218199346455698	0.8416845244017713	0.4389616515893105	77.72400785323582	74.18809453160308
0.931186121155905	0.4577314036025327	73.93580483084546
0.4963850104974989
0.4047378475799185
0.9073886446007098	0.5802360325791698	73.71698192603552
2.924366736650362	0.7342857914900839	76.99291512545932
3.4327832302057693	0.6784835895857988	77.05653569268925
1.734087536166676	0.5873694879339669	0.5236774828515159	78.43212042136616	68.49983248665349
0.6716547078281961	0.3406969059156451	73.96076866856791
1.0835185877389126	0.42217065464602127	78.58535953548088
2.247318476514314	0.9467516041533656	0.3669817038112447	76.42834665021853	71.47666178087509
2.187180639754809	0.6703052513590811	76.27594443297112
0.862845150630235	0.3946267700185722	73.19728208551018
0.6580245639007913
1.3924376742826932	0.9073865661386593	0.0492389682253348	76.51116955156346	69.6951550682085
0.7292986472925119
1.4038563882099795	0.3901960071288185	71.40488724772683
0.949885867832369	0.24258944432799873	0.37343142403176777	70.76097820285348	66.85234684296326
1.1323185845291894	0.2624251265648844	74.38459570467346
1.4582817382748487	0.7141431619888098	76.69829281428197
1.5941073437970121	0.6022746669262161	0.0787047958285599	74.01789064844445	67.83248007950506
0.3287737825655039
1.6664845766117962	0.5147975915524985	76.71864707980525
2.54550274951107	0.34639747480561844	76.51850898419113
1.7549831045688176	0.4146918270255812	0.9145805047757938	76.38495356274488	66.80314775833531
1.6188634414238523	0.5122600802642001	73.74084293223366
2.755735075157454	0.7786259760286095	79.45503244179493
0.8541862395182673
0.465824028891311
1.829635312840506	0.5701210609878544	76.42117168701022
0.9538348462364903	0.5682501132675359	0.21236059685949063	73.61527911900508	71.80553934749456
0.5239103124881399	0.48486697320369254	67.63843019274746
1.3588394832074724	0.48547054736483747	73.40671960220821
1.924066963901546	0.23289139519354898	73.89346255129685
0.7867562118127138
2.439838672266663	0.6910710199107497	0.3835012834255697	77.52381530834451	74.45115020546577
0.6491009607946244
3.380666778285501	0.2626650461832723	76.55640801888731
0.9255267977253301
1.7490755808567564	0.5094341925774559	76.92150832288355
0.8963923288408877	0.2121409259822248	73.41787929280645
0.7985702355498839	0.2970512929985216	74.11289100446204
0.6956381255592783	0.4825507700753357	71.54775436741053
0.9181326096969257
1.69187858640538	1.1838037018386849	0.2907874467719403	76.59567911006043	73.11307942476654
1.309419590645068	0.252924433655923	71.90605473996364
2.0848313810199874	0.7554971996364893	0.4668969746777347	78.11080550488799	68.61199980560069
0.9372572800683574	0.4678037148056	73.81112135451187
2.2611648016599273	0.29983712361116	76.50210557739852
0.7013991959924656	0.2221743356839533	71.24367238650574
0.9976493651106236	0.2080112217929066	71.80176923914165
5.148217766460346	0.424847014279034	76.83853609297495
2.086584955827722	1.0644823302541166	0.4414599806418113	79.17585126795979	76.68878075468103
1.6624701894261034	0.566613193063844	0.35067368505598395	73.76466092244868	69.39803000101155
1.1823554797785414	0.5871937843222046	73.49720339501866
1.6441357671659003	0.30081104975977996	73.60987634674034
0.557480741207563
0.6737916316550391
1.7392143110281448	0.3369725769155676	73.34749043563549
0.7469620428065576	0.05488372268237991	67.76764391383288
0.42256322369892285	0.5670510486385515	0.02171834147084775	76.63352968867272	66.56483925919095
0.8911042913727791	0.00757560275631223	67.30411795474299
1.0492053126536074	0.517079660584632	0.025061823339326494	70.66543319422281	67.7105574954638
0.9296310665623563	0.6421612430588645	0.033166397750200326	73.11498167048252	67.24238787996049
0.6573320246479688
1.3611131623744035	0.4337501556947104	0.17889241173066592	76.03705890068669	67.1713433389005
0.43324033327758127
1.3123911479774577	0.551617032798485	74.16629867583333
1.4643158186359262	0.1532892943704203	73.96348844665772
3.606309249550375	0.3537136185366469	76.77247055655562
0.9280244535019169	0.14700912328687935	71.84406978154662
0.9658164752617149	0.09152750139426409	70.69333907766132
0.8895251159355642	0.583568781005207	75.55307828083836
1.6734472127719187	0.5807112761124711	76.5164012863921
0.8469571075143667	0.4012319893516099	76.00748674093688
2.7765428581158673	0.8121152845781748	0.22990273860703642	0.4981099956200244	76.68041338571994	74.08956157154178	67.46909189672503
0.764157252081006
1.244911721124827	0.5217421601274534	71.79567439349971
1.4145296016368893	0.2996298004700061	0.5601766537331161	73.26622140810824	68.98916750425906
1.058341053025084	0.28584910002558195	73.14471492890715
0.4843315437665366
0.7963921175001627	0.4151790605297774	71.48354666121733
0.6785932947464656
0.5714219852352924
0.608087106199532	0.34094771001609797	69.88403113190944
2.6796575245610654	0.39874375459801087	76.39875380112119
1.4180387590036987	0.41407993478377597	71.7190523453886
1.3858453605051793	0.13166025380655547	73.91325321240605
2.693396717726969	0.16476038163857235	0.37747365843108655	76.23441260530474	72.2332396948963
4.574462044978141	0.6016361062371091	0.18869410974686712	76.64041376969931	70.13954651230496
3.6179225621232685	0.544551146473988	76.3952303245598
1.3317615654868193	0.4296775764148641	0.40295292723934145	73.80790884105221	67.76972967510663
2.021049659494773	0.43704068305819027	76.84504856944264
0.9018020429702007
0.996075894645906	0.38395784636915314	70.66242786664797
1.042153021208918	0.46895585305919896	69.87071066499257
1.184192835396075	0.5365550860692948	77.43012577123
1.1630730020104831	0.40289629103789726	73.074579457979
1.0093927718800466
1.1966846996137972	0.5816222707752677	76.23423593415356
1.2283422998814477	0.4529587678178847	73.81537615581995
0.9986625405453358
0.903453171036256	0.38490743294988633	72.93675781442353
1.392491638290588	0.7246506158652231	75.07709854131699
3.598075322889879	0.36918309209963174	76.62889846812794
0.8892228436681585	0.44613079686184665	75.49623433324162
1.6895054227265178	0.21399261036595008	74.96921083857792
0.7850278101659727	0.3965126185948464	70.2061825384049
0.9555194663347472
0.7245461187697201	0.9628001986830256	72.1367414685645
0.6285078107191986
0.8476705146064969	0.8683950099941512	0.2939601463024891	77.28266257545687	71.98786348156139
0.5172430704751447
0.7244962571796151	0.47646728747193867	0.4305975191057576	76.94974912792613	66.82480065914956
0.6853712797793476
1.302711937535325	0.4090830805823858	76.25637644128646
1.083259177736061	0.3059839978044089	72.33120310707642
0.4128332460124712	0.35071404311052495	72.34939155016637
1.2696893158926275	0.530198053801127	76.05140318150426
0.8949314019451167	0.652985142189226	74.47412588381837
0.3105145490102955
2.02047515171138	0.3166467180446511	73.90571366506073
1.1713945821060379	0.448082098942751	73.76939621036679
0.9107019804854596	0.5256815227939168	0.31575319481807124	73.95963760911152	72.34481272205292
1.1780086612478744	0.14844523606668938	74.07571233137602
0.9165510686208792	0.6530575204915626	68.12818933064615
1.5574074276371375	0.7583637902920347	75.19767000500568
1.4262876801180653	0.30153506863038004	73.50403215557124
0.7565224760500631
0.6453498695585732	0.26449080847399803	70.59311301485586
0.6653072948923271	0.5773681760303457	74.69621098666721
0.8078004883924432	0.19432607907733174	72.22534084690881
0.5922653996336935	0.16825777929486918	71.77638244206531
2.4061024459240747	0.3151028192648511	76.20366365220318
0.8437185847597397	1.2130377548464892	0.3466507123102643	77.58897610002653	74.12196545432539
0.6089716558219949
0.5930997568924409
1.8447188591561565	0.6265781421886246	0.15759734628335767	76.42369715331634	71.1425120491229
1.1089918783767672	0.39305635304685904	70.65370640284911
0.41450662430182383
1.3084695668687456	0.27173980930203306	72.50040023148787
1.2222258686819787	0.3680083758093264	75.33601475215019
3.021393204533106	0.4118791461461262	76.39375257477712
1.4900576225822326	0.7134003590258531	76.32713487601062
2.982281673129031	0.7264233680947388	0.1861835348805556	76.42890436096542	73.19523315686547
1.2204310076245903	0.3080012481839643	73.948761550074
0.44125980360273614
2.051051716054123	0.4114406897270324	76.56333813465457
0.6428079787466092	0.6579634473830855	0.3674571032975516	73.04436136782519	66.54334177096666
1.6332524994885358	0.2898458213780803	73.4580585264753
0.6876631965742855	1.700384262898408	0.9293139880141488	0.49933037401881203	77.82577588723224	74.66610702783714	73.5023414542762
1.34451002594029	0.5330049235069915	76.60151137676449
1.2580412787689954	0.426930427897525	71.30132303679157
0.43869931818080216
0.8842965765690319	0.4477274869665547	71.40537836310266
1.024730220263664	0.2832069961152301	74.5606052362096
0.7205853587695689
0.6635190123093246
1.8223307665668464	0.19479076450338145	73.19309673826938
0.7703041851579785	0.24274626526361381	67.62628561982788
1.2227704400331287	0.275413608522919	0.3922152043602	70.49808252759809	66.74756069668518
0.8715187001504616	0.6791887168964469	79.03301209199238
1.1150716781541925	0.730826930962854	75.14586718299037
2.1982764435217264	0.5917673795855357	76.393389846256
0.5497146130272157	0.19953042179198074	70.74046347355596
0.4428644500517201
2.9788889764114947	0.4438247039923494	77.03698420717033
2.8283759854909682	0.36356527538618316	76.71842144485528
1.6773314923332012	1.2955547351271621	0.22744990457896916	77.78096932867216	71.73112964145619
0.8649408881055854	0.23931557125643815	73.82493042961045
1.1086937471893357	0.17507422553507407	73.13574872370705
1.0471031603607763	0.6615549247872812	0.2447752085321684	77.91370211790753	71.07858494973915
1.4160095505100507	0.6957889864506116	0.28152094732191046	75.79077721657558	72.83378306139183
1.2279759870249665	0.14546656994595447	0.6486514770478238	73.58112293858287	70.08564830798727
1.4202308388525984	0.5089764925960302	0.11689595382887069	73.39277556016026	69.09351854136547
0.7636724273132297	0.5433700162138472	79.07022666428206
0.49512721837392454
0.5854780137474859
1.1614283917239099	4.179854161784553	0.4395584003608358	78.52339299861633	76.74941536502686
1.804065424215391	0.5685261515943606	78.09667556518332
1.2480492194195103	0.3687802016523836	76.76059960394132
1.0349956159868166
1.2206259139770457	0.7532691208099414	1.2430619616558582	79.08747056960178	66.72714591491616
2.55030027825272	0.6507246376510263	0.579617732934835	78.1092202319493	73.0907227288932
1.11217081290213	0.20760274680024526	73.66193299305081
0.5303855624848931
3.675420629654787	0.579952443610411	79.4679367058162
3.532863368340981	0.5890870790805793	77.10686494136839
0.4429821845568902
1.5900999584578206	0.458944242100866	0.41593722566302166	76.78278716032086	67.52629154161073
0.6818085546182203	0.12572356966001003	70.58872349647345
0.8286545022790406	0.20596799808463778	66.84414922773634
2.1248735524684443	0.6603627293303724	76.51492796930677
0.7348699434500761	0.473625373072818	71.60467951078269
1.5251534095252541	0.6537190835473312	76.05799249418641
1.1669934854496848	0.483926316458347	76.63633179529292
0.6938860955336632
2.4896886520015293	0.5543256650801942	76.79232748101097
0.589578754475326	0.13048284203560237	66.7425723963704
0.6373686565253075
1.6928795635382043	0.6548211884693684	76.35096186443965
0.7343589076164295
0.45532236217146765
0.48081213525241995
1.2052884222095732	0.40375664586010845	74.40134272566235
3.3939856458448108	0.35518760953462114	77.02058408715573
1.0758413496894554	0.3228043410353002	73.36520166362642
0.5680859735305782
1.9113953514759028	0.41718704218709923	76.42845767237085
1.225749620119776	0.6873949510402305	0.34422115227895106	71.01367881516265	67.77783369358859
1.0133464346559296	1.0337310721013686	0.24420722961741215	79.4411255809552	74.10482394712788
0.5408408702696638
1.271577903253451	0.3847501151306531	73.53960704384534
0.7574440694909459	0.5049954226682083	72.73552545999469
2.4080189253893343	1.0318846934821495	0.05162189390565894	0.5476232239836543	77.9395243690112	71.50288054094679	70.09845289521881
3.8599747670426727	0.43859442962696443	79.12984062791762
2.238385806964513	0.5542470674522332	77.28202559210926
0.7751228114084404	0.6207810369206079	72.1498835913859
0.6710407065960091
1.0861930219632845	0.291758854497321	74.20732299179272
0.8282112989610747	0.2258977056278664	73.45791791361404
0.9175873746131158	0.21072638171975994	69.91130383486082
0.6902980896389086
0.9822223961153502	0.5156949216791283	71.78823012387598
1.7260270492753331	0.29667487452745533	71.61396847190026
0.44828385380886554
1.5378749619380538	0.44056734275378123	76.59832440936461
1.141550206442954	0.5925084696027563	77.9438628988135
0.29216696207613685	0.6266473291310836	0.610917929896422	79.34731019366092	76.92032767000018
1.453010540893261	0.48540082496945597	73.82537969018492
1.2543922769499236	0.3920680541370741	73.64278566731045
1.527375789396281	0.3535087545594382	74.16997597103881
0.5932888022931386
0.6476293849356949
0.9099461349761231	0.6149922984058279	72.96852999802306
1.0515812490944911	0.4652491814043663	73.58408856833422
1.9840849045190847	0.6657216037670732	77.7923976726595
1.709804673394748	0.6863759654782534	76.54657212283087
1.7090037574172823	0.35124053468100125	73.52767212836635
2.967314983473423	0.3500000054697511	76.59878184410415
2.7714864245213535	0.8750237904877606	0.282971676250819	76.40462716622956	70.27740211699891
0.8468063387945398	0.4332129287294513	71.72848676497969
0.5661750993747632
1.0122589840961964	0.11866978378424027	70.16713702856053
1.0544152983040869	0.4372385610677023	73.29134457457874
2.1646958850431415	0.6631285068750088	0.17338271783416848	76.84450676238134	67.85528138005144
0.4178301184138517
0.9418532812819295	0.29669233861397504	70.40817189033855
0.8346153061811828	0.04323936803792175	67.89575175267494
0.7063501858097576
1.049798854633832	1.0519955195247235	0.282902871128202	75.02395127348952	70.18740839850928
1.9035386378947132	1.0236367284065906	0.4086141929656459	77.61918766828366	73.36169683894317
0.7487588692789277
1.4424251446232792	0.3182293115201795	73.40976022961789
0.96039816705386	0.4191304594821246	72.69183015324039
0.413213871246021
1.1561442591006774	0.27898854683509944	0.32540886391010987	74.02623178749414	71.91737830045585
0.4626016112771275	0.03621764227538515	66.82752436690335
1.378727329097236	0.4758627643558324	0.007551829922596316	75.66146264657084	67.69431316759496
4.0524132517677325	0.546405578398047	0.06082775290824655	76.64615513169106	67.97429837268837
0.9308468075374169	0.10196524066754352	71.88042111416976
0.5609899225836167	0.10676459590865409	71.26056419481343
2.2493811369572256	0.5681381169740302	0.3496851908374099	76.25795932226455	70.8458416405124
1.0705274186578095	0.7465795468097052	78.54214838805298
0.7215863715632631
0.3996549439497686	0.190253099672528	66.28454216560554
0.8672551852316952	0.17409124703302084	70.14601192432973
2.6541368620040977	0.20146546044131908	77.10978775171644
0.723770365233775
0.5929366640738186
1.2332846509235391	0.5298298458721614	76.70090693210948
1.5877254393986868	0.4366987565162132	0.18425009254359628	75.05811456354319	69.64925174898411
2.3053109443675672	0.42111402404051135	0.5993680583381084	76.24289809842804	74.6475410867592
0.6384582074331221
0.5042981445976574	0.5825155588907462	0.2191440814044325	78.25707446028449	67.82035901366308
0.7306552741781807	0.41279074546058586	73.73073078000961
0.9193373273171129	0.23597480444285435	71.8737168379259
0.9045992930111656	0.19590199176826006	70.64583277417009
0.7919533273851433	0.607552897111533	77.46063324756975
2.341957372224228	0.886401885981398	0.33923142913832277	79.02418598040181	71.75531704440615
0.5435904966276282	0.3330131061056966	69.64141232629446
0.3346211088304426
2.0333668955023576	0.22407359516322992	74.14849412381022
0.8130209669007845	0.3322413852987743	73.08349239982655
1.5592926057918397	0.49886688054436656	77.48068194726345
1.726946764582205	0.5068154245996054	76.69224643271235
0.9407611360182663	0.6348093683650845	0.36582380215215116	74.53520149553552	71.14607558173434
1.4095435371060867	0.44549229232587056	74.72082266184427
1.1234871457901596	0.3640235140416136	0.3889206806692851	76.13095034510252	74.65405945634025
0.9463625381315318	0.4502279292582288	76.23092245350972
0.9668924635946645
0.7289390297190191	0.6388841370176839	0.7374740488491255	75.77066945575235	66.22666371015156
2.4006930987872868	0.6397335727128747	77.64216501487358
1.0131421581061462	0.192450148964326	74.05806471476114
1.0995796406050746	0.39787679874152077	74.08168543126868
0.9871570960968632	0.2513821795967334	73.23284845909173
1.0807178780884505	0.5220751159260123	74.6566068059419
0.5967184909602627
1.6860842523695703	0.3811317259135648	76.05761235291358
2.8015666320400525	0.41516699234558585	76.723179810606
1.4251026617066287	0.6216454595359348	0.2779712292915623	74.8564328654632	71.32661553333892
0.6802044353926019
1.3216910615847164	0.42473183289873473	76.14728614205073
0.4113239299116461
1.5108497866452442	1.0135446057436617	0.47696660862967694	76.75072208392713	72.55137482885277
1.4906378102058517	0.6163134492291148	0.4574939373846422	74.53802436239603	72.04669327605541
3.7628154483984493	0.19576317725538622	76.26099404932044
1.8311370054668232	0.5990413461425677	77.08387168419063
0.606261968550954
0.5090404523513267	0.2736556713911244	73.42534469525688
0.9586174679695565	1.0450868567598923	0.2664247954886431	78.76781013310014	74.44516752172922
1.2540109324395061	0.5295889994536028	73.25337470402656
0.8383348771011837	0.5758079943361926	73.22741988944672
0.3595309610048429	0.5513688533700735	77.56899628838684
0.7156625834209484	0.656525692126105	72.30390707435413
1.0746483808154008	0.8950903881399208	71.19228987063983
0.3683123611609422
0.7335025185685893	0.5230262904547063	73.10823102370449
1.529068565781576	0.30301896457990335	73.89972942277753
0.5752117479044369
0.5712529017442961
0.6407756387794491	0.5466460702241835	72.65012514932451
1.2868992964689279	0.40673842452556147	71.99930227484388
1.204992314809588	0.12700435226515516	71.8727001180875
0.2828007368461109
0.4620937308028781	0.4852649429902519	72.5335968037435
1.1608141885733494	0.25270616793289985	71.35120567309976
0.598528882975487	0.7774313043679462	70.27789239775609
0.81685641883935	0.6009781844749178	74.20428371250495
2.377375288207846	0.6584896176023677	77.57334354494259
0.8857290692923947	0.2524676437874483	73.63930621987645
1.3933592728028452	0.29268948755170504	73.62422090239717
3.1294368630183604	0.23478541629877683	76.5313153593179
1.4514063875242857	0.3309738124830422	73.74773839419174
4.027603573000483	0.6460876397946146	76.62365079895123
0.5804688508214094
3.810963150346208	0.6127776243520602	76.51792212099409
0.5660248837907975
0.6115692208445921
1.5246769845474688	1.5797509173762194	0.4723798419924586	74.70649517484841	71.28198504177787
0.9297734312730053
1.4014325228923756	0.6187502505468334	76.49822698993837
1.352685309018412	0.5209665771159869	0.733066618874559	76.32609484306458	74.54447686035267
2.043733608946884	0.4814235557313881	76.24136218010474
0.47563783615051913
0.53145864363937	0.16661311251833688	73.48265556032575
0.44922267417285483
1.6957349756007738	0.5448928416135403	77.7514534150444
0.8047409187088432	1.1662446097545394	0.6316089017378181	74.66437144767485	72.85699066002464
2.484992249449221	0.5125696082583484	76.95153097759028
1.380746961258393	0.5391101880951572	73.36815142501872
0.7157999017130898
0.396591614843161
0.5333490230565111
0.6716689224659877	1.0054259251196387	66.19576696473798
0.8853981211975562	0.4779008220391865	74.5017917969869
1.0468659752998013	0.4661084255337248	74.48441092428612
1.2767975238674396	0.3292880984041603	75.19628709775569
1.4516442949149562	0.4528061095402966	76.31052582136265
3.388365539706442	0.4531389536221099	76.49386468619832
2.607340951332114	0.5535893030300906	77.85103900069352
0.945095338780556	0.28987211220890613	69.67782988663781
0.8107792057604467
2.1666063116149252	0.4421454710953326	0.22828949054052597	76.33549380372791	67.76901590847808
2.0462331198355383	0.7401261179301477	78.72778571664338
1.665415719344835	0.6401226145144828	73.99095230461849
0.8802374784889058	0.5906981880307385	73.87684970060715
3.265985678623028	0.41587268184585824	77.97921328606196
0.9179758854073417
0.8183816713803566	0.6623699140600949	70.60396980897197
0.653711710077357
1.0823877105878883	0.21049712511535093	72.63300354665107
1.4067950264588298	4.682813058522816	0.37129282993447277	0.35547815876503025	78.46176002648222	76.45500479614827	71.56952150441232
3.2301008428187092	0.22678247819430128	0.7757337422786248	0.26163762213161074	76.93009208342797	75.24885909035444	73.84418435091268
0.7332334813802985	0.5254468168033731	74.73330265767989
2.6571603367389387	0.4304980370467645	0.32051670397236204	76.45524315678075	70.03468069316246
0.5234937654578629	0.5288882716660888	71.64208274293487
0.3418964759479382
0.5688491767774009	0.4464774503422927	73.769516776587
0.5780506553993785
1.2481529042326376	0.48909731402892426	0.17752938065725815	72.95418585366383	68.58064006863076
1.4139069983907027	0.2922129827671169	73.134760318183
2.8183515171286704	0.4042507650371708	76.54752721505479
1.2260060401408075	0.2885073051178424	0.25663705919995766	71.72307878738242	70.53215490083758
1.1147114601853911	0.5420254503139048	75.59361663450821
3.628769997613723	0.5234476177221763	0.3106805227665686	76.64514240038044	70.9652698408504
2.6639755629577175	0.47782949432126776	77.26854345432058
2.4334429577274888	0.5678262148758141	76.15284199360914
3.0937529380502995	0.3469970446873869	1.1665104823971806	76.43905112197133	66.01101077405467
2.913249865430771	0.24611637730372635	76.38086450311276
3.148270938317681	0.48882396242034704	76.65687296569092
3.0230642070805116	0.6494563130470697	78.95513745822367
1.0180083845278567	3.521871314091083	0.5179774030478187	78.94902193709926	76.60128248693832
1.3096118195689415	0.43766980505225045	75.57817526803548
0.6358324321508452
0.5952595633877028
1.541159135149868	0.7141353616890849	74.15889991392558
0.873007063207229
1.5656900477976774	0.26455734793921354	75.43688106545397
0.4134828625390914
1.803407378529443	0.30741552856534266	0.6844514353651244	73.71543342191275	66.21420552178341
0.8551004008145849	0.11237252745279336	70.52952539936565
2.67038253290994	0.32448709947733784	77.00270783270818
0.6319199915257522
0.7161285102839764	0.6277098265115513	0.39656452866003444	75.9066655085063	70.08063553294377
0.9784166004663132	0.12060821313221923	71.58346384554658
0.9544657832276401	1.9366463519341974	0.4158621357411029	78.31061826381985	74.71194922684688
0.9374846801638429	0.44582635009200766	72.42123446759064
0.8531275612984104	0.20190924389914225	66.61712303601816
1.1918791494403818	0.4618604570473283	74.08553345521825
2.1572803405699195	0.597644286345462	76.09232665365225
1.227631478866955	0.37900176520818446	76.31767334993597
0.511856166073963	0.34267058893709695	67.48264325432251
1.288728761614457	0.416830366575871	75.3178405130635
1.093598606605409	0.2453279818388939	67.20588166527506
1.5776546191446024	0.5751504970382391	77.85920582867713
0.9017245114255024
2.1331436614448585	0.46427580692766085	73.07816809203104
1.2625519843166162	0.5318881640939237	0.6394847767787873	72.00487832139935	67.38208788753612
0.9452607989027217
1.1399189448067073	1.251966543408934	0.5073188371924301	0.08644819131735498	76.43929615441192	74.06598660333184	67.96585837624478
0.951364080637275	0.3444869061331204	74.28812941013351
1.3875180547722168	0.8260759945349317	0.29270138003060087	77.41428065470251	73.47421205138598
0.7036076614325162	0.24633892614014086	71.74873525085111
1.30306259296591	0.5859853402015879	73.70316684053633
1.3842315815605086	0.28650444585770013	73.479968045532
2.004257960628107	0.20998990612648877	73.68505239686301
0.4450727810044215
1.464109843443555	0.42349221288022104	76.58935000393703
1.1854655299402936	0.4484631690351004	72.86785766630517
0.9477637061852183	0.48446827972312073	71.03136483746962
0.5213070246352751
1.3927592771385338	0.44699267867030934	76.73761165966148
0.7458525173783126
1.4667516750796838	0.5054887044245726	76.10723523470087
0.49808825031806514	0.6620462540745655	68.31172371910976
1.02527725999444	1.0196303389028074	1.0205789568092938	0.5122193228401336	77.6281329067675	75.53199761279669	73.73186870980511
1.0700703948078136	0.4050758052138286	76.22682292056739
2.676439798349939	0.6428689791800519	79.36834879759222
0.9613371262340833
0.6782958954655799
0.6274119417209355
0.7011161752197429	0.34796017974525884	70.51067313489648
0.594603625734144	0.5727050203591366	75.52635321405141
2.084887367880177	0.4569993558667436	76.55840328003043
2.2624401554911406	0.5800138379723451	0.15157069495467987	78.08717310852916	69.53200785523414
1.2325784914418922	0.08930064447980243	71.9398635429634
0.9626799918288248	0.3860604371211381	78.00989423738791
0.32326183054625857
0.4837526578315661
0.5969119818268643
0.973680335448324	0.9177082429748483	72.08889328296054
2.07242582613681	0.3243341878022456	0.6146400334612068	76.14882382892972	66.67653424438168
1.3927039674106783	0.7359186876996476	0.38067266224966717	74.98018449846889	73.49131943913947
1.8204799084768284	0.4065849043811181	75.52572322362543
3.4979562024910074	0.49372111367011096	76.94538378182129
1.280797886683841	0.15304365283600554	76.3165011044126
0.9894615323069432	0.5325994465250216	72.15411450919382
1.3127653020141854	0.4196439818704437	74.18201486470667
1.6971576453770332	0.8733560646619162	0.33219550186475044	78.42679514503001	76.7825373389698
1.9371399903326754	0.42010775794326816	0.42404350044817773	79.54712296235934	76.93205819990469
0.40086628367892996	0.5467961736824107	79.01090269143236
0.8577238629804269	0.4628280283146229	73.90782148205533
0.9304199125141484	0.36561467138944176	71.79157318178072
0.5267488964054118
4.597423956728849	0.4758557097648025	76.75529350421726
0.7724430754964289
2.8039099267638394	0.5573949154862284	0.6204674038075546	77.47586520584761	69.58108977939892
1.927787568623017	0.2743875909398897	74.83019827073039
0.9799655788126173	0.37239272000433354	74.21066273740533
1.6041565866699325	0.5414069530484711	77.15134139456774
0.43397483514409085
0.5719409098139894
0.9133914871657707	0.5128694810289037	73.61144708003125
1.239784294157835	0.2550988819568892	71.87616365606374
1.9667064859859171	0.46861223527408075	76.4653571721349
1.0219393809610449	1.1319327578124312	0.44619021032519385	75.78282774034501	73.60052764747518
0.9622812176743095	0.2503431557703765	75.9236902936033
0.7003425703432784	0.2474318914727655	73.86028743410682
0.799160811308675	0.5884872657210591	75.15176426752511
3.4922539546727087	0.174480771433847	75.98924060354156
1.019121449613944	0.2607591643859892	74.36704494702191
0.5702368071934657	0.5068232291237552	74.01744054691385
1.3321717876682895	0.15510511566125285	71.25419038570574
0.6541320993161569	0.31207959795274093	70.96055101008281
0.6717172292138348	0.3731331659855699	72.59167568201104
0.355825545974966
1.165693975746423	0.29590390001810946	72.43134022386437
1.3790287177237572	0.3306623024338981	73.64702688942943
0.9054603013634227	0.592825777061755	0.39718130865463325	72.95379976139328	67.51951159130451
0.417799953694916
1.45988985447376	0.3856294304699037	73.89702607242423
2.1885293709346874	0.5781597104409277	77.95737261515866
1.2064762156758668	0.7370022610432997	0.13127557370412007	76.00864279597738	67.6537512545896
3.55142530125262	0.4749811881805594	79.30765267319373
0.4594101308439418
1.5464009418428994	0.2936501398134292	76.3301748001907
1.0879194239165497	0.3686585295734502	75.08032440188748
0.9073573509950181	0.7234555312051844	70.95881038436225
0.6614226062834161
2.9629750192742197	0.5235265842318345	76.44484868562732
0.6740521513772278
0.5503005720994234
2.020618035728453	0.9152911050477794	0.3840785899354369	77.13853939203636	71.86195074123894
0.9791790679111866	1.334497979635841	0.6136151863021816	74.140020578678	71.9950316698817
2.1266201351210183	0.896816314075489	76.61046880128187
1.6402000715306075	0.34850810929749615	0.22113669711950376	76.75165479011822	67.07152694364976
2.2554067697187086	0.4181272957938415	76.42072444392124
0.6248676882758673
1.984804422966904	0.43434656308603997	77.72445053028527
1.155737394957808	0.9117112711161054	0.37340694121103934	76.68226750419159	71.50829655112136
1.3049142949208874	0.23894799866204228	73.4523328098442
0.814381838570946
1.2594444982318602	0.5488172319083242	74.09636243998484
3.727515528822693	0.48906589070840645	76.58105420089649
0.6644785211796269
0.5539286918608162
1.0625280001645327	1.5173257988870748	0.6265893769365822	78.1709687642629	73.51975625570162
1.5416841253282425	0.2867690473465528	76.37926523839415
1.2786108687565083	0.3077634990427353	76.47588090572316
0.5180142564988729	0.33076739901459595	67.0409529182601
0.43861544352054993
1.282216912839829	0.1774113783317217	72.2263320144717
0.6753496031166025
1.1253296394427506	0.8125648402003989	0.4973550855681386	74.16002981912978	68.7025958721913
2.471329297101179	1.574078537771092	0.4336270643747243	76.62056677309276	73.80812662477304
