0.1905452964806474
0.38297036809585006
0.686540102167874	0.3438270382672064	105.9905401195663
0.42589098924268476
0.3313492389960473
0.34293217293089806
0.3627040891098877
1.207799890866402	0.28879104203932915	139.52755840069352
0.35817249155097913
0.4720636036884349
0.3933803348135962
0.400796266525216
0.34008791359213036	0.3026171755217008	118.29344206881622
0.28723247935762475	0.3238657767641987	128.91041010486842
0.30327649939360807
0.3380374027991357
0.3872237177521475	0.14120028252273129	69.55275076876502
0.37996163871790106
0.05781956659667762	0.4002707526875492	135.04369909381455
0.334812588210034
0.340171631883203
0.3704237633968158
0.41055418201736893
0.43957248600956483	0.33444335708913736	106.89090658578274
0.42564903844890356
0.6103023584556847	0.2462504534604395	0.3418338740720036	136.05928349054642	127.96481718994032
0.382898276749422
0.3655530863855967
0.35994847763989896
0.40781572821594453	0.3433104862219224	113.47990965405934
0.37536522279706636
0.38856131408972816
0.37526692706973513	0.43941797296090374	77.07640735545787
0.32906018476074594
0.3891542122523183	0.046656120118333484	1.1880634608620906	68.87212924013164	67.79788966183172
0.42341550362279057	0.39920526422136227	98.73282671982248
0.3831265684323196
0.36159699385439126
0.47470575585116426
0.3138639330205038
0.4152030489049046
0.5637667704899681	0.25011762376347596	117.19835543207732
0.2949526465242221
0.3841307116857034	0.29336186104005113	100.6211372792694
0.3412914759426177
0.3404947710393285
0.3977743405546576	0.318818877092583	113.53817023134451
0.40125983433514467
0.3684168099566769
0.38218361015358726
0.3396676961915149
0.4010129953984933
0.3897997001634297
0.3557107946148556
0.3644141491313561
0.4358961232512649
0.3061874360466348
0.34269131857343316	0.4298907667714451	135.78599564028798
0.34773664474481136
0.5532099307972121	0.3930342932345366	88.106372474118
0.40396019288948853
0.4001487892876594
0.3468800283908519	0.24965788286633048	81.81848336919755
0.40344905989465846
0.33966280905731705
0.49773355174837713
0.31888091358500864	0.54192325702854	0.22879319730635636	72.33288873512359	71.17814739391426
0.39042549292421747
0.5120471959123448
0.40980850936746294
0.35289213824664933
0.3062382527933472
0.3810256813426831
0.371975001581866
0.47251126066548277
0.4178575251014932
0.6893464060527013	0.3598979341150431	118.39751100919828
0.4208233597917288
0.3950448290713239
0.4029688049525898
0.3510277187507937
0.5722647162997615	0.3019343248472161	113.46681809097258
0.3258593905156169
0.7058216460771737	0.36930110540108413	0.5259641785168033	118.54403585165363	67.03926489462623
0.39277034822122026
0.3540497241556523
0.27137612747727136
0.42764080452034403
0.42622111361097137
0.3910575603109782
0.3398385929230911
0.4716350585295677
0.41810019430184686
0.3857786599945268
0.19565153779603292	0.3730902188509537	133.84591902102588
0.47181158224369163
0.33115743183513197
0.35457773576657337
0.40663022035642093
0.45112283024256655
0.3764402661609205
0.32883533983600827
0.62494672831833	0.2824561049799119	100.10848420374236
0.7215860811029069	0.31565577073875295	118.00452296081363
0.4204018634980921
0.3460643895267728
0.37614809479312666
0.43872215314043717
0.39882259103437256
0.3878872524465599
0.3417856364567677
0.31375234001685354
0.4292139936974897
0.3043030088718908
0.4722645494155054
0.42028886517510405
0.3833693472204617
0.36215345751108025
0.33640142394372097
0.40723788873646705
0.38533652480499186	1.069464793777991	0.5682345835662602	0.29578898619071226	1.6691053457251315	134.97588559297958	126.17369600112727	124.4111424236732	66.1176814178595
0.37972423569632635
0.4488929403632957
0.4535345925876738	0.29356578419735774	81.75224887511497
0.35967658071855757
0.25678277100805535
0.2757848519253134
0.5581584063548417	0.3391499977312255	138.820100321083
0.9301796191512679	0.36458359145229474	124.92281688039765
0.8680818657362218	0.4641399217146312	0.2692905414629844	141.33879258526136	104.20506497207882
0.36865667509134037
0.3680248899030339
0.3254735270840223
0.28282522286716394	0.34610961167637294	117.47817347924618
0.2948661632642444
0.4247566272899996
0.3703638728007248
0.39980600915611025	0.3087453095945573	110.21585725908231
0.31080724042870295
0.4148987922202098	0.33241256395470087	142.146695012878
0.3049291787577083
0.3448294225534529
0.48629631125551004	0.43121287408771114	121.15985101693506
0.3611327242270768
0.36189925097741
0.5236463252341204	0.48074367410822827	0.39413740492568244	123.2014752548987	95.15292964527883
0.4989508248708789	0.411556372000861	121.56421654314816
0.33180269708580423
0.3097011217805128
0.45107201124966
0.3988681950662505
0.3024011086938869
0.35456253906269664
0.4363048596089384
0.33935116395111314
0.4632078890460088	0.4066899632876518	88.77068187327926
0.28645834685747856
0.5496932928036208	1.0783895707179305	0.3250034119686055	84.8550645676564	82.96678208698833
0.4043671182868981
0.37538993161802964
0.42297487505020986
0.4564570781336565
0.5390185253808547	0.44029398190011126	82.35362871465897
0.4147330415129845	0.37247971343176844	68.38481034751645
0.5998321229700073	0.3599198960009456	108.4023768379004
0.7590475789678203	0.33990186979120846	127.94123792194243
0.2673294700804846
0.33656979824005245
0.323352790625933
0.36096923337681536
0.3748149088387686
0.34692859394447817
0.6384954776928177	0.4363783381761402	141.1305220430971
0.8149928841540355	0.36706302830956566	124.86621112422716
0.7818357107102254	0.27856156741879085	121.23782290598461
0.31079503669270425
0.3535181776703492
0.3644586935089304
0.28172890237759657	0.31630805430489345	140.0133123800872
0.36187016761108093	0.3029842644788273	84.68950996287906
0.3342530306960647	0.38606386460152253	77.78708925651655
0.49429768763239645
0.39535677403698	0.40015048237253475	133.1578812189087
0.3950384773080404	0.44814758855049447	104.76128586250985
0.41494568514759056
0.4121165435471777	0.3130797547896937	82.02900926343852
0.5166874553956101	0.40206199735851617	140.81293029280255
0.39108368504392294
0.3175614000878017
0.9998732023745357	0.2670044743244719	124.42946566718653
0.3758854232967958
0.41373701118617934
0.36017524522629357
0.2986905118047183
0.30923696990477056	0.18485877304390738	69.52778098265742
0.4647005904054621	0.3847342792680186	100.08966094366178
0.4492926323109068
0.3907156539507667
0.4291459801177067	0.35568841757706937	108.09879517075746
0.39616797640066787
0.5257584021014508
0.4287757759099342
0.7921720932442604	0.4108903159073752	122.3324912150581
0.3672706684933017
0.4193694218925655
0.3449925693677207
0.33726485573651244
0.37218236133155336
0.248993096607265	0.8432106030783034	0.4442353487874884	108.39621844304301	83.25774906337631
0.28907793050484276
0.332574953170725
0.3869150576912183
0.5599487481461907	0.33645072486926053	110.45435238715413
0.39233014650673254	0.25739261644496486	89.33507725307666
0.5956071084993027	1.7034006868256963	0.2658149063451716	133.71556542195665	124.5338052059574
0.682549454491572	0.29707927562052955	120.91187795395757
0.35606242399039667
0.3279773527750922
0.40592237038639656	0.3669551091053	0.4725265939288227	81.98367187815433	66.54502184071674
0.3685519655720933
0.5333255365416619	0.25304583017437393	102.21098701236369
0.28754516176073747
0.33919746166954035	0.27641894147176777	66.36963878110622
0.4077478150321302	0.3525323811005733	117.28239415533096
0.2988852184596775
0.6222732220492464	0.33334353267428474	122.7102861310397
0.42335465715318876	0.34261243089082105	114.7659373722902
0.42252352904930024
0.3668412148892319	0.3362620067200584	70.89833241281968
0.42377958683810335
0.31350570404885936
0.2854834519595276	0.2874278293120293	95.51332908132656
0.3852295242293157
0.3432154269315625
0.5663146345501655	0.311817934856072	91.76759055007795
0.35010470738701593
0.4292102980599541
0.4506880379033141
0.3139589969095388
0.3122839655551672
0.5401340780888152	0.20720233714425992	0.5402910125831848	111.9117962686561	70.45774276488143
0.37072328080886235
0.38913565944459527
0.3247634669084529
0.25704910037518874
0.4205646866593607	0.3516805177932263	68.9454308096478
0.36708975277345596
0.356899934061485
0.32365607849730577
0.362157398918898
0.36933566004288343	0.42688942297610916	70.01750826760197
0.6087788563272917	0.48285705409322666	0.335580505955652	144.10133685675962	98.32356136404884
0.3744669269727576
0.33228011135189633
0.5683582331953596	0.3973541363877001	139.58850638469622
0.5960054930334884	0.21549300590722856	101.24506300003485
0.3857372609936267	0.09844433911875898	70.94248311045754
0.33595408966194507
0.4409732162652456
0.46374193990208357
0.5145303352723245
0.4647198389626396	0.2989437441245542	127.19985470740154
0.31478517592015015
0.3212598865044105
0.43954171254185664
0.32949111729766595
0.35000512706643233	0.5013230378834692	102.01331127960589
0.39961575809245387
0.3669345723787183
0.3870851526558287
1.4936785731582374	0.34152747394407257	0.8394508881268113	142.57667745788862	66.579388777603
0.30099616525086864
0.4388971709716357
0.39447020243983943
0.31834681682851784
0.3654414469486523
0.44626027960145076	0.4755840486014857	81.73136714763803
0.3360277167209988	0.37007754206394944	84.39259219262155
0.31628272887170805	0.4335218865248815	107.79154803053585
0.4078020880179208
0.43476504700023666
0.16519127718334956	0.5881555945550003	0.2662982894865403	142.05073433531462	123.95136446019136
0.32183696493735997
0.43785433024900244
0.289684109285388
0.3673406867065922
0.3133181516349734
0.48172524501778136
0.36609911746254314
0.4103808208771499
0.41151727998071963
0.05893049972931264	0.2569609439304336	135.2036430346085
0.31225904814734146	0.30131836180560645	137.66393504075717
0.37803982780000395
0.3196661545284989
0.34715563465473914
0.34827605018625063
0.36544605121155593
0.36257329281475187
0.4128594068534784	0.3208518159640858	135.4758756136278
0.5019232972169072
0.3465513474960062	0.29836924992697367	74.16116504297219
0.36635508744716055
0.298047651003829	0.6083150225585658	68.45061814646196
0.3664246928611324
0.33988750769459825
0.45216243601624717	0.23191172605423405	0.3441730296939529	111.72150017807245	92.48946712878056
0.43774943767030844
0.5447013826861905	0.37767314952946	0.36325049838528994	139.28596839150393	96.16059205404727
0.4097143841909328
0.3724387490818066
0.5460258211456062	0.22317607467888886	111.90258970196592
0.36575456698316533
0.45757078098941845
0.3932176748403504
0.5991511154852648	0.22632984680917484	89.25325438521114
0.4845909393869218
0.4268970975065087	0.4366551097562708	141.62392454010688
0.38199667385620617
0.5032283455544266
0.38682365679280495
0.38585295341500453
0.5986540132632691	0.32776741043661045	114.29426929143861
0.3043288905876698
0.32901112596106546
0.31022656753583433
0.45297455705296424
0.23658195624404993	0.4205913030753829	135.10956066671636
0.4511189311769353	0.23827780295975948	91.60986608091824
0.5290897468052351	0.3327038300926796	120.83077277633404
0.33504709694148954
0.3799118522889918
0.37904985803952174
0.3639097434085142
0.36768420216213277
0.39579743208215495
0.3012169596157042
0.334395373582438
0.3761099970472702
0.5289669768534138	0.3908352053477397	120.52650575624838
0.32608893538949685
0.42756323292293846	0.3561356961405138	0.35227861607125505	90.54794236616942	86.32531989870279
0.3576061440341346
0.4507438501636313
0.49846825217009655	0.26375465270322396	93.626446869662
0.37229679189046966
0.346699019883283
0.3974367755462291
0.6689207232735854	0.3838273262197059	123.50475445406319
0.34518353141105024
0.2940956427115774	0.3606126787366298	122.44067099541027
0.54814892598934	0.2785962949610617	110.22520705610228
0.5748042488376675	0.2985873316963332	98.74313958095642
0.3877992608048632	0.40190404319875833	0.3173543302937788	130.290695155482	122.61803867505363
0.4929347368421922	0.48332526282173555	92.24089816019655
0.28117144059968485	0.5095450781084664	142.2108295089223
0.3929230396518431	0.417529386804323	97.60321465474141
0.30723841764448956
0.3831627787032157
0.3154000228523907
0.36047192678872875
0.44003347185294023
0.41444949736318815	0.3806588500934591	0.23249996257314084	124.8357514346172	79.26745311232331
0.33289982776705956
0.18075625668307038	0.39413824237305173	132.76774221996254
0.37225385927628263
0.414355036124871
1.044263127563371	0.3352928667417912	144.11563907534375
0.40734768501063795
0.2713562410342534
0.30262653721908495
0.37778214439672797
0.3621554333345248
0.43392732137501094
0.42091197726303076
0.28619085944179523
0.4227541199099451
0.41347236538863336
0.36978088514614854
0.3470370660767214
0.3044649513369672
0.25219655406534536
0.5588046942222773	0.3781924954659983	114.96759325039888
0.38744461034857675
0.32764698836592643
0.37254252491150164
0.4107231491233949
0.34434080195806493
0.48392657056400096	0.3297428928620666	122.35345751215117
0.6417871205838228	0.7065218575859482	0.27503693848574623	125.6929469745172	121.42375541674951
0.371457604845164
0.5851852714334121	0.3268185369983185	105.68579292203714
0.33316890713816205
0.36869690262403376
0.4379095382748122
0.455665437394199
0.2891124497327273
0.48020258886383876	0.31768453619033277	120.68078444245923
0.3841994121788956
0.35332395477070916
0.4092781758215244
0.5151900561925193	0.30786201434775706	118.96797256804324
0.3754165802020417
0.481171530151749
0.3802873350167071
0.3069146566231779
0.504383899082282
0.5571744350940879	0.4123830505950893	127.00095761244889
0.40476371188139265
0.3694506213953173	0.37638456580793267	0.2653607710051412	91.05808174325604	73.58690065164474
0.25947679860284273
0.44766699659309933
0.8961921322248236	0.19904631447578933	143.73779360028
0.4369890024424386
0.3282865265262495
0.3717246913840983
0.4692109808033142	0.7111959726918401	0.30879323155303307	134.1740334852151	118.82100926087197
0.3697800486845997	0.2557215007501924	113.30540569592556
0.4031273663559277
0.3209818639695044
0.29503502756784694
0.4413246135475783
0.2964413954918791	0.3468690610451956	77.1266787078083
0.4006535634024997
0.31521284613196604
0.3865500531698467
0.5145488124055996	0.30266993174515505	119.66802057814866
0.7742082684105351	0.330871246626878	143.75059280233302
0.3823928762397602
0.42832568760983053	0.3986797976812466	127.04868910119173
0.3167307665092545
0.25015573311829653
0.4943966978426222	0.3161982858577307	112.4544482929395
0.33756866717718553
0.3529237126888002
0.35598713065699733
0.3758834036883279
0.3496217013306795
0.4012687720177471	0.34405901952432116	133.82269177500032
0.3419345107283228
0.38019345973191626
0.34738155082052286
0.3689662531287154	1.2828521425471378	0.38617681187943775	131.6042179780671	128.19299557499167
0.32036722602568596
0.7387037381427379	0.32884031139220865	98.7864866886797
0.3510699116957123	0.24250091262457207	96.69688749827536
0.3949116612018229
0.5001532930374093	0.31941757773428053	121.8081413964011
0.3205075487316245
0.2811656313838962	0.4213414892959405	73.13179392048109
0.4429553499690837	0.35423350190213515	122.7654707537339
0.30670595728278993
0.34157169229248535
0.3780980743527642
0.5287815455574654	0.29886329296122166	121.24227998786101
0.3933424041959804
0.3113658579461119
0.4414126209257113
0.2673266921485366	0.4235010172223309	131.37835767877445
0.4421352774985031
0.39560672800545327
0.49301309912529495	0.4351468408957044	99.74111139658028
0.2722900962611993
0.3992709031754262	0.3343218909484585	67.5510304446377
0.29997713963569544
0.3959989560229754
0.3540914614817056
0.4775581318202611
0.3027388756970979
0.6153647368130557	0.39766931460258587	119.76291892460561
0.41559005198307647
0.3715873144562122
0.3829780906391126
0.290637061158378
0.4208541965142602
0.31869705067091586
0.3373139425419247	0.39120266982362795	101.33427615276503
0.6308111150210091	0.40755821121661645	127.70079662120685
0.3254754971991154
0.3218328176883146
0.35950491780740207
0.4235343738815313
0.27849749233337906
0.4691953958184023
0.43295209975634985
0.43951746507649714
0.5283063698367023	0.4237289444343967	126.45810219523607
0.7281740527267899	0.36757765544586435	113.91317453005276
0.3710962539738614
0.4331432662874289	0.3506136378784759	83.37764675817462
0.7742061905936003	0.25891875780685764	114.3872032116693
0.6118546300298865	0.3097800077647452	97.51400020010516
0.4849177160520889	0.350528902717658	134.2618567272111
0.3900528928522694
0.35302864352700386
0.4868172995798948	0.35789879816849895	89.04785139415779
0.3196641026624474
0.3516368830959017
0.4656641282730586	0.38345160404407247	111.27848877378474
0.2768196626539289
0.39797841489943414
0.34843222954176006
0.29017516421398226
0.45781814427502376	0.18881264375279389	69.29445803706496
0.26412414406657186
0.3161690327275304
0.4096453520623266
0.3978458396092077
0.3868158998386684
0.3643258912442955
0.300799745079486
0.3115713501482231
0.4264917001180403
0.4197814037928213
0.3657015444751001
0.34628914693851626
0.7096332716182139	0.3391404251716558	0.2563738275733352	112.12111323015202	68.2936014261941
0.6660576624779372	0.37803839195720806	115.14383053050662
0.3061176097027918
0.37289541111323726
0.47731097680722717	0.3778006315414149	125.45472470225435
0.2725932632871436	0.48338736805384047	0.39378239523403746	106.43186433329237	83.32887927479061
0.4061131921683346
0.41863855054086124
0.3828990644513747
0.35672849665000145
0.41365506858692147
0.31766917765409636	0.3755344979659975	69.49584766968123
0.24854522041093063	0.34920983294442504	137.14948921212135
0.313887329483642
0.32051874434310407
0.3585917561952329
0.3889106709161334
0.3065561797436424
0.38153052142338917
0.48846393410420963	0.33903826931210934	86.66529180145136
0.4315314580112337
0.7460189126288891	0.6483614670583564	0.27381031595378125	136.95742797719996	82.6752716067001
0.3147213260914845
0.3693810754023132
0.4594504359389595
0.6476110176767546	0.3219046751738134	116.7087925101763
0.3274445008794809	0.37934161122537563	100.06241371244927
0.7316762948674729	0.3308433678374348	98.49300331576325
0.308706840010362
0.3660642519235089
0.37889858510022467	0.4174788881732405	109.34656456325057
0.4115797450745688
0.3873385404839643
0.3735247326764839	0.3886862950032108	142.12761517753114
0.3741005067225284
1.1358541290132296	0.2817337524371828	0.27331190494363455	139.45452480108725	101.93782495613317
0.40122130385952504
0.3433576644012313	1.0567705561832053	0.40445119811817487	136.0793558353155	125.10214964656157
0.2972362596251816
0.4925279650894324	0.4262665457713844	121.56734575622862
0.679104482628995	0.3704070713395868	137.3294854363524
0.7069993233251242	0.49660450083848773	0.2548552964762867	140.02237741778663	116.6337654488925
0.3281474832514273
0.3938610381238327
0.33641011405192267
0.4046780193421076
0.41944276715693596
0.3432967331749404
0.3766679128590487
0.3561994901559685
0.44532920703457285	0.2690044337323155	81.66623165293792
0.303799819688988
0.33609048047812873
0.17439407920226657	0.2980666876912531	0.6431907469926088	0.3200782833436698	135.82233245393485	107.07729513727182	98.37981193328345
0.33040425089060615
0.7390211073070423	0.41398641778866113	123.80725865538118
0.30064080565471935
0.35141275243310005
0.6942108840319764	0.3165441909116321	121.36555754406447
0.35912245245769425	0.35452359836955966	100.31245887438959
0.24912565942277015
0.45087396374124983	0.2405961901454842	113.55360761625207
0.33045067246721666
0.6011679279193701	0.3590456975143016	139.3834688353387
0.31850276111604725
0.42358280662506265
0.3291663147569066
0.28412327511140384
0.4288873762733415
0.3692017285115679
0.36596504295745347
0.8604254989267133	0.6322066729116524	0.39305048982745094	142.52867886128269	127.20245017503454
0.42159241304298084
0.3479939642282418
0.467185203616418
0.42364890615289363
0.3257796192398876	0.31908917099846174	0.22903008286518495	93.55757239604233	90.11540150282707
0.43521927587988407
0.4509285953024233
0.40684047312736865	0.35357108846389795	80.74454520604229
0.28802760088038376
0.35742458280843736
0.3827318526511921
0.3338225368071588	0.3393314729886769	106.67030650794894
0.7964239016330632	0.3350508171549146	123.26936119325605
0.4303531534383213
0.3874546041451886
0.36990812060626277
0.39162491211826567
0.2821119061324312
0.3176201189814417
0.3317744970061244
0.4224589319213838
0.4062804075064176
0.31944984672158655
0.40827648569361336
0.4817331900242742	0.35514320970402974	86.40985256346761
0.348190178717413
0.3493475507152535
0.4671991744315593
0.3851353012924105
0.27200894766497213	0.5703122760471839	0.2864726916524357	131.69518940675746	125.84579675232617
0.29920152563723784
0.3079918563037768
0.4272614455228199
0.34341340768430406
0.32544755300103057
0.45177808949384113
0.37753317271724657
0.342436451148077	0.3675974660054297	97.407642798719
0.4040407999535817	1.294014840021348	67.12806239333149
0.3623618096501372	0.2643959037829034	81.13935343322422
0.5800338970770249	0.39959484348344687	83.50217012982856
0.3788411596923183
0.3312870082821707
0.2865492935088624
0.4816509064791604	0.4102126674395832	125.41340514129678
0.16149304735823644	0.5941349166311098	0.32526672743177804	141.46978793104597	116.74829109858172
0.27286098851903096	0.2630746554553409	117.50562816730735
0.3301367413124058
0.3825622659105185
0.7783003876811173	0.3681304658329822	114.19847078410042
0.34074522532593365
0.4278404156848015
0.38103721574155525
0.31967773497066815
0.34469758351295177
0.33313798021346813
0.3479510311186826
0.6876725387926482	0.3891181976127128	109.39317314917218
0.4165276590497126
0.2969259129543269
0.4237882344498851
0.287105524018094
0.3476258951730989
0.563282416477392	0.34557509067995607	122.7350774366535
0.2747055424501388
0.2977070695105957
0.32531245949564186
0.40771028186868363
0.31331035796261225
0.424049529868398
0.7071766209117466	0.6671492710646457	0.3474007362964962	120.58300733559214	98.20559243482475
0.35137206972996493
0.5039457101621154	0.4223164449827413	136.19004857503694
0.43737798875460754
0.3503241974235545
0.32762622204409164
0.3522295883672689
0.47347141151755284
0.33781037144424086
0.5030699728543124	0.34677487069434015	81.7944040471074
0.33344243040663946
0.5630361700837434	0.4138955234259643	137.89173098818907
0.3946021199372286
0.557039628686795	0.31770813592529995	102.0978338972343
1.2732257061188705	0.2704075364386504	143.29055334246206
0.3652301272356187
0.41903241287061915
0.7405900492491025	0.4199227548470096	142.82576510509415
0.4586051150165988
0.37728298971502255
1.0308847290698664	0.36234910981562524	136.1476294415518
0.2964767822075865
0.36292037610969563
0.2594321291985439
0.37626877245620644	0.28596011817917605	128.82112028819046
0.3171922801162758
0.4038414465873655
0.43055915304460723
0.401509193896455
0.34195977496889696
0.3797746520591978
0.364831198226234
0.3615997318270148
0.39304455314459147
0.5088029894703212	0.2971642200898889	83.08752376550163
0.3784752428159302
0.5326081467589501	0.31647165859264287	142.8827971660645
0.3565670898350894
0.513058927137014	0.4045138690130699	99.32973037134025
0.2972972226984159
0.34879537329990357
0.38842455237357565
0.35667591136353033
0.3593822673206215
0.473703148734043
0.2719393010745218
0.361209865662042
0.8479300063376984	0.3892708094316421	132.0122563813276
0.4167406387066221
0.5362918607442502	0.3634064898519572	114.10361844834995
0.320252071522657
0.4286982791143437
0.36545169427881397	0.49238123770698944	72.87902869141722
0.7248355116637315	0.24541342233965704	117.98774150687048
0.4935575050445622	0.40570747706353916	141.45221298672195
0.36424378958469816	0.3152730322253777	87.23469741280663
0.43746790199669905
0.31042229138949173
0.6411069693349267	0.3337991151242216	96.8329330504328
0.32852168584447217
0.18931289025097908	0.3773380410145342	129.83211442330125
0.31877008055920353
1.4171832820437416	0.3245155821254343	138.62042325757415
0.3825018632792603
0.29641215379733254
0.29751466478894406
0.36165046103818077
0.41172557419540456
0.2288738659464895	0.46507500646212124	135.26989933252426
0.4579945345465363
0.38886762847360035
0.35069930974999125
0.29804473969183903
0.3486367503931122
0.359673181220896	0.3755437896707575	100.20309744542995
0.3588502863010652
0.51296793736234	0.43592730436239946	86.99334635906277
0.4438640147568822
0.6370960008760662	0.2622060168189974	115.95532524529402
0.487150798918676
0.338970241799365
0.3733977027084843
0.446611728040275
0.35745383048706664
0.40288287244667287
0.6021174436492579	0.3068028819952162	104.69747626326696
1.6278261792673192	0.35926485559353144	142.94957765942928
0.32825666643393064
0.4135774999165316
0.4146788184405902
0.3830043126414007
0.7252810675080983	0.3707292752753723	0.3598411785975469	111.41562647830916	106.50313713934011
0.4042372342161206
0.3350836366826568
0.3613126566926021
0.36567080045742356
0.3446465132705261
0.3432502861046732
0.5004838722670767	0.29754729749865666	79.25957188431785
0.43692335955571704
0.4235591603195035
0.4877030642234876
0.4674983743278734
0.5728923311877812	0.2958485169068453	124.37618029630688
0.38378619430328137	0.47375152144139643	86.13393732570769
0.27319957870028044
0.3691204134552484
0.4238868883721662	0.34170676515682363	77.30198066824406
0.34042887353182283
0.35370176132956616
0.3644340955889116
0.41503824997314187
0.3937231490890457
0.7398385486902357	0.31751105520193396	0.7150253299626783	112.58857839660928	73.41971336932016
0.3454507095337415
0.4975534430564129	0.26580349170214984	0.3876165003588454	122.19452881425943	68.02206433910487
0.3392979522833854
0.3351977278003005
0.5647114520137017	0.3343010616136983	116.10289083708085
0.3714002780636514
0.3537861830902571
0.36583800453731785
0.4173220270689847
0.4058043644961131
0.45574152780520183
0.33837116026928493
0.40872791141655357
0.46441132804607305
0.33425882878932944
0.31770294401868904
0.43683876689132206
0.4442627921698394
0.6868299021093645	0.5670743740993958	0.2820826500189518	130.3533673794375	119.30388241897862
0.5226708702898645
0.41906942497697763	0.36440157278609675	70.27809243062623
0.39553804969228734
0.37025469053905447
0.7481201775006067	0.45356205302723585	139.68663367569408
0.42474253432763986
0.3382419868799219
0.3353878842284486
0.28228788076327144	0.2202290214928073	81.40576218732573
0.45696878865631674	0.3305159180792551	113.92325045006524
0.32973822647423295
0.34859624772292297
0.46966829600396764
0.35462804360258965
0.7530582910198257	0.37621386108321214	128.34107850490327
0.3627800358692622
0.408928285382086
0.38717696147433733
0.31680103173829166
0.34206266809338337
0.4975367555441084
0.34532172501063124
0.41107048122730344
0.4680066499038459
0.4041679404761586
0.3377335547504072
0.32249515433341946
0.21810924454387373	0.3413003446264816	130.53411613808746
0.3833469337135054
0.3429832393393724
0.6406924287351634	0.3039912030534254	104.26317722917791
0.3394502753896738
0.4026463486937973
0.4402572864526439	0.373554282142695	134.01120214971124
0.31823186355994204
0.3511557063039123
0.44992274896452167
0.2937526003900047	0.5710440018856948	75.1302035069571
0.292613225869071
0.3515762676021745
0.43669497309770927	0.3471311190678409	115.14117468669339
1.145587436904988	0.33787800251096545	120.7200030940123
0.5732178900582132	0.22263339638021054	116.7608229085286
0.37692560036361417
0.37514237334066325
0.3271182509554184
0.3192143841510304
0.34786960739879236	0.27560314213410175	87.18140713663159
0.4312214649190431
0.2941440876062034
0.37098543606320994	0.3441032324936925	104.43871433671303
0.6589978133587909	0.2867920680344468	0.3339815566738108	116.46838538596327	113.27460407022063
0.46796981972719043
0.49786700019984054	0.32455329871896976	114.16418983353026
0.3744622412661395
0.46656897177605544
0.5108075842871608	0.2886854852377083	114.90440287529353
0.3283044724129503
0.4414187987904268
0.561497212512437	0.29598791006468445	129.67403333262416
0.3786201457087282
0.36375737122577284
0.36139748220725776
0.333458905057032
0.4539236857748481
0.30981406430493963
0.8131870856009777	0.26673223323227613	139.36852563915375
0.37591714024977785
0.39230055116185564
0.3895372792568469
0.28528497322481583	0.35941466461437754	139.0554943782581
0.772484611230974	0.13462258705424693	0.41633225136037777	112.21515363712854	108.00725343549186
0.5028751835260994	0.40198255356544776	124.54650440732419
0.3577863398232627
0.3650583486608797
0.4158117602054231	0.16787884479031293	71.26963533717525
0.41956981722389464
0.4655677070172292
0.3354798713746358
0.7372374775767857	0.4442430217467274	0.2619514319409961	119.83187245082588	105.97208501621529
0.3053080113193617
0.4289244095263476
0.4459529647976743
0.5381852047538295	0.942080203824802	0.36382557616532657	134.87320578687087	124.27184686061611
0.3882391123035565
0.38691844226837474
0.4137227223654121	0.41338855341105774	132.87859471823762
0.3387202783948851
0.5068844998334103	0.27038124781411954	100.44580529699115
0.42809257657350197
0.3904297713916803
0.3847586829676914
0.32065166787112115
0.3992890003812155
0.3984687850930791
0.5144891593315466	0.2911230695416005	98.86298138863808
0.3859783711248832	0.3039716888008737	75.80961321196254
0.32958343701073006
0.38794418523575525
0.44537062083704604
0.4289369018302068
0.49139943840330647	0.3289105191514814	137.63416669837446
0.6001261491317791	0.2735934949656112	123.9478787722153
0.33902696196880144
0.300025453535217
0.3681387435662595
0.3609448762072222
0.4480056331298492	0.2411691043329964	117.49526540502255
0.3354870282480096
0.342124938779571
0.31440251922634155
0.3329869638598615
0.3643528521867801
0.3920762643897718
0.3273212140344003
0.3486857200429406
0.6766163550135964	0.3835432531952154	133.19196285023008
0.47259073181800165
0.44946523981699416
0.28538229729995107
0.450342843683974	0.4654473638115941	72.82214258204142
0.47750678141492814
0.3658526445777477
0.405696663564528
0.39020247791000245
0.2833503694001807
0.5400707780827035	0.34388383286629515	115.11986169650788
0.4157258886859589
0.37470664976337215
0.35681653193603097
0.3442859152777213
0.3966747765664265
0.3930367581637477
0.4819720710842633
0.46304235106046676
0.45641265577039447
0.3788118798634469
0.42594893069114637
0.4052935049319792	0.37133127957199114	108.76093806426883
0.31750849374264356
0.5148824664489431
0.34056693962863055
0.26472880750524497	0.35581114828465277	138.74281958581724
0.39064649419369407
0.2611019660581594
0.3824625282438624	0.26264917163586704	81.8740246862054
0.41811470654980465
0.37683505102561576	0.29552510978667035	82.50853025230697
0.8463430093329462	0.5209319755957058	110.06919776866184
0.876252772334833	0.34827286624703613	124.26407125162297
0.4076021008238426	0.2941083078620614	103.89859146787116
0.3365588501209444
0.27053344541530294	0.31164064115039014	97.8133038708974
0.34527691951408146
0.7141861405341489	0.38521603480343325	117.19696648243514
1.7712965658404973	0.2982636320132837	138.81573379959673
0.38914303250550797	0.15093944463805226	0.41828790026314283	108.76696083857068	99.89447128444331
0.4921174842655713	0.3134499955273103	113.72010157734854
0.4380682284505028
0.40731451009692815
0.32329366795327164
0.319702205696172
0.3898447433671374
0.318797434647414
0.37784907974527265
0.46876077167289393	0.2925606282541185	96.57447402173841
0.4377257830624664
0.4799655179393973	0.2004081744746168	82.91288625730769
0.4512920284566656
0.5274106700239577	0.2587124922916229	88.31126814894006
0.37474557882744514
0.32126704647269183	0.3370817309779923	138.4500149250784
0.26201970843223016
0.33810297321154026	0.35631930465374323	84.06641274517922
0.6535210678230707	0.3388773303686374	120.25515912436575
0.31642493183794446
0.4548896873361178	0.4193309608362586	101.19797153166053
0.319327150416619
0.43246229710382483	0.25588821354581637	142.7495709936724
0.3412103189385402
0.25401015420210576
0.3422717180985297
1.1811875411875707	0.3470694136343831	138.71398444788463
0.3287963723222162
0.29224499384898556
0.630052063181163	0.3650519163441618	141.57296637150327
0.3115778068747105
0.4764668304315475
0.3550477591751994
0.38744533601695336
0.32821618737231134
0.3948056088451833
0.47112625023349214
0.30939504542241947
0.3229107464542361
0.436803444063792
0.36766858367254
0.3252038881427888
0.392487562538486
0.33537158652642035
0.4106617741317534
0.4129864376137424	0.5916514095730037	0.40162491043987203	120.77819445209111	116.9550282975822
0.31603113618507966	0.28770541149069956	97.36807319878146
0.33692220582176563
0.3963921100367848
0.3983624715787411
0.35744515896940066
0.38058272427525947
0.26807169485156107
