0.14903584961839206
0.4308517744081418
0.34475470574816264
0.194605236036616	0.6000581260889842	0.20510464722373922	0.4906706684387117	129.50150215089164	117.51304426508236	77.02667722129421
0.43030591374408034
0.38548710892629773
0.4653883906178534	0.4128307653761858	115.14958926953378
0.3993665201141758	0.26809703755388803	0.6245652627742647	101.67004594181554	77.34305605792842
0.3066408905054443	0.9584670673060521	71.07617164245562
0.3495769379750095
0.391019848397622	1.4166534058663183	70.48155906052047
0.42571243876134124
0.3024889483327566
0.4063512867393209
0.3611982231493622	0.6058473976781547	0.40472789848762364	136.83394225796448	118.29310942505074
0.5673025380174248	0.49973179799446904	97.4533493731308
0.3688311510933168	0.4636200490365453	130.37669253991083
0.3770823348705113
0.4223601582802169
0.4221731242782333
0.39856665753710024
0.40461663831038375
0.35408402169867764	0.31632646528474967	0.9206993807808962	125.85448065960921	70.27473277640244
0.40178124055518744
0.39143084505639386
0.31802722858400456
0.3269272354218161
0.3335258048968705
0.2640251748006
0.2976144846822752
0.30379772112953835	0.9331330310923406	69.97838132599492
0.3632880866024063
0.4396341738497591
0.3593990031732278
0.3626117246298885	0.6875097458452611	70.89055436104088
0.37388818326348516
0.41916219479092404	0.2825258432986156	81.80002783067371
0.28102566148463803
0.33849941774523085
0.43185375974803963
0.3183874905658791
0.47276102344202514
0.32833872612234244
0.31159179193250625
0.37315361477046993	0.481137544714411	75.49837019501997
0.3513444830674874
0.32211268710186547
0.4034874786071054
0.3596664732416644
0.34384162777722516
0.3197397323065379
0.4616478694098972	0.4135499159963483	105.53803644263498
0.3549196308641337	0.7533706440728579	69.98083091676371
0.33790166908229424
0.5146227692275581
0.2589687676820411
0.42438408361607455
0.38519166101789737
0.37677922226893906
0.3251903803839588	0.8981327262186455	71.54832708832004
0.37539930246392333
0.3566751732244695
0.40221486121743827
0.3690708390492903
0.37931389015323447
0.3300811635237544
0.38173033891948255
0.4474419205436606
0.7037041861139715	0.3674263859523817	144.15953651368525
0.4060343517555474
0.3185917852281603
0.6495744783993972	0.3428925296921395	112.48580015333366
0.4145472291347416
0.44207111831698714
0.3662584987637483	0.42287401404926783	137.3949833999567
0.37387872466859695
0.42263309490700246
0.3690742602895757
0.41205052690820765
0.5007442806072097	1.3745430359571953	0.32296128396755475	102.68981547035334	100.5097070754246
0.49070234392448464	0.38269177139095806	110.3911847402731
0.32171340915307495
0.41295432700639667
0.39770465561821683
0.33123985489506186
0.28106533536000106
0.366960419653835
0.45838969728491724	0.31506817293348877	70.48233573571748
0.4120259067951139
0.33512469133320877	0.7799347599812734	76.3384274826412
0.4256282064909719	0.3403603546580307	70.49161634638344
0.33990112309256426
0.37270418262962385
0.3609819149915828
0.3740995664150854	0.6979352895486944	71.13671105661591
0.324622580670164
0.5679049609695667	0.43551499657510195	0.3931224566981845	0.7185384959967468	128.55678660833672	89.59704675323758	70.09712127547895
0.3487280942067487	0.30514235527947586	126.49199842101793
0.3827970768634239	0.778206524076055	71.74236099850235
0.48444829668171263
0.33902498054398467
0.3354686038280426
0.4496434448680665	0.2710534307255684	107.91742796059711
0.5125143249256822	0.30011734553306574	0.3711100980234662	103.66085023077642	80.29603463320734
0.3691045033193427
0.32397565193216316	1.8424839317565023	66.1298597537516
0.43561937784709254	0.3996512818338446	0.30162206181207357	2.0826838000863153	144.29951970096803	84.93916271190483	66.49238047919604
0.5418792343507925	0.4664379288723014	96.27262121650418
0.41146529472098636
0.31770379539805965
1.0262129240462048	0.36164999491790406	127.88653176481294
0.3583058421368072
1.0882247239614833	0.5227548734556142	0.2879694366300594	142.9697317692207	102.51982218667044
0.33205967728064856
0.3655273496831981
0.46468390045109387	0.3742493235901057	0.8614679348104664	101.56711706968147	70.48872706413857
0.3747214020089909
0.3462473810258378
0.3244190256991952	0.7387739100032819	67.99968590826
0.3216824149761544
0.22411191260858956	1.3378528516254435	0.2629922947417792	132.31456914706126	124.15326821478797
0.46482497988434235
0.36817199883266355
0.3106672221210999
0.3580091539256146
0.4047301882041678	0.2652771075237678	0.8224680433191592	98.4703149605098	71.44048874296273
0.30560240980020287
0.3383883379502854
0.3512649767193555
0.3133424396780091	1.3157048904075461	69.79210002987855
0.4479968248748992
0.32071383634216083
0.46248935008918696
0.4039632497460037
0.3945514944068975
0.3379621128743978
0.3592778117636082
0.4000447495667843
0.33955225047414117
0.41844731384228706
0.3374868981716721
0.32736057728756046
0.3039594265317134	0.3107495977497921	135.2418066946527
0.3911496338948034
0.3638689579047158
0.3517368316905161
0.4374091979989924
0.34231186403695857	1.8826040036337846	66.3525195272729
0.3229098247410972
0.40438464855057055
0.4527903375286382
0.2011258415687162	0.42127833369009865	130.6059390544006
0.3751115805052024
0.385869246899024
0.3532307893916523
0.38787932673211356
0.3708342609074151
0.2605540533293955
0.3907936399719273
0.3634405125640223
0.3474320687976974
0.38793064809462824
0.363314698988096	0.40585511813733693	78.87823366271883
0.3524640961701828
0.3036876857428635
0.30123626045934665
0.38850533660496206
0.35381688464497324	0.7542233353530123	71.39383987764911
0.3009943122453938
0.3326275119727657
0.32611168996226875
0.3661850015309699	0.7420134494233213	70.99290219848737
0.5983045669070113	0.310720564119657	121.20105696154508
0.33809538102038084
0.33815771818663287
0.3545113429297281
0.43933294695571457
0.4116052951430621
0.3036289147611206	0.2623765969541874	86.39434792293463
0.33376071944009467	1.0536031437315303	66.19470449981208
0.35172395619275104	0.4710977398378882	69.72414789800968
0.29249877495585314
0.3140920662087525
0.3386983765873449	0.7758265197789939	70.90765257944905
0.6196916735337628	0.4222205904934281	95.96926053047282
0.29304963115350097
0.41786829342914733	0.3353579615221786	101.42526120164715
0.36056991467782745
0.37175672294324047
0.29895997744819797
0.33107077839582766	0.3427347116283766	0.5121115938252917	113.38685956915734	75.67273205083804
0.3851350443775325
0.3986398435176434
0.35172342242102056
0.32297050413559003
0.35593647282215274
0.37024585683970085
0.47143912940123694	0.3720748028598224	113.52008964473774
0.3647277943969207
0.36258278631633467
0.3696581348101814
0.45635721947822133
0.30004298032343607	0.29638503673542566	89.2985938528642
0.6050419386556999	0.2831265608079139	0.9535760317665866	124.51863587374235	70.87870851046787
0.2918392254004735
0.4317724377656162
0.3567496444212342	0.38176546282453533	88.22346964510797
0.3642694959424578
0.3703220630696115
0.27230394059021273
0.3442715315922015
0.5459797486583212	0.4981721890688277	129.5897159008986
0.37498249307016973
0.8691862658069954	0.46619994357849437	124.12488612807333
0.3812505871517397
0.41530995015220573
0.39240559643718964
0.3590057151997312	0.4651235571592584	70.49117699282455
0.3362441903080234	0.9645000134628497	70.94431626821552
0.3543376205504223
0.3085166679643516	0.24740426109924601	80.48657818743577
0.427147319686327
0.4506459214237572
0.3666942762757225
0.46505653493629306
0.3402377359844605
0.48557123763535803
1.2254843741630477	0.5563988119149856	0.424166635527885	144.06413050499114	92.11388154593085
0.3468618934058143
0.448900209070028
0.3927222330744809
0.294568224721896	0.8448915686514764	66.87538278876387
0.28272751308964
0.31007222272793894
0.3970052553963426
0.45271055142842015
0.2647697168097512	0.6647663150475098	75.93077515753649
0.26935817426173164	0.9319580467250784	70.40827864261769
0.34409271005371755	0.9713128723582816	69.9595993548961
0.3049636599664097
0.3542743431464698	0.7774153015287847	69.32129628329427
0.4050258542256216
0.44387571765430367	0.4470788179289782	107.55529727352084
0.3284051449711309
0.3929219782492475
0.3204191936416005
0.4416516516047378	0.3936234648287467	132.41858390277892
0.3709709877100582
0.39034482747106314
0.41621226033715003	1.054907236768119	70.20961716977
0.3796332374881366
0.6150204643992092	0.3521680033772968	107.56481734628642
0.37827515636836284
0.4696195609650525	1.220292663266046	0.47869384446198343	134.58078343780886	125.30563272562193
0.42390015542547105	0.3416696407339837	115.15796759604395
0.3333881277729689
0.3951493545035545
0.4893567972072818	0.3743053673016154	93.27013835298175
0.3388082457853133
0.35534289037284844
0.5146831486257589
0.4538516881976869
0.34849616905164826	1.0084320463658867	70.96418339089229
0.5134654310338971	0.28150330457793826	98.17078220746323
0.3530257379917825
0.4275706808190047
0.3148414541410055	0.389899351312494	106.45866910653537
0.42643899068708035
0.49425181214107755	0.31913365470250593	0.3352610316251097	102.22125045877252	100.89048594133777
0.5673993008600545	0.310456813312774	121.38721952806733
0.3694409055548583
0.3133003372373316
0.3394780721034616
0.2845547921625424	0.45123448418098155	66.52793528431489
0.3943684456077535
0.4686952457150509	0.2485268453634686	86.37116087002481
0.33868166359710866
0.46495308166187604
0.4978368134701242	1.96788536685613	66.30815439415677
0.35085103945987745	2.8747963760181214	66.21271840137902
0.3751222888851689
0.3383553587262181	0.3707524954079926	142.10016261661858
0.3085483069483078
0.22483683338966967
0.4181590310783923
0.43004559036907364
0.33469892917758587	0.5781464367737807	73.41756768547563
0.4161867493995081
0.20417964429813987	0.3567705413468137	1.8076157570632374	137.91708137048244	66.269168584025
0.38810915883641006	3.7225345482257395	66.21083787792593
0.30553729345681735	3.3384700405916243	66.12318729123801
0.2522561903202306	0.9100935001474397	68.49760110037727
0.3019541602008975
0.3812474984315797
0.42487266440892524	0.38127596189629803	0.3659342516646959	140.17534394519777	130.83658380096986
0.33957355854704846
0.28846739669755034	0.9203034561623651	71.22875429013159
0.39968032288155786	1.0970994630562725	70.58166157727197
0.35511944959804914
0.4007626715900883
0.3789847383950639
0.3570540326166902
0.3464348206415796
0.30473174533743236
0.47271275852318506	0.27435473209223016	1.776374679753243	107.73029339963581	66.52316807552411
0.34262620815821415
0.3672154182011728
0.39373849432711167	0.6992760139962773	71.42257839784229
0.5014268689704136	0.8539448705502009	72.52151339509301
0.3342820051771907
0.31895292196993535
0.3483607742160849	0.4133963289691863	135.6963911519827
0.41400641329334986
0.33930284459142285
0.3782060428502418
0.4374554391628369
0.39861570795628193
0.39218899517239575
0.18590430904126964	0.4433635974670023	0.9445767327427605	70.39992341203951	66.26396635162885
0.287518255314069
0.47344356545955596
0.33322432344043534
0.36728827736256975
0.4140496962640765
0.28576760857622796
0.38718009211398396	1.4737794905460888	66.24403845233378
0.35002112626366244	6.357199066854858	66.11777454349581
0.5341432072705624	0.3004099846649589	2.468699450067197	106.37582743976083	66.23398341141578
0.26552402621773	0.3086880404509059	1.6634922767107172	122.0957820530661	66.26039202257466
0.3418426229575647
0.22187470484406244	0.5094314466752923	0.4050342983140276	136.0911594048028	120.0304251913304
0.26673953565439035
0.39195873692700767
0.3663438110509043
0.42236483769587285
0.32787478837180234
0.3679132524589305
0.46893692792112524	0.3539750405172909	111.74420282749155
0.35919636744888545
0.24007015684196237	0.35352451576365385	1.3165958427623348	137.544748533851	70.0508824937634
0.42526387368771673	0.5241806965632777	78.0436705688064
0.33645238316220566
0.384599017694489
0.32956766028422574
0.32504233498434765
0.4440293047761957
0.32068569233344874	0.6612499103770737	71.18522532870634
0.41969900636344104
0.35631958992903817
0.3479838848169636	1.0139617986069176	71.53375702345981
0.4005194440060197
0.3962104744436869
0.2986325352515136	0.9360468662195984	69.60035987268017
0.3727844706526039	0.8668644312183347	68.39269518859328
0.3511548585124292
0.4287038903124381
0.34060377260375796	0.5396628932743859	135.901422700591
0.457190540980789
0.3767092494135418
0.4450520906734606
0.3585727262218423
0.33687022370733816
0.3474850225607154
0.3133904513851959
0.29694114593888105
0.4492704381417489
0.8928226277999731	0.2994663375763362	125.83594032231372
0.34590562959660476	0.516964626032706	0.6625330198726548	104.43158265456144	68.11369180788874
0.3410612164527657	1.0907808826277718	70.68620937683652
0.3868893138808918
0.31867344144031373	0.41209186576526025	129.15703149208733
0.3258744279085961
0.3902039314732283
0.29636145375648465
0.36658046831772484
0.3641410043745
0.39586484284450313
0.34867327255032576
0.37743299245504
0.3276179292946361
0.31045755462106045
0.4145019934378079
0.38755295973257753
0.29476102870696713
0.5260149999487704
0.3288143268773847
0.34356273740947524	1.2997384207014828	66.66142424698836
0.39528686933574236	0.4002579676106153	85.04632986144651
0.35338809197912235
0.32322837328611737	0.1836475099526163	0.6940669628861621	119.25586534461469	76.24344260639295
0.39882405385269903
0.42210661424064694
0.2507197539812993	0.3839869016490182	130.32832346879886
0.4518854385666113
0.6315828265158574	0.4063993818999755	98.96864208595501
0.3647916361826738
0.31764455703775973
0.29430488611552125
0.3044254365535754	0.26544348029453524	103.21834217713804
0.3544743980039615
0.4401253674486877
0.41200759324310327
0.38125602382637314
0.45470785017328397
0.32812967654093894	0.34435313712521043	90.70126910485934
0.35602293507300786
0.3605649668930961
0.5336672853498632	0.40981093227079146	98.24587135081647
0.37225211290446664
0.32596795230530595	0.4357084293150427	134.72436187093047
0.48037824979961335	0.395924012854131	94.13137503329955
0.3597053683496424
0.32506804643569603
0.5219668717068193	0.3690267736548173	116.20251965380433
0.32151646703133535
0.36374904687091697
0.2980953101995441
0.2576121100932604	0.5387421117639878	72.07222614497122
0.36251329938504034
0.30279839161853744
0.32595252327787777
0.3998002542547582
0.4965267248729606
0.33704986438428247
0.29771868861100104	0.5231898533868099	73.51702965706576
1.0651337580436504	0.3228204394437743	124.83222609828574
0.40038349843977444
0.3627087032805444
0.4511255444699693
0.39029921091172426
0.4125009337679759
0.40929485258945797
0.49261901277839704
0.3973668215012707	0.19735980216463578	0.7639681284970499	91.54896934631215	76.31028153335342
0.38659665187571457	6.224913404280238	66.15865942468427
0.3964800961411647	1.479788881399295	66.45078582112136
0.4077868795785132	0.21376937233543059	0.4043427190554799	86.6432176469245	73.56414143380933
0.29248356226524214
0.3436401990444644
0.35642804628638225
0.3523803848210829
0.345790815880107
0.35420038671848064
0.34320356250437883
0.35914261778164974	1.1974252075947192	70.37041323775038
0.32654378329364514
0.7040166024334673	0.4364754700910501	97.02811499642182
0.37786738532271136
0.5075176173980225	0.39710240870059976	111.86391960010926
0.4068152805899779
0.33857715831216
0.391888390165368
0.34443830130392433
0.3161205660830781
0.2939068710031774
0.3510975937676194
0.4222996861163185
0.49097196806546417
0.5123969002092895
0.38824056155328135
0.3432173555837672
0.36021688640608945
0.34887056807294453
0.3578576607466582	0.17619915004170097	0.6306553091883976	111.8309408421162	76.6662717104019
0.3834226550781865
0.4259417017056369	0.29219748276763313	1.2549199040266181	113.12144254416343	66.22354002645349
0.3322418283341795
0.4004278742250043
0.24372187250772345	0.2987994494824836	144.00598095565755
0.3976675828791596
0.4247686289417744
0.43978851231773664	0.2978782703450257	117.90041702593092
0.8925770240518438	0.3462385646459839	124.6449309511926
0.39937884398079504
0.4482081652385221
0.3344516824506854	2.258625140737385	0.42638508902465155	134.84311138283957	128.26402905118638
0.3396143878286926
0.37499945909369814
0.3495247544436164	1.155379215521894	69.78019986101832
0.42441778790732615
0.3810026775594969
0.3617509178967246	1.1202279519555145	0.2835833697269592	0.4021186412874209	136.47675071761336	128.58462042041037	72.41284602006128
0.44643669657822876	0.4082181430988819	2.091600288532855	97.77171848289609	66.83132902979683
0.37893012605017495	0.5474920125684978	76.83264498584244
0.29963373019003836
0.35176473370492817	0.6927422896637299	71.64767495503557
0.11428090257078576	0.27592819247960776	0.6516997421670483	140.97219970525364	70.32488094482169
0.3673407314773041
0.36402138478846646
0.7292349182230208	0.4052756885070933	139.11909859335503
0.4440136640211931
0.4396782828211141
0.3402902063696569	0.587890045891471	75.75519925673474
0.3373796063923863
0.3445996160832051
0.35256487228843014
0.3286365208762306
0.3657449278185682
0.43960416218522813	0.26404398823166353	0.6700077576712804	102.92824013109086	72.10663901147412
0.26840651683615646	1.2705903256741957	70.2173853673021
0.2781362756586884
0.3343481696675938
0.3993443816396558
0.15352440914320584	0.39238784873158483	134.79792928693902
0.4137253209914875
0.5865099628762955	0.32972367895322174	119.50849947769552
0.39652211559124023	0.7674996579570544	0.3970251187187162	120.42275601969534	116.25498075596876
0.3341999734355708
0.46853940148824974
0.27905881771376845	0.7593928425689317	71.07519103827488
0.3318155761747958
0.35764581565180825
0.3647228460579915	0.3814893604748236	72.80203291260185
0.3932694438620756
0.3895605580756021
0.3889497325008906
0.338582037793174
0.3892417748501961
0.48292174151246287
0.6153092309343106	0.3782201095185834	84.84524263339651
0.3158496199138007
0.407986798238844
0.31208539699371013
0.335346623058681
0.3818043065469401
0.3799104329770084
0.37119654096121846
0.45764187467537915
0.47257239021394626	0.2562967600101038	0.7883448098334364	101.31680044665545	70.84756696662801
0.4770864047726222
0.3709200138522466
0.299823789397003	0.3759580530472164	85.26565693045534
0.36284601085184565
0.3171026862915878
0.37878812306795817
0.6547475665546041	0.3836455491180964	100.8919957225244
0.49630878693848685	0.3680369320142791	100.61658010046665
0.42957274250935185	0.8199620654529015	68.3043667654222
0.365753360436117
0.3124723730010269	0.32982752886001765	142.01647254269042
0.4189220948351145
0.17468383616025537	0.4331657963174349	0.3073541461849425	137.89796992681127	125.63390920051826
0.3169262621089927	0.5269313329188421	0.2936791063849476	0.5696890524001088	124.42070695971034	111.47270961085734	68.92404061177953
0.5488901871714298	0.37682164795593953	0.7697069149864143	107.59831790159218	75.07898041425388
0.3927447532458917
0.24893037128931014	0.4987405809514684	0.693895098984749	76.39726180310187	70.98773505394126
0.41012279541458574
0.2618980087574439
0.5862713050259476	0.42551305468133815	108.0386306023317
0.38087692297849896
0.3774513837557305
0.2801306192464366	0.34607686218644695	137.5044988000745
0.5869795263624571	0.40021268186397807	0.4592448513410095	138.64897453164392	76.14924929547195
0.5567907827747776	0.3807700861860147	98.04730189183442
0.4174853813853334
0.3595863471617798
0.3555177340322049
0.2250333378489705	0.24036075655704212	0.5242404259632837	133.18342093748515	76.43440018768878
0.36001600835740594
0.2894102811013497
0.6975344636737396	0.33124920392917095	132.41622390622106
0.39525264874170646
0.4261843743456679
0.31718326184476164
0.3659602649811892
0.3627094436350873
0.33732027350622085
0.3795624510199418
0.3388192976046892	1.2657130394709852	69.83579095957387
0.6988308893974131	0.6684792870585547	0.33724535276975737	0.18446077247556503	0.2936352962076157	0.4710110986289071	134.38716650458318	107.35557341504565	84.04783202508766	77.18236499999959	66.3950074348305
0.2754620689528737
0.3562794518406507
0.5214763791530448	0.36674236613254385	138.57859724031883
0.37364283536243537	0.9083168381102248	66.99318402725295
0.3540210956711093
0.3338731363608707
0.39813224769427163
0.33212477381566524
0.3906388523455037
0.18191977783812954	0.590606604721166	0.3508647024375924	138.63052574700737	113.74389914775544
0.324515683579755	0.3610215733218091	72.94042896054869
0.389198657469867
0.3266932200820442	0.9298932683352082	70.69539586704133
0.4603045461726959	0.30312285979495335	103.87287472865083
0.37197805954055496
0.4216470028078296	0.25843057951174864	0.5310138418276343	111.1895017047015	76.46496864989996
0.36068163177650014
0.3721929368470832
0.4039130884856013
0.8470514926760723	0.41883066917227313	0.28910177111208835	135.65418271394427	100.96117817239434
0.6846458923824231	0.17778359260979174	0.8039447310283283	100.11834751450832	70.95606342642425
0.5414227084944977	0.3962182342968592	123.33254776797725
0.6333880094626934	0.3703114235105862	99.15589660068977
0.33669301037088767	1.2190495023596768	66.27919660848922
0.49255627445039685
0.39183151366627933
0.3302401748271443
0.38722517859188843
0.3956756673239385	0.2373432066246759	123.95375447025668
0.28755881701382424	0.41910768922624575	71.13571119619505
0.5070995362698095
0.31353904021679224
0.3101373730468455	0.379411984877695	137.11285953430797
0.3233471623967548
0.34342672745324393
0.3274575606409168	0.6202703448328012	72.39414573979556
0.4563775380747127
0.3006391375100433	0.4432138845086718	71.55613029760379
0.4115287571379134
0.4023423471821364
0.4162984648563975	0.3649784258212262	139.00340552482865
0.4579953528429698
0.3723653367768688
0.3012532678644122	0.4312064973242631	122.84862696313449
0.2825932718459933
0.39162490799012906
0.3576079552237224
0.39044844885278596
0.5186275384734974	0.36961109845647266	100.77661155675004
0.2479382576839929	0.32302270531642485	126.41511241369142
0.5635301827289582	0.4270328765038352	86.57943512830013
0.44104997405456575	0.34874036217100296	131.29268089448584
0.36387595677126716	0.3612427799509288	96.70339720577601
0.42887779361389433
0.43371867375991535
0.2866943313724284
0.4304325351107901	0.22453444686269045	0.40306341185476435	105.55626425788412	71.39387740245691
0.2782508372974924	0.5519598073601915	77.94379217115177
0.23162900904633016	0.3149582940847645	0.5797746045130578	135.23710793101176	70.4997323699271
0.3394633852106936
0.398031244173418
0.3355575546221329
0.428578964142743	0.4340974634594539	133.23714401347488
0.23712365837103305	0.7381278477280452	0.3284558342525598	132.99739561757553	104.22080494252856
0.3598731519546788
0.44070369985697794
0.23150629542698128	0.46476027789923663	72.80735030173174
0.8181153043473223	0.35992532666874316	0.2303367230494786	0.5024531003814575	124.2972331292788	104.89403723493915	71.79025159957337
0.31494245788843106
0.7212615110338232	0.4405363419938831	0.29627602716141	119.57214148022493	112.53853341343827
0.46956349042108814
0.33519102653443095	0.5815274235942672	70.96058395431065
0.3629771139468951
0.3055964298420387	0.34011616971402886	143.7767098952568
0.28443726158726856	1.054982571397749	70.78745907610289
0.4151162069406765
0.35518617792497337
0.30112535580522787	0.9311236455390215	0.49223605314769303	137.54415248426525	120.20932935736423
0.42537418176581204
0.3529457889875917	1.0634863405200137	66.32321119654826
0.2979467037782722	2.610647883744476	67.17072570250305
0.38107483898193845
0.07600897717403518	0.3224490247034701	129.35855059362862
0.37087970921264385
0.3915271515135324
0.34487818980324136
0.3582057455788017	1.0853161279898722	71.42939825792693
0.33983537895873117
0.2744145406425287
0.3381023913763283
0.40375083597441325
0.49723312057549623
0.2679707111429595	0.4856558724014513	68.194852067341
0.2964560502972862
0.3883986851029407	0.32639689820284473	0.47648275816814734	93.18645217311303	71.31424014928244
0.3356715579655243
0.4031129507194098
0.43185496970449727
0.3692122173891317
0.3012277896104726
0.3006077490159336	0.5068713676825268	72.61406137487769
0.421520957527614
0.5054809510199544
0.3561185331145379	2.3241902770634417	66.23206967912017
0.44576304020788377
0.37340918235943005
0.3654223780943743
0.32893097718226477
0.44733065239160147
0.41458238537090075	0.23697444089899747	0.5575556826542623	107.2194161334005	76.18761539991756
0.3854156040375356
0.4085203559434007
0.34771310624856344
0.3056875469878526
0.30199295179210334	0.5863744695576468	70.39785358246776
0.6227828525825003	0.3551151074019806	0.5062313061370933	115.0619033217798	68.45864560563165
0.7991150717440308	0.3320859587038517	126.02606314402848
0.2588425817769592	1.2457417047607664	71.0372831058325
0.3149675055906546	0.5108754827733473	70.95406974543151
0.316370610575949
0.323761094081184
0.2649104923228276
0.5941016764729217	0.3351391313490769	104.3917424602756
0.3651754914794781
0.4742269749113089
0.32273183431591523
0.42903043195695656	0.33854332914526897	105.2917122633107
0.4056970703839097
0.3128409602510731
0.06605459806552774	0.37912173260272797	128.09875933719465
0.374774305032216
0.38583468640426694
0.518095821269813	0.3642865673524032	119.20678407535569
0.36471789341549615
0.3393971815414986
0.3119834439504733
0.3226629838131495
0.345796186239614
0.27039840408206517	0.5911276076262807	76.56480803371849
0.5074442101248238
0.30651238630902283	0.9806284776836999	66.17840923184696
0.62900138294995	0.32941704306967334	125.73445150065388
0.3874573957932931	0.3536587719993287	77.66536546420038
0.2803898323207876	0.5905605488644112	76.33494852821117
0.35998625617757346
0.2808772750712181
0.35977960936405096
0.06894646478765754	0.30490436035852464	1.0788404359743629	139.68547606953035	76.79959772279173
0.3148816100152737
0.34563828892592824	1.3474546482993306	69.47268070505416
0.37076363877640833
0.3352083676507862
0.33007618137826994
0.40665943187841574
0.5073659626324176	0.37331287324754925	105.75835526419202
0.34929610106761605
0.33045367000077525
0.49011334432715825
0.38546604426563114
0.5335421449510704	0.17671158579326712	0.5128709989338621	112.99621964411406	75.93380095334533
0.35908216024161027
0.334740734434767	0.6460248070722935	70.209051695901
0.31173115174768556
0.34688747138457854
0.20258429293062266	1.2390414919707067	70.52741440584958
0.33744738086601755
0.34769457369179857
0.40799428712825514
0.34558899475921084	0.851671983237895	70.90744505325412
0.37815376797534755
0.380910686738158
0.3712560795743924
0.2776013257433905
0.2874340578165035
0.3574815269368443
0.3017960811159089	0.3014500136359123	78.88797399207462
0.32288677236822055
0.3490758842290519
0.40005009414101117	0.29110784391079686	82.851920287341
0.3355557653136878	0.3690279553358507	116.45507482959049
0.4116829436644036
0.36412805997172604	1.2973027485283077	66.21812804743763
0.2480015886294433	0.3149664598182029	73.3954560175746
0.3969359959612186
0.4884206759391055	0.9094730550598866	69.27020114644344
0.32990276915598465
0.6143569078030657	0.38344547431294507	87.05659877355168
0.41045496514554336
0.33552525721924703	0.9425175523371134	70.5023992797467
0.3878189381045467
0.21810918997964107	0.2952301194324924	114.0700403963524
0.3300859296211198
0.25020796912453847	0.34519081867257245	0.6740278894751311	122.31409613390748	71.63150926209893
0.34296672619567153
0.30935327505877014	0.5477598823860791	70.64237517879981
0.3230578109914484	0.3905290604550555	99.10198237155944
0.3505639676845718
0.4429003692501584
0.3531394384130438
0.5152643495179546	0.5817466487267787	0.2289100129687175	123.18665116566207	114.56010313651976
0.35782157242613344
0.33802685709245
0.39437600627343156	0.39115189520398197	114.66740856755018
0.7183616314268481	0.33503257367425954	112.98410584426047
0.49197451912193874
0.3808977429698009
0.7557582952130384	0.28182381694027997	126.51259094888495
0.5114778560902411	0.34479866719477975	105.29601217654233
0.34382318613801416	0.983155872594205	70.55802850866812
0.4396213631164402	0.29897822027529475	108.58337428247495
0.34709192311043957
0.4078625048806129
0.41121172611236
0.32349374711856
0.5737578199420207	0.3279178523148597	97.57076145923521
0.40369992024743356
0.283229621357794
0.31634104738062613
0.37430759371669176
0.27237612821815405	0.5471255927648998	71.42028031655472
0.37064733630032837
0.26192782513330687	0.8282611339415992	70.6980275432594
0.6517985623993525	0.4099215155922936	109.55844706446992
0.3929628911642233	1.8633102286291063	66.18877511793069
0.30344608216225866	1.9792218700053472	66.19837653284277
0.526347900248801	0.358744998676393	114.31399129862939
0.35444642065768445	0.30607328153998764	85.87598515795635
0.35978031483262
0.3789349051178183
0.5303954228083722	0.3641844844901052	103.47277227663227
0.33981394017772765
0.41145057691019415
0.4034156946948482	0.2445202599095466	100.97967686060719
0.3186856580825563
0.42333811121367654	0.23121281500847357	0.42667484577979925	102.89650074671752	76.41459445991863
0.395669236947151
0.3638729438338559
0.33953913409888015
0.34597123230455284
0.381238201561008	0.2801957358085351	117.25359504764114
0.43685924256978154
0.5228888375271804
0.365297190334481
0.27676927044727817	0.44440923062125454	109.81667072123139
0.3670337462172754
0.4710337241793948
0.37692639795321076
0.27619454494568835	0.36710584422057263	67.46455286252868
0.41555337948216964	0.3178662415235036	128.92241156572203
0.4014954460912509
0.365442951939569
0.43380548587684586
0.3847020865474176	0.42701619853406225	106.47396065219627
0.30003654059796686
0.31111515613361135
0.4020728020156323
0.5608434392157747	0.27823864531283055	119.55989682600298
0.48287001013476577
0.6927496806538068	0.46211305826432	121.87786950529923
0.5427812345962143	0.2358744655274707	0.9516647748838076	101.11683386498908	70.50200112003161
0.3515410913847097	0.15756477531733507	0.8298851773121668	85.09253768332556	70.9025076614487
0.4117001079643428	0.5579070206517924	72.46318738941706
0.7171832632099916	1.7441442231721689	0.4784856270756991	135.3395164938082	127.42288453891761
0.35571402118887446
0.29385997902524924	1.0811706490777293	70.07923573654364
0.30242183540306655	0.5262481119985283	72.43820971072039
0.34954746178705876
0.3936859108857388
0.31738143137218033
0.3757200644225876	0.7229676537857317	70.22742028764405
0.6893354468367499	0.34282321848501396	0.18006113869385376	103.02952879336908	66.60401104124267
0.334008298347768
0.3645419393273938
0.38969282845035547
0.3721287435744706
0.5963501326995284	0.3064296948266887	0.5163685693960844	126.64378216182631	86.51930024560616
0.2408300007571931	0.4142869832858075	131.75525510342277
0.33902731086154564
0.39343598674532027
0.4090761425053535
0.5680369899214784
0.31887877895915545
0.2214148224015107	0.328843661345432	132.1360056086344
0.4021937732036291
0.43321998455098354
0.3532186273348452	0.657272790705952	76.66135140723503
0.3238489182917607
0.32653233501517326
0.43665116259252507
0.3221398225109927
1.278734958025319	0.39200215763225793	142.02061862813932
0.3670796219698037	3.0609077582114743	66.36249491236717
0.39517759282067255	2.355453923867855	66.49436876877783
0.4256746051157856
0.5582591738563432	0.30880960979863287	97.98989080746013
0.3960953090782607
0.38595972619581764
0.4078483234470606
0.2741542515983883	1.184704518514893	70.95052623694353
0.46056353730777444
0.3076789173327212	0.656246399365767	1.9755227560621107	70.55094064229603	66.48272755969684
0.45872839709121715	1.6723956277125598	66.45106190419487
0.4194848862263374	1.7399534368374592	66.16669176556398
0.6141263488553784	0.2881516600299911	102.13498214156522
0.6342180822390403	0.4456563951359308	118.27328780517425
0.4076819812357355	0.20348310479385806	0.4578184709437333	108.18049537527553	73.36796438029488
0.38982607943686387
0.3896554027899209	0.7134125010659258	68.79887527379698
0.300009319426161	0.851355766514484	71.31694423971176
0.5883754079496002	0.2705750994983705	108.42954043851162
0.7672501545221351	0.3130836754651102	113.45967143263783
0.4167554692900771
0.37013855733872736
0.3846318621715582
0.3152881730425124
0.41606046561630117
0.4285400449356145
0.3629224935798299	0.6957208614943762	72.08704164885317
0.48010797933227806	0.22858287208886793	109.79818242604729
0.29707140769987556
0.3420914456398808
0.40234507851657475
0.4026010214489636
0.5333260515358659	0.3415874551405525	92.6400707928264
0.3724775437934122
0.39018909508293514
0.2952720216001402	0.44406662417741566	70.38851836619514
0.3729133373996753
0.41842878736913236
0.24429917714116361
0.36108551590858234
0.4359827052386816
0.3105691650938527
0.2219443462240634
0.42897211351072945
0.7834872945062035	0.3035890634125591	122.7672797723105
0.276557388259471
0.7673329642192293	0.3684871568496829	118.5209919731862
0.25745363799286947	0.31789544038993955	131.71247999347833
0.45423300673179606
0.33943117800703815
0.4752502414144712	1.2912613669314352	66.25763699168381
0.49149047145932684
0.2948538368955526	0.5775295969166753	76.14966221733548
0.3845111230732951
0.4670703594297473	0.22263430610291982	0.4588803088507604	104.96442290858771	73.76873284846788
0.3805451517483942
0.7301480043410742	0.5563080899075926	0.3065438250731779	137.86577501860748	96.1747435977068
0.4235961259873265
1.9750183152260388	0.3283889347067945	143.88707181115382
0.3701112135351162
0.434440377711925	0.4332970557709341	0.35766153754091257	103.29904671259418	101.00510482864878
0.3210015070625603
0.3784932447591147
0.3644590502136443	0.3855811046337415	90.7179540994794
0.4369391673682937
0.39475346522245347
0.3352400567698856
0.363990576659952
0.31085481175186686
0.30671669856593475
0.38920074235991925
0.2925066692825497	0.34665994042943976	73.53822778262828
0.4395226831631986
0.3830941093760315
0.3413231111310696
0.32878254492154213
0.3745283499872914
0.46953049573344946	0.27967939509499207	103.0132267507591
0.3519472937250406
0.5382902819921619	0.34951659786338396	0.6262853724258675	118.4003447408979	72.09645210586864
0.4819303660422004
0.3675575685333986
0.5398667358859169	0.32684409549123117	142.93908521747846
0.34531179912170795
0.3599628462233793
0.4094141196442379	0.3778700046450076	124.59772376360283
0.3474851086847932
0.3096597744466182
0.39973822383634117
0.3286757746774654
0.3448384652029972
0.4361699691343455
0.33723919914243605
0.5754442124053886	0.40993450698998474	1.270604417422445	115.37185864683282	70.00763849492249
0.3362792277258094
0.34436646384026015
0.34484732754815184
0.5274909292097394	0.3767382059550765	84.70011546477313
0.8635552028579132	0.2908460555433689	0.26137201037528157	125.2493269854304	120.4099534318681
0.4436387037911742	1.2193927773284123	71.11300401656351
0.36660499310144223	0.31991016168279246	86.62585326017353
0.3601934879576261
0.3883266385072618
0.48862488905001855
0.3225829858286276
0.4638147343770134	0.2727114273136759	0.5673101214711765	102.41042377165401	66.39080946982276
0.4460172086611134
0.4459230870743824
0.2924716402042524
0.369979835912764
0.13852681034963374	1.2175720235132441	0.39409559328425053	128.7268198364812	123.53586257906534
0.3455043831569398
0.37256534482543774
0.2504311253271911
0.3509824995876705
0.5154445649668443	0.29998982887734793	117.66049212109084
0.3756979268415689
0.4259319049056521
0.29209217466681103
0.49674765836870466	0.3559387691886207	106.75139383272632
0.43698312425871455
0.4590418105254911	0.33318218998648463	0.7449931221450935	105.82050039752407	71.4265041826588
0.4714146829377983
0.32403335590204246
0.3907537668643921
0.3052675245403956
0.3060108331006648
0.35989773196064595	1.7686794985305245	66.55461987961881
0.3683340800933315	2.88178530639147	66.12215352929533
0.3500113806193335
0.05511487464543431	0.37842535931169907	134.80499216284426
0.42152510683271355
0.366338544346635
0.4088069865801838
0.37690921288160645
0.3833713299465294
0.6278080307466677	0.33372712347507627	107.97648537281937
0.32619137791765873
0.44651583133411293	0.3580897301483576	120.13637776610544
