0.1893506249561588
0.10740422001812143
0.12553629868829994
0.08681564192333045
0.09434811370017757
0.06704887479960349
0.12926799557910307
0.08366667984292032
0.09953145178596204
0.10275315948035198
0.06591072204916176
0.1711407707371314
0.10201324678837395
0.09562840399612058
0.07874969048520067
0.09810372918610218
0.09338812966448898
0.11923306510908784
0.09064637839003821
0.10608085941586141
0.10710026178997928
0.0976976396022916
0.09303538541353434
0.12191365620152375
0.08186652627807504
0.09450480703797551	0.1337136004682572	81.65797592416494
0.08633592921963419
0.14037630952175323
0.07314248784365965
0.14561551488054944
0.1165440259276818
0.10398416551231832
0.07883226897924048
0.10087404981917479
0.09827583348042264
0.1382103090455244
0.082205736515624
0.07822637000948685	0.08367424433425444	78.58085898751423
0.09158901638169108
0.10719451960529981
0.10705363853016843	0.1035771939133803	150.75678669223282
0.0639785742812169
0.11437090022976906
0.09198960536343088
0.10753753568910651
0.10275701479074434
0.0779442297796206
0.31802077853698846	0.07331513826493016	130.80379410926423
0.08952698185806521
0.08513667523611299
0.09515550681939823
0.10403962751812502
0.09027287635220071
0.11701643063186273
0.1033889338607937
0.08875384096129008
0.07539760807590466
0.08693831480534608
0.09992408829300778
0.3594931458750405	0.10830291799341438	148.21995141462742
0.1533510182196718
0.08530173904036388
0.06724959829517624	0.080193533881198	112.76205931941334
0.0925626263850098
0.07857487165464887
0.07399831125316617
0.09334005321978028
0.10717212938499858
0.09504387621656224
0.07187349228615982	0.12667660120155702	99.42804551237326
0.08177432128748284
0.09754104000590881
0.10295542374668253
0.12480680727237713
0.08020799917200791
0.13093609601000306
0.10925326611829589
0.08864948715238032
0.10053284523142739	0.12619563365711126	108.68237855401595
0.09166792496622836
0.12744296074043152
0.11566406606018362
0.14389425475850928
0.10909592502833147
0.10636101335777386
0.5864253116973874	0.08916706701165808	152.14485959772853
0.6104116362622776	0.0911072492615456	150.42203671910164
0.1237047694930929
0.1293393763652247
0.06465458748680313	0.12166939163957022	75.2455367856644
0.10596826053747085
0.09521473103613473
0.10476708189913135
0.10626065052204609
0.09801726337019152
0.10390416523142039
0.07619612578808463
0.09310397201377762
0.09359834775391951
0.07185909811120642	0.0828221054534906	98.56299898999323
0.07586008904030433
0.11564589427116502
0.07437404059720756	0.17370338104307878	102.17048656697663
0.16045958259304668
0.044635474009497994	0.12089994720223272	130.82917075273016
0.12991177553036856
0.125234000087581
0.12274081685271891	0.14705318161142153	92.725711163283
0.04719820625978279
0.08139380189652623
0.090991748695462
0.11676065899165802
0.08073504503085917
0.14723412741517325
0.10438148012259564
0.0919164300936329
0.11676191028644149
0.09749771504770874
0.08260965973425871
0.08711108689443678
0.15968923465628074
0.09848756606178771
0.1096956794208221
0.13651238755547054	0.028535446301068416	71.18306407367605
0.11984967212603626
0.12426305870170361
0.10792870278239508
0.08423741086949833
0.09597696090068729
0.0901121541833069
0.08012819464226092
0.11105620426926069
0.06758250597855626
0.11347696340190704
0.25639787486167004	0.07365164286635402	150.2847654087628
0.0895513128189251
0.12439235996398577
0.08448885613075574
0.16306091995114042
0.10289664777134497
0.07902203016617193	0.12426047303125072	88.06994259462277
0.08786660194361888
0.09464459842125075
0.09689549131865681
0.06333003011593089
0.11289771160045112
0.14280815620246615
0.0952847819420369
0.12324200857729765
0.09629062382619341
0.07080212698119681
0.08723546334558852
0.064765069798525
0.08205629196242192
0.18655594038468015
0.07429290571755065
0.16536748602573692	0.08414950975198844	152.96374275522274
0.19496345413884505	0.10875604660266666	98.03250543285205
0.08820055424698489
0.06898468531576772
0.09348096291022492
0.1350385827150778
0.10547326646298279
0.11989254114544308
0.0770902577413987
0.095952452672011
0.09646301423182183
0.10454617271676088
0.08520912746530478
0.1255109701662578
0.08145287994490051
0.01992836619045495	0.07411642928840186	141.10930304745665
0.10707467675843406
0.11675211224512114
0.11920357664137142
0.11685787986151959	0.14781680053988724	69.39072003615463
0.15559519552599496	0.1272929293716005	147.60202316873668
0.09861963350819503
0.10419481496584596
0.053701927229308076
0.10244619223690199
0.0856896475400997	0.10804483485603389	130.96426101034464
0.0939842136771561
0.08187655207502	0.10404430085688103	114.57733465236437
0.5853757797605865	0.13410575474011513	150.26683575924227
0.12762850759352057
0.07030478433930083
0.09181745940245374
0.07651475970818007
0.15878464554029173
0.11428768304061576
0.09476785916763172
0.08626626786191344
0.1351887941102222
0.1079591451684362
0.1718580836335594
0.06169346861593454
0.10257332003727687
0.1365826135045744
0.619288017470918	0.08228869877032512	151.95889339854259
0.06917711311160282	0.10435293246517656	83.29972327196376
0.1340688599882746
0.08831466612550237
0.14809088027980072
0.12640509968255673
0.11126542115337794
0.10727852893832814
0.1089751794484947
0.0803940666407582
0.08868559384886833
0.0898190114014117
0.1011403239984271
0.09155427853960503
0.12635639765314813
0.251219393925729	0.13289013553756582	151.6888676627585
0.12314247726352713
0.11187873624556967
0.07360845348097475
0.09147580939716977
0.0808140732033318
0.10475917321733672
0.07956493262797111
0.09594402293806745
0.11707500871692005
0.0948144802314158
0.09343829321336429
0.125133396357563	0.11211152985441178	123.60759981864626
0.1456094333573059	0.06772398750155119	149.98186158260464
0.06570451968276037
0.08073076747062265
0.09201686923746642
0.13694272072149236	0.1078844391614032	75.21068030965813
0.45242556382486016	0.09788321366838418	153.621124472962
1.1634713282436497	0.07316554550652331	151.74404271065657
0.41264341309284797	0.07561433543119639	148.126564030616
0.12746666891842368
0.09373747800983652
0.08539577212199953
0.10369560296570843
0.11448687395461761	0.09184420274640735	80.69602891114833
0.05793356008904699
0.28926764519090375	0.09385061953946948	152.01393214868477
0.10527913827988304
0.11711978306002267
0.08452011547621349
0.0800660075379262
0.11977666277507734	0.08062536851298893	112.58596488106427
0.09943082244219194
0.16350583179219103	0.10328887005858338	134.44563679804062
0.13579816622616284	0.10480039919628328	124.1586846171367
0.10620242616842873
0.10363747124660552
0.09566606305455144
0.11262311433788347
0.16984909863040173
0.0883331975481636
0.10017992529481451
0.10504332373908155
0.1116822463085256
0.09154636150859836
0.07415671345235386
0.07186016753708499	0.17335998846405457	84.23563417208793
0.11572254941845543
0.08746186899186217
0.028940680114395042	0.19267404119356366	0.014197471822814996	129.06216532373372	70.8105814104715
0.0979679173056519
0.11155586532616173
0.0923268639257283
0.07040538673772116
0.08879786399369755
0.10780308496046133
0.09953471141752017
0.06934986872455073
0.106351300527022
0.10042085440782038
0.13489209892558343
0.10869806497084766
0.08926225650837881
0.0830657257943424
0.08916003298902433
0.06290522106425399
0.11510438254926472
0.1235265073735564
0.08900814905087133
0.10907756008354642
0.11916657681233693
0.09266614731862911
0.11256940245827259
0.09194316823052386
0.1154195005130059
0.08352321671058967
0.12638748714658818
0.5142795020036117	0.1192579915421597	152.25163915689626
0.122795252819007	0.14753000092425617	69.24054577103576
0.08891878843387274
0.10142366135872403	0.02729442332590199	74.4829136992067
0.08773088847928082
0.12396342052085478
0.10299251635834038
0.07732736439542816
0.10719021027288383
0.08547971353042069
0.0747388599661196
0.12388254061791722
0.1250682454113412
0.13081651608975942
0.10394968324624528
0.10294950220735882
0.10623851043518807
0.07831451923256162
0.07622028410139824
0.1037686341296448
0.08726601396373866
0.15178207195196067	0.033623860899890695	76.81252359355757
0.0829859414107504
0.0774902362887338
0.09885377706670849
0.07891418167489213
0.08247503659768715
0.11111241068934485
0.09221712224521628
0.15803839884768336
0.128047947050959
0.11148671023555001
0.10362929508633749
0.1289406913996182
0.09964682948459275
0.10806228956040712
0.11592405156688107
0.1147595300794086
0.09924240043891566
0.10406332077313794
0.11605699309137006	0.024729045406394496	0.096225264548819	122.26609245017177	119.44363527610881
0.05749698856164996	0.10156304670804286	86.72818057986618
0.10990434813849531
0.09845190359368552
0.11331905949579169
0.0913544447917621
0.1254410953130531
0.12269990368758334
0.08268827472262037
0.14428575263678786
0.08558287405783824
0.10499187137015668
0.09738667404279037
0.10975010579729198
0.10801007250615587
0.07137767903872864
0.08000577604562632
0.12357192893257113
0.13821095698318098
0.10284994455398387
0.08996694707811137
0.10356693491499472
0.11448847394964783
0.08893203582052019	0.128807307049815	87.09812436954037
0.07817702882348365
0.11254878213530155
0.14189184974074276	0.0735398006991341	147.17715902999802
0.09618016166287843
0.08147213144606974
0.0878855449911847
0.06553244376420876
0.09272411308965411
0.06159699986071818
1.1237943806526758	0.07759380564937765	151.04804476926395
0.09565833587786308
0.06048737714934472
0.13896178833139566
0.10553349945887218
0.07769586674303054
0.14972693616245092	0.1282469474675343	148.74856068453852
0.12291838180750306
0.10058978796207849
0.10242797612060887
0.08886028212246011
0.07655991673136023
0.10348478986438799
0.12835762852492008
0.11083811925739478
0.09228007929420286
0.10721631112889961
0.07834923050318847
0.10761010498902683
0.09222494705116732
0.10568327804875147
0.12505834501910026
0.0814013111748982
0.1162316324774498
0.102720862196516
0.100668204246841
0.11642096273995663
0.09146125398285497
0.11339699457172303
0.08770705080754249
0.1527768098828383	0.030503902406807122	0.10300210466743273	150.70664787354647	149.5596010340862
0.1324104556148107
0.07653707709051329
0.14075653527681073
0.15274728325007944
0.1846365795586266	0.07978724640051098	136.15167391290075
0.11808464955642616
0.09822121655626183
0.09112377824776949
0.06415706876418222
0.07600974236415403
0.14679266684213946
0.0841481175025045
0.10027986269189884
0.10347088252086611
0.11089811101022969
0.08937061882348346	0.1265150046399807	85.1549174914689
0.15566421130734803	0.07435464649993924	0.1069802226610418	0.008804768234042722	149.20391434631614	132.8854968563989	68.74764666985803
0.13204261514297214	0.005954003127522746	69.67481703645706
0.11407114008769731
0.09372924242212818
0.0895228547231887
0.07418351474068222
0.12799489715976486
0.16318540787261732
0.060534053583165
0.1107939579271654
0.0978016537199903
0.19760462243187146	0.13112270759678404	112.50678819825536
0.09615267065077268
0.08993561787411175
0.13917805257074822	0.12562290984980715	141.00500272094146
0.1143898237279348
0.05346285826423789
0.12424241986036966	0.09811549492676935	144.48505325543547
0.11918349403686049
0.13657592313412936
0.11226110563361653
0.06824884057322128
0.12320396313281459
0.10739682943279354
0.1478985523719446
0.07697057717596073
0.10294631862416082
0.13593070397879503
0.09273060069045312
0.06608363538471253
0.1155697559333769	0.0748610209328652	79.08515065838762
0.14411124342117376
0.11872236606476613
0.13305218785577408
0.10205713395391977
0.09933293354152742
0.09481805080972584
0.09121678063094436
0.04150561471808442	0.06574338773309203	128.5211805697273
0.11897776981788595
0.1089856022562822
0.0831911718717681
0.08256803269984225
0.0807352826931236
0.1095504969662222
0.09457042652336857
0.11276473708906042
0.06339841409854961
0.12655176255938932
0.11567623497101859
0.13290106934648555
0.08619731577665737
1.122969635023954	0.09993888235970937	150.97606922066473
0.1117693294818589
0.13230917665937894
1.417343696044207	0.09636446329219936	153.49315118493095
0.7557520819715244	0.10896546381559664	153.27637879711915
0.15832235782742532	0.12777351590905206	151.16178226029498
0.12103415947096464
0.13052293029385778
0.10683412734708309
0.0935808582142808
0.09410516838062513
0.0770555043555142
0.12214844637818136
0.08423273554064001
0.11441756869398957
0.27924054775857876	0.07239166345115546	147.94720937187662
0.1429349930750647
0.1063644401979246	0.06915912190288365	139.811442462372
0.08928869010572887
0.14182907350820215
0.10200525490023675
0.08459777065975779
0.10843775547888886
0.09014111871674996
0.1101227182712469
0.12379131441989344
0.0786121176986306
0.051823063580480444
0.11255539058485875
0.07966845406966729
0.05342425311737806
0.12501244648431606
0.11032569056945293
0.11123339748517813
0.10739205547619944
0.07661855864778111
0.12430643755257681
0.06759455716060384
0.0678025549948845
0.1052056366888936
0.09560530868199135
0.1026927224893286
0.10039150752187415
0.08687231361086095
0.09293674961020594
0.08343405522693326
0.10622969109587194	0.10544581426843168	84.14395107251445
0.13585666441091365
0.11949129560357774
0.08967143464345421
0.13201226679649866
0.09004313905020488
0.09315578626000239
0.07527515823933066
0.08532272830167464
0.10677459298309758	0.030940564931842964	76.27871289191157
0.0931840944360311
0.12616844648561643
0.0924610966491638
0.10468555231989655
0.11557002000240037
0.13518850511521496
0.06594520734898955
0.08125494986456587
0.06379240417936856
0.11378909135349083
0.09868016499694572
0.0963863931493306
0.11784773592108176
0.09618126403752579
0.128680371664567
0.1414036725659123
0.16383407947180148	0.10628326376619215	141.26203972415476
0.10655335816520399
0.08529026195122834
0.12024931711812602
0.12765048982059024	0.11390621772623051	118.27871952854768
0.11368236770589614
0.10229555562164692
0.1214576475752977
0.08288862417739784
0.14498941111274197	0.11914467017865991	136.10018394354307
0.09102119815178365
0.10989334487088318
0.09225370845164202
0.09640986721251184
0.092249810124946
0.1026270699597402	0.09990111364839466	97.41338612561817
0.13043914154973915
0.12144764213954524
0.08012235115119902
0.09237958197299632
0.1361834170934927
0.11172693777745121
0.07444248517152709
0.08074411760041361
0.13795241015339174
0.08497589439207368
0.08894627720879386	0.12865997369397833	67.4689621668241
0.08428855799316738
0.16275839011618706
0.10902896534701623
0.1015092241607723
0.09335252052101112
0.10774531170188104
0.11781334075149887
0.07656032328481627
0.1402230627909893
0.059079552090930694
0.09402805466315678
0.09213047734970509
0.07269468035418308
0.08548894569676153
0.12554499150377885
0.07650272440695338
0.12486773661923029	0.07025543258701428	72.70928946745829
0.09022440496165164
0.16902296137794964
0.10195093014867379
0.11662241956252674
0.1389948580492518
0.10661563382129444
0.09802699428511073
0.06835515349636902
0.10927750651626703
0.10150980549927692
0.13921876241564313
0.10262312332936646
0.09295485854059023
0.12478204877157997
0.12193319452401087
0.15106037066820419
0.05349250101812987
0.07841497004329913
0.08663037254735306
0.09898332944460218
0.10094853334365846
0.06492622194398144
0.0996912778583156
0.09405101064254591
0.08270047659838749
0.09261584307398357
0.09556035179963403
0.06172827436926499
0.10906268146966384	0.13594058967877257	117.89046439470732
0.11055261432057814
0.09976645774985417
0.08931531044955447
0.1222903685376368
0.11564742914126516	0.09035872815096983	106.23112126444143
0.4950846786455483	0.13557968160613623	152.6534252725903
0.09776571142850433
0.10006121139375654
0.09144296962843634
0.11233617806352109
0.10649922780235929
0.06837266146843773
0.09260810040124938
0.10974081071403069
0.11232432604444534
0.11362555966080667
0.10963129976685124
0.11265577043682062
0.1436121028409558
0.12684345330649252
0.14888504659794677	0.03500872988156348	77.50480311118682
0.09920826705407389
0.09545536414343192
0.08990669713827566
0.10294912545175686
0.10078678798803328	0.12130572437345546	88.31611644545688
0.096189506988742
0.11158503507886351
0.09630365696601349
0.10142811289493792
0.09325585275809492
0.11414791345221462
0.12091666635533374
0.09286739639501619
0.09365268619058258
0.07248061638645054
0.0934248939671189
0.08637065198743052
0.09446364224596551
0.12897015607851206
0.13240007350790384
0.13018246516408466
0.08592535826631577	0.07561739887500325	77.10607163732936
0.10470125722498722
0.10314984339798403
0.11193807355192718
0.15043424528221444
0.1150235737136297
0.10638798116783632
0.10260943228919599
0.0993527301431483
0.13879779332182168
0.10079681532208162
0.1116559473764956
0.06551397327407689
0.1138551841097552
0.26387631045029014	0.11269645310638376	146.73264006072384
0.09094917127152849
0.1208115415414219
0.09090074665269217
0.09057436372440286
0.11426721126166864
0.07185858980834076
0.10832531491404052
0.22753574626895198	0.0936377714901268	152.20241702367343
0.08620852730646668
0.12812070883753163
0.1129613729603301
0.10962653714960967
0.10185947613122252
0.09184012909702613
0.13595115878858957
0.079851674418212
0.1386675659620043
0.08814226492441812
0.10568829997049763
0.09256584766083265
0.053856248928165006	0.11804930272961885	141.9175871066466
0.13786480382273233
0.10345919301047647
0.08421983764538037
0.10108183644631374
0.0902264340050355
0.10553719068341319
0.0831058017633816
0.07877331318749609
0.13563684082956945
0.0764797597870714
0.10141572716585771
0.08578919411997718
0.390074701446217	0.06511655738771079	123.095347241882
0.1316104651008328	0.14644806477021	111.63747351909619
0.12549717370875438
0.11408024175382643	0.12218108028057947	132.99515899849195
0.10400550381428623
0.08548687155533165
0.08981380681970999
0.15365318583746349
0.08645483965714965
0.08028137628067265
0.07717365925823604
0.07567817311510386
0.06964774263518124	0.2641352495255017	0.06253628370295587	85.41737902382575	78.15494945178618
0.15672282133538293	0.10325282872733789	131.56283127115853
0.06610488240688071	0.14147289510556438	83.22975554937831
0.11371273285161299
0.08912660839980495
0.09172571203148772
0.09861326001021689
0.10548153553791478
0.08505183141589549
0.13744054763563107
0.0901025946747064
0.13637454154046805
0.15182523755779698	0.07685056918829741	134.2655409320685
0.1271658216374618
0.35633636075266195	0.08658926500185428	150.29921307320723
0.04988594299414146
0.11007303709352603
0.10551394410892527
0.05555982859820073
0.08391528615919895
0.09668008881762363
0.154352848974335
0.07107311739476718
0.11365382849025053
0.10658330445793335
0.09332015587867064
0.06486581112959394
0.06678184533940228
0.09648513570264078
0.11101054075738824
0.09507862670872676
0.1438390912245151
0.11915969769039847
0.13589587740174003
0.1106560573572288
0.09063559339279162
0.10639248761149854
0.140656100778986
0.10513900936349364
0.09651403708083633
0.13364209304222333
0.102938563151764
0.12189225115993042
0.4236195997975549	0.11801894609872372	147.5510681092736
0.11221992956595504
0.09158975001706102
0.09636745864474926
0.0847253769471209
0.1399538444433977
0.09952234257789755
0.12109341438742166	0.051390704891837016	72.30151052180423
0.08946623875206001
0.08924901634174487
0.09321433642116865
0.12661266371236563
0.06377216185500452
0.06233315338772577
0.10539856825617185
0.0754405695614225
0.08247954062632859
0.1449572295351291
0.08934817276133399
0.0938139576531546
0.13229372550223523
0.08845622470228003
0.062195721743274035
0.06507439265247984
0.07371163911932427
0.11829176261455183
0.07121310738381993
0.10196921742385372
0.11087734844354157
0.09501724262021372
0.10447800650322933
0.07846541267155961
0.08611688722403689
0.06836163474914024	0.16826435796720488	0.05522542671759325	153.00338774198374	148.77410598947756
0.027072747294928014	0.13672736593304893	146.75562941265196
0.09738723713135851
0.08316287777237145
0.12792408726702098
0.198320653517768
0.11591387493020129
0.09129089626379425
0.1455780840376157
0.14630813868208278
0.10089424477545329
0.1162374704300163
0.10439409804912136
0.09556844775307438
0.08162114977308219
0.09158662313095235
0.08446440007452587
0.07507222516578782
0.0925097879558258
0.13228346638936328
0.09501236067633492
0.06129814175745485
0.11014042492758704
0.11999690081973347
0.08347824962883729
0.07489864510148439
0.11745239931641528
0.071059792097435
0.1337449470906874
0.09885783679085057
0.14154923114707582
0.09907355349773991
0.06783869247879468
0.1221292190476036
0.06979138214186136
0.11149603200095617	0.08483335412558785	104.48867108692794
0.09498155873126027
0.11454806034639428
0.10502701134687
0.13503531166084767
0.07675875834550476
0.14241794319958392
0.09988886387435263
0.0724283574412916
0.05723648274657019
0.09841673450256253
0.04751673281230325	0.10121565241983241	138.99684644983523
0.12511089628181782
0.09080403851235408
0.10638747441260453
0.08662256443571345
0.12237445155485484
0.09127719119375995
0.06525656778532012
0.05786895574561162
0.07861835638592315
0.10318337345813536
0.0814170941502488
0.09037058886960507
0.11478154795964968
0.08717985756086655
0.09455914337666976
0.09882787258380775
0.0733354164011095
0.08392218279522091
0.07546875004773472
0.08894010647508156
0.08952538264185252
0.10297926770366703
0.07954091442198159
0.07220353676209529
0.08566357809187859
0.12323474203256965
0.04535611206241048	0.04770377622836603	137.49635201557155
0.07272199261538434
0.0836997909768122
0.12868086580952243
0.09791293264193998
0.11955554015290874
0.13762234595043726
0.11348518109859057
0.05963100865681357
0.07917395524481613
0.04704805723705704
0.10008855235752602
0.09936724022475107
0.076707483995362
0.10792150950690187
0.11708989577320052
0.09482025196971655
0.12386579493264437
0.07978241121780416
0.09743334806769358
0.10226810103400612
0.07218086548176551
0.09132575890899185
0.17866758517557033
0.11281734167909287	0.11319077295987133	71.28580723555392
0.1002683815832489
0.12668814504162257	0.03682812898876729	69.67361923422676
0.1023963366687736	0.11169132062616188	122.6511383599439
0.09907646280603129
0.11445975179530782
0.07140264004118599	0.09120714526440446	114.23814159740823
0.0686459996686329
0.1373577332774626
0.08540781782901076
0.09844007294914088
0.08239637398192678
0.09489150703115447
0.13940985415530313
0.10224978634520666
0.11546232066935475
0.1259429371603253
0.09389776684238844
0.13644353669902137
0.1365401719585661
0.08298103255982937
0.07572614483714189
0.07995471053484023
0.06110415392935935
0.09776804088454771
0.09250523082179711
0.1149293654776397
0.11317962545287058
0.11361661965611994
0.10607264664292948	0.15002273622062956	149.99297112171237
0.1020061006813818
0.11270670922875992
0.14228480477046487	0.07178575005362108	143.20042979339908
0.08603839333029698
0.0998175760198427
0.06109693403933148	0.10138721422757709	88.75012387183295
0.09621760898869881
0.10581923080922975
0.097972775651927
0.10922674692707647
0.08617899166434707
0.12014322451776781
0.09464258105156535
0.031176233507445444	0.15094070244282215	91.21355026591607
0.09224283655119314
0.10601610963790985
0.09111914334254709
0.12573049093217853
0.07503524467828639
0.08488619358044526
0.1036435959721078
0.09655144338121242
0.057139848171872114
0.08484995925150747
0.04262911304481362
0.10324327279136605
0.08411921830576348
0.11724417739195474
0.11210069983486305
0.09553773912129168
0.06776752433143483
0.10909405721782836
0.12716456861482536
0.12848096372698073
0.0926915289312832
0.10670937153206915
0.09108517663746539
0.12220475161537159
0.14766396333361917
0.056594044180477414	0.13080192880781613	84.97129584207751
0.10793747710810006
0.14306267646012977
0.11680006291768126
0.10905064577862579
0.09648118138650928
0.08256847898865004
0.10314978096200998
0.08018112312690087
0.28238544765873796	0.1388053042753513	145.24843227030817
0.12322251502259138	0.14855848790587645	72.63518355828587
0.0885654123301634
0.0865724970359784
0.1722854931632339	0.09314889836148875	150.8760239167988
0.18446053324265527	0.11749468674731545	124.83121183098075
0.10737379033141965
0.12109343285283439
0.140990547256461	0.08851603280052271	90.02174873047012
0.10913094982052843
0.13011015029516848
0.07860956883234167
0.11929479906282023
0.1675199660340593
0.07116134296208558
0.1095431967729779
0.0904411273893383
0.10914704576352115
0.13607358292509908
0.10228490140844754
0.08555539501064058
0.08709792609358258
0.053548911796936154
0.11456987271364788
0.06054207946015459
0.07549057342186982
0.09811476938492274
0.06963504313674215
0.07884866215892537
0.07033695007492298
0.0847507162576674
0.08411339341228831	0.09323430196841534	76.07427708199803
0.09239907666388632
0.08853066802026531
0.08678242639797734
0.09047356376326002
0.10248084145644393
0.22254089717618733	0.05539971100746343	151.1802755881329
