0.2770665728609736
0.09039432854258979	0.4813222947451256	66.7849042440791
0.10736776475795974
0.11894981080902983
0.09779931247087625
0.05941333774920251	0.311530122385758	66.19444228884453
0.07924908418680453
0.09622356558033625
0.07164393214097549
0.11405546499714232
0.09049016934633015
0.09745642548682219
0.06293460571641583	0.5340506594769144	66.91183859937553
0.14770145153685219	0.09618963967581669	1.2335857741064078	153.06048160552905	66.364768079402
0.10335758918402518	1.4070387573237044	66.16919641289662
0.10229740579207426	1.5482832548831722	66.24632076942017
0.11404006627627139	3.7514312503360054	66.46545325000793
0.08182663767334944	7.172782883675406	66.3103484460403
0.07231940380444159	1.019438979236959	67.01307986280409
0.1173104843112854	0.8150618608819252	67.03687587255156
0.07917089477795493	1.5764236251210368	66.33327217543835
0.09260679747046911	0.08273318444903952	1.4794798097319382	112.48699507840867	66.57734576949413
0.12808802926508858	0.45833016036178426	66.71841977278437
0.06801599479351757	1.4188445670634355	66.580224678993
0.05136431601163978	1.5030573575395476	66.6974578751289
0.06453860021922994	2.0884805109883513	66.59194947708038
0.06726345827898088	2.6009830419786035	66.65033842816139
0.05308400559627951	1.0929703236600843	66.84374389610467
0.07459273853502403	0.6011578886544212	66.56400715473819
0.06583325901912228	1.2757313673783948	66.44288057447328
0.04833744957649806	0.5078153989072048	66.71385505011055
0.06263898447476603	0.2536631649333783	67.57195035815506
0.0774809900867938
0.05200381791429333	0.4572131743823124	67.47189474078357
0.08303976829520374	0.9934960826596332	66.67501831058424
0.0826776535530577	1.1135074533279252	67.23960356323282
0.0698281687887302	1.9222569471243511	66.61600272528726
0.06565108053027818	2.7214736775980137	66.45636458933865
0.033807502552860295	0.593937112885931	66.91686033716532
0.06728712756798436	2.040638590153287	66.39930433847938
0.08956088332628269	1.0194129824477443	67.08260363488405
0.05051918007573819	0.7886037876001588	66.141825604996
0.08667222992427845	2.725206085411243	66.23124974453489
0.07062310136315349	1.6948069288254397	66.42915777649239
0.060582956889703034	1.1297453448035932	66.2753493775906
0.09698192454093134	1.6761876293295537	66.60537005984798
0.08145568882504915	1.2343544827609003	66.74462474667916
0.09432546403181614	3.435461193357806	66.51484485851884
0.0975881398165014	3.159754073103092	66.25046155017601
0.06227964067432194	4.1040349635609905	66.15723550546902
0.07513945096303004	2.7770365006445457	66.24808560918103
0.06815538545551529	3.2461405326848634	66.15230604751781
0.06034510605961402	2.72421169703964	66.53468399158045
0.045410817056716096	1.1079720272859035	66.71652999461833
0.0365218491890483	1.4007778493420482	66.50711292882698
0.08648217530374523	1.0787456476781463	66.77625797706966
0.09032613187871577	0.07144258107691896	2.817137271301106	146.2318695230509	66.37484981569848
0.06337789813897059	1.9305355043375878	66.25489515575634
0.060085263424874524	1.251996880821703	66.40584419624942
0.09229862448908611	0.9154255298179911	66.8776933464504
0.11326568981818054	1.0287563283696324	67.25086361706802
0.06803302202634338	1.2452261680950802	66.42764151778177
0.06857656564235769	1.3631173011980047	66.29608052518576
0.07011800130650143	1.4403461188822575	66.26419825098469
0.08238819386622481	0.8773693464436861	66.52006537777355
0.07876919281634005
0.08834587195520137
0.09922673504412455
0.08667941004747401	1.7016546090110254	66.60422614193558
0.05849254683010893	1.8153213678682236	66.15827280584993
0.09426897725642658	0.14362994560122938	2.3460055642786597	73.10708225191213	66.30151221069492
0.08666516131420401	1.126626495589024	66.79710459561133
0.062162258685665314	4.655802136167395	66.4330225667396
0.084486264551949	2.1612468234335203	66.29377491637732
0.0695230119150189	0.5901007183698693	66.16274197884813
0.06504839113330448	3.2320929413210853	66.85318412010864
0.12287780696061129	2.7636435366797585	66.5228649042103
0.11012027105681574	1.613058897542387	66.20156003237148
0.07532139239047453	3.4897856359105317	66.44059370509676
0.054913513511375016	0.21348137673948442	68.38508731100835
0.08015471064465655
0.07831638042011971	0.5035942389672773	67.14541394759073
0.04513980014896292	1.7039193690883405	66.65782727645822
0.07538341698672364	0.9077752722236857	66.93557757087078
0.08100106205824216	0.9431949417765316	66.89890646725891
0.06926970348275525	1.1212128321217167	66.8300657090455
0.10300034318245833	0.656821276392402	66.28061817154924
0.06551101078404917	0.624966782092382	66.53728924930242
0.049721672921355126	1.1472504535180186	66.73178936147124
0.07822187288413035	0.11641866136907764	0.9589392468593927	92.58321125473555	66.8267079630394
0.07718443937667645	1.2535154684205068	66.31633162602115
0.08195180499145312	0.9015863069873999	66.23166851265005
0.07680791332805345	1.4638123244592491	66.76378990487132
0.07622102084017261
0.059464492838059546	0.10759104342948092	140.91477886593088
0.11721536371517151
0.12175848399168443
0.09898289841547367	0.7812276021593589	66.23159005071295
0.05590831863910522	1.2779440393037609	67.0993611479894
0.04192687285052617	1.208834672659549	66.53552977499321
0.08049272384563672	0.30362631734922985	75.04979185242803
0.07819150543057775
0.10489603431673336
0.13589375709547116
0.1147286571040742	0.5643953842012788	67.24081540609288
0.09840928792961785	0.29915406755267754	66.50167870899668
0.10227537631027689
0.11570637810752475	0.2877037017763021	71.73218765485387
0.054222904931461285	0.31687476362495376	67.64084964547915
0.11117344546627758	0.6551207206191791	66.6204659809723
0.06603579242743962	0.6960551262347598	66.38240361273097
0.06849803152457692	0.7130444464351409	66.81406437735731
0.08168373308506362	0.2696545691710649	68.00768035309143
0.10313499249508826	0.5455329215589637	66.63791694927727
0.11085052715018798	1.457731685126668	66.44661869625004
0.06467490080960783	1.2040744563963666	66.41267433849053
0.09048413979317069	2.8804372859399257	66.07715319612717
0.05754162160585677	2.528725265713459	66.31007550034207
0.08928530130060436	2.9392811365552	66.67947973522634
0.09748366428261747	1.485725599193834	66.48264057185608
0.08065961902462256	1.8042379574332763	66.85521074499152
0.06688727378248605	1.0360657708564132	66.47799949974507
0.08063751334888618	1.326233916025901	66.76546703753006
0.11192812782230085	1.3214881705727552	67.55598442581535
0.08571114549467551	0.7264762257931506	67.16513841165347
0.08598362141013181	2.2540240862662984	66.26783362382206
0.07413861332853647	1.798074258645557	66.52551804326869
0.10374814042703394	3.417161820888521	66.0682066465473
0.09607967463742945	3.191557633704861	66.29683402986923
0.08163461225054028	2.2691078509112153	66.28232301864678
0.09805639698880171	3.663394122137216	66.11419405014726
0.09664186943080647	1.8645465710960891	66.75456771638123
0.11465574977261975	0.6672497016888029	67.06909233917337
0.08834732663811827	1.2172340317543922	66.8408602217534
0.08174712544308638	2.0415509928801527	66.18141155968873
0.09943123760079603	1.555357524648742	66.81643487862335
0.10745554213398002	2.907231918873836	66.34805296760092
0.07276406290336444	2.1282424915678857	66.34109160248191
0.10046110005716218	2.1860221334703533	66.07383386283256
0.13469009844816365	0.03130877608667745	6.311429766998299	118.31958114490885	66.27072076403451
0.07402224004213825	1.7480989064184587	66.4255649534041
0.060724810639934255
0.06455279761836845	0.8650793583652644	66.4826238175014
0.10456197929243985	0.45857081242431247	66.7765107902094
0.08227746881377528	0.8381572948516054	66.80696498913055
0.07861220584154051	2.2077560939033805	66.78926185250005
0.10008359591854961	1.7936641108076854	66.95364180808438
0.1081937790732185	2.4277735485697045	66.32566003439607
0.09060649491815756	0.8169863701610413	67.11323433121903
0.10671060646343065	2.213825290026017	66.84268484850445
0.090252437796842	1.9873294289158958	66.25393055023379
0.04643709709293618	0.10281753206907403	0.06929492887981939	4.209304150238158	130.0814942748191	75.77515026934093	66.18729672893426
0.07194844512929191	2.0091176890983946	66.08094676172352
0.09989520272487677	1.427465442858447	66.80762254992852
0.08274993601922058	1.5559253228241756	66.43734592680848
0.07955447921432181	0.8801965502828223	66.74114415674956
0.05272666713031808	1.852455416176566	66.65832682054028
0.07824423364513267	2.507276317826844	66.82395123565252
0.11558789873273047	0.588139410816057	67.39729167683828
0.10455463441612403	0.5732978554797896	66.62295721962822
0.05315270660967105	0.3310760225956064	66.74542887297974
0.09692912010600596	0.8383681684393488	66.8174600910251
0.10050253260937388	0.8784204182744169	66.25122749141582
0.0605640130077453	3.661231667049427	66.34651619904912
0.0642062629741356	4.0140801216672655	66.10777032140926
0.08172034762883323	1.7810112871219217	66.63412157712753
0.07716145902210104	1.0724530553221994	66.50586733410559
0.08070105000396756	0.6070912851127478	66.97391156318446
0.07307166690757698	2.4370355713414202	66.57750098824009
0.06600838763346359	1.3544063565466438	66.24452730349527
0.06867075170017951	2.1236619939516213	66.26427105432214
0.07366083364029612	2.264980879813681	66.45056275381313
0.06901925510874773	2.6021276942769425	66.44453849789899
0.19847862037084016	0.1234712148568509	1.2842766227093663	150.4562786364607	66.55395902662767
0.04210154635461265	1.5949295872038884	66.34533107439863
0.056396537846306716	1.273025990715546	66.1327827882326
0.08122827795429235	1.6857768999155405	66.47554393300857
0.09465703862297654	2.0438915524098333	66.82868950801735
0.10180088510027806	3.638287197646334	66.38704297082212
0.06925222140899027	0.13077323151068032	2.6035129187334882	73.64610150344785	66.24956788675682
0.06466828561478448	2.2584849480353397	66.19244298486485
0.051489797889710365	1.0985198438780521	66.83174066542645
0.07021830888148366	0.35409613449871685	66.98252703642979
0.07196139254830113	1.4104564585739499	66.26980345950828
0.07952100480811047	0.8438765853155811	66.55556286833001
0.09441240990460166	0.8585423746119555	66.76765210051141
0.051086156249724	1.134526379933171	66.87031210747222
0.03772471289048141	1.7715129601433361	66.76202711749444
0.07720624774197472	1.636190888174599	66.53035621798338
0.06239638614197139	0.08255991371393342	1.4381550170985609	132.25518818481663	66.78615781033818
0.04617419299985422	0.7303653796361751	66.45918422074624
0.07211219331646569	0.9265377455600201	66.32454622787724
0.07119173565542	1.60543418142311	66.75254832171528
0.07162797987703569	1.8070018640069085	66.31890007420675
0.08275763848471852	1.0719223820263535	67.07876787533947
0.05240353230340901	2.7951244201548096	66.27760780716198
0.18283431644931133	0.07163836439218428	2.2120531330970388	102.94712410936376	66.14094077461904
0.1167770779081408	2.5430190304797646	66.13034310164323
0.052811176842670116	2.584762612164054	66.42236204262709
0.08358802663308965	0.15528214296557308	3.331011161573133	76.9218310460465	66.41814736157134
0.07826784328467826	2.3372128145872453	66.49060256584022
0.08962448581504291	0.8170418078937318	67.48924063933805
0.0940111990219401	1.1436928306994132	66.63048319325108
0.09639258599135916	0.9462959481586296	66.33251937072366
0.09319599933586087	0.6724193371390138	66.54242604819127
0.05534941028467941	1.285886074664141	67.01102677257683
0.06774760917106418	2.064950368938467	66.8872373128008
0.06111559448659936	1.6132287740072302	66.42857953455622
0.0779399493107733	1.0721470794913341	66.43496651477909
0.06741079099015541	1.9202361293855552	66.28713518106555
0.056284459991662775	1.607497880411612	66.6233116318039
0.06688812263929192	1.0998826155511685	66.9403658195296
0.08546435003051649	1.8722777999857045	66.74678940555228
0.0812881379852955	1.483328985206228	66.70706974009174
0.07029686748033093	2.7271046882718832	66.15839096282963
0.03425550007682143	0.12528431255308675	2.436477462459397	138.96209440783394	66.6733762671442
0.09294189883390648	1.4342269897403686	66.83678473221762
0.054289791497897436	0.9068360349114306	67.0342281919918
0.12868491281909356	0.962412700636779	66.56934781239762
0.07809541383367362	0.836237342500497	66.7506333530021
0.06261459876182114	2.030343373336982	66.76774256454222
0.09894692414064105	0.33181608596134365	68.13692208917173
0.0765687922578842	2.869590801493885	66.200888682819
0.07770378437201321	2.0871704464074323	66.44900743105676
0.05989094048278617	1.4590119854505565	67.12400431358552
0.07513193348357501	1.2382291980931044	67.06742375965092
0.11422989216672345	2.563915006446058	66.09657964825803
0.21281361083878383	0.1063566360220135	3.4024578424364065	112.96322520782267	66.23995601314611
0.12386443213136444	2.1214497732138726	66.47032564316234
0.06277179692106813	1.6829237760791274	66.53022633621113
0.08338241118296118	1.942681985187542	66.68988393485985
0.09978527051070314	0.8858132841904852	66.34871536642216
0.04971765718773159	2.1982669485690813	67.182761537158
0.06786932582125384	0.8282822591963276	66.119746870716
0.07446421029125132	1.6657993800761557	66.17375577567118
0.06056949809898158	0.6127623471652525	66.64236673283406
0.06066830206421574	1.6184150489533289	66.53990759496862
0.04049130521659695	1.353217354481071	66.38597157739154
0.03471436110200355	1.9063578724401473	66.23827645609967
0.06799700829374462	1.9294576923070017	66.2294527512436
0.03875412499334796	1.479008469822658	66.09133626121584
0.055488171668785884	2.509034225914416	66.33539652298461
0.07426041764301865	3.8961106109298753	66.30966062277781
0.07280806992969914	1.8432270817731076	66.33968205144552
0.06413502108899553	1.3490961115123166	66.15762749697598
0.04441833352947398	2.522608391894368	66.22825046903672
0.0442768989769106	0.6093448180607564	66.386791649543
0.08697122691261104	3.4123929767630963	66.14551456384314
0.06569125879453418	1.4002491284003051	66.55539368368571
0.09176536652147918	1.2056650097712043	66.12072455119227
0.0511490762600901	1.840084621191967	66.40114029561474
0.08291938439084214	0.6471202547170904	66.89614319147596
0.037339768281779095	0.7048319085660892	66.99048443252471
0.08479278042322246	0.7333015885214986	66.95063007812503
0.10331034622933981	1.2534350273691723	66.52435709213358
0.05270985322912486	2.6464800530012464	66.17779829387912
0.10900441571521921	2.1312783386258394	66.59149065210777
0.06900388352263902	2.4764356628340636	66.50943510178253
0.08126971331533925	2.708635891203829	66.33079216432378
0.048463598070523445	2.0709813438199567	66.96390949601114
0.07748442682593844	2.0930255793002375	66.1755132969247
0.06106965788876405	1.0031292455034801	66.17824905471691
0.07260886318419407	0.6772949116291861	66.6827911916687
0.19678725670965408	0.06006154675024872	1.951780718656152	152.1669061076	67.48111432192867
0.07481240963961193	4.7154358449881375	66.2252866006514
0.0648613319831421	1.4728650913197332	67.05467070197919
0.07525048544385027	0.08958329578803687	1.7047457447654766	152.5914424533209	66.66359064143836
0.10255498441739405	1.3168450337905544	66.18911841997837
0.06718204303325183	2.068590231175224	66.10663956986927
0.10649245733215311	0.6891944489648799	67.0781474032019
0.0681274239193569	2.8234306049231663	66.39993391049786
0.10050319681136671	2.079628044952885	66.1766661325051
0.07166235536644111	5.294608478189967	66.56973449059235
0.10285969186800979	1.9431903226751228	66.38899844748036
0.0587247931192178	0.42570427500506786	67.21867444882493
0.08263264298670302	1.3834791605070367	67.1212211570502
0.11982075751317994	0.42347800454318846	66.93536757252606
0.08329864827491125	0.8137096906713042	66.9454487843828
0.06842033949336586	0.9187226269526443	67.09990361534759
0.08991163949176653	0.956098943510988	66.23965615655716
0.08612589078612676	0.7883689001787659	68.21404697915536
0.04711574543010807	0.7887406655244965	66.76413089516991
0.07990530196127807	0.5894636159289467	67.10167056228445
0.08233405697559297	0.7155854039450843	67.43460836462837
0.09904129080282087	0.6472852975635917	67.22652001243199
0.07336258120183693	0.9177331829801509	66.81377442595192
0.08239427584057195	1.706916741222489	66.73874699901698
0.0763902384130676	2.8807203880389842	66.22433739496556
0.10411185516167462	0.2341180058442017	1.5077530233360248	81.143516930237	66.53327637436927
0.07016544998435065	0.19716723667282018	2.1104663696483783	75.54367669715634	66.63104355347905
0.07204243184703549	1.9148911231545944	66.2381085519691
0.05562893960258056	0.7922875646220859	66.98667394581021
0.10461268229753706	1.4763647888171512	66.09729554217996
0.07896162337286944
0.07566096401070765
0.06676970330167521
0.07042309148351782	0.6072775859212193	66.38973773493593
0.07380416865610995	1.276247486089169	66.75205925861681
0.07712917488483519	1.5184052046000274	66.82692782801001
0.03985012840963331	1.5173902260058092	66.39493828397339
0.08276134314251311	1.8773432232414786	66.16447956162888
0.06739584375138846	0.6539587112255417	66.71469954695345
0.04313816755616302	1.3652928695630346	66.8898770269199
0.09436865360432362	1.6065321222055502	66.48040792858937
0.08551982951785017	1.8158201158200593	66.61561377719256
0.0664417922899273	1.7995738367846918	67.33221546496814
0.10132913116090288	2.04899007254974	66.26867623623436
0.10690078282812257	1.0995531462578594	66.3545850371238
0.04486539647474925	1.991653419403165	66.77508133928855
0.068898932697578	2.531008900584967	66.53970205865622
0.057146536626766276	1.2790359532054227	66.31879787798883
0.01210121664921941	0.08725312503380317	1.8317078600861088	150.524693426467	66.64453473309845
0.07368072654837503	2.634223378477154	66.27619116939874
0.07040102305062283	1.1033527072233613	66.88639272379281
0.1142227595519732	1.5596386583188813	66.07187995788048
0.0886632246673267	1.6888055470953924	66.3800877384946
0.07032283720283426	2.5195055605543573	66.5293692955406
0.0766996887413657	1.0787752132241466	66.18632259106249
0.07895790961430198	0.656993679493376	66.52566074687049
0.06495274938284619	1.9057432247331028	66.07363253956963
0.06943134948388585	1.8259448752761613	66.19079732803861
0.09344048851788263	2.8773734091848495	66.64789338272696
0.06797541846896506	0.7372770152969879	66.27938200470999
0.08595953004947939	1.1975969555605568	66.92668827307062
0.029774775761722754	0.13069706188864377	5.154737475018122	82.62678397978758	66.27786001635708
0.05880605251611479	1.847448295711874	66.55366701627636
0.04971686915175462	2.206418364721958	66.44191585471553
0.11585907925871611	1.1442319321332515	66.68529791482031
0.06741038775397654	0.41421862872070564	67.16152808242511
0.06775472393493392	0.9177967623938253	67.12975049130783
0.06169641682267277	2.1440521170980147	66.95339241602481
0.05129356229677395	1.0906456028584683	66.62854361895394
0.022771206441957972	0.1423728572010811	1.1593418646772353	81.89299436056098	66.29607854711833
0.05133064118728415	1.102978945590519	67.35348368684538
0.08186528625139775	2.0122111649171	66.48932403643406
0.03671759883399625	0.04140574613059798	2.0432819752856797	85.40120863983468	66.68729366399273
0.09017491144317877	3.2857914300512037	66.48255951384353
0.07347670887945357	1.9236603886415422	66.47764274830287
0.08502313770595746	1.009231770316431	67.19521883678468
0.08515461699960604	1.2350738221344655	66.2141588046059
0.0881338103828376	1.2199880066750077	66.436049845456
0.07735565286465104	3.313192457804792	66.34983350850985
0.045102220032330165	0.5653726264452377	66.65653955023367
0.07367019191551467	1.8458191014855165	66.22335795525078
0.11013391718711603	2.794064222359374	66.60480438792851
0.09147134106721365	3.070352434637589	66.33005172453917
0.07754178339156248	3.2016881721398	66.34516363906756
0.055321662671348186	1.2095497399675759	66.61289759133626
0.09165352317242376	1.608906377334066	67.01923089251788
0.09822885785776203	0.560003721562309	66.62091801324301
0.0642846979219977	1.5095299876815962	66.20816462955563
0.08146300283344708	1.178545499428625	66.35707024646132
0.052625346254273994	1.9317700895632286	66.75777348930718
0.059367988694544765	2.4571073656316265	66.46133655357953
0.061227157384180324	1.0214541314397017	67.00116446421832
0.04942831948922511	1.0607654575822	66.39844275131406
0.07717464645260441	2.218035198900455	66.56680914766129
0.0946771663565422	2.637275364418927	66.43031258975176
0.047673284523670686	1.1004434956665194	66.41844000110702
0.05798228658488825	0.6673390920191218	66.26056134905949
0.09834499696672161	0.6927145341339823	67.59361002972875
0.07617880384442835	2.8108115374960234	66.81037897356931
0.07108867034878752	1.5346790751996477	66.25063316446399
0.02495991620803833	0.07103237058329451	1.9918147015111876	101.67698193908663	66.38032125258889
0.03735124418411738	1.9893640307998546	66.67490305653082
0.05191750870767516	0.9754319392756472	66.16304763992093
0.06020435611286115	1.8712655656402826	66.5324219337224
0.05950402705799051	1.2015264711508533	66.67960638038066
0.046844592987489685	0.9789113203679882	67.45898876784973
0.08368596597549324	4.90737920741945	66.13733811145498
0.0872977104837168	1.7093310448333734	66.71775919185323
0.08039956950382426	1.373077996924629	67.25401648719593
0.09666698864374598	1.5232046282603036	66.73006777816491
0.0768020610122032	1.4324812860195284	66.37848384248797
0.08871755251213884	1.953111375141923	66.2690042913863
0.08018101717764906	1.5919086239693394	67.31365051185156
0.07694850777815702	1.6720852385574565	66.80404288357735
0.0828179465697903	0.7632507740419037	66.76335410725802
0.08419960100890243	1.313182633399901	66.06815253854099
0.0695750075377825	0.5408162388795177	66.53051837402086
0.11742929420395408
0.11662241405702062
0.0844654793423996	0.17337436888564228	78.06375334033385
0.09688106730165326
0.12429660647654597
0.10783692155736764
0.095077011932695
0.14039936649478751	0.17339323512879853	106.44669053495804
0.10187884867846664
0.1105678384572665
0.11391889109230056
0.08967052568270503
0.015939612963556553	0.12178623367464293	0.49331209278958854	136.36602087624797	66.9490069081185
0.07033837860283255	0.055539424875626166	1.0753168317042596	82.38624335897417	66.7881934961046
0.056095140427244256	0.06983588555368546	1.143038405487273	91.59893267867803	66.70543709418226
0.036662910654271214	1.877854769692211	66.58145203467232
0.055709075441557204	2.1297358704262	66.60758403128727
0.08728061645209534	2.28255955976671	66.51270527671433
0.07342200852502406	2.515574318526696	66.69179505991444
0.09745522393244795	1.312116241987636	66.7979610352831
0.1329965560721969	5.654712502912914	66.11678389377873
0.05287420574396595	0.6540620547008557	67.03248701731242
0.08668995109196301	1.7986748259007956	66.37568805228861
0.11069198022262605	3.970735012851891	66.14615891480236
0.071556013767278	4.12832271105074	66.21819818466705
0.03768437037237233	2.4110579810924846	66.4120797848218
0.05947973038147526	1.401683433193831	66.19039855485624
0.06095694220680945	2.9389582940510746	66.08046504310988
0.05930812157975326	2.985644630693607	66.51092951479608
0.13205825575915628	1.7654522933209473	66.5183997414058
0.10239681236211211	1.7606168693098512	66.23785082408384
0.0719900605113886	3.1270258801112423	66.2421521540488
0.04358758226027341	3.3574968223590544	66.33713149497898
0.03457239208692095	1.123586005470981	66.66657388596455
0.0811660559393456	3.1590589350127454	66.11523188684252
0.0490135353639406	2.3180601608899987	66.42931749890305
0.09298217348725463	0.07488546838098836	2.770716818285874	153.19270486973042	66.34105629640757
0.051090865410795765	3.263062560292206	66.29389683842167
0.09316167692253131	0.7513602613747813	67.43886794781415
0.074506814344944	1.4034907363224616	66.88310761468247
0.04311181981274194	1.4355937398210892	66.39924362208086
0.05400671908815516	1.1506541208756	66.88847793997378
0.04300936316379146	3.658177896314504	66.31397490198641
0.07579746771651338	2.2177068439469725	66.1722735119497
0.08100541552835197	4.5307732633954405	66.16044607633646
0.06732353779625687	2.5956842506708933	66.56391996347091
0.12044469111974888	2.029216071364841	66.18905934409574
0.06337494901633899	2.7884155007334233	66.17957889677672
0.06888162630751074	2.0985904793596557	66.57077387387807
0.06281594858282458	0.646450170436532	67.68321409730054
0.07212622354758054	0.45194376868059927	66.82695181647809
0.06760149320332322	2.874739742392053	66.50002976606837
0.08183842950020238	0.03067555687907027	2.145671798917926	68.05576214825264	66.4398639221404
0.04526844652185041	1.109528862416775	67.07178833540856
0.06062959100787574	1.3459579300730884	66.84527797333624
0.0787682427452019	0.8586472535508204	66.8492344215364
0.0627544416105846	0.41305789630417683	66.82837509313059
0.07322147815020687	2.8291648429910663	66.27066067704965
0.08980464442698402	2.8721245622781635	66.44861929186183
0.10337172790511749	2.7741390355239934	66.62540756657195
0.09550270496460014	0.5323768444367796	66.89462871334253
0.07700752146580046	0.13594799011627634	1.7984672628388347	86.1791424184044	66.67698019500506
0.07617091248993672	1.162345234829075	66.78418980511165
0.05096680042328931	0.12992447660324366	2.08572813834168	91.48106010996754	66.13985467905121
0.07490983313644793	1.5771427684870232	66.37699503892027
0.08619260278178224	0.09491442389563357	0.7275071798660397	87.63792358585836	66.75537445817747
0.059295387924553286	1.5692350164380189	66.48749912423912
0.09917660328745029	2.0697000183286556	66.3095152669869
0.0720038843789895	1.2875837467653162	66.83970246713305
0.07907771859998465	0.9291153596033077	66.8880038589727
0.0799678279765067	1.5838202720402914	66.48692094346933
0.07714971352127603	1.2217759393203906	66.80818057252567
0.0789341825655047	2.168850843904017	66.40430314352196
0.11707548719763393	1.2936461348306239	66.69327405332189
0.05803587309369823	2.9969335809842486	66.53867669737232
0.0863420554833047	0.06255635362952461	0.5149068092274618	103.15388403886584	68.01630349699006
0.056650163224194056	1.3993486075830075	67.19325215281405
0.07144893982274919	1.8975048583818428	66.43778869530307
0.06579975950153412	1.8410795327556926	66.30688214023215
0.17226320936678752	1.5269948657973573	66.14822148055339
0.06692062892729872	0.08596787860856733	1.258190557119441	114.49859839075229	66.81129171213325
0.06360610015505075	1.631576754101447	66.91969524490285
0.07566813272999551	1.1997016202823871	66.7040800747436
0.07321483099354352	1.6161439433409421	66.44026580636269
0.05752619374852208	0.07379182053236145	2.6091878423869	121.92822324935216	66.33476959054859
0.09187387562790518	3.1913462258034104	66.47768706844396
0.04112150554532101	0.052141762489478584	1.012228597727308	130.1573328918647	66.79401855830852
0.08527241352378706	1.2272627396159237	67.0241601706992
0.04283103912706481	0.7857787189089889	66.43609861595831
0.08131351322241366	1.1050188269423538	66.44575304992281
0.08586096151867971	3.2258600926240995	66.4028212546312
0.10666192244520391	1.588041755708599	66.25945821428084
0.07003289309832095	0.8502134239585755	67.57077827811396
0.09462928191796346	0.860195621879882	67.67812865233996
0.04019999656494099	0.6881093560997449	67.29741846386861
0.08537530867474075	1.0642163615261024	66.70820081879009
0.08102847926777668	1.640494571553596	66.09604356168327
0.1063160417915448	1.06409802704847	67.2926333851618
0.10130437563900954	1.5374293480659995	66.92449968830084
0.06165186170565679	1.5006710918510877	67.22991517241725
0.10552294863553185	1.4678649111863193	66.52586986882686
0.08930400852230617	1.200723898129228	66.80482371698247
0.09699135401608264	1.3043917957476323	66.95631892410958
0.18555568971013336	0.07247174490820923	0.596031940908708	147.53127688091308	68.19476368730857
0.08618741217746019	0.8223443055643477	67.34357149516882
0.07091454931875367	3.054749886135919	66.59264365898036
0.07746495241288122	1.7076614062413435	66.60070381196374
0.06348828273923933	1.745278662738759	66.8691383091353
0.09231901095199449	1.7099697289061093	66.49437882931555
0.06787734660877584	4.581435765057858	66.10597410364336
0.0774197476320317	0.5300176341519715	66.66819414258444
0.09399959097745053	0.11028060977981437	0.7602622141250576	88.39178635797558	66.59003518689815
0.08833304714310089	0.7541513167625824	67.38045328638074
0.07754486452410753	1.1386669710356747	66.81068864399937
0.08774362784333367	0.7166499861967249	67.2800255540165
0.0997301149036918	0.7621617569277452	67.44563313969726
0.054220316809795936	1.7604354986824433	66.81670066453398
0.05286601322647542	1.5635760792868565	66.84749625582033
0.07216595397383972	2.5058613510538263	66.51759978018549
0.04988320331497085	2.5617960077102513	66.61181980165007
0.06442520037982517	2.0483697959497276	66.15631719401378
0.08015370994337602	3.7259908577459737	66.16658149754358
0.10109727844803405	1.3586376439166514	66.4964333212037
0.0805447981575198	0.7105686538798619	68.12173813024236
0.0672241666587273	1.030652022000709	67.39108937045958
0.0702266261316669	0.8282375057084282	66.89870432860053
0.00571690920592208	0.12111730243069167	0.9397888718749526	134.75504926609744	66.69640563248134
0.09485818081484768	1.6578988848730722	66.38974346803285
0.06544227307590345	2.675113370006823	66.4730456734733
0.0543838926926007	1.3627202961375298	66.56889951344733
0.06160388168623554	1.4431256190279416	66.44466392312609
0.06330301518022009	2.1605342763619957	66.26694076435447
0.05136163283100741	0.8691083197371288	66.8610655543914
0.06521688822754489	2.137455948916006	66.38735883703553
0.07371044423367006	1.0936179392439993	66.21275686308338
0.10356391524432443
0.031308564382028246	0.21494537965069413	79.3526650835857
0.04859830536269104	0.4728889063594443	67.33632579636114
0.07843891539608484	1.1704277694727376	67.03312646109521
0.10342984355662377	0.6853863845286505	66.73110410541413
0.08684707504376978	3.0575365785987634	66.36851142434314
0.10324586517673978	2.375204567518737	66.31424070776639
0.06707410152004603	1.3359528642860201	66.4950956753302
0.06952074166889788	1.2569672088252157	66.83038582705407
0.09348954565160074	1.8095805005287515	66.24732821401801
0.08249269231148852	0.3865170547507879	66.98537468120885
0.10903539391335734	0.530948269828546	66.94192705777077
0.07227060774255761	1.1580054102370567	66.64839653756579
0.050923973707752514	0.8479428443324046	66.41249129546478
0.08730011305671181	0.9532952308703289	66.69079930956046
0.07283595265846114	0.5676490541403383	66.4698344683865
0.1317228607314712	0.08121562385201091	131.34980176332144
0.02041544225349592	0.09713380451514132	142.9012264337204
0.07924500764461762
0.12054551269424373
0.07334439916072194
0.09999466948899621	0.8146424804842529	66.12406171437844
0.07558799405733058	0.7019101755748234	66.9204351504144
0.09067153534031416	0.7257033637482886	66.25712861372753
0.0726395178418257
0.11941118475043527
0.10768119389405877
0.09406843440741922
0.0577476587682571	0.19846400660538274	84.70984130647749
0.06661652952681944
0.12664688875311486
0.05612698848468028	0.8738101778669193	67.50017020839768
0.044114419355541924	1.461196870734245	66.56524515139849
0.07020196532701187	3.5693271243769766	66.27317317747611
0.11382525599079504	0.4765255827290813	66.69197479714894
0.09351084746884797	1.417299378064899	66.30670925058197
0.07349550761968696	3.5628021893451884	66.15121213377732
0.09418542208722032	3.37404633433236	66.10403965254426
0.044188908233780994	0.8861745914578715	67.66106909444964
0.08460819015762785	0.9382505855167598	66.50276885736808
0.13695193174438466	1.3147425240439987	66.80034201111403
0.06157822646343984	1.3834179777275473	66.68016036580347
0.06388201606876477	0.9146062318855175	66.21364685833258
0.07323515613272485	0.7200471200755734	66.49010513739556
0.05743073932974536	1.3343187946372916	66.63204294296763
0.07111162344869441	2.8713413104673386	66.58833475791896
0.09728045157393639	2.0251149247878337	66.83501001561285
0.05939136238921326	2.5795347507210917	66.40348418228706
0.059865353325011895	4.033508579492997	66.31213178076696
0.09338599208490651	2.0376345195923893	66.06859259480231
0.09717747601096519	2.7023890429446347	66.47963305913171
0.05766228316629771	1.7913085491160627	66.59042177569506
0.08352343740594292	1.2928244757892775	67.0007460753806
0.07802535663998535	0.6489675860747612	66.7332630032593
0.08554391552852017	0.3593394338194335	69.60594251649285
0.06964501809940128	0.7094213586412051	66.83279043427729
0.11086792420358357
0.11646021536973701
0.06258466337874147	0.6891302076893523	66.85854440413038
0.11889663656572795	1.2619309210471477	66.66443194605017
0.0580888932990851	3.6550880422852603	66.15746094695918
0.05120371420165371	1.0501528795990076	67.08575832085616
0.0413934028352741	0.4109613594725381	66.39664668498358
0.15775841273776847	0.5374771369655587	66.82616580260802
0.08698124997443701	1.597220512938339	66.3838581613308
0.07060991971693904	7.718635659378658	66.32621958141567
0.06576755935057915	2.647138099296734	66.17737113050356
0.07519589253295282	1.1368972524499814	66.77436265274903
0.13292796361225184	0.09428052168395512	0.3704932414614125	135.03769416141125	67.54262353593857
0.04493755211899763	1.4174564002550416	66.30739247591086
0.049150625201656896	1.0897205581311162	67.06448407670113
0.05444003521968051	3.4896384133033154	66.43604179878719
0.06041674703516533	2.181735448606902	66.39635054341473
0.08512356917658691	0.49748784455486306	67.25700296848115
0.07762427210403926	0.6843528881902377	66.72184572224911
0.07674121189794575	1.803530738480271	66.90829652213117
0.08308636458397056	1.8225148362542969	66.42731340266867
0.045741090545795414	4.599451419128846	66.27147175351926
0.06014336787268947	2.1011582804269557	66.2818087867668
0.09130286089194133	1.4861974952833272	66.40862153072544
0.05565676505750843	3.2425261354405737	66.20222239143999
0.06729249076157169	2.120436428556082	66.16757968680126
0.09551865091947269	1.3465374026643169	66.39497080693617
0.08503743236258123	3.304539910399295	66.16978693101426
0.07556410436903035	2.808562407626679	66.11089680738762
0.0704399681073424	1.5494026185786842	66.7356724506434
0.08643850585782026	1.4023689222544165	66.5611219821473
0.07313501203876942	0.5625644547124553	66.5807057187564
0.04552076022983174	1.1704592882832223	67.19918188472238
0.05308062228097253	2.702922691496786	66.23868984574865
0.04953083405033412	1.6904035141594733	66.67815782062837
0.060585741647312244	2.229546276959476	66.45263206029287
0.05527900106707626	0.23276139967575615	68.9771192907159
0.0538432321373109	0.7347469759939984	66.62694816711164
0.06248451363595428	1.200260420405897	66.16998585379639
0.07269773907305073	1.31688238575603	66.34320988271841
0.057719772119819185	1.0466306477350182	66.77508702580224
0.07282909020065421	1.4405042595656907	66.12733319500138
0.057001090493158414	1.3261121595368974	66.4122157590488
0.6724042515213902	0.10510993859361895	2.038310519692164	152.99293892348842	66.18232524505359
0.09593412646821187	1.9443611629598716	66.59566548225823
0.09498104147761527	1.1104293303353705	67.6849149785791
0.06449722680163057	0.09472149068917883	1.4078743236801778	103.09012767629531	66.52221938294507
0.0342648889436176	1.2944069787182224	66.85340626400115
0.07013057818342325	4.790968214215575	66.37361741537883
0.07107022967835223	1.3033946990086553	66.37629506075955
0.08499960723034905	0.9421406716239219	67.23237838374745
0.07069595439400284	0.7644220523331053	66.48511361166126
0.0537797722330726	0.0808398476700172	1.3220480902393903	141.4304936770005	66.58349735676887
0.08306814951550634	1.0743514030806265	66.55547370751243
0.05882138649688426	0.8029752822052664	67.1603437251318
0.05849436325715936	1.6455549646689025	66.52175414089585
0.07713902442121615	2.657805660677281	66.45816411574027
0.0523866760513288	0.9593479516547807	66.46717607225517
0.09286293109282984	0.175227685397167	2.117498086297195	70.13707971149798	66.66576010432489
0.06748819449828118	1.6491940025094953	66.06339352192717
0.08099977942810797	1.469428374470745	66.50680516473906
0.08316389947654798	2.091912921211197	66.23340815067017
0.12213385768412381	2.2344897901219625	66.10945454066423
0.057589250794402504	1.5167974708809997	66.72342859920985
0.04055737475414695	1.5043874218599236	66.8639508344755
0.05758042937149897	1.4541008825223067	66.65190173058191
0.019472978394775176	0.05941311885438394	1.8446424719588634	138.5015248902486	66.09292377884925
0.07373998831246949	1.7249556636012635	66.17674464340091
0.048427344252285315	2.175375218964387	66.44689041400197
0.07214573965860706	1.0301176032151105	66.71746609719656
0.12293323362901437	0.7024892656491739	66.87962257723619
0.06411176458011944	0.832985499792059	66.73780304909386
0.09053167260283157	1.1536033711170173	67.00409004434184
0.049144820377052985	2.3553563393654677	66.19369489348348
0.10329861810224199	1.6108785264011847	66.17447796542089
0.08005676999425478	0.6485630849958249	66.69125163520583
0.05560820688077457	1.8905914173371006	66.401562560261
0.08710402800083165	2.556199704684621	66.93942802179032
0.04910137103153592	0.07333587298879664	2.8576470957810565	147.3972156650974	66.264620951607
0.09772935585856542	1.605075327193602	66.43464694274712
0.07294556456890028	0.3107998587051231	66.34614464920405
0.07736437070201643	0.2212497287562074	66.41908646768933
0.08223382649833942
0.10988905970581445
0.11289191822861779
0.31380054992980866	0.0657077141235462	1.2148845216749713	150.81080578086414	66.40192960995138
0.12002825227035947	2.108079257759423	66.53930843569447
0.05839258287652555	1.414990395143821	66.31699581968473
0.045671957732209285	0.10145023766751884	1.2522130626299053	89.6881135565992	66.5858536910022
0.08072700086104813	2.3503555535657967	66.28062951925423
0.06670975023715263	1.263739796718385	66.78310184065293
0.09397661455972345	0.6207013963643272	66.22415322966442
0.044246761832034895	2.7677153471295903	66.08693716727139
0.053294784807989444	1.4837294802036847	66.84343142618329
0.10952383708820708	1.4077950614456542	66.60930203848781
0.06929307546051333	2.8078971651351328	66.39262447710477
0.12445786792844807	2.378609931911465	66.35173808349626
0.07329197903559823	1.9900873424721108	66.972711967316
0.14237485014049264	2.414351617099375	66.39134665053673
0.07658991447632357	0.9896736300137454	67.27436863584727
0.10781972903566105	0.6194492747310875	66.19826116409499
0.06552338844590581	1.2667607427856997	66.56183227551999
0.08628739130723723	0.9601840527799822	66.2970053105471
0.12196313964427985	0.8306857370554622	66.3410934269883
0.0977141871032821	0.627359209104597	66.65451412275188
0.07444066412563005	1.3933428766554423	66.49855224164213
0.060936696324971396	0.954866114323543	66.63124544738952
0.07302106494887267	0.6147051471998957	67.12591304226852
0.04632384652861836	0.9562379733479116	67.50520029039609
0.06797324315785393	2.4314623994928186	66.50358183888068
0.047853406261822204	1.1298670466640792	67.01081969554413
0.07866105781699465	1.2991985061870563	66.75622044788565
0.057326242211603616	4.087939527803678	66.23953417904164
0.07971002647178213	1.022786587904467	66.21475260023718
0.048785735638964274	0.4315983018388643	67.19434363247481
0.0915629732019886	1.2448132816731192	66.15972566921887
0.09159200091708333	3.147844173108753	66.23018774286197
0.0524228960688294	2.9214951219554592	66.64576422669836
0.042550302413759546	3.465181550853136	66.39814399393836
0.09751631156437521	1.03171938956647	66.4709259956652
0.0566554852414012	1.3212423745471857	66.50138996455361
0.06666519107401708	1.3431016666476727	66.24875853968479
0.06285383618061287	1.9326971948259442	66.32355723804855
0.04055009512562128	2.123858713239682	66.42725930241254
0.07831171413500111	2.962461254868176	66.50348737144911
0.08556617343142776	0.5137494134712018	66.34176478087171
0.04848461758547423	0.8846059496939152	66.38684320852907
0.08746281188797457	2.4012752605823247	66.75310568369189
0.04763344789921642	0.9930926640833776	66.42679008813616
0.05483610166839343	0.7236050306517235	67.14780757843616
0.0632118954525335	0.6750017207941773	66.71588889963056
0.0731749915593952	0.8756441431614881	67.01234451117232
0.08561823574555974	1.1140328291004018	67.05857030622339
0.07340766689296642	1.8846169304623972	66.7535399226619
0.08215263324945618	3.6438535377463994	66.37665641899216
0.09803829844602661	1.0266650360733136	66.5917232812145
0.11621957029716491	1.0381882910990625	66.57458528916689
0.08155696853245324	0.54111200144719	66.8184817085791
0.08691583146985356	1.9650479515532382	66.71528850377065
0.06334513168436302	1.333309853984154	66.7316351765363
0.06896737683646376	1.4088212692068147	66.77075337841903
0.06582194218894495	0.8695591986968524	66.75311351632527
0.08769468466825169	0.7526435817065117	66.5074886035579
0.05456978316213485	2.192971676426583	66.44588059943744
0.06917866107412986	1.1305401452168857	66.33580336795404
0.10574776760803276	0.5598439626570935	66.83415521554011
0.05965258149042626	2.250104459965162	66.2410147626411
0.09506991195387632	5.175177657625152	66.16732039673893
0.13815222806822453	2.653180958225118	66.311422607173
0.07195437781575073	0.8179087403088445	66.9158802316356
0.09770128919721492	1.0529261518122894	66.33527791057283
0.069329727799586	2.506650786621756	66.52383416550488
0.0690995576687119	1.1113296979949248	66.42615816391752
0.09753493806204817	1.178791770763059	66.54754768590485
0.05472881106915729	0.8999353916382665	66.68326628471347
0.08596047628193143	0.6174010932066737	66.9317139515285
0.536983571268515	0.06755977454753259	0.9953727471521855	150.52370659847807	67.22948675369652
0.0750056352399051	2.2713811432514355	66.28979928443177
0.09447685641258714	1.174905741869662	66.60397507405644
0.035027954881925165	0.7402371182179115	66.59472927273482
0.07968669934426274	1.0459288260039332	66.55736719902784
0.05477680435602598	1.1756724273827364	66.89565222037803
0.09141636412728396	1.5838595526956039	66.57245946750562
0.07481941285477299	0.9709924349953389	66.96244607453528
0.1300439660842	1.8092981934586343	66.82681980461935
0.06849542046800018	2.2882647323977894	66.41344271232035
0.13600754473502633	1.0004495292187852	66.90869126880331
0.08341468793900549	1.4826471931823024	66.79259203407408
0.07089389387283954	2.8075477742278467	66.46119057883134
0.07928571584918946	2.8672269453771064	66.42583947724351
0.10072892312967824	1.1320448467824107	67.08135646900162
0.09712279381037787
0.11020220300328859
0.12913714447248362
0.08541470752597767
0.10852823695520014
0.1023509333436183
0.069850314451341	0.07397420002886272	0.13966797147498275	80.8264601428697	68.51241390735635
0.08474524386349756
0.08505560409752941	0.28293776414951266	67.09612564487566
0.2589990692073334	0.08447463741513536	2.85561863737558	124.72797730383172	66.25087918207196
0.08571022381615213	2.0410794805929715	66.22908143048161
0.09785015893408551	3.523824554014195	66.48735309201
0.07586806616537192	1.0505970835634886	66.77840178908797
0.08046138983201152	2.546442747710343	66.22342727181245
0.08379621738244039	1.9321929529751234	66.5475944465353
0.06554373425281566	3.496173772640842	66.37806740725411
0.07147335634519318	0.5675619947654875	66.07513080482622
0.09858650754721345	0.6178948609919819	66.73473470486337
0.05918409570603124	0.10211192968779459	1.8780556453932913	83.84357006746653	66.24849960588035
0.09227039871159672	1.2466292912264427	66.59248311753042
0.06379703113744496	0.9990447135937236	66.35593155768716
0.10080496934047097	1.100530193279715	66.80658049424679
0.08647870018162129	0.20722400789082546	0.1428514999421839	1.3176065830253034	139.5897437160719	136.12365783064635	66.73207781133551
0.025385333021862154	0.08866904391243978	0.763422393178754	144.0575673460663	66.49966231004527
0.0857083022611413	0.9969022801827913	66.98049847637887
0.08775089494772334	2.4237554685364486	66.48295585949377
0.06150292375961423	3.3374770380198724	66.21089507069928
0.07543344468162139	3.772198239846015	66.15503805639996
0.09386726459560964	3.321728164254832	66.78479102272165
0.10454556319376976	1.1925469457086575	66.7757239835134
0.07431742195402005	1.5947109529355548	66.37731911067294
0.08359454082114506	0.9423034556043879	66.81251312852115
0.07039586556738574	5.660165761729335	66.30816971973007
0.08485555987818398	3.125731548354156	66.79101548688249
0.07309095981648228	4.655668479003558	66.5289858595149
0.07121080527742865	2.223995007124941	66.32533180416581
0.0561834634871695	5.844192395469528	66.21300525204526
0.061743056776010406	2.475258445703255	66.85068127960355
0.05621560087719809	1.0257471043059296	66.83729965775949
0.09415969456717864	2.848111270922155	66.7388726414816
0.035983779046028494	2.0054525277126958	66.50170552461095
0.055762429633099235	2.1194020323481486	66.42646965048222
0.05552257177164654	1.6231578214331708	66.80856015029747
0.0509834668485469	0.6730945820537213	67.19990098793943
0.07680781231167251	0.5589823814349149	67.56150139915651
0.0996106959825043	1.8368387312943784	66.06838863807079
0.03934564540331502	2.105695448399529	66.13419036973586
0.06531821203393866	3.791426531989613	66.08783653764583
0.09699263775594975	1.1283521154186518	66.28077326264896
0.07129730916187338	3.7206483218323205	66.29370591484852
0.05569291669065077	1.8069300192380056	66.78280800542743
0.08893265856958837	0.8369284284790467	67.23756463876867
0.0601987164017713	0.03654872867651775	0.9448924693165281	90.86450615053784	66.55071468771216
0.07201398919041191	0.5839864401195033	66.58870608462877
0.05413376916809334	1.3461745148908468	66.56836792652547
0.037525700127711316	1.3800402970693315	66.45910519609527
0.09956361008009136	3.0266956871438504	66.38516735693494
0.06769683333433052	4.565404353702225	66.1113766676207
0.04419547684422565	3.1028303491197926	66.2128668422
0.09899017590039712	5.460776206201619	66.34020628243394
0.06425128214403895	2.3702128591603255	66.10172610801857
0.08706626718003076	3.849419360106538	66.28989313068567
0.06815976262416155	2.888953226902571	66.44672410887365
0.06323227519029537	1.9294610327839186	66.2825757390698
0.09187404676327852	3.010704034161316	66.31665678496049
0.11054630190599869	4.350416664264428	66.30005118111387
0.07890646932823625	1.013641947751615	66.51577397560274
0.08948975835320623	0.3720237448304994	67.12131635239034
0.0540260962139907	1.0497091961671263	67.2834652160727
0.05370490543851924	0.9546009877818007	66.82424319125346
0.07337034592467087	1.6974304387977743	66.22613832133379
0.08386907046338501	1.910565700372661	66.13033264191589
0.10161033049946615	0.4690648761605569	66.72150967121435
0.07097997436759478	2.6889952711511573	66.67175580725527
0.07759853384197274	1.103107526164221	67.13594864010172
0.09388500598651758	2.7219226026142893	66.60016093493394
0.09801107510751626	4.2672316051049854	66.10417559740003
0.06553383018660744	0.4054031231518398	66.99565594284407
0.06900091637332885	0.6066978765816052	66.78846409569418
0.07604252430458823	1.7064764354765323	66.50321443463471
0.07460567168839591	0.5614385186269516	66.80623310147105
0.07866708266617113	0.2835500503100285	66.7030243065736
0.06809031785322617	1.0885842701128254	66.94302071699104
0.07894273788030103	2.468634534182858	66.23678992960265
0.07328634661811294	3.4182662244470596	66.39242824271433
0.04151545020450044	1.8034557132311906	66.43199337118506
0.07831440798512047	2.3581467968205674	66.22373828234875
0.09004382738197662	0.7603819869222483	66.29076953543607
0.07795854712765657	0.07851767023404514	0.8173864854512529	124.72910663519723	66.76536146973633
0.10413042121690655	3.520302972253786	66.25820681921185
0.09186398809893699	2.193037778381178	66.14734513789097
0.1288891572044285	2.0470693260000483	66.56334664245307
0.06899182746037828	0.8097966106807997	66.8028467859434
0.04114675719339012	0.8290785409483785	66.6568087722487
0.09491201223916534	0.1920605828147734	4.346000520777539	70.39834772234839	66.09240730271951
0.07470985618569342	1.2924296281826775	66.71508623565269
0.07129283749515782	1.8034906668025337	66.77465564516393
0.06987527679906802	2.8444707734545185	66.38063869832432
0.06185622234069214	0.8937870621255327	66.62023085998486
0.06008407985229625	1.226041186747663	66.71349479275932
0.1061373670773878	2.720727191534255	66.29436612788756
0.06346074220839366	1.9274446961173652	66.62692594449473
0.07235371737741107	3.637945041905524	66.32264842843969
0.054759681243027686	2.806537567620698	66.30640821575355
0.09948370538732412	2.3034507471237093	66.22751631164455
0.051226335222988445	3.4031771042964967	66.12564518922875
0.0366087492768492	1.5222055061737367	66.8659811095413
0.07264325951885507	0.4145615627864052	67.39200249351843
0.07932671624741124	1.0954712918419116	66.50772834299653
0.0950953109532732	0.740589659855489	66.74598026389303
0.09649473319726046	3.1654379475620806	66.13869663500233
0.06605842847436326	0.9398254679020474	66.18132329109444
0.09422624772250612	2.666583226703141	66.38082431944524
0.05549684178171358	1.7242635143304985	66.548106877243
0.09053941121686337	1.629098199026174	66.25972228249827
0.05350110091401244	1.3471812128746339	66.68745788476875
0.07891884418764206	1.6823725650222245	66.73589254872967
0.05890516718198228	1.8798710845925732	66.15036706212771
0.059935628016424033	2.7732496768170214	66.24125063283901
0.07710538959903952	2.417262815412317	66.27998153536687
0.08587357247647458	0.9219589449286335	66.78339866908699
0.10590132844256721	2.324481393741833	66.57883868122376
0.057956849115580036	0.9230225081645477	66.80994245176586
0.09641710651358056	1.2867703965242991	66.70220940609585
0.08017999010745094	1.209222389400698	66.91919716182225
0.10331216113719038	0.9717052467021547	66.48562037222862
0.09210122275639665	0.9161516278937295	66.40584532451064
0.06745959284550006	0.47786772011516426	66.6022598721255
0.06232042233820858	0.5922797356856105	68.40822746031556
0.08076310393349552	2.136850485484242	66.10273946266058
0.04998771220271238	1.4090655693573195	66.6400890613142
0.07242424748461344	1.36824142146714	66.75019874387218
0.07202384585320729	2.4322451175046678	66.16712915425153
0.10695827414211692	0.07644054322499495	1.6927688154646932	96.54551491992686	66.23884373063066
0.06425853758396942	2.258159096563542	66.41821849262831
0.059773417722604194	1.3009094779765875	66.31340260248884
0.07301962652250665	0.5903298938019025	66.76917788895568
0.047290257784009	1.516156254143541	66.36816389678653
0.09669552825960734	2.2628453787890175	66.44817752362464
0.058645047861741476	3.0168202480449997	66.32695346652203
0.06255616163811742	2.2199744186157564	66.25397995705494
0.12127153908399739	1.473696874266853	66.66032697151434
0.155654943669349	0.07156290863769152	2.1671406946790093	145.33692975611712	66.12599427691937
0.10458209087048362	0.8745118564557348	66.58500504776454
0.09420194038164069	1.714611879835537	66.47984030687071
0.09691268680001636	0.4549015597489369	67.43450250573956
0.07522949633542127	0.7983006585356277	67.05815308891944
0.07008994304612942	1.3069775288594374	66.63690507602504
0.05260815430168983	0.8569636027110205	66.60697962429913
0.06734262310702968	1.304911325098852	66.11993153741656
0.05556055753905623	1.2328578961488463	66.83417239199868
0.11294757285691018	0.576563078420591	66.76152573685222
0.03932053869738692	1.6236381263919684	66.63470111921234
0.07645218252225286	2.164900150088417	66.25358562076056
0.07349921160774749	3.9938021154838395	66.40122961798816
0.10728669086180712	1.7199265976471847	66.23603514644658
0.11237736125529667	1.5184253058354442	67.01339713353124
0.06527204232238777	3.3189724118972963	66.24377910240992
0.08368428212096017	0.4559839273109817	66.8878870888441
0.05822070675620188	0.6882902276504707	66.74084488650581
0.14168987986713394
0.08973051747288247	1.1233014334191571	66.74934325543678
0.07961168784308384	0.18956770958169544	74.03330504757075
0.03197987714432296	0.9132777928395551	67.57657864013504
0.08159057364835966	1.5846536577750474	66.06424812458062
0.07176863951707911	0.8399591893798893	66.25948755614792
0.12874611580431233	0.7666162152558479	67.50720487515017
0.12764037165702496	0.9609936065062163	66.55800737593326
0.05998114324875737	3.318676982136491	66.42829287087001
0.09786830795740269	2.3500177380622103	66.13982789824992
0.07212867118147277	2.8389534061303405	66.36047841319136
0.07923540884049597	2.8250963099958377	66.31037409447646
0.08381927985227985	2.6137870375232946	66.23251057714242
0.05750157446660695	3.485762314340515	66.40091750209642
0.0642624125827989	2.64475479322027	66.57053892671651
0.0763134458069606	1.9039892096090325	66.56807318492747
0.053721309422388654	0.9043250186407328	66.7246372483969
0.09397141801859606	1.0289765991492017	66.42800300861914
0.10985814833494693	1.9115153597849786	66.0695941802974
0.06925692035480488	1.8221184974860993	66.50480440069079
0.0596187570225194	1.0214273537832266	67.00525796219567
0.06315549967701	1.3553646152012133	66.30504034691774
0.07214804682470292	1.6931094837795901	66.70083066081153
0.11182230664070572	0.048593777112315405	3.1251168323989225	142.21829196658584	67.18112861940168
0.08011386974795133	0.05866580491428156	2.805099478875332	80.65375759288527	66.07987408290936
0.04684607205084359	1.1490761970387677	66.20113061746812
0.04905890959245494	0.9817076241232453	66.72638016291035
0.09442014690185084	1.255911804370607	66.63662102927452
0.05209469293857951	2.0328109308410034	66.11827328712602
0.09094844382559443	2.303226529188893	66.191991410156
0.07898301345706063	2.2979810998851407	66.29358261597783
0.06032109531271433	1.3592607023898602	66.2671299079555
0.06451622324345077	1.354784396321813	66.21782961599887
0.07618290914602747	1.1171261086749422	66.85450515575766
0.05573991531807042	1.119789606119266	67.13780886110871
0.09470915271378082	2.610227064387124	66.45406778580661
0.07922800609517586	0.08886237608313843	1.8439157927522667	126.28345755840965	66.23834440779024
0.05271743013666598	3.4989976298315666	66.27306814261088
0.08918956704614783	1.312254574725339	66.65210668433076
0.0862108411742192	0.479221689140985	67.58637373598225
0.05073280142587129	1.236684983985449	66.52328579029027
0.1505309801027307	0.07151472250558284	1.6422156449507241	149.28564235244966	66.64785864804377
0.05094883811805713	4.257262039689787	66.2295606150699
0.05548730134811232	2.928225359799046	66.70813053430986
0.10957595881064472	1.2135064575079089	66.84654742893234
0.08765971913063916	2.893903987426238	66.08651429868739
0.07682814510538792	7.527839677369801	66.19691538646894
0.07400888315400501	1.9319634925633824	66.36748428182565
0.058337234394457836	2.5423067814855274	66.6427255769737
0.07149818320543458	1.0612343812039622	66.48159224647351
0.0700786272420288	0.9493497446987815	66.67132246872244
0.06571870767823501	0.5549006852016992	68.17981320432632
0.09795473885198058	0.6427373023353774	67.2526267077235
0.11786081024492913	0.9863669595987682	66.27554143051523
0.08388397839822793	1.6155883707987513	66.47844904259868
0.07138286846758565	4.416392485498979	66.28371156209853
0.09825212499795585	2.5587436109933326	66.53772558444767
0.09553406217121165	3.3310857396927838	66.23355916680573
0.09100631085629386	1.7983516215398334	66.32850825292344
0.07600689974836623	1.6871224513466145	67.05676899841062
0.07045735294814605	1.3900145999640532	66.96145389282962
0.12585111809490462	1.3375086689709743	66.88471652480813
0.07115361623901104	0.5909262076340721	66.4575378096209
0.08673689774679194	3.0015760458675995	66.13603531205548
0.11923901699991131	0.3732700371766884	67.38549251636758
0.07492978673161853	0.17344788605277273	1.206483583569961	71.9276694472942	66.22087083373314
0.053851344834147614	3.1234719397152086	66.55452646497389
0.07550400901051832	0.928232906909788	67.03558937632609
0.0412550656117024	1.0394672680201327	66.84284206396028
0.05043636679246793	3.6717417945730912	66.56202894738183
0.051993278121364145	1.1784021527543473	66.3694332341007
0.08714312394808614	1.0823135463487792	66.94494300417082
0.08426366684889261	1.259092066741792	66.56698849314915
0.09087505421468145	1.352566059740607	66.5194189843045
0.0902073171839682	1.7624210248227812	66.24989803979194
0.10162651506234255	1.788257298245768	66.17389786170541
0.11641949939297888	0.07500183535692777	0.7533543107264501	98.25585069873242	66.84786269844946
0.05486421661872448	0.7906159962723723	66.96885484711575
0.05998589359289264	0.8113931706831142	66.8074761812981
0.0532759161879522	1.1680736402825846	66.75075709071147
0.0570193151680654	0.9753130516834425	66.69312245344747
0.06203823841612185	1.3360563212160954	66.55560408849284
0.06588772124946381	4.8250973852903725	66.27043881855896
0.08492816159958107	1.8017852348786345	66.34856107583717
0.04224681684965416	3.0277711692940965	66.22830121033975
0.0794211983122557	2.5266626062784807	66.63177899009511
0.05218154939976934	1.6934222957454428	66.2111276748712
0.0604804449954914	1.8991113137386701	66.67332734818804
0.047313746456398395	1.3895944543035532	66.66351263801
0.09175317931936686	0.7888093302217302	67.1082891611199
0.04430687506470772	3.434097523442692	66.24363216097942
0.06493591088008617	2.6656459971817315	66.29009763295461
0.0733565893538594	5.160239464767566	66.10120928493102
0.0775566559198998	0.7369461444512536	66.43971694159438
0.04652503446018259	0.526200908480244	66.59913473813874
0.07607941125717735	0.7484081013144954	67.04032345900022
0.12917647719567785	0.1004693267448975	2.640243243640429	117.59534878530602	66.51487070418823
0.06948902355094048	2.0625434683544572	66.6134227643967
