0.2927789384065887
0.14264375658468026
0.09639818716023985	0.1775427061895587	98.21646144141955
0.1563715610729504
0.09598657888531553	0.1471272221359562	136.64577145162093
0.07114521670616149	0.17053426519499368	92.39711263871119
0.019653003917880118	0.18736211817533702	92.84365536579446
0.04273831623618482	0.312565595044596	0.1325513154759207	88.08008998424063	81.97212447358561
0.03819167611048269	0.3137335765954623	0.1459257065183968	88.62346622987346	82.58726233859942
0.08680484188195582	0.17877494789438608	92.46835627067004
0.07733791122489385	0.13829684180722066	96.20598068517654
0.025457661531182247	0.15317695766463024	95.24730257502779
0.02137205525284415	0.17375304578921333	97.65104125489258
0.037120128203567686	0.17438497945370365	89.37431980063035
0.038549726577003	0.14354085332765634	87.76785688956848
0.05283598067654279	0.15812955015751487	88.91027248075973
0.04501144546138962	0.19798203905717218	89.21859806721073
0.01807668809616766	0.36095911049589	0.1174853368300976	89.59970114548221	82.62022524307642
0.017088989914344817	0.4789259324793832	0.14303290778554023	86.66952328114769	83.7949664230441
0.013372044562837415	0.1889100675727395	97.70546342097416
0.036743902326210755	0.1586787167876675	96.14494101750388
0.04433318841824006	0.13796373163331402	98.15718073875134
0.07245302599724744	0.1615828748512938	96.85501435696135
0.11412644151815982
0.026241068634082248	0.13511960623546293	106.21297800868528
0.0364477640962996	0.1373104615834633	112.50366583909123
0.03973908458693525	0.14375554479001318	112.0108384196435
0.01751486751594253	0.18406835716169853	117.48654013907134
0.01267383139813908	0.1637342479823061	116.01204122293183
0.04332753491074754	0.08085844720196396	0.13114135715988223	112.62680667002178	88.34890863814084
0.05100635917045693	0.14321712228123212	112.88136939406476
0.051240883932065585	0.13531098128212984	121.97946637842574
0.03394606118225706	0.19952341461463105	91.32061304490759
0.012522482660714557	0.17218320594761205	90.62713049883752
0.030688326878225647	0.17441513763318728	89.54030362976658
0.02381574332714606	0.15790904133386044	91.83887445322637
0.025269175993784452	0.14361489004550418	95.55184262220577
0.022290559594791554	0.14572131069884717	113.29986828760563
0.06561009018307015	0.14578339154669362	114.65218300496434
0.1027437550156862	0.03183072562805372	0.1326197681454164	168.60585588288404	110.08472118370896
0.12568995082334397
0.1491924565001349
0.12342349942955855	0.2127028141840894	70.79190498369569
0.13737006308443428
0.18159003967499354
0.16244267873399149
0.13212564085429937
0.1587464263211626
0.13621497646845754
0.10980847949777595
0.06575811697410276	0.18074676869381381	95.35756906681169
0.034363555339702534	0.15118081029055852	92.81410969614983
0.03511716728450558	0.14811795006684952	89.0809337524248
0.01999345419062653	0.176623324812554	137.5730555241035
0.0125563507669452	0.14215730335244078	140.97981282288734
0.03620991411929018	0.14705205058419543	128.39547809779953
0.14686040482032997
0.05518309968019048	0.16776826000081338	95.3119207743017
0.381050694901645	0.0880079464536439	0.13085149857296535	168.38934603762792	134.78809064022073
0.054519604081331025	0.13762221293945784	91.63204213189576
0.21994941817643973	0.026467934992470125	0.17496052922831137	170.40137590692893	93.7233341063094
0.020927290092240473	0.16159054757810207	93.09102294932362
0.03321490185363337	0.1556936724259664	110.31841172289657
0.08630406842245829	0.12264547095340605	90.4419213453653
0.023154670648304492	0.15258035625372224	90.87019228589531
0.07197598192501092	0.14772399551216697	90.99758923202526
0.06642669228726537	0.13655194648833788	104.36680114735415
0.11980225713307258
0.13435651350704111
0.15207527043797617
0.049440634247865815	0.1311523719220639	133.27177030927672
0.093352433389414	0.16373512631125192	102.17738731194379
0.04077824061181284	0.19212786010097552	101.95565738224033
0.12259790469757248
0.05676003421889183	0.18474623315881009	109.77058739393199
0.051450967530952914	0.180561513080855	90.92797034768516
0.13653652756490145
0.08947135646587687	0.1992265207223685	87.94444117998448
0.29269536367901644	0.017775952376260895	0.15218439169005493	166.50743275954477	110.72786378593753
0.17555745109571275	0.0071556731359617145	0.1424570855823948	167.45056287401067	114.6935106306336
0.27501944669412337	0.0033093293652066	0.14122368712860842	165.53455114888465	115.30894782007182
0.1700222236288775	0.006532019869945972	0.14559613580941014	169.249071546589	116.27322803727951
0.29932215992944927	0.0333807371833446	0.17822272521113436	170.9788905218007	116.42981313595615
0.5635237597464979	0.01168661756996698	0.16813909077119554	168.89405719893838	111.80172962118253
0.6303307938441004	0.03302437588260182	0.15146253768318366	170.71392262635692	113.15198531523104
0.3268244029267741	0.035695521719402115	0.1336470852910391	169.8659910050335	111.22695382050304
0.5188065297620145	0.011708970776962375	0.1397714810103713	170.8186785099605	103.68056315636863
0.5787112935652654	0.009378658031130051	0.019499276004049916	0.17788811706597885	170.9190631402292	110.78107927698079	102.33827163475289
1.397785074332012	0.009559905215248543	0.15656111180210255	170.47491217826624	101.7701769283334
1.1672688158600228	0.010064499434304335	0.17021754308489667	0.3828941613335543	169.5831113592047	99.5937595802743	66.69775333179514
1.2269628570377824	0.013761842509422698	0.1686556252367352	167.56972322496512	101.48121082863568
0.2537011046212669	0.01283553838747873	0.14704990613340568	168.99127084300568	99.3557563381555
0.36221129610718245	0.024640732679573084	0.13884398080929788	170.20426319414162	93.90116889000993
0.6729090358630679	0.03301169285882373	0.16103446020690046	170.6620215458097	90.33648571059267
0.975682191692473	0.020747325543725433	0.15663543268574462	169.94550861575243	91.51697521699188
0.056066491634228506	0.15513303009020651	93.28807463313059
0.07131608632730302	0.18798366011387804	100.80743558239675
0.059211118102579466	0.14409655468635116	101.75283052148025
0.06586934892194522	0.15254078182667732	99.146578726869
0.060895767763997445	0.15503701961748018	87.66822232344265
0.12387431296415766
0.04345598723974417	0.14733844630969825	114.39658921095119
0.12685233173342403
0.10032498261385611	0.17322328116673494	104.87109261007024
0.12998123473790094
0.051156966324796764	0.122896374677187	91.15396055899349
0.032809035116091456	0.13641377728496248	93.80866822855407
0.027200098515200954	0.1660027368929457	93.3297721688835
0.04148281633676251	0.1865024931846778	89.39625460859543
0.03060925473123439	0.13474893661008747	92.82655361965169
0.040053453555803066	0.20568174909687445	94.56165320100017
0.036863153960320846	0.15082232319902134	95.95848814441894
0.09862772318844143
0.0558771779354772	0.16962275298801557	102.00117657335998
0.059086772972780935	0.16229128218923927	98.53906957805687
0.037920969737930105	0.12987000417069866	97.84548245309999
0.13557736907884424
0.03696706391744558	0.14726264447722645	90.6083628373554
0.04976747028140195	0.18576560682794271	88.20664263312734
0.021875001821779698	0.19617526700555196	91.82800845412855
0.014507934086702584	0.15839296247053342	94.67989423657899
0.025890144198523125	0.18470575982909418	92.96314852990808
0.05191551398458258	0.14687094931136976	99.06767683971424
0.04270356035316564	0.1656290460156111	94.08945892108639
0.05812551730072745	0.16591685282286933	94.07078689110332
0.011816445299572884	0.1641688791212418	94.50098316384268
0.008429632211828415	0.1663553633511921	97.88198970345525
0.03544355031182061	0.14714375852869224	0.15984635031984917	99.7845879459965	85.6228745102217
0.06724651040211795	0.17929500827527425	0.21289303332445828	99.30065682793735	75.7006787992037
0.024486078673224772	0.15343197090175553	97.99205792875904
0.017314149747582903	0.12798828761138828	102.1289718903536
0.1349202796002265
0.132005853141562	0.1318704221521426	0.12769674572981404	93.01063670117674	67.41083368723413
0.06295925506657354	0.14900732262058447	90.7089997451822
0.019769072391933012	0.1691384896345304	88.37885654865973
0.0777293156060965	0.17670862710699856	86.26554986135294
0.02673254385490184	0.15489767499626053	98.88036718614013
0.04277012592152618	0.15622383357284045	88.7651195275518
0.027431249939152053	0.16109686455893993	89.44617346993289
0.058406987914769365	0.1288321113521618	92.24435349576277
0.029780131606901985	0.13134609372738046	88.09874108626047
0.03664415660027336	0.1381657910540686	91.34533726150458
0.04231245902525573	0.16248372962515703	88.33972475087117
0.04217165435535743	0.1694768606228391	86.7780778730453
0.055921285232600836	0.170827628609213	102.44197078669188
0.028784898610208345	0.16350262504886534	89.71592485516504
0.038252534036876625	0.16479086850363991	90.04005521832927
0.029139134263949536	0.1705514462435464	88.73358515659666
0.05542477918789122	0.1762145793547241	89.47604526504692
0.028814172788995365	0.17948420453778627	89.69045985473342
0.026220648339662683	0.16372674526401151	90.55365902499902
0.049699405110925535	0.251549087909686	0.14808031089707968	90.15987119337453	81.78089200669498
0.0435940630518428	0.17063270031570246	92.74443309188567
0.027298984915742258	0.16168141850357282	93.54718908518859
0.018939217431378108	0.16750520102480845	93.95026214561483
0.02203143852306363	0.12999383852906626	94.19813486470512
0.029594056050157965	0.18238439480239102	93.72111341771009
0.016348066373401055	0.15318687086846638	90.50998823294422
0.03840340465864648	0.05412108430122392	0.1735956813432215	103.14499661479137	91.05956591438733
0.07203781802242855	0.14991600371289376	90.18820779660629
0.05530108385441926	0.14395233160219417	91.16196956808709
0.030662007470825446	0.1770527300421235	88.98598991407482
0.05101412596084179	0.19749647960860764	94.69256405210434
0.09013295652434855	0.18815090429735262	93.1217291312562
0.10353200088781063	0.20141789686627998	101.26989687212958
0.040084217175419726	0.15001529128240088	91.05541539612464
0.04131915398361278	0.19755817817624702	103.59036247486046
0.04464963088630904	0.1713101453668498	102.2843894133641
0.014258532071147944	0.14019859693948863	101.4120414283347
0.01815555359029861	0.14360963731139048	97.5384904994742
0.043895109559087736	0.3693949141392499	0.14027405079702124	97.52859459663688	96.01531522903963
0.03573908901468766	0.16161447935851678	95.22468921303039
0.05139877423608882	0.1835699164002843	97.0650753656139
0.08390041050128436	0.02517038741975426	0.1410590376065378	121.6162024094299	95.99056841364612
0.053964645005656654	0.16363175521064227	89.57058082528495
0.05194194764309558	0.15844552547558047	88.70933366520497
0.016647541453250893	0.1573711021265634	107.08068635519201
0.048372949376942635	0.14019428133397838	111.59119759447299
0.022684844957451742	0.13029635832094072	121.21095176151672
0.023552892271859024	0.1939243947741418	102.8848764471451
0.015714951375919137	0.14163157223502168	104.31984416610638
0.016386008759971583	0.15110291365144402	102.94707990685184
0.12358778635573288
0.13029072883768042
0.13389033472103742
0.13733916367247037
0.11446450958037648	0.15698588953753967	0.22714270358743774	119.65914078682545	67.62578833216553
0.1612805924352248	0.16440052537476493	88.50546911774373
0.1155290995754558
0.0388063120454434	0.14126763420912963	114.62926646322893
0.0475793679130379	0.1317757370732322	118.91584373773091
0.12012587551645444
0.17246752622275568
0.049442475237860474	0.12761753057477593	123.19706161950427
0.09579105128768789	0.1540159486109628	93.73726818071094
0.04103171922146045	0.16404501090481108	107.71961064857383
0.03173245464925916	0.13358465536470276	110.71530890212925
0.06958931087910705	0.14736077426534383	108.44798051781352
0.061136150811947815	0.16115289336096525	95.25257906249486
0.11983893370943338
0.1506021008224351	0.8177983765538777	66.05442151657604
0.16302860787145637
0.10584855307135133
0.12394329876531414
0.11711652752529035
0.12906959220035752
0.10761874263809362
0.1219791788616741
0.12615847985804904
0.05047582292710707	0.1356522782262295	96.32104965192374
0.04282823311143111	0.1496493924241429	92.33095852312938
0.03204236879749219	0.14843993272995615	113.51301619961586
0.055304022092187696	0.1620583492802232	108.135116209081
0.04355406191548713	0.1567303854789215	93.42924555292637
0.024157058923960827	0.1648968025627665	90.93938723561186
0.0890203779137483	0.15839646350779335	92.64969143614553
0.08750251689961099	0.15431938797634423	149.4994182808639
0.15924676006497646
0.04590872828353961	0.17057519635403362	92.23458125255634
0.03258179934537836	0.16090072820081608	92.37655793671297
0.024683260175030582	0.13897731417561807	100.7979760207257
0.01579802045637906	0.17791716468381966	92.61525327620339
0.07359081919274439	0.1786077855800889	91.00207175431713
0.16787233060561882
0.1371415000026167
0.15249305833179394
0.14972138168362956
0.07850462949129669	0.18346040900049929	144.47537804477565
0.05002477926353829	0.1507653165261915	110.25561027597725
0.01646760945700784	0.15472464462661584	106.66503909203578
0.048637795258905096	0.18588658329999871	113.63309443146466
0.02742579460341557	0.1570823817812275	104.38366054826054
0.1250214355462018	0.02540928626673774	0.1745059295426745	160.65949180383294	115.7384275858327
0.019943945711712263	0.17872650163971096	99.42845888188997
0.043247928435214	0.15716781364160587	95.70363138694023
0.03627320504813623	0.1509122529686429	94.81362852534916
0.05996902472836616	0.18535326723569623	97.28122925889204
0.08221084926012853	0.1301862499112458	132.82673973842685
0.14553192057045183
0.04667581882629196	0.1403834315626	112.31745080440024
0.0334377555998783	0.1718988100370244	111.55509397388721
0.04809723804937529	0.5173054774799558	0.16430736988079916	101.35164514584079	98.1504590629939
0.03705615634709298	0.15578643864226813	99.57172063538441
0.01976793935302569	0.15948640877343806	104.41934638715432
0.03217661716869656	0.16437652677233172	101.90553516621907
0.021611081748918647	0.18409836494891324	101.65009654038057
0.04581806367671571	0.16852010732723366	100.58849108159013
0.016213489397416996	0.13774602402530392	99.85683231954712
0.034178455155501795	0.884049896566242	0.13970810585165475	101.76042825687011	99.6170859530248
0.04665751930247918	0.17477552271466523	105.54154536813677
0.010329905777958443	0.16364032784345428	107.4386497198644
0.006145950294907461	0.2169833292599774	101.90978586632237
0.013471702085708857	0.15052048767311674	98.73967073045776
0.016626523651307915	0.18774463447850043	91.91076334121624
0.03773719790451569	0.16960768493868075	94.78005739544189
0.04137276710821431	0.14775424368210296	97.11146092891663
0.08922254643098519	0.1342379507509623	92.93625644102309
0.14258133293618602
0.13013000895815882
0.03391681773019799	0.22353592120880802	102.39453697627931
0.07648111518699502	0.19300256988573028	0.23575259831695608	104.08246339146851	68.0692702680205
0.03780279431479159	0.17715568060548284	101.93886167532517
0.046618807693781635	0.14184537782682552	94.57604039501176
0.030295344573391735	0.16954686104297934	95.34175702867061
0.04090525006718948	0.17901644768259087	92.8043822105495
0.022483917752783376	0.172532699447811	106.60754511800597
0.027034049864098526	0.17032227417813534	105.93211210472494
0.019855939086109137	0.17873466531593013	106.92408055803337
0.022382863574358366	0.17229371810771948	110.53825274709536
0.023264595034699905	0.1813019759358149	106.84606657535493
0.018104300639188765	0.16686363153494768	107.9159427276883
0.015410913333642423	0.15831251661762127	104.0541259677453
0.023326215484331093	0.1492297814913505	99.51829429917662
0.03227197926502373	0.27592839411983994	0.12053945253855046	99.13376829322769	80.30983473814157
0.06227338841624173	0.17301373700629546	99.02297283218336
0.029830557903347536	0.17493383257753717	98.58106185843461
0.1550901775915002	0.034147467555173276	0.21022071825038852	159.8650789068739	91.59088758728952
0.0675907315761444	0.19031118102612432	97.05885038728907
0.0913984583632085	0.23621515323101	93.8095784669065
0.022883107390224776	0.15427423363330914	94.66930323103284
0.060541044590680076	0.19617406626630074	94.50798829514275
0.036406056384642914	0.15841933021944604	100.08941523776465
0.03938504956769096	0.19397549457910848	95.51269088923615
0.02905569022102658	0.18103439502582538	98.89910143477745
0.015431426067943075	0.15027264412340585	100.29378965453374
0.014028914023726016	0.19924376812487832	0.11127351843750363	0.2092647377425879	104.17363930029087	81.34663733636721	72.53953396342622
0.024123699987967113	0.18981032672512074	97.33822688366014
0.05655246278847293	0.18284667055168358	95.6705635721644
0.02610207134310347	0.22340763005820516	0.13143629070362486	91.95469246916038	78.04623423364758
0.03287923271816354	0.14486255566398112	0.2503568766058552	90.97025744221023	69.22733280158661
0.0368267023534342	0.1490873985440779	93.25614092137377
0.05419054646302637	0.1828148252279561	98.21775194171236
0.014953304355994112	0.1962786624890137	97.88762966446303
0.03988957457446231	0.1424529846514615	100.3845713836699
0.03087821350206914	0.15378247715736917	98.13737394946556
0.023581310659422414	0.16361109155837228	96.51213997045025
0.016512285541606612	0.14463867499677852	95.015456278988
0.042755294863502616	0.16451445295689998	96.53494560769323
0.01780837859802419	0.06341495022645902	0.1398313388826418	100.52588704137428	97.50031621844256
0.026970270845415756	0.14235067444717073	99.63756212706339
0.11759302024961414
0.14385784621661932
0.07519912528031024	0.16146204912808604	130.43658365398673
0.18246211022764539	0.027340922620770685	0.15915901865098173	169.8268169978541	108.13430543707962
0.08388677765747335	0.009619910912825347	0.13042344007162854	162.91046318432913	108.21111912048514
0.017903126094170493	0.172873482261603	103.53015477620035
0.033159224881779546	0.15445076480736408	106.4994224187025
0.02241449319598903	0.13764823164625722	110.31881244222382
0.032979739887688354	0.16668410703588188	104.85095977328405
0.0332937967813752	0.13391851855880033	109.89000792546271
0.05199629847988751	0.1614569169537339	109.74957172196888
0.053632230377413465	0.14531884563927963	108.61800303912861
0.11133418668443429	0.09948665264055075	0.2590384971662067	133.9563003568676	72.97499330719519
0.1263745608160894
0.16000948745213306
0.5743753980305105	0.12732013783316243	169.48574812297778
0.051379899396477025	0.1425945884028188	106.52579432324553
0.06718353577537951	0.15582004554267498	94.54399911566983
0.15441264610299058	0.04224612097962046	0.16748456609802653	168.583383639262	94.22002935666536
0.04088865694931799	0.1841003353488689	109.02593215206775
0.04517993081813259	0.3730297345424079	0.171791935346313	109.01333559621364	104.87028420408477
0.1532968465153098
0.11130070490897381
0.13737826269503425
0.16030814644194655
0.1426060286410161	0.13369227387390395	84.73424390805536
0.12549375192086853	0.140928649438765	95.44829828186761
0.13234701709010555
0.07421240709335625	0.14439810250750346	106.44511899511853
0.10132716941156336
0.054328178950488054	0.1382550114154526	103.02026945017805
0.03271381390194311	0.13870896808249145	95.47802412569857
0.050580802418853016	0.10668247221333191	0.24353101389478263	94.2624909258515	72.88969489955898
0.034755592905857446	0.13572579128761483	96.27915617265272
0.07882244283542741	0.1578876373801851	114.3832659135647
0.11947286811384603
0.1450565579042422
0.11020313016189692	0.13253446153298923	139.80767228266052
0.13197415975673885
0.402222897970722	0.10966244728738578	168.44168968342328
0.13528249884279867
0.1421070180637118
0.0933000201471447	0.13194678262742807	89.25812639822809
0.012995147455887028	0.1369892793377043	101.1088220558312
0.024887910699955294	0.16765962295949147	102.77008611338378
0.08523029604238888	0.15376789535565102	103.04846766728318
0.016675765770710414	0.1901060116336814	94.71928817781928
0.02022595984757881	0.1771158230620812	89.89730510699948
0.036955041326118425	0.16201321516224174	92.63045861490714
0.06841440340850306	0.17072037981488575	127.30512144504787
0.1501902034641395
0.008414457200219114	0.14561409338787795	110.90908274937091
0.015712850225915443	0.14944121577467698	107.02665122432259
0.0461188866236299	0.18968712738619922	107.83364915632245
0.017264401464989098	0.15810078401869224	108.49248552889168
0.043468073315119274	0.14630308287540308	113.05588420853225
0.0271511302564293	0.14592793333765555	92.90141506798055
0.07574896043769927	0.12976198473476258	91.9366826159535
0.05435377772182515	0.08625008132763338	0.19650687185949986	113.17878042859893	101.56632535041119
0.013273480209890954	0.12416404408939286	113.49994302581483
0.006824319811319845	0.14037328237646424	111.1386538142123
0.010893932753317946	0.12556168684057079	113.17834150625565
0.030783022654324216	0.15136208958652173	98.28102267215355
0.04744310305700467	0.17339173665731963	97.66334878090875
0.047193057917897116	0.17265605627913752	94.07987419362104
0.11329454702575094
0.054587624700903184	0.17250671133692824	94.14593589302157
0.06682814694997291	0.15234729652710632	105.28165287670421
0.04416608708987688	0.14636944165786786	104.70388558023122
0.03747970264697485	0.16812002456010838	104.31909569073163
0.028081273374176773	0.12428387337564538	110.07291047710544
0.0787751977301398	0.15305581323928127	124.05422761998345
0.06102641010987264	0.15245317568045091	91.76026145521928
0.04732833074632985	0.16262205766781357	102.90812959463234
0.023749466815685176	0.15863102118763767	115.7252005926215
0.004494435986785312	0.1422595100310947	119.11934486172693
0.017069757840406888	0.14369198344799916	116.89811620938083
0.031157925846383185	0.15225582300328858	103.67722410720646
0.026023334349802345	0.12412001144637957	100.28506955509982
0.02776106775573179	0.1528421114081875	99.98238593389864
0.030064267168657594	0.1561233539483656	0.12961129218583303	104.46665217202441	102.16231068860878
0.0632745805999726	0.14672032888491157	121.27032397029738
0.04711417369754525	0.13187889376769094	113.42232001806248
0.05531661465766677	0.1682563404600573	100.92504119983018
0.025109863727972945	0.0801936949351684	0.14075786476716345	103.24748635212568	98.14418631847576
0.050641431320962216	0.14295326047695386	101.39531876038123
0.027368405386626233	0.14907882729421681	103.07775545429968
0.056252374005182126	0.1395959543000933	109.68589810562872
0.10817816654588998
0.04124735553509702	0.16607540362609918	0.610129527902552	106.51230864926059	68.014687418747
0.03654997283716254	0.1463806886328548	106.17815637842666
0.02839546196746392	0.12343542906930902	96.09729103766783
0.03165522816844379	0.14867769109174114	96.30098702904655
0.07220735560787453	0.18296513397738015	97.00355473327367
0.10304331048511046
0.1029460276367743	0.3194125522914449	71.4694533787659
0.03750963825629283	0.14159995264960734	129.03797318526048
0.08654597093174914	0.14939337191285548	110.89337101893018
0.12607693940388848
0.02880216245560041	0.1532600347232121	113.64579196447968
0.036560215482683324	0.18039177529219172	99.87915744780803
0.045518790222242644	0.13861596519961905	95.67175709348493
0.054575658945334865	0.14465104838521284	92.3937717558304
0.05838094949443856	0.16297733785078358	91.18394392154671
0.045146808726841264	0.09561212410590102	0.15229787590939373	115.97946134373565	103.81155100106885
0.035446915326233584	0.1422465164651884	104.52755686072173
0.013472873443880384	0.12026500371941937	105.02205190068214
0.07469020046461798	0.17383487496396743	93.21278025825468
0.05199119335475306	0.14814019577998067	100.1412420676371
0.10743628649657747	0.16488983442386457	104.52686912710791
0.036313876829421395	0.16060530991386998	96.12715448339969
0.032027210511115956	0.16030430595800546	94.5166400430882
0.017601255362486773	0.14432514812178854	96.9899903550233
0.02847445430170156	0.1563080061343658	95.52237063541264
0.06970118802593347	0.1185683679611089	90.20799868499002
0.07565050038916712	0.1493333077869182	97.657906508361
0.028918429280811626	0.14178075523802866	97.33411528718612
0.09735632280057349	0.5034052676755588	66.11083923877136
0.0353877400153384	0.14310795358382838	104.1936543730288
0.029857560554934076	0.15232454141375676	99.57622410201272
0.017384556957247888	0.14270754909751482	104.2587158571941
0.02116379219221158	0.12916665381250272	100.17317945452076
0.023566781406463743	0.16294498200393656	98.7992868666358
0.019444609578227502	0.12816019253401217	98.00239465071866
0.02184992155423364	0.15570535421518153	98.14946600284044
0.06731699084431789	0.1487195915769226	95.78216935001915
0.036581537530842055	0.15310516479681402	0.13667677770096606	115.79471762036219	74.6140089101926
0.030365147293438893	0.14169016358274727	117.89843906288509
0.0674725355822011	0.12483493664170098	98.67831126489033
0.02930288246309455	0.15333072096399378	95.43436550645029
0.010972367235865714	0.15580860254761775	95.05454417763858
0.036267789280799996	0.18181626084354024	97.59854037575126
0.03110494576169725	0.18011137271854105	101.35630517227769
0.025752991637069046	0.15320477725306458	103.46906501300093
0.04394456233968804	0.183367396490994	100.89300467686749
0.032404344577384746	0.15635097708124163	99.48655391136622
0.02466941960243481	0.1671544789009307	99.66404125420546
0.03549214352998763	0.14994876159679515	97.48791994163187
0.05568877036974853	0.16482284301688593	101.48591304820826
0.02862765046151658	0.16197229197595014	104.74472434196791
0.030245910608267472	0.13821906939170497	101.29847956778038
0.021221624095100748	0.10902102292456659	102.08412912237463
0.035988724649484286	0.1101984276152717	103.73880029609123
0.04212697541036869	0.18851018019491927	89.99682119865054
0.01393035156904059	0.1499494728056227	114.16341234627897
0.05180962673524837	0.14905093251085574	104.1243939407609
0.08290062711467334	0.1472816623472105	107.08260487555687
0.021423639453325725	0.15752059105164437	102.52547406008712
0.023210898123510234	0.16062225923890577	99.09942280184136
0.016046522258044794	0.16879097691604095	100.6274468979155
0.026063857302927443	0.14574229243059947	98.38218436313237
0.04536352066876009	0.1708582014600672	92.65815580930227
0.04756924149489825	0.18025579116527296	98.92866031087868
0.02506367181509372	0.1499863959112183	101.62416150952468
0.07073431857542821	0.17367383595111444	105.90629493112809
0.037037626068075875	0.15564414541107666	99.96067923167571
0.018233653510757678	0.1701347447365066	97.44814686472883
0.023126773697493646	0.11925770380651335	99.32286842296622
0.02693918048840644	0.1619711893231706	98.01582873870233
0.00845506664491152	0.13984846857582406	100.43842048712342
0.013133089159503342	0.14377174544094046	100.83416067814952
0.013269083674791642	0.15213362824809074	105.51202944174118
0.008270310994754062	0.12462011162270556	103.19223402647033
0.008824897401198843	0.11193533528324741	101.53533675145238
0.012841451625160202	0.14125384773878197	100.90275435847792
0.008407302410799839	0.09902544046870439	99.48096207449191
0.005475257924681928	0.14168279821498062	97.4872927641893
0.01636513704340409	0.1898925688059969	97.7736543806341
0.04008801442673682	0.13400580990697422	101.34266736651418
0.010464373131470688	0.17628056764378663	103.68609711000806
0.020768482719656454	0.14331491263816337	105.69789124062164
0.03729580734053241	0.16189754466848347	102.68900928109758
0.030373784568241094	0.15046355020701901	102.37227438221367
0.03247595817816135	0.17000390500690388	102.21949487096991
0.0067169451339458425	0.13936736391459528	104.32095029697881
0.006334449299771767	0.192990213499813	0.19883913836497644	109.06140781232035	87.25125140015106
0.014735253037185665	0.14347405500549076	106.79260164912911
0.02336240414310029	0.16208207706386416	109.44483900833305
0.03155290243682602	0.1426164041029909	109.87204906437721
0.007996501502796526	0.16066569687322022	107.55877179848115
0.03613011576418282	0.17379565081784348	109.58889265712736
0.036768718039215914	0.16609929745736104	108.89215551071679
0.04119922360761189	0.16400671932246308	104.06843772055501
0.056318100909365794	0.05097097207920405	0.14834283164763024	141.8282739806013	102.64064950303202
0.029471034935131427	0.16880589693553114	101.02294133056905
0.03702285278647496	0.23442904459618671	0.1475426722435461	100.4130237352618	91.69457867294861
0.017622014261420033	0.17428377105185602	103.83438943110947
0.016553639845127626	0.16901903408913602	102.40232316294794
0.05535436614098042	0.006398847681168029	0.17776455242913483	144.26273393570386	101.10686213913556
0.015509240598023236	0.17406768580175577	102.34258234160684
0.028205099617615026	0.14992142789672883	100.5491352951914
0.03233933018464589	0.1751060132021341	104.67559167931525
0.030877288429347713	0.1730666443970196	103.93448789340961
0.008781320699134365	0.17054521953120855	102.5646604397444
0.02999225352423781	0.13948489968218744	105.43955442446074
0.03341139564518149	0.1749303265085348	99.7747984494155
0.028560322407326335	0.14556071065493617	100.29390274333018
0.023484948248608223	0.14962374191451916	100.91409736977884
0.044343399960523736	0.17410915302450583	104.87794348271099
0.020556133775462178	0.01465748312941801	0.14113417181584834	152.10236836029958	105.00343483593778
0.025512375895623992	0.15843978276846127	104.11238780462915
0.026294052871774685	0.16917665144851887	99.22409100800415
0.11116792842722623
0.025318692538874296	0.17650622157429885	112.21686689046773
0.025764788609681566	0.2069360012877915	0.1325918670658783	111.77229035598141	81.95890611967539
0.04852799337852731	0.18053164716079878	88.34720130886787
0.03506679885121826	0.1590245520198431	103.63410376401714
0.04193529875333514	0.183969404944446	91.73049084142404
0.048071630690432986	0.18499111465736995	92.76148850637357
0.034058485985144604	0.16466219558603037	90.82564732858553
0.17266694520537337	0.013004251886968948	0.14255972553315233	149.35811218058655	96.75761951886986
0.0342722610430913	0.1766135035690416	0.12238565601400218	99.96204675109793	79.94787211858855
0.05417831845570312	0.19142803366555083	93.91058408736818
0.05127266560156765	0.002003739132590179	0.15723403029336808	155.29873088545017	90.48619360178914
0.04638610224558477	0.0013502215843524095	0.1865330176918001	152.175846252976	90.13192991033914
0.1651538979840251	0.0009501196932320656	0.1961895138129793	157.3312956653592	89.7521043610011
0.16540092396904302	0.000892629051200876	0.18461299554198332	156.79992722071617	92.84835905682891
0.07513387686210718	0.0004715997390698951	0.16901339743636792	154.46287858451794	91.54717027102615
0.05568104729150593	0.0018117352116846868	0.15739074381886675	146.7070765746648	96.11886482757592
0.06425520712180344	0.0019514853116554122	0.088955305123767	0.17991271077082097	150.66042555212718	98.12395427105577	92.52620149947705
0.02147225506395431	0.15201461498599006	102.10209744073445
0.008458950531343263	0.23062687180071126	0.15193228802269337	0.2085697757592758	112.05356260882839	79.94626413614156	71.49145368700302
0.008312317962910773	0.13584675080305306	109.99060579799617
0.007598829545975501	0.1696000638104789	107.09682734904128
0.02153928552483391	0.16543022059857984	101.72168472991207
0.0350593804686086	0.19727855101545277	103.49534204645083
0.0120512626382714	0.1777553959423065	107.88174088021314
0.04057391283500136	0.2534644269097197	101.0895044439828
0.0404321366692821	0.16698696742335503	97.47386432007588
0.010454562872874133	0.20189921316841702	99.20202270971389
0.008531616095408265	0.16696775087927623	96.76117875753067
0.019923543595972273	0.18581738067707573	1.9043842192471314	95.58786206112272	66.10127382515843
0.03343773737992452	0.13224607374654201	95.96556851576429
0.052914257291620574	0.199721564878649	101.34238470758267
0.013000801423963076	0.14553508594824474	100.3858282288394
0.0222764100593191	0.20820514171893842	110.30488791577906
0.008704657185718716	0.14817742447576004	100.94652746952927
0.01673584847699339	0.14171089696996544	98.91830204629991
0.023971468308964867	0.14616933133751728	98.34239073192819
0.01680622393135775	0.20212738210637302	101.7185201929106
0.02307889795639868	0.15623818020060454	100.64185778339234
0.01845268374127832	0.14788613366582343	106.23484912367188
0.04184775432445836	0.16116055470047183	105.29720241199595
0.015910098629506673	0.1528999632098605	111.33782849018445
0.011113939917125261	0.16155964285806715	109.26952612973624
0.035496292783243066	0.16291953380115007	108.20157701301915
0.03606471528509713	0.14890004210242555	108.68600413481455
0.022115419318283838	0.2119455831672174	106.8879347658103
0.044477905955737425	0.16726449492928536	92.94196288999488
0.054785457543714194	0.13503351581621933	119.64572778735058
0.028661880828825245	0.16533488415303024	101.6529574771578
0.020369787817671455	0.17287715716088065	101.46608732757096
0.013026508939134852	0.14164778460049277	104.43708923754338
0.01723906297168896	0.15738269995422222	108.07672973516313
0.12122754831344656	0.0352168016368083	0.1746651863543603	165.58335324100176	109.16305624188608
0.018472112337251448	0.13213985518844104	101.32660465781264
0.015787297303848744	0.183403229091783	103.06467725293489
0.009959547393584905	0.1995265828091407	96.6582179607761
0.05194990699897839	0.17937060203650032	98.44775882586458
0.0471836718320008	0.181081313258207	91.94919108685137
0.03237867335402107	0.18476493916396872	94.70387061531513
0.0447832598607582	0.1726601761199148	89.67404976606498
0.04344698586876895	0.1610083492059254	91.73764997834212
0.017152560668159428	0.2207667390510856	0.16256383963357895	95.94922841146385	84.21673603420315
0.017884084704695383	0.16224690872665892	95.00110345142812
0.03099267949770615	0.14329440586531336	89.49390692592837
0.014685491874275248	0.14460864060883286	92.5207685646348
0.02146847772659308	0.1876775028275939	91.28781275617676
0.024948286575428396	0.19774559204515488	92.7178605967855
0.026004828399647004	0.17846550605364858	91.3661880703286
0.03133662952066837	0.1611059838006148	94.99318757492301
0.01607030438224011	0.18658180503498736	92.44995648570611
0.01910638933395735	0.1605441306434094	95.24972642595193
0.010448469266275693	0.1689761300065837	0.14856363830142866	95.2791512841862	69.75509388681859
0.02752988863904418	0.19087417103789525	100.53429930771394
0.037600375614514535	0.19534119475877645	102.66714449834659
0.012516080622319905	0.16429574518589812	99.62391169044776
0.0230977521879334	0.19047813456273135	97.84895975194279
0.04112727738287673	0.14595184940128306	94.34287089123019
0.01890566986094488	0.17553384594045332	95.2446803576152
0.030434278486139252	0.17512756144498923	94.07832335905697
0.012948586277248915	0.1465131835371918	119.57170741956962
0.020629169779532844	0.15856170597602626	94.07641243409851
0.02844449610843321	0.18168449651092644	93.14026097977101
0.03874026807712989	0.1691311200776709	95.72054291875457
0.022190419706881504	0.1771542505052676	95.16353990651264
0.022590183748285284	0.18192153350490844	96.30042894415315
0.01629426922960457	0.16753746011593554	97.42463980665252
0.02589120954306442	0.15116317082394037	88.85638734535654
0.02186694073104426	0.1721470273009144	88.39335864011818
0.0202308195425602	0.15929146734713598	87.22308213680714
0.02779070448986856	0.15488926408388898	88.56695088487882
0.03312374739641597	0.16538937725302155	89.94935102488564
0.04425780428543906	0.17857200425929953	90.05573051699014
0.03885735985812426	0.4917487344464608	0.1427154645865939	87.29724336945685	82.53547034787204
0.04000692953731239	0.36213354701743095	0.10822009484276499	87.00530236801629	81.69289407501905
0.02541694991710139	0.1790967781415435	90.16497925716854
0.024221748575459043	0.19195480159895772	88.59732769612201
0.011909839530514003	0.1954277714969567	90.3820733054568
0.014210401333074595	0.14961225554257593	87.76557618839027
0.009846817783270054	0.19262844710579843	87.65227759140002
0.027698381692840283	0.17127366376465933	88.57610510416123
0.014612245434757915	0.17178762246238893	87.58147535183332
0.030387129586185377	0.25931056001908276	0.17102132749691615	86.36192049600531	79.2331521107829
0.03499728592606253	0.363732537211075	0.1642242203558871	88.15587235707554	83.86010766608169
0.04475589857821075	0.21270816420315525	102.92310816713868
0.018217903598200396	0.15557834219363734	112.63462156710672
0.03508154226585814	0.18620339298213445	105.80633935348524
0.041490931644105396	0.15638346136858952	92.5162288016761
0.02438297617641794	0.1999729287234392	96.02286517237464
0.03222757401742602	0.1732547268314124	89.04272184175764
0.04139527247005796	0.20724949936497888	87.46758138907639
0.01846759886524746	0.15799362849555112	88.54250550685566
0.017156945592990407	0.19517716436937277	88.40841694710592
0.018419002654608392	0.1858761643118208	88.23571458001868
0.013411428285619548	0.1540237207260026	89.21457905672403
0.05367638416205543	0.18174675134261373	90.51730251735468
0.0471729315414956	0.231854661603298	90.47033084319435
0.0294501796694578	0.17771707800187225	87.64597667401797
0.038670435194221524	0.5296788401773965	0.16217807191000946	86.70961354257742	85.01528718261106
0.029502237395372312	0.19731298217641732	102.82128834750002
0.03817541994102272	0.1688531511348479	110.21909742814825
0.019932484128388318	0.12639551935719132	111.3001335816653
0.05689979995554868	0.014333405252570326	0.17062715695493377	151.83029600525285	103.97093227770365
0.054565882637336055	0.16528132096070405	94.25842039549575
0.03351730186334622	0.14757819300700928	92.34463429602093
0.023094567322919715	0.18317101845803022	92.30991224002825
0.029360255530835933	0.14817476546115052	92.75345451451095
0.014967903799905377	0.10511105218978835	0.34619873438261967	115.53272812581726	72.05962480254854
0.048933652839655103	0.18619138136524652	95.448026968332
0.040293600263178506	0.1690028172725291	105.64684961901753
0.025734436577916027	0.14299323331284508	103.10088209601074
0.008875146106277956	0.17786738891319845	103.55198842660339
0.05793599243274682	0.14074835745887287	106.2764811301423
0.03465744547195713	0.16785471192631982	100.35428120171176
0.006861099902838991	0.07169303905340307	0.17949337636548934	122.11153237927068	93.52666472891018
0.011836742773109836	0.19330550594303791	90.40963607382533
0.07085325906427249	0.2053617033431534	91.65005607611401
0.04481046226123069	0.16194811545069707	93.09725891638972
0.056279727214587016	0.15711478852648736	91.48108439203048
0.015950799789961636	0.032461573347875874	0.16095232843610985	168.81006894269288	91.10486580740096
0.03184666748256316	0.19500338534887343	92.29415706718665
0.05615062542863219	0.18667525681905897	92.24772676973112
0.040938801592000154	0.05138815220383479	0.16205879008966179	162.18462546970164	90.99634936655569
0.0310125108347277	0.20794582233694595	90.32353117432761
0.04152590197305811	0.1705850814263717	91.81412529301137
0.04068272989570914	0.15919975540442388	94.18986141524528
0.024612223150587684	0.16676429440242352	91.48821436787306
0.014686121550778725	0.16111331625415518	92.11409610774066
0.028250382806129865	0.17689721387991236	94.76237400729728
0.016099854033875267	0.15598378149639366	124.81689488473253
0.021164767675241385	0.10800360721097672	0.17272669960369172	129.13134260244377	95.79190060154646
0.025347678929720046	0.1432480042936712	0.30627527487481865	126.231582927178	71.67271308179005
0.07055461530939834	0.1867102964110203	97.0371985698133
0.027419888347569532	0.18349071998434427	94.64308827077352
0.03708251460545575	0.1717318934487693	89.4137175530886
0.03461492509785634	0.16714558408580135	89.73432669674612
0.01638379233935642	0.17463750318146645	90.37893461803255
0.04973087552611928	0.1704821198921299	91.13927274931815
0.041829895265084925	0.1660143593382699	100.72673766699957
0.029640592155469225	0.17987947879466665	87.90568847527052
0.034575074318159836	0.189415330150035	88.84528296458964
0.030916635702563346	0.15125902990048598	86.82131847627454
0.08485681042023356	0.030984028144111983	0.15406459811484377	149.0094040069853	89.00211253708133
0.02695955460857583	0.09229392525843136	0.19368273527806518	118.40978990573684	88.44745977512707
0.055227839737361145	0.15781246909408086	90.74086778941093
0.01508007854636075	0.1705977815683986	92.23480095451153
0.015694640264019153	0.15607632351910672	91.42250303980214
0.01566001400307772	0.17589474120920653	117.4726948269974
0.0412995986371134	0.14600850990886852	102.8514367975689
0.04360521377257893	0.1319350006040664	0.19796220257417854	0.24538373505037772	104.7334145498737	98.53221713468919	71.68090776816143
0.04424933054150221	0.1483606202648172	91.21765045922899
0.052320217414814504	0.16521440260486664	104.04779101561913
0.0251280369210843	0.16196248986457917	122.70130471688664
0.06656154672240165	0.16983491984964424	95.81306435996441
0.03787942008639822	0.18319760230888382	91.68361968843925
0.027113122673830124	0.16357971217504824	91.35035589571503
0.03284158787790754	0.19526619623700667	88.27634895625215
0.014151830622332882	0.13363883461799228	96.5189935177032
0.04237553775697464	0.1430092139371395	94.80360256853278
0.025056576663879563	0.1459436488412434	91.82190347499905
0.028783924570386255	0.16244171690217582	93.93082524908188
0.027554751616609603	0.14312458506257034	94.83022526386314
0.021554317522278644	0.20273962908911666	91.40031274271688
0.016145291113416192	0.14767807012648465	90.45049372518007
0.030363417525102694	0.15378502931363097	91.06661497407227
0.023014669325642348	0.18101913770498662	0.21247645728717576	90.21220758240443	70.49956277322507
0.0370885772909767	0.1451856107091366	91.89973875547717
0.07171528734194177	0.037524191783410994	0.1484442628126449	170.47900373463068	92.3410888583493
0.0339472978726635	0.13999276416269993	94.30176256159444
0.043924283345458344	0.18286478257933284	94.26122656282057
0.022802687808310466	0.14987832843441726	92.59647400284447
0.046003373220659914	0.14901625350807088	95.32363204156363
0.024786019660177957	0.15968491247041933	92.84927264854609
0.04902595828889365	0.1560971625360681	99.5445750308107
0.023927137981562693	0.18489666773393126	100.82880306587606
0.017093073135622548	0.1235343556945505	99.155503140674
0.05034242476239049	0.14816757445877424	100.29286901899317
0.015427167770864456	0.12658749700349375	110.45841845157456
0.019143513822151893	0.1483972711820863	111.76527761366309
0.12716508067229915
0.35108593734297217	0.026037492779129007	0.14792749477260644	169.834787208798	133.4695867986703
0.4373200282968218	0.052035935074340275	0.13671498540456534	163.52448678264102	94.24036290570015
0.4508395130340546	0.02075728034141754	0.14316456862395366	162.81702638345502	94.73639726263427
0.18891859739980219	0.021595496177152982	0.18434840905731634	158.04165530371776	93.98453383220505
0.17892063912444983	0.004294741619458371	0.18337173469025117	156.94066878465136	93.7553520363688
0.2550314487896938	0.004156097862723666	0.17770456879883822	155.82004439057582	93.11173026631519
0.13634842339599448	0.008704048111386063	0.06605431497743951	0.15175320451909435	154.71399097518164	111.23367845032219	92.69781310469341
0.2318224619180576	0.020830147223102825	0.1660350203269025	156.9773893554328	92.1956815172371
0.019698314652551407	0.1732835842151625	92.24069952736873
0.0347427210811251	0.15901770640250246	92.68607015228321
0.0402387449835216	0.20561080172463353	89.16577127537244
0.03591031749909245	0.16661225098369847	88.94024630883578
0.042819672374677674	0.1571221169875378	92.21054038686388
0.03692163603184363	0.15510809688430846	96.37549654162528
0.01778144618855818	0.19477699355369238	90.92602572080182
0.053236921661311686	0.1976172771087444	92.62700430408061
0.025295657812439525	0.17457145663197632	92.23671246502194
0.0443581409395156	0.17106093433736116	91.02477413901718
0.051631686494212896	0.1824981787707872	90.24347349870352
0.015829125673826286	0.13811995098095342	87.57328247753203
0.04409931375207102	0.15535580857477552	86.04158837475107
0.0329688921033172	0.15149221228554682	93.85160564932886
0.01258546860045387	0.1422665356434835	88.21094094973142
0.03533996861237488	0.17364956209672155	93.06655033594414
0.016544897816386166	0.16957101505304903	91.30622267377029
0.0305250714987448	0.1531889528248126	92.99999783415116
0.04082731638657122	0.17131857218510946	102.34132269883251
0.015926553118733595	0.18167261330147835	90.13766490257052
0.019725736052675653	0.17285259294802655	92.47883128622978
0.0343073419774617	0.16776841314344032	91.27544576515083
0.016438586746390923	0.21915205866953247	89.58733988777394
0.059490169890590194	0.020587007153153453	0.1992268477450064	134.89113222661857	88.43196904211175
0.02251473426262814	0.05351549236940467	0.12708637366783107	119.5777660830558	85.92334951640845
0.07678763435177365	0.18191177977376413	85.98359394659133
0.05478634827607667	0.1850051880580598	86.6709279838937
0.03164403910653997	0.19660045133610046	88.80219241280916
0.026322188805032714	0.14549634238240117	85.15233790080526
0.07955853757290997	0.1657942744197638	84.8998666638251
0.04394202840091359	0.13038658202610975	86.37846849871889
0.04995248607007531	0.16206966658739796	86.01478801222838
0.04096813376836362	0.18150675820649714	93.4226119915968
0.03400979043601309	0.18452694762681143	94.73242069438814
0.02243184536440173	0.13143693758340633	100.4754939152856
0.006394531677284578	0.1610768844279644	101.88470081002599
0.03029247495314663	0.13112896232597454	103.64391213581482
0.07673204561081946	0.19434348857478478	86.60542915464804
0.05379039441778286	0.1413624127861378	85.61209920036829
0.04045529258925685	0.1773386117434747	88.76818996815793
0.033448340951117164	0.19023819468882694	89.42899395512764
0.041156716658399116	0.15513849568166196	86.70035765076321
0.030123269654878892	0.26064315209633127	0.17223729771059013	86.70003967334068	85.3026228680676
0.026585215867516658	0.15654991129573878	86.58570834991107
0.023314677830901763	0.19553603845944834	88.20255574659073
0.06297651631159855	0.24692593502499488	86.09270546011052
0.02384888332449448	0.17998936225664436	85.95498506812024
0.031900606833376456	0.1601440813375355	86.22169360123743
0.02824018973664085	0.17597465209386112	90.0789885636549
0.016729996752908097	0.1537529205384314	98.0764313861299
0.029374288285407005	0.11948086782289573	0.1250566080399132	97.28355903744561	67.35876615442169
0.027247241358799947	0.14169221118543374	98.24666138892864
0.017040885125404314	0.1484060687995609	99.20244967600348
0.03196199941932438	0.1565597304538779	95.93256034158514
0.03714182095705755	0.18238285573276872	94.77243429616489
0.03731089123666814	0.16817943708164332	93.42276607872824
0.02626932399317891	0.17662296255431997	90.10918571648077
0.022281707902524612	0.1782085920567453	89.57803062806168
0.04287932662473909	0.03060280059861475	0.20830825931372546	125.50676797792545	92.3394173284067
0.02482764425617185	0.20118281615541028	90.8078233135006
0.03595274378784221	0.20288421315065183	89.98053988558061
0.043912613974727434	0.15072455482743569	91.01952346568201
0.024304209152496654	0.22355411291611718	0.17999438603982215	90.1317252989725	86.85078874282735
0.019217934386026037	0.15156508771836594	91.2252887204597
0.02558711256007694	0.15216242049718165	88.12009936797908
0.10563178480536098	0.043004811575804505	0.1656794002864747	168.22025804997273	93.44008112074486
0.039012555409681446	0.20936194315290158	91.17771672325212
0.01302091564185514	0.18035503323453445	90.03967279855475
0.030992899503292152	0.16904726221114266	88.5966114325892
0.06270460818310743	0.154333821578615	90.10978017919143
0.03539391333128994	0.14504068535457787	89.3752590893691
0.03892687435097534	0.15219912337739658	89.72702044564834
0.0342599650044896	0.18073158412071422	90.53916253584656
0.0342054602614853	0.15871307271432933	89.69117148968837
0.013100827244516599	0.19686776272448794	87.69740124492226
0.03259064214611399	0.1488485354051554	98.84876856274732
0.015043826703340712	0.15777751437434906	95.51209215353818
0.052549225953480834	0.14483145721855528	98.25145579372943
0.03719781422500569	0.1614642989289443	100.29936876305501
0.0438927292899926	0.01578483504791949	0.14123168207911665	141.16263324404792	100.1163816335229
0.04598059026430986	0.1715320227892892	92.25140341097817
0.03245820752224348	0.16012294855097484	95.76278262533367
0.04737548050879442	0.13849432386963273	92.0604271401057
0.1103012305489463	0.25550798576505795	69.9972075484785
0.0709428723434054	0.14033237887309966	97.38035907681515
0.02608678280661341	0.12588828012155553	96.15279666503845
0.03568667511669643	0.01422032246625895	0.14026348747923043	135.3442761686515	95.50386577857014
0.03149813069175629	0.14290993754989464	98.97453204017839
0.051377592853188055	0.12139061002994303	101.78344319115097
0.042489397177027016	0.15256700375594764	86.43472243002425
0.03863986546503562	0.1937130602442244	88.4477657745726
0.023349575352085865	0.15368328723438007	100.77000949893318
0.029152283953977655	0.14511031289203138	100.17591842784938
0.04849491357405711	0.16805078662814255	97.20787472937546
0.022136272831385168	0.17267687846247085	95.83628889875064
0.05347279575984262	0.1534621497290497	92.5880463288935
0.04339015822696127	0.14043536622870498	89.364122745806
0.03056588605429766	0.13077681719383652	87.965920554552
0.04445698311121295	0.17131714960548736	87.81950781926234
0.03952143860371197	0.17557990070089466	87.124566451418
0.062345563320991705	0.2120416360495923	83.2757736277175
0.040608603323333915	0.14227522854513927	95.35180693626876
0.028007289675171312	0.1693149839463795	92.30210584261367
0.08772679543681097	0.14517948806834075	105.19414097612923
0.055669405011581234	0.18805670833187416	84.21835141171546
0.04882909475454811	0.18510033067393067	90.31275829155884
0.03842559601806245	0.1792575181007274	89.27103928779032
0.05333685734373523	0.16529083995094276	94.98591116880144
0.06572200479009321	0.15455965009317268	95.39599282230614
0.07225695432494648	0.1667228861506056	86.00046084153351
0.01524847824334123	0.14553882375283383	93.07698871016171
0.017302859715644683	0.03612852353329106	0.18307644050347607	98.97447035977704	93.10549930626557
0.03624753817395631	0.18638404726839558	95.4418027414861
0.05273834344328453	0.1671183783785192	93.84685161871118
0.024075962599589912	0.17292179894177642	96.95602408269612
0.02132526001436172	0.17540565041733433	96.4004486267805
0.01682318545562306	0.1590633559336666	98.02959306303028
0.03202412411123483	0.12920731643340283	97.94677392751476
0.04927077324879424	0.16499060661354115	97.54081324294904
0.0792119703359483	0.17701377861488063	87.76390180232639
0.02269757077401645	0.15881947953082276	94.92373436961385
0.031671701930963775	0.1640560998824003	98.68775834284527
0.026223945391535084	0.13642729976058443	90.82820495889177
0.018228806501393864	0.13010163347355938	94.7658164361941
0.02349640799157861	0.1814696640819538	97.82112745498024
0.05153017854094898	0.1786073733441666	96.90577327709975
0.023912201505938847	0.16078442490454023	92.3222101949467
0.06822726840554179	0.16936003787903345	103.93716658419886
0.018953890513695698	0.13400105264006557	0.1521027101698493	104.1115823159219	102.8261450493448
0.034681988064924535	0.07108180226739805	0.15677531965128663	138.3516270316328	104.8952161564201
0.13713471674054523
0.08245373784063238	0.1473407323876746	123.40958331705966
0.061759200734321305	0.23883881505358268	0.13747336400864624	102.3796842067627	99.72719045161028
0.03794003380819058	0.13787715556678645	91.26235102563335
0.1193743698201771	0.05112676914747453	0.14245997302980887	168.28974700879462	93.16020419274112
0.03788537798464271	0.12401197245758472	92.65121882703359
0.031008840745539456	0.14365300799930064	96.59561741394023
0.052782454968449306	0.1911398136782858	91.16815215130933
0.027544661892106848	0.16755517755233273	92.33544866845307
0.06256319477014029	0.1317073624178624	97.35775833076556
0.03457048026343209	0.13924797062319874	106.10784744271638
0.031307338934969786	0.15556198209042912	104.2338071769955
1.1858893236485792	0.08076766201628309	0.1718717377799938	167.8073252351234	126.22596762074451
0.5930552951432831	0.053460710218057206	0.128137520688773	169.82331517522215	106.00542133390626
1.6235098646826804	0.04931884180903002	0.13782576087844903	169.86412232904956	104.41793454248119
1.6691295742480254	0.10912856257780568	170.6360639351693
1.076307031666071	0.03785473977441535	0.14362028712525046	170.752253864142	131.27801622832405
0.04546038808901874	0.15042345084811148	114.75385145396763
0.02823125525721567	0.1299134984833242	124.45929192454864
0.030396509533469916	0.14683607954653927	121.17735528252709
0.04970321327487325	0.15143295549029703	121.39819448305157
0.0499770742596567	0.04474461643769168	0.15461117343247308	168.66836360214336	90.50923337371528
0.01733060744831398	0.15756735011312728	99.21879262903525
0.049090183900570544	0.14686572845527393	86.87935846519021
0.0292782423123941	0.1713846551096726	89.72725279141163
0.045678538494982934	0.15572502459276022	90.72762802559257
0.02279413177230727	0.16838657691738648	115.93340850511309
0.04057604301814261	0.009985482851204278	0.16269646599985813	164.46010418882133	110.55746103295733
0.013973258512602327	0.18402974897115135	109.16316454835754
0.01427067995644613	0.16089640215746479	103.41450617433593
0.014166228828808048	0.13081165053328225	109.87421407710625
0.011962833328304112	0.1593890177572872	113.48027926727494
0.048440269096025855	0.14302466101866823	91.15142387150631
0.03900164101749975	0.15528755156080826	0.1381877729672804	98.04605973273654	87.74883239856307
0.055401879564416404	0.11366991220636335	93.63191987256009
0.08472555781262063	0.13737494512125142	71.13560740103453
0.05727202989836843	0.14915308347915152	115.61743700528503
0.05312858173234401	0.1584190592672803	99.55745758941535
0.024377444410256095	0.15254465986722382	103.06654592418444
0.023179561716640783	0.1579170598782855	100.25216576371308
0.006043481614730405	0.038417659097456404	0.12885599985362062	123.28036968823625	102.59270618377566
0.01918241124736725	0.14049917777246754	112.26345969255563
0.026888798432408587	0.08714238280052701	0.1699444603489058	114.83931078190679	99.26695434914373
0.061602013043008184	0.15427055697083372	89.3514526513835
0.06772112022996306	0.164284208615186	92.32528734620516
0.015688470703249618	0.150873626066925	114.25581012286037
0.019170678453599575	0.1416611351086163	114.45866324827927
0.025889028648836583	0.17213171559687476	110.09632195987054
0.05545589699499555	0.17419377853224352	87.89171214809214
0.0302784820877864	0.1344897137308166	91.37049903516449
0.03436577029331395	0.2363610361055505	90.84498063528272
0.034165632473757465	0.19855476401851513	91.7270288488664
0.04437008560335834	0.2063910260426669	88.6606070143454
0.051583499958067575	0.15701036819113895	108.31117106741809
0.03176072348285173	0.1757673490522066	106.56313434823247
0.027069180550559607	0.13437052045985756	106.65989915288483
0.01664871800642239	0.15687296781948587	105.95523684296691
0.009534613838785518	0.16340985547446596	110.57133082294655
0.04285377591272467	0.13233246390748468	111.28750103322012
0.016605584583368346	0.17261872850356128	101.63270370818942
0.02676967875279078	0.15557359523876013	96.62996202324088
0.04413099009513923	0.1901011544770078	94.25387441274458
0.03403903433648893	0.16376178996835436	101.20001468269186
0.017166497458834102	0.19363171762316161	102.49835479423461
0.029733936840800734	0.15101701966173367	104.43731006231059
0.020061422352260723	0.17250753637549085	105.72345992234634
0.06298611459549358	0.00723483694424379	0.1674206850304823	160.03802486232155	106.0006211592198
0.015460543820135118	0.16806358524785706	106.11789593098666
0.03010676715234917	0.16947409725833668	112.97218440319182
0.01947900569717564	0.14793771955789664	103.00385847751016
0.021375007780408826	0.16693131130234934	107.30750902305398
0.05546092445750923	0.16717438092444795	110.68533447113462
0.13547852904255162
0.05497178393045791	0.17047095772700754	100.69096791699678
0.03965412105935376	0.1832802769938155	98.64380468953996
0.02421683167262149	0.1596815311077648	97.60122247053464
0.029223238540081	0.16783447137382204	94.45751463000167
0.020811790512418285	0.157225389906488	94.99055587412494
0.014996508654250828	0.16389030957110265	91.28534702302514
0.018075405230115308	0.13516177562598286	91.22975256441849
0.03651121628245649	0.18569299175772483	108.87687603165921
0.020371266433893913	0.16325274515938853	104.60430065500204
0.006894943277757975	0.19486620315250353	102.27705958824595
0.02043212388528836	0.0867190027909429	0.15235740010438453	125.8822741382304	95.85417607605213
0.02910603282924861	0.19789943123534562	92.13670082308826
0.03550185086650993	0.166870936918584	93.39156806395604
0.012165629401877376	0.17610539095903657	0.23508874912931577	94.39229592003176	70.83866393964837
0.022342315508724002	0.1837736811785061	0.18891863335085116	102.60900496939477	66.96405862776638
0.015126483348145292	0.16122591924270854	105.58209423098167
0.06837808462580368	0.16868039942191967	97.99850570671437
0.01830055433392526	0.18059723167535027	103.95455804368105
0.022823091729133778	0.18446058627603637	110.0525291159411
0.0391316609001086	0.13949256637083948	112.38960985240557
0.07170830433344653	0.18175827873195805	106.9741713993481
0.026743718662738624	0.15568464291853015	104.56701941616932
0.047023293895741	0.14854144817604684	0.31953871793519095	99.3712047644219	66.20553603969292
0.0352209584703728	0.1615151012475722	106.71831882833365
0.03358146714248846	0.19355688167027033	101.33412909366787
0.02472483970012416	0.14385988730632976	105.32784429312028
0.04105781565202697	0.15376904685258186	102.71345106337185
0.04993145916010344	0.0820501314630012	0.17649151315129516	117.94582201391111	98.6972816782694
0.047394840885493505	0.14884015090537592	104.63339905247247
0.039324041568550495	0.14674425140639655	96.63722505706929
0.023735935507793692	0.1880806587760687	101.24629299600815
0.019511255206917905	0.17002187922856696	104.03760684059685
0.02323861972470727	0.20853105707279695	93.70619690630129
0.05756384207888748	0.17773081738569246	90.43915616550716
0.026966405642039008	0.16810332552653454	88.28766219066607
0.018389584067943075	0.22748478145602194	86.54291611611154
0.026853426422491687	0.17016044510331663	94.91914266803263
0.029597924939074306	0.1962486840085434	111.02224007186942
0.024892525737063805	0.17483936043005083	112.37528230018076
0.03291346525711741	0.18444820329379558	96.88357478107518
0.023471641102264802	0.15148720977616875	97.64044006611921
0.035288151015347775	0.2001630926300092	105.83300294880233
0.028790201487174066	0.03517200305681434	0.1654055800871284	163.50820014948457	111.2777278576784
0.038519068872159556	0.17606117018138182	92.74838617884696
0.02256941105806924	0.16067056218210457	93.14578606263615
0.03457591248258449	0.21890530030319522	91.891931161582
0.022969196803578895	0.17070008480329715	95.45288249150951
0.013516659048387178	0.14431134007775104	95.34103140157801
0.029283070218465188	0.182191833010597	94.22252665087602
0.03555565974257711	0.17168745732816235	94.5380089269475
0.04601654009568858	0.17784113962738982	99.69099154677306
0.04008016591773317	0.16945353888424217	97.7245386398685
0.019313195426632065	0.15660036344100803	96.26387315132197
0.006172852436687145	0.186699024614199	94.12619463361642
0.03437348113145771	0.07562028525316127	0.20138884947278884	107.7998836799186	94.95428910120816
0.04120755993407929	0.15829957623382077	0.14523524579634717	100.4113571573496	68.71552824757394
0.039774706878120986	0.16820724118386854	97.971873183718
0.02886017830783305	0.16941305877080542	94.11417565842858
0.036740445433725274	0.15970466463040933	92.611894404795
0.038792758309235474	0.02206686634980373	0.16379267330572736	134.22279131773666	91.41234551455082
0.031542741346626844	0.16782534337665492	93.19075049132141
0.020782895779582738	0.18921329641533302	96.25021745415037
0.020061407927065504	0.18241059870246532	92.57164849581169
0.027425732934555414	0.14412840336699925	87.64193460714361
0.019817988947826562	0.14800478184141136	92.96626569108152
0.030120730522282715	0.15153381656438283	103.12489435214233
0.04621145723452246	0.18262141635899068	94.63112701777548
0.03164354826152187	0.16657804270546347	93.8168220565227
0.019610294064202033	0.14717018112696437	108.7290194309279
0.009352377674998658	0.1343548637808006	104.38470091398861
0.002528997408594119	0.13550032444580531	106.730854891006
0.015452387841136377	0.12549938470748392	104.25309767189127
0.004061927455374534	0.17598000389716714	103.79192028874886
0.003242629600489234	0.1857602337840252	101.1870585132731
0.008067305854468442	0.14836991379116352	99.88973656009848
0.016980380450703107	0.16129728405912763	100.04642080422373
0.032912971834267744	0.17015055261931136	101.86193232490155
0.014014807180655004	0.13291296141750955	103.36331635869658
0.01964386346896039	0.18071572499321295	104.04031935667608
0.012017736669735912	0.17595327524017765	100.29677479304587
0.015464061736052987	0.16861558112993852	98.20390271683236
0.024936369266955503	0.18066184411574873	98.67365193643381
0.019707903655508646	0.14351011661482352	98.8527296041147
0.017015854436846486	0.16340058433634952	94.98203918550871
0.014009582139639147	0.14897695399928762	0.3048170763301925	95.40877413760066	67.55569762022186
0.016637547707054983	0.16286867710684214	96.47557815647853
0.030286796483247957	0.16458868237624869	96.07410669445247
0.031381046590657435	0.19469553971984588	97.17729517271988
