0.10581551483579721
0.10896859479722489
0.1484603031587933	0.13804090187986542	0.9637307019868766	108.93897669857748	66.52300902708826
0.08301607226610687
0.09600297298270792
0.11469028745299956	0.16983910148409856	73.36938055390182
0.17129190747411535
0.11651353654532218
0.09041388106883481	0.14362589450496702	100.29713149823692
0.12249143077848879
0.08023244059019803	0.520174525358328	71.53710273067776
0.06110811088677296	0.26817801223073223	75.33807166442527
0.13288729645864306	0.48955348484425987	68.88863256230414
0.13950159095418446	0.8187196113973996	66.40017176892403
0.07803433607209335	0.34816630107567875	74.43808083360175
0.12030686822628388	0.1732150463334639	84.88332061942893
0.09462044989771226
0.10187871177713312
0.10412092329224423	0.24342104472128004	75.51594284115906
0.08951828610121579	0.15600521686135735	77.08928010649977
0.13097264238170522
0.1041920804694954
0.09724514982906873
0.13109448158399992
0.11023693550110146	0.4470580989858945	67.23657766591198
0.14132492223411114
0.11467797455239159	0.20325098042293738	80.04397846833282
0.07446302278142437
0.10203438433813732	2.938889714479287	66.57823102004166
0.08647165873645614	0.747597937190008	66.59761696107353
0.15515237633093576
0.11827334575446351	0.3587977807569905	68.64766886406156
0.1109571677748782
0.13698666697297027	0.16650153047448601	117.32477162226974
0.1416872574405133
0.0992154417788966	0.6334892197195119	71.74108506938856
0.13894916260648368
0.12078519278450141
0.09888846771632472
0.12649666604323295	0.12625825376936844	87.71244715064522
0.09486908833318534	0.45352308661042473	71.06068645875095
0.17065157844316065	0.0900483714159958	0.18942662925211878	106.75710307387685	68.93817184010913
0.10348766508978673
0.11977412913854968	0.11563411621967201	126.01075474272983
0.12492515787806448	0.36615605318120426	75.97853577894841
0.08437677474054302	0.0961170827287548	99.81139161138775
0.04459058561752617	0.12745982837462197	113.20394562465347
0.13079703836643403
0.13160641105373283
0.13001692970348055	0.335153930436721	71.93263775818184
0.1491872353549881
0.14029411387289842
0.1388646061165699
0.1330826307154198	0.13425653044441563	69.05407256084654
0.09016462419774178	0.20230280164751546	79.1272002443179
0.12173914317014482
0.0798430200961381
0.12395803274685542	0.8832877663445893	67.48581389143202
0.10845758839797763	1.6906228513930728	67.26358821526713
0.13219121813406373	0.3912336925634578	67.97148461387273
0.08691072589634091	0.6802194451429849	67.58055113248939
0.1022538213162131	0.7453109840705264	69.74582579961813
0.09249000302913388	0.5331405013333852	66.61762598488305
0.18427736816583876
0.0890904301758117
0.12162697480586111
0.13256555583692375
0.14419543406506652
0.08091591925605042
0.13005585774266465
0.08280682309938521	0.13100209727067622	93.24850978326496
0.10215022069938581	1.022560326206287	67.36980910225353
0.12559049117658228	0.09818577414171786	1.6200096266045243	126.9730555596449	67.09849911013997
0.10018249109953926	1.3179486214852396	66.70515816391875
0.11247804389941603	2.6616869282501217	66.68111361676476
0.10881338866486394	5.4762234499182805	66.38088448943236
0.13782907842905448	2.9000599611122815	66.66249164947634
0.07103402849674552	0.29689362121447377	73.29957271380162
0.4087390633300037	0.17755334413756074	125.04629398132406
0.14615099828984024
0.09635251436387421	0.2702682441735416	0.7760775270476823	73.5260074604555	67.52067431432816
0.1447133101467247	1.9531007897379868	66.54639386558314
0.139596146478899	0.8434578178910143	66.57506264982493
0.1356347746902326	1.0044983974743864	67.58897069952585
0.10533510773120316	2.5438680741483872	66.89263551781245
0.11089267602980796	0.6512072505026546	68.45872103226257
0.12074767249726046	1.4133605325609317	67.35769804562217
0.1216381413526939	3.647009123636761	66.79892715491098
0.06916161315244274	1.5938554742053745	66.84946600929617
0.12187528663814827	1.3211428751964533	66.93152702763975
0.11292290094401518	2.574019311785396	67.03661776949467
0.07892009785131147	1.4180559983251977	66.51050470356559
0.07858311971147294	2.130267797805382	66.95119577195206
0.15052118599493527	2.20933290657929	67.19536768589417
0.1197279199457406	0.07874547552395324	0.8570852531180476	120.56999046381102	68.55792333295982
0.08945829856400751	2.4857305619249996	66.82318925903523
0.09956053108179314	0.24230052581431533	1.322160644212702	73.43365205191637	67.51957938933093
0.10262295673842525	0.9163988349588736	68.24900005869407
0.08524459164657726	1.0662875657974833	66.88382146670337
0.0984976843517932	0.5202205110059792	68.31893690719134
0.07990276526692318	0.4756407565673948	67.2296245970882
0.06211721307653057	0.1692538261320725	1.7584468924083536	76.10015243734159	66.48020219389666
0.12384791508042257	1.5571228461296365	66.46594251776938
0.0880775315266512	1.7881295709124954	66.44947122195003
0.1270284433711616	1.7232523749068611	66.72623456211868
0.1038124829306504	1.3632354366076502	66.42489895847993
0.13172245052027776	1.7004793903911675	66.96633512432369
0.12242573161354593
0.10141030277354188
0.12666834765597434
0.15220208654327508
0.2616685314538262	0.15500563205716159	0.18452228789180242	126.4240877229407	74.42208088271177
0.09948430511590454
0.0894301337859961	0.21867933966788172	74.90255362992872
0.08697808974054486
0.07492219413116827	0.5649266914436045	68.6636507413508
0.09729929649629479	0.38555607019432325	68.99353405443625
0.0939456350369547	1.9452629696296098	66.73512220537899
0.0976648220352	2.354863546592179	66.55106335834304
0.08272737012776087	2.2938721061902427	66.5379217071061
0.0919814858465745	0.304037825536769	74.86236381216054
0.11363041749890658
0.10640088344129897	0.2768850168750032	70.03140440870507
0.1139268703115084	0.4307872805411943	71.23380613100878
0.0954422581023636	1.7866209521257972	68.26307216605774
0.12151965672919748	0.5775613375773814	68.33626457778978
0.11321042908353583	1.2406987159578418	66.50324569610414
0.11972395891240005	2.543792441175083	66.43315767337072
0.09743903938850897	1.160225897473191	67.47544071832144
0.09742310945701012	1.2011804456845234	67.77973859088286
0.08927372258064104	0.6223027505518699	66.99672679304993
0.09455441022087087	0.5588740022637008	68.09259191615145
0.05800502602192449	0.10629389742661181	118.44844815945602
0.0961366573606464
0.09938720625409951	0.2778923464802726	72.11717634476268
0.0699599971794319	0.22753120903175755	74.2063406207161
0.08933660623880714
0.16883650861880573
0.16369922780417354
0.09219918394399261	0.2645767532993855	70.7207424451991
0.10684155111790648	0.8677103800729065	67.39386870739816
0.10867740129039914	0.8543609804724556	66.86573855048233
0.11725663104775744	1.8218603562810798	67.4011409599689
0.11624825516241541	1.5169572731733827	66.76326634402699
0.1077740182463956	0.36774134409140474	68.38552414040988
0.10970236584164564
0.09554215952156966
0.12663491318444653
0.08780081271548322
0.04288747325115276	0.12079496633470016	104.04350515271591
0.12135903239599703
0.09930046039699296	0.5212729176124355	66.49686172597605
0.09542730937999286	0.32412829286089206	73.19324005576094
0.07522569093688057	0.16812022806181512	77.5325053566421
0.13848142326250595	0.10646054819040619	0.12085833678892487	110.7984655383992	102.66580946976117
0.09920434939218824
0.12038454185309319	0.1390329565954329	125.84976762836061
0.120510420177277
0.12310148172243499	0.3895166628495331	70.62088861588825
0.11718194170037145
0.10738683311416153
0.12133181072346964	0.18644031740001624	70.5044176701243
0.12140749352725572	0.48736528674584056	69.93276455977562
0.06879616501646632	0.20039466928450614	0.21870590159457365	76.74515715580266	68.05014269262186
0.1116327811882403
0.08983045791884402
0.11354138136680265	0.382713540064587	67.04560391810092
0.14092807602741764	0.3728301713211428	67.0563539419565
0.12803437928403713	0.35297014278252153	71.54988243003426
0.09653700348452646
0.10929106627280058	2.122622538217281	66.45553084459152
0.0938095161119211	1.15659542909426	66.86613090243283
0.08747387773951866	0.535817514607778	68.32630634564617
0.12460959441816456	1.561391079117605	66.82725631577478
0.12041096704749782	0.9562207834324926	66.98116360494228
0.10386012893496202	3.8737813985919254	66.58810437014843
0.06865907564627793	1.253995862501049	67.13794254822456
0.11102151188476161	3.217715270675239	66.47711530034064
0.09370160489326475	0.31658612212217296	75.10534321951903
0.1466992140648067
0.18294019040858525
0.11101363349995776	0.14584305444768886	72.9487252599393
0.11394685318893813	0.09368899298587526	0.8793688922998938	79.48623489297508	67.63050574089549
0.12903731533518406	1.5721599193360682	66.51552419119889
0.12057712149599364	0.7472668642468606	66.55475651103211
0.09692382662444766	0.9672330932174884	68.2054539383215
0.08266686296022865	0.14726597177842932	0.8584578959991628	70.60344422957533	66.52320663061887
0.1287539408862918	2.4497385914913044	66.6637224513579
0.09460493482318665	2.0221941655763733	66.5560758978636
0.11446383901824815	1.2415155418141137	67.38968341210618
0.12554642869292612	0.11377819673365294	2.478412077956088	121.3428482115953	66.50069162013791
0.124705953492963	2.331855665371753	66.4703517478668
0.11136867106475049	2.571400949779329	66.49779417602714
0.08386210766557269	3.8120026820654664	66.38646282622894
0.13555286328826716	2.233988375156305	66.38521339256972
0.13176530470718886	0.8915087512944737	66.90536330415307
0.11672490330252834	0.4312135196706254	67.26992721737041
0.11556587644781416
0.13225954207843788	0.20289655814899257	68.1552861297994
0.13911135056656926
0.1498058925417348
0.07352627604802293	0.39848665058355054	73.50978578408775
0.1081811316077875
0.08469476436751115	0.3598786874300043	73.01124809165707
0.10621038175404561
0.13711917484068536
0.11410209201575744	0.2910237365326008	68.35016466271236
0.1747198397647537
0.15191751943261597
0.1134066337977556
0.15590387498416552	0.9361025482294235	67.35969411637787
0.15163413170716114	2.986183511820312	66.94102640626322
0.12172420866551412	0.9453641757484542	67.70568566984603
0.09946048401260045	0.6855284355375622	66.93896888656924
0.15591577751413424	0.10027152393204754	129.4248742431719
0.11621521474460962
0.2803607617784339	0.10408506894263221	121.26411923705848
0.10061031911434729	0.922160205132652	67.70556817998487
0.11358665028928275	1.8967008757948758	66.72427951404335
0.09412860133108723	4.073433745723351	66.39737065587714
0.1425389513718941	1.2131237298975508	66.49157238775523
0.12007350863674895	2.364703493783715	66.63641181299013
0.10483030231597137	0.8919476418547123	66.7215955469894
0.14444012377464438	0.4170718440138514	66.65171421569624
0.12372725718813289
0.354735543055905	0.10560668990436264	123.94396304889277
0.08203459125962667	0.27758913208301755	76.08910799423666
0.0953649709531476
0.13227955950717346
0.10054618628940035	0.21717051771464962	69.45843004488344
0.07956637070721828	0.44007437370642283	68.11272418313166
0.09330673780191344
0.11174778001150967
0.10673504457095537	0.25556257579481045	77.07650885612645
0.07236316364599471	0.13818614522159772	124.7954342362276
0.085990453833309	0.5191748920299593	69.75938516438103
0.1131907079110679	0.4356349595654598	67.24279532380872
0.11401781307790683
0.13381234709848355
0.10040177337221205
0.1169538795117186
0.12089541036236483	0.12980930928400758	0.17355634590790306	110.16801301195144	67.06902701711172
0.10149804965442173
0.11921663816522658
0.0461272847482139	0.2470517972700286	76.28962017047843
0.0879347029481939
0.11197540983368719
0.11669613438850802
0.08792685975099647	0.1442008385640339	90.74767026174118
0.12695288601489427
0.1396244776609694
0.10274015886326286
0.06838717255460634	0.09692466203541222	103.9727677768802
0.09091599461225648
0.1294398156948341
0.11823055454242402	0.7815162843433276	66.50527751624912
0.08146138492267001	0.8914435198669282	66.93533685520529
0.0791142690437859	1.4089583818344642	66.39877743763704
0.07750947201611437	0.5396488602464855	67.25443111490911
0.11957936286509907	0.4463052820827983	70.50644650215318
0.10846783002676158	0.7911735167494065	68.82054871500496
0.10324918910271674	0.7505329839337591	68.27792035379944
0.1196655602029167	0.2557476313595699	74.1791276996087
0.07910673452368423	0.1514374001595868	74.77276325261805
0.10430662320129779
0.10556300596883728	0.5231730178915865	70.51263839448491
0.08998110176720253	0.10583732561718426	0.7332825736237826	101.36441597749294	67.6891882896474
0.06880201670669352	0.17249307764870653	77.39580852022905
0.09410092519727146
0.13508688478747907
0.07669334336516778
0.1442880321383464
0.18581053146360502	0.07141194446263426	0.23648857471548554	110.92003734704586	77.56371204673982
0.1189663488678041	0.3035418850064679	66.9690550949683
0.1172800298389874
0.09641457155628294	0.28451280212762625	74.814659516523
0.11570140665442201
0.10702637061341116
0.11786195096666387
0.08897221313110082	0.49807217689107697	70.83141846920363
0.1855097856811807	0.06810582332403474	0.2210918772301943	122.20717709665787	72.16920027924425
0.10731737517274091	0.21193032415706198	67.60996628553218
0.09894366754047756
0.12395739336966888
0.1127548790664323
0.09373693926357451
0.09477978922193987	0.31813097747575303	68.48039724021719
0.14171892998183283
0.10986581379695413	0.19806435842563047	0.5432015499913566	68.61725495076061	67.56875036667806
0.10190288554669011	1.3048616548328662	66.5965639682688
0.15646561451992244	0.34001403164283095	68.65808307960585
0.07165786371345599	0.2135536982505294	76.76788156441552
0.09464647315554184	0.1340931615587763	119.20305463426848
0.0931853537569299
0.1295672528441732	0.44403471430332175	67.83645560370377
0.08900446085551594	0.48579171847564606	68.71286017846562
0.1447401583294717	1.2961624145104162	66.64600246827072
0.12705861925792547	3.0558801235627544	66.4916369104923
0.14198326991144739	2.2570699480572882	66.63207415625249
0.21384220334047496	0.09853275328442232	1.4761108707033694	117.17214894305111	66.43033501588768
0.12572414188149175	1.5947614894140054	66.60191378450442
0.13980164028422268	3.057211561602306	66.39618863118048
0.0940581289750974	2.0621862155790502	66.9515014640158
0.12230406845340434	1.1911585887986436	66.69222720150968
0.1239634542769645
0.08793411661687854	0.3367305143735877	75.91442006751537
0.12343578645888263
0.11063026713548095
0.13909246672804693	0.1199705852416817	0.727126003628553	111.12505456429366	67.41965622952884
0.11517810860957434
0.09970342446118269
0.11833837247836494	0.8197202168550428	66.42629228054517
0.09974476817762984	0.49466212977801494	72.3095380543657
0.0862162330594427
0.06924630191174237
0.12211685464619915	0.3021419308353048	67.25131433992404
0.11364903732135995
0.12828798166629682
0.09902036754843332
0.12385969405705637
0.15492553548594531
0.1054673882371528	0.1438648782529548	94.43317509184453
0.057264259158245866	0.12686583975337218	0.1276182821184846	0.4329869610460859	123.05500859686866	119.89434071052753	72.10644805523424
0.09553409235734286
0.12372154201711465
0.08210427609739768
0.11678077842704701
0.12327168877126196
0.1589905105749903
0.11782370200508771
0.09590645923068046	0.3602295866166643	67.76413828124572
0.1379690416034742
0.08715123545414068	0.39706554683421164	75.7892907958556
0.05701065728036103	0.2672206759932907	75.73411747416203
0.09145214749180067	1.9680340348870071	66.52717280164764
0.14095232558318357	1.8391666553046673	66.60643114045511
0.10601522600655275	0.7331721337439571	68.0838560795243
0.07639395285018562	0.32410348462470606	73.28729663984878
0.08205988767687755	0.7591480691035272	66.67660857746644
0.0725890241237378	0.26938565315014557	75.38319603789718
0.0512089261785867	0.18190203955204942	78.31929300512637
0.08620851675055591	0.20998473481862187	69.1302192206389
0.12502203927458963
0.17193692757349596
0.09849910047657259
0.12294676488310059
0.09808611898623526	0.4891801323401628	68.04878898411397
0.15261546611215734
0.10913086720305011
0.10868730763635587
0.12235047011775524
0.14536919309679042
0.1287680716251806
0.14415380718474655
0.10637644780441609
0.14995587380300632	0.5349571087165044	67.08142896050192
0.11520111321777698	1.8294704271766489	67.06199714255554
0.08879541877798978	2.0546400816201786	66.77226915588862
0.379380102303377	0.08539039987658667	2.2463723709287473	123.04226845788114	66.7931147858005
0.12802997250876896	0.8755259442120757	66.58834213976316
0.13228881498918663	0.5186451749615517	66.97010848029709
0.14353476341507607	1.0758618650444933	66.40361085668279
0.1110654513196203	0.9635349218895399	66.40110538931545
0.09394559005316143	0.784057212174507	66.88415526463136
0.11204022895561658	1.4282593197802822	66.60765564745579
0.11047977285542881	3.6177110181196483	66.53475220495059
0.1140633770451486	1.4672253140036686	67.61786427139302
0.10466694772798525	2.1496638199455105	66.4211890775091
0.09877083117668359	1.2512469467926102	66.79365287290783
0.08474444488268004	0.6415822376714843	66.38772055272689
0.13692850951955476	3.069383080944416	66.42097200511573
0.08709580637999362	2.881199706649466	66.49665921004369
0.10696783674779016	0.39102133880401235	66.59249916965081
0.07097453015543964	0.13706853380562886	76.75780569393075
0.11127949402184988	0.7390430897592232	68.62277358515186
0.10792036545202496	1.661337592499066	66.78893948960823
0.1207010352682102	0.9021691971253522	67.91033500732979
0.12173124273403824	0.7357756532502665	0.9988289183511722	69.23074393906049	67.5988994366047
0.12306333375853352	0.651472800854324	66.42810391122848
0.09049575103171277	0.36431312818735473	73.54008139875268
0.16774422186276075
0.12182673201064399
0.09925135712833237	0.48145974761055765	66.69276674209364
0.12030177554869753	1.3212000646587656	66.4442847885485
0.10270724200594046	3.780241699457832	66.48247588973939
0.11010814647479275	1.3477835414160804	67.59906844699192
0.09212924478724596	0.7267985699646945	68.24027140953417
0.10185448604928377	1.980133614126281	66.49569237875772
0.12207578522965237	1.9175556851246147	66.48178335621036
0.14680894179516513	1.194421628033816	66.42431450063984
0.12226846744050247	0.9001953256636738	67.06876514098755
0.12223702023909598	0.4172408099880752	73.8165815513506
0.11608734527482105
0.14308250281148682	1.1308003569180476	67.71047605099895
0.11201577853320681	2.315689678569454	66.57635831015851
0.059775224315086105	0.9367060014448537	66.61307873528318
0.06468848898113162	3.078212158163801	66.75603745313363
0.17895176480288355	1.425574775578793	67.17324623129805
0.07999284144970782	1.5008855260632208	67.25144989234383
0.1449853872826304	1.0023324954350512	66.72928309697146
0.10688642833122723	1.2975937292931754	66.68018968596309
0.14953810240108606
0.09905800093688022
0.1811608378788412
0.13279070045005492
0.11132533555310814
0.11150886818756563	0.4935887161334567	69.49456475365466
0.09725243229242315	0.7012263842480284	66.53579928139249
0.1340232374356407
0.1695541726250166	0.19533315854762104	79.20173701937622
0.138805893537393
0.1293324368014788
0.1195643809876606
0.1186952553314537
0.14869996270654012
0.1842506451694976
0.11056137606362566
0.11622091692252133	1.3574753162524766	66.90306415359164
0.13895105496387064	0.9769612113798285	66.62095424612659
0.11310350915584613	1.0368521109664215	66.6411075411187
0.09782778117550113	1.037314584239295	66.89668005471519
0.09353168496677182	0.7207035501144632	66.41334132651508
0.07093847364054316	0.8414913549092157	66.55582806633569
0.10600229179635735
0.12182666171214099
0.11082192911989384
0.14938977597625805
0.09113519487215871
0.08535561755314887	1.7598069277131878	66.82072896774301
0.1038232717335829	2.3422919057930063	66.58289803027027
0.12613499867575037	1.230275083872115	66.5585478246887
0.06997436865906193	0.9780765823041135	67.01284021185405
0.12779903377029067	2.130026731829734	66.60153094003385
0.11652705344657505	0.36274739320116817	66.42710069440606
0.10148345601801619	1.2895794170815473	66.70245994981137
0.08474143533289961	1.8689987945875657	66.84342553323685
0.08547919471829409	0.5756820421049864	66.39557606859762
0.08080058449679678	0.595629542826455	69.08796351612804
0.09142466200298177	0.4254744529078042	66.99966494193811
0.12043784960249408
0.09997109872464117
0.12267191890546925	0.12158863585226967	110.69858318914527
0.1460890097004349
0.1163612072848996
0.11313608776222998
0.11044154002032713
0.10354375666774027
0.09809154504015795
0.0868491163451341	1.8217625920191303	67.03411588504156
0.10328313066624684	0.7914454787370763	66.70709367374803
0.14722968928021898
0.09815937002216212
0.09900713109268544
0.11775338987813078	0.29205548012887333	67.88512763816803
0.06679371908275575	0.7340384337859873	66.80659494773649
0.1259150194786552	0.5307661435703505	69.79877421745991
0.1330557993631862
0.2002321343372865	0.10246612800558069	127.05874948823983
0.07916987871411686	0.22412121175592212	72.10498362455328
0.11010072107494877
0.0817042635686975
0.13701862807681175	0.11411467249594574	123.31751685932986
0.09759449564853144
0.126205573463463
0.1494488787211935
0.09992505133926073	0.7874305037933919	66.56581281293951
0.24444395974196406	0.11070889592243474	2.60208762031296	123.15496545760564	66.54974732048925
0.09225191755415339	0.5829039210029195	68.93535193912268
0.10619483986763828
0.11348757683675517
0.09699243044652156
0.1240380534307609
0.12286346375361917	0.34715369490326575	72.33567123694516
0.11903434810895765
0.13692619928536096
0.13546389471135048	0.5472965200545218	66.8639772108988
0.12075683100706185
0.09719932667353376	0.9881246798083843	66.78350315395109
0.1425502138278874	0.6202803616913904	68.23773641989735
0.07826281683872766	1.1694354448323152	68.11083606163866
0.07235363584670775	0.48522954495740434	67.55090210357588
0.15918387468637432
0.13145971985718796	0.2377003704766278	1.0738729019970226	75.00565692243336	67.45059271906646
0.12018263688206544	1.3374126452477662	66.89615762535595
0.10349775725412742	0.19682781511189748	71.32621284345521
0.1059529482007883
0.26415718020601586	0.14141590671621465	122.45827138478066
0.18452470305372085
0.11118692304814969	0.238592716616479	76.61491771279806
0.11644780717245352
0.11670905402132441	0.5902575836281863	67.44731790252739
0.0496272960720679	0.09673927879879685	1.852851237565057	114.90380387911763	66.53541436780158
0.12999992489894077	2.330232701372438	66.97835978017338
0.13622094068650717	1.3966316762723354	67.08036755953539
0.1425956770654825	0.4620487461263395	68.42382337374136
0.15998819783285873
0.11221608762300693	0.2110031522299706	69.56558522423325
0.1279178335072794
0.09858099994244987	0.37821014258977587	67.35145364301924
0.0875435039524329	0.2721812703151734	76.44889719616438
0.0935451533459204	0.5981996107350771	67.26380969526271
0.06151478834867054	0.7787541282327812	67.16694480711655
0.08585061255181521	0.24960159978041785	71.25473719526696
0.10545325841819753	0.600075814454432	68.73612581012604
0.13844770476782778
0.11191875659171104	0.2033843643235622	73.20944213220885
0.1044389150717938
0.07138654541561128	0.15976108317936405	76.85410599380661
0.0929449115586416
0.09280681063944723
0.05168577211203958	0.1323332208542467	128.6594281306679
0.155866445056543
0.09040750282963363
0.09996268598004858
0.09825542702764378
0.11479047503700499
0.10594975749684202
0.0737896039916716	0.15526724080561402	75.55502917376022
0.09339823660591295	0.4663420763259312	68.95084583752055
0.09301188950277604	1.2488267227995642	67.05546521475577
0.09216407602423497	0.2611266164248258	1.7718766547465037	72.3802075718811	66.59316131108669
0.11707645548689727
0.02852049128378639	0.11133134808452168	102.06177373099172
0.08933371549743811	0.15372139706007476	107.9900398957373
0.14081682338826954	0.33975079994218776	70.88131076134033
0.09708869228627251
0.14988522270919302
0.11341458107074506
0.11827929796284642
0.0855472137897587	0.15503861308608013	76.7438216947777
0.09123141598826767	0.18070894997112377	76.10909662880982
0.09348519527796957	0.21232280736783765	72.24970208849294
0.0959354627528563	0.24104514955936326	75.09471991721378
0.08882819600422498
0.14076109117023972
0.10727426170888056
0.144261247877374
0.14279534488633702
0.16309727367746815
0.08194064243283034	0.3368470982300526	69.37968288860831
0.1118805459595608	1.1889561232499557	67.8793557676824
0.11278149521654224	1.9673605092938022	66.45940090400592
0.11952444091232002	0.24446143163182268	0.581174789161673	73.40677418308725	66.77880695761927
0.13232078819694187
0.11768859941366398	1.8148855738470306	66.43223255857706
0.13710378755959277	0.644894461903319	67.23287805041247
0.10778350113059598	0.8089283787153878	67.7267793555461
0.14316199563130372
0.16314506176769394	0.22154514267298878	74.43394583043687
0.3178815065725907	0.1489824878000449	124.14826236448634
0.11751770939933971
0.18847681150237178
0.15489070560678864
0.07826466871151369	0.24999671890015931	76.44058301141268
0.08110954662389176
0.1579146102365839
0.13906045791633678
0.09252703208140656
0.12887037473408086	0.22502906289957522	74.14265300079495
0.14414922093504937	0.478920051867435	67.62103773760892
0.15064229071644283	4.6207556120208855	66.40161143666816
0.11303576757899234	0.48061692036879844	68.15014480432703
0.08023004852139576	0.6175464966979229	68.88784482868967
0.09297912875734404	0.9597154654630926	67.00899273874037
0.05793827684582361	0.1221089487865887	0.967383871668738	110.08484652868538	66.49038443190562
0.11915296469632944	0.6481028731100703	66.48697953718275
0.28273233288234606	0.1275766420778614	128.1073433078605
0.1065594587329604
0.10222670583065684
0.11185246635032685	0.6509297076729379	66.5209409250292
0.13683182330862464
0.10002388999282068
0.10274464398398096	2.899809455047816	66.69170411979168
0.10233016885194425	0.4655955318534319	66.55456861551752
0.12796300976799604	1.1982137674638467	66.75282609874623
0.09551461867218952
0.1476719258647914
0.10772220702329036
0.1501094942695182
0.1161110658775727
0.11052118703017695
0.11768338103286068
0.2641513176603675	0.12859228495610064	120.9165313127216
0.12478204756225016	0.3716086623554074	67.31759077007325
0.10608050860545334
0.13287084844313546
0.07108936125327697	0.24592598881331731	79.52391703416366
0.10998534089044011	0.23630169072750132	0.7031456437788038	77.07226849633675	68.47244761714921
0.09572723550918089
0.09155630706349846	0.4384794066289449	69.54981543203002
0.10820819303418783	1.3929407833672007	66.90029445168085
0.13765258890005078	0.8957625104865073	66.39846016333055
0.12140483003637129	1.1013798841106521	66.57664396690971
0.12274044658650848	0.8136428588501162	66.79428020587332
0.11108470202498838	1.3822037404789862	67.72979847181134
0.1505249832678745	2.4503023336998346	66.41177711562605
0.10789835387843318	0.980223136807565	67.151530084243
0.093805234190427	2.546139001204025	66.64979749101545
0.1254191905727382	1.3942962217854886	66.51365273362475
0.13498927555914716	1.0058585944327167	66.82397558743216
0.11621433298365133	2.0933635842054708	66.66450813317054
0.09704004928338021	1.0053351495756935	67.61590898840696
0.11938570468525897
0.12912070368974557
0.059397171114200724	0.20512085948923883	76.8958486526396
0.15826779086467127
0.16183481714245923
0.10908269693569042
0.06393737719765118	0.184122613488011	75.79173459562408
0.13478505113462436
0.11849148531558737
0.07311034537601258
0.09821124210397715	0.38415624709313967	76.0672303085171
0.06662997861533164	0.142714326376731	76.43326694993284
0.10392548460608876
0.11682042864392372	0.15602851967284723	77.4180832840125
0.09515797680592093
0.14735801827667017
0.03673230097404018	0.11188236616806525	116.3764839867692
0.1460773631891982
0.16105536491943348
0.08629025516770487	0.4600630734840077	68.33298636870421
0.07500937243857685	0.19795447443327668	77.34616590192219
0.11487980037181106
0.11785766687068266
0.18035466975106193
0.12240316970930026
0.1328132954545267
0.1082163090505385
0.08866212327219203
0.08732056303937533
0.08265192316200584	0.7379081591633345	66.6544354757567
0.08952363589522395	0.5605393175139839	66.87060528982155
0.12388809089414701	3.7574271067276728	66.39758981906344
0.10613931538199063	0.8746155670501827	66.43723795671676
0.11025228128827923	1.9461500745201372	66.84896736558642
0.08263907778648716	2.1203362013143865	66.44551835160716
0.11309216236195657	1.926960505637833	66.47596001569619
0.13060625917109886	2.2524476299733167	67.35198038320856
0.11811281501957054	1.1367569930765768	66.5237442789035
0.09641654957810662	0.7461041894695292	68.99871309789154
0.09832294415698513	1.6891598260041256	66.47935125506942
0.10021423579106707	1.5890435484613081	67.10640718258331
0.07067948649022941	2.168089533616481	66.72521178261437
0.1175730609813472	2.163184974861172	66.9586095796367
0.11284594808650066	1.37611724218898	66.689259246517
0.10861654347956384	3.359807661969806	66.4223344318611
0.10270512792091194	5.911506054338725	66.53005896818266
0.07358439102588595	1.4654004801194853	68.00003641223377
0.12165791735955817	2.8899905451784176	66.4559955504175
0.07990822361762422	3.005221752500367	66.70184749799232
0.09130221812398324	4.564799793317364	66.51606757552942
0.12255926939296069	1.5773267676114076	66.79093706813826
0.10588613995891806
0.14967388840247806	0.06617564329776304	0.2468787111179286	121.5558912589687	73.44663938535052
0.2699151897718597	0.059305011662915255	0.10622582620107919	0.18947964616044763	123.94473606977682	104.67006231925807	76.77432387264489
0.43287240718462433	0.1172690699744453	122.69281721571652
0.16115968256148452	0.031831862410347765	0.14177001769023828	120.28778015384475	97.67873858479892
0.06200921795060078	0.21769200031484245	0.43476038231198855	77.98318179790596	67.26513151419067
0.08417824631051114	0.30888117328740816	74.0889557475099
0.12817725420937803
0.12188669359443341
0.8861081819097019	0.08007935619463688	0.2808176692960403	126.17198767848635	76.2601886422442
0.14702724459317723
0.14247232499599866
0.16332154976583757
0.16268746483193616
0.09524105363575461
0.07643636379467565
0.10581031482011508
0.13075443685157728
0.17340613130913865
0.1364831061060908
0.10052092044619512	0.10500112761325099	1.0588115341829958	96.9676386026822	66.50662041861412
0.11453931017300131	0.450013027156857	66.53217608462208
0.09821657452004248
0.09699021336801447
0.11827089967407883
0.11610982163318474
0.0937421905633151
0.13248375750957056
0.1268297623478722
0.13513270970329513	0.4479332781214552	67.3490139982318
0.10169367568983984
0.11826115958239733
0.10788284786504333
0.11107809125901741
0.11785626923349886	0.20316777612021863	74.53070255873075
0.07041678454836119	0.2487587260624136	76.31645746195548
0.08538015999157025	0.9956181667642501	66.78650607814171
0.11854096281920103
0.11284943651531729
0.11591026191574164
0.11642783837670265
0.1397065886086041
0.14805663754860066
0.17678040684853738
0.1283983345598181	0.45388126734975454	68.52809388671976
0.13365152011783138	1.6718540834401718	67.06010044963831
0.10517866640560752	1.351781230285937	66.86171637261981
0.08544261396730118	0.9420642965983944	66.95767319958938
0.12457635023037525	1.4906328105277586	67.35286887958571
0.11101618735492276	0.23447303934539832	66.46539019271117
0.15870511729138642
0.11027389742702577	0.350914444797699	2.4553643559386367	70.53994149173445	66.8728660956062
0.09554175750089196	1.242308296772232	67.34601898854528
0.09664565545118306	0.8218050150163502	67.13754008425758
0.09171726969881762	1.2017322864637274	66.51139268983907
0.10207190558536909	1.1922039041699173	67.09036149463947
0.07435779463127251	3.7609801504975793	66.6026041016296
0.10116156471707076	0.5289550195913931	67.39912608966813
0.12043225456878308
0.10444008085330415	0.413719621837592	70.40683692888587
0.06312676958556426	1.8546374627880187	66.52751889972485
0.09530340555128068	1.0238134970808934	67.13517209118233
0.12817507084850593	0.5745058812011797	67.88388664652227
0.1210907687996446
0.12066985917778587
0.1525887715710414
0.09466290335296569
0.10519649244509072	0.5854859993717333	67.8568924254421
0.10396879095589603	0.9755483383549292	66.95773068007574
0.24736334791812653	0.3158182208556842	0.12525265854334522	0.1689407219766187	2.002568594746607	126.70257573555409	125.23124235070237	81.65843584356759	66.88862032582595
0.11740762864811592	2.7679150180826158	66.55240252217952
0.09458787745221624	1.0925439793464564	67.61792275912809
0.12819300595930147	2.0655441562501182	66.37469110941733
0.1417170798830101	1.4002079746053888	66.77690064941527
0.10263406110919691	3.5430664863091175	66.5926957408449
0.12809533995445807	3.922654771762122	66.3861912365042
0.08671867388346395	0.1443877212229554	5.031978964186174	76.70937964981991	66.71735032686722
0.11858696745624563	2.4298216347214634	66.55504652224235
0.06043843072982976	0.2659364446026152	0.835557161606337	76.056078049543	67.08434920823012
0.10469768595657993
0.09718715616017493	0.2627244670409017	72.57284380672854
0.1398398019948265
0.11154171293322689	1.7790596906560174	66.57762058984757
0.09147100439074973	1.5486140134126278	68.05653572427586
0.09529258537775882	1.5313878833502668	66.98764509039782
0.1114748913257475	0.8967791361043183	66.4587073387135
0.1146881563040475	1.572249644424778	66.49860874060155
0.8134849748621855	0.10519988377959465	2.025197687395079	128.7758604095195	66.77829558474318
0.08118239586095591	0.7841129363231853	67.07295398408296
0.11005040955259827	1.0917403991332164	66.72069290653172
0.15291729597447723
0.09447251859035694	0.14146796672975284	74.98460781372792
0.1157797180536448
0.11525676026942397
0.11761402839982782	2.7463139307952504	66.73064375813965
0.12816466272161336	1.6343770946784928	66.38909122427826
0.12191059824162913	1.5459750817491207	67.20929339986448
0.0934834307417587	1.446074148413698	67.18834597394859
0.10157055394947004	2.9335818120925388	66.49889799577413
0.08559371962418656	1.6403740063833463	66.84354104042382
0.07700917551062783	1.0554960901219772	66.44215648298976
0.08291521658966106	2.8847181696465416	66.65884717215633
0.09190141119332107	0.7165222099234053	66.89189862812596
0.1454446156388643	0.47460007330110476	66.85955002743529
0.09578726092669011	1.0315379527417516	66.671854659975
0.1484893483943941	0.4328294472758738	68.28464880913833
0.14874736096139538	2.327528884107141	66.38227835644702
0.09404329900952366	1.292010641332178	68.2642047733064
0.15638804820695665	2.962202365717322	66.87837305209825
0.0829611628133137	1.2279242539073794	67.35024845566687
0.08288353021684722
0.09108253225081459
0.11809896502492985
0.12326044845187616	0.21841078875508974	70.3759773626854
0.10376473094456848
0.0914258127374065	0.4460202952474295	68.27048767260214
0.10051676687444704	0.9785045501273937	66.43188984479774
0.14864991472190087	0.3152161157663903	68.2633500492845
0.08027049490981615	0.08879022315679254	101.53400541452612
0.13084683524788596
0.12410867703209509	0.2253747129399728	72.51701539047502
0.12832942749278367
0.09983398860971492
0.15456349644128417
0.09009000087648916
0.11281356094512479
0.11522989031448606
0.08610839292214514	0.273192774870707	66.90002804106284
0.109610630649846	0.8371656681765873	67.83351213611692
0.13825628150421704	1.5082792814485788	66.75059630906014
0.06905704518261863	0.39186955347724195	73.16786416289723
0.12568623165335394	0.16978151891662527	79.06936396020375
0.07398740725438036	0.17388746261005428	76.08822277380366
0.12787365840763157	0.07671174414027593	120.97670350294112
0.0826973517550092	0.20015424052554318	74.79724387460007
0.1403592548773768
0.10143807603971332	0.31231757033903396	74.741950234684
0.10293703221893218
0.9715520140430811	0.09332523323572232	0.16318509897048572	128.95072773456954	76.65975210163678
1.19546080370954	0.13614132314113198	129.21020417060248
0.12618888873752138
0.0779155927412118	0.6892621602489017	68.57075429165818
0.11290124328067425	0.1114307118314241	107.335343863653
0.13643187529181647
0.10218775671846611
0.1024611683533393	0.17641981674578452	76.61263042424085
0.07577919320934956
0.12127460183505982
0.13328825673434222	0.0734565760662124	0.2646737550161203	98.37235272485403	71.437494796392
0.09981563079624008	0.3758663466890995	66.59156981226074
0.08412717416194057	0.1863677737631985	76.43444103646672
0.10225175231177239	0.34721600225370675	72.6639458423755
0.09733764251331428
0.15366635757579603
0.12383293504824515	0.29779908706590436	68.67476567802157
0.1244915870492268	3.2291004539187305	66.76410494736453
0.07739057240385507	2.728886008217298	66.66175714736234
0.10154206812712455	2.8464997241836762	66.85423799658125
0.09468839694990194	0.8537869409578037	67.05317946337072
0.1050083571059915	1.7864315702190543	66.77858563385058
0.08522958883916625	1.5348430787314749	66.9109805077646
0.13200352073399257	0.5510565128384138	69.25624604003843
0.09442120823436813
0.07669419683377869	0.25661452910247495	77.55770395780077
0.1126596560187769	1.6165063202810133	66.67020923378551
0.10276159863240647	0.48340927126598887	70.47878388068385
0.1007844750829724	0.09798921399584695	76.02469501149235
0.12293853752690338
0.12482225639099132
0.13522675455316893
0.14540144385123138
0.12243399801129635
0.09921931491741093	0.5349057016387013	67.1480125044435
0.12873612668702117
0.1218622170512293
0.10895123058555607
0.12663538479008413
0.13780028377004075
0.07682366938063626	0.2995545997439608	73.32259916750935
0.10215506745588472
0.11176348580649592
0.1125394839270745	0.15561738008502493	78.53483700759594
0.09960538515935455
0.09989072635202603
0.07970531474384827
0.05307624470557767	0.3621343350571274	74.95487765494593
0.11341613069376634
0.11672535303787913
0.12697664411110932
0.12693936610072912
0.11474137498567788
0.1384950187047497
0.1321091636727474	0.5677670812283299	66.63198471050774
0.12481172078594632	1.1115902685000811	67.0103852835838
0.07532922497489793	0.12025218408592989	0.6917759263876283	76.32225844907131	66.45529417842303
0.09248668182569939	0.18180845362495657	76.1046741324414
0.11061291418758802
0.08134466869210229	0.10505686268272615	91.17672309853656
0.09534598219621673	0.16935271532050802	81.02409577176148
0.08586590268448231	0.3504158551428776	69.69688356557067
0.1174298827913798	0.12524104613141326	100.85618500342053
0.06851727294104049
0.08215589584245023	0.25273088966820734	74.99276709397024
0.1029303563607513	0.35062075289734074	73.31273885124034
0.1496786858651918
0.11825444824870103	0.32336632019149764	72.84119232952223
0.06332225154683978	0.5267498187429841	70.1773841507847
0.11255762946663586	3.1619743100215225	66.4350690357055
0.09505130564401282	2.550250644599377	66.45637594046137
0.11743320384999638	3.648462471877181	66.46594646551799
0.09971150711328665	3.41917479191448	66.96426403957226
0.12341784929795571	1.2343522081042253	67.17842052363562
0.15993845399632384	1.0780749764498874	66.92409150542342
0.11281987592092578	0.48528964081841897	67.39327167619399
0.102035255527384
0.07864123278757307
0.12310774378512364
0.11399795236773323
0.0793411158339462	0.2728371072728082	76.71731782741814
0.13448027112731448	0.7817959737160072	68.47858102549999
0.08382563203047172	0.6277807767418205	68.27680507920496
0.10472013130565773	1.6651437606327246	67.31490778384531
0.09918755222510664	1.58742370858436	67.05280208391835
0.12711012709220132	1.110231040158869	66.83239983665776
0.1072330769551073	1.3299145652553122	67.13322052740081
0.11419948607219263	0.3229573941299665	73.26758671558927
0.0981476644050711	0.27572123785352237	72.73676774654949
0.14552500142661973
0.09873999044453598
0.13392564891567843
0.13109177270667147
0.09763679181589438	0.16824048990860588	76.7195716494727
0.11434207582116793
0.09768747199240603
0.09718490519236217
0.13035650527438808
0.10018106019159084	0.40405192046989424	66.60812228944803
0.17332598537724997
0.16446995939500555	0.021192868274245404	0.27467570853927176	84.5414501259757	75.96345043713599
0.08639824898818299	0.01992464529681982	0.2813592819056605	83.32587994726234	76.18763519419679
0.12424796738315536
0.0988624398681709
0.0882248631032221
0.10777908483216567	0.2499274966391168	69.72654842177889
0.11816958483091233
0.16577856927857348	0.08121724210356164	0.18934640896446733	125.9579036782897	79.95889860121687
0.11635046167433151
0.100885105542201	0.27923525380715136	69.11194151524283
0.08622501868979937
0.09326194597330917
0.07078881772130984	0.21427409366450462	76.11628503913145
0.14265797983727369
0.11079457917651511
0.09124451585736087
0.09248454325714918	0.8748298522505673	68.86210965887943
0.09710210097527537	0.6017463587918134	68.21509146934177
0.11499713461690987	1.474523244402909	66.8538502953108
0.10087659754585757	1.8090046292620134	66.76120040071176
0.06895596885019481	0.7700230483701569	66.99304184352664
0.07462916252692342	0.7174451050778706	67.73786916653424
0.1051081766319592	2.7112633798382517	66.56127731861838
0.15831149858224944	1.2452775760143122	66.47741272144384
0.12799836715649826	1.5557513801862928	66.63503422222132
0.15833774032211104	0.7915050517779377	67.1661268360996
0.1480434962332298	1.178655926206981	67.33990227981933
0.14306971554183617	1.4170490220814156	66.62113710418654
0.11104412759691427	1.1598062853410465	66.59740729608824
0.09737779522767007	0.4615914091048927	71.13791773016871
0.09306881034710138	0.9897214888886471	66.44233793629955
0.11052861697551895	1.449169974274838	66.43714451730355
0.128948931320433	1.2565707622548221	66.59044381668629
0.1254288364841405
0.11805826658052425
0.10161888984387622
0.1246819029090772	0.558255573070115	66.7334570681311
0.09579961153806599	1.0479471744305073	66.48665357229494
0.11032449969470155	3.7865064367551855	66.46656098922436
0.1016075855082137	2.638718248998192	66.62863273679646
0.10206554481809045	1.5995309893667247	66.55619622244394
0.09572444517221533	0.658430380644122	67.4233677787124
0.11846073780635646	1.016982258512554	66.59839588923077
0.09508067022170832	2.6007116892521647	66.65785921625441
0.07325448383362976	2.737467849026841	67.11947187861742
0.10615334642010757	1.4751194473081992	66.56617326558263
0.14253219387038515	0.09551841616783417	1.4342458489026009	119.10225695009166	67.06013028722914
0.0819035943428846	1.6431863741966166	67.04881204896648
0.11105818005662824	0.42857947132033924	66.63432531366051
0.14575791549115613	1.0711823018348507	66.88954537562726
0.1194388239128374	0.5290383408237572	69.90444457434482
0.11700528898809345	0.1561537465953798	112.17832037718539
0.09540285298692665	0.408248650539998	67.03478299587731
0.12568306542673596	0.1281417262924108	0.47472731454852174	75.65922348424056	69.61445173351245
0.12393756878565777
0.15541607044646036
0.0996975970265154
0.09070709900943459
0.144592790922697
0.08629037631067116	0.2452504330097917	73.20835288347936
0.39815540333773775	0.10730188745271914	0.5923138949096528	127.40620296758216	66.40374819006249
0.17575851174879206	0.41901990739745737	66.54333183921321
0.19143454226256448
0.10923544077742081
0.12429614998665856	0.05293092795060641	0.2205126743266402	92.28030062729493	76.27864099885208
0.12166768666769087	0.3122887139441946	72.69626740565693
0.11885019707076797
0.10776616226340101
0.09040095283535998	0.345680396190551	66.95896923192363
0.11080572551024583
0.10579637634559334
0.1039118203763704
0.1058868915996267
0.13480096762401933
0.11851645993750584	0.3850959175823772	67.07410428041034
0.13421909640927768
0.10235957192024643	1.418402732194709	66.43217068729784
0.11458473783286552	2.9728130760098352	66.41939450744647
0.09938617390456371	2.354828731007155	66.93235522610892
0.14923673082977862	1.8360546650274994	66.80918165516154
0.09185453534584116	0.9283515182407502	67.38308665682509
0.11309170171249681	3.458450169893143	66.48186980326643
0.06627436617877665	2.557237993220105	66.56015140921319
0.12275767807049885	1.7228274920046431	66.53745550790528
0.0702367664991649	2.1584067323882787	66.97559422640502
0.099267377630883	1.85795086193676	66.50114232697177
0.12359327811978914	2.675849139108004	66.41638860612487
0.08352879346842626	0.09790715055775676	1.4381628633353378	117.31519466421342	66.71922282585832
0.12447903704642824	1.2811291928066093	66.7942010063577
0.09955146319807136	1.200717022492447	67.1506108091262
0.11989548045469761	1.9122538311744466	66.850584518831
0.07499578354469039	1.0222106013026837	66.64631274057486
0.06149112544020042	0.7179560040532998	68.74018941603833
0.07813944846483593	0.8641364856131549	68.52086696384232
0.11871508995855716	0.6328697113563905	0.6449860326382258	69.26359316633489	66.82374690633205
0.05165864919597212	0.19387624228137137	77.19742794596036
0.07519554494812417	0.19784811726094365	75.02816894816148
0.09647406080327757	0.2957926450258678	76.31666319491688
0.0706049052215475	1.7476149141441228	66.8875245520148
0.09167701354421018	0.9196218209930067	67.29410387291068
0.08933642582647781	0.2268096070532653	1.0334299767564101	76.7050544342047	67.1035872871686
0.09269104619220321	0.14216033418225388	99.28550408156217
0.13586137988833985
0.11394339059501993
0.1004759235272793	3.600938931310159	66.48115285080185
0.09123390767562414	1.486747092829941	67.24476244690719
0.10585485626346575	3.7870920451327965	67.08756138122914
0.11004718451954638	3.624288645941654	66.74338716594451
0.09003322829786974	2.772087250779935	66.38093402864027
