0.10109328480089058
0.13833598977805642
0.12782865544135263
0.11817893489326495
0.11185393796533259
0.2542474222045416	0.10527753139664593	122.70588162672107
0.1149623336345847
0.16522100315708427
0.166016231760982	0.14493979658262154	83.47140447215297
0.125040314745693
0.10402272957601268
0.15749035932017608	0.11637921390774683	119.55961270865735
0.09146049611358109
0.3646904861964341	0.14953427027400634	120.58327443621471
0.22063630661705858	0.05230962204724212	75.21416959874666
0.08968738497086459
0.13119243009947384
0.12927292807809593
0.10199398355706514
0.17835113076356202	0.09850713557990558	80.99889410370115
0.15504447012925782
0.18568254065626397	0.01472802206030662	75.04550356868626
0.13513565776434563
0.14933160875688137	0.01450056596264306	76.09198551367504
0.19622345670732877	0.007904909208414858	75.96709711671672
0.15643404673344158	0.006180856616189765	75.62547617793804
0.15619886076988038	0.012483342107697262	75.52883215084518
0.1439005760187337	0.004175749642244689	75.72110320402581
0.17606166700729028	0.15837004670662716	0.18570521055555816	0.0020442664664791724	108.46194729745224	98.79171513690724	75.19715265239797
0.1322049272539486	0.004854780509655665	75.95855711966028
0.1782189337711669	0.0045400707930093155	76.63251186437441
0.14860447693826997	0.0052370322526714965	74.89874033995464
0.18259708297586116	0.009791937974782656	75.82556124377315
0.1733390609857981	0.01926979353951034	75.82317007053496
0.1341540453435674	0.012835891128829543	75.66213752396094
0.11769611710094995	0.16301589629230878	0.0101641869389193	126.29184848789886	75.49978495852258
0.18628565540285966	0.015112559660366336	76.17068439796735
0.16374430866721182	0.009265387587547944	75.72252993063
0.20750766053961547	0.037782311089846525	74.80791125290908
0.12743580737397278
0.15689653161748182	0.14103626754944093	122.98188126148162
0.11569018154749285
0.09705803979436518
0.3549353819762378	0.09952993378495997	125.78579827405498
0.12991931605542795
0.1324708441859379
0.13351746767003067
0.11033112329938691
0.347118376931384	0.10702527373182236	129.0454492563503
0.11868728690691098
0.11880176227015471	0.00956540384477559	74.50358675421126
0.15885451461665168	0.016036837607471714	76.16373899704001
0.1853928642845549	0.017091927807734147	76.14286117982319
0.1247193610879274	0.02071566241445757	75.42446642244926
0.143474800059431	0.006909629843705431	75.88333077649939
0.13597192402930658	0.0063979136786475495	76.15330937246874
0.1431350581851783	0.020774735212080647	75.94840262818721
0.27511017311945113	0.11859733560188963	0.039091304426504145	123.75526629533667	76.2280695984122
0.14760924335239137	0.013940112190013546	75.39102119356063
0.5782819865862602	0.14621574763565903	126.02510639009925
0.5413252412897567	0.15843132024401446	0.017274236820257746	126.80306721696485	76.75796145942884
0.12749047083897808	0.05104709683610997	80.63178042666462
0.12158326832954795
0.12819743247440996
0.1154387655990004
0.5262386239208117	0.13883280436242093	127.21190667182587
0.9349184572267013	0.11163678494751078	128.72960651198173
0.8918590468822881	0.1208606213469613	127.06157125329007
0.1087114575144753
0.13960534491283172	0.038028140840662375	76.3222675248772
0.15121378567311283
0.09641703356702372
0.4837206213985548	0.08948344421359042	125.24177872690996
0.1763862473746227
0.15525348600306424	0.014362551020062118	74.61794599694986
0.1761817233080968	0.009410534220168269	76.17130501253087
0.10896584178351744	0.0018681833093001938	76.45165042178392
0.1373160608255815	0.00786927044967453	75.45561224923068
0.19491360463361462	0.012954480762869836	75.80030064087603
0.1822546457026333	0.2385345076034302	0.01051109095385096	88.82392323212817	75.21044519184832
0.1653526354277776	0.010433410995381278	75.98277122897073
0.17351113195517687	0.031480825331744025	74.8156679599249
0.17101340609478516	0.015182788316231034	76.20167956467829
0.14779153667117242	0.01625170611739718	76.06008259444619
0.15900251855396164	0.017878432348221094	0.10924819196069176	76.03462019061011	68.816102296189
0.10060144621008697	0.016677579848059475	75.95938333361698
0.6118285962103607	0.07587889084103164	0.1786800292643469	0.009738227107457354	128.92545919818642	92.61962088423456	76.12887200730229
0.14697192078336085	0.016310392539656268	76.72030077034962
0.14667033462781331	0.022484588236554925	74.84998112741876
0.10429666816742963
0.6684747862774306	0.09507180724326313	122.01673847200263
0.13538920401866378
0.09558494154992685
0.1014198569510552
0.10608489662853482
0.08950249823582956
0.12334689425015438
0.14183602008926463	0.0208016890039311	75.0628513653447
0.327168673945405	0.016770491971016314	0.1860916712918236	0.018421334536356696	122.81092556961133	104.91652008789774	76.00370738883097
0.10095312470728939	0.18862960903336362	0.027246993723461902	87.46206047553183	75.20262501132815
0.17550781230562496	0.004792975408212638	76.42319221387798
0.1388926361623308	0.029767032928043086	75.4791909889951
0.09616647289296323
0.14459044619538614
0.12129609177867014
0.2882560909375475	0.1220111078742822	123.30467404412657
0.6646952063674162	0.1029495568588236	123.63137171251762
0.3487420735127679	0.12194099927229289	121.43231887188335
0.13257553757216062
0.14282288845874122
0.16421477525459277
0.09843950077619838
0.1009567814239822
0.09897599376354588
0.08653846912716924
0.10674238005476609
0.0946307848502407
0.10696188833330339
0.14865465674774553
0.10636219916877984
0.15762958599526003
0.09594140014533839
0.08599668931865008
0.15175525542712978	0.15492822602760442	103.38327069979483
0.08312299680190188
0.20380077867311305	0.1475303580848965	123.64590287874417
0.1505504937301634	0.016453962656804044	75.24258204480046
0.16888787412926867	0.018065506316941378	75.75992368594392
0.33052672344406797	0.09566221173589567	0.30942643585769036	0.1284610627162622	0.013888223276018331	119.1969437830215	101.27310707872792	99.46014545299604	76.21014479892634
0.13282371632212947	0.10882218374733368	115.37240116373678
0.1287334202975043
0.08277859027822505
0.12929520783335913
0.02653648376403422	0.11734037697509002	126.75221429312163
0.10793486877916714
0.1154276921202513
0.12054382392223499
0.10073206228641143	0.05794258617047953	76.1037756281257
0.3788565266472251	0.13281138405959286	121.40626046138115
0.14002064720734622
0.09284786691580964
0.12951474944576066	0.10554573503557861	114.55827687707604
0.11423098807014745	0.051366400382163634	75.89689629356964
0.3698069606291655	0.07709140655925169	124.4787450359998
1.6910716228691736	0.09951649592870818	128.0823783848379
0.6543922444771185	0.17532322808346057	0.036722158424629524	126.47916237661934	75.60789090838256
0.1644026632326746	0.028110112640679558	76.61330137276025
0.12314628192277537
0.07892248635233524
0.11306664498292428
0.1063684258227129
0.08764681888655382
0.15498124652249554	0.021678114643645868	73.93640643423716
0.11177197662674027
0.09316787772801971
0.13356077249249826
0.31349234355381195	0.10793818138074134	123.920242925263
0.20038349452027918	0.02108418636316883	76.09167950376478
0.16810974505899492	0.006814095145819355	76.71804892862609
0.1270096949323566	0.010577934029628479	76.67321300615447
0.9650809438882358	0.17854658148906877	0.011296187388912433	128.83557410723708	76.49709998114359
0.18649359413073155	0.07357427145323782	75.94873571452005
0.10094856855669686
0.0930762738139334
0.11388160911254966
0.8999086244444303	0.10476190313503764	127.43918468514192
0.7709642981456793	0.11000646667466757	129.85290761012897
0.8432731303538185	0.0974372565499915	127.14398607097796
0.6219103243567562	0.11015604033034966	128.8836234766524
0.12068630081912779
0.16412913148829533	0.1721609824334434	69.72818498330228
0.11093286660334808
0.1039495212045686
0.14791345317076784
0.104479090264269
0.08575773866642997
0.17415154540474306	0.09547596131686303	121.80722379144427
0.11317319225402223
0.1126648175171457
0.20708182893984653	0.09847615863016748	123.44161866244883
0.1795442039568579	0.1369033436575954	0.021579932499042012	119.22677500229139	74.95702895120291
0.2314918706754476	0.010170129396543553	75.09555944244113
0.09146777146557933
0.13792948871533758	0.04246023023604881	73.98346421829955
0.18009683221351147	0.008508291664503313	76.45765726646817
0.17221032256518148	0.01960213767452818	76.01232763391208
0.12796923260179624	0.009735297797727551	74.29621051043901
0.11966650768215709	0.01726766063286554	76.400191880817
0.23076865654944367	0.025068091162741106	76.82739966828716
0.16244214632315068	0.0023652525983122474	75.71257148107927
0.11738761273624004	0.0009332228281944585	75.40822482330917
0.17704897249217091	0.0007369894183634806	75.8596374603636
0.12954933760812776	0.14378210782483558	0.0020603916694044277	76.96705522196696	75.77048894361474
0.15117336256963104	0.004342730263129594	75.31618017765103
0.5324325407300669	0.1542832949369127	0.17033565061805192	0.009324745599343988	127.19658976412065	82.92783625561972	75.71985933261051
0.1470776051530299	0.024218210205016348	74.95834521959368
0.16696367394189665	0.01437310866307968	76.56090831911051
0.18355444257948567	0.0033361664058163044	75.69128962136784
0.1430623839315343	0.004337936118299227	75.25353232884352
0.20227005359668596	0.0038291903822663858	76.37822472163423
0.1815558288734819	0.1776376164237124	0.0023947184472013962	82.38203006928731	75.78780417981233
0.199104227104133	0.009206812825782408	73.93250403746008
0.212999165346046	0.006544369053437298	76.32143060102565
0.15217230835268328	0.009751613199013198	75.91906595355623
0.10949169870773037	0.013642610227083522	75.60635305113735
0.16402500644012555	0.03386644340970986	74.66109517341046
0.2810191440349734	0.034574168957778394	76.53208713368558
0.138895578221706	0.022704358865811815	75.96366736655946
0.14499859790354422	0.03439664848360223	75.88701245082942
0.11605573805063014	0.01437786461051712	74.89067698701588
0.14219703721786295
0.11733460023767149
0.11781249082085435
0.12352383592606701
0.12290215410241116
0.12873532065668528	0.01379164674438637	66.82405853189815
0.1280916409676522
0.47333459587344184	0.08007653921194613	122.4433949069254
0.3666582373612392	0.08673485489528807	120.44191541518954
0.1689471275670545
0.10200906059458795
0.31246049105455515	0.10379301726358034	119.59985159168515
0.09741114277329689
0.13062873201054467
0.6726480026689872	0.09610390959964317	122.32380111736711
0.38979825408181173	0.11240620031919772	125.61182519726486
0.9639468161146418	0.10908475553952998	126.68222871483299
0.1090372495665856
0.5092965375038692	0.10507932288911492	120.17571931767412
0.13748534554198702	0.02745084505673051	76.17272222526718
0.11682561820403911	0.024861604871759466	75.4252549642474
0.12928483612235916	0.006135379304730144	74.91074186893141
0.130520090751663	0.027236176443823427	75.77722701131303
0.18911197108379063	0.014470709031265879	76.26824563633295
0.2275843269402172	0.10511390285603948	0.02448481674595517	118.11956853630909	75.8538091265897
0.14634769771121098	0.009954122695084937	75.98322948443081
0.20650571091887182	0.013535026183544897	76.06435644865229
0.635780765902752	0.09546128564684594	0.023120036946321084	122.08331871572108	72.80443591508302
1.1898420450000606	0.110285569672136	128.9330220006285
0.12379223709260127
0.9543779484123973	0.07249618095663972	125.26796707947427
0.25493377603682976	0.11863487516211006	122.29815434715749
0.14456712918178732	0.06816511812366173	71.36917435161591
0.12692099725230466
0.1211880245981601
0.687979458930507	0.09238251011673966	125.04917710537005
0.3757810000134252	0.10085812722700617	123.22890352527538
0.09843629833590416
0.6750839353545973	0.11784735425935831	123.16079486223725
0.08415675409582458
0.08350137360434891
0.1250461972095186	0.021626090864146318	74.7267179627083
0.1262346276102171	0.014352640704081923	75.04682082965904
0.19245125258183368	0.19322532946614923	0.0025492695912029285	123.77392830244969	75.81042034970243
0.10506469256591634	0.00739495289220284	76.09317080447178
0.1893847068720493	0.005943175833129152	76.84358167979363
0.21097111193503976	0.0035981527824214487	75.98397588883238
0.14934574729675038	0.0019982720436632585	75.58458165816148
0.1687995859464366	0.0010796339851898802	76.0340441680291
0.855653268608815	0.12885254939386243	0.18779068170704408	0.0038775960729597694	122.75387401115934	86.10811347713559	75.43468450607963
0.17541034877423722	0.1294963225873948	0.002220020449441074	119.0156550214252	76.5260813963655
0.17816947873668623	0.0019069778216928047	76.271084061698
0.14370039393800768	0.0033604926302507007	75.49291078699551
0.14655093621351314	0.01076804958510939	75.58828230175405
0.11437384873647842	0.014360907334942202	75.4397642266876
0.12368911777414125
0.10220480118006182
0.12563314772161369
0.15261938754208257	0.11916692147206379	129.47300866007734
0.8726778639646997	0.08786335403533257	123.23351264770272
0.7127744425655125	0.12428176289366928	0.1169561320111773	123.37465532062748	70.03930947536428
0.12191798385695113
0.140456802165019
0.13694150239996905	0.037324897067622195	75.99453172418356
0.125663091227486	0.011641737246693061	75.8343505696658
0.17317136950858042	0.0903637288997842	0.1458447506784162	0.013120294611305632	123.12286501441456	86.75485143623278	75.83555556382227
0.14164056043566173	0.030518961194357076	76.00702214497424
0.14486098503539	0.018147185474002504	75.22487336996409
0.1502777377223533	0.22995241783055057	0.02633529913986239	87.94261682795342	75.95697322039545
0.1463197552551714	0.02888615219295332	76.1144776600659
0.16767592878440246	0.008987100978916378	75.9832877495026
0.17943517077173932	0.0219218896742374	75.86986515064561
0.1372301965004295
0.13362137812869426
0.31570741627114224	0.15018506351851676	118.12416603207726
0.5140802571210452	0.08908864164187165	127.84410909681107
0.0886005048188825
0.11979086523770138
0.10920458588245599
0.15077727601131347
0.1113477031555976
0.11945806900998344
0.12870446698401733
0.13985167395703768	0.027918668965601072	74.44489328292049
0.14780984681940176	0.022071738442894128	74.7106244972078
0.200007813762907	0.027049145460773638	75.86724775687019
0.18976461426469343	0.0299123454259584	74.53611075247788
0.351909240059401	0.09349809937704961	125.55052519226945
0.15030782753254013	0.011932944964222548	74.71128824908071
0.1415033344319636	0.002322462867600524	76.00866945535202
0.1709234463274286	0.001701584158015411	75.09731141323874
0.153249248169451	0.002719306153042086	76.09017603242609
0.139309604627926	0.008609302584414596	74.18189976428856
0.4166178303734623	0.15351205666277948	0.005283183994478258	121.32442234051098	74.82088991769632
0.18496068950699512	0.0038727781081588533	75.47655206112499
0.165764451662902	0.025315718041995727	76.1392316433349
0.25054076155408733	0.1134378078552687	0.008898621673704827	119.78440994663038	76.25152809161654
0.16959852873376308	0.013735270548333588	75.02015271097933
0.16947968958985415	0.00553562695563438	75.20205334993341
0.1511158069085615	0.0021268893337553687	75.77259622494792
0.16259388197653443	0.0060696532530593785	75.77736329272786
0.17377111340281168	0.002528348585340266	75.54776471600043
0.1397799888582792	0.0021683864538421986	75.86972141485174
0.14461047302228203	0.003996143764864248	76.16892125181923
0.1559956776347518	0.014034669871543013	75.99031900754957
0.11842902409498227
0.10399514838282746
0.07750655704605693
0.11967307497139472	0.16363394854827645	0.06915694002420956	88.32922945604368	75.02329869901895
0.12712221327608147
0.1215757186484492
0.17642825548465488	0.010897786384466798	75.00908124719176
0.2536412858892028	0.008394138201758248	76.17017422551005
0.12499682465625024
0.12884134717028572
0.15201166069300118
0.16881095329721937	0.030476402796323774	76.38733585806992
0.1766989131469785	0.03274324636675089	76.10839318758266
0.0987625488024904
0.09295275655306794
0.13844626363087081
0.1623168075435855
0.32637534933104095	0.11823099556081124	124.36056703291489
0.11219075549899789
0.4367957242787332	0.08205179422436928	121.56746689577881
0.7400146463896367	0.1308089571461403	122.83852875845213
0.5700592250411555	0.09380886796870773	123.84169107448027
0.13851562364528985
0.13221309806755227
0.12160758815434247
0.12809769634806992
0.1276988816897722	0.09593917412789692	87.88455844797524
0.0943037264001485
0.15618723358214096	0.08702803212261441	125.22439422748839
0.14192174994236698
0.08423933974583804
0.2622213640664926	0.08892714892351156	119.10124182626589
0.14393321330027806	0.016072225157046965	75.6575470281437
0.11827214985854943
0.10110725628767218	0.034388620197471714	70.50957781628561
0.41529049478026625	0.14746999452657591	123.96180703001485
0.7645636303417414	0.11579838276125241	127.87418801867473
0.14121916237155402
0.15818278688816703	0.02214972554498948	75.47184140570495
0.17223970967360144	0.008266687494414043	76.21462824656318
0.5856472442729647	0.1191624226964022	0.009042439739581905	121.24837277672714	75.32888278219914
1.0959142691058543	0.1461327044244749	0.0245541327901748	123.77179654608608	76.37928049260321
0.17782949355599645	0.005432725005605987	75.39200941620861
0.266481386458712	0.11173056951744263	123.0221831821266
0.19713615381390343	0.12841655993187523	0.11578501833583514	127.24749007488646	120.85469976130497
0.24402265971731732	0.021374289955525958	76.55638871148746
0.35590679054937097	0.1264884858617665	0.025496537038369314	116.34852054659538	76.11925075804982
0.1933113253488718	0.3819003072297708	0.007795894342531251	77.67848472971997	75.86335097795529
0.12658637505180406	0.03276941953975379	76.31877494709057
0.15189353067660913	0.04635733661734602	75.0553771076842
0.14831576010352485	0.015701571608695543	74.55080121329489
0.14670308921351846	0.0076812356503570866	75.90650848015055
0.14594352205466146	0.010230686172767496	75.4905403830061
0.14196863639205268	0.015800032022469695	74.93096951733533
0.17325679900174754	0.004640649446415564	76.56188244036998
0.1638340222781449	0.0024625812509345103	76.26186371178834
0.1366274062920912	0.23583292212350093	0.005619643785777094	100.69086692383826	76.1387853313578
0.2236762433449672	0.023318734095121765	76.11376765530092
0.09305259408059559
0.11029986397178308	0.03499754681100705	75.57101836793842
0.12622316867322847	0.007071554409860945	75.82946998566612
0.14942153905299174	0.010214049587386281	76.19673106201145
0.1409966589462329	0.025675039137285367	75.71570851543296
0.15247212589583106	0.0220420043527297	75.61092965501939
0.08545713201864659
0.13688077173919078	0.042273557994719144	72.61894308181385
0.14953385591337714	0.017312556807906287	75.84326167856688
0.1135147333740614	0.015809472257485947	75.32703334167735
0.16777896403282372	0.035883281971174213	75.89153084195085
0.1397049031767228	0.20542408561922781	0.015114852387984566	83.23902861767351	76.39594267669632
0.17677886281719976	0.016177854654036147	76.08145412219831
0.15761801529586938	0.01485299229313579	75.61363773068852
0.15398553556330447	0.01441034348115351	76.03748930534731
0.18006980007143658	0.026458716679326883	75.39241234782413
0.15360467649326096	0.014269265114771043	75.88506452720418
0.15863458062925678	0.021912170583429546	75.43733727764226
0.21118193392142123	0.017665469994865665	75.9657594260963
0.12169260176870586
0.11026225396150004
0.11228534273426265
0.13030642831086048
0.1501173206290262
0.1430792912081868	0.03894849205435273	76.0363352107808
0.15885902096314597	0.010270277779779976	75.58922634230348
0.07892925646653728	0.2245899999367401	0.006370910883270064	87.81121983778526	76.78439561139763
0.21285989135043096	0.0062627614962969804	75.5485661794821
0.2562375316271334	0.0721875634850985	76.11435092835396
0.12516633966936053	0.00957575549564236	76.17430216398895
0.13664640496644825	0.18063381516155458	0.005435201078471666	98.75667559119485	75.5107723477253
0.27589065315764416	0.11069387499107645	0.005432529582518131	126.26237632329754	75.43302974149834
0.17700259623529527	0.01753000736810222	75.63851879775225
0.1108602980196633	0.15187299989572836	0.02638927391541695	104.60432061118583	75.85586308305672
0.1444128605909963	0.02751454104894945	76.64051605661142
0.1303933941515433
0.1394538941262223
0.14387347336003103
0.1275976227001889	0.061972940684470616	75.35243644457027
0.15177732042519396	0.0365844888878349	76.29712106887833
0.14271488009145397	0.0597237856494941	76.34427230563713
0.22058409310853655
0.14325140921703308
0.12789396948970289	0.1003131120589997	122.92799285608756
0.1481258827124484	0.02310924323296906	75.87646780793993
0.14495881801676433
0.1164233365594972
0.10567441487822068
0.1120233017459146
0.1561958580989055	0.04120049658606736	72.2887106427145
0.09596348805892346
0.13046893328219905
0.10268032337083409
0.18108397873927928	0.05438319024927146	76.09594749333725
0.13289800954586367
0.10699352676743157
0.11428639587892851
0.1256149430602969
0.12015458958538021
0.09175588262114034
0.0794476353999036
0.13927654430230074	0.07357392262838847	76.7442805827918
0.12923760746621513
0.10590798228158642
0.45335155889604023	0.06629241433622061	124.87267462086825
0.8298934019775623	0.09889880209241933	129.34599419724313
2.0057383244724343	0.08621178460325786	128.68208068717146
1.2994421656633908	0.1212763015415387	128.8349921380597
0.0882118355179728
0.15191138396496529	0.054814178986094975	71.14924724258961
0.1398956914940458
0.10309491125244638
0.252359786650787	0.10318126042938934	126.94978533676617
0.12280020314999972
0.11346954314812019
0.16568454492158108	0.058663574656678256	75.53965353441949
0.15565039486789237
0.32805000588764993	0.13925713120997213	0.11827557286225428	122.67432331814118	108.83841638093736
0.14437530657037634	0.05861686545391792	74.59093281137095
0.10620421380560104
0.10860689464385069
0.13120446444877693
1.2740207354493036	0.21008723482422226	0.02687613442668056	129.0533968771324	76.09691259450474
0.6865985531478827	0.16973965412346595	0.013157886024369755	129.09074799384254	76.52596443103018
0.1265104817864499	0.037409254297365566	76.21956855106902
0.1070773319154131	0.014342839181679305	71.7243882520385
0.1335406922392873	0.026779221652722573	73.46759389034185
0.1890022638283071	0.027365145039043737	72.70386404028694
0.09337092401126756
0.09827245340573038
0.09989912659540587
0.11825798676573195
1.2317617634804765	0.15396786368455895	0.10602980183523372	129.1128305964632	116.95320026092412
0.30349658844685434	0.08575662420092875	128.899944138396
0.47558710327336845	0.09401343784687946	0.3331818348453267	118.84340041572516	66.89758096852182
0.14026714126424117
0.6907460369089977	0.1367134990601813	126.06091618475594
0.32061364710763524	0.11058851407667378	122.17306563204086
0.14523700532809183
0.34384876900200906	0.08228511730864245	123.412286417474
0.16822399461990525	0.011929721631123604	74.82008954657235
0.7828847776384183	0.16730152515159596	0.013795707397931317	127.68214704011108	75.21401608702764
0.36984845478903255	0.12637567716659134	0.012650313089943176	125.75628737301405	75.64345993718766
0.32005206350291304	0.12402031477929715	0.003193351328721644	118.4463941104756	74.94920952903445
0.19888515330320825	0.0008803843360110821	76.0577195090212
0.1889435996355849	0.0035427271390420243	76.74520240292453
0.14504715716880826	0.002222452441827842	75.75672558639563
0.13928421719852396	0.03504072007758451	76.01526732253375
0.2240165813296068	0.12033198751990892	125.52019533221835
0.2258377936751831	0.1174914753792969	121.58295899174435
0.10448369678059656
0.14134819546014396
0.12569420621082272
0.3001505432829853	0.08408842498582875	117.94805759239078
0.6182268889859358	0.1718283237920118	0.03382498641190864	123.76591143247597	75.85871173101413
0.2066651379556484	0.1378368659255886	0.048033855033151794	118.22142691294634	76.47643793254905
0.13988830837328106
0.20095382920132004	0.06881540251974015	80.37330308738659
0.11140043239718207	0.10003646239879664	74.40734764439613
0.13076098949160028
0.1868385472329614	0.06317737856841417	75.01020739767137
0.1811431070313209	0.03667817184078535	76.36286502383741
0.11927822300455289	0.019385802629391307	75.88486542626518
0.17461731344429932	0.02654342389755073	74.20225415952179
0.14092296729143552
0.5155729540146252	0.10799278328122525	123.80696652447125
0.7196078426410271	0.12489551172671182	126.97098712746957
0.6282153057782587	0.10876787758388529	123.89928323574823
1.3139808237689286	0.11701732911937672	0.013458007371207408	125.4678120932243	75.76761998167427
0.4788318142478899	0.15407172673496555	0.006019593079350573	125.86652366063295	75.76309627280162
0.1608477537024047	0.0017324115193229491	74.35721623492843
0.17925165636861504	0.0056805698945846285	76.59986919045713
0.13866228515819473	0.03810074389356385	74.36499184066976
0.21869738360422253	0.06182326798715256	80.06234485267304
0.11190503780686006
0.10535747571854572
0.11399626768902842
0.09637358966797281
0.2543615586693068	0.1365633046376932	0.03252142843316059	120.06364088794174	75.85338354053701
0.16049007653921105
0.11304101449058725
0.301817883910532	0.09453615309320641	127.68945487259222
0.1087182560465846
0.06907804274121393
0.13505824095388558	0.04857438978737718	70.23843623364509
0.11890171429858032	0.026367565309913042	75.65077692798478
0.16619507870258474	0.011647619543166093	73.21801634148775
0.09082444356906748
0.14803034556471023	0.2715691010962668	66.83533735599727
0.17770415690540825
0.10464609192654732
0.13639157870986338	0.12231296135872569	115.1697060867224
0.16813870792677946	0.11932645220330232	93.42302184576323
0.17316445987031248	0.009817029593449317	75.58953016731643
0.154562069221172	0.022635114279995698	76.1896114804478
0.14224916359779136
0.9154241743266244	0.08930239363286199	121.51833859048736
0.3217844572324726	0.10478473870263788	122.07165866094336
0.12905990816352617	0.042501685289621026	76.31142604986327
0.10748786375868204
0.11717049798625663
0.13147687091798083	0.08783396970800558	74.01278487341646
0.11427452605143291
0.17914475146799835	0.10135930455201687	125.0837100887699
0.08059410845971564
0.13859380736651297	0.005797032149858508	75.0605340454922
0.1788722933936764	0.020125128874889892	76.04713182440913
0.1088606972194119
0.20954001453824517	0.034021347023715544	76.17608613163755
0.13103227335329865	0.11284159223430697	122.4834777759819
0.3391245377765949	0.05579124598489737	0.07510231598279536	124.42886115109883	118.26231607585933
0.7181078317598052	0.1275154105282712	120.86259111217116
0.12066454955004424	0.031594612897939	76.62899263075072
0.19814592850815718	0.01706648018985068	74.97136377158797
0.19435966860982418	0.00904108237760172	75.07795573134689
0.2039919127274056	0.011641211099073486	75.77261624892614
0.1265651204182767	0.02465643102405144	74.94492132840551
0.2140321164109331	0.006214278947554894	76.10213723857927
0.1185359521229014	0.21686175177358435	0.033548001691686626	84.80006678773216	74.79432048821438
0.3343847255982332	0.09764044652929736	124.90014127533915
0.1339555583413285
0.10890964002770691
0.13637453832874644
2.0271655694817508	0.07242652937004335	129.25612440028962
0.5536206084961849	0.11413701581911066	124.90627941471699
0.40445476533842567	0.17368695533485431	126.26135168384604
0.1201502244118944
0.12719189118569024
0.435712004367122	0.025498066832313093	0.12481682506942736	120.6739354577287	102.4896603047323
0.18378302877956174	0.03320453475023516	75.29101498408816
0.08868298958152993	0.03641734197438754	74.37587616942696
0.07912855990232733	0.15798440101231137	0.015400365156818162	85.7686387615045	75.7515028102989
0.17624674596862233	0.028096146512738115	74.29279880897734
0.13002044977241933	0.02337015581137924	76.29275202268003
0.105364832343927	0.007388164664701913	76.80905921180288
0.48434942253919444	0.14283706988293632	0.22136624506256303	0.004399933473510936	122.43328766662307	95.13098727069003	75.79943829361763
0.155512785431502	0.006008274601608844	75.83243557429462
0.17222768621819795	0.013183972266722695	75.594054567512
0.13170459331640452	0.008102320835764157	75.88396028192196
0.23268367047068353	0.022680273764127297	76.28675561042446
0.15465001529721892	0.27147185718986533	0.03774807003386334	84.29087142646985	74.76587814805242
0.3628671683797477	0.10486776804323733	121.09704555875169
0.5999500062663953	0.10165417531224023	119.80711234380348
0.5279504089185488	0.08578788048059051	120.22487183968276
0.12990798779767357
1.080236247016704	0.13169969280027252	129.23168684142996
0.7115113306459133	0.1642382306110128	126.6164310152551
0.15704490551968023	0.02558772540738677	75.50581609230306
0.21038604040174644	0.012905900801502045	75.56183169096276
0.20333783273444714	0.03222585643987908	74.66834174936203
0.09333795674487527	0.20024265873703265	0.00857589331916139	113.05704785060637	75.33488704654131
0.15921131307584588	0.0057953641808612365	75.89001057267375
0.1374488242768095	0.017561283872196253	74.91396236599014
0.15435692947368973	0.011071731024679862	75.89560312636962
0.17202270384099702	0.006879479236222444	75.48184491947238
0.12427350846399945	0.005586739045849763	75.28474997159266
0.1563994745214608	0.0008513678868493023	75.29505612724317
0.11462349307678818	0.002549394301778532	76.04261457202716
0.10633478378677294	0.004030015444702097	75.08246133646341
0.17821067936015578	0.0038407846833932555	76.22544004751838
0.11922525419199295	0.0026050171633813404	73.61846094106586
0.11570609432811757	0.005713388040571376	74.78377220966976
0.14585762149997175	0.008007048391076577	76.22037412044611
0.44558027105190673	0.1511519567819943	0.007525403789470597	124.37745142014799	76.78907037001227
0.15103494730134973	0.01005208066556073	75.17374191674901
0.1825299794290048	0.009327910424773442	77.0276007366234
0.13231531281918604	0.011846970330164035	77.10686877731543
0.1411084317895285
0.15957076721803895	0.1659006656670665	0.03598901290154042	128.75553028743488	75.75661359271062
0.10368860344464806
0.11816320011744248
0.1436974703035303
0.10793346151421129
0.24459844047798562	0.08659996287010008	126.00208001787716
0.1216133494223316
0.1210351599561166	0.008807313148696176	76.59234308875024
0.14360900053791165	0.007127659284275071	76.09062241568408
0.16487632842048094	0.027434680280177093	73.9246578660586
0.09863069324544292
0.1078321790097737
0.11916625126162393
0.13386808890195034
0.10156929958705399
0.10499373851634602
0.09217268617468327
0.3073721926033443	0.12763441376977222	128.61127979986338
0.1249111606409817	0.09906340509955508	85.7921406111115
0.25090960729227646	0.12503351653783792	122.05660584287318
0.1537349866216971
0.12418880769703912	0.011404970326722576	76.135912616065
0.10551769138434593	0.012588051863468473	76.23662523259127
0.10963845865281696
0.115164884394157
0.09103942702610945	0.12094376187288788	66.7873871084312
0.11431594877203935	0.05804242715750292	76.50914363518163
0.8987725177639924	0.1744819611986504	0.021389746857160264	129.61294418476575	75.66313195072702
0.1212303700121113	0.007903102405481923	75.26879393414978
0.19781403394653427	0.012961057677104851	76.15255103013396
0.13528621219512682
0.1117197782049878
0.12274764551358076
0.14898935852075465
0.11619903349478752
0.2841749250432077	0.12739471066949512	125.02978020147124
0.16782841875991986	0.08440332406827011	77.23691510849652
0.20824936370275282	0.06244510790700357	80.20046634506019
0.14736373210935821
0.14205472978250042
0.20378563085555162	0.1535040518171402	0.012190560510245198	125.3101272429799	75.59983636164401
0.1798943719292222	0.024334331459303766	76.37847910434465
0.12608479593892247	0.04787306537859955	75.63395769993673
0.11339079729647353
0.10199049537713119
0.487780443418607	0.07863078491280372	122.52193831606812
0.6154242969024003	0.091251207611525	125.73335070412334
0.07337340093590598
0.12643294736504598
0.1147016604395755
0.6978536491149886	0.13083360016491644	123.53330373610997
0.44414004181259636	0.15199662356769	0.03241671841831644	123.36451461961514	74.49258908812911
0.565814383897447	0.12203135750590414	0.022405401869700733	121.45810427588401	72.85970332708177
0.16625203850440184	0.02552231488690093	75.5475636433274
0.38248144522278693	0.11506059502009938	128.51846261101258
0.1630519226690864	0.13188466632695028	0.34270141226865175	106.86360278059531	67.05143467895871
0.11977792910496897
0.10010384997883597
0.10353538194514732
0.08923144370454246
0.15851724470086823
0.1448115964622749
0.11543444431143797
0.25451289732146376	0.07953202544481376	121.43188596263788
0.1783784179566696	0.05951009763817104	76.16358219139164
0.16372406342920287	0.010180961873785312	74.83649918835582
0.131178888831839	0.02340157816705741	76.11693577849604
0.1636904002534598	0.01233797229217364	76.07449719199836
0.13553262120423157	0.003553201459132592	75.1364321693303
0.16441870211855092	0.003755142900711142	74.80476315166847
0.1738869931609698	0.00806378823047532	75.5350532052347
0.1342116375624849	0.005891274084692964	73.10446917165571
0.11431875143442911
0.1388961259629277
0.42862633088036584	0.10399325369720455	122.27151529019993
0.8267347910490197	0.11973775702824646	122.04052816570835
0.6067491168785891	0.12156808890184992	126.27847314866834
0.5197489632557185	0.11874004021950439	125.19130658149773
0.12809152960778677
0.1218389259018976
0.15511824859477463	0.08210980681162532	76.19227437237119
0.1596981990517492	0.03409364138871007	71.96273851202864
0.12987341872940195	0.013355002362456783	76.97404419841001
0.11162034415061307
0.11278225327040896
0.12074407883839203
0.10011597932371091
0.3149026915012071	0.11817147054969229	125.40570498141842
0.465475404163402	0.0901039590193179	127.66846878142223
0.3151937394637564	0.11697131370582738	123.92443321423005
0.16266310994403496	0.020821631471571178	74.61516043639747
0.14289999578878504	0.1394373495546023	0.011745120676358628	119.35622997510035	75.49466227093464
0.14869114929401858	0.01073258717119373	75.4107623666818
0.14502600881331695
0.12542588081300915
0.17151413666612905
0.177991228355863
0.12197607185229088
0.15357407511270985	0.2598777507991503	0.021682464221987437	89.18051635749632	75.95506520736318
0.24959293658577986	0.09375166058262127	120.37179073434051
0.1577703558386595	0.014235779875669352	73.82159334752745
0.15836974205751825	0.005221910073065862	75.92892618688921
0.18474455777508692	0.0012759939442669058	75.58513979005498
0.18438603610640183	0.0024450980328881385	75.43637578847101
1.0037885945029446	0.1506036720705687	0.013296904500737287	121.35029808340572	74.76769397814668
0.32308831180811987	0.12166159427837386	125.90756273819713
0.13781574605626762
0.3594909950968022	0.07293122675804692	120.7528190735657
0.07641088585707467
0.12367443601587606
0.11601366350660436
0.5357108415072962	0.1428285946191281	0.014507649304399994	129.3199923952851	76.20668261811313
0.163811556218992	0.010737308170764273	74.39899908007949
0.20531992738305874	0.016328526413023303	75.79332307354767
0.20536385660168918	0.018165325888724	75.93453360878172
0.2682585093037209	0.13713641927393785	0.014659375875992113	125.58725948366562	75.06074144589724
0.13541401618464796	0.01884695943839927	75.75373190900618
0.5325487549077688	0.11947605687704047	124.31020070808694
0.715950894354533	0.09282277195341546	122.84649707355516
0.09128936347934533
0.08669478708990624
0.19121953343771952	0.0026716251179432927	74.92708269153657
0.13084120544264827	0.002481605931757035	68.8293299225317
0.15661376674632874	0.00215985472936051	76.6163134677646
0.20720620573990395	0.011548315079269485	75.99327532413817
0.14003149148556576	0.01138887009875344	75.51820360742593
0.20043147485711535	0.00351146301590489	76.30173987946513
0.13059904957147095	0.01460130417999171	75.48174112402484
0.16649753957210217	0.1366208274212194	0.014992219938245793	119.13083248067136	76.57083039204238
0.2878675222099411	0.0222027803961506	0.19474216653597873	0.020936733981085434	122.75437465487508	100.43890063934775	75.70771490892575
0.17632375136470005	0.012382907594089521	76.8676370313624
0.16126471782746027	0.011707202314394762	74.70802415020475
1.2582192709083853	0.16550798897084673	0.006068891808671012	126.56296743511489	74.54301048761022
0.1901321267758836	0.007599178641516668	75.66029314614435
0.13981894651488463	0.004027569099503556	75.7893378704058
0.15690096567903722	0.002070850661344611	75.73845223294616
0.13596551943671376	0.12340049057179779	0.0014200972075925178	115.34894779016531	76.0407929491656
0.19273701390380762	0.0037061156368774217	76.43621583625126
0.15777542749208176	0.006102581829392898	75.82578871028272
0.20699454692970168	0.03028719764924775	75.55152062207645
0.15736266854017367	0.00858239653661234	75.26087275689775
0.14861638906461805	0.03901741140579397	75.68339867706321
0.20312056032079265	0.10388912583961182	120.03113110999371
0.1858604495827981	0.033000843978576624	76.62044732174736
0.181483197502917	0.016881238679046423	76.12673194471039
0.16086719808051184	0.025416529159257076	76.10918077508664
0.16546564417880097	0.12133226350615794	126.4221882375023
0.13331282224979563
0.11853966144792641
0.13581705549477405
0.1256438890840598
0.11921137508939082
0.0858299344575794
0.1382300315309546
0.11182614250760102
0.1388260655751059
0.11610283006650546
0.12572383536240253	0.05284320078719608	75.34463928107922
0.18487149041229162	0.06605236278881356	77.34287297194763
0.1916506005050404	0.1472991725842685	117.03046929567306
0.1459440583805175
0.34829652927195015	0.11912129724387893	119.23965002452697
0.12231936523969329
0.11672817099470865
0.5422736240440297	0.08716477234417583	119.83550633479021
0.3461030791852185	0.08887463467562616	126.83191888505388
0.144501315750988	0.014704030115949354	76.08795503769912
0.18826823179373958	0.023053257831762052	75.62691467024908
0.6497960425288754	0.15640617294447498	0.026079082434380552	123.12827197124334	75.0572440108369
0.14521178799665527	0.16111222943089673	0.00852868394693541	103.39070508840794	75.39899234393674
0.6262299320027608	0.1750927790359087	0.03329120365712063	125.50084067095887	74.77966568646298
0.14408994612384637	0.016750908815772948	76.14284387325162
0.16845749425811424	0.009687686038115303	75.2899789427268
0.13348260429475461	0.0012187350195356393	76.18501772547813
0.15450359133955444	0.0014945564434122609	76.0598254631971
0.16451822894379012	0.01011226684698506	76.80034213959884
0.19801376249822658	0.007734899769759394	76.28102524329384
0.20188654524563493	0.018595490777419458	75.89158949682138
0.5350118560459353	0.15250175671529506	0.009050793608873899	125.95761479715782	75.52601316395234
0.14747308518157223	0.026664635192260276	74.34050938631391
0.7371941338019686	0.09098313342451485	125.76550623264882
0.1182949670560508
0.1412587089701223
0.16463640839618118
0.23622497744492485	0.1359703847548141	121.31856537589438
0.13692350793690228
0.12494357764647257
0.15469703026523027
0.10812292873945026
0.12160147486090968
0.16428809744522038	0.0759549519001995	81.80600556129717
0.1678195857005888	0.08324069410256954	86.34510953741253
0.08541448608916473
0.14250591346679217
0.1001446449513218
0.10513221939197588
0.09791266607357939
0.08719117826612384
0.13282952855352534
0.11863125587189857	0.07521149218797657	83.79282215261878
0.13747422139221888	0.021510643846104457	75.96036628416519
0.10349839963080279	0.021071609128314857	74.59425281051817
0.16720220008415806	0.055633204102953936	75.97095486757914
0.09966090787267753
0.1587766851952568
0.11063837474573772
0.5482833834126868	0.13569125333950918	121.6342735594658
0.4984794693879243	0.13183774492143488	125.2260780074247
1.2545117650738409	0.13105721089837827	129.88173951752702
0.1220285755337113	0.03715803102591802	74.9967318061326
0.15985000557813012	0.027286219374992197	74.78338272935184
0.09805221780312257	0.0068945447304925985	75.71106839077903
0.11643345753642152	0.01496994034308735	75.9582547005072
0.19168441763894012	0.017319335769185384	76.21536346871214
0.10780157308787368	0.014261969336281764	75.20892607640997
0.13222327316417573	0.046356458744986534	76.17280525122216
0.46272305279877035	0.13795521668696623	0.018372023339036286	128.08758048462863	75.79405778815823
0.4538905066090763	0.13942959941314925	0.016291962138355515	127.10872569979277	76.30040940296286
0.19950205912578822	0.01681820100286111	76.2649760334433
0.19323730905468633	0.010852728021899901	74.62394964148422
0.22734082672575184	0.006361509795111778	74.79236211178134
0.1868356327796903	0.014541347720522693	75.69520073801726
0.19187299855960965	0.09180857372717419	122.94634319997012
0.15009835831074653
0.1879093927945564	0.09665029979451283	95.17863552714192
0.15080240623897526	1.0229600091582278	0.06405412925906373	84.45664453621583	82.80106220002631
0.4042267012492598	0.1082740929684354	0.5817144995943494	0.03417738602862756	120.46704043068422	84.63666541723067	80.12208274877807
0.37419977641246605	0.056242020776473924	0.31436112048595916	0.044390928780904636	120.2776990261901	85.89615046731667	80.91521856176232
0.19708923002434606	0.10755817688388322	71.60037198852571
0.15810137286472822
0.13307993897432965
0.5739593688454255	0.11415349743427582	126.25597545193482
0.14553768601258513	0.0553184747332733	77.2913469940899
0.1405310767037509	0.006788756772743774	74.83000204036915
0.15138206757640232	0.015369286252885053	76.17152614804677
0.11406712561061719
0.10203016443939134
0.0964987545423154
0.9039996606353636	0.12753217504090292	0.033213078409598674	126.77897471352856	75.33929041769
0.10897051313223806
0.1910317050282209	0.0432438053387417	75.40559836114781
0.11248984949908257
0.17698420605081083	0.0957896033554868	77.75629365681084
0.09998296547958643
0.39600778213430754	0.1269586696842241	128.52158138280836
0.13219479675055354
0.9637907845951387	0.12802947695711658	0.11536455940194214	0.08252068146592874	127.51950126833343	111.4762820563742	77.65120931603334
2.3180165394793004	0.12202456759827417	129.99166075924418
0.48923273079728136	0.12365510407646828	0.015339892642549964	128.47012519047988	74.7612354578789
0.18640242156338993	0.014196278518045733	76.66282935710139
0.09377303945015648
0.11127957282534871
0.10029688021224115
0.1483893351067264
0.14124295116631203
0.10491467078447063
0.10776342598623313
0.1473857428339442	0.010509602383635153	76.1155093526861
0.16725439884762547	0.01536434730352937	75.62982888811682
0.21428717551232576	0.01488131985307137	76.27439500668685
0.15071515704853822	0.01368246022484785	75.36378615519291
0.17198699332450784	0.0081072859170121	76.12662881805798
0.20435405923567046	0.003177656973881832	76.11646409365035
0.08990133890361275	0.22676804298734868	0.009116778647758433	85.26794957030022	75.33921458716186
0.18552210055303522	0.10465004633999946	81.76669930261568
0.12415668037620142
0.2003854017939971	0.08110168026343927	111.08049934011633
0.10076619959284507
0.18066097069057063	0.011207201129153483	76.00361890935604
0.16057851932615747	0.006320644100202021	75.45876496391206
0.17047486504016307	0.01020788917525253	76.26800357407038
0.16127365441993224	0.004868141443858929	73.28600116201919
0.1479838485809546	0.004501688079061243	76.11010281270147
0.17603992349840653	0.004293258119521736	76.26095566231261
0.3676112617420924	0.2420588319438562	0.12658385965356084	0.0058325004844091	127.96429926361279	116.11001286587008	75.4754925962133
0.16064743825390354	0.010945443340744565	76.17818430300146
0.2689280471725464	0.06419178582416135	126.60154437095329
0.11729420568138038	0.01068884996826283	74.72611869609891
0.1650032807786367	0.008364480022664258	76.37535107242383
0.12510366752829088	0.03007667245341759	75.20067244844655
0.13487544409303434	0.010263305822221947	76.55914484201186
0.14947639757899797	0.009888468638850128	75.90685721130623
0.1414862035289684	0.023986384321169566	75.17353522735027
0.12112721364589274
0.18112529615050704	0.030243728005408123	74.94209846311483
0.15907596882950248
0.16403034732883476	0.08053203298550572	96.66959711931679
0.14551054721769943	0.010279090514501358	74.46459869042289
0.386172024083692	0.1451298283033972	0.0030999351344730528	124.15712996370645	76.86284589575314
0.14069333190600894	0.007202695369229769	75.80514782464677
0.10042816521192675	0.2700894559797655	0.004651345514291206	87.61830366502527	76.3701892589644
0.16620777670242878	0.0012874877929195004	76.14054953188288
0.1267636224588315	0.0006730817370319144	75.760110950531
0.1610376424788766	0.0015236090240578703	76.2315327060483
0.14061842885133344	0.00901370947418123	74.55715151237888
0.3120781413371327	0.1712227242690484	0.002899578459733415	120.92664443266919	75.93982859919117
0.14827002061340835	0.010604679996981971	75.7960372445312
0.18529958474899308	0.01633652018646902	76.46973772877212
0.14952304189606894	0.00983729139143165	76.06466809095342
0.23130818055636612	0.007299785630381472	76.52247691492629
0.5343415414104543	0.184354808880275	0.0036855896528453667	121.54860722369622	75.59238353177805
0.16821569566937503	0.01786461163595299	76.00627244727352
0.10576345783107574	0.002397184791030763	75.71677704292358
0.18601570969719602	0.006719843686792086	76.14331129241987
0.19253955536416584	0.010846057330020527	75.50190735757933
0.1229403453544547	0.015476481874922381	76.47314170265899
0.11283481881798414	0.025061719814650545	74.18013795940843
0.1951220720817346	0.025748552180377665	76.28937404709423
0.13300605308817784	0.025304572795851892	76.30632718652954
0.12879624834492467
0.11289767499205604
0.12329544142929237
0.1203331594868221
0.11213126569228228
0.14923250825612536
0.1277072494991473
0.11730606788403034
0.18525852898213876	0.04663068485843509	75.0570216445403
0.12907323627854955
0.28630772030775153	0.1103814243794904	119.92281349050823
0.11865635954781455
0.1286360704196649
0.27006590843976214	0.07890251130623278	127.69923659433798
0.11182255748887086
0.6126233113739828	0.09748793827524653	121.70412168419402
0.4083602316672082	0.06747955919911064	124.95353980411491
0.6354637682687608	0.10693448159597158	127.27882714972604
0.6884828129597798	0.12346054583750413	126.37940024222992
0.08982910529010348
0.12174376181786735
0.07360098353680009
0.11659082993694
0.08742510460243262
0.09654508376714122
0.09275996086558946
0.13682860187458973
0.15504724116301713	0.056791110749864974	74.87726798339325
0.3914668558991733	0.25927199480321683	0.10117034881320926	128.7947984360813	122.8275349517048
0.11276785468937708	0.3837480687172047	67.11071038052064
0.12196784222034625
0.17339351094863154
0.191232930162896	0.04714570652637315	0.07300080352010453	80.72447132294953	67.36800901673422
0.14462533239874273	0.007476941040586609	75.12395221034298
0.17341551977990338	0.026739181475438054	75.5004798737845
0.16811036977024932	0.04480179219841755	76.26105854967042
0.13629171367462925
0.1404149731353904
0.09992741785182134
0.14236389073933686	0.04205409924872898	76.26801629943394
0.16771517110365927	0.015587030046469465	75.90143033449465
0.14130343162687242	0.010317928064924608	75.36069482658124
0.16498296173037325	0.022161130574193215	75.13439066069024
0.10458098160757788
0.45775787298270293	0.09560282675061814	121.11627388267725
1.415625964563198	0.14811620117381638	128.89217869465034
0.13796976550651743
0.11828896643088348
0.1916434174737188	0.03690527442407626	74.6844536777627
0.15425855638113695	0.010756343778310947	76.27187801686811
0.14491878463721664	0.019662752355005638	73.61748349400374
0.3977453813465636	0.48204701245639536	0.11362901278375713	0.016821010103415242	129.57946992911647	124.7828331779594	76.02232086750787
0.10881128676092003
0.09372190057503954
0.11561968224522158	0.05011300390839093	73.64208782623929
0.2803955539065699	0.03581540820792854	75.37044920876839
0.20762918178566567	0.026404916993128122	75.9959377065876
0.1778837261217363	0.02744623522979776	76.00757247775059
0.13249998744738475	0.025750511458530148	75.31461459992627
0.11964109017678197	0.04460336786382617	76.17402531170865
0.16638591355605792
0.1498903179102579	0.07099540681223238	78.07700231865012
0.13909791746116443	0.12893156213071283	73.48128349739096
0.17662785143723764	0.05294765989884168	74.5526614671204
0.17170346686694182
0.09494654145396185
0.1258508796918672	0.04482000201273432	75.9992986660777
0.6134729888955406	0.12345853298749551	0.13003634110651194	0.017404341036153757	129.11554357830926	103.7417299848283	75.32437964191622
0.5801733941020906	0.12811448629952926	0.0061724038724835974	126.97025518682638	76.23808285361984
0.15047198182798427	0.2404255196216985	0.025106368793411223	77.26061583365184	76.24444677664799
0.12597370816966208
0.06517778907594862
0.12278652553241373	0.11818299931772853	79.55299744396385
0.4367277802139302	0.14391803989759105	0.08469939101751187	126.85639285821175	76.08491436038209
0.09541367835193627
0.11669331236564734
0.1004157635083411
0.128767423385701	0.06115261259811448	76.61956972956635
0.2663945589120986	0.10947092570558142	118.65681193352337
0.14733213200380932
0.2523135262198576	0.09252746790694763	119.20189285956766
0.08920247197881176
0.07985068340315779
0.12271653199071067
0.10269719161863787
0.17974241864959456	0.04444856938468612	74.32353429526496
0.12509797498914382	0.007489250341855697	75.3736284057048
0.11179226355090374	0.01781996807183653	76.688705903541
0.16731139029735695	0.008237573880056203	75.7386837119109
0.1681946831961951	0.023072268051836178	76.57672279011064
